[0.033s] Invoking command in '/home/kortex_ws/build/steering_controllers_library': CMAKE_PREFIX_PATH=/home/kortex_ws/install/controller_manager:/home/kortex_ws/install/controller_interface:/home/kortex_ws/install/hardware_interface:/home/kortex_ws/install/ros2_control_test_assets:/home/kortex_ws/install/controller_manager_msgs:/home/kortex_ws/install/control_msgs:/home/kortex_ws/install/kortex_bringup:/home/kortex_ws/install/kinova_gen3_7dof_robotiq_2f_85_moveit_config:/home/kortex_ws/install/kinova_gen3_6dof_robotiq_2f_85_moveit_config:/home/kortex_ws/install/kortex_description:/home/kortex_ws/install/robotiq_description:/home/kortex_ws/install/ros2_controllers:/home/kortex_ws/install/velocity_controllers:/home/kortex_ws/install/tricycle_steering_controller:/home/kortex_ws/install/tricycle_controller:/home/kortex_ws/install/ros2_control:/home/kortex_ws/install/transmission_interface:/home/kortex_ws/install/bicycle_steering_controller:/home/kortex_ws/install/ackermann_steering_controller:/home/kortex_ws/install/steering_controllers_library:/home/kortex_ws/install/robotiq_hardware_tests:/home/kortex_ws/install/robotiq_driver:/home/kortex_ws/install/serial:/home/kortex_ws/install/hardware_interface_testing:/home/kortex_ws/install/robotiq_controllers:/home/kortex_ws/install/range_sensor_broadcaster:/home/kortex_ws/install/position_controllers:/home/kortex_ws/install/picknik_twist_controller:/home/kortex_ws/install/picknik_reset_fault_controller:/home/kortex_ws/install/kortex_driver:/home/kortex_ws/install/kortex_api:/home/kortex_ws/install/admittance_controller:/home/kortex_ws/install/joint_trajectory_controller:/home/kortex_ws/install/joint_state_broadcaster:/home/kortex_ws/install/joint_limits:/home/kortex_ws/install/imu_sensor_broadcaster:/home/kortex_ws/install/gripper_controllers:/home/kortex_ws/install/effort_controllers:/home/kortex_ws/install/forward_command_controller:/home/kortex_ws/install/force_torque_sensor_broadcaster:/home/kortex_ws/install/diff_drive_controller:/home/kortex_ws/install/rqt_joint_trajectory_controller:/home/kortex_ws/install/rqt_controller_manager:/home/kortex_ws/install/ros2controlcli:/home/kortex_ws/install/ros2_controllers_test_nodes:/opt/ros/humble LD_LIBRARY_PATH=/home/kortex_ws/install/controller_manager/lib:/home/kortex_ws/install/controller_interface/lib:/home/kortex_ws/install/hardware_interface/lib:/home/kortex_ws/install/controller_manager_msgs/lib:/home/kortex_ws/install/control_msgs/lib:/home/kortex_ws/install/velocity_controllers/lib:/home/kortex_ws/install/tricycle_steering_controller/lib:/home/kortex_ws/install/tricycle_controller/lib:/home/kortex_ws/install/transmission_interface/lib:/home/kortex_ws/install/bicycle_steering_controller/lib:/home/kortex_ws/install/ackermann_steering_controller/lib:/home/kortex_ws/install/steering_controllers_library/lib:/home/kortex_ws/install/robotiq_driver/lib:/home/kortex_ws/install/serial/lib:/home/kortex_ws/install/hardware_interface_testing/lib:/home/kortex_ws/install/robotiq_controllers/lib:/home/kortex_ws/install/range_sensor_broadcaster/lib:/home/kortex_ws/install/position_controllers/lib:/home/kortex_ws/install/picknik_twist_controller/lib:/home/kortex_ws/install/picknik_reset_fault_controller/lib:/home/kortex_ws/install/kortex_driver/lib:/home/kortex_ws/install/admittance_controller/lib:/home/kortex_ws/install/joint_trajectory_controller/lib:/home/kortex_ws/install/joint_state_broadcaster/lib:/home/kortex_ws/install/imu_sensor_broadcaster/lib:/home/kortex_ws/install/gripper_controllers/lib:/home/kortex_ws/install/effort_controllers/lib:/home/kortex_ws/install/forward_command_controller/lib:/home/kortex_ws/install/force_torque_sensor_broadcaster/lib:/home/kortex_ws/install/diff_drive_controller/lib:/opt/ros/humble/opt/rviz_ogre_vendor/lib:/opt/ros/humble/lib/x86_64-linux-gnu:/opt/ros/humble/lib /usr/bin/cmake /home/kortex_ws/src/ros2_controllers/steering_controllers_library -DCMAKE_BUILD_TYPE=Release -DCMAKE_INSTALL_PREFIX=/home/kortex_ws/install/steering_controllers_library
[0.108s] -- The CXX compiler identification is GNU 11.4.0
[0.119s] -- Detecting CXX compiler ABI info
[0.214s] -- Detecting CXX compiler ABI info - done
[0.219s] -- Check for working CXX compiler: /usr/bin/c++ - skipped
[0.219s] -- Detecting CXX compile features
[0.220s] -- Detecting CXX compile features - done
[0.225s] -- Found ament_cmake: 1.3.8 (/opt/ros/humble/share/ament_cmake/cmake)
[0.373s] -- Found Python3: /usr/bin/python3 (found version "3.10.12") found components: Interpreter 
[0.502s] -- Found backward_ros: 1.0.2 (/opt/ros/humble/share/backward_ros/cmake)
[0.512s] -- Found libdw: /usr/lib/x86_64-linux-gnu/libdw.so  
[0.519s] -- Could NOT find libbfd (missing: LIBBFD_LIBRARY LIBBFD_INCLUDE_DIR) 
[0.519s] -- BACKWARD_HAS_UNWIND=1
[0.519s] -- BACKWARD_HAS_BACKTRACE=0
[0.520s] -- BACKWARD_HAS_BACKTRACE_SYMBOL=0
[0.520s] -- BACKWARD_HAS_DW=1
[0.520s] -- BACKWARD_HAS_BFD=0
[0.520s] -- Found Backward: /opt/ros/humble/share/backward_ros/cmake  
[0.521s] -- Found control_msgs: 4.5.0 (/home/kortex_ws/install/control_msgs/share/control_msgs/cmake)
[0.584s] -- Found rosidl_generator_c: 3.1.5 (/opt/ros/humble/share/rosidl_generator_c/cmake)
[0.595s] -- Found rosidl_adapter: 3.1.5 (/opt/ros/humble/share/rosidl_adapter/cmake)
[0.611s] -- Found rosidl_generator_cpp: 3.1.5 (/opt/ros/humble/share/rosidl_generator_cpp/cmake)
[0.631s] -- Using all available rosidl_typesupport_c: rosidl_typesupport_fastrtps_c;rosidl_typesupport_introspection_c
[0.660s] -- Using all available rosidl_typesupport_cpp: rosidl_typesupport_fastrtps_cpp;rosidl_typesupport_introspection_cpp
[1.103s] -- Found controller_interface: 2.41.0 (/home/kortex_ws/install/controller_interface/share/controller_interface/cmake)
[1.277s] -- Found rmw_implementation_cmake: 6.1.1 (/opt/ros/humble/share/rmw_implementation_cmake/cmake)
[1.284s] -- Found rmw_cyclonedds_cpp: 1.3.4 (/opt/ros/humble/share/rmw_cyclonedds_cpp/cmake)
[1.328s] -- Using RMW implementation 'rmw_cyclonedds_cpp' as default
[1.348s] -- Looking for C++ include pthread.h
[1.467s] -- Looking for C++ include pthread.h - found
[1.467s] -- Performing Test CMAKE_HAVE_LIBC_PTHREAD
[1.586s] -- Performing Test CMAKE_HAVE_LIBC_PTHREAD - Success
[1.587s] -- Found Threads: TRUE  
[1.786s] -- Found generate_parameter_library: 0.3.8 (/opt/ros/humble/share/generate_parameter_library/cmake)
[1.791s] -- Found parameter_traits: 0.3.8 (/opt/ros/humble/share/parameter_traits/cmake)
[1.840s] -- Found nav_msgs: 4.2.3 (/opt/ros/humble/share/nav_msgs/cmake)
[1.910s] -- Found realtime_tools: 2.5.0 (/opt/ros/humble/share/realtime_tools/cmake)
[1.953s] -- Found std_srvs: 4.2.3 (/opt/ros/humble/share/std_srvs/cmake)
[1.974s] -- Found tf2: 0.25.6 (/opt/ros/humble/share/tf2/cmake)
[1.986s] -- Found tf2_msgs: 0.25.6 (/opt/ros/humble/share/tf2_msgs/cmake)
[2.085s] -- Found tf2_geometry_msgs: 0.25.6 (/opt/ros/humble/share/tf2_geometry_msgs/cmake)
[2.105s] -- Found eigen3_cmake_module: 0.1.1 (/opt/ros/humble/share/eigen3_cmake_module/cmake)
[2.107s] -- Found Eigen3: TRUE (found version "3.4.0") 
[2.107s] -- Ensuring Eigen3 include directory is part of orocos-kdl CMake target
[2.228s] -- Found ackermann_msgs: 2.0.2 (/opt/ros/humble/share/ackermann_msgs/cmake)
[2.402s] -- Found ament_cmake_gmock: 1.3.8 (/opt/ros/humble/share/ament_cmake_gmock/cmake)
[2.402s] -- Found controller_manager: 2.41.0 (/home/kortex_ws/install/controller_manager/share/controller_manager/cmake)
[2.566s] -- Found ros2_control_test_assets: 2.41.0 (/home/kortex_ws/install/ros2_control_test_assets/share/ros2_control_test_assets/cmake)
[2.571s] -- Found gmock sources under '/opt/ros/humble/src/gmock_vendor': C++ tests using 'Google Mock' will be built
[2.612s] -- The C compiler identification is GNU 11.4.0
[2.620s] -- Detecting C compiler ABI info
[2.719s] -- Detecting C compiler ABI info - done
[2.724s] -- Check for working C compiler: /usr/bin/cc - skipped
[2.725s] -- Detecting C compile features
[2.725s] -- Detecting C compile features - done
[2.735s] -- Found ament_cmake_gtest: 1.3.8 (/opt/ros/humble/share/ament_cmake_gtest/cmake)
[2.736s] -- Found gtest sources under '/opt/ros/humble/src/gtest_vendor': C++ tests using 'Google Test' will be built
[2.863s] -- Found gmock sources under '/opt/ros/humble/src/gmock_vendor': C++ tests using 'Google Mock' will be built
[2.863s] -- Found ament_cmake_gtest: 1.3.8 (/opt/ros/humble/share/ament_cmake_gtest/cmake)
[2.863s] -- Found gtest sources under '/opt/ros/humble/src/gtest_vendor': C++ tests using 'Google Test' will be built
[2.920s] -- Configuring done
[2.980s] -- Generating done
[2.983s] -- Build files have been written to: /home/kortex_ws/build/steering_controllers_library
[2.997s] Invoked command in '/home/kortex_ws/build/steering_controllers_library' returned '0': CMAKE_PREFIX_PATH=/home/kortex_ws/install/controller_manager:/home/kortex_ws/install/controller_interface:/home/kortex_ws/install/hardware_interface:/home/kortex_ws/install/ros2_control_test_assets:/home/kortex_ws/install/controller_manager_msgs:/home/kortex_ws/install/control_msgs:/home/kortex_ws/install/kortex_bringup:/home/kortex_ws/install/kinova_gen3_7dof_robotiq_2f_85_moveit_config:/home/kortex_ws/install/kinova_gen3_6dof_robotiq_2f_85_moveit_config:/home/kortex_ws/install/kortex_description:/home/kortex_ws/install/robotiq_description:/home/kortex_ws/install/ros2_controllers:/home/kortex_ws/install/velocity_controllers:/home/kortex_ws/install/tricycle_steering_controller:/home/kortex_ws/install/tricycle_controller:/home/kortex_ws/install/ros2_control:/home/kortex_ws/install/transmission_interface:/home/kortex_ws/install/bicycle_steering_controller:/home/kortex_ws/install/ackermann_steering_controller:/home/kortex_ws/install/steering_controllers_library:/home/kortex_ws/install/robotiq_hardware_tests:/home/kortex_ws/install/robotiq_driver:/home/kortex_ws/install/serial:/home/kortex_ws/install/hardware_interface_testing:/home/kortex_ws/install/robotiq_controllers:/home/kortex_ws/install/range_sensor_broadcaster:/home/kortex_ws/install/position_controllers:/home/kortex_ws/install/picknik_twist_controller:/home/kortex_ws/install/picknik_reset_fault_controller:/home/kortex_ws/install/kortex_driver:/home/kortex_ws/install/kortex_api:/home/kortex_ws/install/admittance_controller:/home/kortex_ws/install/joint_trajectory_controller:/home/kortex_ws/install/joint_state_broadcaster:/home/kortex_ws/install/joint_limits:/home/kortex_ws/install/imu_sensor_broadcaster:/home/kortex_ws/install/gripper_controllers:/home/kortex_ws/install/effort_controllers:/home/kortex_ws/install/forward_command_controller:/home/kortex_ws/install/force_torque_sensor_broadcaster:/home/kortex_ws/install/diff_drive_controller:/home/kortex_ws/install/rqt_joint_trajectory_controller:/home/kortex_ws/install/rqt_controller_manager:/home/kortex_ws/install/ros2controlcli:/home/kortex_ws/install/ros2_controllers_test_nodes:/opt/ros/humble LD_LIBRARY_PATH=/home/kortex_ws/install/controller_manager/lib:/home/kortex_ws/install/controller_interface/lib:/home/kortex_ws/install/hardware_interface/lib:/home/kortex_ws/install/controller_manager_msgs/lib:/home/kortex_ws/install/control_msgs/lib:/home/kortex_ws/install/velocity_controllers/lib:/home/kortex_ws/install/tricycle_steering_controller/lib:/home/kortex_ws/install/tricycle_controller/lib:/home/kortex_ws/install/transmission_interface/lib:/home/kortex_ws/install/bicycle_steering_controller/lib:/home/kortex_ws/install/ackermann_steering_controller/lib:/home/kortex_ws/install/steering_controllers_library/lib:/home/kortex_ws/install/robotiq_driver/lib:/home/kortex_ws/install/serial/lib:/home/kortex_ws/install/hardware_interface_testing/lib:/home/kortex_ws/install/robotiq_controllers/lib:/home/kortex_ws/install/range_sensor_broadcaster/lib:/home/kortex_ws/install/position_controllers/lib:/home/kortex_ws/install/picknik_twist_controller/lib:/home/kortex_ws/install/picknik_reset_fault_controller/lib:/home/kortex_ws/install/kortex_driver/lib:/home/kortex_ws/install/admittance_controller/lib:/home/kortex_ws/install/joint_trajectory_controller/lib:/home/kortex_ws/install/joint_state_broadcaster/lib:/home/kortex_ws/install/imu_sensor_broadcaster/lib:/home/kortex_ws/install/gripper_controllers/lib:/home/kortex_ws/install/effort_controllers/lib:/home/kortex_ws/install/forward_command_controller/lib:/home/kortex_ws/install/force_torque_sensor_broadcaster/lib:/home/kortex_ws/install/diff_drive_controller/lib:/opt/ros/humble/opt/rviz_ogre_vendor/lib:/opt/ros/humble/lib/x86_64-linux-gnu:/opt/ros/humble/lib /usr/bin/cmake /home/kortex_ws/src/ros2_controllers/steering_controllers_library -DCMAKE_BUILD_TYPE=Release -DCMAKE_INSTALL_PREFIX=/home/kortex_ws/install/steering_controllers_library
[2.998s] Invoking command in '/home/kortex_ws/build/steering_controllers_library': CMAKE_PREFIX_PATH=/home/kortex_ws/install/controller_manager:/home/kortex_ws/install/controller_interface:/home/kortex_ws/install/hardware_interface:/home/kortex_ws/install/ros2_control_test_assets:/home/kortex_ws/install/controller_manager_msgs:/home/kortex_ws/install/control_msgs:/home/kortex_ws/install/kortex_bringup:/home/kortex_ws/install/kinova_gen3_7dof_robotiq_2f_85_moveit_config:/home/kortex_ws/install/kinova_gen3_6dof_robotiq_2f_85_moveit_config:/home/kortex_ws/install/kortex_description:/home/kortex_ws/install/robotiq_description:/home/kortex_ws/install/ros2_controllers:/home/kortex_ws/install/velocity_controllers:/home/kortex_ws/install/tricycle_steering_controller:/home/kortex_ws/install/tricycle_controller:/home/kortex_ws/install/ros2_control:/home/kortex_ws/install/transmission_interface:/home/kortex_ws/install/bicycle_steering_controller:/home/kortex_ws/install/ackermann_steering_controller:/home/kortex_ws/install/steering_controllers_library:/home/kortex_ws/install/robotiq_hardware_tests:/home/kortex_ws/install/robotiq_driver:/home/kortex_ws/install/serial:/home/kortex_ws/install/hardware_interface_testing:/home/kortex_ws/install/robotiq_controllers:/home/kortex_ws/install/range_sensor_broadcaster:/home/kortex_ws/install/position_controllers:/home/kortex_ws/install/picknik_twist_controller:/home/kortex_ws/install/picknik_reset_fault_controller:/home/kortex_ws/install/kortex_driver:/home/kortex_ws/install/kortex_api:/home/kortex_ws/install/admittance_controller:/home/kortex_ws/install/joint_trajectory_controller:/home/kortex_ws/install/joint_state_broadcaster:/home/kortex_ws/install/joint_limits:/home/kortex_ws/install/imu_sensor_broadcaster:/home/kortex_ws/install/gripper_controllers:/home/kortex_ws/install/effort_controllers:/home/kortex_ws/install/forward_command_controller:/home/kortex_ws/install/force_torque_sensor_broadcaster:/home/kortex_ws/install/diff_drive_controller:/home/kortex_ws/install/rqt_joint_trajectory_controller:/home/kortex_ws/install/rqt_controller_manager:/home/kortex_ws/install/ros2controlcli:/home/kortex_ws/install/ros2_controllers_test_nodes:/opt/ros/humble LD_LIBRARY_PATH=/home/kortex_ws/install/controller_manager/lib:/home/kortex_ws/install/controller_interface/lib:/home/kortex_ws/install/hardware_interface/lib:/home/kortex_ws/install/controller_manager_msgs/lib:/home/kortex_ws/install/control_msgs/lib:/home/kortex_ws/install/velocity_controllers/lib:/home/kortex_ws/install/tricycle_steering_controller/lib:/home/kortex_ws/install/tricycle_controller/lib:/home/kortex_ws/install/transmission_interface/lib:/home/kortex_ws/install/bicycle_steering_controller/lib:/home/kortex_ws/install/ackermann_steering_controller/lib:/home/kortex_ws/install/steering_controllers_library/lib:/home/kortex_ws/install/robotiq_driver/lib:/home/kortex_ws/install/serial/lib:/home/kortex_ws/install/hardware_interface_testing/lib:/home/kortex_ws/install/robotiq_controllers/lib:/home/kortex_ws/install/range_sensor_broadcaster/lib:/home/kortex_ws/install/position_controllers/lib:/home/kortex_ws/install/picknik_twist_controller/lib:/home/kortex_ws/install/picknik_reset_fault_controller/lib:/home/kortex_ws/install/kortex_driver/lib:/home/kortex_ws/install/admittance_controller/lib:/home/kortex_ws/install/joint_trajectory_controller/lib:/home/kortex_ws/install/joint_state_broadcaster/lib:/home/kortex_ws/install/imu_sensor_broadcaster/lib:/home/kortex_ws/install/gripper_controllers/lib:/home/kortex_ws/install/effort_controllers/lib:/home/kortex_ws/install/forward_command_controller/lib:/home/kortex_ws/install/force_torque_sensor_broadcaster/lib:/home/kortex_ws/install/diff_drive_controller/lib:/opt/ros/humble/opt/rviz_ogre_vendor/lib:/opt/ros/humble/lib/x86_64-linux-gnu:/opt/ros/humble/lib /usr/bin/cmake --build /home/kortex_ws/build/steering_controllers_library -- -j16 -l16
[3.066s] [ 30%] [32mBuilding CXX object gmock/CMakeFiles/gmock.dir/src/gmock-all.cc.o[0m
[3.067s] [ 30%] [34m[1mRunning `/opt/ros/humble/bin/generate_parameter_library_cpp /home/kortex_ws/build/steering_controllers_library/steering_controllers_library_parameters/include//steering_controllers_library_parameters.hpp /home/kortex_ws/src/ros2_controllers/steering_controllers_library/src/steering_controllers_library.yaml `[0m
[3.067s] [ 30%] [32mBuilding CXX object gmock/CMakeFiles/gmock.dir/opt/ros/humble/src/gtest_vendor/src/gtest-all.cc.o[0m
[3.067s] [ 30%] [32mBuilding CXX object gmock/CMakeFiles/gmock_main.dir/src/gmock_main.cc.o[0m
[3.427s] [ 30%] Built target steering_controllers_library_parameters
[3.459s] [ 46%] [32mBuilding CXX object CMakeFiles/steering_controllers_library.dir/src/steering_odometry.cpp.o[0m
[3.459s] [ 46%] [32mBuilding CXX object CMakeFiles/steering_controllers_library.dir/src/steering_controllers_library.cpp.o[0m
[4.087s] [ 53%] [32m[1mLinking CXX static library libgmock_main.a[0m
[4.167s] [ 53%] Built target gmock_main
[9.218s] [ 61%] [32m[1mLinking CXX static library libgmock.a[0m
[9.308s] [ 61%] Built target gmock
[18.547s] [ 69%] [32m[1mLinking CXX shared library libsteering_controllers_library.so[0m
[18.793s] [ 69%] Built target steering_controllers_library
[18.823s] [ 84%] [32mBuilding CXX object CMakeFiles/test_steering_odometry.dir/test/test_steering_odometry.cpp.o[0m
[18.823s] [ 84%] [32mBuilding CXX object CMakeFiles/test_steering_controllers_library.dir/test/test_steering_controllers_library.cpp.o[0m
[21.361s] [ 92%] [32m[1mLinking CXX executable test_steering_odometry[0m
[21.603s] [ 92%] Built target test_steering_odometry
[26.349s] [100%] [32m[1mLinking CXX executable test_steering_controllers_library[0m
[26.537s] [100%] Built target test_steering_controllers_library
[26.550s] Invoked command in '/home/kortex_ws/build/steering_controllers_library' returned '0': CMAKE_PREFIX_PATH=/home/kortex_ws/install/controller_manager:/home/kortex_ws/install/controller_interface:/home/kortex_ws/install/hardware_interface:/home/kortex_ws/install/ros2_control_test_assets:/home/kortex_ws/install/controller_manager_msgs:/home/kortex_ws/install/control_msgs:/home/kortex_ws/install/kortex_bringup:/home/kortex_ws/install/kinova_gen3_7dof_robotiq_2f_85_moveit_config:/home/kortex_ws/install/kinova_gen3_6dof_robotiq_2f_85_moveit_config:/home/kortex_ws/install/kortex_description:/home/kortex_ws/install/robotiq_description:/home/kortex_ws/install/ros2_controllers:/home/kortex_ws/install/velocity_controllers:/home/kortex_ws/install/tricycle_steering_controller:/home/kortex_ws/install/tricycle_controller:/home/kortex_ws/install/ros2_control:/home/kortex_ws/install/transmission_interface:/home/kortex_ws/install/bicycle_steering_controller:/home/kortex_ws/install/ackermann_steering_controller:/home/kortex_ws/install/steering_controllers_library:/home/kortex_ws/install/robotiq_hardware_tests:/home/kortex_ws/install/robotiq_driver:/home/kortex_ws/install/serial:/home/kortex_ws/install/hardware_interface_testing:/home/kortex_ws/install/robotiq_controllers:/home/kortex_ws/install/range_sensor_broadcaster:/home/kortex_ws/install/position_controllers:/home/kortex_ws/install/picknik_twist_controller:/home/kortex_ws/install/picknik_reset_fault_controller:/home/kortex_ws/install/kortex_driver:/home/kortex_ws/install/kortex_api:/home/kortex_ws/install/admittance_controller:/home/kortex_ws/install/joint_trajectory_controller:/home/kortex_ws/install/joint_state_broadcaster:/home/kortex_ws/install/joint_limits:/home/kortex_ws/install/imu_sensor_broadcaster:/home/kortex_ws/install/gripper_controllers:/home/kortex_ws/install/effort_controllers:/home/kortex_ws/install/forward_command_controller:/home/kortex_ws/install/force_torque_sensor_broadcaster:/home/kortex_ws/install/diff_drive_controller:/home/kortex_ws/install/rqt_joint_trajectory_controller:/home/kortex_ws/install/rqt_controller_manager:/home/kortex_ws/install/ros2controlcli:/home/kortex_ws/install/ros2_controllers_test_nodes:/opt/ros/humble LD_LIBRARY_PATH=/home/kortex_ws/install/controller_manager/lib:/home/kortex_ws/install/controller_interface/lib:/home/kortex_ws/install/hardware_interface/lib:/home/kortex_ws/install/controller_manager_msgs/lib:/home/kortex_ws/install/control_msgs/lib:/home/kortex_ws/install/velocity_controllers/lib:/home/kortex_ws/install/tricycle_steering_controller/lib:/home/kortex_ws/install/tricycle_controller/lib:/home/kortex_ws/install/transmission_interface/lib:/home/kortex_ws/install/bicycle_steering_controller/lib:/home/kortex_ws/install/ackermann_steering_controller/lib:/home/kortex_ws/install/steering_controllers_library/lib:/home/kortex_ws/install/robotiq_driver/lib:/home/kortex_ws/install/serial/lib:/home/kortex_ws/install/hardware_interface_testing/lib:/home/kortex_ws/install/robotiq_controllers/lib:/home/kortex_ws/install/range_sensor_broadcaster/lib:/home/kortex_ws/install/position_controllers/lib:/home/kortex_ws/install/picknik_twist_controller/lib:/home/kortex_ws/install/picknik_reset_fault_controller/lib:/home/kortex_ws/install/kortex_driver/lib:/home/kortex_ws/install/admittance_controller/lib:/home/kortex_ws/install/joint_trajectory_controller/lib:/home/kortex_ws/install/joint_state_broadcaster/lib:/home/kortex_ws/install/imu_sensor_broadcaster/lib:/home/kortex_ws/install/gripper_controllers/lib:/home/kortex_ws/install/effort_controllers/lib:/home/kortex_ws/install/forward_command_controller/lib:/home/kortex_ws/install/force_torque_sensor_broadcaster/lib:/home/kortex_ws/install/diff_drive_controller/lib:/opt/ros/humble/opt/rviz_ogre_vendor/lib:/opt/ros/humble/lib/x86_64-linux-gnu:/opt/ros/humble/lib /usr/bin/cmake --build /home/kortex_ws/build/steering_controllers_library -- -j16 -l16
[26.621s] Invoking command in '/home/kortex_ws/build/steering_controllers_library': CMAKE_PREFIX_PATH=/home/kortex_ws/install/controller_manager:/home/kortex_ws/install/controller_interface:/home/kortex_ws/install/hardware_interface:/home/kortex_ws/install/ros2_control_test_assets:/home/kortex_ws/install/controller_manager_msgs:/home/kortex_ws/install/control_msgs:/home/kortex_ws/install/kortex_bringup:/home/kortex_ws/install/kinova_gen3_7dof_robotiq_2f_85_moveit_config:/home/kortex_ws/install/kinova_gen3_6dof_robotiq_2f_85_moveit_config:/home/kortex_ws/install/kortex_description:/home/kortex_ws/install/robotiq_description:/home/kortex_ws/install/ros2_controllers:/home/kortex_ws/install/velocity_controllers:/home/kortex_ws/install/tricycle_steering_controller:/home/kortex_ws/install/tricycle_controller:/home/kortex_ws/install/ros2_control:/home/kortex_ws/install/transmission_interface:/home/kortex_ws/install/bicycle_steering_controller:/home/kortex_ws/install/ackermann_steering_controller:/home/kortex_ws/install/steering_controllers_library:/home/kortex_ws/install/robotiq_hardware_tests:/home/kortex_ws/install/robotiq_driver:/home/kortex_ws/install/serial:/home/kortex_ws/install/hardware_interface_testing:/home/kortex_ws/install/robotiq_controllers:/home/kortex_ws/install/range_sensor_broadcaster:/home/kortex_ws/install/position_controllers:/home/kortex_ws/install/picknik_twist_controller:/home/kortex_ws/install/picknik_reset_fault_controller:/home/kortex_ws/install/kortex_driver:/home/kortex_ws/install/kortex_api:/home/kortex_ws/install/admittance_controller:/home/kortex_ws/install/joint_trajectory_controller:/home/kortex_ws/install/joint_state_broadcaster:/home/kortex_ws/install/joint_limits:/home/kortex_ws/install/imu_sensor_broadcaster:/home/kortex_ws/install/gripper_controllers:/home/kortex_ws/install/effort_controllers:/home/kortex_ws/install/forward_command_controller:/home/kortex_ws/install/force_torque_sensor_broadcaster:/home/kortex_ws/install/diff_drive_controller:/home/kortex_ws/install/rqt_joint_trajectory_controller:/home/kortex_ws/install/rqt_controller_manager:/home/kortex_ws/install/ros2controlcli:/home/kortex_ws/install/ros2_controllers_test_nodes:/opt/ros/humble LD_LIBRARY_PATH=/home/kortex_ws/install/controller_manager/lib:/home/kortex_ws/install/controller_interface/lib:/home/kortex_ws/install/hardware_interface/lib:/home/kortex_ws/install/controller_manager_msgs/lib:/home/kortex_ws/install/control_msgs/lib:/home/kortex_ws/install/velocity_controllers/lib:/home/kortex_ws/install/tricycle_steering_controller/lib:/home/kortex_ws/install/tricycle_controller/lib:/home/kortex_ws/install/transmission_interface/lib:/home/kortex_ws/install/bicycle_steering_controller/lib:/home/kortex_ws/install/ackermann_steering_controller/lib:/home/kortex_ws/install/steering_controllers_library/lib:/home/kortex_ws/install/robotiq_driver/lib:/home/kortex_ws/install/serial/lib:/home/kortex_ws/install/hardware_interface_testing/lib:/home/kortex_ws/install/robotiq_controllers/lib:/home/kortex_ws/install/range_sensor_broadcaster/lib:/home/kortex_ws/install/position_controllers/lib:/home/kortex_ws/install/picknik_twist_controller/lib:/home/kortex_ws/install/picknik_reset_fault_controller/lib:/home/kortex_ws/install/kortex_driver/lib:/home/kortex_ws/install/admittance_controller/lib:/home/kortex_ws/install/joint_trajectory_controller/lib:/home/kortex_ws/install/joint_state_broadcaster/lib:/home/kortex_ws/install/imu_sensor_broadcaster/lib:/home/kortex_ws/install/gripper_controllers/lib:/home/kortex_ws/install/effort_controllers/lib:/home/kortex_ws/install/forward_command_controller/lib:/home/kortex_ws/install/force_torque_sensor_broadcaster/lib:/home/kortex_ws/install/diff_drive_controller/lib:/opt/ros/humble/opt/rviz_ogre_vendor/lib:/opt/ros/humble/lib/x86_64-linux-gnu:/opt/ros/humble/lib /usr/bin/cmake --install /home/kortex_ws/build/steering_controllers_library
[26.630s] -- Install configuration: "Release"
[26.630s] -- Installing: /home/kortex_ws/install/steering_controllers_library/include/steering_controllers_library_parameters
[26.630s] -- Installing: /home/kortex_ws/install/steering_controllers_library/include/steering_controllers_library_parameters/steering_controllers_library_parameters.hpp
[26.631s] -- Installing: /home/kortex_ws/install/steering_controllers_library/include/steering_controllers_library
[26.631s] -- Installing: /home/kortex_ws/install/steering_controllers_library/include/steering_controllers_library/steering_controllers_library
[26.631s] -- Installing: /home/kortex_ws/install/steering_controllers_library/include/steering_controllers_library/steering_controllers_library/visibility_control.h
[26.631s] -- Installing: /home/kortex_ws/install/steering_controllers_library/include/steering_controllers_library/steering_controllers_library/steering_controllers_library.hpp
[26.631s] -- Installing: /home/kortex_ws/install/steering_controllers_library/include/steering_controllers_library/steering_controllers_library/steering_odometry.hpp
[26.631s] -- Installing: /home/kortex_ws/install/steering_controllers_library/lib/libsteering_controllers_library.so
[26.634s] -- Set runtime path of "/home/kortex_ws/install/steering_controllers_library/lib/libsteering_controllers_library.so" to ""
[26.635s] -- Installing: /home/kortex_ws/install/steering_controllers_library/share/steering_controllers_library/environment/library_path.sh
[26.635s] -- Installing: /home/kortex_ws/install/steering_controllers_library/share/steering_controllers_library/environment/library_path.dsv
[26.635s] -- Installing: /home/kortex_ws/install/steering_controllers_library/share/ament_index/resource_index/package_run_dependencies/steering_controllers_library
[26.635s] -- Installing: /home/kortex_ws/install/steering_controllers_library/share/ament_index/resource_index/parent_prefix_path/steering_controllers_library
[26.635s] -- Installing: /home/kortex_ws/install/steering_controllers_library/share/steering_controllers_library/environment/ament_prefix_path.sh
[26.635s] -- Installing: /home/kortex_ws/install/steering_controllers_library/share/steering_controllers_library/environment/ament_prefix_path.dsv
[26.635s] -- Installing: /home/kortex_ws/install/steering_controllers_library/share/steering_controllers_library/environment/path.sh
[26.636s] -- Installing: /home/kortex_ws/install/steering_controllers_library/share/steering_controllers_library/environment/path.dsv
[26.636s] -- Installing: /home/kortex_ws/install/steering_controllers_library/share/steering_controllers_library/local_setup.bash
[26.636s] -- Installing: /home/kortex_ws/install/steering_controllers_library/share/steering_controllers_library/local_setup.sh
[26.636s] -- Installing: /home/kortex_ws/install/steering_controllers_library/share/steering_controllers_library/local_setup.zsh
[26.636s] -- Installing: /home/kortex_ws/install/steering_controllers_library/share/steering_controllers_library/local_setup.dsv
[26.636s] -- Installing: /home/kortex_ws/install/steering_controllers_library/share/steering_controllers_library/package.dsv
[26.636s] -- Installing: /home/kortex_ws/install/steering_controllers_library/share/ament_index/resource_index/packages/steering_controllers_library
[26.637s] -- Installing: /home/kortex_ws/install/steering_controllers_library/share/steering_controllers_library/cmake/export_steering_controllers_libraryExport.cmake
[26.637s] -- Installing: /home/kortex_ws/install/steering_controllers_library/share/steering_controllers_library/cmake/export_steering_controllers_libraryExport-release.cmake
[26.637s] -- Installing: /home/kortex_ws/install/steering_controllers_library/share/steering_controllers_library/cmake/ament_cmake_export_targets-extras.cmake
[26.637s] -- Installing: /home/kortex_ws/install/steering_controllers_library/share/steering_controllers_library/cmake/ament_cmake_export_dependencies-extras.cmake
[26.637s] -- Installing: /home/kortex_ws/install/steering_controllers_library/share/steering_controllers_library/cmake/steering_controllers_libraryConfig.cmake
[26.637s] -- Installing: /home/kortex_ws/install/steering_controllers_library/share/steering_controllers_library/cmake/steering_controllers_libraryConfig-version.cmake
[26.637s] -- Installing: /home/kortex_ws/install/steering_controllers_library/share/steering_controllers_library/package.xml
[26.640s] Invoked command in '/home/kortex_ws/build/steering_controllers_library' returned '0': CMAKE_PREFIX_PATH=/home/kortex_ws/install/controller_manager:/home/kortex_ws/install/controller_interface:/home/kortex_ws/install/hardware_interface:/home/kortex_ws/install/ros2_control_test_assets:/home/kortex_ws/install/controller_manager_msgs:/home/kortex_ws/install/control_msgs:/home/kortex_ws/install/kortex_bringup:/home/kortex_ws/install/kinova_gen3_7dof_robotiq_2f_85_moveit_config:/home/kortex_ws/install/kinova_gen3_6dof_robotiq_2f_85_moveit_config:/home/kortex_ws/install/kortex_description:/home/kortex_ws/install/robotiq_description:/home/kortex_ws/install/ros2_controllers:/home/kortex_ws/install/velocity_controllers:/home/kortex_ws/install/tricycle_steering_controller:/home/kortex_ws/install/tricycle_controller:/home/kortex_ws/install/ros2_control:/home/kortex_ws/install/transmission_interface:/home/kortex_ws/install/bicycle_steering_controller:/home/kortex_ws/install/ackermann_steering_controller:/home/kortex_ws/install/steering_controllers_library:/home/kortex_ws/install/robotiq_hardware_tests:/home/kortex_ws/install/robotiq_driver:/home/kortex_ws/install/serial:/home/kortex_ws/install/hardware_interface_testing:/home/kortex_ws/install/robotiq_controllers:/home/kortex_ws/install/range_sensor_broadcaster:/home/kortex_ws/install/position_controllers:/home/kortex_ws/install/picknik_twist_controller:/home/kortex_ws/install/picknik_reset_fault_controller:/home/kortex_ws/install/kortex_driver:/home/kortex_ws/install/kortex_api:/home/kortex_ws/install/admittance_controller:/home/kortex_ws/install/joint_trajectory_controller:/home/kortex_ws/install/joint_state_broadcaster:/home/kortex_ws/install/joint_limits:/home/kortex_ws/install/imu_sensor_broadcaster:/home/kortex_ws/install/gripper_controllers:/home/kortex_ws/install/effort_controllers:/home/kortex_ws/install/forward_command_controller:/home/kortex_ws/install/force_torque_sensor_broadcaster:/home/kortex_ws/install/diff_drive_controller:/home/kortex_ws/install/rqt_joint_trajectory_controller:/home/kortex_ws/install/rqt_controller_manager:/home/kortex_ws/install/ros2controlcli:/home/kortex_ws/install/ros2_controllers_test_nodes:/opt/ros/humble LD_LIBRARY_PATH=/home/kortex_ws/install/controller_manager/lib:/home/kortex_ws/install/controller_interface/lib:/home/kortex_ws/install/hardware_interface/lib:/home/kortex_ws/install/controller_manager_msgs/lib:/home/kortex_ws/install/control_msgs/lib:/home/kortex_ws/install/velocity_controllers/lib:/home/kortex_ws/install/tricycle_steering_controller/lib:/home/kortex_ws/install/tricycle_controller/lib:/home/kortex_ws/install/transmission_interface/lib:/home/kortex_ws/install/bicycle_steering_controller/lib:/home/kortex_ws/install/ackermann_steering_controller/lib:/home/kortex_ws/install/steering_controllers_library/lib:/home/kortex_ws/install/robotiq_driver/lib:/home/kortex_ws/install/serial/lib:/home/kortex_ws/install/hardware_interface_testing/lib:/home/kortex_ws/install/robotiq_controllers/lib:/home/kortex_ws/install/range_sensor_broadcaster/lib:/home/kortex_ws/install/position_controllers/lib:/home/kortex_ws/install/picknik_twist_controller/lib:/home/kortex_ws/install/picknik_reset_fault_controller/lib:/home/kortex_ws/install/kortex_driver/lib:/home/kortex_ws/install/admittance_controller/lib:/home/kortex_ws/install/joint_trajectory_controller/lib:/home/kortex_ws/install/joint_state_broadcaster/lib:/home/kortex_ws/install/imu_sensor_broadcaster/lib:/home/kortex_ws/install/gripper_controllers/lib:/home/kortex_ws/install/effort_controllers/lib:/home/kortex_ws/install/forward_command_controller/lib:/home/kortex_ws/install/force_torque_sensor_broadcaster/lib:/home/kortex_ws/install/diff_drive_controller/lib:/opt/ros/humble/opt/rviz_ogre_vendor/lib:/opt/ros/humble/lib/x86_64-linux-gnu:/opt/ros/humble/lib /usr/bin/cmake --install /home/kortex_ws/build/steering_controllers_library
