[0.013s] Invoking command in '/home/kortex_ws/build/robotiq_controllers': AMENT_PREFIX_PATH=/home/kortex_ws/install/controller_interface:/home/kortex_ws/install/hardware_interface:/home/kortex_ws/install/control_msgs:${AMENT_PREFIX_PATH} CMAKE_PREFIX_PATH=/home/kortex_ws/install/controller_interface:/home/kortex_ws/install/hardware_interface:/home/kortex_ws/install/control_msgs:/opt/ros/humble LD_LIBRARY_PATH=/home/kortex_ws/install/controller_interface/lib:/home/kortex_ws/install/hardware_interface/lib:/home/kortex_ws/install/control_msgs/lib:${LD_LIBRARY_PATH} PYTHONPATH=/home/kortex_ws/install/control_msgs/local/lib/python3.10/dist-packages:${PYTHONPATH} /usr/bin/cmake /home/kortex_ws/src/ros2_robotiq_gripper/robotiq_controllers -DCMAKE_BUILD_TYPE=Release -DCMAKE_INSTALL_PREFIX=/home/kortex_ws/install/robotiq_controllers
[0.064s] -- The C compiler identification is GNU 11.4.0
[0.114s] -- The CXX compiler identification is GNU 11.4.0
[0.120s] -- Detecting C compiler ABI info
[0.188s] -- Detecting C compiler ABI info - done
[0.193s] -- Check for working C compiler: /usr/bin/cc - skipped
[0.193s] -- Detecting C compile features
[0.194s] -- Detecting C compile features - done
[0.197s] -- Detecting CXX compiler ABI info
[0.273s] -- Detecting CXX compiler ABI info - done
[0.278s] -- Check for working CXX compiler: /usr/bin/c++ - skipped
[0.279s] -- Detecting CXX compile features
[0.279s] -- Detecting CXX compile features - done
[0.283s] -- Found ament_cmake: 1.3.8 (/opt/ros/humble/share/ament_cmake/cmake)
[0.414s] -- Found Python3: /usr/bin/python3 (found version "3.10.12") found components: Interpreter 
[0.505s] -- Found controller_interface: 2.41.0 (/home/kortex_ws/install/controller_interface/share/controller_interface/cmake)
[0.552s] -- Found rosidl_generator_c: 3.1.5 (/opt/ros/humble/share/rosidl_generator_c/cmake)
[0.558s] -- Found rosidl_adapter: 3.1.5 (/opt/ros/humble/share/rosidl_adapter/cmake)
[0.569s] -- Found rosidl_generator_cpp: 3.1.5 (/opt/ros/humble/share/rosidl_generator_cpp/cmake)
[0.584s] -- Using all available rosidl_typesupport_c: rosidl_typesupport_fastrtps_c;rosidl_typesupport_introspection_c
[0.604s] -- Using all available rosidl_typesupport_cpp: rosidl_typesupport_fastrtps_cpp;rosidl_typesupport_introspection_cpp
[1.159s] -- Found rmw_implementation_cmake: 6.1.1 (/opt/ros/humble/share/rmw_implementation_cmake/cmake)
[1.162s] -- Found rmw_fastrtps_cpp: 6.2.6 (/opt/ros/humble/share/rmw_fastrtps_cpp/cmake)
[1.199s] -- Found TinyXML2 via Config file: TinyXML2_DIR-NOTFOUND
[1.256s] -- Found OpenSSL: /usr/lib/x86_64-linux-gnu/libcrypto.so (found version "3.0.2")  
[1.258s] -- Found TinyXML2 via Config file: TinyXML2_DIR-NOTFOUND
[1.272s] -- Found FastRTPS: /opt/ros/humble/include  
[1.279s] -- Found TinyXML2 via Config file: TinyXML2_DIR-NOTFOUND
[1.288s] -- Found TinyXML2 via Config file: TinyXML2_DIR-NOTFOUND
[1.296s] -- Using RMW implementation 'rmw_fastrtps_cpp' as default
[1.310s] -- Looking for pthread.h
[1.379s] -- Looking for pthread.h - found
[1.380s] -- Performing Test CMAKE_HAVE_LIBC_PTHREAD
[1.453s] -- Performing Test CMAKE_HAVE_LIBC_PTHREAD - Success
[1.454s] -- Found Threads: TRUE  
[1.674s] -- Found std_srvs: 4.2.3 (/opt/ros/humble/share/std_srvs/cmake)
[1.756s] -- Found ament_lint_auto: 0.12.10 (/opt/ros/humble/share/ament_lint_auto/cmake)
[1.829s] -- Added test 'cppcheck' to perform static code analysis on C / C++ code
[1.829s] -- Configured cppcheck include dirs: /home/kortex_ws/src/ros2_robotiq_gripper/robotiq_controllers/include
[1.829s] -- Configured cppcheck exclude dirs and/or files: 
[1.830s] -- Added test 'lint_cmake' to check CMake code style
[1.835s] -- Configuring done
[1.872s] -- Generating done
[1.874s] -- Build files have been written to: /home/kortex_ws/build/robotiq_controllers
[1.886s] Invoked command in '/home/kortex_ws/build/robotiq_controllers' returned '0': AMENT_PREFIX_PATH=/home/kortex_ws/install/controller_interface:/home/kortex_ws/install/hardware_interface:/home/kortex_ws/install/control_msgs:${AMENT_PREFIX_PATH} CMAKE_PREFIX_PATH=/home/kortex_ws/install/controller_interface:/home/kortex_ws/install/hardware_interface:/home/kortex_ws/install/control_msgs:/opt/ros/humble LD_LIBRARY_PATH=/home/kortex_ws/install/controller_interface/lib:/home/kortex_ws/install/hardware_interface/lib:/home/kortex_ws/install/control_msgs/lib:${LD_LIBRARY_PATH} PYTHONPATH=/home/kortex_ws/install/control_msgs/local/lib/python3.10/dist-packages:${PYTHONPATH} /usr/bin/cmake /home/kortex_ws/src/ros2_robotiq_gripper/robotiq_controllers -DCMAKE_BUILD_TYPE=Release -DCMAKE_INSTALL_PREFIX=/home/kortex_ws/install/robotiq_controllers
[1.888s] Invoking command in '/home/kortex_ws/build/robotiq_controllers': AMENT_PREFIX_PATH=/home/kortex_ws/install/controller_interface:/home/kortex_ws/install/hardware_interface:/home/kortex_ws/install/control_msgs:${AMENT_PREFIX_PATH} CMAKE_PREFIX_PATH=/home/kortex_ws/install/controller_interface:/home/kortex_ws/install/hardware_interface:/home/kortex_ws/install/control_msgs:/opt/ros/humble LD_LIBRARY_PATH=/home/kortex_ws/install/controller_interface/lib:/home/kortex_ws/install/hardware_interface/lib:/home/kortex_ws/install/control_msgs/lib:${LD_LIBRARY_PATH} PYTHONPATH=/home/kortex_ws/install/control_msgs/local/lib/python3.10/dist-packages:${PYTHONPATH} /usr/bin/cmake --build /home/kortex_ws/build/robotiq_controllers -- -j16 -l16
[1.944s] [ 50%] [32mBuilding CXX object CMakeFiles/robotiq_controllers.dir/src/robotiq_activation_controller.cpp.o[0m
[5.248s] [100%] [32m[1mLinking CXX shared library librobotiq_controllers.so[0m
[5.386s] [100%] Built target robotiq_controllers
[5.401s] Invoked command in '/home/kortex_ws/build/robotiq_controllers' returned '0': AMENT_PREFIX_PATH=/home/kortex_ws/install/controller_interface:/home/kortex_ws/install/hardware_interface:/home/kortex_ws/install/control_msgs:${AMENT_PREFIX_PATH} CMAKE_PREFIX_PATH=/home/kortex_ws/install/controller_interface:/home/kortex_ws/install/hardware_interface:/home/kortex_ws/install/control_msgs:/opt/ros/humble LD_LIBRARY_PATH=/home/kortex_ws/install/controller_interface/lib:/home/kortex_ws/install/hardware_interface/lib:/home/kortex_ws/install/control_msgs/lib:${LD_LIBRARY_PATH} PYTHONPATH=/home/kortex_ws/install/control_msgs/local/lib/python3.10/dist-packages:${PYTHONPATH} /usr/bin/cmake --build /home/kortex_ws/build/robotiq_controllers -- -j16 -l16
[5.428s] Invoking command in '/home/kortex_ws/build/robotiq_controllers': AMENT_PREFIX_PATH=/home/kortex_ws/install/controller_interface:/home/kortex_ws/install/hardware_interface:/home/kortex_ws/install/control_msgs:${AMENT_PREFIX_PATH} CMAKE_PREFIX_PATH=/home/kortex_ws/install/controller_interface:/home/kortex_ws/install/hardware_interface:/home/kortex_ws/install/control_msgs:/opt/ros/humble LD_LIBRARY_PATH=/home/kortex_ws/install/controller_interface/lib:/home/kortex_ws/install/hardware_interface/lib:/home/kortex_ws/install/control_msgs/lib:${LD_LIBRARY_PATH} PYTHONPATH=/home/kortex_ws/install/control_msgs/local/lib/python3.10/dist-packages:${PYTHONPATH} /usr/bin/cmake --install /home/kortex_ws/build/robotiq_controllers
[5.435s] -- Install configuration: "Release"
[5.435s] -- Installing: /home/kortex_ws/install/robotiq_controllers/share/robotiq_controllers/controller_plugins.xml
[5.435s] -- Installing: /home/kortex_ws/install/robotiq_controllers/lib/librobotiq_controllers.so
[5.436s] -- Set runtime path of "/home/kortex_ws/install/robotiq_controllers/lib/librobotiq_controllers.so" to ""
[5.436s] -- Installing: /home/kortex_ws/install/robotiq_controllers/include
[5.436s] -- Installing: /home/kortex_ws/install/robotiq_controllers/include/robotiq_controllers
[5.436s] -- Installing: /home/kortex_ws/install/robotiq_controllers/include/robotiq_controllers/robotiq_activation_controller.hpp
[5.436s] -- Installing: /home/kortex_ws/install/robotiq_controllers/share/robotiq_controllers/environment/library_path.sh
[5.437s] -- Installing: /home/kortex_ws/install/robotiq_controllers/share/robotiq_controllers/environment/library_path.dsv
[5.437s] -- Installing: /home/kortex_ws/install/robotiq_controllers/share/ament_index/resource_index/package_run_dependencies/robotiq_controllers
[5.437s] -- Installing: /home/kortex_ws/install/robotiq_controllers/share/ament_index/resource_index/parent_prefix_path/robotiq_controllers
[5.437s] -- Installing: /home/kortex_ws/install/robotiq_controllers/share/robotiq_controllers/environment/ament_prefix_path.sh
[5.437s] -- Installing: /home/kortex_ws/install/robotiq_controllers/share/robotiq_controllers/environment/ament_prefix_path.dsv
[5.437s] -- Installing: /home/kortex_ws/install/robotiq_controllers/share/robotiq_controllers/environment/path.sh
[5.437s] -- Installing: /home/kortex_ws/install/robotiq_controllers/share/robotiq_controllers/environment/path.dsv
[5.438s] -- Installing: /home/kortex_ws/install/robotiq_controllers/share/robotiq_controllers/local_setup.bash
[5.438s] -- Installing: /home/kortex_ws/install/robotiq_controllers/share/robotiq_controllers/local_setup.sh
[5.438s] -- Installing: /home/kortex_ws/install/robotiq_controllers/share/robotiq_controllers/local_setup.zsh
[5.438s] -- Installing: /home/kortex_ws/install/robotiq_controllers/share/robotiq_controllers/local_setup.dsv
[5.438s] -- Installing: /home/kortex_ws/install/robotiq_controllers/share/robotiq_controllers/package.dsv
[5.438s] -- Installing: /home/kortex_ws/install/robotiq_controllers/share/ament_index/resource_index/packages/robotiq_controllers
[5.438s] -- Installing: /home/kortex_ws/install/robotiq_controllers/share/ament_index/resource_index/controller_interface__pluginlib__plugin/robotiq_controllers
[5.439s] -- Installing: /home/kortex_ws/install/robotiq_controllers/share/robotiq_controllers/cmake/export_robotiq_controllersExport.cmake
[5.439s] -- Installing: /home/kortex_ws/install/robotiq_controllers/share/robotiq_controllers/cmake/export_robotiq_controllersExport-release.cmake
[5.439s] -- Installing: /home/kortex_ws/install/robotiq_controllers/share/robotiq_controllers/cmake/ament_cmake_export_include_directories-extras.cmake
[5.439s] -- Installing: /home/kortex_ws/install/robotiq_controllers/share/robotiq_controllers/cmake/ament_cmake_export_libraries-extras.cmake
[5.439s] -- Installing: /home/kortex_ws/install/robotiq_controllers/share/robotiq_controllers/cmake/ament_cmake_export_targets-extras.cmake
[5.439s] -- Installing: /home/kortex_ws/install/robotiq_controllers/share/robotiq_controllers/cmake/ament_cmake_export_dependencies-extras.cmake
[5.440s] -- Installing: /home/kortex_ws/install/robotiq_controllers/share/robotiq_controllers/cmake/robotiq_controllersConfig.cmake
[5.440s] -- Installing: /home/kortex_ws/install/robotiq_controllers/share/robotiq_controllers/cmake/robotiq_controllersConfig-version.cmake
[5.440s] -- Installing: /home/kortex_ws/install/robotiq_controllers/share/robotiq_controllers/package.xml
[5.442s] Invoked command in '/home/kortex_ws/build/robotiq_controllers' returned '0': AMENT_PREFIX_PATH=/home/kortex_ws/install/controller_interface:/home/kortex_ws/install/hardware_interface:/home/kortex_ws/install/control_msgs:${AMENT_PREFIX_PATH} CMAKE_PREFIX_PATH=/home/kortex_ws/install/controller_interface:/home/kortex_ws/install/hardware_interface:/home/kortex_ws/install/control_msgs:/opt/ros/humble LD_LIBRARY_PATH=/home/kortex_ws/install/controller_interface/lib:/home/kortex_ws/install/hardware_interface/lib:/home/kortex_ws/install/control_msgs/lib:${LD_LIBRARY_PATH} PYTHONPATH=/home/kortex_ws/install/control_msgs/local/lib/python3.10/dist-packages:${PYTHONPATH} /usr/bin/cmake --install /home/kortex_ws/build/robotiq_controllers
