[0.550s] Invoking command in '/home/keenan/Downloads/isaacsim_ros2_greenhouse/humble_ws/src/kinova_arm': PYTHONPATH=/home/keenan/Downloads/isaacsim_ros2_greenhouse/humble_ws/build/kinova_arm/prefix_override:/home/keenan/Downloads/isaacsim_ros2_greenhouse/humble_ws/install/kinova_arm/lib/python3.10/site-packages:${PYTHONPATH} /usr/bin/python3 -W ignore:setup.py install is deprecated setup.py egg_info --egg-base ../../build/kinova_arm build --build-base /home/keenan/Downloads/isaacsim_ros2_greenhouse/humble_ws/build/kinova_arm/build install --record /home/keenan/Downloads/isaacsim_ros2_greenhouse/humble_ws/build/kinova_arm/install.log --single-version-externally-managed install_data
[0.764s] running egg_info
[0.766s] writing ../../build/kinova_arm/kinova_arm.egg-info/PKG-INFO
[0.766s] writing dependency_links to ../../build/kinova_arm/kinova_arm.egg-info/dependency_links.txt
[0.766s] writing entry points to ../../build/kinova_arm/kinova_arm.egg-info/entry_points.txt
[0.766s] writing requirements to ../../build/kinova_arm/kinova_arm.egg-info/requires.txt
[0.766s] writing top-level names to ../../build/kinova_arm/kinova_arm.egg-info/top_level.txt
[0.766s] reading manifest file '../../build/kinova_arm/kinova_arm.egg-info/SOURCES.txt'
[0.767s] writing manifest file '../../build/kinova_arm/kinova_arm.egg-info/SOURCES.txt'
[0.767s] running build
[0.767s] running build_py
[0.767s] running install
[0.768s] running install_lib
[0.769s] running install_data
[0.769s] running install_egg_info
[0.771s] removing '/home/keenan/Downloads/isaacsim_ros2_greenhouse/humble_ws/install/kinova_arm/lib/python3.10/site-packages/kinova_arm-0.0.0-py3.10.egg-info' (and everything under it)
[0.771s] Copying ../../build/kinova_arm/kinova_arm.egg-info to /home/keenan/Downloads/isaacsim_ros2_greenhouse/humble_ws/install/kinova_arm/lib/python3.10/site-packages/kinova_arm-0.0.0-py3.10.egg-info
[0.772s] running install_scripts
[0.789s] Installing joint_state_forwarder script to /home/keenan/Downloads/isaacsim_ros2_greenhouse/humble_ws/install/kinova_arm/lib/kinova_arm
[0.789s] writing list of installed files to '/home/keenan/Downloads/isaacsim_ros2_greenhouse/humble_ws/build/kinova_arm/install.log'
