-- Found ament_cmake: 1.3.8 (/opt/ros/humble/share/ament_cmake/cmake)
-- Found backward_ros: 1.0.2 (/opt/ros/humble/share/backward_ros/cmake)
-- Could NOT find libbfd (missing: LIBBFD_LIBRARY LIBBFD_INCLUDE_DIR) 
-- BACKWARD_HAS_UNWIND=1
-- BACKWARD_HAS_BACKTRACE=0
-- BACKWARD_HAS_BACKTRACE_SYMBOL=0
-- BACKWARD_HAS_DW=1
-- BACKWARD_HAS_BFD=0
-- Found Backward: /opt/ros/humble/share/backward_ros/cmake  
-- Found ament_index_cpp: 1.4.0 (/opt/ros/humble/share/ament_index_cpp/cmake)
-- Found controller_interface: 2.41.0 (/home/kortex_ws/install/controller_interface/share/controller_interface/cmake)
-- Found rosidl_generator_c: 3.1.5 (/opt/ros/humble/share/rosidl_generator_c/cmake)
-- Found rosidl_adapter: 3.1.5 (/opt/ros/humble/share/rosidl_adapter/cmake)
-- Found rosidl_generator_cpp: 3.1.5 (/opt/ros/humble/share/rosidl_generator_cpp/cmake)
-- Using all available rosidl_typesupport_c: rosidl_typesupport_fastrtps_c;rosidl_typesupport_introspection_c
-- Using all available rosidl_typesupport_cpp: rosidl_typesupport_fastrtps_cpp;rosidl_typesupport_introspection_cpp
-- Found rmw_implementation_cmake: 6.1.1 (/opt/ros/humble/share/rmw_implementation_cmake/cmake)
-- Found rmw_cyclonedds_cpp: 1.3.4 (/opt/ros/humble/share/rmw_cyclonedds_cpp/cmake)
-- Using RMW implementation 'rmw_cyclonedds_cpp' as default
-- Found controller_manager_msgs: 2.41.0 (/home/kortex_ws/install/controller_manager_msgs/share/controller_manager_msgs/cmake)
-- Found realtime_tools: 2.5.0 (/opt/ros/humble/share/realtime_tools/cmake)
-- Found ament_cmake_gmock: 1.3.8 (/opt/ros/humble/share/ament_cmake_gmock/cmake)
-- Found ros2_control_test_assets: 2.41.0 (/home/kortex_ws/install/ros2_control_test_assets/share/ros2_control_test_assets/cmake)
-- Found gmock sources under '/opt/ros/humble/src/gmock_vendor': C++ tests using 'Google Mock' will be built
-- Found ament_cmake_gtest: 1.3.8 (/opt/ros/humble/share/ament_cmake_gtest/cmake)
-- Found gtest sources under '/opt/ros/humble/src/gtest_vendor': C++ tests using 'Google Test' will be built
-- Configuring done
-- Generating done
-- Build files have been written to: /home/kortex_ws/build/controller_manager
[35m[1mConsolidate compiler generated dependencies of target gmock_main[0m
[35m[1mConsolidate compiler generated dependencies of target gmock[0m
[35m[1mConsolidate compiler generated dependencies of target controller_manager[0m
[  5%] Built target gmock_main
[ 14%] Built target gmock
[ 14%] Built target ament_cmake_python_copy_controller_manager_setup
[ 14%] Built target ament_cmake_python_copy_controller_manager
[ 20%] Built target controller_manager
[35m[1mConsolidate compiler generated dependencies of target test_controller[0m
[35m[1mConsolidate compiler generated dependencies of target ros2_control_node[0m
[35m[1mConsolidate compiler generated dependencies of target test_controller_failed_init[0m
[35m[1mConsolidate compiler generated dependencies of target test_chainable_controller[0m
[35m[1mConsolidate compiler generated dependencies of target test_controller_with_interfaces[0m
[35m[1mConsolidate compiler generated dependencies of target test_controller_manager_urdf_passing[0m
[ 34%] Built target test_controller_failed_init
[ 34%] Built target test_chainable_controller
[ 37%] Built target test_controller
[ 42%] Built target ros2_control_node
[ 48%] Built target test_controller_with_interfaces
[ 54%] Built target test_controller_manager_urdf_passing
[35m[1mConsolidate compiler generated dependencies of target test_controller_manager_with_namespace.cpp[0m
[35m[1mConsolidate compiler generated dependencies of target test_hardware_management_srvs[0m
[35m[1mConsolidate compiler generated dependencies of target test_controller_manager[0m
[35m[1mConsolidate compiler generated dependencies of target test_spawner_unspawner[0m
[35m[1mConsolidate compiler generated dependencies of target test_controllers_chaining_with_controller_manager[0m
[35m[1mConsolidate compiler generated dependencies of target test_load_controller[0m
[35m[1mConsolidate compiler generated dependencies of target test_controller_manager_srvs[0m
[35m[1mConsolidate compiler generated dependencies of target test_release_interfaces[0m
[ 60%] Built target test_controller_manager_with_namespace.cpp
[ 65%] Built target test_load_controller
[ 71%] Built target test_controllers_chaining_with_controller_manager
[ 77%] Built target test_hardware_management_srvs
[ 82%] Built target test_spawner_unspawner
[ 88%] Built target test_controller_manager
[ 94%] Built target test_release_interfaces
[100%] Built target test_controller_manager_srvs
running install_scripts
running egg_info
writing controller_manager.egg-info/PKG-INFO
writing dependency_links to controller_manager.egg-info/dependency_links.txt
writing entry points to controller_manager.egg-info/entry_points.txt
writing top-level names to controller_manager.egg-info/top_level.txt
reading manifest file 'controller_manager.egg-info/SOURCES.txt'
writing manifest file 'controller_manager.egg-info/SOURCES.txt'
running egg_info
writing controller_manager.egg-info/PKG-INFO
writing dependency_links to controller_manager.egg-info/dependency_links.txt
writing entry points to controller_manager.egg-info/entry_points.txt
writing top-level names to controller_manager.egg-info/top_level.txt
reading manifest file 'controller_manager.egg-info/SOURCES.txt'
writing manifest file 'controller_manager.egg-info/SOURCES.txt'
Installing hardware_spawner script to scripts
Installing spawner script to scripts
Installing unspawner script to scripts
[100%] Built target ament_cmake_python_build_controller_manager_egg
[100%] Built target ament_cmake_python_build_controller_manager_scripts
-- Install configuration: "Release"
-- Up-to-date: /home/kortex_ws/install/controller_manager/lib/libcontroller_manager.so
-- Up-to-date: /home/kortex_ws/install/controller_manager/lib/controller_manager/ros2_control_node
-- Up-to-date: /home/kortex_ws/install/controller_manager/include
-- Up-to-date: /home/kortex_ws/install/controller_manager/include/controller_manager
-- Up-to-date: /home/kortex_ws/install/controller_manager/include/controller_manager/visibility_control.h
-- Up-to-date: /home/kortex_ws/install/controller_manager/include/controller_manager/controller_manager.hpp
-- Up-to-date: /home/kortex_ws/install/controller_manager/include/controller_manager/controller_spec.hpp
-- Up-to-date: /home/kortex_ws/install/controller_manager/share/controller_manager/test/test_controller/test_controller.xml
-- Up-to-date: /home/kortex_ws/install/controller_manager/lib/libtest_controller.so
-- Up-to-date: /home/kortex_ws/install/controller_manager/share/controller_manager/test/test_controller_failed_init/test_controller_failed_init.xml
-- Up-to-date: /home/kortex_ws/install/controller_manager/lib/libtest_controller_failed_init.so
-- Up-to-date: /home/kortex_ws/install/controller_manager/share/controller_manager/test/test_chainable_controller/test_chainable_controller.xml
-- Up-to-date: /home/kortex_ws/install/controller_manager/lib/libtest_chainable_controller.so
-- Up-to-date: /home/kortex_ws/install/controller_manager/share/controller_manager/test/test_controller_with_interfaces/test_controller_with_interfaces.xml
-- Up-to-date: /home/kortex_ws/install/controller_manager/lib/libtest_controller_with_interfaces.so
-- Up-to-date: /home/kortex_ws/install/controller_manager/share/controller_manager/environment/pythonpath.sh
-- Installing: /home/kortex_ws/install/controller_manager/share/controller_manager/environment/pythonpath.dsv
-- Up-to-date: /home/kortex_ws/install/controller_manager/local/lib/python3.10/dist-packages/controller_manager-2.41.0-py3.10.egg-info
-- Installing: /home/kortex_ws/install/controller_manager/local/lib/python3.10/dist-packages/controller_manager-2.41.0-py3.10.egg-info/SOURCES.txt
-- Installing: /home/kortex_ws/install/controller_manager/local/lib/python3.10/dist-packages/controller_manager-2.41.0-py3.10.egg-info/dependency_links.txt
-- Installing: /home/kortex_ws/install/controller_manager/local/lib/python3.10/dist-packages/controller_manager-2.41.0-py3.10.egg-info/top_level.txt
-- Installing: /home/kortex_ws/install/controller_manager/local/lib/python3.10/dist-packages/controller_manager-2.41.0-py3.10.egg-info/PKG-INFO
-- Installing: /home/kortex_ws/install/controller_manager/local/lib/python3.10/dist-packages/controller_manager-2.41.0-py3.10.egg-info/entry_points.txt
-- Up-to-date: /home/kortex_ws/install/controller_manager/lib/controller_manager/
-- Installing: /home/kortex_ws/install/controller_manager/lib/controller_manager//spawner
-- Installing: /home/kortex_ws/install/controller_manager/lib/controller_manager//hardware_spawner
-- Installing: /home/kortex_ws/install/controller_manager/lib/controller_manager//unspawner
-- Up-to-date: /home/kortex_ws/install/controller_manager/local/lib/python3.10/dist-packages/controller_manager
-- Up-to-date: /home/kortex_ws/install/controller_manager/local/lib/python3.10/dist-packages/controller_manager/controller_manager_services.py
-- Up-to-date: /home/kortex_ws/install/controller_manager/local/lib/python3.10/dist-packages/controller_manager/unspawner.py
-- Up-to-date: /home/kortex_ws/install/controller_manager/local/lib/python3.10/dist-packages/controller_manager/launch_utils.py
-- Up-to-date: /home/kortex_ws/install/controller_manager/local/lib/python3.10/dist-packages/controller_manager/spawner.py
-- Up-to-date: /home/kortex_ws/install/controller_manager/local/lib/python3.10/dist-packages/controller_manager/hardware_spawner.py
-- Up-to-date: /home/kortex_ws/install/controller_manager/local/lib/python3.10/dist-packages/controller_manager/__init__.py
Listing '/home/kortex_ws/install/controller_manager/local/lib/python3.10/dist-packages/controller_manager'...
-- Up-to-date: /home/kortex_ws/install/controller_manager/share/controller_manager/environment/library_path.sh
-- Installing: /home/kortex_ws/install/controller_manager/share/controller_manager/environment/library_path.dsv
-- Up-to-date: /home/kortex_ws/install/controller_manager/share/ament_index/resource_index/package_run_dependencies/controller_manager
-- Installing: /home/kortex_ws/install/controller_manager/share/ament_index/resource_index/parent_prefix_path/controller_manager
-- Up-to-date: /home/kortex_ws/install/controller_manager/share/controller_manager/environment/ament_prefix_path.sh
-- Installing: /home/kortex_ws/install/controller_manager/share/controller_manager/environment/ament_prefix_path.dsv
-- Up-to-date: /home/kortex_ws/install/controller_manager/share/controller_manager/environment/path.sh
-- Installing: /home/kortex_ws/install/controller_manager/share/controller_manager/environment/path.dsv
-- Up-to-date: /home/kortex_ws/install/controller_manager/share/controller_manager/local_setup.bash
-- Up-to-date: /home/kortex_ws/install/controller_manager/share/controller_manager/local_setup.sh
-- Up-to-date: /home/kortex_ws/install/controller_manager/share/controller_manager/local_setup.zsh
-- Installing: /home/kortex_ws/install/controller_manager/share/controller_manager/local_setup.dsv
-- Installing: /home/kortex_ws/install/controller_manager/share/controller_manager/package.dsv
-- Up-to-date: /home/kortex_ws/install/controller_manager/share/ament_index/resource_index/packages/controller_manager
-- Up-to-date: /home/kortex_ws/install/controller_manager/share/ament_index/resource_index/controller_interface__pluginlib__plugin/controller_manager
-- Up-to-date: /home/kortex_ws/install/controller_manager/share/controller_manager/cmake/ament_cmake_export_libraries-extras.cmake
-- Up-to-date: /home/kortex_ws/install/controller_manager/share/controller_manager/cmake/ament_cmake_export_include_directories-extras.cmake
-- Up-to-date: /home/kortex_ws/install/controller_manager/share/controller_manager/cmake/ament_cmake_export_dependencies-extras.cmake
-- Up-to-date: /home/kortex_ws/install/controller_manager/share/controller_manager/cmake/controller_managerConfig.cmake
-- Up-to-date: /home/kortex_ws/install/controller_manager/share/controller_manager/cmake/controller_managerConfig-version.cmake
-- Up-to-date: /home/kortex_ws/install/controller_manager/share/controller_manager/package.xml
