[0.036s] Invoking command in '/home/kortex_ws/build/controller_manager': CMAKE_PREFIX_PATH=/home/kortex_ws/install/hardware_interface_testing:/home/kortex_ws/install/controller_interface:/home/kortex_ws/install/hardware_interface:/home/kortex_ws/install/ros2_control_test_assets:/home/kortex_ws/install/controller_manager_msgs:/home/kortex_ws/install/control_msgs:/home/kortex_ws/install/kortex_bringup:/home/kortex_ws/install/kinova_gen3_7dof_robotiq_2f_85_moveit_config:/home/kortex_ws/install/kinova_gen3_6dof_robotiq_2f_85_moveit_config:/home/kortex_ws/install/kortex_description:/home/kortex_ws/install/robotiq_description:/home/kortex_ws/install/ros2_controllers:/home/kortex_ws/install/velocity_controllers:/home/kortex_ws/install/tricycle_steering_controller:/home/kortex_ws/install/tricycle_controller:/home/kortex_ws/install/ros2_control:/home/kortex_ws/install/transmission_interface:/home/kortex_ws/install/bicycle_steering_controller:/home/kortex_ws/install/ackermann_steering_controller:/home/kortex_ws/install/steering_controllers_library:/home/kortex_ws/install/robotiq_hardware_tests:/home/kortex_ws/install/robotiq_driver:/home/kortex_ws/install/serial:/home/kortex_ws/install/controller_manager:/home/kortex_ws/install/robotiq_controllers:/home/kortex_ws/install/range_sensor_broadcaster:/home/kortex_ws/install/position_controllers:/home/kortex_ws/install/picknik_twist_controller:/home/kortex_ws/install/picknik_reset_fault_controller:/home/kortex_ws/install/kortex_driver:/home/kortex_ws/install/kortex_api:/home/kortex_ws/install/admittance_controller:/home/kortex_ws/install/joint_trajectory_controller:/home/kortex_ws/install/joint_state_broadcaster:/home/kortex_ws/install/joint_limits:/home/kortex_ws/install/imu_sensor_broadcaster:/home/kortex_ws/install/gripper_controllers:/home/kortex_ws/install/effort_controllers:/home/kortex_ws/install/forward_command_controller:/home/kortex_ws/install/force_torque_sensor_broadcaster:/home/kortex_ws/install/diff_drive_controller:/home/kortex_ws/install/rqt_joint_trajectory_controller:/home/kortex_ws/install/rqt_controller_manager:/home/kortex_ws/install/ros2controlcli:/home/kortex_ws/install/ros2_controllers_test_nodes:/opt/ros/humble LD_LIBRARY_PATH=/home/kortex_ws/install/hardware_interface_testing/lib:/home/kortex_ws/install/controller_interface/lib:/home/kortex_ws/install/hardware_interface/lib:/home/kortex_ws/install/controller_manager_msgs/lib:/home/kortex_ws/install/control_msgs/lib:/home/kortex_ws/install/velocity_controllers/lib:/home/kortex_ws/install/tricycle_steering_controller/lib:/home/kortex_ws/install/tricycle_controller/lib:/home/kortex_ws/install/transmission_interface/lib:/home/kortex_ws/install/bicycle_steering_controller/lib:/home/kortex_ws/install/ackermann_steering_controller/lib:/home/kortex_ws/install/steering_controllers_library/lib:/home/kortex_ws/install/robotiq_driver/lib:/home/kortex_ws/install/serial/lib:/home/kortex_ws/install/controller_manager/lib:/home/kortex_ws/install/robotiq_controllers/lib:/home/kortex_ws/install/range_sensor_broadcaster/lib:/home/kortex_ws/install/position_controllers/lib:/home/kortex_ws/install/picknik_twist_controller/lib:/home/kortex_ws/install/picknik_reset_fault_controller/lib:/home/kortex_ws/install/kortex_driver/lib:/home/kortex_ws/install/admittance_controller/lib:/home/kortex_ws/install/joint_trajectory_controller/lib:/home/kortex_ws/install/joint_state_broadcaster/lib:/home/kortex_ws/install/imu_sensor_broadcaster/lib:/home/kortex_ws/install/gripper_controllers/lib:/home/kortex_ws/install/effort_controllers/lib:/home/kortex_ws/install/forward_command_controller/lib:/home/kortex_ws/install/force_torque_sensor_broadcaster/lib:/home/kortex_ws/install/diff_drive_controller/lib:/opt/ros/humble/opt/rviz_ogre_vendor/lib:/opt/ros/humble/lib/x86_64-linux-gnu:/opt/ros/humble/lib /usr/bin/cmake /home/kortex_ws/src/ros2_control/controller_manager -DCMAKE_INSTALL_PREFIX=/home/kortex_ws/install/controller_manager
[0.051s] -- Found ament_cmake: 1.3.8 (/opt/ros/humble/share/ament_cmake/cmake)
[0.176s] -- Found backward_ros: 1.0.2 (/opt/ros/humble/share/backward_ros/cmake)
[0.192s] -- Could NOT find libbfd (missing: LIBBFD_LIBRARY LIBBFD_INCLUDE_DIR) 
[0.192s] -- BACKWARD_HAS_UNWIND=1
[0.192s] -- BACKWARD_HAS_BACKTRACE=0
[0.192s] -- BACKWARD_HAS_BACKTRACE_SYMBOL=0
[0.193s] -- BACKWARD_HAS_DW=1
[0.193s] -- BACKWARD_HAS_BFD=0
[0.193s] -- Found Backward: /opt/ros/humble/share/backward_ros/cmake  
[0.193s] -- Found ament_index_cpp: 1.4.0 (/opt/ros/humble/share/ament_index_cpp/cmake)
[0.194s] -- Found controller_interface: 2.41.0 (/home/kortex_ws/install/controller_interface/share/controller_interface/cmake)
[0.214s] -- Found rosidl_generator_c: 3.1.5 (/opt/ros/humble/share/rosidl_generator_c/cmake)
[0.216s] -- Found rosidl_adapter: 3.1.5 (/opt/ros/humble/share/rosidl_adapter/cmake)
[0.222s] -- Found rosidl_generator_cpp: 3.1.5 (/opt/ros/humble/share/rosidl_generator_cpp/cmake)
[0.234s] -- Using all available rosidl_typesupport_c: rosidl_typesupport_fastrtps_c;rosidl_typesupport_introspection_c
[0.248s] -- Using all available rosidl_typesupport_cpp: rosidl_typesupport_fastrtps_cpp;rosidl_typesupport_introspection_cpp
[0.748s] -- Found rmw_implementation_cmake: 6.1.1 (/opt/ros/humble/share/rmw_implementation_cmake/cmake)
[0.750s] -- Found rmw_cyclonedds_cpp: 1.3.4 (/opt/ros/humble/share/rmw_cyclonedds_cpp/cmake)
[0.773s] -- Using RMW implementation 'rmw_cyclonedds_cpp' as default
[0.964s] -- Found controller_manager_msgs: 2.41.0 (/home/kortex_ws/install/controller_manager_msgs/share/controller_manager_msgs/cmake)
[1.000s] -- Found realtime_tools: 2.5.0 (/opt/ros/humble/share/realtime_tools/cmake)
[1.382s] -- Found ament_cmake_gmock: 1.3.8 (/opt/ros/humble/share/ament_cmake_gmock/cmake)
[1.382s] -- Found ros2_control_test_assets: 2.41.0 (/home/kortex_ws/install/ros2_control_test_assets/share/ros2_control_test_assets/cmake)
[1.384s] -- Found gmock sources under '/opt/ros/humble/src/gmock_vendor': C++ tests using 'Google Mock' will be built
[1.386s] -- Found ament_cmake_gtest: 1.3.8 (/opt/ros/humble/share/ament_cmake_gtest/cmake)
[1.387s] -- Found gtest sources under '/opt/ros/humble/src/gtest_vendor': C++ tests using 'Google Test' will be built
[1.515s] -- Configuring done
[1.836s] -- Generating done
[1.841s] -- Build files have been written to: /home/kortex_ws/build/controller_manager
[1.852s] Invoked command in '/home/kortex_ws/build/controller_manager' returned '0': CMAKE_PREFIX_PATH=/home/kortex_ws/install/hardware_interface_testing:/home/kortex_ws/install/controller_interface:/home/kortex_ws/install/hardware_interface:/home/kortex_ws/install/ros2_control_test_assets:/home/kortex_ws/install/controller_manager_msgs:/home/kortex_ws/install/control_msgs:/home/kortex_ws/install/kortex_bringup:/home/kortex_ws/install/kinova_gen3_7dof_robotiq_2f_85_moveit_config:/home/kortex_ws/install/kinova_gen3_6dof_robotiq_2f_85_moveit_config:/home/kortex_ws/install/kortex_description:/home/kortex_ws/install/robotiq_description:/home/kortex_ws/install/ros2_controllers:/home/kortex_ws/install/velocity_controllers:/home/kortex_ws/install/tricycle_steering_controller:/home/kortex_ws/install/tricycle_controller:/home/kortex_ws/install/ros2_control:/home/kortex_ws/install/transmission_interface:/home/kortex_ws/install/bicycle_steering_controller:/home/kortex_ws/install/ackermann_steering_controller:/home/kortex_ws/install/steering_controllers_library:/home/kortex_ws/install/robotiq_hardware_tests:/home/kortex_ws/install/robotiq_driver:/home/kortex_ws/install/serial:/home/kortex_ws/install/controller_manager:/home/kortex_ws/install/robotiq_controllers:/home/kortex_ws/install/range_sensor_broadcaster:/home/kortex_ws/install/position_controllers:/home/kortex_ws/install/picknik_twist_controller:/home/kortex_ws/install/picknik_reset_fault_controller:/home/kortex_ws/install/kortex_driver:/home/kortex_ws/install/kortex_api:/home/kortex_ws/install/admittance_controller:/home/kortex_ws/install/joint_trajectory_controller:/home/kortex_ws/install/joint_state_broadcaster:/home/kortex_ws/install/joint_limits:/home/kortex_ws/install/imu_sensor_broadcaster:/home/kortex_ws/install/gripper_controllers:/home/kortex_ws/install/effort_controllers:/home/kortex_ws/install/forward_command_controller:/home/kortex_ws/install/force_torque_sensor_broadcaster:/home/kortex_ws/install/diff_drive_controller:/home/kortex_ws/install/rqt_joint_trajectory_controller:/home/kortex_ws/install/rqt_controller_manager:/home/kortex_ws/install/ros2controlcli:/home/kortex_ws/install/ros2_controllers_test_nodes:/opt/ros/humble LD_LIBRARY_PATH=/home/kortex_ws/install/hardware_interface_testing/lib:/home/kortex_ws/install/controller_interface/lib:/home/kortex_ws/install/hardware_interface/lib:/home/kortex_ws/install/controller_manager_msgs/lib:/home/kortex_ws/install/control_msgs/lib:/home/kortex_ws/install/velocity_controllers/lib:/home/kortex_ws/install/tricycle_steering_controller/lib:/home/kortex_ws/install/tricycle_controller/lib:/home/kortex_ws/install/transmission_interface/lib:/home/kortex_ws/install/bicycle_steering_controller/lib:/home/kortex_ws/install/ackermann_steering_controller/lib:/home/kortex_ws/install/steering_controllers_library/lib:/home/kortex_ws/install/robotiq_driver/lib:/home/kortex_ws/install/serial/lib:/home/kortex_ws/install/controller_manager/lib:/home/kortex_ws/install/robotiq_controllers/lib:/home/kortex_ws/install/range_sensor_broadcaster/lib:/home/kortex_ws/install/position_controllers/lib:/home/kortex_ws/install/picknik_twist_controller/lib:/home/kortex_ws/install/picknik_reset_fault_controller/lib:/home/kortex_ws/install/kortex_driver/lib:/home/kortex_ws/install/admittance_controller/lib:/home/kortex_ws/install/joint_trajectory_controller/lib:/home/kortex_ws/install/joint_state_broadcaster/lib:/home/kortex_ws/install/imu_sensor_broadcaster/lib:/home/kortex_ws/install/gripper_controllers/lib:/home/kortex_ws/install/effort_controllers/lib:/home/kortex_ws/install/forward_command_controller/lib:/home/kortex_ws/install/force_torque_sensor_broadcaster/lib:/home/kortex_ws/install/diff_drive_controller/lib:/opt/ros/humble/opt/rviz_ogre_vendor/lib:/opt/ros/humble/lib/x86_64-linux-gnu:/opt/ros/humble/lib /usr/bin/cmake /home/kortex_ws/src/ros2_control/controller_manager -DCMAKE_INSTALL_PREFIX=/home/kortex_ws/install/controller_manager
[1.852s] Invoking command in '/home/kortex_ws/build/controller_manager': CMAKE_PREFIX_PATH=/home/kortex_ws/install/hardware_interface_testing:/home/kortex_ws/install/controller_interface:/home/kortex_ws/install/hardware_interface:/home/kortex_ws/install/ros2_control_test_assets:/home/kortex_ws/install/controller_manager_msgs:/home/kortex_ws/install/control_msgs:/home/kortex_ws/install/kortex_bringup:/home/kortex_ws/install/kinova_gen3_7dof_robotiq_2f_85_moveit_config:/home/kortex_ws/install/kinova_gen3_6dof_robotiq_2f_85_moveit_config:/home/kortex_ws/install/kortex_description:/home/kortex_ws/install/robotiq_description:/home/kortex_ws/install/ros2_controllers:/home/kortex_ws/install/velocity_controllers:/home/kortex_ws/install/tricycle_steering_controller:/home/kortex_ws/install/tricycle_controller:/home/kortex_ws/install/ros2_control:/home/kortex_ws/install/transmission_interface:/home/kortex_ws/install/bicycle_steering_controller:/home/kortex_ws/install/ackermann_steering_controller:/home/kortex_ws/install/steering_controllers_library:/home/kortex_ws/install/robotiq_hardware_tests:/home/kortex_ws/install/robotiq_driver:/home/kortex_ws/install/serial:/home/kortex_ws/install/controller_manager:/home/kortex_ws/install/robotiq_controllers:/home/kortex_ws/install/range_sensor_broadcaster:/home/kortex_ws/install/position_controllers:/home/kortex_ws/install/picknik_twist_controller:/home/kortex_ws/install/picknik_reset_fault_controller:/home/kortex_ws/install/kortex_driver:/home/kortex_ws/install/kortex_api:/home/kortex_ws/install/admittance_controller:/home/kortex_ws/install/joint_trajectory_controller:/home/kortex_ws/install/joint_state_broadcaster:/home/kortex_ws/install/joint_limits:/home/kortex_ws/install/imu_sensor_broadcaster:/home/kortex_ws/install/gripper_controllers:/home/kortex_ws/install/effort_controllers:/home/kortex_ws/install/forward_command_controller:/home/kortex_ws/install/force_torque_sensor_broadcaster:/home/kortex_ws/install/diff_drive_controller:/home/kortex_ws/install/rqt_joint_trajectory_controller:/home/kortex_ws/install/rqt_controller_manager:/home/kortex_ws/install/ros2controlcli:/home/kortex_ws/install/ros2_controllers_test_nodes:/opt/ros/humble LD_LIBRARY_PATH=/home/kortex_ws/install/hardware_interface_testing/lib:/home/kortex_ws/install/controller_interface/lib:/home/kortex_ws/install/hardware_interface/lib:/home/kortex_ws/install/controller_manager_msgs/lib:/home/kortex_ws/install/control_msgs/lib:/home/kortex_ws/install/velocity_controllers/lib:/home/kortex_ws/install/tricycle_steering_controller/lib:/home/kortex_ws/install/tricycle_controller/lib:/home/kortex_ws/install/transmission_interface/lib:/home/kortex_ws/install/bicycle_steering_controller/lib:/home/kortex_ws/install/ackermann_steering_controller/lib:/home/kortex_ws/install/steering_controllers_library/lib:/home/kortex_ws/install/robotiq_driver/lib:/home/kortex_ws/install/serial/lib:/home/kortex_ws/install/controller_manager/lib:/home/kortex_ws/install/robotiq_controllers/lib:/home/kortex_ws/install/range_sensor_broadcaster/lib:/home/kortex_ws/install/position_controllers/lib:/home/kortex_ws/install/picknik_twist_controller/lib:/home/kortex_ws/install/picknik_reset_fault_controller/lib:/home/kortex_ws/install/kortex_driver/lib:/home/kortex_ws/install/admittance_controller/lib:/home/kortex_ws/install/joint_trajectory_controller/lib:/home/kortex_ws/install/joint_state_broadcaster/lib:/home/kortex_ws/install/imu_sensor_broadcaster/lib:/home/kortex_ws/install/gripper_controllers/lib:/home/kortex_ws/install/effort_controllers/lib:/home/kortex_ws/install/forward_command_controller/lib:/home/kortex_ws/install/force_torque_sensor_broadcaster/lib:/home/kortex_ws/install/diff_drive_controller/lib:/opt/ros/humble/opt/rviz_ogre_vendor/lib:/opt/ros/humble/lib/x86_64-linux-gnu:/opt/ros/humble/lib /usr/bin/cmake --build /home/kortex_ws/build/controller_manager -- -j16 -l16
[1.910s] [35m[1mConsolidate compiler generated dependencies of target gmock_main[0m
[1.910s] [35m[1mConsolidate compiler generated dependencies of target gmock[0m
[1.910s] [35m[1mConsolidate compiler generated dependencies of target controller_manager[0m
[1.930s] [  5%] Built target gmock_main
[1.931s] [ 14%] Built target gmock
[1.934s] [ 14%] Built target ament_cmake_python_copy_controller_manager_setup
[1.934s] [ 14%] Built target ament_cmake_python_copy_controller_manager
[1.935s] [ 20%] Built target controller_manager
[1.950s] [35m[1mConsolidate compiler generated dependencies of target test_controller[0m
[1.950s] [35m[1mConsolidate compiler generated dependencies of target ros2_control_node[0m
[1.951s] [35m[1mConsolidate compiler generated dependencies of target test_controller_failed_init[0m
[1.951s] [35m[1mConsolidate compiler generated dependencies of target test_chainable_controller[0m
[1.952s] [35m[1mConsolidate compiler generated dependencies of target test_controller_with_interfaces[0m
[1.955s] [35m[1mConsolidate compiler generated dependencies of target test_controller_manager_urdf_passing[0m
[1.978s] [ 34%] Built target test_controller_failed_init
[1.978s] [ 34%] Built target test_chainable_controller
[1.978s] [ 37%] Built target test_controller
[1.980s] [ 42%] Built target ros2_control_node
[1.982s] [ 48%] Built target test_controller_with_interfaces
[1.993s] [ 54%] Built target test_controller_manager_urdf_passing
[1.997s] [35m[1mConsolidate compiler generated dependencies of target test_controller_manager_with_namespace.cpp[0m
[1.997s] [35m[1mConsolidate compiler generated dependencies of target test_hardware_management_srvs[0m
[1.998s] [35m[1mConsolidate compiler generated dependencies of target test_controller_manager[0m
[1.999s] [35m[1mConsolidate compiler generated dependencies of target test_spawner_unspawner[0m
[1.999s] [35m[1mConsolidate compiler generated dependencies of target test_controllers_chaining_with_controller_manager[0m
[2.000s] [35m[1mConsolidate compiler generated dependencies of target test_load_controller[0m
[2.000s] [35m[1mConsolidate compiler generated dependencies of target test_controller_manager_srvs[0m
[2.004s] [35m[1mConsolidate compiler generated dependencies of target test_release_interfaces[0m
[2.033s] [ 60%] Built target test_controller_manager_with_namespace.cpp
[2.034s] [ 65%] Built target test_load_controller
[2.036s] [ 71%] Built target test_controllers_chaining_with_controller_manager
[2.037s] [ 77%] Built target test_hardware_management_srvs
[2.038s] [ 82%] Built target test_spawner_unspawner
[2.039s] [ 88%] Built target test_controller_manager
[2.041s] [ 94%] Built target test_release_interfaces
[2.042s] [100%] Built target test_controller_manager_srvs
[2.157s] running install_scripts
[2.167s] running egg_info
[2.168s] writing controller_manager.egg-info/PKG-INFO
[2.168s] writing dependency_links to controller_manager.egg-info/dependency_links.txt
[2.168s] writing entry points to controller_manager.egg-info/entry_points.txt
[2.168s] writing top-level names to controller_manager.egg-info/top_level.txt
[2.170s] reading manifest file 'controller_manager.egg-info/SOURCES.txt'
[2.170s] writing manifest file 'controller_manager.egg-info/SOURCES.txt'
[2.177s] running egg_info
[2.177s] writing controller_manager.egg-info/PKG-INFO
[2.178s] writing dependency_links to controller_manager.egg-info/dependency_links.txt
[2.178s] writing entry points to controller_manager.egg-info/entry_points.txt
[2.178s] writing top-level names to controller_manager.egg-info/top_level.txt
[2.179s] reading manifest file 'controller_manager.egg-info/SOURCES.txt'
[2.180s] writing manifest file 'controller_manager.egg-info/SOURCES.txt'
[2.181s] Installing hardware_spawner script to scripts
[2.181s] Installing spawner script to scripts
[2.181s] Installing unspawner script to scripts
[2.197s] [100%] Built target ament_cmake_python_build_controller_manager_egg
[2.214s] [100%] Built target ament_cmake_python_build_controller_manager_scripts
[2.228s] Invoked command in '/home/kortex_ws/build/controller_manager' returned '0': CMAKE_PREFIX_PATH=/home/kortex_ws/install/hardware_interface_testing:/home/kortex_ws/install/controller_interface:/home/kortex_ws/install/hardware_interface:/home/kortex_ws/install/ros2_control_test_assets:/home/kortex_ws/install/controller_manager_msgs:/home/kortex_ws/install/control_msgs:/home/kortex_ws/install/kortex_bringup:/home/kortex_ws/install/kinova_gen3_7dof_robotiq_2f_85_moveit_config:/home/kortex_ws/install/kinova_gen3_6dof_robotiq_2f_85_moveit_config:/home/kortex_ws/install/kortex_description:/home/kortex_ws/install/robotiq_description:/home/kortex_ws/install/ros2_controllers:/home/kortex_ws/install/velocity_controllers:/home/kortex_ws/install/tricycle_steering_controller:/home/kortex_ws/install/tricycle_controller:/home/kortex_ws/install/ros2_control:/home/kortex_ws/install/transmission_interface:/home/kortex_ws/install/bicycle_steering_controller:/home/kortex_ws/install/ackermann_steering_controller:/home/kortex_ws/install/steering_controllers_library:/home/kortex_ws/install/robotiq_hardware_tests:/home/kortex_ws/install/robotiq_driver:/home/kortex_ws/install/serial:/home/kortex_ws/install/controller_manager:/home/kortex_ws/install/robotiq_controllers:/home/kortex_ws/install/range_sensor_broadcaster:/home/kortex_ws/install/position_controllers:/home/kortex_ws/install/picknik_twist_controller:/home/kortex_ws/install/picknik_reset_fault_controller:/home/kortex_ws/install/kortex_driver:/home/kortex_ws/install/kortex_api:/home/kortex_ws/install/admittance_controller:/home/kortex_ws/install/joint_trajectory_controller:/home/kortex_ws/install/joint_state_broadcaster:/home/kortex_ws/install/joint_limits:/home/kortex_ws/install/imu_sensor_broadcaster:/home/kortex_ws/install/gripper_controllers:/home/kortex_ws/install/effort_controllers:/home/kortex_ws/install/forward_command_controller:/home/kortex_ws/install/force_torque_sensor_broadcaster:/home/kortex_ws/install/diff_drive_controller:/home/kortex_ws/install/rqt_joint_trajectory_controller:/home/kortex_ws/install/rqt_controller_manager:/home/kortex_ws/install/ros2controlcli:/home/kortex_ws/install/ros2_controllers_test_nodes:/opt/ros/humble LD_LIBRARY_PATH=/home/kortex_ws/install/hardware_interface_testing/lib:/home/kortex_ws/install/controller_interface/lib:/home/kortex_ws/install/hardware_interface/lib:/home/kortex_ws/install/controller_manager_msgs/lib:/home/kortex_ws/install/control_msgs/lib:/home/kortex_ws/install/velocity_controllers/lib:/home/kortex_ws/install/tricycle_steering_controller/lib:/home/kortex_ws/install/tricycle_controller/lib:/home/kortex_ws/install/transmission_interface/lib:/home/kortex_ws/install/bicycle_steering_controller/lib:/home/kortex_ws/install/ackermann_steering_controller/lib:/home/kortex_ws/install/steering_controllers_library/lib:/home/kortex_ws/install/robotiq_driver/lib:/home/kortex_ws/install/serial/lib:/home/kortex_ws/install/controller_manager/lib:/home/kortex_ws/install/robotiq_controllers/lib:/home/kortex_ws/install/range_sensor_broadcaster/lib:/home/kortex_ws/install/position_controllers/lib:/home/kortex_ws/install/picknik_twist_controller/lib:/home/kortex_ws/install/picknik_reset_fault_controller/lib:/home/kortex_ws/install/kortex_driver/lib:/home/kortex_ws/install/admittance_controller/lib:/home/kortex_ws/install/joint_trajectory_controller/lib:/home/kortex_ws/install/joint_state_broadcaster/lib:/home/kortex_ws/install/imu_sensor_broadcaster/lib:/home/kortex_ws/install/gripper_controllers/lib:/home/kortex_ws/install/effort_controllers/lib:/home/kortex_ws/install/forward_command_controller/lib:/home/kortex_ws/install/force_torque_sensor_broadcaster/lib:/home/kortex_ws/install/diff_drive_controller/lib:/opt/ros/humble/opt/rviz_ogre_vendor/lib:/opt/ros/humble/lib/x86_64-linux-gnu:/opt/ros/humble/lib /usr/bin/cmake --build /home/kortex_ws/build/controller_manager -- -j16 -l16
[2.388s] Invoking command in '/home/kortex_ws/build/controller_manager': CMAKE_PREFIX_PATH=/home/kortex_ws/install/hardware_interface_testing:/home/kortex_ws/install/controller_interface:/home/kortex_ws/install/hardware_interface:/home/kortex_ws/install/ros2_control_test_assets:/home/kortex_ws/install/controller_manager_msgs:/home/kortex_ws/install/control_msgs:/home/kortex_ws/install/kortex_bringup:/home/kortex_ws/install/kinova_gen3_7dof_robotiq_2f_85_moveit_config:/home/kortex_ws/install/kinova_gen3_6dof_robotiq_2f_85_moveit_config:/home/kortex_ws/install/kortex_description:/home/kortex_ws/install/robotiq_description:/home/kortex_ws/install/ros2_controllers:/home/kortex_ws/install/velocity_controllers:/home/kortex_ws/install/tricycle_steering_controller:/home/kortex_ws/install/tricycle_controller:/home/kortex_ws/install/ros2_control:/home/kortex_ws/install/transmission_interface:/home/kortex_ws/install/bicycle_steering_controller:/home/kortex_ws/install/ackermann_steering_controller:/home/kortex_ws/install/steering_controllers_library:/home/kortex_ws/install/robotiq_hardware_tests:/home/kortex_ws/install/robotiq_driver:/home/kortex_ws/install/serial:/home/kortex_ws/install/controller_manager:/home/kortex_ws/install/robotiq_controllers:/home/kortex_ws/install/range_sensor_broadcaster:/home/kortex_ws/install/position_controllers:/home/kortex_ws/install/picknik_twist_controller:/home/kortex_ws/install/picknik_reset_fault_controller:/home/kortex_ws/install/kortex_driver:/home/kortex_ws/install/kortex_api:/home/kortex_ws/install/admittance_controller:/home/kortex_ws/install/joint_trajectory_controller:/home/kortex_ws/install/joint_state_broadcaster:/home/kortex_ws/install/joint_limits:/home/kortex_ws/install/imu_sensor_broadcaster:/home/kortex_ws/install/gripper_controllers:/home/kortex_ws/install/effort_controllers:/home/kortex_ws/install/forward_command_controller:/home/kortex_ws/install/force_torque_sensor_broadcaster:/home/kortex_ws/install/diff_drive_controller:/home/kortex_ws/install/rqt_joint_trajectory_controller:/home/kortex_ws/install/rqt_controller_manager:/home/kortex_ws/install/ros2controlcli:/home/kortex_ws/install/ros2_controllers_test_nodes:/opt/ros/humble LD_LIBRARY_PATH=/home/kortex_ws/install/hardware_interface_testing/lib:/home/kortex_ws/install/controller_interface/lib:/home/kortex_ws/install/hardware_interface/lib:/home/kortex_ws/install/controller_manager_msgs/lib:/home/kortex_ws/install/control_msgs/lib:/home/kortex_ws/install/velocity_controllers/lib:/home/kortex_ws/install/tricycle_steering_controller/lib:/home/kortex_ws/install/tricycle_controller/lib:/home/kortex_ws/install/transmission_interface/lib:/home/kortex_ws/install/bicycle_steering_controller/lib:/home/kortex_ws/install/ackermann_steering_controller/lib:/home/kortex_ws/install/steering_controllers_library/lib:/home/kortex_ws/install/robotiq_driver/lib:/home/kortex_ws/install/serial/lib:/home/kortex_ws/install/controller_manager/lib:/home/kortex_ws/install/robotiq_controllers/lib:/home/kortex_ws/install/range_sensor_broadcaster/lib:/home/kortex_ws/install/position_controllers/lib:/home/kortex_ws/install/picknik_twist_controller/lib:/home/kortex_ws/install/picknik_reset_fault_controller/lib:/home/kortex_ws/install/kortex_driver/lib:/home/kortex_ws/install/admittance_controller/lib:/home/kortex_ws/install/joint_trajectory_controller/lib:/home/kortex_ws/install/joint_state_broadcaster/lib:/home/kortex_ws/install/imu_sensor_broadcaster/lib:/home/kortex_ws/install/gripper_controllers/lib:/home/kortex_ws/install/effort_controllers/lib:/home/kortex_ws/install/forward_command_controller/lib:/home/kortex_ws/install/force_torque_sensor_broadcaster/lib:/home/kortex_ws/install/diff_drive_controller/lib:/opt/ros/humble/opt/rviz_ogre_vendor/lib:/opt/ros/humble/lib/x86_64-linux-gnu:/opt/ros/humble/lib /usr/bin/cmake --install /home/kortex_ws/build/controller_manager
[2.398s] -- Install configuration: "Release"
[2.398s] -- Up-to-date: /home/kortex_ws/install/controller_manager/lib/libcontroller_manager.so
[2.399s] -- Up-to-date: /home/kortex_ws/install/controller_manager/lib/controller_manager/ros2_control_node
[2.399s] -- Up-to-date: /home/kortex_ws/install/controller_manager/include
[2.399s] -- Up-to-date: /home/kortex_ws/install/controller_manager/include/controller_manager
[2.399s] -- Up-to-date: /home/kortex_ws/install/controller_manager/include/controller_manager/visibility_control.h
[2.399s] -- Up-to-date: /home/kortex_ws/install/controller_manager/include/controller_manager/controller_manager.hpp
[2.399s] -- Up-to-date: /home/kortex_ws/install/controller_manager/include/controller_manager/controller_spec.hpp
[2.399s] -- Up-to-date: /home/kortex_ws/install/controller_manager/share/controller_manager/test/test_controller/test_controller.xml
[2.399s] -- Up-to-date: /home/kortex_ws/install/controller_manager/lib/libtest_controller.so
[2.399s] -- Up-to-date: /home/kortex_ws/install/controller_manager/share/controller_manager/test/test_controller_failed_init/test_controller_failed_init.xml
[2.399s] -- Up-to-date: /home/kortex_ws/install/controller_manager/lib/libtest_controller_failed_init.so
[2.400s] -- Up-to-date: /home/kortex_ws/install/controller_manager/share/controller_manager/test/test_chainable_controller/test_chainable_controller.xml
[2.400s] -- Up-to-date: /home/kortex_ws/install/controller_manager/lib/libtest_chainable_controller.so
[2.400s] -- Up-to-date: /home/kortex_ws/install/controller_manager/share/controller_manager/test/test_controller_with_interfaces/test_controller_with_interfaces.xml
[2.400s] -- Up-to-date: /home/kortex_ws/install/controller_manager/lib/libtest_controller_with_interfaces.so
[2.400s] -- Up-to-date: /home/kortex_ws/install/controller_manager/share/controller_manager/environment/pythonpath.sh
[2.400s] -- Installing: /home/kortex_ws/install/controller_manager/share/controller_manager/environment/pythonpath.dsv
[2.400s] -- Up-to-date: /home/kortex_ws/install/controller_manager/local/lib/python3.10/dist-packages/controller_manager-2.41.0-py3.10.egg-info
[2.401s] -- Installing: /home/kortex_ws/install/controller_manager/local/lib/python3.10/dist-packages/controller_manager-2.41.0-py3.10.egg-info/SOURCES.txt
[2.401s] -- Installing: /home/kortex_ws/install/controller_manager/local/lib/python3.10/dist-packages/controller_manager-2.41.0-py3.10.egg-info/dependency_links.txt
[2.401s] -- Installing: /home/kortex_ws/install/controller_manager/local/lib/python3.10/dist-packages/controller_manager-2.41.0-py3.10.egg-info/top_level.txt
[2.401s] -- Installing: /home/kortex_ws/install/controller_manager/local/lib/python3.10/dist-packages/controller_manager-2.41.0-py3.10.egg-info/PKG-INFO
[2.401s] -- Installing: /home/kortex_ws/install/controller_manager/local/lib/python3.10/dist-packages/controller_manager-2.41.0-py3.10.egg-info/entry_points.txt
[2.401s] -- Up-to-date: /home/kortex_ws/install/controller_manager/lib/controller_manager/
[2.401s] -- Installing: /home/kortex_ws/install/controller_manager/lib/controller_manager//spawner
[2.401s] -- Installing: /home/kortex_ws/install/controller_manager/lib/controller_manager//hardware_spawner
[2.402s] -- Installing: /home/kortex_ws/install/controller_manager/lib/controller_manager//unspawner
[2.402s] -- Up-to-date: /home/kortex_ws/install/controller_manager/local/lib/python3.10/dist-packages/controller_manager
[2.402s] -- Up-to-date: /home/kortex_ws/install/controller_manager/local/lib/python3.10/dist-packages/controller_manager/controller_manager_services.py
[2.402s] -- Up-to-date: /home/kortex_ws/install/controller_manager/local/lib/python3.10/dist-packages/controller_manager/unspawner.py
[2.402s] -- Up-to-date: /home/kortex_ws/install/controller_manager/local/lib/python3.10/dist-packages/controller_manager/launch_utils.py
[2.402s] -- Up-to-date: /home/kortex_ws/install/controller_manager/local/lib/python3.10/dist-packages/controller_manager/spawner.py
[2.402s] -- Up-to-date: /home/kortex_ws/install/controller_manager/local/lib/python3.10/dist-packages/controller_manager/hardware_spawner.py
[2.402s] -- Up-to-date: /home/kortex_ws/install/controller_manager/local/lib/python3.10/dist-packages/controller_manager/__init__.py
[2.428s] Listing '/home/kortex_ws/install/controller_manager/local/lib/python3.10/dist-packages/controller_manager'...
[2.431s] -- Up-to-date: /home/kortex_ws/install/controller_manager/share/controller_manager/environment/library_path.sh
[2.431s] -- Installing: /home/kortex_ws/install/controller_manager/share/controller_manager/environment/library_path.dsv
[2.431s] -- Up-to-date: /home/kortex_ws/install/controller_manager/share/ament_index/resource_index/package_run_dependencies/controller_manager
[2.432s] -- Installing: /home/kortex_ws/install/controller_manager/share/ament_index/resource_index/parent_prefix_path/controller_manager
[2.432s] -- Up-to-date: /home/kortex_ws/install/controller_manager/share/controller_manager/environment/ament_prefix_path.sh
[2.432s] -- Installing: /home/kortex_ws/install/controller_manager/share/controller_manager/environment/ament_prefix_path.dsv
[2.432s] -- Up-to-date: /home/kortex_ws/install/controller_manager/share/controller_manager/environment/path.sh
[2.432s] -- Installing: /home/kortex_ws/install/controller_manager/share/controller_manager/environment/path.dsv
[2.432s] -- Up-to-date: /home/kortex_ws/install/controller_manager/share/controller_manager/local_setup.bash
[2.432s] -- Up-to-date: /home/kortex_ws/install/controller_manager/share/controller_manager/local_setup.sh
[2.432s] -- Up-to-date: /home/kortex_ws/install/controller_manager/share/controller_manager/local_setup.zsh
[2.433s] -- Installing: /home/kortex_ws/install/controller_manager/share/controller_manager/local_setup.dsv
[2.433s] -- Installing: /home/kortex_ws/install/controller_manager/share/controller_manager/package.dsv
[2.433s] -- Up-to-date: /home/kortex_ws/install/controller_manager/share/ament_index/resource_index/packages/controller_manager
[2.433s] -- Up-to-date: /home/kortex_ws/install/controller_manager/share/ament_index/resource_index/controller_interface__pluginlib__plugin/controller_manager
[2.433s] -- Up-to-date: /home/kortex_ws/install/controller_manager/share/controller_manager/cmake/ament_cmake_export_libraries-extras.cmake
[2.433s] -- Up-to-date: /home/kortex_ws/install/controller_manager/share/controller_manager/cmake/ament_cmake_export_include_directories-extras.cmake
[2.433s] -- Up-to-date: /home/kortex_ws/install/controller_manager/share/controller_manager/cmake/ament_cmake_export_dependencies-extras.cmake
[2.433s] -- Up-to-date: /home/kortex_ws/install/controller_manager/share/controller_manager/cmake/controller_managerConfig.cmake
[2.433s] -- Up-to-date: /home/kortex_ws/install/controller_manager/share/controller_manager/cmake/controller_managerConfig-version.cmake
[2.433s] -- Up-to-date: /home/kortex_ws/install/controller_manager/share/controller_manager/package.xml
[2.435s] Invoked command in '/home/kortex_ws/build/controller_manager' returned '0': CMAKE_PREFIX_PATH=/home/kortex_ws/install/hardware_interface_testing:/home/kortex_ws/install/controller_interface:/home/kortex_ws/install/hardware_interface:/home/kortex_ws/install/ros2_control_test_assets:/home/kortex_ws/install/controller_manager_msgs:/home/kortex_ws/install/control_msgs:/home/kortex_ws/install/kortex_bringup:/home/kortex_ws/install/kinova_gen3_7dof_robotiq_2f_85_moveit_config:/home/kortex_ws/install/kinova_gen3_6dof_robotiq_2f_85_moveit_config:/home/kortex_ws/install/kortex_description:/home/kortex_ws/install/robotiq_description:/home/kortex_ws/install/ros2_controllers:/home/kortex_ws/install/velocity_controllers:/home/kortex_ws/install/tricycle_steering_controller:/home/kortex_ws/install/tricycle_controller:/home/kortex_ws/install/ros2_control:/home/kortex_ws/install/transmission_interface:/home/kortex_ws/install/bicycle_steering_controller:/home/kortex_ws/install/ackermann_steering_controller:/home/kortex_ws/install/steering_controllers_library:/home/kortex_ws/install/robotiq_hardware_tests:/home/kortex_ws/install/robotiq_driver:/home/kortex_ws/install/serial:/home/kortex_ws/install/controller_manager:/home/kortex_ws/install/robotiq_controllers:/home/kortex_ws/install/range_sensor_broadcaster:/home/kortex_ws/install/position_controllers:/home/kortex_ws/install/picknik_twist_controller:/home/kortex_ws/install/picknik_reset_fault_controller:/home/kortex_ws/install/kortex_driver:/home/kortex_ws/install/kortex_api:/home/kortex_ws/install/admittance_controller:/home/kortex_ws/install/joint_trajectory_controller:/home/kortex_ws/install/joint_state_broadcaster:/home/kortex_ws/install/joint_limits:/home/kortex_ws/install/imu_sensor_broadcaster:/home/kortex_ws/install/gripper_controllers:/home/kortex_ws/install/effort_controllers:/home/kortex_ws/install/forward_command_controller:/home/kortex_ws/install/force_torque_sensor_broadcaster:/home/kortex_ws/install/diff_drive_controller:/home/kortex_ws/install/rqt_joint_trajectory_controller:/home/kortex_ws/install/rqt_controller_manager:/home/kortex_ws/install/ros2controlcli:/home/kortex_ws/install/ros2_controllers_test_nodes:/opt/ros/humble LD_LIBRARY_PATH=/home/kortex_ws/install/hardware_interface_testing/lib:/home/kortex_ws/install/controller_interface/lib:/home/kortex_ws/install/hardware_interface/lib:/home/kortex_ws/install/controller_manager_msgs/lib:/home/kortex_ws/install/control_msgs/lib:/home/kortex_ws/install/velocity_controllers/lib:/home/kortex_ws/install/tricycle_steering_controller/lib:/home/kortex_ws/install/tricycle_controller/lib:/home/kortex_ws/install/transmission_interface/lib:/home/kortex_ws/install/bicycle_steering_controller/lib:/home/kortex_ws/install/ackermann_steering_controller/lib:/home/kortex_ws/install/steering_controllers_library/lib:/home/kortex_ws/install/robotiq_driver/lib:/home/kortex_ws/install/serial/lib:/home/kortex_ws/install/controller_manager/lib:/home/kortex_ws/install/robotiq_controllers/lib:/home/kortex_ws/install/range_sensor_broadcaster/lib:/home/kortex_ws/install/position_controllers/lib:/home/kortex_ws/install/picknik_twist_controller/lib:/home/kortex_ws/install/picknik_reset_fault_controller/lib:/home/kortex_ws/install/kortex_driver/lib:/home/kortex_ws/install/admittance_controller/lib:/home/kortex_ws/install/joint_trajectory_controller/lib:/home/kortex_ws/install/joint_state_broadcaster/lib:/home/kortex_ws/install/imu_sensor_broadcaster/lib:/home/kortex_ws/install/gripper_controllers/lib:/home/kortex_ws/install/effort_controllers/lib:/home/kortex_ws/install/forward_command_controller/lib:/home/kortex_ws/install/force_torque_sensor_broadcaster/lib:/home/kortex_ws/install/diff_drive_controller/lib:/opt/ros/humble/opt/rviz_ogre_vendor/lib:/opt/ros/humble/lib/x86_64-linux-gnu:/opt/ros/humble/lib /usr/bin/cmake --install /home/kortex_ws/build/controller_manager
