[0.481s] Invoking command in '/home/humble_kortex_interface_ws/src/kortex_interface': PYTHONPATH=/home/humble_kortex_interface_ws/build/kortex_interface/prefix_override:/home/humble_kortex_interface_ws/install/kortex_interface/lib/python3.10/site-packages:${PYTHONPATH} /usr/bin/python3 -W ignore:setup.py install is deprecated setup.py egg_info --egg-base ../../build/kortex_interface build --build-base /home/humble_kortex_interface_ws/build/kortex_interface/build install --record /home/humble_kortex_interface_ws/build/kortex_interface/install.log --single-version-externally-managed install_data
[0.654s] running egg_info
[0.654s] writing ../../build/kortex_interface/kortex_interface.egg-info/PKG-INFO
[0.654s] writing dependency_links to ../../build/kortex_interface/kortex_interface.egg-info/dependency_links.txt
[0.654s] writing entry points to ../../build/kortex_interface/kortex_interface.egg-info/entry_points.txt
[0.654s] writing requirements to ../../build/kortex_interface/kortex_interface.egg-info/requires.txt
[0.655s] writing top-level names to ../../build/kortex_interface/kortex_interface.egg-info/top_level.txt
[0.656s] reading manifest file '../../build/kortex_interface/kortex_interface.egg-info/SOURCES.txt'
[0.657s] writing manifest file '../../build/kortex_interface/kortex_interface.egg-info/SOURCES.txt'
[0.657s] running build
[0.657s] running build_py
[0.657s] copying kortex_interface/hw_joint_command_forwarder.py -> /home/humble_kortex_interface_ws/build/kortex_interface/build/lib/kortex_interface
[0.657s] running install
[0.658s] running install_lib
[0.659s] copying /home/humble_kortex_interface_ws/build/kortex_interface/build/lib/kortex_interface/hw_joint_command_forwarder.py -> /home/humble_kortex_interface_ws/install/kortex_interface/lib/python3.10/site-packages/kortex_interface
[0.659s] byte-compiling /home/humble_kortex_interface_ws/install/kortex_interface/lib/python3.10/site-packages/kortex_interface/hw_joint_command_forwarder.py to hw_joint_command_forwarder.cpython-310.pyc
[0.660s] running install_data
[0.660s] running install_egg_info
[0.661s] removing '/home/humble_kortex_interface_ws/install/kortex_interface/lib/python3.10/site-packages/kortex_interface-0.0.0-py3.10.egg-info' (and everything under it)
[0.662s] Copying ../../build/kortex_interface/kortex_interface.egg-info to /home/humble_kortex_interface_ws/install/kortex_interface/lib/python3.10/site-packages/kortex_interface-0.0.0-py3.10.egg-info
[0.662s] running install_scripts
[0.677s] Installing hw_joint_command_forwarder script to /home/humble_kortex_interface_ws/install/kortex_interface/lib/kortex_interface
[0.677s] Installing joint_pruner script to /home/humble_kortex_interface_ws/install/kortex_interface/lib/kortex_interface
[0.677s] writing list of installed files to '/home/humble_kortex_interface_ws/build/kortex_interface/install.log'
[0.698s] Invoked command in '/home/humble_kortex_interface_ws/src/kortex_interface' returned '0': PYTHONPATH=/home/humble_kortex_interface_ws/build/kortex_interface/prefix_override:/home/humble_kortex_interface_ws/install/kortex_interface/lib/python3.10/site-packages:${PYTHONPATH} /usr/bin/python3 -W ignore:setup.py install is deprecated setup.py egg_info --egg-base ../../build/kortex_interface build --build-base /home/humble_kortex_interface_ws/build/kortex_interface/build install --record /home/humble_kortex_interface_ws/build/kortex_interface/install.log --single-version-externally-managed install_data
