[1.399s] Invoking command in '/home/humble_ws/src/antworker_moveit_bringup': PYTHONPATH=/home/humble_ws/build/antworker_moveit_bringup/prefix_override:/home/humble_ws/install/antworker_moveit_bringup/lib/python3.10/site-packages:${PYTHONPATH} /usr/bin/python3 -W ignore:setup.py install is deprecated setup.py egg_info --egg-base ../../build/antworker_moveit_bringup build --build-base /home/humble_ws/build/antworker_moveit_bringup/build install --record /home/humble_ws/build/antworker_moveit_bringup/install.log --single-version-externally-managed install_data
[1.632s] running egg_info
[1.632s] writing ../../build/antworker_moveit_bringup/antworker_moveit_bringup.egg-info/PKG-INFO
[1.633s] writing dependency_links to ../../build/antworker_moveit_bringup/antworker_moveit_bringup.egg-info/dependency_links.txt
[1.633s] writing entry points to ../../build/antworker_moveit_bringup/antworker_moveit_bringup.egg-info/entry_points.txt
[1.633s] writing requirements to ../../build/antworker_moveit_bringup/antworker_moveit_bringup.egg-info/requires.txt
[1.633s] writing top-level names to ../../build/antworker_moveit_bringup/antworker_moveit_bringup.egg-info/top_level.txt
[1.635s] reading manifest file '../../build/antworker_moveit_bringup/antworker_moveit_bringup.egg-info/SOURCES.txt'
[1.637s] writing manifest file '../../build/antworker_moveit_bringup/antworker_moveit_bringup.egg-info/SOURCES.txt'
[1.637s] running build
[1.637s] running build_py
[1.638s] copying antworker_moveit_bringup/move_action_interface.py -> /home/humble_ws/build/antworker_moveit_bringup/build/lib/antworker_moveit_bringup
[1.639s] running install
[1.639s] running install_lib
[1.639s] copying /home/humble_ws/build/antworker_moveit_bringup/build/lib/antworker_moveit_bringup/move_action_interface.py -> /home/humble_ws/install/antworker_moveit_bringup/lib/python3.10/site-packages/antworker_moveit_bringup
[1.640s] byte-compiling /home/humble_ws/install/antworker_moveit_bringup/lib/python3.10/site-packages/antworker_moveit_bringup/move_action_interface.py to move_action_interface.cpython-310.pyc
[1.642s] running install_data
[1.642s] copying config/rviz_config.rviz -> /home/humble_ws/install/antworker_moveit_bringup/share/antworker_moveit_bringup/config
[1.642s] running install_egg_info
[1.645s] removing '/home/humble_ws/install/antworker_moveit_bringup/lib/python3.10/site-packages/antworker_moveit_bringup-0.0.0-py3.10.egg-info' (and everything under it)
[1.645s] Copying ../../build/antworker_moveit_bringup/antworker_moveit_bringup.egg-info to /home/humble_ws/install/antworker_moveit_bringup/lib/python3.10/site-packages/antworker_moveit_bringup-0.0.0-py3.10.egg-info
[1.646s] running install_scripts
[1.671s] Installing dummy_wheel_joint_publisher script to /home/humble_ws/install/antworker_moveit_bringup/lib/antworker_moveit_bringup
[1.671s] Installing ee_point_server script to /home/humble_ws/install/antworker_moveit_bringup/lib/antworker_moveit_bringup
[1.671s] Installing joint_command_forwarder script to /home/humble_ws/install/antworker_moveit_bringup/lib/antworker_moveit_bringup
[1.672s] Installing joint_state_forwarder script to /home/humble_ws/install/antworker_moveit_bringup/lib/antworker_moveit_bringup
[1.672s] Installing move_action_interface script to /home/humble_ws/install/antworker_moveit_bringup/lib/antworker_moveit_bringup
[1.672s] Installing trajectory_server script to /home/humble_ws/install/antworker_moveit_bringup/lib/antworker_moveit_bringup
[1.672s] Installing trajectory_server_sim script to /home/humble_ws/install/antworker_moveit_bringup/lib/antworker_moveit_bringup
[1.672s] writing list of installed files to '/home/humble_ws/build/antworker_moveit_bringup/install.log'
[1.736s] Invoked command in '/home/humble_ws/src/antworker_moveit_bringup' returned '0': PYTHONPATH=/home/humble_ws/build/antworker_moveit_bringup/prefix_override:/home/humble_ws/install/antworker_moveit_bringup/lib/python3.10/site-packages:${PYTHONPATH} /usr/bin/python3 -W ignore:setup.py install is deprecated setup.py egg_info --egg-base ../../build/antworker_moveit_bringup build --build-base /home/humble_ws/build/antworker_moveit_bringup/build install --record /home/humble_ws/build/antworker_moveit_bringup/install.log --single-version-externally-managed install_data
