[0.000000] (-) TimerEvent: {}
[0.000099] (-) JobUnselected: {'identifier': 'antworker_isaacsim_world'}
[0.000204] (-) JobUnselected: {'identifier': 'antworker_navigation'}
[0.000238] (moveit_rolling_humble_interface) JobQueued: {'identifier': 'moveit_rolling_humble_interface', 'dependencies': OrderedDict()}
[0.000275] (moveit_rolling_humble_interface) JobStarted: {'identifier': 'moveit_rolling_humble_interface'}
[0.099375] (-) TimerEvent: {}
[0.199607] (-) TimerEvent: {}
[0.299829] (-) TimerEvent: {}
[0.400081] (-) TimerEvent: {}
[0.430842] (moveit_rolling_humble_interface) Command: {'cmd': ['/usr/bin/python3', '-W', 'ignore:setup.py install is deprecated', 'setup.py', 'egg_info', '--egg-base', '../../build/moveit_rolling_humble_interface', 'build', '--build-base', '/home/humble_ws/build/moveit_rolling_humble_interface/build', 'install', '--record', '/home/humble_ws/build/moveit_rolling_humble_interface/install.log', '--single-version-externally-managed', 'install_data'], 'cwd': '/home/humble_ws/src/moveit_rolling_humble_interface', 'env': {'HOSTNAME': '2df9eb308f2c', 'SHLVL': '1', 'LD_LIBRARY_PATH': '/opt/ros/humble/opt/rviz_ogre_vendor/lib:/opt/ros/humble/lib/x86_64-linux-gnu:/opt/ros/humble/lib', 'HOME': '/root', 'OLDPWD': '/home/humble_ws', 'ROS_PYTHON_VERSION': '3', 'ROS_DISTRO': 'humble', '_': '/usr/bin/colcon', 'ROS_VERSION': '2', 'TERM': 'xterm', 'ROS_LOCALHOST_ONLY': '0', 'PATH': '/opt/ros/humble/bin:/usr/local/sbin:/usr/local/bin:/usr/sbin:/usr/bin:/sbin:/bin', 'DISPLAY': ':1', 'LANG': 'en_US.UTF-8', 'RMW_IMPLEMENTATION': 'rmw_fastrtps_dynamic_cpp', 'AMENT_PREFIX_PATH': '/opt/ros/humble', 'PWD': '/home/humble_ws/build/moveit_rolling_humble_interface', 'LC_ALL': 'C.UTF-8', 'PYTHONPATH': '/home/humble_ws/build/moveit_rolling_humble_interface/prefix_override:/home/humble_ws/install/moveit_rolling_humble_interface/lib/python3.10/site-packages:/opt/ros/humble/lib/python3.10/site-packages:/opt/ros/humble/local/lib/python3.10/dist-packages', 'COLCON': '1'}, 'shell': False}
[0.500199] (-) TimerEvent: {}
[0.600453] (-) TimerEvent: {}
[0.608398] (moveit_rolling_humble_interface) StdoutLine: {'line': b'running egg_info\n'}
[0.608862] (moveit_rolling_humble_interface) StdoutLine: {'line': b'writing ../../build/moveit_rolling_humble_interface/moveit_rolling_humble_interface.egg-info/PKG-INFO\n'}
[0.609060] (moveit_rolling_humble_interface) StdoutLine: {'line': b'writing dependency_links to ../../build/moveit_rolling_humble_interface/moveit_rolling_humble_interface.egg-info/dependency_links.txt\n'}
[0.609218] (moveit_rolling_humble_interface) StdoutLine: {'line': b'writing entry points to ../../build/moveit_rolling_humble_interface/moveit_rolling_humble_interface.egg-info/entry_points.txt\n'}
[0.609374] (moveit_rolling_humble_interface) StdoutLine: {'line': b'writing requirements to ../../build/moveit_rolling_humble_interface/moveit_rolling_humble_interface.egg-info/requires.txt\n'}
[0.609508] (moveit_rolling_humble_interface) StdoutLine: {'line': b'writing top-level names to ../../build/moveit_rolling_humble_interface/moveit_rolling_humble_interface.egg-info/top_level.txt\n'}
[0.610677] (moveit_rolling_humble_interface) StdoutLine: {'line': b"reading manifest file '../../build/moveit_rolling_humble_interface/moveit_rolling_humble_interface.egg-info/SOURCES.txt'\n"}
[0.611352] (moveit_rolling_humble_interface) StdoutLine: {'line': b"writing manifest file '../../build/moveit_rolling_humble_interface/moveit_rolling_humble_interface.egg-info/SOURCES.txt'\n"}
[0.611468] (moveit_rolling_humble_interface) StdoutLine: {'line': b'running build\n'}
[0.611530] (moveit_rolling_humble_interface) StdoutLine: {'line': b'running build_py\n'}
[0.611749] (moveit_rolling_humble_interface) StdoutLine: {'line': b'running install\n'}
[0.611937] (moveit_rolling_humble_interface) StdoutLine: {'line': b'running install_lib\n'}
[0.612768] (moveit_rolling_humble_interface) StdoutLine: {'line': b'running install_data\n'}
[0.612869] (moveit_rolling_humble_interface) StdoutLine: {'line': b'running install_egg_info\n'}
[0.614018] (moveit_rolling_humble_interface) StdoutLine: {'line': b"removing '/home/humble_ws/install/moveit_rolling_humble_interface/lib/python3.10/site-packages/moveit_rolling_humble_interface-0.0.0-py3.10.egg-info' (and everything under it)\n"}
[0.614356] (moveit_rolling_humble_interface) StdoutLine: {'line': b'Copying ../../build/moveit_rolling_humble_interface/moveit_rolling_humble_interface.egg-info to /home/humble_ws/install/moveit_rolling_humble_interface/lib/python3.10/site-packages/moveit_rolling_humble_interface-0.0.0-py3.10.egg-info\n'}
[0.615290] (moveit_rolling_humble_interface) StdoutLine: {'line': b'running install_scripts\n'}
[0.629707] (moveit_rolling_humble_interface) StdoutLine: {'line': b'Installing joint_state_translater script to /home/humble_ws/install/moveit_rolling_humble_interface/lib/moveit_rolling_humble_interface\n'}
[0.630004] (moveit_rolling_humble_interface) StdoutLine: {'line': b"writing list of installed files to '/home/humble_ws/build/moveit_rolling_humble_interface/install.log'\n"}
[0.647699] (moveit_rolling_humble_interface) CommandEnded: {'returncode': 0}
[0.659039] (moveit_rolling_humble_interface) JobEnded: {'identifier': 'moveit_rolling_humble_interface', 'rc': 0}
[0.659364] (-) EventReactorShutdown: {}
