[0.012s] Invoking command in '/home/humble_ws/build/kinova_base_moveit': AMENT_PREFIX_PATH=/home/humble_ws/install/antworker_description:${AMENT_PREFIX_PATH} CMAKE_PREFIX_PATH=/home/humble_ws/install/iron_moveit_ctrl:/home/humble_ws/install/support_kinova_moveit:/opt/ros/humble PYTHONPATH=/home/humble_ws/install/antworker_description/lib/python3.10/site-packages:${PYTHONPATH} /usr/bin/cmake /home/humble_ws/src/kinova_base_moveit -DCMAKE_INSTALL_PREFIX=/home/humble_ws/install/kinova_base_moveit
[0.063s] -- The C compiler identification is GNU 11.4.0
[0.113s] -- The CXX compiler identification is GNU 11.4.0
[0.119s] -- Detecting C compiler ABI info
[0.187s] -- Detecting C compiler ABI info - done
[0.194s] -- Check for working C compiler: /usr/bin/cc - skipped
[0.194s] -- Detecting C compile features
[0.194s] -- Detecting C compile features - done
[0.197s] -- Detecting CXX compiler ABI info
[0.281s] -- Detecting CXX compiler ABI info - done
[0.288s] -- Check for working CXX compiler: /usr/bin/c++ - skipped
[0.288s] -- Detecting CXX compile features
[0.289s] -- Detecting CXX compile features - done
[0.294s] -- Found ament_cmake: 1.3.8 (/opt/ros/humble/share/ament_cmake/cmake)
[0.441s] -- Found Python3: /usr/bin/python3 (found version "3.10.12") found components: Interpreter 
[0.605s] -- Configuring done
[0.608s] -- Generating done
[0.609s] -- Build files have been written to: /home/humble_ws/build/kinova_base_moveit
[0.613s] Invoked command in '/home/humble_ws/build/kinova_base_moveit' returned '0': AMENT_PREFIX_PATH=/home/humble_ws/install/antworker_description:${AMENT_PREFIX_PATH} CMAKE_PREFIX_PATH=/home/humble_ws/install/iron_moveit_ctrl:/home/humble_ws/install/support_kinova_moveit:/opt/ros/humble PYTHONPATH=/home/humble_ws/install/antworker_description/lib/python3.10/site-packages:${PYTHONPATH} /usr/bin/cmake /home/humble_ws/src/kinova_base_moveit -DCMAKE_INSTALL_PREFIX=/home/humble_ws/install/kinova_base_moveit
[0.615s] Invoking command in '/home/humble_ws/build/kinova_base_moveit': AMENT_PREFIX_PATH=/home/humble_ws/install/antworker_description:${AMENT_PREFIX_PATH} CMAKE_PREFIX_PATH=/home/humble_ws/install/iron_moveit_ctrl:/home/humble_ws/install/support_kinova_moveit:/opt/ros/humble PYTHONPATH=/home/humble_ws/install/antworker_description/lib/python3.10/site-packages:${PYTHONPATH} /usr/bin/cmake --build /home/humble_ws/build/kinova_base_moveit -- -j16 -l16
[0.654s] Invoked command in '/home/humble_ws/build/kinova_base_moveit' returned '0': AMENT_PREFIX_PATH=/home/humble_ws/install/antworker_description:${AMENT_PREFIX_PATH} CMAKE_PREFIX_PATH=/home/humble_ws/install/iron_moveit_ctrl:/home/humble_ws/install/support_kinova_moveit:/opt/ros/humble PYTHONPATH=/home/humble_ws/install/antworker_description/lib/python3.10/site-packages:${PYTHONPATH} /usr/bin/cmake --build /home/humble_ws/build/kinova_base_moveit -- -j16 -l16
[0.685s] Invoking command in '/home/humble_ws/build/kinova_base_moveit': AMENT_PREFIX_PATH=/home/humble_ws/install/antworker_description:${AMENT_PREFIX_PATH} CMAKE_PREFIX_PATH=/home/humble_ws/install/iron_moveit_ctrl:/home/humble_ws/install/support_kinova_moveit:/opt/ros/humble PYTHONPATH=/home/humble_ws/install/antworker_description/lib/python3.10/site-packages:${PYTHONPATH} /usr/bin/cmake --install /home/humble_ws/build/kinova_base_moveit
[0.692s] -- Install configuration: ""
[0.692s] -- Installing: /home/humble_ws/install/kinova_base_moveit/share/ament_index/resource_index/package_run_dependencies/kinova_base_moveit
[0.692s] -- Installing: /home/humble_ws/install/kinova_base_moveit/share/ament_index/resource_index/parent_prefix_path/kinova_base_moveit
[0.692s] -- Installing: /home/humble_ws/install/kinova_base_moveit/share/kinova_base_moveit/environment/ament_prefix_path.sh
[0.692s] -- Installing: /home/humble_ws/install/kinova_base_moveit/share/kinova_base_moveit/environment/ament_prefix_path.dsv
[0.693s] -- Installing: /home/humble_ws/install/kinova_base_moveit/share/kinova_base_moveit/environment/path.sh
[0.693s] -- Installing: /home/humble_ws/install/kinova_base_moveit/share/kinova_base_moveit/environment/path.dsv
[0.693s] -- Installing: /home/humble_ws/install/kinova_base_moveit/share/kinova_base_moveit/local_setup.bash
[0.693s] -- Installing: /home/humble_ws/install/kinova_base_moveit/share/kinova_base_moveit/local_setup.sh
[0.693s] -- Installing: /home/humble_ws/install/kinova_base_moveit/share/kinova_base_moveit/local_setup.zsh
[0.693s] -- Installing: /home/humble_ws/install/kinova_base_moveit/share/kinova_base_moveit/local_setup.dsv
[0.693s] -- Installing: /home/humble_ws/install/kinova_base_moveit/share/kinova_base_moveit/package.dsv
[0.694s] -- Installing: /home/humble_ws/install/kinova_base_moveit/share/ament_index/resource_index/packages/kinova_base_moveit
[0.694s] -- Installing: /home/humble_ws/install/kinova_base_moveit/share/kinova_base_moveit/cmake/kinova_base_moveitConfig.cmake
[0.694s] -- Installing: /home/humble_ws/install/kinova_base_moveit/share/kinova_base_moveit/cmake/kinova_base_moveitConfig-version.cmake
[0.694s] -- Installing: /home/humble_ws/install/kinova_base_moveit/share/kinova_base_moveit/package.xml
[0.694s] -- Installing: /home/humble_ws/install/kinova_base_moveit/share/kinova_base_moveit/launch
[0.694s] -- Installing: /home/humble_ws/install/kinova_base_moveit/share/kinova_base_moveit/launch/demo.launch.py
[0.694s] -- Installing: /home/humble_ws/install/kinova_base_moveit/share/kinova_base_moveit/launch/setup_assistant.launch.py
[0.694s] -- Installing: /home/humble_ws/install/kinova_base_moveit/share/kinova_base_moveit/launch/move_group.launch.py
[0.695s] -- Installing: /home/humble_ws/install/kinova_base_moveit/share/kinova_base_moveit/launch/warehouse_db.launch.py
[0.695s] -- Installing: /home/humble_ws/install/kinova_base_moveit/share/kinova_base_moveit/launch/static_virtual_joint_tfs.launch.py
[0.695s] -- Installing: /home/humble_ws/install/kinova_base_moveit/share/kinova_base_moveit/launch/spawn_controllers.launch.py
[0.695s] -- Installing: /home/humble_ws/install/kinova_base_moveit/share/kinova_base_moveit/launch/rsp.launch.py
[0.695s] -- Installing: /home/humble_ws/install/kinova_base_moveit/share/kinova_base_moveit/launch/moveit_rviz.launch.py
[0.695s] -- Installing: /home/humble_ws/install/kinova_base_moveit/share/kinova_base_moveit/config
[0.695s] -- Installing: /home/humble_ws/install/kinova_base_moveit/share/kinova_base_moveit/config/antworker.srdf
[0.695s] -- Installing: /home/humble_ws/install/kinova_base_moveit/share/kinova_base_moveit/config/antworker.ros2_control.xacro
[0.696s] -- Installing: /home/humble_ws/install/kinova_base_moveit/share/kinova_base_moveit/config/joint_limits.yaml
[0.696s] -- Installing: /home/humble_ws/install/kinova_base_moveit/share/kinova_base_moveit/config/ros2_controllers.yaml
[0.696s] -- Installing: /home/humble_ws/install/kinova_base_moveit/share/kinova_base_moveit/config/pilz_cartesian_limits.yaml
[0.696s] -- Installing: /home/humble_ws/install/kinova_base_moveit/share/kinova_base_moveit/config/moveit.rviz
[0.696s] -- Installing: /home/humble_ws/install/kinova_base_moveit/share/kinova_base_moveit/config/kinematics.yaml
[0.696s] -- Installing: /home/humble_ws/install/kinova_base_moveit/share/kinova_base_moveit/config/sensors_3d.yaml
[0.696s] -- Installing: /home/humble_ws/install/kinova_base_moveit/share/kinova_base_moveit/config/initial_positions.yaml
[0.696s] -- Installing: /home/humble_ws/install/kinova_base_moveit/share/kinova_base_moveit/config/antworker.urdf.xacro
[0.697s] -- Installing: /home/humble_ws/install/kinova_base_moveit/share/kinova_base_moveit/config/moveit_controllers.yaml
[0.697s] -- Installing: /home/humble_ws/install/kinova_base_moveit/share/kinova_base_moveit/.setup_assistant
[0.699s] Invoked command in '/home/humble_ws/build/kinova_base_moveit' returned '0': AMENT_PREFIX_PATH=/home/humble_ws/install/antworker_description:${AMENT_PREFIX_PATH} CMAKE_PREFIX_PATH=/home/humble_ws/install/iron_moveit_ctrl:/home/humble_ws/install/support_kinova_moveit:/opt/ros/humble PYTHONPATH=/home/humble_ws/install/antworker_description/lib/python3.10/site-packages:${PYTHONPATH} /usr/bin/cmake --install /home/humble_ws/build/kinova_base_moveit
