[0.010s] Invoking command in '/home/moveit/src/build/moveit_common': CMAKE_PREFIX_PATH=/opt/ros/humble /usr/bin/cmake /home/moveit/src/moveit2/moveit_common -DCMAKE_BUILD_TYPE=Release -DCMAKE_INSTALL_PREFIX=/home/moveit/src/install/moveit_common
[0.027s] -- Found ament_cmake: 1.3.9 (/opt/ros/humble/share/ament_cmake/cmake)
[0.154s] -- Found Python3: /usr/bin/python3 (found version "3.10.12") found components: Interpreter 
[0.245s] -- Found ament_lint_auto: 0.12.11 (/opt/ros/humble/share/ament_lint_auto/cmake)
[0.322s] -- Added test 'copyright' to check source files copyright and LICENSE
[0.324s] -- Added test 'lint_cmake' to check CMake code style
[0.325s] -- Added test 'xmllint' to check XML markup files
[0.327s] -- Configuring done
[0.330s] -- Generating done
[0.330s] -- Build files have been written to: /home/moveit/src/build/moveit_common
[0.333s] Invoked command in '/home/moveit/src/build/moveit_common' returned '0': CMAKE_PREFIX_PATH=/opt/ros/humble /usr/bin/cmake /home/moveit/src/moveit2/moveit_common -DCMAKE_BUILD_TYPE=Release -DCMAKE_INSTALL_PREFIX=/home/moveit/src/install/moveit_common
[0.334s] Invoking command in '/home/moveit/src/build/moveit_common': CMAKE_PREFIX_PATH=/opt/ros/humble /usr/bin/cmake --build /home/moveit/src/build/moveit_common -- -j16 -l16
[0.368s] Invoked command in '/home/moveit/src/build/moveit_common' returned '0': CMAKE_PREFIX_PATH=/opt/ros/humble /usr/bin/cmake --build /home/moveit/src/build/moveit_common -- -j16 -l16
[0.396s] Invoking command in '/home/moveit/src/build/moveit_common': CMAKE_PREFIX_PATH=/opt/ros/humble /usr/bin/cmake --install /home/moveit/src/build/moveit_common
[0.401s] -- Install configuration: "Release"
[0.402s] -- Installing: /home/moveit/src/install/moveit_common/share/ament_index/resource_index/package_run_dependencies/moveit_common
[0.402s] -- Installing: /home/moveit/src/install/moveit_common/share/ament_index/resource_index/parent_prefix_path/moveit_common
[0.402s] -- Installing: /home/moveit/src/install/moveit_common/share/moveit_common/environment/ament_prefix_path.sh
[0.402s] -- Installing: /home/moveit/src/install/moveit_common/share/moveit_common/environment/ament_prefix_path.dsv
[0.403s] -- Installing: /home/moveit/src/install/moveit_common/share/moveit_common/environment/path.sh
[0.403s] -- Installing: /home/moveit/src/install/moveit_common/share/moveit_common/environment/path.dsv
[0.403s] -- Installing: /home/moveit/src/install/moveit_common/share/moveit_common/local_setup.bash
[0.403s] -- Installing: /home/moveit/src/install/moveit_common/share/moveit_common/local_setup.sh
[0.403s] -- Installing: /home/moveit/src/install/moveit_common/share/moveit_common/local_setup.zsh
[0.403s] -- Installing: /home/moveit/src/install/moveit_common/share/moveit_common/local_setup.dsv
[0.403s] -- Installing: /home/moveit/src/install/moveit_common/share/moveit_common/package.dsv
[0.404s] -- Installing: /home/moveit/src/install/moveit_common/share/ament_index/resource_index/packages/moveit_common
[0.404s] -- Installing: /home/moveit/src/install/moveit_common/share/moveit_common/cmake/moveit_common-extras.cmake
[0.404s] -- Installing: /home/moveit/src/install/moveit_common/share/moveit_common/cmake/moveit_commonConfig.cmake
[0.404s] -- Installing: /home/moveit/src/install/moveit_common/share/moveit_common/cmake/moveit_commonConfig-version.cmake
[0.404s] -- Installing: /home/moveit/src/install/moveit_common/share/moveit_common/package.xml
[0.405s] -- Up-to-date: /home/moveit/src/install/moveit_common/share/moveit_common/cmake
[0.405s] -- Installing: /home/moveit/src/install/moveit_common/share/moveit_common/cmake/moveit_package.cmake
[0.406s] Invoked command in '/home/moveit/src/build/moveit_common' returned '0': CMAKE_PREFIX_PATH=/opt/ros/humble /usr/bin/cmake --install /home/moveit/src/build/moveit_common
