[0.502s] Invoking command in '/home/humble_ws/src/kortex_interface': PYTHONPATH=/home/humble_ws/build/kortex_interface/prefix_override:/home/humble_ws/install/kortex_interface/lib/python3.10/site-packages:${PYTHONPATH} /usr/bin/python3 -W ignore:setup.py install is deprecated setup.py egg_info --egg-base ../../build/kortex_interface build --build-base /home/humble_ws/build/kortex_interface/build install --record /home/humble_ws/build/kortex_interface/install.log --single-version-externally-managed install_data
[0.694s] running egg_info
[0.695s] writing ../../build/kortex_interface/kortex_interface.egg-info/PKG-INFO
[0.695s] writing dependency_links to ../../build/kortex_interface/kortex_interface.egg-info/dependency_links.txt
[0.695s] writing entry points to ../../build/kortex_interface/kortex_interface.egg-info/entry_points.txt
[0.695s] writing requirements to ../../build/kortex_interface/kortex_interface.egg-info/requires.txt
[0.695s] writing top-level names to ../../build/kortex_interface/kortex_interface.egg-info/top_level.txt
[0.696s] reading manifest file '../../build/kortex_interface/kortex_interface.egg-info/SOURCES.txt'
[0.697s] writing manifest file '../../build/kortex_interface/kortex_interface.egg-info/SOURCES.txt'
[0.697s] running build
[0.697s] running build_py
[0.697s] running install
[0.697s] running install_lib
[0.698s] running install_data
[0.698s] copying launch/kortex_interface.launch.py -> /home/humble_ws/install/kortex_interface/share/kortex_interface/launch
[0.698s] running install_egg_info
[0.700s] removing '/home/humble_ws/install/kortex_interface/lib/python3.10/site-packages/kortex_interface-0.0.0-py3.10.egg-info' (and everything under it)
[0.700s] Copying ../../build/kortex_interface/kortex_interface.egg-info to /home/humble_ws/install/kortex_interface/lib/python3.10/site-packages/kortex_interface-0.0.0-py3.10.egg-info
[0.701s] running install_scripts
[0.715s] Installing joint_pruner script to /home/humble_ws/install/kortex_interface/lib/kortex_interface
[0.715s] writing list of installed files to '/home/humble_ws/build/kortex_interface/install.log'
[0.735s] Invoked command in '/home/humble_ws/src/kortex_interface' returned '0': PYTHONPATH=/home/humble_ws/build/kortex_interface/prefix_override:/home/humble_ws/install/kortex_interface/lib/python3.10/site-packages:${PYTHONPATH} /usr/bin/python3 -W ignore:setup.py install is deprecated setup.py egg_info --egg-base ../../build/kortex_interface build --build-base /home/humble_ws/build/kortex_interface/build install --record /home/humble_ws/build/kortex_interface/install.log --single-version-externally-managed install_data
