[0.036s] Invoking command in '/home/moveit/build/moveit_ros_robot_interaction': AMENT_PREFIX_PATH=/home/moveit/install/moveit_ros_planning:/home/moveit/install/moveit_ros_occupancy_map_monitor:/home/moveit/install/moveit_core:/home/moveit/install/moveit_msgs:/home/moveit/install/moveit_common:${AMENT_PREFIX_PATH} CMAKE_PREFIX_PATH=/home/moveit/install/moveit_ros_planning:/home/moveit/install/moveit_ros_occupancy_map_monitor:/home/moveit/install/moveit_core:/home/moveit/install/moveit_msgs:/home/moveit/install/moveit_common:/opt/ros/humble LD_LIBRARY_PATH=/home/moveit/install/moveit_ros_planning/lib:/home/moveit/install/moveit_ros_occupancy_map_monitor/lib:/home/moveit/install/moveit_core/lib:/home/moveit/install/moveit_msgs/lib:${LD_LIBRARY_PATH} PATH=/home/moveit/install/moveit_core/bin:${PATH} PYTHONPATH=/home/moveit/install/moveit_msgs/local/lib/python3.10/dist-packages:${PYTHONPATH} /usr/bin/cmake /home/moveit/src/moveit2/moveit_ros/robot_interaction -DCMAKE_BUILD_TYPE=Release -DCMAKE_INSTALL_PREFIX=/home/moveit/install/moveit_ros_robot_interaction
[0.155s] -- The CXX compiler identification is GNU 11.4.0
[0.172s] -- Detecting CXX compiler ABI info
[0.351s] -- Detecting CXX compiler ABI info - done
[0.371s] -- Check for working CXX compiler: /usr/bin/c++ - skipped
[0.372s] -- Detecting CXX compile features
[0.372s] -- Detecting CXX compile features - done
[0.376s] -- Found moveit_common: 2.9.0 (/home/moveit/install/moveit_common/share/moveit_common/cmake)
[0.386s] -- Found ament_cmake: 1.3.9 (/opt/ros/humble/share/ament_cmake/cmake)
[0.665s] -- Found Python3: /usr/bin/python3 (found version "3.10.12") found components: Interpreter 
[1.048s] -- Found libdw: /usr/lib/x86_64-linux-gnu/libdw.so  
[1.061s] -- Could NOT find libbfd (missing: LIBBFD_LIBRARY LIBBFD_INCLUDE_DIR) 
[1.062s] -- BACKWARD_HAS_UNWIND=1
[1.063s] -- BACKWARD_HAS_BACKTRACE=0
[1.065s] -- BACKWARD_HAS_BACKTRACE_SYMBOL=0
[1.066s] -- BACKWARD_HAS_DW=1
[1.067s] -- BACKWARD_HAS_BFD=0
[1.070s] -- Found Backward: /opt/ros/humble/share/backward_ros/cmake  
[1.074s] -- Found moveit_core: 2.9.0 (/home/moveit/install/moveit_core/share/moveit_core/cmake)
[1.841s] -- Found Boost: /usr/lib/x86_64-linux-gnu/cmake/Boost-1.74.0/BoostConfig.cmake (found version "1.74.0") found components: chrono date_time filesystem iostreams program_options regex serialization system thread 
[1.993s] -- Found parameter_traits: 0.3.8 (/opt/ros/humble/share/parameter_traits/cmake)
[2.151s] -- Found rosidl_generator_c: 3.1.5 (/opt/ros/humble/share/rosidl_generator_c/cmake)
[2.173s] -- Found rosidl_adapter: 3.1.5 (/opt/ros/humble/share/rosidl_adapter/cmake)
[2.204s] -- Found rosidl_generator_cpp: 3.1.5 (/opt/ros/humble/share/rosidl_generator_cpp/cmake)
[2.247s] -- Using all available rosidl_typesupport_c: rosidl_typesupport_fastrtps_c;rosidl_typesupport_introspection_c
[2.296s] -- Using all available rosidl_typesupport_cpp: rosidl_typesupport_fastrtps_cpp;rosidl_typesupport_introspection_cpp
[2.474s] -- Found rmw_implementation_cmake: 6.1.2 (/opt/ros/humble/share/rmw_implementation_cmake/cmake)
[2.485s] -- Found rmw_fastrtps_cpp: 6.2.6 (/opt/ros/humble/share/rmw_fastrtps_cpp/cmake)
[2.786s] -- Found OpenSSL: /usr/lib/x86_64-linux-gnu/libcrypto.so (found version "3.0.2")  
[2.854s] -- Found FastRTPS: /opt/ros/humble/include  
[2.990s] -- Using RMW implementation 'rmw_fastrtps_cpp' as default
[3.027s] -- Found Threads: TRUE  
[3.481s] -- Found Eigen3: TRUE (found version "3.4.0") 
[3.493s] -- Found rclcpp_lifecycle: 16.0.9 (/opt/ros/humble/share/rclcpp_lifecycle/cmake)
[3.607s] -- Found Boost: /usr/lib/x86_64-linux-gnu/cmake/Boost-1.74.0/BoostConfig.cmake (found version "1.74.0") found components: filesystem 
[4.008s] -- library: /usr/lib/x86_64-linux-gnu/libcurl.so
[4.713s] -- Ensuring Eigen3 include directory is part of orocos-kdl CMake target
[7.106s] -- Found moveit_ros_planning: 2.9.0 (/home/moveit/install/moveit_ros_planning/share/moveit_ros_planning/cmake)
[7.117s] -- Found Boost: /usr/lib/x86_64-linux-gnu/cmake/Boost-1.74.0/BoostConfig.cmake (found version "1.74.0") found components: system filesystem date_time program_options thread chrono 
[8.031s] -- Found interactive_markers: 2.3.2 (/opt/ros/humble/share/interactive_markers/cmake)
[8.063s] -- Performing Test COMPILER_HAS_HIDDEN_VISIBILITY
[8.320s] -- Performing Test COMPILER_HAS_HIDDEN_VISIBILITY - Success
[8.320s] -- Performing Test COMPILER_HAS_HIDDEN_INLINE_VISIBILITY
[8.579s] -- Performing Test COMPILER_HAS_HIDDEN_INLINE_VISIBILITY - Success
[8.580s] -- Performing Test COMPILER_HAS_DEPRECATED_ATTR
[8.821s] -- Performing Test COMPILER_HAS_DEPRECATED_ATTR - Success
[8.835s] -- Found ament_cmake_gtest: 1.3.9 (/opt/ros/humble/share/ament_cmake_gtest/cmake)
[8.843s] -- Found gtest sources under '/opt/ros/humble/src/gtest_vendor': C++ tests using 'Google Test' will be built
[8.926s] -- The C compiler identification is GNU 11.4.0
[8.939s] -- Detecting C compiler ABI info
[9.171s] -- Detecting C compiler ABI info - done
[9.185s] -- Check for working C compiler: /usr/bin/cc - skipped
[9.187s] -- Detecting C compile features
[9.188s] -- Detecting C compile features - done
[9.200s] -- Found ament_lint_auto: 0.12.11 (/opt/ros/humble/share/ament_lint_auto/cmake)
[9.267s] -- Added test 'cppcheck' to perform static code analysis on C / C++ code
[9.268s] -- Configured cppcheck include dirs: /home/moveit/src/moveit2/moveit_ros/robot_interaction/include
[9.269s] -- Configured cppcheck exclude dirs and/or files: 
[9.270s] -- Added test 'lint_cmake' to check CMake code style
[9.272s] -- Added test 'xmllint' to check XML markup files
[9.275s] -- Configuring done
[9.378s] -- Generating done
[9.384s] -- Build files have been written to: /home/moveit/build/moveit_ros_robot_interaction
[9.427s] Invoked command in '/home/moveit/build/moveit_ros_robot_interaction' returned '0': AMENT_PREFIX_PATH=/home/moveit/install/moveit_ros_planning:/home/moveit/install/moveit_ros_occupancy_map_monitor:/home/moveit/install/moveit_core:/home/moveit/install/moveit_msgs:/home/moveit/install/moveit_common:${AMENT_PREFIX_PATH} CMAKE_PREFIX_PATH=/home/moveit/install/moveit_ros_planning:/home/moveit/install/moveit_ros_occupancy_map_monitor:/home/moveit/install/moveit_core:/home/moveit/install/moveit_msgs:/home/moveit/install/moveit_common:/opt/ros/humble LD_LIBRARY_PATH=/home/moveit/install/moveit_ros_planning/lib:/home/moveit/install/moveit_ros_occupancy_map_monitor/lib:/home/moveit/install/moveit_core/lib:/home/moveit/install/moveit_msgs/lib:${LD_LIBRARY_PATH} PATH=/home/moveit/install/moveit_core/bin:${PATH} PYTHONPATH=/home/moveit/install/moveit_msgs/local/lib/python3.10/dist-packages:${PYTHONPATH} /usr/bin/cmake /home/moveit/src/moveit2/moveit_ros/robot_interaction -DCMAKE_BUILD_TYPE=Release -DCMAKE_INSTALL_PREFIX=/home/moveit/install/moveit_ros_robot_interaction
[9.428s] Invoking command in '/home/moveit/build/moveit_ros_robot_interaction': AMENT_PREFIX_PATH=/home/moveit/install/moveit_ros_planning:/home/moveit/install/moveit_ros_occupancy_map_monitor:/home/moveit/install/moveit_core:/home/moveit/install/moveit_msgs:/home/moveit/install/moveit_common:${AMENT_PREFIX_PATH} CMAKE_PREFIX_PATH=/home/moveit/install/moveit_ros_planning:/home/moveit/install/moveit_ros_occupancy_map_monitor:/home/moveit/install/moveit_core:/home/moveit/install/moveit_msgs:/home/moveit/install/moveit_common:/opt/ros/humble LD_LIBRARY_PATH=/home/moveit/install/moveit_ros_planning/lib:/home/moveit/install/moveit_ros_occupancy_map_monitor/lib:/home/moveit/install/moveit_core/lib:/home/moveit/install/moveit_msgs/lib:${LD_LIBRARY_PATH} PATH=/home/moveit/install/moveit_core/bin:${PATH} PYTHONPATH=/home/moveit/install/moveit_msgs/local/lib/python3.10/dist-packages:${PYTHONPATH} /usr/bin/cmake --build /home/moveit/build/moveit_ros_robot_interaction -- -j16 -l16
[9.558s] [  7%] [32mBuilding CXX object gtest/CMakeFiles/gtest_main.dir/src/gtest_main.cc.o[0m
[9.571s] [ 23%] [32mBuilding CXX object CMakeFiles/moveit_robot_interaction.dir/src/kinematic_options.cpp.o[0m
[9.575s] [ 15%] [32mBuilding CXX object CMakeFiles/moveit_robot_interaction.dir/src/interactive_marker_helpers.cpp.o[0m
[9.593s] [ 38%] [32mBuilding CXX object CMakeFiles/moveit_robot_interaction.dir/src/locked_robot_state.cpp.o[0m
[9.594s] [ 46%] [32mBuilding CXX object CMakeFiles/moveit_robot_interaction.dir/src/kinematic_options_map.cpp.o[0m
[9.599s] [ 46%] [32mBuilding CXX object gtest/CMakeFiles/gtest.dir/src/gtest-all.cc.o[0m
[9.620s] [ 53%] [32mBuilding CXX object CMakeFiles/moveit_robot_interaction.dir/src/interaction_handler.cpp.o[0m
[9.715s] [ 61%] [32mBuilding CXX object CMakeFiles/moveit_robot_interaction.dir/src/robot_interaction.cpp.o[0m
[11.340s] [ 69%] [32m[1mLinking CXX static library libgtest_main.a[0m
[11.581s] [ 69%] Built target gtest_main
