[0.017s] Invoking command in '/home/humble_ws/build/kinova_moveit': /usr/bin/cmake /home/humble_ws/src/kinova_moveit -DCMAKE_INSTALL_PREFIX=/home/humble_ws/install/kinova_moveit
[0.128s] -- The C compiler identification is GNU 11.4.0
[0.210s] -- The CXX compiler identification is GNU 11.4.0
[0.219s] -- Detecting C compiler ABI info
[0.290s] -- Detecting C compiler ABI info - done
[0.296s] -- Check for working C compiler: /usr/bin/cc - skipped
[0.296s] -- Detecting C compile features
[0.297s] -- Detecting C compile features - done
[0.300s] -- Detecting CXX compiler ABI info
[0.378s] -- Detecting CXX compiler ABI info - done
[0.384s] -- Check for working CXX compiler: /usr/bin/c++ - skipped
[0.384s] -- Detecting CXX compile features
[0.384s] -- Detecting CXX compile features - done
[0.388s] -- Found ament_cmake: 1.3.8 (/opt/ros/humble/share/ament_cmake/cmake)
[0.535s] -- Found Python3: /usr/bin/python3 (found version "3.10.12") found components: Interpreter 
[0.686s] Error parsing '/home/humble_ws/src/kinova_moveit/package.xml':
[0.686s] Traceback (most recent call last):
[0.686s]   File "/opt/ros/humble/share/ament_cmake_core/cmake/core/package_xml_2_cmake.py", line 150, in <module>
[0.686s]     main()
[0.686s]   File "/opt/ros/humble/share/ament_cmake_core/cmake/core/package_xml_2_cmake.py", line 53, in main
[0.686s]     raise e
[0.687s]   File "/opt/ros/humble/share/ament_cmake_core/cmake/core/package_xml_2_cmake.py", line 49, in main
[0.687s]     package = parse_package_string(
[0.687s]   File "/usr/lib/python3/dist-packages/catkin_pkg/package.py", line 788, in parse_package_string
[0.687s]     pkg.validate(warnings=warnings)
[0.687s]   File "/usr/lib/python3/dist-packages/catkin_pkg/package.py", line 330, in validate
[0.687s]     raise InvalidPackage('\n'.join(errors), self.filename)
[0.687s] catkin_pkg.package.InvalidPackage: Error(s) in package '/home/humble_ws/src/kinova_moveit/package.xml':
[0.687s] Invalid email "" for person "KeenanEcoation"
[0.687s] Maintainers must have an email address
[0.687s] Invalid email "" for person "KeenanEcoation"
[0.695s] [31mCMake Error at /opt/ros/humble/share/ament_cmake_core/cmake/core/ament_package_xml.cmake:95 (message):
[0.695s]   execute_process(/usr/bin/python3
[0.695s]   /opt/ros/humble/share/ament_cmake_core/cmake/core/package_xml_2_cmake.py
[0.695s]   /home/humble_ws/src/kinova_moveit/package.xml
[0.695s]   /home/humble_ws/build/kinova_moveit/ament_cmake_core/package.cmake)
[0.695s]   returned error code 1
[0.695s] Call Stack (most recent call first):
[0.695s]   /opt/ros/humble/share/ament_cmake_core/cmake/core/ament_package_xml.cmake:49 (_ament_package_xml)
[0.695s]   /opt/ros/humble/share/ament_cmake_core/cmake/core/ament_package.cmake:63 (ament_package_xml)
[0.695s]   CMakeLists.txt:6 (ament_package)
[0.695s] 
[0.695s] [0m
[0.695s] -- Configuring incomplete, errors occurred!
[0.696s] See also "/home/humble_ws/build/kinova_moveit/CMakeFiles/CMakeOutput.log".
[0.700s] Invoked command in '/home/humble_ws/build/kinova_moveit' returned '1': /usr/bin/cmake /home/humble_ws/src/kinova_moveit -DCMAKE_INSTALL_PREFIX=/home/humble_ws/install/kinova_moveit
