[1.241s] Invoking command in '/home/humble_ws/src/antworker_isaacsim_world': PYTHONPATH=/home/humble_ws/build/antworker_isaacsim_world/prefix_override:/home/humble_ws/install/antworker_isaacsim_world/lib/python3.10/site-packages:${PYTHONPATH} /usr/bin/python3 -W ignore:setup.py install is deprecated setup.py egg_info --egg-base ../../build/antworker_isaacsim_world build --build-base /home/humble_ws/build/antworker_isaacsim_world/build install --record /home/humble_ws/build/antworker_isaacsim_world/install.log --single-version-externally-managed install_data
[1.461s] running egg_info
[1.462s] creating ../../build/antworker_isaacsim_world/antworker_isaacsim_world.egg-info
[1.462s] writing ../../build/antworker_isaacsim_world/antworker_isaacsim_world.egg-info/PKG-INFO
[1.463s] writing dependency_links to ../../build/antworker_isaacsim_world/antworker_isaacsim_world.egg-info/dependency_links.txt
[1.463s] writing entry points to ../../build/antworker_isaacsim_world/antworker_isaacsim_world.egg-info/entry_points.txt
[1.464s] writing requirements to ../../build/antworker_isaacsim_world/antworker_isaacsim_world.egg-info/requires.txt
[1.464s] writing top-level names to ../../build/antworker_isaacsim_world/antworker_isaacsim_world.egg-info/top_level.txt
[1.464s] writing manifest file '../../build/antworker_isaacsim_world/antworker_isaacsim_world.egg-info/SOURCES.txt'
[1.465s] reading manifest file '../../build/antworker_isaacsim_world/antworker_isaacsim_world.egg-info/SOURCES.txt'
[1.466s] writing manifest file '../../build/antworker_isaacsim_world/antworker_isaacsim_world.egg-info/SOURCES.txt'
[1.466s] running build
[1.466s] running build_py
[1.466s] creating /home/humble_ws/build/antworker_isaacsim_world/build
[1.466s] creating /home/humble_ws/build/antworker_isaacsim_world/build/lib
[1.466s] creating /home/humble_ws/build/antworker_isaacsim_world/build/lib/antworker_isaacsim_world
[1.466s] copying antworker_isaacsim_world/__init__.py -> /home/humble_ws/build/antworker_isaacsim_world/build/lib/antworker_isaacsim_world
[1.467s] running install
[1.467s] running install_lib
[1.467s] creating /home/humble_ws/install/antworker_isaacsim_world/lib/python3.10/site-packages/antworker_isaacsim_world
[1.467s] copying /home/humble_ws/build/antworker_isaacsim_world/build/lib/antworker_isaacsim_world/__init__.py -> /home/humble_ws/install/antworker_isaacsim_world/lib/python3.10/site-packages/antworker_isaacsim_world
[1.468s] byte-compiling /home/humble_ws/install/antworker_isaacsim_world/lib/python3.10/site-packages/antworker_isaacsim_world/__init__.py to __init__.cpython-310.pyc
[1.468s] running install_data
[1.468s] creating /home/humble_ws/install/antworker_isaacsim_world/share/ament_index
[1.468s] creating /home/humble_ws/install/antworker_isaacsim_world/share/ament_index/resource_index
[1.469s] creating /home/humble_ws/install/antworker_isaacsim_world/share/ament_index/resource_index/packages
[1.469s] copying resource/antworker_isaacsim_world -> /home/humble_ws/install/antworker_isaacsim_world/share/ament_index/resource_index/packages
[1.469s] copying package.xml -> /home/humble_ws/install/antworker_isaacsim_world/share/antworker_isaacsim_world
[1.469s] running install_egg_info
[1.472s] Copying ../../build/antworker_isaacsim_world/antworker_isaacsim_world.egg-info to /home/humble_ws/install/antworker_isaacsim_world/lib/python3.10/site-packages/antworker_isaacsim_world-0.0.0-py3.10.egg-info
[1.473s] running install_scripts
[1.495s] writing list of installed files to '/home/humble_ws/build/antworker_isaacsim_world/install.log'
[1.553s] Invoked command in '/home/humble_ws/src/antworker_isaacsim_world' returned '0': PYTHONPATH=/home/humble_ws/build/antworker_isaacsim_world/prefix_override:/home/humble_ws/install/antworker_isaacsim_world/lib/python3.10/site-packages:${PYTHONPATH} /usr/bin/python3 -W ignore:setup.py install is deprecated setup.py egg_info --egg-base ../../build/antworker_isaacsim_world build --build-base /home/humble_ws/build/antworker_isaacsim_world/build install --record /home/humble_ws/build/antworker_isaacsim_world/install.log --single-version-externally-managed install_data
