running egg_info
creating ../../build/moveit_interface_py/moveit_interface_py.egg-info
writing ../../build/moveit_interface_py/moveit_interface_py.egg-info/PKG-INFO
writing dependency_links to ../../build/moveit_interface_py/moveit_interface_py.egg-info/dependency_links.txt
writing entry points to ../../build/moveit_interface_py/moveit_interface_py.egg-info/entry_points.txt
writing requirements to ../../build/moveit_interface_py/moveit_interface_py.egg-info/requires.txt
writing top-level names to ../../build/moveit_interface_py/moveit_interface_py.egg-info/top_level.txt
writing manifest file '../../build/moveit_interface_py/moveit_interface_py.egg-info/SOURCES.txt'
reading manifest file '../../build/moveit_interface_py/moveit_interface_py.egg-info/SOURCES.txt'
writing manifest file '../../build/moveit_interface_py/moveit_interface_py.egg-info/SOURCES.txt'
running build
running build_py
creating /home/humble_ws/build/moveit_interface_py/build
creating /home/humble_ws/build/moveit_interface_py/build/lib
creating /home/humble_ws/build/moveit_interface_py/build/lib/moveit_interface_py
copying moveit_interface_py/__init__.py -> /home/humble_ws/build/moveit_interface_py/build/lib/moveit_interface_py
running install
running install_lib
creating /home/humble_ws/install/moveit_interface_py/lib/python3.10/site-packages/moveit_interface_py
copying /home/humble_ws/build/moveit_interface_py/build/lib/moveit_interface_py/__init__.py -> /home/humble_ws/install/moveit_interface_py/lib/python3.10/site-packages/moveit_interface_py
byte-compiling /home/humble_ws/install/moveit_interface_py/lib/python3.10/site-packages/moveit_interface_py/__init__.py to __init__.cpython-310.pyc
running install_data
creating /home/humble_ws/install/moveit_interface_py/share/ament_index
creating /home/humble_ws/install/moveit_interface_py/share/ament_index/resource_index
creating /home/humble_ws/install/moveit_interface_py/share/ament_index/resource_index/packages
copying resource/moveit_interface_py -> /home/humble_ws/install/moveit_interface_py/share/ament_index/resource_index/packages
copying package.xml -> /home/humble_ws/install/moveit_interface_py/share/moveit_interface_py
running install_egg_info
Copying ../../build/moveit_interface_py/moveit_interface_py.egg-info to /home/humble_ws/install/moveit_interface_py/lib/python3.10/site-packages/moveit_interface_py-0.0.0-py3.10.egg-info
running install_scripts
writing list of installed files to '/home/humble_ws/build/moveit_interface_py/install.log'
