[0.036s] Invoking command in '/home/kortex_ws/build/controller_manager': CMAKE_PREFIX_PATH=/home/kortex_ws/install/hardware_interface_testing:/home/kortex_ws/install/controller_interface:/home/kortex_ws/install/hardware_interface:/home/kortex_ws/install/ros2_control_test_assets:/home/kortex_ws/install/controller_manager_msgs:/home/kortex_ws/install/control_msgs:/home/kortex_ws/install/kortex_bringup:/home/kortex_ws/install/kinova_gen3_7dof_robotiq_2f_85_moveit_config:/home/kortex_ws/install/kinova_gen3_6dof_robotiq_2f_85_moveit_config:/home/kortex_ws/install/kortex_description:/home/kortex_ws/install/robotiq_description:/home/kortex_ws/install/ros2_controllers:/home/kortex_ws/install/velocity_controllers:/home/kortex_ws/install/tricycle_steering_controller:/home/kortex_ws/install/tricycle_controller:/home/kortex_ws/install/ros2_control:/home/kortex_ws/install/transmission_interface:/home/kortex_ws/install/bicycle_steering_controller:/home/kortex_ws/install/ackermann_steering_controller:/home/kortex_ws/install/steering_controllers_library:/home/kortex_ws/install/robotiq_hardware_tests:/home/kortex_ws/install/robotiq_driver:/home/kortex_ws/install/serial:/home/kortex_ws/install/controller_manager:/home/kortex_ws/install/robotiq_controllers:/home/kortex_ws/install/range_sensor_broadcaster:/home/kortex_ws/install/position_controllers:/home/kortex_ws/install/picknik_twist_controller:/home/kortex_ws/install/picknik_reset_fault_controller:/home/kortex_ws/install/kortex_driver:/home/kortex_ws/install/kortex_api:/home/kortex_ws/install/admittance_controller:/home/kortex_ws/install/joint_trajectory_controller:/home/kortex_ws/install/joint_state_broadcaster:/home/kortex_ws/install/joint_limits:/home/kortex_ws/install/imu_sensor_broadcaster:/home/kortex_ws/install/gripper_controllers:/home/kortex_ws/install/effort_controllers:/home/kortex_ws/install/forward_command_controller:/home/kortex_ws/install/force_torque_sensor_broadcaster:/home/kortex_ws/install/diff_drive_controller:/home/kortex_ws/install/rqt_joint_trajectory_controller:/home/kortex_ws/install/rqt_controller_manager:/home/kortex_ws/install/ros2controlcli:/home/kortex_ws/install/ros2_controllers_test_nodes:/opt/ros/humble LD_LIBRARY_PATH=/home/kortex_ws/install/hardware_interface_testing/lib:/home/kortex_ws/install/controller_interface/lib:/home/kortex_ws/install/hardware_interface/lib:/home/kortex_ws/install/controller_manager_msgs/lib:/home/kortex_ws/install/control_msgs/lib:/home/kortex_ws/install/velocity_controllers/lib:/home/kortex_ws/install/tricycle_steering_controller/lib:/home/kortex_ws/install/tricycle_controller/lib:/home/kortex_ws/install/transmission_interface/lib:/home/kortex_ws/install/bicycle_steering_controller/lib:/home/kortex_ws/install/ackermann_steering_controller/lib:/home/kortex_ws/install/steering_controllers_library/lib:/home/kortex_ws/install/robotiq_driver/lib:/home/kortex_ws/install/serial/lib:/home/kortex_ws/install/controller_manager/lib:/home/kortex_ws/install/robotiq_controllers/lib:/home/kortex_ws/install/range_sensor_broadcaster/lib:/home/kortex_ws/install/position_controllers/lib:/home/kortex_ws/install/picknik_twist_controller/lib:/home/kortex_ws/install/picknik_reset_fault_controller/lib:/home/kortex_ws/install/kortex_driver/lib:/home/kortex_ws/install/admittance_controller/lib:/home/kortex_ws/install/joint_trajectory_controller/lib:/home/kortex_ws/install/joint_state_broadcaster/lib:/home/kortex_ws/install/imu_sensor_broadcaster/lib:/home/kortex_ws/install/gripper_controllers/lib:/home/kortex_ws/install/effort_controllers/lib:/home/kortex_ws/install/forward_command_controller/lib:/home/kortex_ws/install/force_torque_sensor_broadcaster/lib:/home/kortex_ws/install/diff_drive_controller/lib:/opt/ros/humble/opt/rviz_ogre_vendor/lib:/opt/ros/humble/lib/x86_64-linux-gnu:/opt/ros/humble/lib /usr/bin/cmake --build /home/kortex_ws/build/controller_manager -- -j16 -l16
[0.124s] [  8%] Built target gmock
[0.125s] [ 14%] Built target gmock_main
[0.132s] [ 20%] Built target controller_manager
[0.133s] [ 20%] Built target ament_cmake_python_copy_controller_manager_setup
[0.140s] [ 20%] Built target ament_cmake_python_copy_controller_manager
[0.189s] [ 25%] Built target test_controller_failed_init
[0.189s] [ 31%] Built target ros2_control_node
[0.189s] [ 40%] Built target test_controller
[0.190s] [ 42%] Built target test_controller_with_interfaces
[0.190s] [ 48%] Built target test_chainable_controller
[0.191s] [ 54%] Built target test_controller_manager_urdf_passing
[0.250s] [ 60%] Built target test_controllers_chaining_with_controller_manager
[0.250s] [ 65%] Built target test_controller_manager_with_namespace.cpp
[0.253s] [ 77%] Built target test_spawner_unspawner
[0.253s] [ 77%] Built target test_release_interfaces
[0.253s] [ 82%] Built target test_controller_manager
[0.256s] [ 88%] Built target test_hardware_management_srvs
[0.256s] [ 94%] Built target test_controller_manager_srvs
[0.256s] [100%] Built target test_load_controller
[0.404s] running install_scripts
[0.406s] running egg_info
[0.406s] writing controller_manager.egg-info/PKG-INFO
[0.406s] writing dependency_links to controller_manager.egg-info/dependency_links.txt
[0.407s] writing entry points to controller_manager.egg-info/entry_points.txt
[0.407s] writing top-level names to controller_manager.egg-info/top_level.txt
[0.408s] reading manifest file 'controller_manager.egg-info/SOURCES.txt'
[0.409s] writing manifest file 'controller_manager.egg-info/SOURCES.txt'
[0.422s] running egg_info
[0.423s] writing controller_manager.egg-info/PKG-INFO
[0.423s] writing dependency_links to controller_manager.egg-info/dependency_links.txt
[0.423s] writing entry points to controller_manager.egg-info/entry_points.txt
[0.423s] writing top-level names to controller_manager.egg-info/top_level.txt
[0.425s] reading manifest file 'controller_manager.egg-info/SOURCES.txt'
[0.425s] writing manifest file 'controller_manager.egg-info/SOURCES.txt'
[0.426s] Installing hardware_spawner script to scripts
[0.426s] Installing spawner script to scripts
[0.426s] Installing unspawner script to scripts
[0.438s] [100%] Built target ament_cmake_python_build_controller_manager_egg
[0.458s] [100%] Built target ament_cmake_python_build_controller_manager_scripts
[0.472s] Invoked command in '/home/kortex_ws/build/controller_manager' returned '0': CMAKE_PREFIX_PATH=/home/kortex_ws/install/hardware_interface_testing:/home/kortex_ws/install/controller_interface:/home/kortex_ws/install/hardware_interface:/home/kortex_ws/install/ros2_control_test_assets:/home/kortex_ws/install/controller_manager_msgs:/home/kortex_ws/install/control_msgs:/home/kortex_ws/install/kortex_bringup:/home/kortex_ws/install/kinova_gen3_7dof_robotiq_2f_85_moveit_config:/home/kortex_ws/install/kinova_gen3_6dof_robotiq_2f_85_moveit_config:/home/kortex_ws/install/kortex_description:/home/kortex_ws/install/robotiq_description:/home/kortex_ws/install/ros2_controllers:/home/kortex_ws/install/velocity_controllers:/home/kortex_ws/install/tricycle_steering_controller:/home/kortex_ws/install/tricycle_controller:/home/kortex_ws/install/ros2_control:/home/kortex_ws/install/transmission_interface:/home/kortex_ws/install/bicycle_steering_controller:/home/kortex_ws/install/ackermann_steering_controller:/home/kortex_ws/install/steering_controllers_library:/home/kortex_ws/install/robotiq_hardware_tests:/home/kortex_ws/install/robotiq_driver:/home/kortex_ws/install/serial:/home/kortex_ws/install/controller_manager:/home/kortex_ws/install/robotiq_controllers:/home/kortex_ws/install/range_sensor_broadcaster:/home/kortex_ws/install/position_controllers:/home/kortex_ws/install/picknik_twist_controller:/home/kortex_ws/install/picknik_reset_fault_controller:/home/kortex_ws/install/kortex_driver:/home/kortex_ws/install/kortex_api:/home/kortex_ws/install/admittance_controller:/home/kortex_ws/install/joint_trajectory_controller:/home/kortex_ws/install/joint_state_broadcaster:/home/kortex_ws/install/joint_limits:/home/kortex_ws/install/imu_sensor_broadcaster:/home/kortex_ws/install/gripper_controllers:/home/kortex_ws/install/effort_controllers:/home/kortex_ws/install/forward_command_controller:/home/kortex_ws/install/force_torque_sensor_broadcaster:/home/kortex_ws/install/diff_drive_controller:/home/kortex_ws/install/rqt_joint_trajectory_controller:/home/kortex_ws/install/rqt_controller_manager:/home/kortex_ws/install/ros2controlcli:/home/kortex_ws/install/ros2_controllers_test_nodes:/opt/ros/humble LD_LIBRARY_PATH=/home/kortex_ws/install/hardware_interface_testing/lib:/home/kortex_ws/install/controller_interface/lib:/home/kortex_ws/install/hardware_interface/lib:/home/kortex_ws/install/controller_manager_msgs/lib:/home/kortex_ws/install/control_msgs/lib:/home/kortex_ws/install/velocity_controllers/lib:/home/kortex_ws/install/tricycle_steering_controller/lib:/home/kortex_ws/install/tricycle_controller/lib:/home/kortex_ws/install/transmission_interface/lib:/home/kortex_ws/install/bicycle_steering_controller/lib:/home/kortex_ws/install/ackermann_steering_controller/lib:/home/kortex_ws/install/steering_controllers_library/lib:/home/kortex_ws/install/robotiq_driver/lib:/home/kortex_ws/install/serial/lib:/home/kortex_ws/install/controller_manager/lib:/home/kortex_ws/install/robotiq_controllers/lib:/home/kortex_ws/install/range_sensor_broadcaster/lib:/home/kortex_ws/install/position_controllers/lib:/home/kortex_ws/install/picknik_twist_controller/lib:/home/kortex_ws/install/picknik_reset_fault_controller/lib:/home/kortex_ws/install/kortex_driver/lib:/home/kortex_ws/install/admittance_controller/lib:/home/kortex_ws/install/joint_trajectory_controller/lib:/home/kortex_ws/install/joint_state_broadcaster/lib:/home/kortex_ws/install/imu_sensor_broadcaster/lib:/home/kortex_ws/install/gripper_controllers/lib:/home/kortex_ws/install/effort_controllers/lib:/home/kortex_ws/install/forward_command_controller/lib:/home/kortex_ws/install/force_torque_sensor_broadcaster/lib:/home/kortex_ws/install/diff_drive_controller/lib:/opt/ros/humble/opt/rviz_ogre_vendor/lib:/opt/ros/humble/lib/x86_64-linux-gnu:/opt/ros/humble/lib /usr/bin/cmake --build /home/kortex_ws/build/controller_manager -- -j16 -l16
[0.632s] Invoking command in '/home/kortex_ws/build/controller_manager': CMAKE_PREFIX_PATH=/home/kortex_ws/install/hardware_interface_testing:/home/kortex_ws/install/controller_interface:/home/kortex_ws/install/hardware_interface:/home/kortex_ws/install/ros2_control_test_assets:/home/kortex_ws/install/controller_manager_msgs:/home/kortex_ws/install/control_msgs:/home/kortex_ws/install/kortex_bringup:/home/kortex_ws/install/kinova_gen3_7dof_robotiq_2f_85_moveit_config:/home/kortex_ws/install/kinova_gen3_6dof_robotiq_2f_85_moveit_config:/home/kortex_ws/install/kortex_description:/home/kortex_ws/install/robotiq_description:/home/kortex_ws/install/ros2_controllers:/home/kortex_ws/install/velocity_controllers:/home/kortex_ws/install/tricycle_steering_controller:/home/kortex_ws/install/tricycle_controller:/home/kortex_ws/install/ros2_control:/home/kortex_ws/install/transmission_interface:/home/kortex_ws/install/bicycle_steering_controller:/home/kortex_ws/install/ackermann_steering_controller:/home/kortex_ws/install/steering_controllers_library:/home/kortex_ws/install/robotiq_hardware_tests:/home/kortex_ws/install/robotiq_driver:/home/kortex_ws/install/serial:/home/kortex_ws/install/controller_manager:/home/kortex_ws/install/robotiq_controllers:/home/kortex_ws/install/range_sensor_broadcaster:/home/kortex_ws/install/position_controllers:/home/kortex_ws/install/picknik_twist_controller:/home/kortex_ws/install/picknik_reset_fault_controller:/home/kortex_ws/install/kortex_driver:/home/kortex_ws/install/kortex_api:/home/kortex_ws/install/admittance_controller:/home/kortex_ws/install/joint_trajectory_controller:/home/kortex_ws/install/joint_state_broadcaster:/home/kortex_ws/install/joint_limits:/home/kortex_ws/install/imu_sensor_broadcaster:/home/kortex_ws/install/gripper_controllers:/home/kortex_ws/install/effort_controllers:/home/kortex_ws/install/forward_command_controller:/home/kortex_ws/install/force_torque_sensor_broadcaster:/home/kortex_ws/install/diff_drive_controller:/home/kortex_ws/install/rqt_joint_trajectory_controller:/home/kortex_ws/install/rqt_controller_manager:/home/kortex_ws/install/ros2controlcli:/home/kortex_ws/install/ros2_controllers_test_nodes:/opt/ros/humble LD_LIBRARY_PATH=/home/kortex_ws/install/hardware_interface_testing/lib:/home/kortex_ws/install/controller_interface/lib:/home/kortex_ws/install/hardware_interface/lib:/home/kortex_ws/install/controller_manager_msgs/lib:/home/kortex_ws/install/control_msgs/lib:/home/kortex_ws/install/velocity_controllers/lib:/home/kortex_ws/install/tricycle_steering_controller/lib:/home/kortex_ws/install/tricycle_controller/lib:/home/kortex_ws/install/transmission_interface/lib:/home/kortex_ws/install/bicycle_steering_controller/lib:/home/kortex_ws/install/ackermann_steering_controller/lib:/home/kortex_ws/install/steering_controllers_library/lib:/home/kortex_ws/install/robotiq_driver/lib:/home/kortex_ws/install/serial/lib:/home/kortex_ws/install/controller_manager/lib:/home/kortex_ws/install/robotiq_controllers/lib:/home/kortex_ws/install/range_sensor_broadcaster/lib:/home/kortex_ws/install/position_controllers/lib:/home/kortex_ws/install/picknik_twist_controller/lib:/home/kortex_ws/install/picknik_reset_fault_controller/lib:/home/kortex_ws/install/kortex_driver/lib:/home/kortex_ws/install/admittance_controller/lib:/home/kortex_ws/install/joint_trajectory_controller/lib:/home/kortex_ws/install/joint_state_broadcaster/lib:/home/kortex_ws/install/imu_sensor_broadcaster/lib:/home/kortex_ws/install/gripper_controllers/lib:/home/kortex_ws/install/effort_controllers/lib:/home/kortex_ws/install/forward_command_controller/lib:/home/kortex_ws/install/force_torque_sensor_broadcaster/lib:/home/kortex_ws/install/diff_drive_controller/lib:/opt/ros/humble/opt/rviz_ogre_vendor/lib:/opt/ros/humble/lib/x86_64-linux-gnu:/opt/ros/humble/lib /usr/bin/cmake --install /home/kortex_ws/build/controller_manager
[0.642s] -- Install configuration: "Release"
[0.642s] -- Up-to-date: /home/kortex_ws/install/controller_manager/lib/libcontroller_manager.so
[0.643s] -- Up-to-date: /home/kortex_ws/install/controller_manager/lib/controller_manager/ros2_control_node
[0.643s] -- Up-to-date: /home/kortex_ws/install/controller_manager/include
[0.643s] -- Up-to-date: /home/kortex_ws/install/controller_manager/include/controller_manager
[0.643s] -- Up-to-date: /home/kortex_ws/install/controller_manager/include/controller_manager/visibility_control.h
[0.643s] -- Up-to-date: /home/kortex_ws/install/controller_manager/include/controller_manager/controller_manager.hpp
[0.643s] -- Up-to-date: /home/kortex_ws/install/controller_manager/include/controller_manager/controller_spec.hpp
[0.643s] -- Up-to-date: /home/kortex_ws/install/controller_manager/share/controller_manager/test/test_controller/test_controller.xml
[0.643s] -- Up-to-date: /home/kortex_ws/install/controller_manager/lib/libtest_controller.so
[0.643s] -- Up-to-date: /home/kortex_ws/install/controller_manager/share/controller_manager/test/test_controller_failed_init/test_controller_failed_init.xml
[0.644s] -- Up-to-date: /home/kortex_ws/install/controller_manager/lib/libtest_controller_failed_init.so
[0.644s] -- Up-to-date: /home/kortex_ws/install/controller_manager/share/controller_manager/test/test_chainable_controller/test_chainable_controller.xml
[0.644s] -- Up-to-date: /home/kortex_ws/install/controller_manager/lib/libtest_chainable_controller.so
[0.644s] -- Up-to-date: /home/kortex_ws/install/controller_manager/share/controller_manager/test/test_controller_with_interfaces/test_controller_with_interfaces.xml
[0.644s] -- Up-to-date: /home/kortex_ws/install/controller_manager/lib/libtest_controller_with_interfaces.so
[0.644s] -- Up-to-date: /home/kortex_ws/install/controller_manager/share/controller_manager/environment/pythonpath.sh
[0.644s] -- Up-to-date: /home/kortex_ws/install/controller_manager/share/controller_manager/environment/pythonpath.dsv
[0.644s] -- Up-to-date: /home/kortex_ws/install/controller_manager/local/lib/python3.10/dist-packages/controller_manager-2.41.0-py3.10.egg-info
[0.644s] -- Installing: /home/kortex_ws/install/controller_manager/local/lib/python3.10/dist-packages/controller_manager-2.41.0-py3.10.egg-info/SOURCES.txt
[0.644s] -- Installing: /home/kortex_ws/install/controller_manager/local/lib/python3.10/dist-packages/controller_manager-2.41.0-py3.10.egg-info/dependency_links.txt
[0.645s] -- Installing: /home/kortex_ws/install/controller_manager/local/lib/python3.10/dist-packages/controller_manager-2.41.0-py3.10.egg-info/top_level.txt
[0.645s] -- Installing: /home/kortex_ws/install/controller_manager/local/lib/python3.10/dist-packages/controller_manager-2.41.0-py3.10.egg-info/PKG-INFO
[0.645s] -- Installing: /home/kortex_ws/install/controller_manager/local/lib/python3.10/dist-packages/controller_manager-2.41.0-py3.10.egg-info/entry_points.txt
[0.645s] -- Up-to-date: /home/kortex_ws/install/controller_manager/lib/controller_manager/
[0.645s] -- Installing: /home/kortex_ws/install/controller_manager/lib/controller_manager//spawner
[0.645s] -- Installing: /home/kortex_ws/install/controller_manager/lib/controller_manager//hardware_spawner
[0.645s] -- Installing: /home/kortex_ws/install/controller_manager/lib/controller_manager//unspawner
[0.645s] -- Up-to-date: /home/kortex_ws/install/controller_manager/local/lib/python3.10/dist-packages/controller_manager
[0.645s] -- Up-to-date: /home/kortex_ws/install/controller_manager/local/lib/python3.10/dist-packages/controller_manager/controller_manager_services.py
[0.645s] -- Up-to-date: /home/kortex_ws/install/controller_manager/local/lib/python3.10/dist-packages/controller_manager/unspawner.py
[0.646s] -- Up-to-date: /home/kortex_ws/install/controller_manager/local/lib/python3.10/dist-packages/controller_manager/launch_utils.py
[0.646s] -- Up-to-date: /home/kortex_ws/install/controller_manager/local/lib/python3.10/dist-packages/controller_manager/spawner.py
[0.646s] -- Up-to-date: /home/kortex_ws/install/controller_manager/local/lib/python3.10/dist-packages/controller_manager/hardware_spawner.py
[0.646s] -- Up-to-date: /home/kortex_ws/install/controller_manager/local/lib/python3.10/dist-packages/controller_manager/__init__.py
[0.672s] Listing '/home/kortex_ws/install/controller_manager/local/lib/python3.10/dist-packages/controller_manager'...
[0.675s] -- Up-to-date: /home/kortex_ws/install/controller_manager/share/controller_manager/environment/library_path.sh
[0.676s] -- Up-to-date: /home/kortex_ws/install/controller_manager/share/controller_manager/environment/library_path.dsv
[0.676s] -- Up-to-date: /home/kortex_ws/install/controller_manager/share/ament_index/resource_index/package_run_dependencies/controller_manager
[0.676s] -- Up-to-date: /home/kortex_ws/install/controller_manager/share/ament_index/resource_index/parent_prefix_path/controller_manager
[0.676s] -- Up-to-date: /home/kortex_ws/install/controller_manager/share/controller_manager/environment/ament_prefix_path.sh
[0.676s] -- Up-to-date: /home/kortex_ws/install/controller_manager/share/controller_manager/environment/ament_prefix_path.dsv
[0.676s] -- Up-to-date: /home/kortex_ws/install/controller_manager/share/controller_manager/environment/path.sh
[0.676s] -- Up-to-date: /home/kortex_ws/install/controller_manager/share/controller_manager/environment/path.dsv
[0.676s] -- Up-to-date: /home/kortex_ws/install/controller_manager/share/controller_manager/local_setup.bash
[0.676s] -- Up-to-date: /home/kortex_ws/install/controller_manager/share/controller_manager/local_setup.sh
[0.676s] -- Up-to-date: /home/kortex_ws/install/controller_manager/share/controller_manager/local_setup.zsh
[0.676s] -- Up-to-date: /home/kortex_ws/install/controller_manager/share/controller_manager/local_setup.dsv
[0.676s] -- Installing: /home/kortex_ws/install/controller_manager/share/controller_manager/package.dsv
[0.677s] -- Up-to-date: /home/kortex_ws/install/controller_manager/share/ament_index/resource_index/packages/controller_manager
[0.677s] -- Up-to-date: /home/kortex_ws/install/controller_manager/share/ament_index/resource_index/controller_interface__pluginlib__plugin/controller_manager
[0.677s] -- Up-to-date: /home/kortex_ws/install/controller_manager/share/controller_manager/cmake/ament_cmake_export_libraries-extras.cmake
[0.677s] -- Up-to-date: /home/kortex_ws/install/controller_manager/share/controller_manager/cmake/ament_cmake_export_include_directories-extras.cmake
[0.677s] -- Up-to-date: /home/kortex_ws/install/controller_manager/share/controller_manager/cmake/ament_cmake_export_dependencies-extras.cmake
[0.677s] -- Up-to-date: /home/kortex_ws/install/controller_manager/share/controller_manager/cmake/controller_managerConfig.cmake
[0.677s] -- Up-to-date: /home/kortex_ws/install/controller_manager/share/controller_manager/cmake/controller_managerConfig-version.cmake
[0.677s] -- Up-to-date: /home/kortex_ws/install/controller_manager/share/controller_manager/package.xml
[0.679s] Invoked command in '/home/kortex_ws/build/controller_manager' returned '0': CMAKE_PREFIX_PATH=/home/kortex_ws/install/hardware_interface_testing:/home/kortex_ws/install/controller_interface:/home/kortex_ws/install/hardware_interface:/home/kortex_ws/install/ros2_control_test_assets:/home/kortex_ws/install/controller_manager_msgs:/home/kortex_ws/install/control_msgs:/home/kortex_ws/install/kortex_bringup:/home/kortex_ws/install/kinova_gen3_7dof_robotiq_2f_85_moveit_config:/home/kortex_ws/install/kinova_gen3_6dof_robotiq_2f_85_moveit_config:/home/kortex_ws/install/kortex_description:/home/kortex_ws/install/robotiq_description:/home/kortex_ws/install/ros2_controllers:/home/kortex_ws/install/velocity_controllers:/home/kortex_ws/install/tricycle_steering_controller:/home/kortex_ws/install/tricycle_controller:/home/kortex_ws/install/ros2_control:/home/kortex_ws/install/transmission_interface:/home/kortex_ws/install/bicycle_steering_controller:/home/kortex_ws/install/ackermann_steering_controller:/home/kortex_ws/install/steering_controllers_library:/home/kortex_ws/install/robotiq_hardware_tests:/home/kortex_ws/install/robotiq_driver:/home/kortex_ws/install/serial:/home/kortex_ws/install/controller_manager:/home/kortex_ws/install/robotiq_controllers:/home/kortex_ws/install/range_sensor_broadcaster:/home/kortex_ws/install/position_controllers:/home/kortex_ws/install/picknik_twist_controller:/home/kortex_ws/install/picknik_reset_fault_controller:/home/kortex_ws/install/kortex_driver:/home/kortex_ws/install/kortex_api:/home/kortex_ws/install/admittance_controller:/home/kortex_ws/install/joint_trajectory_controller:/home/kortex_ws/install/joint_state_broadcaster:/home/kortex_ws/install/joint_limits:/home/kortex_ws/install/imu_sensor_broadcaster:/home/kortex_ws/install/gripper_controllers:/home/kortex_ws/install/effort_controllers:/home/kortex_ws/install/forward_command_controller:/home/kortex_ws/install/force_torque_sensor_broadcaster:/home/kortex_ws/install/diff_drive_controller:/home/kortex_ws/install/rqt_joint_trajectory_controller:/home/kortex_ws/install/rqt_controller_manager:/home/kortex_ws/install/ros2controlcli:/home/kortex_ws/install/ros2_controllers_test_nodes:/opt/ros/humble LD_LIBRARY_PATH=/home/kortex_ws/install/hardware_interface_testing/lib:/home/kortex_ws/install/controller_interface/lib:/home/kortex_ws/install/hardware_interface/lib:/home/kortex_ws/install/controller_manager_msgs/lib:/home/kortex_ws/install/control_msgs/lib:/home/kortex_ws/install/velocity_controllers/lib:/home/kortex_ws/install/tricycle_steering_controller/lib:/home/kortex_ws/install/tricycle_controller/lib:/home/kortex_ws/install/transmission_interface/lib:/home/kortex_ws/install/bicycle_steering_controller/lib:/home/kortex_ws/install/ackermann_steering_controller/lib:/home/kortex_ws/install/steering_controllers_library/lib:/home/kortex_ws/install/robotiq_driver/lib:/home/kortex_ws/install/serial/lib:/home/kortex_ws/install/controller_manager/lib:/home/kortex_ws/install/robotiq_controllers/lib:/home/kortex_ws/install/range_sensor_broadcaster/lib:/home/kortex_ws/install/position_controllers/lib:/home/kortex_ws/install/picknik_twist_controller/lib:/home/kortex_ws/install/picknik_reset_fault_controller/lib:/home/kortex_ws/install/kortex_driver/lib:/home/kortex_ws/install/admittance_controller/lib:/home/kortex_ws/install/joint_trajectory_controller/lib:/home/kortex_ws/install/joint_state_broadcaster/lib:/home/kortex_ws/install/imu_sensor_broadcaster/lib:/home/kortex_ws/install/gripper_controllers/lib:/home/kortex_ws/install/effort_controllers/lib:/home/kortex_ws/install/forward_command_controller/lib:/home/kortex_ws/install/force_torque_sensor_broadcaster/lib:/home/kortex_ws/install/diff_drive_controller/lib:/opt/ros/humble/opt/rviz_ogre_vendor/lib:/opt/ros/humble/lib/x86_64-linux-gnu:/opt/ros/humble/lib /usr/bin/cmake --install /home/kortex_ws/build/controller_manager
