[0.469s] Invoking command in '/ros2_ws/src/gui': PYTHONPATH=/ros2_ws/build/gui/prefix_override:/usr/lib/python3/dist-packages/colcon_core/task/python/colcon_distutils_commands:/ros2_ws/install/gui/lib/python3.10/site-packages:${PYTHONPATH} /usr/bin/python3 -W ignore:setup.py install is deprecated setup.py egg_info --egg-base ../../build/gui build --build-base /ros2_ws/build/gui/build install --record /ros2_ws/build/gui/install.log --single-version-externally-managed install_data
[0.631s] running egg_info
[0.631s] writing ../../build/gui/gui.egg-info/PKG-INFO
[0.631s] writing dependency_links to ../../build/gui/gui.egg-info/dependency_links.txt
[0.631s] writing entry points to ../../build/gui/gui.egg-info/entry_points.txt
[0.631s] writing requirements to ../../build/gui/gui.egg-info/requires.txt
[0.632s] writing top-level names to ../../build/gui/gui.egg-info/top_level.txt
[0.633s] reading manifest file '../../build/gui/gui.egg-info/SOURCES.txt'
[0.634s] writing manifest file '../../build/gui/gui.egg-info/SOURCES.txt'
[0.634s] running build
[0.634s] running build_py
[0.634s] running install
[0.634s] running install_lib
[0.635s] running install_data
[0.636s] running install_egg_info
[0.637s] removing '/ros2_ws/install/gui/lib/python3.10/site-packages/gui-1.0.0-py3.10.egg-info' (and everything under it)
[0.638s] Copying ../../build/gui/gui.egg-info to /ros2_ws/install/gui/lib/python3.10/site-packages/gui-1.0.0-py3.10.egg-info
[0.639s] running install_scripts
[0.660s] Installing nicegui_node script to /ros2_ws/install/gui/lib/gui
[0.660s] writing list of installed files to '/ros2_ws/build/gui/install.log'
[0.682s] Invoked command in '/ros2_ws/src/gui' returned '0': PYTHONPATH=/ros2_ws/build/gui/prefix_override:/usr/lib/python3/dist-packages/colcon_core/task/python/colcon_distutils_commands:/ros2_ws/install/gui/lib/python3.10/site-packages:${PYTHONPATH} /usr/bin/python3 -W ignore:setup.py install is deprecated setup.py egg_info --egg-base ../../build/gui build --build-base /ros2_ws/build/gui/build install --record /ros2_ws/build/gui/install.log --single-version-externally-managed install_data
