[0.013s] Invoking command in '/home/moveit/build/moveit_core': AMENT_PREFIX_PATH=/home/moveit/install/moveit_resources_panda_moveit_config:/home/moveit/install/moveit_resources_pr2_description:/home/moveit/install/moveit_resources_panda_description:/home/moveit/install/moveit_msgs:/home/moveit/install/moveit_common:${AMENT_PREFIX_PATH} CMAKE_PREFIX_PATH=/home/moveit/install/moveit_resources_panda_moveit_config:/home/moveit/install/moveit_resources_pr2_description:/home/moveit/install/moveit_resources_panda_description:/home/moveit/install/moveit_msgs:/home/moveit/install/moveit_common:/opt/ros/humble LD_LIBRARY_PATH=/home/moveit/install/moveit_msgs/lib:${LD_LIBRARY_PATH} PYTHONPATH=/home/moveit/install/moveit_msgs/local/lib/python3.10/dist-packages:${PYTHONPATH} /usr/bin/cmake --build /home/moveit/build/moveit_core -- -j16 -l16
[0.087s] [35m[1mConsolidate compiler generated dependencies of target gtest_main[0m
[0.087s] [35m[1mConsolidate compiler generated dependencies of target gtest[0m
[0.087s] [35m[1mConsolidate compiler generated dependencies of target gmock_main[0m
[0.087s] [35m[1mConsolidate compiler generated dependencies of target moveit_smoothing_base[0m
[0.088s] [35m[1mConsolidate compiler generated dependencies of target gmock[0m
[0.088s] [35m[1mConsolidate compiler generated dependencies of target moveit_utils[0m
[0.095s] [  1%] Built target moveit_butterworth_parameters
[0.096s] [  1%] [34m[1mGenerating ../include/moveit/version.h, always_rebuild[0m
[0.101s] [  3%] Built target gtest_main
[0.101s] [  3%] Built target gmock_main
[0.102s] [  4%] Built target gtest
[0.104s] [  6%] Built target gmock
[0.124s] [  9%] Built target moveit_smoothing_base
[0.124s] [ 10%] Built target moveit_utils
[0.135s] [35m[1mConsolidate compiler generated dependencies of target moveit_exceptions[0m
[0.135s] [35m[1mConsolidate compiler generated dependencies of target logger_dut[0m
[0.135s] [35m[1mConsolidate compiler generated dependencies of target moveit_transforms[0m
[0.137s] [35m[1mConsolidate compiler generated dependencies of target moveit_distance_field[0m
[0.149s] [ 12%] [34m[1mGenerating version.h[0m
[0.149s] [ 12%] Built target moveit_exceptions
[0.153s] [ 13%] Built target logger_dut
[0.157s] [ 13%] Built target version_h
[0.167s] [35m[1mConsolidate compiler generated dependencies of target moveit_version[0m
[0.169s] [35m[1mConsolidate compiler generated dependencies of target moveit_robot_model[0m
[0.179s] [ 15%] Built target moveit_transforms
[0.179s] [ 16%] Built target moveit_version
[0.185s] [ 18%] Built target moveit_distance_field
[0.190s] [35m[1mConsolidate compiler generated dependencies of target test_transforms[0m
[0.196s] [35m[1mConsolidate compiler generated dependencies of target test_voxel_grid[0m
[0.197s] [35m[1mConsolidate compiler generated dependencies of target test_distance_field[0m
[0.209s] [ 19%] Built target test_transforms
[0.217s] [ 22%] Built target test_voxel_grid
[0.217s] [ 26%] Built target moveit_robot_model
[0.225s] [ 27%] Built target test_distance_field
[0.228s] [35m[1mConsolidate compiler generated dependencies of target moveit_kinematics_base[0m
[0.228s] [35m[1mConsolidate compiler generated dependencies of target moveit_butterworth_filter[0m
[0.251s] [ 28%] Built target moveit_kinematics_base
[0.255s] [ 30%] Built target moveit_butterworth_filter
[0.262s] [35m[1mConsolidate compiler generated dependencies of target moveit_test_utils[0m
[0.265s] [35m[1mConsolidate compiler generated dependencies of target moveit_robot_state[0m
[0.265s] [35m[1mConsolidate compiler generated dependencies of target test_butterworth_filter[0m
[0.291s] [ 31%] Built target test_butterworth_filter
[0.297s] [ 32%] Built target moveit_test_utils
[0.304s] [ 35%] Built target moveit_robot_state
[0.309s] [35m[1mConsolidate compiler generated dependencies of target test_robot_model[0m
[0.316s] [35m[1mConsolidate compiler generated dependencies of target test_cartesian_interpolator[0m
[0.316s] [35m[1mConsolidate compiler generated dependencies of target moveit_dynamics_solver[0m
[0.316s] [35m[1mConsolidate compiler generated dependencies of target moveit_kinematics_metrics[0m
[0.317s] [35m[1mConsolidate compiler generated dependencies of target test_aabb[0m
[0.317s] [35m[1mConsolidate compiler generated dependencies of target moveit_robot_trajectory[0m
[0.318s] [35m[1mConsolidate compiler generated dependencies of target test_robot_state[0m
[0.318s] [35m[1mConsolidate compiler generated dependencies of target test_robot_state_complex[0m
[0.319s] [35m[1mConsolidate compiler generated dependencies of target robot_state_benchmark[0m
[0.324s] [35m[1mConsolidate compiler generated dependencies of target moveit_collision_detection[0m
[0.338s] [ 37%] Built target test_robot_model
[0.341s] [ 38%] Built target test_cartesian_interpolator
[0.343s] [ 39%] Built target test_aabb
[0.344s] [ 40%] Built target moveit_kinematics_metrics
[0.345s] [ 42%] Built target test_robot_state_complex
[0.345s] [ 43%] Built target moveit_robot_trajectory
[0.345s] [ 44%] Built target test_robot_state
[0.346s] [ 46%] Built target moveit_dynamics_solver
[0.349s] [ 47%] Built target robot_state_benchmark
[0.356s] [35m[1mConsolidate compiler generated dependencies of target test_robot_trajectory[0m
[0.358s] [35m[1mConsolidate compiler generated dependencies of target moveit_trajectory_processing[0m
[0.381s] [ 51%] Built target test_robot_trajectory
[0.381s] [ 54%] Built target moveit_collision_detection
[0.391s] [ 56%] Built target moveit_trajectory_processing
[0.392s] [35m[1mConsolidate compiler generated dependencies of target test_world[0m
[0.392s] [35m[1mConsolidate compiler generated dependencies of target test_world_diff[0m
[0.392s] [35m[1mConsolidate compiler generated dependencies of target test_all_valid[0m
[0.393s] [35m[1mConsolidate compiler generated dependencies of target moveit_collision_detection_fcl[0m
[0.399s] [35m[1mConsolidate compiler generated dependencies of target moveit_collision_detection_bullet[0m
[0.403s] [35m[1mConsolidate compiler generated dependencies of target test_ruckig_traj_smoothing[0m
[0.403s] [35m[1mConsolidate compiler generated dependencies of target test_time_optimal_trajectory_generation[0m
[0.403s] [35m[1mConsolidate compiler generated dependencies of target robot_trajectory_benchmark[0m
[0.410s] [ 58%] Built target test_world
[0.410s] [ 58%] Built target test_world_diff
[0.418s] [ 59%] Built target test_all_valid
[0.428s] [ 62%] Built target robot_trajectory_benchmark
[0.428s] [ 62%] Built target test_ruckig_traj_smoothing
[0.428s] [ 63%] Built target test_time_optimal_trajectory_generation
[0.433s] [ 65%] Built target moveit_collision_detection_fcl
[0.445s] [35m[1mConsolidate compiler generated dependencies of target test_fcl_collision_env[0m
[0.445s] [35m[1mConsolidate compiler generated dependencies of target test_fcl_collision_detection_panda[0m
[0.445s] [35m[1mConsolidate compiler generated dependencies of target test_fcl_collision_detection[0m
[0.446s] [35m[1mConsolidate compiler generated dependencies of target moveit_kinematic_constraints[0m
[0.463s] [ 70%] Built target moveit_collision_detection_bullet
[0.475s] [35m[1mConsolidate compiler generated dependencies of target test_bullet_continuous_collision_checking[0m
[0.475s] [35m[1mConsolidate compiler generated dependencies of target test_bullet_collision_detection[0m
[0.477s] [35m[1mConsolidate compiler generated dependencies of target test_bullet_collision_detection_panda[0m
[0.478s] [ 74%] Built target test_fcl_collision_env
[0.478s] [ 74%] Built target test_fcl_collision_detection_panda
[0.478s] [ 74%] Built target test_fcl_collision_detection
[0.485s] [ 76%] Built target moveit_kinematic_constraints
[0.497s] [35m[1mConsolidate compiler generated dependencies of target test_constraints[0m
[0.498s] [35m[1mConsolidate compiler generated dependencies of target test_orientation_constraints[0m
[0.498s] [35m[1mConsolidate compiler generated dependencies of target moveit_planning_scene[0m
[0.507s] [ 80%] Built target test_bullet_continuous_collision_checking
[0.508s] [ 80%] Built target test_bullet_collision_detection_panda
[0.508s] [ 80%] Built target test_bullet_collision_detection
[0.526s] [ 82%] Built target test_constraints
[0.526s] [ 82%] Built target test_orientation_constraints
[0.535s] [ 83%] Built target moveit_planning_scene
[0.547s] [35m[1mConsolidate compiler generated dependencies of target test_collision_objects[0m
[0.547s] [35m[1mConsolidate compiler generated dependencies of target collision_detector_bullet_plugin[0m
[0.547s] [35m[1mConsolidate compiler generated dependencies of target test_multi_threaded[0m
[0.548s] [35m[1mConsolidate compiler generated dependencies of target collision_detector_fcl_plugin[0m
[0.548s] [35m[1mConsolidate compiler generated dependencies of target test_planning_scene[0m
[0.548s] [35m[1mConsolidate compiler generated dependencies of target moveit_planning_interface[0m
[0.550s] [35m[1mConsolidate compiler generated dependencies of target moveit_collision_distance_field[0m
[0.551s] [35m[1mConsolidate compiler generated dependencies of target moveit_constraint_samplers[0m
[0.576s] [ 86%] Built target collision_detector_bullet_plugin
[0.576s] [ 87%] Built target test_multi_threaded
[0.576s] [ 87%] Built target test_collision_objects
[0.578s] [ 88%] Built target collision_detector_fcl_plugin
[0.579s] [ 90%] Built target test_planning_scene
[0.579s] [ 91%] Built target moveit_planning_interface
[0.597s] [ 94%] Built target moveit_constraint_samplers
[0.599s] [ 97%] Built target moveit_collision_distance_field
[0.610s] [35m[1mConsolidate compiler generated dependencies of target test_collision_distance_field[0m
[0.611s] [35m[1mConsolidate compiler generated dependencies of target test_constraint_samplers[0m
[0.645s] [ 98%] Built target test_collision_distance_field
[0.650s] [100%] Built target test_constraint_samplers
[0.661s] Invoked command in '/home/moveit/build/moveit_core' returned '0': AMENT_PREFIX_PATH=/home/moveit/install/moveit_resources_panda_moveit_config:/home/moveit/install/moveit_resources_pr2_description:/home/moveit/install/moveit_resources_panda_description:/home/moveit/install/moveit_msgs:/home/moveit/install/moveit_common:${AMENT_PREFIX_PATH} CMAKE_PREFIX_PATH=/home/moveit/install/moveit_resources_panda_moveit_config:/home/moveit/install/moveit_resources_pr2_description:/home/moveit/install/moveit_resources_panda_description:/home/moveit/install/moveit_msgs:/home/moveit/install/moveit_common:/opt/ros/humble LD_LIBRARY_PATH=/home/moveit/install/moveit_msgs/lib:${LD_LIBRARY_PATH} PYTHONPATH=/home/moveit/install/moveit_msgs/local/lib/python3.10/dist-packages:${PYTHONPATH} /usr/bin/cmake --build /home/moveit/build/moveit_core -- -j16 -l16
[0.731s] Invoking command in '/home/moveit/build/moveit_core': AMENT_PREFIX_PATH=/home/moveit/install/moveit_resources_panda_moveit_config:/home/moveit/install/moveit_resources_pr2_description:/home/moveit/install/moveit_resources_panda_description:/home/moveit/install/moveit_msgs:/home/moveit/install/moveit_common:${AMENT_PREFIX_PATH} CMAKE_PREFIX_PATH=/home/moveit/install/moveit_resources_panda_moveit_config:/home/moveit/install/moveit_resources_pr2_description:/home/moveit/install/moveit_resources_panda_description:/home/moveit/install/moveit_msgs:/home/moveit/install/moveit_common:/opt/ros/humble LD_LIBRARY_PATH=/home/moveit/install/moveit_msgs/lib:${LD_LIBRARY_PATH} PYTHONPATH=/home/moveit/install/moveit_msgs/local/lib/python3.10/dist-packages:${PYTHONPATH} /usr/bin/cmake --install /home/moveit/build/moveit_core
[0.739s] -- Install configuration: "Release"
[0.740s] -- Up-to-date: /home/moveit/install/moveit_core/include/moveit_core
[0.740s] -- Up-to-date: /home/moveit/install/moveit_core/include/moveit_core/moveit
[0.740s] -- Up-to-date: /home/moveit/install/moveit_core/include/moveit_core/moveit/collision_detection_bullet
[0.740s] -- Up-to-date: /home/moveit/install/moveit_core/include/moveit_core/moveit/collision_detection_bullet/collision_detector_bullet_plugin_loader.h
[0.740s] -- Up-to-date: /home/moveit/install/moveit_core/include/moveit_core/moveit/collision_detection_bullet/collision_env_bullet.h
[0.740s] -- Up-to-date: /home/moveit/install/moveit_core/include/moveit_core/moveit/collision_detection_bullet/collision_detector_allocator_bullet.h
[0.740s] -- Up-to-date: /home/moveit/install/moveit_core/include/moveit_core/moveit/collision_detection_bullet/bullet_integration
[0.741s] -- Up-to-date: /home/moveit/install/moveit_core/include/moveit_core/moveit/collision_detection_bullet/bullet_integration/ros_bullet_utils.h
[0.741s] -- Up-to-date: /home/moveit/install/moveit_core/include/moveit_core/moveit/collision_detection_bullet/bullet_integration/bullet_discrete_bvh_manager.h
[0.741s] -- Up-to-date: /home/moveit/install/moveit_core/include/moveit_core/moveit/collision_detection_bullet/bullet_integration/bullet_utils.h
[0.741s] -- Up-to-date: /home/moveit/install/moveit_core/include/moveit_core/moveit/collision_detection_bullet/bullet_integration/bullet_cast_bvh_manager.h
[0.741s] -- Up-to-date: /home/moveit/install/moveit_core/include/moveit_core/moveit/collision_detection_bullet/bullet_integration/bullet_bvh_manager.h
[0.741s] -- Up-to-date: /home/moveit/install/moveit_core/include/moveit_core/moveit/collision_detection_bullet/bullet_integration/contact_checker_common.h
[0.741s] -- Up-to-date: /home/moveit/install/moveit_core/include/moveit_core/moveit/collision_detection_bullet/bullet_integration/basic_types.h
[0.741s] -- Up-to-date: /home/moveit/install/moveit_core/include/moveit_core/moveit_collision_detection_bullet_export.h
[0.741s] -- Up-to-date: /home/moveit/install/moveit_core/include/moveit_core
[0.741s] -- Up-to-date: /home/moveit/install/moveit_core/include/moveit_core/moveit
[0.741s] -- Up-to-date: /home/moveit/install/moveit_core/include/moveit_core/moveit/collision_detection_fcl
[0.742s] -- Up-to-date: /home/moveit/install/moveit_core/include/moveit_core/moveit/collision_detection_fcl/fcl_compat.h
[0.742s] -- Up-to-date: /home/moveit/install/moveit_core/include/moveit_core/moveit/collision_detection_fcl/collision_detector_fcl_plugin_loader.h
[0.742s] -- Up-to-date: /home/moveit/install/moveit_core/include/moveit_core/moveit/collision_detection_fcl/collision_common.h
[0.742s] -- Up-to-date: /home/moveit/install/moveit_core/include/moveit_core/moveit/collision_detection_fcl/collision_detector_allocator_fcl.h
[0.742s] -- Up-to-date: /home/moveit/install/moveit_core/include/moveit_core/moveit/collision_detection_fcl/collision_env_fcl.h
[0.742s] -- Up-to-date: /home/moveit/install/moveit_core/include/moveit_core/moveit_collision_detection_fcl_export.h
[0.742s] -- Up-to-date: /home/moveit/install/moveit_core/include/moveit_core
[0.742s] -- Up-to-date: /home/moveit/install/moveit_core/include/moveit_core/moveit
[0.742s] -- Up-to-date: /home/moveit/install/moveit_core/include/moveit_core/moveit/collision_detection
[0.742s] -- Up-to-date: /home/moveit/install/moveit_core/include/moveit_core/moveit/collision_detection/collision_plugin_cache.h
[0.742s] -- Up-to-date: /home/moveit/install/moveit_core/include/moveit_core/moveit/collision_detection/test_collision_common_pr2.h
[0.742s] -- Up-to-date: /home/moveit/install/moveit_core/include/moveit_core/moveit/collision_detection/test_collision_common_panda.h
[0.742s] -- Up-to-date: /home/moveit/install/moveit_core/include/moveit_core/moveit/collision_detection/collision_tools.h
[0.743s] -- Up-to-date: /home/moveit/install/moveit_core/include/moveit_core/moveit/collision_detection/collision_plugin.h
[0.743s] -- Up-to-date: /home/moveit/install/moveit_core/include/moveit_core/moveit/collision_detection/allvalid
[0.743s] -- Up-to-date: /home/moveit/install/moveit_core/include/moveit_core/moveit/collision_detection/allvalid/collision_detector_allocator_allvalid.h
[0.743s] -- Up-to-date: /home/moveit/install/moveit_core/include/moveit_core/moveit/collision_detection/allvalid/collision_env_allvalid.h
[0.743s] -- Up-to-date: /home/moveit/install/moveit_core/include/moveit_core/moveit/collision_detection/collision_common.h
[0.743s] -- Up-to-date: /home/moveit/install/moveit_core/include/moveit_core/moveit/collision_detection/collision_octomap_filter.h
[0.743s] -- Up-to-date: /home/moveit/install/moveit_core/include/moveit_core/moveit/collision_detection/occupancy_map.h
[0.743s] -- Up-to-date: /home/moveit/install/moveit_core/include/moveit_core/moveit/collision_detection/collision_detector_allocator.h
[0.743s] -- Up-to-date: /home/moveit/install/moveit_core/include/moveit_core/moveit/collision_detection/collision_matrix.h
[0.743s] -- Up-to-date: /home/moveit/install/moveit_core/include/moveit_core/moveit/collision_detection/world_diff.h
[0.743s] -- Up-to-date: /home/moveit/install/moveit_core/include/moveit_core/moveit/collision_detection/world.h
[0.743s] -- Up-to-date: /home/moveit/install/moveit_core/include/moveit_core/moveit/collision_detection/collision_env.h
[0.743s] -- Up-to-date: /home/moveit/install/moveit_core/include/moveit_core/moveit_collision_detection_export.h
[0.744s] -- Up-to-date: /home/moveit/install/moveit_core/include/moveit_core
[0.744s] -- Up-to-date: /home/moveit/install/moveit_core/include/moveit_core/moveit
[0.744s] -- Up-to-date: /home/moveit/install/moveit_core/include/moveit_core/moveit/collision_distance_field
[0.744s] -- Up-to-date: /home/moveit/install/moveit_core/include/moveit_core/moveit/collision_distance_field/collision_distance_field_types.h
[0.744s] -- Up-to-date: /home/moveit/install/moveit_core/include/moveit_core/moveit/collision_distance_field/collision_detector_allocator_hybrid.h
[0.744s] -- Up-to-date: /home/moveit/install/moveit_core/include/moveit_core/moveit/collision_distance_field/collision_common_distance_field.h
[0.744s] -- Up-to-date: /home/moveit/install/moveit_core/include/moveit_core/moveit/collision_distance_field/collision_env_distance_field.h
[0.744s] -- Up-to-date: /home/moveit/install/moveit_core/include/moveit_core/moveit/collision_distance_field/collision_env_hybrid.h
[0.744s] -- Up-to-date: /home/moveit/install/moveit_core/include/moveit_core/moveit/collision_distance_field/collision_detector_allocator_distance_field.h
[0.744s] -- Up-to-date: /home/moveit/install/moveit_core/include/moveit_core/moveit_collision_distance_field_export.h
[0.744s] -- Up-to-date: /home/moveit/install/moveit_core/include/moveit_core
[0.744s] -- Up-to-date: /home/moveit/install/moveit_core/include/moveit_core/moveit
[0.744s] -- Up-to-date: /home/moveit/install/moveit_core/include/moveit_core/moveit/constraint_samplers
[0.744s] -- Up-to-date: /home/moveit/install/moveit_core/include/moveit_core/moveit/constraint_samplers/constraint_sampler.h
[0.744s] -- Up-to-date: /home/moveit/install/moveit_core/include/moveit_core/moveit/constraint_samplers/default_constraint_samplers.h
[0.744s] -- Up-to-date: /home/moveit/install/moveit_core/include/moveit_core/moveit/constraint_samplers/constraint_sampler_allocator.h
[0.745s] -- Up-to-date: /home/moveit/install/moveit_core/include/moveit_core/moveit/constraint_samplers/constraint_sampler_tools.h
[0.745s] -- Up-to-date: /home/moveit/install/moveit_core/include/moveit_core/moveit/constraint_samplers/union_constraint_sampler.h
[0.745s] -- Up-to-date: /home/moveit/install/moveit_core/include/moveit_core/moveit/constraint_samplers/constraint_sampler_manager.h
[0.745s] -- Up-to-date: /home/moveit/install/moveit_core/include/moveit_core
[0.745s] -- Up-to-date: /home/moveit/install/moveit_core/include/moveit_core/moveit
[0.745s] -- Up-to-date: /home/moveit/install/moveit_core/include/moveit_core/moveit/controller_manager
[0.745s] -- Up-to-date: /home/moveit/install/moveit_core/include/moveit_core/moveit/controller_manager/controller_manager.h
[0.745s] -- Up-to-date: /home/moveit/install/moveit_core/include/moveit_core
[0.745s] -- Up-to-date: /home/moveit/install/moveit_core/include/moveit_core/moveit
[0.745s] -- Up-to-date: /home/moveit/install/moveit_core/include/moveit_core/moveit/distance_field
[0.745s] -- Up-to-date: /home/moveit/install/moveit_core/include/moveit_core/moveit/distance_field/distance_field.h
[0.746s] -- Up-to-date: /home/moveit/install/moveit_core/include/moveit_core/moveit/distance_field/voxel_grid.h
[0.746s] -- Up-to-date: /home/moveit/install/moveit_core/include/moveit_core/moveit/distance_field/propagation_distance_field.h
[0.746s] -- Up-to-date: /home/moveit/install/moveit_core/include/moveit_core/moveit/distance_field/find_internal_points.h
[0.746s] -- Up-to-date: /home/moveit/install/moveit_core/include/moveit_core
[0.746s] -- Up-to-date: /home/moveit/install/moveit_core/include/moveit_core/moveit
[0.746s] -- Up-to-date: /home/moveit/install/moveit_core/include/moveit_core/moveit/dynamics_solver
[0.746s] -- Up-to-date: /home/moveit/install/moveit_core/include/moveit_core/moveit/dynamics_solver/dynamics_solver.h
[0.746s] -- Up-to-date: /home/moveit/install/moveit_core/include/moveit_core
[0.746s] -- Up-to-date: /home/moveit/install/moveit_core/include/moveit_core/moveit
[0.746s] -- Up-to-date: /home/moveit/install/moveit_core/include/moveit_core/moveit/exceptions
[0.746s] -- Up-to-date: /home/moveit/install/moveit_core/include/moveit_core/moveit/exceptions/exceptions.h
[0.747s] -- Up-to-date: /home/moveit/install/moveit_core/include/moveit_core
[0.747s] -- Up-to-date: /home/moveit/install/moveit_core/include/moveit_core/moveit
[0.747s] -- Up-to-date: /home/moveit/install/moveit_core/include/moveit_core/moveit/kinematic_constraints
[0.747s] -- Up-to-date: /home/moveit/install/moveit_core/include/moveit_core/moveit/kinematic_constraints/utils.h
[0.747s] -- Up-to-date: /home/moveit/install/moveit_core/include/moveit_core/moveit/kinematic_constraints/kinematic_constraint.h
[0.747s] -- Up-to-date: /home/moveit/install/moveit_core/include/moveit_core
[0.747s] -- Up-to-date: /home/moveit/install/moveit_core/include/moveit_core/moveit
[0.747s] -- Up-to-date: /home/moveit/install/moveit_core/include/moveit_core/moveit/kinematics_base
[0.747s] -- Up-to-date: /home/moveit/install/moveit_core/include/moveit_core/moveit/kinematics_base/kinematics_base.h
[0.747s] -- Up-to-date: /home/moveit/install/moveit_core/include/moveit_core/moveit_kinematics_base_export.h
[0.748s] -- Up-to-date: /home/moveit/install/moveit_core/include/moveit_core
[0.748s] -- Up-to-date: /home/moveit/install/moveit_core/include/moveit_core/moveit
[0.748s] -- Up-to-date: /home/moveit/install/moveit_core/include/moveit_core/moveit/kinematics_metrics
[0.748s] -- Up-to-date: /home/moveit/install/moveit_core/include/moveit_core/moveit/kinematics_metrics/kinematics_metrics.h
[0.748s] -- Up-to-date: /home/moveit/install/moveit_core/include/moveit_core
[0.748s] -- Up-to-date: /home/moveit/install/moveit_core/include/moveit_core/moveit
[0.748s] -- Up-to-date: /home/moveit/install/moveit_core/include/moveit_core/moveit/macros
[0.748s] -- Up-to-date: /home/moveit/install/moveit_core/include/moveit_core/moveit/macros/class_forward.h
[0.748s] -- Up-to-date: /home/moveit/install/moveit_core/include/moveit_core/moveit/macros/declare_ptr.h
[0.748s] -- Up-to-date: /home/moveit/install/moveit_core/include/moveit_core/moveit/macros/console_colors.h
[0.748s] -- Up-to-date: /home/moveit/install/moveit_core/include/moveit_core/moveit/macros/deprecation.h
[0.749s] -- Up-to-date: /home/moveit/install/moveit_core/include/moveit_butterworth_parameters
[0.749s] -- Up-to-date: /home/moveit/install/moveit_core/include/moveit_butterworth_parameters/moveit_butterworth_parameters.hpp
[0.749s] -- Up-to-date: /home/moveit/install/moveit_core/include/moveit_core
[0.749s] -- Up-to-date: /home/moveit/install/moveit_core/include/moveit_core/moveit
[0.749s] -- Up-to-date: /home/moveit/install/moveit_core/include/moveit_core/moveit/online_signal_smoothing
[0.749s] -- Up-to-date: /home/moveit/install/moveit_core/include/moveit_core/moveit/online_signal_smoothing/smoothing_base_class.h
[0.749s] -- Up-to-date: /home/moveit/install/moveit_core/include/moveit_core/moveit/online_signal_smoothing/butterworth_filter.h
[0.749s] -- Up-to-date: /home/moveit/install/moveit_core/include/moveit_core/moveit_smoothing_base_export.h
[0.749s] -- Up-to-date: /home/moveit/install/moveit_core/include/moveit_core/moveit_butterworth_filter_export.h
[0.749s] -- Up-to-date: /home/moveit/install/moveit_core/include/moveit_core
[0.749s] -- Up-to-date: /home/moveit/install/moveit_core/include/moveit_core/moveit
[0.749s] -- Up-to-date: /home/moveit/install/moveit_core/include/moveit_core/moveit/planning_interface
[0.750s] -- Up-to-date: /home/moveit/install/moveit_core/include/moveit_core/moveit/planning_interface/planning_response.h
[0.750s] -- Up-to-date: /home/moveit/install/moveit_core/include/moveit_core/moveit/planning_interface/planning_request.h
[0.750s] -- Up-to-date: /home/moveit/install/moveit_core/include/moveit_core/moveit/planning_interface/planning_response_adapter.h
[0.750s] -- Up-to-date: /home/moveit/install/moveit_core/include/moveit_core/moveit/planning_interface/planning_request_adapter.h
[0.750s] -- Up-to-date: /home/moveit/install/moveit_core/include/moveit_core/moveit/planning_interface/planning_interface.h
[0.750s] -- Up-to-date: /home/moveit/install/moveit_core/include/moveit_core
[0.750s] -- Up-to-date: /home/moveit/install/moveit_core/include/moveit_core/moveit
[0.750s] -- Up-to-date: /home/moveit/install/moveit_core/include/moveit_core/moveit/planning_scene
[0.750s] -- Up-to-date: /home/moveit/install/moveit_core/include/moveit_core/moveit/planning_scene/planning_scene.h
[0.750s] -- Up-to-date: /home/moveit/install/moveit_core/include/moveit_core/moveit_planning_scene_export.h
[0.750s] -- Up-to-date: /home/moveit/install/moveit_core/include/moveit_core
[0.750s] -- Up-to-date: /home/moveit/install/moveit_core/include/moveit_core/moveit
[0.750s] -- Up-to-date: /home/moveit/install/moveit_core/include/moveit_core/moveit/robot_model
[0.751s] -- Up-to-date: /home/moveit/install/moveit_core/include/moveit_core/moveit/robot_model/joint_model_group.h
[0.751s] -- Up-to-date: /home/moveit/install/moveit_core/include/moveit_core/moveit/robot_model/revolute_joint_model.h
[0.751s] -- Up-to-date: /home/moveit/install/moveit_core/include/moveit_core/moveit/robot_model/floating_joint_model.h
[0.751s] -- Up-to-date: /home/moveit/install/moveit_core/include/moveit_core/moveit/robot_model/fixed_joint_model.h
[0.751s] -- Up-to-date: /home/moveit/install/moveit_core/include/moveit_core/moveit/robot_model/aabb.h
[0.751s] -- Up-to-date: /home/moveit/install/moveit_core/include/moveit_core/moveit/robot_model/prismatic_joint_model.h
[0.751s] -- Up-to-date: /home/moveit/install/moveit_core/include/moveit_core/moveit/robot_model/robot_model.h
[0.751s] -- Up-to-date: /home/moveit/install/moveit_core/include/moveit_core/moveit/robot_model/planar_joint_model.h
[0.751s] -- Up-to-date: /home/moveit/install/moveit_core/include/moveit_core/moveit/robot_model/joint_model.h
[0.751s] -- Up-to-date: /home/moveit/install/moveit_core/include/moveit_core/moveit/robot_model/link_model.h
[0.751s] -- Up-to-date: /home/moveit/install/moveit_core/include/moveit_core
[0.751s] -- Up-to-date: /home/moveit/install/moveit_core/include/moveit_core/moveit
[0.751s] -- Up-to-date: /home/moveit/install/moveit_core/include/moveit_core/moveit/robot_state
[0.751s] -- Up-to-date: /home/moveit/install/moveit_core/include/moveit_core/moveit/robot_state/attached_body.h
[0.752s] -- Up-to-date: /home/moveit/install/moveit_core/include/moveit_core/moveit/robot_state/cartesian_interpolator.h
[0.752s] -- Up-to-date: /home/moveit/install/moveit_core/include/moveit_core/moveit/robot_state/robot_state.h
[0.752s] -- Up-to-date: /home/moveit/install/moveit_core/include/moveit_core/moveit/robot_state/conversions.h
[0.752s] -- Up-to-date: /home/moveit/install/moveit_core/include/moveit_core
[0.752s] -- Up-to-date: /home/moveit/install/moveit_core/include/moveit_core/moveit
[0.752s] -- Up-to-date: /home/moveit/install/moveit_core/include/moveit_core/moveit/robot_trajectory
[0.752s] -- Up-to-date: /home/moveit/install/moveit_core/include/moveit_core/moveit/robot_trajectory/robot_trajectory.h
[0.752s] -- Up-to-date: /home/moveit/install/moveit_core/include/moveit_core
[0.752s] -- Up-to-date: /home/moveit/install/moveit_core/include/moveit_core/moveit
[0.752s] -- Up-to-date: /home/moveit/install/moveit_core/include/moveit_core/moveit/trajectory_processing
[0.752s] -- Up-to-date: /home/moveit/install/moveit_core/include/moveit_core/moveit/trajectory_processing/time_optimal_trajectory_generation.h
[0.752s] -- Up-to-date: /home/moveit/install/moveit_core/include/moveit_core/moveit/trajectory_processing/time_parameterization.h
[0.752s] -- Up-to-date: /home/moveit/install/moveit_core/include/moveit_core/moveit/trajectory_processing/trajectory_tools.h
[0.752s] -- Up-to-date: /home/moveit/install/moveit_core/include/moveit_core/moveit/trajectory_processing/ruckig_traj_smoothing.h
[0.753s] -- Up-to-date: /home/moveit/install/moveit_core/include/moveit_core
[0.753s] -- Up-to-date: /home/moveit/install/moveit_core/include/moveit_core/moveit
[0.753s] -- Up-to-date: /home/moveit/install/moveit_core/include/moveit_core/moveit/transforms
[0.753s] -- Up-to-date: /home/moveit/install/moveit_core/include/moveit_core/moveit/transforms/transforms.h
[0.753s] -- Up-to-date: /home/moveit/install/moveit_core/include/moveit_core
[0.753s] -- Up-to-date: /home/moveit/install/moveit_core/include/moveit_core/moveit
[0.753s] -- Up-to-date: /home/moveit/install/moveit_core/include/moveit_core/moveit/utils
[0.753s] -- Up-to-date: /home/moveit/install/moveit_core/include/moveit_core/moveit/utils/robot_model_test_utils.h
[0.753s] -- Up-to-date: /home/moveit/install/moveit_core/include/moveit_core/moveit/utils/moveit_error_code.h
[0.753s] -- Up-to-date: /home/moveit/install/moveit_core/include/moveit_core/moveit/utils/lexical_casts.h
[0.753s] -- Up-to-date: /home/moveit/install/moveit_core/include/moveit_core/moveit/utils/eigen_test_utils.h
[0.754s] -- Up-to-date: /home/moveit/install/moveit_core/include/moveit_core/moveit/utils/rclcpp_utils.h
[0.754s] -- Up-to-date: /home/moveit/install/moveit_core/include/moveit_core/moveit/utils/logger.hpp
[0.754s] -- Up-to-date: /home/moveit/install/moveit_core/include/moveit_core/moveit/utils/message_checks.h
[0.755s] -- Up-to-date: /home/moveit/install/moveit_core/lib/moveit_core/logger_dut
[0.755s] -- Up-to-date: /home/moveit/install/moveit_core/include/moveit_core/moveit/version.h
[0.755s] -- Up-to-date: /home/moveit/install/moveit_core/bin/moveit_version
[0.756s] -- Up-to-date: /home/moveit/install/moveit_core/lib/libcollision_detector_bullet_plugin.so.2.9.0
[0.756s] -- Up-to-date: /home/moveit/install/moveit_core/lib/libcollision_detector_bullet_plugin.so
[0.757s] -- Up-to-date: /home/moveit/install/moveit_core/lib/libmoveit_butterworth_filter.so.2.9.0
[0.757s] -- Up-to-date: /home/moveit/install/moveit_core/lib/libmoveit_butterworth_filter.so
[0.757s] -- Up-to-date: /home/moveit/install/moveit_core/lib/libmoveit_collision_detection.so.2.9.0
[0.758s] -- Up-to-date: /home/moveit/install/moveit_core/lib/libmoveit_collision_detection.so
[0.758s] -- Up-to-date: /home/moveit/install/moveit_core/lib/libmoveit_collision_detection_bullet.so.2.9.0
[0.758s] -- Up-to-date: /home/moveit/install/moveit_core/lib/libmoveit_collision_detection_bullet.so
[0.759s] -- Up-to-date: /home/moveit/install/moveit_core/lib/libmoveit_collision_detection_fcl.so.2.9.0
[0.759s] -- Up-to-date: /home/moveit/install/moveit_core/lib/libmoveit_collision_detection_fcl.so
[0.760s] -- Up-to-date: /home/moveit/install/moveit_core/lib/libmoveit_collision_distance_field.so.2.9.0
[0.760s] -- Up-to-date: /home/moveit/install/moveit_core/lib/libmoveit_collision_distance_field.so
[0.760s] -- Up-to-date: /home/moveit/install/moveit_core/lib/libmoveit_constraint_samplers.so.2.9.0
[0.761s] -- Up-to-date: /home/moveit/install/moveit_core/lib/libmoveit_constraint_samplers.so
[0.761s] -- Up-to-date: /home/moveit/install/moveit_core/lib/libmoveit_distance_field.so.2.9.0
[0.761s] -- Up-to-date: /home/moveit/install/moveit_core/lib/libmoveit_distance_field.so
[0.762s] -- Up-to-date: /home/moveit/install/moveit_core/lib/libmoveit_dynamics_solver.so.2.9.0
[0.762s] -- Up-to-date: /home/moveit/install/moveit_core/lib/libmoveit_dynamics_solver.so
[0.763s] -- Up-to-date: /home/moveit/install/moveit_core/lib/libmoveit_exceptions.so.2.9.0
[0.763s] -- Up-to-date: /home/moveit/install/moveit_core/lib/libmoveit_exceptions.so
[0.763s] -- Up-to-date: /home/moveit/install/moveit_core/lib/libmoveit_kinematic_constraints.so.2.9.0
[0.764s] -- Up-to-date: /home/moveit/install/moveit_core/lib/libmoveit_kinematic_constraints.so
[0.764s] -- Up-to-date: /home/moveit/install/moveit_core/lib/libmoveit_kinematics_base.so
[0.765s] -- Up-to-date: /home/moveit/install/moveit_core/lib/libmoveit_kinematics_metrics.so.2.9.0
[0.765s] -- Up-to-date: /home/moveit/install/moveit_core/lib/libmoveit_kinematics_metrics.so
[0.765s] -- Up-to-date: /home/moveit/install/moveit_core/lib/libmoveit_planning_interface.so.2.9.0
[0.765s] -- Up-to-date: /home/moveit/install/moveit_core/lib/libmoveit_planning_interface.so
[0.766s] -- Up-to-date: /home/moveit/install/moveit_core/lib/libmoveit_planning_scene.so.2.9.0
[0.766s] -- Up-to-date: /home/moveit/install/moveit_core/lib/libmoveit_planning_scene.so
[0.767s] -- Up-to-date: /home/moveit/install/moveit_core/lib/libmoveit_robot_model.so.2.9.0
[0.767s] -- Up-to-date: /home/moveit/install/moveit_core/lib/libmoveit_robot_model.so
[0.767s] -- Up-to-date: /home/moveit/install/moveit_core/lib/libmoveit_robot_state.so.2.9.0
[0.768s] -- Up-to-date: /home/moveit/install/moveit_core/lib/libmoveit_robot_state.so
[0.768s] -- Up-to-date: /home/moveit/install/moveit_core/lib/libmoveit_robot_trajectory.so.2.9.0
[0.768s] -- Up-to-date: /home/moveit/install/moveit_core/lib/libmoveit_robot_trajectory.so
[0.769s] -- Up-to-date: /home/moveit/install/moveit_core/lib/libmoveit_smoothing_base.so.2.9.0
[0.769s] -- Up-to-date: /home/moveit/install/moveit_core/lib/libmoveit_smoothing_base.so
[0.769s] -- Up-to-date: /home/moveit/install/moveit_core/lib/libmoveit_test_utils.so.2.9.0
[0.770s] -- Up-to-date: /home/moveit/install/moveit_core/lib/libmoveit_test_utils.so
[0.770s] -- Up-to-date: /home/moveit/install/moveit_core/lib/libmoveit_trajectory_processing.so.2.9.0
[0.770s] -- Up-to-date: /home/moveit/install/moveit_core/lib/libmoveit_trajectory_processing.so
[0.771s] -- Up-to-date: /home/moveit/install/moveit_core/lib/libmoveit_transforms.so.2.9.0
[0.771s] -- Up-to-date: /home/moveit/install/moveit_core/lib/libmoveit_transforms.so
[0.772s] -- Up-to-date: /home/moveit/install/moveit_core/lib/libmoveit_utils.so.2.9.0
[0.772s] -- Up-to-date: /home/moveit/install/moveit_core/lib/libmoveit_utils.so
[0.772s] -- Up-to-date: /home/moveit/install/moveit_core/share/moveit_core/environment/library_path.sh
[0.772s] -- Up-to-date: /home/moveit/install/moveit_core/share/moveit_core/environment/library_path.dsv
[0.772s] -- Up-to-date: /home/moveit/install/moveit_core/share/moveit_core/collision_detector_fcl_description.xml
[0.772s] -- Up-to-date: /home/moveit/install/moveit_core/share/moveit_core/collision_detector_bullet_description.xml
[0.773s] -- Up-to-date: /home/moveit/install/moveit_core/share/moveit_core/filter_plugin_butterworth.xml
[0.773s] -- Up-to-date: /home/moveit/install/moveit_core/share/ament_index/resource_index/package_run_dependencies/moveit_core
[0.773s] -- Up-to-date: /home/moveit/install/moveit_core/share/ament_index/resource_index/parent_prefix_path/moveit_core
[0.773s] -- Up-to-date: /home/moveit/install/moveit_core/share/moveit_core/environment/ament_prefix_path.sh
[0.773s] -- Up-to-date: /home/moveit/install/moveit_core/share/moveit_core/environment/ament_prefix_path.dsv
[0.773s] -- Up-to-date: /home/moveit/install/moveit_core/share/moveit_core/environment/path.sh
[0.773s] -- Up-to-date: /home/moveit/install/moveit_core/share/moveit_core/environment/path.dsv
[0.774s] -- Up-to-date: /home/moveit/install/moveit_core/share/moveit_core/local_setup.bash
[0.774s] -- Up-to-date: /home/moveit/install/moveit_core/share/moveit_core/local_setup.sh
[0.774s] -- Up-to-date: /home/moveit/install/moveit_core/share/moveit_core/local_setup.zsh
[0.774s] -- Up-to-date: /home/moveit/install/moveit_core/share/moveit_core/local_setup.dsv
[0.774s] -- Installing: /home/moveit/install/moveit_core/share/moveit_core/package.dsv
[0.774s] -- Up-to-date: /home/moveit/install/moveit_core/share/ament_index/resource_index/packages/moveit_core
[0.774s] -- Up-to-date: /home/moveit/install/moveit_core/share/ament_index/resource_index/moveit_core__pluginlib__plugin/moveit_core
[0.776s] -- Up-to-date: /home/moveit/install/moveit_core/share/moveit_core/cmake/moveit_coreTargetsExport.cmake
[0.776s] -- Up-to-date: /home/moveit/install/moveit_core/share/moveit_core/cmake/moveit_coreTargetsExport-release.cmake
[0.776s] -- Up-to-date: /home/moveit/install/moveit_core/share/moveit_core/cmake/ConfigExtras.cmake
[0.776s] -- Up-to-date: /home/moveit/install/moveit_core/share/moveit_core/cmake/ament_cmake_export_targets-extras.cmake
[0.776s] -- Up-to-date: /home/moveit/install/moveit_core/share/moveit_core/cmake/ament_cmake_export_dependencies-extras.cmake
[0.776s] -- Up-to-date: /home/moveit/install/moveit_core/share/moveit_core/cmake/moveit_coreConfig.cmake
[0.776s] -- Up-to-date: /home/moveit/install/moveit_core/share/moveit_core/cmake/moveit_coreConfig-version.cmake
[0.776s] -- Up-to-date: /home/moveit/install/moveit_core/share/moveit_core/package.xml
[0.778s] Invoked command in '/home/moveit/build/moveit_core' returned '0': AMENT_PREFIX_PATH=/home/moveit/install/moveit_resources_panda_moveit_config:/home/moveit/install/moveit_resources_pr2_description:/home/moveit/install/moveit_resources_panda_description:/home/moveit/install/moveit_msgs:/home/moveit/install/moveit_common:${AMENT_PREFIX_PATH} CMAKE_PREFIX_PATH=/home/moveit/install/moveit_resources_panda_moveit_config:/home/moveit/install/moveit_resources_pr2_description:/home/moveit/install/moveit_resources_panda_description:/home/moveit/install/moveit_msgs:/home/moveit/install/moveit_common:/opt/ros/humble LD_LIBRARY_PATH=/home/moveit/install/moveit_msgs/lib:${LD_LIBRARY_PATH} PYTHONPATH=/home/moveit/install/moveit_msgs/local/lib/python3.10/dist-packages:${PYTHONPATH} /usr/bin/cmake --install /home/moveit/build/moveit_core
