[1.198s] Invoking command in '/home/humble_ws/src/antworker_moveit_bringup': PYTHONPATH=/home/humble_ws/build/antworker_moveit_bringup/prefix_override:/home/humble_ws/install/antworker_moveit_bringup/lib/python3.10/site-packages:${PYTHONPATH} /usr/bin/python3 -W ignore:setup.py install is deprecated setup.py egg_info --egg-base ../../build/antworker_moveit_bringup build --build-base /home/humble_ws/build/antworker_moveit_bringup/build install --record /home/humble_ws/build/antworker_moveit_bringup/install.log --single-version-externally-managed install_data
[1.385s] running egg_info
[1.385s] creating ../../build/antworker_moveit_bringup/antworker_moveit_bringup.egg-info
[1.385s] writing ../../build/antworker_moveit_bringup/antworker_moveit_bringup.egg-info/PKG-INFO
[1.386s] writing dependency_links to ../../build/antworker_moveit_bringup/antworker_moveit_bringup.egg-info/dependency_links.txt
[1.386s] writing entry points to ../../build/antworker_moveit_bringup/antworker_moveit_bringup.egg-info/entry_points.txt
[1.386s] writing requirements to ../../build/antworker_moveit_bringup/antworker_moveit_bringup.egg-info/requires.txt
[1.386s] writing top-level names to ../../build/antworker_moveit_bringup/antworker_moveit_bringup.egg-info/top_level.txt
[1.386s] writing manifest file '../../build/antworker_moveit_bringup/antworker_moveit_bringup.egg-info/SOURCES.txt'
[1.388s] reading manifest file '../../build/antworker_moveit_bringup/antworker_moveit_bringup.egg-info/SOURCES.txt'
[1.389s] writing manifest file '../../build/antworker_moveit_bringup/antworker_moveit_bringup.egg-info/SOURCES.txt'
[1.389s] running build
[1.389s] running build_py
[1.390s] creating /home/humble_ws/build/antworker_moveit_bringup/build
[1.390s] creating /home/humble_ws/build/antworker_moveit_bringup/build/lib
[1.390s] creating /home/humble_ws/build/antworker_moveit_bringup/build/lib/antworker_moveit_bringup
[1.390s] copying antworker_moveit_bringup/joint_state_forwarder.py -> /home/humble_ws/build/antworker_moveit_bringup/build/lib/antworker_moveit_bringup
[1.390s] copying antworker_moveit_bringup/target_ee_pose_isolator.py -> /home/humble_ws/build/antworker_moveit_bringup/build/lib/antworker_moveit_bringup
[1.390s] copying antworker_moveit_bringup/dummy_wheel_joint_publisher.py -> /home/humble_ws/build/antworker_moveit_bringup/build/lib/antworker_moveit_bringup
[1.391s] copying antworker_moveit_bringup/trajectory_server_sim.py -> /home/humble_ws/build/antworker_moveit_bringup/build/lib/antworker_moveit_bringup
[1.391s] copying antworker_moveit_bringup/ee_point_server.py -> /home/humble_ws/build/antworker_moveit_bringup/build/lib/antworker_moveit_bringup
[1.391s] copying antworker_moveit_bringup/move_action_interface.py -> /home/humble_ws/build/antworker_moveit_bringup/build/lib/antworker_moveit_bringup
[1.391s] copying antworker_moveit_bringup/trajectory_server.py -> /home/humble_ws/build/antworker_moveit_bringup/build/lib/antworker_moveit_bringup
[1.392s] copying antworker_moveit_bringup/joint_command_forwarder.py -> /home/humble_ws/build/antworker_moveit_bringup/build/lib/antworker_moveit_bringup
[1.392s] copying antworker_moveit_bringup/__init__.py -> /home/humble_ws/build/antworker_moveit_bringup/build/lib/antworker_moveit_bringup
[1.392s] running install
[1.393s] running install_lib
[1.394s] creating /home/humble_ws/install/antworker_moveit_bringup/lib/python3.10/site-packages/antworker_moveit_bringup
[1.394s] copying /home/humble_ws/build/antworker_moveit_bringup/build/lib/antworker_moveit_bringup/joint_state_forwarder.py -> /home/humble_ws/install/antworker_moveit_bringup/lib/python3.10/site-packages/antworker_moveit_bringup
[1.394s] copying /home/humble_ws/build/antworker_moveit_bringup/build/lib/antworker_moveit_bringup/target_ee_pose_isolator.py -> /home/humble_ws/install/antworker_moveit_bringup/lib/python3.10/site-packages/antworker_moveit_bringup
[1.394s] copying /home/humble_ws/build/antworker_moveit_bringup/build/lib/antworker_moveit_bringup/dummy_wheel_joint_publisher.py -> /home/humble_ws/install/antworker_moveit_bringup/lib/python3.10/site-packages/antworker_moveit_bringup
[1.394s] copying /home/humble_ws/build/antworker_moveit_bringup/build/lib/antworker_moveit_bringup/trajectory_server_sim.py -> /home/humble_ws/install/antworker_moveit_bringup/lib/python3.10/site-packages/antworker_moveit_bringup
[1.395s] copying /home/humble_ws/build/antworker_moveit_bringup/build/lib/antworker_moveit_bringup/ee_point_server.py -> /home/humble_ws/install/antworker_moveit_bringup/lib/python3.10/site-packages/antworker_moveit_bringup
[1.395s] copying /home/humble_ws/build/antworker_moveit_bringup/build/lib/antworker_moveit_bringup/move_action_interface.py -> /home/humble_ws/install/antworker_moveit_bringup/lib/python3.10/site-packages/antworker_moveit_bringup
[1.395s] copying /home/humble_ws/build/antworker_moveit_bringup/build/lib/antworker_moveit_bringup/trajectory_server.py -> /home/humble_ws/install/antworker_moveit_bringup/lib/python3.10/site-packages/antworker_moveit_bringup
[1.395s] copying /home/humble_ws/build/antworker_moveit_bringup/build/lib/antworker_moveit_bringup/joint_command_forwarder.py -> /home/humble_ws/install/antworker_moveit_bringup/lib/python3.10/site-packages/antworker_moveit_bringup
[1.395s] copying /home/humble_ws/build/antworker_moveit_bringup/build/lib/antworker_moveit_bringup/__init__.py -> /home/humble_ws/install/antworker_moveit_bringup/lib/python3.10/site-packages/antworker_moveit_bringup
[1.395s] byte-compiling /home/humble_ws/install/antworker_moveit_bringup/lib/python3.10/site-packages/antworker_moveit_bringup/joint_state_forwarder.py to joint_state_forwarder.cpython-310.pyc
[1.396s] byte-compiling /home/humble_ws/install/antworker_moveit_bringup/lib/python3.10/site-packages/antworker_moveit_bringup/target_ee_pose_isolator.py to target_ee_pose_isolator.cpython-310.pyc
[1.397s] byte-compiling /home/humble_ws/install/antworker_moveit_bringup/lib/python3.10/site-packages/antworker_moveit_bringup/dummy_wheel_joint_publisher.py to dummy_wheel_joint_publisher.cpython-310.pyc
[1.397s] byte-compiling /home/humble_ws/install/antworker_moveit_bringup/lib/python3.10/site-packages/antworker_moveit_bringup/trajectory_server_sim.py to trajectory_server_sim.cpython-310.pyc
[1.398s] byte-compiling /home/humble_ws/install/antworker_moveit_bringup/lib/python3.10/site-packages/antworker_moveit_bringup/ee_point_server.py to ee_point_server.cpython-310.pyc
[1.398s] byte-compiling /home/humble_ws/install/antworker_moveit_bringup/lib/python3.10/site-packages/antworker_moveit_bringup/move_action_interface.py to move_action_interface.cpython-310.pyc
[1.399s] byte-compiling /home/humble_ws/install/antworker_moveit_bringup/lib/python3.10/site-packages/antworker_moveit_bringup/trajectory_server.py to trajectory_server.cpython-310.pyc
[1.400s] byte-compiling /home/humble_ws/install/antworker_moveit_bringup/lib/python3.10/site-packages/antworker_moveit_bringup/joint_command_forwarder.py to joint_command_forwarder.cpython-310.pyc
[1.400s] byte-compiling /home/humble_ws/install/antworker_moveit_bringup/lib/python3.10/site-packages/antworker_moveit_bringup/__init__.py to __init__.cpython-310.pyc
[1.400s] running install_data
[1.400s] creating /home/humble_ws/install/antworker_moveit_bringup/share/ament_index
[1.400s] creating /home/humble_ws/install/antworker_moveit_bringup/share/ament_index/resource_index
[1.401s] creating /home/humble_ws/install/antworker_moveit_bringup/share/ament_index/resource_index/packages
[1.401s] copying resource/antworker_moveit_bringup -> /home/humble_ws/install/antworker_moveit_bringup/share/ament_index/resource_index/packages
[1.401s] copying package.xml -> /home/humble_ws/install/antworker_moveit_bringup/share/antworker_moveit_bringup
[1.401s] creating /home/humble_ws/install/antworker_moveit_bringup/share/antworker_moveit_bringup/launch
[1.401s] copying launch/old1_moveit_bringup.launch.py -> /home/humble_ws/install/antworker_moveit_bringup/share/antworker_moveit_bringup/launch
[1.401s] creating /home/humble_ws/install/antworker_moveit_bringup/share/antworker_moveit_bringup/config
[1.401s] copying config/moveit_py_params.yaml -> /home/humble_ws/install/antworker_moveit_bringup/share/antworker_moveit_bringup/config
[1.401s] copying config/target_to_actual_bridge.yaml -> /home/humble_ws/install/antworker_moveit_bringup/share/antworker_moveit_bringup/config
[1.402s] copying config/rviz_config.rviz -> /home/humble_ws/install/antworker_moveit_bringup/share/antworker_moveit_bringup/config
[1.402s] running install_egg_info
[1.407s] Copying ../../build/antworker_moveit_bringup/antworker_moveit_bringup.egg-info to /home/humble_ws/install/antworker_moveit_bringup/lib/python3.10/site-packages/antworker_moveit_bringup-0.0.0-py3.10.egg-info
[1.408s] running install_scripts
[1.428s] Installing dummy_wheel_joint_publisher script to /home/humble_ws/install/antworker_moveit_bringup/lib/antworker_moveit_bringup
[1.429s] Installing ee_point_server script to /home/humble_ws/install/antworker_moveit_bringup/lib/antworker_moveit_bringup
[1.429s] Installing joint_command_forwarder script to /home/humble_ws/install/antworker_moveit_bringup/lib/antworker_moveit_bringup
[1.429s] Installing joint_state_forwarder script to /home/humble_ws/install/antworker_moveit_bringup/lib/antworker_moveit_bringup
[1.429s] Installing trajectory_server script to /home/humble_ws/install/antworker_moveit_bringup/lib/antworker_moveit_bringup
[1.429s] Installing trajectory_server_sim script to /home/humble_ws/install/antworker_moveit_bringup/lib/antworker_moveit_bringup
[1.430s] writing list of installed files to '/home/humble_ws/build/antworker_moveit_bringup/install.log'
[1.472s] Invoked command in '/home/humble_ws/src/antworker_moveit_bringup' returned '0': PYTHONPATH=/home/humble_ws/build/antworker_moveit_bringup/prefix_override:/home/humble_ws/install/antworker_moveit_bringup/lib/python3.10/site-packages:${PYTHONPATH} /usr/bin/python3 -W ignore:setup.py install is deprecated setup.py egg_info --egg-base ../../build/antworker_moveit_bringup build --build-base /home/humble_ws/build/antworker_moveit_bringup/build install --record /home/humble_ws/build/antworker_moveit_bringup/install.log --single-version-externally-managed install_data
