[1.034s] Invoking command in '/home/humble_ws/src/antworker_isaacsim_world': PYTHONPATH=/home/humble_ws/build/antworker_isaacsim_world/prefix_override:/home/humble_ws/install/antworker_isaacsim_world/lib/python3.10/site-packages:${PYTHONPATH} /usr/bin/python3 -W ignore:setup.py install is deprecated setup.py egg_info --egg-base ../../build/antworker_isaacsim_world build --build-base /home/humble_ws/build/antworker_isaacsim_world/build install --record /home/humble_ws/build/antworker_isaacsim_world/install.log --single-version-externally-managed install_data
[1.205s] running egg_info
[1.205s] creating ../../build/antworker_isaacsim_world/antworker_isaacsim_world.egg-info
[1.206s] writing ../../build/antworker_isaacsim_world/antworker_isaacsim_world.egg-info/PKG-INFO
[1.206s] writing dependency_links to ../../build/antworker_isaacsim_world/antworker_isaacsim_world.egg-info/dependency_links.txt
[1.206s] writing entry points to ../../build/antworker_isaacsim_world/antworker_isaacsim_world.egg-info/entry_points.txt
[1.206s] writing requirements to ../../build/antworker_isaacsim_world/antworker_isaacsim_world.egg-info/requires.txt
[1.206s] writing top-level names to ../../build/antworker_isaacsim_world/antworker_isaacsim_world.egg-info/top_level.txt
[1.206s] writing manifest file '../../build/antworker_isaacsim_world/antworker_isaacsim_world.egg-info/SOURCES.txt'
[1.208s] reading manifest file '../../build/antworker_isaacsim_world/antworker_isaacsim_world.egg-info/SOURCES.txt'
[1.208s] writing manifest file '../../build/antworker_isaacsim_world/antworker_isaacsim_world.egg-info/SOURCES.txt'
[1.208s] running build
[1.208s] running build_py
[1.209s] creating /home/humble_ws/build/antworker_isaacsim_world/build
[1.209s] creating /home/humble_ws/build/antworker_isaacsim_world/build/lib
[1.209s] creating /home/humble_ws/build/antworker_isaacsim_world/build/lib/antworker_isaacsim_world
[1.209s] copying antworker_isaacsim_world/__init__.py -> /home/humble_ws/build/antworker_isaacsim_world/build/lib/antworker_isaacsim_world
[1.209s] running install
[1.209s] running install_lib
[1.210s] creating /home/humble_ws/install/antworker_isaacsim_world/lib/python3.10/site-packages/antworker_isaacsim_world
[1.210s] copying /home/humble_ws/build/antworker_isaacsim_world/build/lib/antworker_isaacsim_world/__init__.py -> /home/humble_ws/install/antworker_isaacsim_world/lib/python3.10/site-packages/antworker_isaacsim_world
[1.210s] byte-compiling /home/humble_ws/install/antworker_isaacsim_world/lib/python3.10/site-packages/antworker_isaacsim_world/__init__.py to __init__.cpython-310.pyc
[1.211s] running install_data
[1.211s] creating /home/humble_ws/install/antworker_isaacsim_world/share/ament_index
[1.211s] creating /home/humble_ws/install/antworker_isaacsim_world/share/ament_index/resource_index
[1.211s] creating /home/humble_ws/install/antworker_isaacsim_world/share/ament_index/resource_index/packages
[1.211s] copying resource/antworker_isaacsim_world -> /home/humble_ws/install/antworker_isaacsim_world/share/ament_index/resource_index/packages
[1.211s] copying package.xml -> /home/humble_ws/install/antworker_isaacsim_world/share/antworker_isaacsim_world
[1.211s] running install_egg_info
[1.213s] Copying ../../build/antworker_isaacsim_world/antworker_isaacsim_world.egg-info to /home/humble_ws/install/antworker_isaacsim_world/lib/python3.10/site-packages/antworker_isaacsim_world-0.0.0-py3.10.egg-info
[1.214s] running install_scripts
[1.231s] writing list of installed files to '/home/humble_ws/build/antworker_isaacsim_world/install.log'
[1.257s] Invoked command in '/home/humble_ws/src/antworker_isaacsim_world' returned '0': PYTHONPATH=/home/humble_ws/build/antworker_isaacsim_world/prefix_override:/home/humble_ws/install/antworker_isaacsim_world/lib/python3.10/site-packages:${PYTHONPATH} /usr/bin/python3 -W ignore:setup.py install is deprecated setup.py egg_info --egg-base ../../build/antworker_isaacsim_world build --build-base /home/humble_ws/build/antworker_isaacsim_world/build install --record /home/humble_ws/build/antworker_isaacsim_world/install.log --single-version-externally-managed install_data
