running egg_info
creating ../../build/antworker_navigation/antworker_navigation.egg-info
writing ../../build/antworker_navigation/antworker_navigation.egg-info/PKG-INFO
writing dependency_links to ../../build/antworker_navigation/antworker_navigation.egg-info/dependency_links.txt
writing entry points to ../../build/antworker_navigation/antworker_navigation.egg-info/entry_points.txt
writing requirements to ../../build/antworker_navigation/antworker_navigation.egg-info/requires.txt
writing top-level names to ../../build/antworker_navigation/antworker_navigation.egg-info/top_level.txt
writing manifest file '../../build/antworker_navigation/antworker_navigation.egg-info/SOURCES.txt'
reading manifest file '../../build/antworker_navigation/antworker_navigation.egg-info/SOURCES.txt'
writing manifest file '../../build/antworker_navigation/antworker_navigation.egg-info/SOURCES.txt'
running build
running build_py
creating /home/humble_ws/build/antworker_navigation/build
creating /home/humble_ws/build/antworker_navigation/build/lib
creating /home/humble_ws/build/antworker_navigation/build/lib/antworker_navigation
copying antworker_navigation/__init__.py -> /home/humble_ws/build/antworker_navigation/build/lib/antworker_navigation
running install
running install_lib
creating /home/humble_ws/install/antworker_navigation/lib/python3.10/site-packages/antworker_navigation
copying /home/humble_ws/build/antworker_navigation/build/lib/antworker_navigation/__init__.py -> /home/humble_ws/install/antworker_navigation/lib/python3.10/site-packages/antworker_navigation
byte-compiling /home/humble_ws/install/antworker_navigation/lib/python3.10/site-packages/antworker_navigation/__init__.py to __init__.cpython-310.pyc
running install_data
creating /home/humble_ws/install/antworker_navigation/share/ament_index
creating /home/humble_ws/install/antworker_navigation/share/ament_index/resource_index
creating /home/humble_ws/install/antworker_navigation/share/ament_index/resource_index/packages
copying resource/antworker_navigation -> /home/humble_ws/install/antworker_navigation/share/ament_index/resource_index/packages
copying package.xml -> /home/humble_ws/install/antworker_navigation/share/antworker_navigation
running install_egg_info
Copying ../../build/antworker_navigation/antworker_navigation.egg-info to /home/humble_ws/install/antworker_navigation/lib/python3.10/site-packages/antworker_navigation-0.0.0-py3.10.egg-info
running install_scripts
writing list of installed files to '/home/humble_ws/build/antworker_navigation/install.log'
