[0.019s] Invoking command in '/home/kortex_ws/build/joint_state_broadcaster': AMENT_PREFIX_PATH=/home/kortex_ws/install/controller_manager:/home/kortex_ws/install/hardware_interface_testing:/home/kortex_ws/install/controller_interface:/home/kortex_ws/install/hardware_interface:/home/kortex_ws/install/ros2_control_test_assets:/home/kortex_ws/install/controller_manager_msgs:/home/kortex_ws/install/control_msgs:${AMENT_PREFIX_PATH} CMAKE_PREFIX_PATH=/home/kortex_ws/install/controller_manager:/home/kortex_ws/install/hardware_interface_testing:/home/kortex_ws/install/controller_interface:/home/kortex_ws/install/hardware_interface:/home/kortex_ws/install/ros2_control_test_assets:/home/kortex_ws/install/controller_manager_msgs:/home/kortex_ws/install/control_msgs:/opt/ros/humble LD_LIBRARY_PATH=/home/kortex_ws/install/controller_manager/lib:/home/kortex_ws/install/hardware_interface_testing/lib:/home/kortex_ws/install/controller_interface/lib:/home/kortex_ws/install/hardware_interface/lib:/home/kortex_ws/install/controller_manager_msgs/lib:/home/kortex_ws/install/control_msgs/lib:${LD_LIBRARY_PATH} PYTHONPATH=/home/kortex_ws/install/controller_manager/local/lib/python3.10/dist-packages:/home/kortex_ws/install/controller_manager_msgs/local/lib/python3.10/dist-packages:/home/kortex_ws/install/control_msgs/local/lib/python3.10/dist-packages:${PYTHONPATH} /usr/bin/cmake /home/kortex_ws/src/ros2_controllers/joint_state_broadcaster -DCMAKE_BUILD_TYPE=Release -DCMAKE_INSTALL_PREFIX=/home/kortex_ws/install/joint_state_broadcaster
[0.081s] -- The CXX compiler identification is GNU 11.4.0
[0.088s] -- Detecting CXX compiler ABI info
[0.169s] -- Detecting CXX compiler ABI info - done
[0.175s] -- Check for working CXX compiler: /usr/bin/c++ - skipped
[0.175s] -- Detecting CXX compile features
[0.175s] -- Detecting CXX compile features - done
[0.180s] -- Found ament_cmake: 1.3.8 (/opt/ros/humble/share/ament_cmake/cmake)
[0.312s] -- Found Python3: /usr/bin/python3 (found version "3.10.12") found components: Interpreter 
[0.416s] -- Found backward_ros: 1.0.2 (/opt/ros/humble/share/backward_ros/cmake)
[0.425s] -- Found libdw: /usr/lib/x86_64-linux-gnu/libdw.so  
[0.431s] -- Could NOT find libbfd (missing: LIBBFD_LIBRARY LIBBFD_INCLUDE_DIR) 
[0.431s] -- BACKWARD_HAS_UNWIND=1
[0.431s] -- BACKWARD_HAS_BACKTRACE=0
[0.431s] -- BACKWARD_HAS_BACKTRACE_SYMBOL=0
[0.431s] -- BACKWARD_HAS_DW=1
[0.431s] -- BACKWARD_HAS_BFD=0
[0.432s] -- Found Backward: /opt/ros/humble/share/backward_ros/cmake  
[0.435s] -- Found builtin_interfaces: 1.2.1 (/opt/ros/humble/share/builtin_interfaces/cmake)
[0.473s] -- Found rosidl_generator_c: 3.1.5 (/opt/ros/humble/share/rosidl_generator_c/cmake)
[0.481s] -- Found rosidl_adapter: 3.1.5 (/opt/ros/humble/share/rosidl_adapter/cmake)
[0.492s] -- Found rosidl_generator_cpp: 3.1.5 (/opt/ros/humble/share/rosidl_generator_cpp/cmake)
[0.508s] -- Using all available rosidl_typesupport_c: rosidl_typesupport_fastrtps_c;rosidl_typesupport_introspection_c
[0.530s] -- Using all available rosidl_typesupport_cpp: rosidl_typesupport_fastrtps_cpp;rosidl_typesupport_introspection_cpp
[0.548s] -- Found control_msgs: 4.6.0 (/home/kortex_ws/install/control_msgs/share/control_msgs/cmake)
[0.946s] -- Found controller_interface: 2.41.0 (/home/kortex_ws/install/controller_interface/share/controller_interface/cmake)
[1.083s] -- Found rmw_implementation_cmake: 6.1.1 (/opt/ros/humble/share/rmw_implementation_cmake/cmake)
[1.087s] -- Found rmw_fastrtps_cpp: 6.2.6 (/opt/ros/humble/share/rmw_fastrtps_cpp/cmake)
[1.129s] -- Found TinyXML2 via Config file: TinyXML2_DIR-NOTFOUND
[1.185s] -- Found OpenSSL: /usr/lib/x86_64-linux-gnu/libcrypto.so (found version "3.0.2")  
[1.187s] -- Found TinyXML2 via Config file: TinyXML2_DIR-NOTFOUND
[1.196s] -- Found FastRTPS: /opt/ros/humble/include  
[1.203s] -- Found TinyXML2 via Config file: TinyXML2_DIR-NOTFOUND
[1.211s] -- Found TinyXML2 via Config file: TinyXML2_DIR-NOTFOUND
[1.219s] -- Using RMW implementation 'rmw_fastrtps_cpp' as default
[1.233s] -- Looking for C++ include pthread.h
[1.330s] -- Looking for C++ include pthread.h - found
[1.330s] -- Performing Test CMAKE_HAVE_LIBC_PTHREAD
[1.427s] -- Performing Test CMAKE_HAVE_LIBC_PTHREAD - Success
[1.428s] -- Found Threads: TRUE  
[1.609s] -- Found generate_parameter_library: 0.3.8 (/opt/ros/humble/share/generate_parameter_library/cmake)
[1.612s] -- Found parameter_traits: 0.3.8 (/opt/ros/humble/share/parameter_traits/cmake)
[1.644s] -- Found realtime_tools: 2.5.0 (/opt/ros/humble/share/realtime_tools/cmake)
[1.724s] -- Found ament_cmake_gmock: 1.3.8 (/opt/ros/humble/share/ament_cmake_gmock/cmake)
[1.725s] -- Found controller_manager: 2.41.0 (/home/kortex_ws/install/controller_manager/share/controller_manager/cmake)
[1.894s] -- Found ros2_control_test_assets: 2.41.0 (/home/kortex_ws/install/ros2_control_test_assets/share/ros2_control_test_assets/cmake)
[1.898s] -- Found gmock sources under '/opt/ros/humble/src/gmock_vendor': C++ tests using 'Google Mock' will be built
[1.935s] -- The C compiler identification is GNU 11.4.0
[1.941s] -- Detecting C compiler ABI info
[2.027s] -- Detecting C compiler ABI info - done
[2.032s] -- Check for working C compiler: /usr/bin/cc - skipped
[2.033s] -- Detecting C compile features
[2.033s] -- Detecting C compile features - done
[2.040s] -- Found ament_cmake_gtest: 1.3.8 (/opt/ros/humble/share/ament_cmake_gtest/cmake)
[2.041s] -- Found gtest sources under '/opt/ros/humble/src/gtest_vendor': C++ tests using 'Google Test' will be built
[2.469s] -- Configuring done
[2.529s] -- Generating done
[2.532s] -- Build files have been written to: /home/kortex_ws/build/joint_state_broadcaster
[2.543s] Invoked command in '/home/kortex_ws/build/joint_state_broadcaster' returned '0': AMENT_PREFIX_PATH=/home/kortex_ws/install/controller_manager:/home/kortex_ws/install/hardware_interface_testing:/home/kortex_ws/install/controller_interface:/home/kortex_ws/install/hardware_interface:/home/kortex_ws/install/ros2_control_test_assets:/home/kortex_ws/install/controller_manager_msgs:/home/kortex_ws/install/control_msgs:${AMENT_PREFIX_PATH} CMAKE_PREFIX_PATH=/home/kortex_ws/install/controller_manager:/home/kortex_ws/install/hardware_interface_testing:/home/kortex_ws/install/controller_interface:/home/kortex_ws/install/hardware_interface:/home/kortex_ws/install/ros2_control_test_assets:/home/kortex_ws/install/controller_manager_msgs:/home/kortex_ws/install/control_msgs:/opt/ros/humble LD_LIBRARY_PATH=/home/kortex_ws/install/controller_manager/lib:/home/kortex_ws/install/hardware_interface_testing/lib:/home/kortex_ws/install/controller_interface/lib:/home/kortex_ws/install/hardware_interface/lib:/home/kortex_ws/install/controller_manager_msgs/lib:/home/kortex_ws/install/control_msgs/lib:${LD_LIBRARY_PATH} PYTHONPATH=/home/kortex_ws/install/controller_manager/local/lib/python3.10/dist-packages:/home/kortex_ws/install/controller_manager_msgs/local/lib/python3.10/dist-packages:/home/kortex_ws/install/control_msgs/local/lib/python3.10/dist-packages:${PYTHONPATH} /usr/bin/cmake /home/kortex_ws/src/ros2_controllers/joint_state_broadcaster -DCMAKE_BUILD_TYPE=Release -DCMAKE_INSTALL_PREFIX=/home/kortex_ws/install/joint_state_broadcaster
[2.544s] Invoking command in '/home/kortex_ws/build/joint_state_broadcaster': AMENT_PREFIX_PATH=/home/kortex_ws/install/controller_manager:/home/kortex_ws/install/hardware_interface_testing:/home/kortex_ws/install/controller_interface:/home/kortex_ws/install/hardware_interface:/home/kortex_ws/install/ros2_control_test_assets:/home/kortex_ws/install/controller_manager_msgs:/home/kortex_ws/install/control_msgs:${AMENT_PREFIX_PATH} CMAKE_PREFIX_PATH=/home/kortex_ws/install/controller_manager:/home/kortex_ws/install/hardware_interface_testing:/home/kortex_ws/install/controller_interface:/home/kortex_ws/install/hardware_interface:/home/kortex_ws/install/ros2_control_test_assets:/home/kortex_ws/install/controller_manager_msgs:/home/kortex_ws/install/control_msgs:/opt/ros/humble LD_LIBRARY_PATH=/home/kortex_ws/install/controller_manager/lib:/home/kortex_ws/install/hardware_interface_testing/lib:/home/kortex_ws/install/controller_interface/lib:/home/kortex_ws/install/hardware_interface/lib:/home/kortex_ws/install/controller_manager_msgs/lib:/home/kortex_ws/install/control_msgs/lib:${LD_LIBRARY_PATH} PYTHONPATH=/home/kortex_ws/install/controller_manager/local/lib/python3.10/dist-packages:/home/kortex_ws/install/controller_manager_msgs/local/lib/python3.10/dist-packages:/home/kortex_ws/install/control_msgs/local/lib/python3.10/dist-packages:${PYTHONPATH} /usr/bin/cmake --build /home/kortex_ws/build/joint_state_broadcaster -- -j16 -l16
[2.598s] [ 33%] [32mBuilding CXX object gmock/CMakeFiles/gmock_main.dir/src/gmock_main.cc.o[0m
[2.598s] [ 33%] [34m[1mRunning `/opt/ros/humble/bin/generate_parameter_library_cpp /home/kortex_ws/build/joint_state_broadcaster/joint_state_broadcaster_parameters/include//joint_state_broadcaster_parameters.hpp /home/kortex_ws/src/ros2_controllers/joint_state_broadcaster/src/joint_state_broadcaster_parameters.yaml `[0m
[2.598s] [ 33%] [32mBuilding CXX object gmock/CMakeFiles/gmock.dir/src/gmock-all.cc.o[0m
[2.598s] [ 33%] [32mBuilding CXX object gmock/CMakeFiles/gmock.dir/opt/ros/humble/src/gtest_vendor/src/gtest-all.cc.o[0m
[2.827s] [ 33%] Built target joint_state_broadcaster_parameters
[2.852s] [ 41%] [32mBuilding CXX object CMakeFiles/joint_state_broadcaster.dir/src/joint_state_broadcaster.cpp.o[0m
[3.630s] [ 50%] [32m[1mLinking CXX static library libgmock_main.a[0m
[3.700s] [ 50%] Built target gmock_main
[8.670s] [ 58%] [32m[1mLinking CXX static library libgmock.a[0m
[8.750s] [ 58%] Built target gmock
[9.996s] [ 66%] [32m[1mLinking CXX shared library libjoint_state_broadcaster.so[0m
[10.134s] [ 66%] Built target joint_state_broadcaster
[10.154s] [ 83%] [32mBuilding CXX object CMakeFiles/test_load_joint_state_broadcaster.dir/test/test_load_joint_state_broadcaster.cpp.o[0m
[10.155s] [ 83%] [32mBuilding CXX object CMakeFiles/test_joint_state_broadcaster.dir/test/test_joint_state_broadcaster.cpp.o[0m
[14.966s] [ 91%] [32m[1mLinking CXX executable test_load_joint_state_broadcaster[0m
[15.191s] [ 91%] Built target test_load_joint_state_broadcaster
[25.687s] [100%] [32m[1mLinking CXX executable test_joint_state_broadcaster[0m
[25.957s] [100%] Built target test_joint_state_broadcaster
[25.971s] Invoked command in '/home/kortex_ws/build/joint_state_broadcaster' returned '0': AMENT_PREFIX_PATH=/home/kortex_ws/install/controller_manager:/home/kortex_ws/install/hardware_interface_testing:/home/kortex_ws/install/controller_interface:/home/kortex_ws/install/hardware_interface:/home/kortex_ws/install/ros2_control_test_assets:/home/kortex_ws/install/controller_manager_msgs:/home/kortex_ws/install/control_msgs:${AMENT_PREFIX_PATH} CMAKE_PREFIX_PATH=/home/kortex_ws/install/controller_manager:/home/kortex_ws/install/hardware_interface_testing:/home/kortex_ws/install/controller_interface:/home/kortex_ws/install/hardware_interface:/home/kortex_ws/install/ros2_control_test_assets:/home/kortex_ws/install/controller_manager_msgs:/home/kortex_ws/install/control_msgs:/opt/ros/humble LD_LIBRARY_PATH=/home/kortex_ws/install/controller_manager/lib:/home/kortex_ws/install/hardware_interface_testing/lib:/home/kortex_ws/install/controller_interface/lib:/home/kortex_ws/install/hardware_interface/lib:/home/kortex_ws/install/controller_manager_msgs/lib:/home/kortex_ws/install/control_msgs/lib:${LD_LIBRARY_PATH} PYTHONPATH=/home/kortex_ws/install/controller_manager/local/lib/python3.10/dist-packages:/home/kortex_ws/install/controller_manager_msgs/local/lib/python3.10/dist-packages:/home/kortex_ws/install/control_msgs/local/lib/python3.10/dist-packages:${PYTHONPATH} /usr/bin/cmake --build /home/kortex_ws/build/joint_state_broadcaster -- -j16 -l16
[26.009s] Invoking command in '/home/kortex_ws/build/joint_state_broadcaster': AMENT_PREFIX_PATH=/home/kortex_ws/install/controller_manager:/home/kortex_ws/install/hardware_interface_testing:/home/kortex_ws/install/controller_interface:/home/kortex_ws/install/hardware_interface:/home/kortex_ws/install/ros2_control_test_assets:/home/kortex_ws/install/controller_manager_msgs:/home/kortex_ws/install/control_msgs:${AMENT_PREFIX_PATH} CMAKE_PREFIX_PATH=/home/kortex_ws/install/controller_manager:/home/kortex_ws/install/hardware_interface_testing:/home/kortex_ws/install/controller_interface:/home/kortex_ws/install/hardware_interface:/home/kortex_ws/install/ros2_control_test_assets:/home/kortex_ws/install/controller_manager_msgs:/home/kortex_ws/install/control_msgs:/opt/ros/humble LD_LIBRARY_PATH=/home/kortex_ws/install/controller_manager/lib:/home/kortex_ws/install/hardware_interface_testing/lib:/home/kortex_ws/install/controller_interface/lib:/home/kortex_ws/install/hardware_interface/lib:/home/kortex_ws/install/controller_manager_msgs/lib:/home/kortex_ws/install/control_msgs/lib:${LD_LIBRARY_PATH} PYTHONPATH=/home/kortex_ws/install/controller_manager/local/lib/python3.10/dist-packages:/home/kortex_ws/install/controller_manager_msgs/local/lib/python3.10/dist-packages:/home/kortex_ws/install/control_msgs/local/lib/python3.10/dist-packages:${PYTHONPATH} /usr/bin/cmake --install /home/kortex_ws/build/joint_state_broadcaster
[26.017s] -- Install configuration: "Release"
[26.017s] -- Installing: /home/kortex_ws/install/joint_state_broadcaster/include/joint_state_broadcaster_parameters
[26.017s] -- Installing: /home/kortex_ws/install/joint_state_broadcaster/include/joint_state_broadcaster_parameters/joint_state_broadcaster_parameters.hpp
[26.017s] -- Installing: /home/kortex_ws/install/joint_state_broadcaster/share/joint_state_broadcaster/joint_state_plugin.xml
[26.017s] -- Installing: /home/kortex_ws/install/joint_state_broadcaster/include/joint_state_broadcaster
[26.018s] -- Installing: /home/kortex_ws/install/joint_state_broadcaster/include/joint_state_broadcaster/joint_state_broadcaster
[26.018s] -- Installing: /home/kortex_ws/install/joint_state_broadcaster/include/joint_state_broadcaster/joint_state_broadcaster/visibility_control.h
[26.018s] -- Installing: /home/kortex_ws/install/joint_state_broadcaster/include/joint_state_broadcaster/joint_state_broadcaster/joint_state_broadcaster.hpp
[26.018s] -- Installing: /home/kortex_ws/install/joint_state_broadcaster/lib/libjoint_state_broadcaster.so
[26.019s] -- Set runtime path of "/home/kortex_ws/install/joint_state_broadcaster/lib/libjoint_state_broadcaster.so" to ""
[26.019s] -- Installing: /home/kortex_ws/install/joint_state_broadcaster/share/joint_state_broadcaster/environment/library_path.sh
[26.020s] -- Installing: /home/kortex_ws/install/joint_state_broadcaster/share/joint_state_broadcaster/environment/library_path.dsv
[26.020s] -- Installing: /home/kortex_ws/install/joint_state_broadcaster/share/ament_index/resource_index/package_run_dependencies/joint_state_broadcaster
[26.020s] -- Installing: /home/kortex_ws/install/joint_state_broadcaster/share/ament_index/resource_index/parent_prefix_path/joint_state_broadcaster
[26.020s] -- Installing: /home/kortex_ws/install/joint_state_broadcaster/share/joint_state_broadcaster/environment/ament_prefix_path.sh
[26.021s] -- Installing: /home/kortex_ws/install/joint_state_broadcaster/share/joint_state_broadcaster/environment/ament_prefix_path.dsv
[26.021s] -- Installing: /home/kortex_ws/install/joint_state_broadcaster/share/joint_state_broadcaster/environment/path.sh
[26.021s] -- Installing: /home/kortex_ws/install/joint_state_broadcaster/share/joint_state_broadcaster/environment/path.dsv
[26.021s] -- Installing: /home/kortex_ws/install/joint_state_broadcaster/share/joint_state_broadcaster/local_setup.bash
[26.021s] -- Installing: /home/kortex_ws/install/joint_state_broadcaster/share/joint_state_broadcaster/local_setup.sh
[26.022s] -- Installing: /home/kortex_ws/install/joint_state_broadcaster/share/joint_state_broadcaster/local_setup.zsh
[26.022s] -- Installing: /home/kortex_ws/install/joint_state_broadcaster/share/joint_state_broadcaster/local_setup.dsv
[26.022s] -- Installing: /home/kortex_ws/install/joint_state_broadcaster/share/joint_state_broadcaster/package.dsv
[26.022s] -- Installing: /home/kortex_ws/install/joint_state_broadcaster/share/ament_index/resource_index/packages/joint_state_broadcaster
[26.023s] -- Installing: /home/kortex_ws/install/joint_state_broadcaster/share/ament_index/resource_index/controller_interface__pluginlib__plugin/joint_state_broadcaster
[26.023s] -- Installing: /home/kortex_ws/install/joint_state_broadcaster/share/joint_state_broadcaster/cmake/export_joint_state_broadcasterExport.cmake
[26.023s] -- Installing: /home/kortex_ws/install/joint_state_broadcaster/share/joint_state_broadcaster/cmake/export_joint_state_broadcasterExport-release.cmake
[26.023s] -- Installing: /home/kortex_ws/install/joint_state_broadcaster/share/joint_state_broadcaster/cmake/ament_cmake_export_targets-extras.cmake
[26.023s] -- Installing: /home/kortex_ws/install/joint_state_broadcaster/share/joint_state_broadcaster/cmake/ament_cmake_export_dependencies-extras.cmake
[26.024s] -- Installing: /home/kortex_ws/install/joint_state_broadcaster/share/joint_state_broadcaster/cmake/joint_state_broadcasterConfig.cmake
[26.024s] -- Installing: /home/kortex_ws/install/joint_state_broadcaster/share/joint_state_broadcaster/cmake/joint_state_broadcasterConfig-version.cmake
[26.024s] -- Installing: /home/kortex_ws/install/joint_state_broadcaster/share/joint_state_broadcaster/package.xml
[26.027s] Invoked command in '/home/kortex_ws/build/joint_state_broadcaster' returned '0': AMENT_PREFIX_PATH=/home/kortex_ws/install/controller_manager:/home/kortex_ws/install/hardware_interface_testing:/home/kortex_ws/install/controller_interface:/home/kortex_ws/install/hardware_interface:/home/kortex_ws/install/ros2_control_test_assets:/home/kortex_ws/install/controller_manager_msgs:/home/kortex_ws/install/control_msgs:${AMENT_PREFIX_PATH} CMAKE_PREFIX_PATH=/home/kortex_ws/install/controller_manager:/home/kortex_ws/install/hardware_interface_testing:/home/kortex_ws/install/controller_interface:/home/kortex_ws/install/hardware_interface:/home/kortex_ws/install/ros2_control_test_assets:/home/kortex_ws/install/controller_manager_msgs:/home/kortex_ws/install/control_msgs:/opt/ros/humble LD_LIBRARY_PATH=/home/kortex_ws/install/controller_manager/lib:/home/kortex_ws/install/hardware_interface_testing/lib:/home/kortex_ws/install/controller_interface/lib:/home/kortex_ws/install/hardware_interface/lib:/home/kortex_ws/install/controller_manager_msgs/lib:/home/kortex_ws/install/control_msgs/lib:${LD_LIBRARY_PATH} PYTHONPATH=/home/kortex_ws/install/controller_manager/local/lib/python3.10/dist-packages:/home/kortex_ws/install/controller_manager_msgs/local/lib/python3.10/dist-packages:/home/kortex_ws/install/control_msgs/local/lib/python3.10/dist-packages:${PYTHONPATH} /usr/bin/cmake --install /home/kortex_ws/build/joint_state_broadcaster
