[0.011s] Invoking command in '/home/humble_ws/build/kinova_moveit': CMAKE_PREFIX_PATH=/home/humble_ws/install/kinova_arm:/opt/ros/humble /usr/bin/cmake /home/humble_ws/src/kinova_moveit -DCMAKE_INSTALL_PREFIX=/home/humble_ws/install/kinova_moveit
[0.023s] -- Found ament_cmake: 1.3.8 (/opt/ros/humble/share/ament_cmake/cmake)
[0.181s] -- Configuring done
[0.184s] -- Generating done
[0.184s] -- Build files have been written to: /home/humble_ws/build/kinova_moveit
[0.187s] Invoked command in '/home/humble_ws/build/kinova_moveit' returned '0': CMAKE_PREFIX_PATH=/home/humble_ws/install/kinova_arm:/opt/ros/humble /usr/bin/cmake /home/humble_ws/src/kinova_moveit -DCMAKE_INSTALL_PREFIX=/home/humble_ws/install/kinova_moveit
[0.189s] Invoking command in '/home/humble_ws/build/kinova_moveit': CMAKE_PREFIX_PATH=/home/humble_ws/install/kinova_arm:/opt/ros/humble /usr/bin/cmake --build /home/humble_ws/build/kinova_moveit -- -j16 -l16
[0.228s] Invoked command in '/home/humble_ws/build/kinova_moveit' returned '0': CMAKE_PREFIX_PATH=/home/humble_ws/install/kinova_arm:/opt/ros/humble /usr/bin/cmake --build /home/humble_ws/build/kinova_moveit -- -j16 -l16
[0.259s] Invoking command in '/home/humble_ws/build/kinova_moveit': CMAKE_PREFIX_PATH=/home/humble_ws/install/kinova_arm:/opt/ros/humble /usr/bin/cmake --install /home/humble_ws/build/kinova_moveit
[0.267s] -- Install configuration: ""
[0.267s] -- Installing: /home/humble_ws/install/kinova_moveit/share/ament_index/resource_index/package_run_dependencies/kinova_moveit
[0.267s] -- Installing: /home/humble_ws/install/kinova_moveit/share/ament_index/resource_index/parent_prefix_path/kinova_moveit
[0.268s] -- Installing: /home/humble_ws/install/kinova_moveit/share/kinova_moveit/environment/ament_prefix_path.sh
[0.268s] -- Installing: /home/humble_ws/install/kinova_moveit/share/kinova_moveit/environment/ament_prefix_path.dsv
[0.268s] -- Installing: /home/humble_ws/install/kinova_moveit/share/kinova_moveit/environment/path.sh
[0.268s] -- Installing: /home/humble_ws/install/kinova_moveit/share/kinova_moveit/environment/path.dsv
[0.268s] -- Installing: /home/humble_ws/install/kinova_moveit/share/kinova_moveit/local_setup.bash
[0.268s] -- Installing: /home/humble_ws/install/kinova_moveit/share/kinova_moveit/local_setup.sh
[0.268s] -- Installing: /home/humble_ws/install/kinova_moveit/share/kinova_moveit/local_setup.zsh
[0.269s] -- Installing: /home/humble_ws/install/kinova_moveit/share/kinova_moveit/local_setup.dsv
[0.269s] -- Installing: /home/humble_ws/install/kinova_moveit/share/kinova_moveit/package.dsv
[0.269s] -- Installing: /home/humble_ws/install/kinova_moveit/share/ament_index/resource_index/packages/kinova_moveit
[0.269s] -- Installing: /home/humble_ws/install/kinova_moveit/share/kinova_moveit/cmake/kinova_moveitConfig.cmake
[0.269s] -- Installing: /home/humble_ws/install/kinova_moveit/share/kinova_moveit/cmake/kinova_moveitConfig-version.cmake
[0.269s] -- Installing: /home/humble_ws/install/kinova_moveit/share/kinova_moveit/package.xml
[0.269s] -- Installing: /home/humble_ws/install/kinova_moveit/share/kinova_moveit/launch
[0.270s] -- Installing: /home/humble_ws/install/kinova_moveit/share/kinova_moveit/launch/setup_assistant.launch.py
[0.270s] -- Installing: /home/humble_ws/install/kinova_moveit/share/kinova_moveit/launch/static_virtual_joint_tfs.launch.py
[0.270s] -- Installing: /home/humble_ws/install/kinova_moveit/share/kinova_moveit/launch/demo.launch.py
[0.270s] -- Installing: /home/humble_ws/install/kinova_moveit/share/kinova_moveit/launch/rsp.launch.py
[0.270s] -- Installing: /home/humble_ws/install/kinova_moveit/share/kinova_moveit/launch/spawn_controllers.launch.py
[0.270s] -- Installing: /home/humble_ws/install/kinova_moveit/share/kinova_moveit/launch/move_group.launch.py
[0.270s] -- Installing: /home/humble_ws/install/kinova_moveit/share/kinova_moveit/launch/warehouse_db.launch.py
[0.270s] -- Installing: /home/humble_ws/install/kinova_moveit/share/kinova_moveit/launch/moveit_rviz.launch.py
[0.270s] -- Installing: /home/humble_ws/install/kinova_moveit/share/kinova_moveit/config
[0.270s] -- Installing: /home/humble_ws/install/kinova_moveit/share/kinova_moveit/config/joint_limits.yaml
[0.271s] -- Installing: /home/humble_ws/install/kinova_moveit/share/kinova_moveit/config/kinematics.yaml
[0.271s] -- Installing: /home/humble_ws/install/kinova_moveit/share/kinova_moveit/config/GEN3_6DOF_VISION_URDF_ARM_V01.ros2_control.xacro
[0.271s] -- Installing: /home/humble_ws/install/kinova_moveit/share/kinova_moveit/config/initial_positions.yaml
[0.271s] -- Installing: /home/humble_ws/install/kinova_moveit/share/kinova_moveit/config/moveit.rviz
[0.271s] -- Installing: /home/humble_ws/install/kinova_moveit/share/kinova_moveit/config/moveit_controllers.yaml
[0.271s] -- Installing: /home/humble_ws/install/kinova_moveit/share/kinova_moveit/config/pilz_cartesian_limits.yaml
[0.271s] -- Installing: /home/humble_ws/install/kinova_moveit/share/kinova_moveit/config/GEN3_6DOF_VISION_URDF_ARM_V01.srdf
[0.272s] -- Installing: /home/humble_ws/install/kinova_moveit/share/kinova_moveit/config/GEN3_6DOF_VISION_URDF_ARM_V01.urdf.xacro
[0.272s] -- Installing: /home/humble_ws/install/kinova_moveit/share/kinova_moveit/config/ros2_controllers.yaml
[0.272s] -- Installing: /home/humble_ws/install/kinova_moveit/share/kinova_moveit/.setup_assistant
[0.274s] Invoked command in '/home/humble_ws/build/kinova_moveit' returned '0': CMAKE_PREFIX_PATH=/home/humble_ws/install/kinova_arm:/opt/ros/humble /usr/bin/cmake --install /home/humble_ws/build/kinova_moveit
