[0.000000] (-) TimerEvent: {}
[0.000062] (gui) JobQueued: {'identifier': 'gui', 'dependencies': OrderedDict()}
[0.000099] (simulator) JobQueued: {'identifier': 'simulator', 'dependencies': OrderedDict()}
[0.000543] (gui) JobStarted: {'identifier': 'gui'}
[0.007137] (simulator) JobStarted: {'identifier': 'simulator'}
[0.099809] (-) TimerEvent: {}
[0.199989] (-) TimerEvent: {}
[0.300185] (-) TimerEvent: {}
[0.400390] (-) TimerEvent: {}
[0.500599] (-) TimerEvent: {}
[0.600772] (-) TimerEvent: {}
[0.700953] (-) TimerEvent: {}
[0.801149] (-) TimerEvent: {}
[0.803161] (simulator) Command: {'cmd': ['/usr/bin/python3', '-W', 'ignore:setup.py install is deprecated', 'setup.py', 'develop', '--editable', '--build-directory', '/ros2_ws/build/simulator/build', '--no-deps', 'symlink_data'], 'cwd': '/ros2_ws/build/simulator', 'env': {'HOSTNAME': 'keenan-Legion-5-15ACH6', 'SHLVL': '1', 'LD_LIBRARY_PATH': '/opt/ros/humble/lib/x86_64-linux-gnu:/opt/ros/humble/lib', 'HOME': '/root', 'ROS_PYTHON_VERSION': '3', 'ROS_DISTRO': 'humble', '_': '/usr/bin/colcon', 'ROS_VERSION': '2', 'ROS_LOCALHOST_ONLY': '0', 'PATH': '/opt/ros/humble/bin:/usr/local/sbin:/usr/local/bin:/usr/sbin:/usr/bin:/sbin:/bin', 'LANG': 'C.UTF-8', 'ROS_DOMAIN_ID': '1', 'AMENT_PREFIX_PATH': '/opt/ros/humble', 'PWD': '/ros2_ws/build/simulator', 'LC_ALL': 'C.UTF-8', 'PYTHONPATH': '/ros2_ws/build/simulator/prefix_override:/usr/lib/python3/dist-packages/colcon_core/task/python/colcon_distutils_commands:/ros2_ws/install/simulator/lib/python3.10/site-packages:/opt/ros/humble/lib/python3.10/site-packages:/opt/ros/humble/local/lib/python3.10/dist-packages', 'COLCON': '1'}, 'shell': False}
[0.813224] (gui) Command: {'cmd': ['/usr/bin/python3', '-W', 'ignore:setup.py install is deprecated', 'setup.py', 'develop', '--editable', '--build-directory', '/ros2_ws/build/gui/build', '--no-deps', 'symlink_data'], 'cwd': '/ros2_ws/build/gui', 'env': {'HOSTNAME': 'keenan-Legion-5-15ACH6', 'SHLVL': '1', 'LD_LIBRARY_PATH': '/opt/ros/humble/lib/x86_64-linux-gnu:/opt/ros/humble/lib', 'HOME': '/root', 'ROS_PYTHON_VERSION': '3', 'ROS_DISTRO': 'humble', '_': '/usr/bin/colcon', 'ROS_VERSION': '2', 'ROS_LOCALHOST_ONLY': '0', 'PATH': '/opt/ros/humble/bin:/usr/local/sbin:/usr/local/bin:/usr/sbin:/usr/bin:/sbin:/bin', 'LANG': 'C.UTF-8', 'ROS_DOMAIN_ID': '1', 'AMENT_PREFIX_PATH': '/opt/ros/humble', 'PWD': '/ros2_ws/build/gui', 'LC_ALL': 'C.UTF-8', 'PYTHONPATH': '/ros2_ws/build/gui/prefix_override:/usr/lib/python3/dist-packages/colcon_core/task/python/colcon_distutils_commands:/ros2_ws/install/gui/lib/python3.10/site-packages:/opt/ros/humble/lib/python3.10/site-packages:/opt/ros/humble/local/lib/python3.10/dist-packages', 'COLCON': '1'}, 'shell': False}
[0.901249] (-) TimerEvent: {}
[1.001424] (-) TimerEvent: {}
[1.016593] (simulator) StdoutLine: {'line': b'running develop\n'}
[1.024093] (gui) StdoutLine: {'line': b'running develop\n'}
[1.101524] (-) TimerEvent: {}
[1.126122] (simulator) StdoutLine: {'line': b'running egg_info\n'}
[1.126285] (simulator) StdoutLine: {'line': b'writing simulator.egg-info/PKG-INFO\n'}
[1.126471] (simulator) StdoutLine: {'line': b'writing dependency_links to simulator.egg-info/dependency_links.txt\n'}
[1.126645] (simulator) StdoutLine: {'line': b'writing entry points to simulator.egg-info/entry_points.txt\n'}
[1.126729] (simulator) StdoutLine: {'line': b'writing requirements to simulator.egg-info/requires.txt\n'}
[1.126860] (simulator) StdoutLine: {'line': b'writing top-level names to simulator.egg-info/top_level.txt\n'}
[1.128316] (simulator) StdoutLine: {'line': b"reading manifest file 'simulator.egg-info/SOURCES.txt'\n"}
[1.128473] (gui) StdoutLine: {'line': b'running egg_info\n'}
[1.128609] (gui) StdoutLine: {'line': b'writing gui.egg-info/PKG-INFO\n'}
[1.128738] (gui) StdoutLine: {'line': b'writing dependency_links to gui.egg-info/dependency_links.txt\n'}
[1.128926] (gui) StdoutLine: {'line': b'writing entry points to gui.egg-info/entry_points.txt\n'}
[1.129023] (simulator) StdoutLine: {'line': b"writing manifest file 'simulator.egg-info/SOURCES.txt'\n"}
[1.129161] (gui) StdoutLine: {'line': b'writing requirements to gui.egg-info/requires.txt\n'}
[1.129241] (gui) StdoutLine: {'line': b'writing top-level names to gui.egg-info/top_level.txt\n'}
[1.130198] (simulator) StdoutLine: {'line': b'running build_ext\n'}
[1.130384] (simulator) StdoutLine: {'line': b'Creating /ros2_ws/install/simulator/lib/python3.10/site-packages/simulator.egg-link (link to .)\n'}
[1.130872] (gui) StdoutLine: {'line': b"reading manifest file 'gui.egg-info/SOURCES.txt'\n"}
[1.131034] (simulator) StdoutLine: {'line': b'Installing simulator_node script to /ros2_ws/install/simulator/lib/simulator\n'}
[1.131304] (simulator) StdoutLine: {'line': b'\n'}
[1.131438] (simulator) StdoutLine: {'line': b'Installed /ros2_ws/build/simulator\n'}
[1.131520] (simulator) StdoutLine: {'line': b'running symlink_data\n'}
[1.131622] (gui) StdoutLine: {'line': b"writing manifest file 'gui.egg-info/SOURCES.txt'\n"}
[1.132698] (gui) StdoutLine: {'line': b'running build_ext\n'}
[1.132893] (gui) StdoutLine: {'line': b'Creating /ros2_ws/install/gui/lib/python3.10/site-packages/gui.egg-link (link to .)\n'}
[1.133620] (gui) StdoutLine: {'line': b'Installing nicegui_node script to /ros2_ws/install/gui/lib/gui\n'}
[1.133929] (gui) StdoutLine: {'line': b'\n'}
[1.134005] (gui) StdoutLine: {'line': b'Installed /ros2_ws/build/gui\n'}
[1.134071] (gui) StdoutLine: {'line': b'running symlink_data\n'}
[1.164484] (simulator) CommandEnded: {'returncode': 0}
[1.175893] (simulator) JobEnded: {'identifier': 'simulator', 'rc': 0}
[1.176697] (gui) CommandEnded: {'returncode': 0}
[1.182659] (gui) JobEnded: {'identifier': 'gui', 'rc': 0}
[1.183164] (-) EventReactorShutdown: {}
