[0.034s] Invoking command in '/home/moveit/build/moveit_setup_app_plugins': AMENT_PREFIX_PATH=/home/moveit/install/moveit_setup_framework:/home/moveit/install/moveit_ros_visualization:/home/moveit/install/moveit_ros_planning_interface:/home/moveit/install/moveit_ros_move_group:/home/moveit/install/moveit_ros_warehouse:/home/moveit/install/moveit_ros_robot_interaction:/home/moveit/install/moveit_kinematics:/home/moveit/install/moveit_ros_planning:/home/moveit/install/moveit_ros_occupancy_map_monitor:/home/moveit/install/moveit_core:/home/moveit/install/moveit_msgs:/home/moveit/install/moveit_configs_utils:/home/moveit/install/moveit_common:${AMENT_PREFIX_PATH} CMAKE_PREFIX_PATH=/home/moveit/install/moveit_setup_framework:/home/moveit/install/moveit_ros_visualization:/home/moveit/install/moveit_ros_planning_interface:/home/moveit/install/moveit_ros_move_group:/home/moveit/install/moveit_ros_warehouse:/home/moveit/install/moveit_ros_robot_interaction:/home/moveit/install/moveit_kinematics:/home/moveit/install/moveit_ros_planning:/home/moveit/install/moveit_ros_occupancy_map_monitor:/home/moveit/install/moveit_core:/home/moveit/install/moveit_msgs:/home/moveit/install/moveit_common:/opt/ros/humble LD_LIBRARY_PATH=/home/moveit/install/moveit_setup_framework/lib:/home/moveit/install/moveit_ros_visualization/lib:/home/moveit/install/moveit_ros_planning_interface/lib:/home/moveit/install/moveit_ros_move_group/lib:/home/moveit/install/moveit_ros_warehouse/lib:/home/moveit/install/moveit_ros_robot_interaction/lib:/home/moveit/install/moveit_kinematics/lib:/home/moveit/install/moveit_ros_planning/lib:/home/moveit/install/moveit_ros_occupancy_map_monitor/lib:/home/moveit/install/moveit_core/lib:/home/moveit/install/moveit_msgs/lib:${LD_LIBRARY_PATH} PATH=/home/moveit/install/moveit_core/bin:${PATH} PYTHONPATH=/home/moveit/install/moveit_msgs/local/lib/python3.10/dist-packages:/home/moveit/install/moveit_configs_utils/lib/python3.10/site-packages:${PYTHONPATH} /usr/bin/cmake /home/moveit/src/moveit2/moveit_setup_assistant/moveit_setup_app_plugins -DCMAKE_BUILD_TYPE=Release -DCMAKE_INSTALL_PREFIX=/home/moveit/install/moveit_setup_app_plugins
[0.093s] -- The CXX compiler identification is GNU 11.4.0
[0.100s] -- Detecting CXX compiler ABI info
[0.176s] -- Detecting CXX compiler ABI info - done
[0.181s] -- Check for working CXX compiler: /usr/bin/c++ - skipped
[0.181s] -- Detecting CXX compile features
[0.181s] -- Detecting CXX compile features - done
[0.184s] -- Found moveit_common: 2.9.0 (/home/moveit/install/moveit_common/share/moveit_common/cmake)
[0.189s] -- Found ament_cmake: 1.3.9 (/opt/ros/humble/share/ament_cmake/cmake)
[0.313s] -- Found Python3: /usr/bin/python3 (found version "3.10.12") found components: Interpreter 
[0.485s] -- Found libdw: /usr/lib/x86_64-linux-gnu/libdw.so  
[0.490s] -- Could NOT find libbfd (missing: LIBBFD_LIBRARY LIBBFD_INCLUDE_DIR) 
[0.490s] -- BACKWARD_HAS_UNWIND=1
[0.490s] -- BACKWARD_HAS_BACKTRACE=0
[0.490s] -- BACKWARD_HAS_BACKTRACE_SYMBOL=0
[0.490s] -- BACKWARD_HAS_DW=1
[0.490s] -- BACKWARD_HAS_BFD=0
[0.490s] -- Found Backward: /opt/ros/humble/share/backward_ros/cmake  
[0.495s] -- Found ament_cmake_ros: 0.10.0 (/opt/ros/humble/share/ament_cmake_ros/cmake)
[0.514s] -- Found ament_index_cpp: 1.4.0 (/opt/ros/humble/share/ament_index_cpp/cmake)
[0.515s] -- Found moveit_ros_visualization: 2.9.0 (/home/moveit/install/moveit_ros_visualization/share/moveit_ros_visualization/cmake)
[0.754s] -- Found Boost: /usr/lib/x86_64-linux-gnu/cmake/Boost-1.74.0/BoostConfig.cmake (found version "1.74.0") found components: thread date_time system filesystem 
[0.791s] -- Found Boost: /usr/lib/x86_64-linux-gnu/cmake/Boost-1.74.0/BoostConfig.cmake (found version "1.74.0") found components: filesystem 
[0.870s] -- Found rosidl_generator_c: 3.1.5 (/opt/ros/humble/share/rosidl_generator_c/cmake)
[0.880s] -- Found rosidl_adapter: 3.1.5 (/opt/ros/humble/share/rosidl_adapter/cmake)
[0.893s] -- Found rosidl_generator_cpp: 3.1.5 (/opt/ros/humble/share/rosidl_generator_cpp/cmake)
[0.911s] -- Using all available rosidl_typesupport_c: rosidl_typesupport_fastrtps_c;rosidl_typesupport_introspection_c
[0.929s] -- Using all available rosidl_typesupport_cpp: rosidl_typesupport_fastrtps_cpp;rosidl_typesupport_introspection_cpp
[1.111s] -- Found rmw_implementation_cmake: 6.1.2 (/opt/ros/humble/share/rmw_implementation_cmake/cmake)
[1.116s] -- Found rmw_fastrtps_cpp: 6.2.6 (/opt/ros/humble/share/rmw_fastrtps_cpp/cmake)
[1.236s] -- Found OpenSSL: /usr/lib/x86_64-linux-gnu/libcrypto.so (found version "3.0.2")  
[1.263s] -- Found FastRTPS: /opt/ros/humble/include  
[1.317s] -- Using RMW implementation 'rmw_fastrtps_cpp' as default
[1.335s] -- Found Threads: TRUE  
[1.530s] -- library: /usr/lib/x86_64-linux-gnu/libcurl.so
[1.796s] -- Found Boost: /usr/lib/x86_64-linux-gnu/cmake/Boost-1.74.0/BoostConfig.cmake (found version "1.74.0") found components: system filesystem date_time program_options thread chrono 
[1.835s] -- Found parameter_traits: 0.3.8 (/opt/ros/humble/share/parameter_traits/cmake)
[1.858s] -- Found Eigen3: TRUE (found version "3.4.0") 
[1.863s] -- Found rclcpp_lifecycle: 16.0.9 (/opt/ros/humble/share/rclcpp_lifecycle/cmake)
[2.267s] -- Found Boost: /usr/lib/x86_64-linux-gnu/cmake/Boost-1.74.0/BoostConfig.cmake (found version "1.74.0") found components: chrono date_time filesystem iostreams program_options regex serialization system thread 
[2.321s] -- Ensuring Eigen3 include directory is part of orocos-kdl CMake target
[3.335s] -- Found Boost: /usr/lib/x86_64-linux-gnu/cmake/Boost-1.74.0/BoostConfig.cmake (found version "1.74.0") found components: date_time filesystem program_options system thread 
[3.483s] -- Found Boost: /usr/lib/x86_64-linux-gnu/cmake/Boost-1.74.0/BoostConfig.cmake (found version "1.74.0") found components: thread system filesystem regex date_time program_options 
[3.674s] -- Found Boost: /usr/lib/x86_64-linux-gnu/cmake/Boost-1.74.0/BoostConfig.cmake (found version "1.74.0") found components: system filesystem date_time program_options thread 
[4.345s] -- Setting OGRE_DIR to: '/opt/ros/humble/share/rviz_ogre_vendor/cmake/../../../opt/rviz_ogre_vendor/lib/OGRE/cmake'
[4.346s] -- Found OGRE
[4.346s] --   static     : OFF
[4.346s] --   components : HLMS;MeshLodGenerator;Overlay;Paging;Property;RTShaderSystem;Terrain;Volume
[4.346s] --   plugins    : Plugin_BSPSceneManager;Plugin_OctreeSceneManager;Plugin_PCZSceneManager;Plugin_ParticleFX;RenderSystem_GL;RenderSystem_GL3Plus;Codec_STBI
[4.346s] --   media      : /opt/ros/humble/opt/rviz_ogre_vendor/share/OGRE/Media
[4.346s] -- OGRE_LIBRARIES: OgreHLMS;OgreMeshLodGenerator;OgreOverlay;OgrePaging;OgreProperty;OgreRTShaderSystem;OgreTerrain;OgreVolume;OgreMain
[4.346s] -- OGRE_LIBRARY_DIRS: /opt/ros/humble/opt/rviz_ogre_vendor/lib
[4.346s] -- OGRE_PLUGINS: Plugin_BSPSceneManager;Plugin_OctreeSceneManager;Plugin_PCZSceneManager;Plugin_ParticleFX;RenderSystem_GL;RenderSystem_GL3Plus;Codec_STBI
[4.346s] -- OGRE_PLUGIN_DIR: /opt/ros/humble/opt/rviz_ogre_vendor/lib/OGRE
[4.346s] -- rviz_ogre_vendor::OgreOverlay for IMPORTED_LOCATION_RELEASE: /opt/ros/humble/opt/rviz_ogre_vendor/lib/libOgreOverlay.so
[4.346s] -- rviz_ogre_vendor::OgreOverlay for IMPORTED_LOCATION_DEBUG: /opt/ros/humble/opt/rviz_ogre_vendor/lib/libOgreOverlay.so
[4.346s] -- rviz_ogre_vendor::OgreMain for IMPORTED_LOCATION_RELEASE: /opt/ros/humble/opt/rviz_ogre_vendor/lib/libOgreMain.so
[4.347s] -- rviz_ogre_vendor::OgreMain for IMPORTED_LOCATION_DEBUG: /opt/ros/humble/opt/rviz_ogre_vendor/lib/libOgreMain.so
[4.347s] -- Could not find freeimage library
[4.361s] -- Found ZLIB: /usr/lib/x86_64-linux-gnu/libz.so (found version "1.2.11") 
[4.364s] -- Found OpenGL: /usr/lib/x86_64-linux-gnu/libOpenGL.so   
[4.455s] -- Found X11: /usr/include   
[4.455s] -- Looking for XOpenDisplay in /usr/lib/x86_64-linux-gnu/libX11.so;/usr/lib/x86_64-linux-gnu/libXext.so
[4.557s] -- Looking for XOpenDisplay in /usr/lib/x86_64-linux-gnu/libX11.so;/usr/lib/x86_64-linux-gnu/libXext.so - found
[4.557s] -- Looking for gethostbyname
[4.650s] -- Looking for gethostbyname - found
[4.650s] -- Looking for connect
[4.757s] -- Looking for connect - found
[4.757s] -- Looking for remove
[4.855s] -- Looking for remove - found
[4.855s] -- Looking for shmat
[4.953s] -- Looking for shmat - found
[4.953s] -- Looking for IceConnectionNumber in ICE
[5.058s] -- Looking for IceConnectionNumber in ICE - found
[5.059s] -- rviz_ogre_vendor::RenderSystem_GL for IMPORTED_LOCATION_RELEASE: _render_system_gl_static_library_abs-NOTFOUND
[5.060s] -- rviz_ogre_vendor::RenderSystem_GL for IMPORTED_LOCATION_DEBUG: _render_system_gl_static_library_abs-NOTFOUND
[5.535s] -- Found moveit_setup_framework: 2.9.0 (/home/moveit/install/moveit_setup_framework/share/moveit_setup_framework/cmake)
[5.715s] -- Found ament_lint_auto: 0.12.11 (/opt/ros/humble/share/ament_lint_auto/cmake)
[5.748s] -- Found gtest sources under '/opt/ros/humble/src/gtest_vendor': C++ tests using 'Google Test' will be built
[5.785s] -- The C compiler identification is GNU 11.4.0
[5.792s] -- Detecting C compiler ABI info
[5.876s] -- Detecting C compiler ABI info - done
[5.881s] -- Check for working C compiler: /usr/bin/cc - skipped
[5.882s] -- Detecting C compile features
[5.882s] -- Detecting C compile features - done
[5.889s] -- Added test 'lint_cmake' to check CMake code style
[5.890s] -- Added test 'xmllint' to check XML markup files
[5.892s] -- Configuring done
[5.986s] -- Generating done
[5.989s] -- Build files have been written to: /home/moveit/build/moveit_setup_app_plugins
[6.004s] Invoked command in '/home/moveit/build/moveit_setup_app_plugins' returned '0': AMENT_PREFIX_PATH=/home/moveit/install/moveit_setup_framework:/home/moveit/install/moveit_ros_visualization:/home/moveit/install/moveit_ros_planning_interface:/home/moveit/install/moveit_ros_move_group:/home/moveit/install/moveit_ros_warehouse:/home/moveit/install/moveit_ros_robot_interaction:/home/moveit/install/moveit_kinematics:/home/moveit/install/moveit_ros_planning:/home/moveit/install/moveit_ros_occupancy_map_monitor:/home/moveit/install/moveit_core:/home/moveit/install/moveit_msgs:/home/moveit/install/moveit_configs_utils:/home/moveit/install/moveit_common:${AMENT_PREFIX_PATH} CMAKE_PREFIX_PATH=/home/moveit/install/moveit_setup_framework:/home/moveit/install/moveit_ros_visualization:/home/moveit/install/moveit_ros_planning_interface:/home/moveit/install/moveit_ros_move_group:/home/moveit/install/moveit_ros_warehouse:/home/moveit/install/moveit_ros_robot_interaction:/home/moveit/install/moveit_kinematics:/home/moveit/install/moveit_ros_planning:/home/moveit/install/moveit_ros_occupancy_map_monitor:/home/moveit/install/moveit_core:/home/moveit/install/moveit_msgs:/home/moveit/install/moveit_common:/opt/ros/humble LD_LIBRARY_PATH=/home/moveit/install/moveit_setup_framework/lib:/home/moveit/install/moveit_ros_visualization/lib:/home/moveit/install/moveit_ros_planning_interface/lib:/home/moveit/install/moveit_ros_move_group/lib:/home/moveit/install/moveit_ros_warehouse/lib:/home/moveit/install/moveit_ros_robot_interaction/lib:/home/moveit/install/moveit_kinematics/lib:/home/moveit/install/moveit_ros_planning/lib:/home/moveit/install/moveit_ros_occupancy_map_monitor/lib:/home/moveit/install/moveit_core/lib:/home/moveit/install/moveit_msgs/lib:${LD_LIBRARY_PATH} PATH=/home/moveit/install/moveit_core/bin:${PATH} PYTHONPATH=/home/moveit/install/moveit_msgs/local/lib/python3.10/dist-packages:/home/moveit/install/moveit_configs_utils/lib/python3.10/site-packages:${PYTHONPATH} /usr/bin/cmake /home/moveit/src/moveit2/moveit_setup_assistant/moveit_setup_app_plugins -DCMAKE_BUILD_TYPE=Release -DCMAKE_INSTALL_PREFIX=/home/moveit/install/moveit_setup_app_plugins
[6.007s] Invoking command in '/home/moveit/build/moveit_setup_app_plugins': AMENT_PREFIX_PATH=/home/moveit/install/moveit_setup_framework:/home/moveit/install/moveit_ros_visualization:/home/moveit/install/moveit_ros_planning_interface:/home/moveit/install/moveit_ros_move_group:/home/moveit/install/moveit_ros_warehouse:/home/moveit/install/moveit_ros_robot_interaction:/home/moveit/install/moveit_kinematics:/home/moveit/install/moveit_ros_planning:/home/moveit/install/moveit_ros_occupancy_map_monitor:/home/moveit/install/moveit_core:/home/moveit/install/moveit_msgs:/home/moveit/install/moveit_configs_utils:/home/moveit/install/moveit_common:${AMENT_PREFIX_PATH} CMAKE_PREFIX_PATH=/home/moveit/install/moveit_setup_framework:/home/moveit/install/moveit_ros_visualization:/home/moveit/install/moveit_ros_planning_interface:/home/moveit/install/moveit_ros_move_group:/home/moveit/install/moveit_ros_warehouse:/home/moveit/install/moveit_ros_robot_interaction:/home/moveit/install/moveit_kinematics:/home/moveit/install/moveit_ros_planning:/home/moveit/install/moveit_ros_occupancy_map_monitor:/home/moveit/install/moveit_core:/home/moveit/install/moveit_msgs:/home/moveit/install/moveit_common:/opt/ros/humble LD_LIBRARY_PATH=/home/moveit/install/moveit_setup_framework/lib:/home/moveit/install/moveit_ros_visualization/lib:/home/moveit/install/moveit_ros_planning_interface/lib:/home/moveit/install/moveit_ros_move_group/lib:/home/moveit/install/moveit_ros_warehouse/lib:/home/moveit/install/moveit_ros_robot_interaction/lib:/home/moveit/install/moveit_kinematics/lib:/home/moveit/install/moveit_ros_planning/lib:/home/moveit/install/moveit_ros_occupancy_map_monitor/lib:/home/moveit/install/moveit_core/lib:/home/moveit/install/moveit_msgs/lib:${LD_LIBRARY_PATH} PATH=/home/moveit/install/moveit_core/bin:${PATH} PYTHONPATH=/home/moveit/install/moveit_msgs/local/lib/python3.10/dist-packages:/home/moveit/install/moveit_configs_utils/lib/python3.10/site-packages:${PYTHONPATH} /usr/bin/cmake --build /home/moveit/build/moveit_setup_app_plugins -- -j16 -l16
[6.069s] [  8%] [34m[1mAutomatic MOC for target moveit_setup_app_plugins[0m
[6.069s] [  8%] [34m[1mAutomatic MOC for target gtest_main[0m
[6.073s] [ 12%] [34m[1mAutomatic MOC for target gtest[0m
[6.098s] [ 12%] Built target gtest_main_autogen
[6.100s] [ 12%] Built target moveit_setup_app_plugins_autogen
[6.101s] [ 12%] Built target gtest_autogen
[6.111s] [ 20%] [34m[1mGenerating include/moveit_setup_app_plugins/moc_launches_widget.cpp[0m
[6.111s] [ 20%] [34m[1mGenerating include/moveit_setup_app_plugins/moc_perception_widget.cpp[0m
[6.121s] [ 28%] [32mBuilding CXX object gtest/CMakeFiles/gtest_main.dir/src/gtest_main.cc.o[0m
[6.121s] [ 28%] [32mBuilding CXX object gtest/CMakeFiles/gtest_main.dir/gtest_main_autogen/mocs_compilation.cpp.o[0m
[6.122s] [ 32%] [32mBuilding CXX object gtest/CMakeFiles/gtest.dir/gtest_autogen/mocs_compilation.cpp.o[0m
[6.123s] [ 36%] [32mBuilding CXX object gtest/CMakeFiles/gtest.dir/src/gtest-all.cc.o[0m
[6.137s] [ 48%] [32mBuilding CXX object CMakeFiles/moveit_setup_app_plugins.dir/moveit_setup_app_plugins_autogen/mocs_compilation.cpp.o[0m
[6.137s] [ 48%] [32mBuilding CXX object CMakeFiles/moveit_setup_app_plugins.dir/src/launches_widget.cpp.o[0m
[6.137s] [ 48%] [32mBuilding CXX object CMakeFiles/moveit_setup_app_plugins.dir/src/launches_config.cpp.o[0m
[6.137s] [ 52%] [32mBuilding CXX object CMakeFiles/moveit_setup_app_plugins.dir/src/launches.cpp.o[0m
[6.138s] [ 56%] [32mBuilding CXX object CMakeFiles/moveit_setup_app_plugins.dir/include/moveit_setup_app_plugins/moc_launches_widget.cpp.o[0m
[6.138s] [ 60%] [32mBuilding CXX object CMakeFiles/moveit_setup_app_plugins.dir/src/perception.cpp.o[0m
[6.138s] [ 64%] [32mBuilding CXX object CMakeFiles/moveit_setup_app_plugins.dir/src/perception_config.cpp.o[0m
[6.139s] [ 68%] [32mBuilding CXX object CMakeFiles/moveit_setup_app_plugins.dir/src/perception_widget.cpp.o[0m
[6.139s] [ 72%] [32mBuilding CXX object CMakeFiles/moveit_setup_app_plugins.dir/include/moveit_setup_app_plugins/moc_perception_widget.cpp.o[0m
[7.248s] [ 76%] [32m[1mLinking CXX static library libgtest_main.a[0m
[7.315s] [ 76%] Built target gtest_main
[12.482s] [ 80%] [32m[1mLinking CXX static library libgtest.a[0m
[12.531s] [ 80%] Built target gtest
[17.747s] [ 84%] [32m[1mLinking CXX shared library libmoveit_setup_app_plugins.so[0m
[18.253s] [ 84%] Built target moveit_setup_app_plugins
[18.276s] [ 88%] [34m[1mAutomatic MOC for target test_perception[0m
[18.308s] [ 88%] Built target test_perception_autogen
[18.332s] [ 96%] [32mBuilding CXX object CMakeFiles/test_perception.dir/test_perception_autogen/mocs_compilation.cpp.o[0m
[18.332s] [ 96%] [32mBuilding CXX object CMakeFiles/test_perception.dir/test/test_perception.cpp.o[0m
[24.659s] [100%] [32m[1mLinking CXX executable test_perception[0m
[25.175s] [100%] Built target test_perception
[25.187s] Invoked command in '/home/moveit/build/moveit_setup_app_plugins' returned '0': AMENT_PREFIX_PATH=/home/moveit/install/moveit_setup_framework:/home/moveit/install/moveit_ros_visualization:/home/moveit/install/moveit_ros_planning_interface:/home/moveit/install/moveit_ros_move_group:/home/moveit/install/moveit_ros_warehouse:/home/moveit/install/moveit_ros_robot_interaction:/home/moveit/install/moveit_kinematics:/home/moveit/install/moveit_ros_planning:/home/moveit/install/moveit_ros_occupancy_map_monitor:/home/moveit/install/moveit_core:/home/moveit/install/moveit_msgs:/home/moveit/install/moveit_configs_utils:/home/moveit/install/moveit_common:${AMENT_PREFIX_PATH} CMAKE_PREFIX_PATH=/home/moveit/install/moveit_setup_framework:/home/moveit/install/moveit_ros_visualization:/home/moveit/install/moveit_ros_planning_interface:/home/moveit/install/moveit_ros_move_group:/home/moveit/install/moveit_ros_warehouse:/home/moveit/install/moveit_ros_robot_interaction:/home/moveit/install/moveit_kinematics:/home/moveit/install/moveit_ros_planning:/home/moveit/install/moveit_ros_occupancy_map_monitor:/home/moveit/install/moveit_core:/home/moveit/install/moveit_msgs:/home/moveit/install/moveit_common:/opt/ros/humble LD_LIBRARY_PATH=/home/moveit/install/moveit_setup_framework/lib:/home/moveit/install/moveit_ros_visualization/lib:/home/moveit/install/moveit_ros_planning_interface/lib:/home/moveit/install/moveit_ros_move_group/lib:/home/moveit/install/moveit_ros_warehouse/lib:/home/moveit/install/moveit_ros_robot_interaction/lib:/home/moveit/install/moveit_kinematics/lib:/home/moveit/install/moveit_ros_planning/lib:/home/moveit/install/moveit_ros_occupancy_map_monitor/lib:/home/moveit/install/moveit_core/lib:/home/moveit/install/moveit_msgs/lib:${LD_LIBRARY_PATH} PATH=/home/moveit/install/moveit_core/bin:${PATH} PYTHONPATH=/home/moveit/install/moveit_msgs/local/lib/python3.10/dist-packages:/home/moveit/install/moveit_configs_utils/lib/python3.10/site-packages:${PYTHONPATH} /usr/bin/cmake --build /home/moveit/build/moveit_setup_app_plugins -- -j16 -l16
[25.241s] Invoking command in '/home/moveit/build/moveit_setup_app_plugins': AMENT_PREFIX_PATH=/home/moveit/install/moveit_setup_framework:/home/moveit/install/moveit_ros_visualization:/home/moveit/install/moveit_ros_planning_interface:/home/moveit/install/moveit_ros_move_group:/home/moveit/install/moveit_ros_warehouse:/home/moveit/install/moveit_ros_robot_interaction:/home/moveit/install/moveit_kinematics:/home/moveit/install/moveit_ros_planning:/home/moveit/install/moveit_ros_occupancy_map_monitor:/home/moveit/install/moveit_core:/home/moveit/install/moveit_msgs:/home/moveit/install/moveit_configs_utils:/home/moveit/install/moveit_common:${AMENT_PREFIX_PATH} CMAKE_PREFIX_PATH=/home/moveit/install/moveit_setup_framework:/home/moveit/install/moveit_ros_visualization:/home/moveit/install/moveit_ros_planning_interface:/home/moveit/install/moveit_ros_move_group:/home/moveit/install/moveit_ros_warehouse:/home/moveit/install/moveit_ros_robot_interaction:/home/moveit/install/moveit_kinematics:/home/moveit/install/moveit_ros_planning:/home/moveit/install/moveit_ros_occupancy_map_monitor:/home/moveit/install/moveit_core:/home/moveit/install/moveit_msgs:/home/moveit/install/moveit_common:/opt/ros/humble LD_LIBRARY_PATH=/home/moveit/install/moveit_setup_framework/lib:/home/moveit/install/moveit_ros_visualization/lib:/home/moveit/install/moveit_ros_planning_interface/lib:/home/moveit/install/moveit_ros_move_group/lib:/home/moveit/install/moveit_ros_warehouse/lib:/home/moveit/install/moveit_ros_robot_interaction/lib:/home/moveit/install/moveit_kinematics/lib:/home/moveit/install/moveit_ros_planning/lib:/home/moveit/install/moveit_ros_occupancy_map_monitor/lib:/home/moveit/install/moveit_core/lib:/home/moveit/install/moveit_msgs/lib:${LD_LIBRARY_PATH} PATH=/home/moveit/install/moveit_core/bin:${PATH} PYTHONPATH=/home/moveit/install/moveit_msgs/local/lib/python3.10/dist-packages:/home/moveit/install/moveit_configs_utils/lib/python3.10/site-packages:${PYTHONPATH} /usr/bin/cmake --install /home/moveit/build/moveit_setup_app_plugins
[25.249s] -- Install configuration: "Release"
[25.249s] -- Installing: /home/moveit/install/moveit_setup_app_plugins/share/moveit_setup_app_plugins/templates
[25.250s] -- Installing: /home/moveit/install/moveit_setup_app_plugins/share/moveit_setup_app_plugins/templates/config
[25.250s] -- Installing: /home/moveit/install/moveit_setup_app_plugins/share/moveit_setup_app_plugins/templates/config/moveit.rviz
[25.250s] -- Installing: /home/moveit/install/moveit_setup_app_plugins/share/moveit_setup_app_plugins/templates/config/sensors_3d.yaml
[25.250s] -- Installing: /home/moveit/install/moveit_setup_app_plugins/share/moveit_setup_app_plugins/templates/launch
[25.250s] -- Installing: /home/moveit/install/moveit_setup_app_plugins/share/moveit_setup_app_plugins/templates/launch/generic.launch.py.template
[25.251s] -- Installing: /home/moveit/install/moveit_setup_app_plugins/lib/libmoveit_setup_app_plugins.so
[25.251s] -- Set runtime path of "/home/moveit/install/moveit_setup_app_plugins/lib/libmoveit_setup_app_plugins.so" to ""
[25.251s] -- Installing: /home/moveit/install/moveit_setup_app_plugins/share/moveit_setup_app_plugins/moveit_setup_framework_plugins.xml
[25.252s] -- Installing: /home/moveit/install/moveit_setup_app_plugins/include/moveit_setup_app_plugins
[25.252s] -- Installing: /home/moveit/install/moveit_setup_app_plugins/include/moveit_setup_app_plugins/moveit_setup_app_plugins
[25.252s] -- Installing: /home/moveit/install/moveit_setup_app_plugins/include/moveit_setup_app_plugins/moveit_setup_app_plugins/perception.hpp
[25.252s] -- Installing: /home/moveit/install/moveit_setup_app_plugins/include/moveit_setup_app_plugins/moveit_setup_app_plugins/launches_widget.hpp
[25.252s] -- Installing: /home/moveit/install/moveit_setup_app_plugins/include/moveit_setup_app_plugins/moveit_setup_app_plugins/perception_config.hpp
[25.252s] -- Installing: /home/moveit/install/moveit_setup_app_plugins/include/moveit_setup_app_plugins/moveit_setup_app_plugins/perception_widget.hpp
[25.252s] -- Installing: /home/moveit/install/moveit_setup_app_plugins/include/moveit_setup_app_plugins/moveit_setup_app_plugins/launches.hpp
[25.253s] -- Installing: /home/moveit/install/moveit_setup_app_plugins/include/moveit_setup_app_plugins/moveit_setup_app_plugins/launches_config.hpp
[25.253s] -- Installing: /home/moveit/install/moveit_setup_app_plugins/include/moveit_setup_app_plugins/moveit_setup_app_plugins/launch_bundle.hpp
[25.253s] -- Installing: /home/moveit/install/moveit_setup_app_plugins/share/moveit_setup_app_plugins/environment/library_path.sh
[25.253s] -- Installing: /home/moveit/install/moveit_setup_app_plugins/share/moveit_setup_app_plugins/environment/library_path.dsv
[25.253s] -- Up-to-date: /home/moveit/install/moveit_setup_app_plugins/share/moveit_setup_app_plugins/moveit_setup_framework_plugins.xml
[25.253s] -- Installing: /home/moveit/install/moveit_setup_app_plugins/share/ament_index/resource_index/package_run_dependencies/moveit_setup_app_plugins
[25.254s] -- Installing: /home/moveit/install/moveit_setup_app_plugins/share/ament_index/resource_index/parent_prefix_path/moveit_setup_app_plugins
[25.254s] -- Installing: /home/moveit/install/moveit_setup_app_plugins/share/moveit_setup_app_plugins/environment/ament_prefix_path.sh
[25.254s] -- Installing: /home/moveit/install/moveit_setup_app_plugins/share/moveit_setup_app_plugins/environment/ament_prefix_path.dsv
[25.254s] -- Installing: /home/moveit/install/moveit_setup_app_plugins/share/moveit_setup_app_plugins/environment/path.sh
[25.254s] -- Installing: /home/moveit/install/moveit_setup_app_plugins/share/moveit_setup_app_plugins/environment/path.dsv
[25.254s] -- Installing: /home/moveit/install/moveit_setup_app_plugins/share/moveit_setup_app_plugins/local_setup.bash
[25.255s] -- Installing: /home/moveit/install/moveit_setup_app_plugins/share/moveit_setup_app_plugins/local_setup.sh
[25.255s] -- Installing: /home/moveit/install/moveit_setup_app_plugins/share/moveit_setup_app_plugins/local_setup.zsh
[25.255s] -- Installing: /home/moveit/install/moveit_setup_app_plugins/share/moveit_setup_app_plugins/local_setup.dsv
[25.255s] -- Installing: /home/moveit/install/moveit_setup_app_plugins/share/moveit_setup_app_plugins/package.dsv
[25.255s] -- Installing: /home/moveit/install/moveit_setup_app_plugins/share/ament_index/resource_index/packages/moveit_setup_app_plugins
[25.256s] -- Installing: /home/moveit/install/moveit_setup_app_plugins/share/ament_index/resource_index/moveit_setup_framework__pluginlib__plugin/moveit_setup_app_plugins
[25.256s] -- Installing: /home/moveit/install/moveit_setup_app_plugins/share/moveit_setup_app_plugins/cmake/moveit_setup_app_pluginsTargetsExport.cmake
[25.256s] -- Installing: /home/moveit/install/moveit_setup_app_plugins/share/moveit_setup_app_plugins/cmake/moveit_setup_app_pluginsTargetsExport-release.cmake
[25.256s] -- Installing: /home/moveit/install/moveit_setup_app_plugins/share/moveit_setup_app_plugins/cmake/ament_cmake_export_targets-extras.cmake
[25.257s] -- Installing: /home/moveit/install/moveit_setup_app_plugins/share/moveit_setup_app_plugins/cmake/moveit_setup_app_pluginsConfig.cmake
[25.257s] -- Installing: /home/moveit/install/moveit_setup_app_plugins/share/moveit_setup_app_plugins/cmake/moveit_setup_app_pluginsConfig-version.cmake
[25.257s] -- Installing: /home/moveit/install/moveit_setup_app_plugins/share/moveit_setup_app_plugins/package.xml
[25.259s] Invoked command in '/home/moveit/build/moveit_setup_app_plugins' returned '0': AMENT_PREFIX_PATH=/home/moveit/install/moveit_setup_framework:/home/moveit/install/moveit_ros_visualization:/home/moveit/install/moveit_ros_planning_interface:/home/moveit/install/moveit_ros_move_group:/home/moveit/install/moveit_ros_warehouse:/home/moveit/install/moveit_ros_robot_interaction:/home/moveit/install/moveit_kinematics:/home/moveit/install/moveit_ros_planning:/home/moveit/install/moveit_ros_occupancy_map_monitor:/home/moveit/install/moveit_core:/home/moveit/install/moveit_msgs:/home/moveit/install/moveit_configs_utils:/home/moveit/install/moveit_common:${AMENT_PREFIX_PATH} CMAKE_PREFIX_PATH=/home/moveit/install/moveit_setup_framework:/home/moveit/install/moveit_ros_visualization:/home/moveit/install/moveit_ros_planning_interface:/home/moveit/install/moveit_ros_move_group:/home/moveit/install/moveit_ros_warehouse:/home/moveit/install/moveit_ros_robot_interaction:/home/moveit/install/moveit_kinematics:/home/moveit/install/moveit_ros_planning:/home/moveit/install/moveit_ros_occupancy_map_monitor:/home/moveit/install/moveit_core:/home/moveit/install/moveit_msgs:/home/moveit/install/moveit_common:/opt/ros/humble LD_LIBRARY_PATH=/home/moveit/install/moveit_setup_framework/lib:/home/moveit/install/moveit_ros_visualization/lib:/home/moveit/install/moveit_ros_planning_interface/lib:/home/moveit/install/moveit_ros_move_group/lib:/home/moveit/install/moveit_ros_warehouse/lib:/home/moveit/install/moveit_ros_robot_interaction/lib:/home/moveit/install/moveit_kinematics/lib:/home/moveit/install/moveit_ros_planning/lib:/home/moveit/install/moveit_ros_occupancy_map_monitor/lib:/home/moveit/install/moveit_core/lib:/home/moveit/install/moveit_msgs/lib:${LD_LIBRARY_PATH} PATH=/home/moveit/install/moveit_core/bin:${PATH} PYTHONPATH=/home/moveit/install/moveit_msgs/local/lib/python3.10/dist-packages:/home/moveit/install/moveit_configs_utils/lib/python3.10/site-packages:${PYTHONPATH} /usr/bin/cmake --install /home/moveit/build/moveit_setup_app_plugins
