[0.017s] Invoking command in '/home/kortex_ws/build/kortex_driver': AMENT_PREFIX_PATH=/home/kortex_ws/install/hardware_interface:/home/kortex_ws/install/kortex_api:/home/kortex_ws/install/control_msgs:${AMENT_PREFIX_PATH} CMAKE_PREFIX_PATH=/home/kortex_ws/install/hardware_interface:/home/kortex_ws/install/kortex_api:/home/kortex_ws/install/control_msgs:/opt/ros/humble LD_LIBRARY_PATH=/home/kortex_ws/install/hardware_interface/lib:/home/kortex_ws/install/control_msgs/lib:${LD_LIBRARY_PATH} PYTHONPATH=/home/kortex_ws/install/control_msgs/local/lib/python3.10/dist-packages:${PYTHONPATH} /usr/bin/cmake /home/kortex_ws/src/ros2_kortex/kortex_driver -DCMAKE_BUILD_TYPE=Release -DCMAKE_INSTALL_PREFIX=/home/kortex_ws/install/kortex_driver
[6.539s] -- The C compiler identification is GNU 11.4.0
[6.588s] -- The CXX compiler identification is GNU 11.4.0
[6.595s] -- Detecting C compiler ABI info
[6.664s] -- Detecting C compiler ABI info - done
[6.670s] -- Check for working C compiler: /usr/bin/cc - skipped
[6.670s] -- Detecting C compile features
[6.670s] -- Detecting C compile features - done
[6.673s] -- Detecting CXX compiler ABI info
[6.754s] -- Detecting CXX compiler ABI info - done
[6.763s] -- Check for working CXX compiler: /usr/bin/c++ - skipped
[6.763s] -- Detecting CXX compile features
[6.764s] -- Detecting CXX compile features - done
[6.769s] -- Found ament_cmake: 1.3.8 (/opt/ros/humble/share/ament_cmake/cmake)
[6.907s] -- Found Python3: /usr/bin/python3 (found version "3.10.12") found components: Interpreter 
[7.007s] -- Found hardware_interface: 2.41.0 (/home/kortex_ws/install/hardware_interface/share/hardware_interface/cmake)
[7.058s] -- Found rosidl_generator_c: 3.1.5 (/opt/ros/humble/share/rosidl_generator_c/cmake)
[7.066s] -- Found rosidl_adapter: 3.1.5 (/opt/ros/humble/share/rosidl_adapter/cmake)
[7.076s] -- Found rosidl_generator_cpp: 3.1.5 (/opt/ros/humble/share/rosidl_generator_cpp/cmake)
[7.091s] -- Using all available rosidl_typesupport_c: rosidl_typesupport_fastrtps_c;rosidl_typesupport_introspection_c
[7.112s] -- Using all available rosidl_typesupport_cpp: rosidl_typesupport_fastrtps_cpp;rosidl_typesupport_introspection_cpp
[7.697s] -- Found rmw_implementation_cmake: 6.1.1 (/opt/ros/humble/share/rmw_implementation_cmake/cmake)
[7.701s] -- Found rmw_fastrtps_cpp: 6.2.6 (/opt/ros/humble/share/rmw_fastrtps_cpp/cmake)
[7.739s] -- Found TinyXML2 via Config file: TinyXML2_DIR-NOTFOUND
[7.805s] -- Found OpenSSL: /usr/lib/x86_64-linux-gnu/libcrypto.so (found version "3.0.2")  
[7.807s] -- Found TinyXML2 via Config file: TinyXML2_DIR-NOTFOUND
[7.822s] -- Found FastRTPS: /opt/ros/humble/include  
[7.830s] -- Found TinyXML2 via Config file: TinyXML2_DIR-NOTFOUND
[7.838s] -- Found TinyXML2 via Config file: TinyXML2_DIR-NOTFOUND
[7.848s] -- Using RMW implementation 'rmw_fastrtps_cpp' as default
[7.862s] -- Looking for pthread.h
[7.935s] -- Looking for pthread.h - found
[7.935s] -- Performing Test CMAKE_HAVE_LIBC_PTHREAD
[8.008s] -- Performing Test CMAKE_HAVE_LIBC_PTHREAD - Success
[8.009s] -- Found Threads: TRUE  
[8.134s] -- Found kortex_api: 0.2.2 (/home/kortex_ws/install/kortex_api/share/kortex_api/cmake)
[8.236s] -- Configuring done
[8.266s] -- Generating done
[8.268s] -- Build files have been written to: /home/kortex_ws/build/kortex_driver
[8.277s] Invoked command in '/home/kortex_ws/build/kortex_driver' returned '0': AMENT_PREFIX_PATH=/home/kortex_ws/install/hardware_interface:/home/kortex_ws/install/kortex_api:/home/kortex_ws/install/control_msgs:${AMENT_PREFIX_PATH} CMAKE_PREFIX_PATH=/home/kortex_ws/install/hardware_interface:/home/kortex_ws/install/kortex_api:/home/kortex_ws/install/control_msgs:/opt/ros/humble LD_LIBRARY_PATH=/home/kortex_ws/install/hardware_interface/lib:/home/kortex_ws/install/control_msgs/lib:${LD_LIBRARY_PATH} PYTHONPATH=/home/kortex_ws/install/control_msgs/local/lib/python3.10/dist-packages:${PYTHONPATH} /usr/bin/cmake /home/kortex_ws/src/ros2_kortex/kortex_driver -DCMAKE_BUILD_TYPE=Release -DCMAKE_INSTALL_PREFIX=/home/kortex_ws/install/kortex_driver
[8.278s] Invoking command in '/home/kortex_ws/build/kortex_driver': AMENT_PREFIX_PATH=/home/kortex_ws/install/hardware_interface:/home/kortex_ws/install/kortex_api:/home/kortex_ws/install/control_msgs:${AMENT_PREFIX_PATH} CMAKE_PREFIX_PATH=/home/kortex_ws/install/hardware_interface:/home/kortex_ws/install/kortex_api:/home/kortex_ws/install/control_msgs:/opt/ros/humble LD_LIBRARY_PATH=/home/kortex_ws/install/hardware_interface/lib:/home/kortex_ws/install/control_msgs/lib:${LD_LIBRARY_PATH} PYTHONPATH=/home/kortex_ws/install/control_msgs/local/lib/python3.10/dist-packages:${PYTHONPATH} /usr/bin/cmake --build /home/kortex_ws/build/kortex_driver -- -j16 -l16
[8.333s] [ 66%] [32mBuilding CXX object CMakeFiles/kortex_driver.dir/src/hardware_interface.cpp.o[0m
[8.333s] [ 66%] [32mBuilding CXX object CMakeFiles/kortex_driver.dir/src/kortex_math_util.cpp.o[0m
[13.411s] [100%] [32m[1mLinking CXX shared library libkortex_driver.so[0m
[13.881s] [100%] Built target kortex_driver
[13.892s] Invoked command in '/home/kortex_ws/build/kortex_driver' returned '0': AMENT_PREFIX_PATH=/home/kortex_ws/install/hardware_interface:/home/kortex_ws/install/kortex_api:/home/kortex_ws/install/control_msgs:${AMENT_PREFIX_PATH} CMAKE_PREFIX_PATH=/home/kortex_ws/install/hardware_interface:/home/kortex_ws/install/kortex_api:/home/kortex_ws/install/control_msgs:/opt/ros/humble LD_LIBRARY_PATH=/home/kortex_ws/install/hardware_interface/lib:/home/kortex_ws/install/control_msgs/lib:${LD_LIBRARY_PATH} PYTHONPATH=/home/kortex_ws/install/control_msgs/local/lib/python3.10/dist-packages:${PYTHONPATH} /usr/bin/cmake --build /home/kortex_ws/build/kortex_driver -- -j16 -l16
[13.921s] Invoking command in '/home/kortex_ws/build/kortex_driver': AMENT_PREFIX_PATH=/home/kortex_ws/install/hardware_interface:/home/kortex_ws/install/kortex_api:/home/kortex_ws/install/control_msgs:${AMENT_PREFIX_PATH} CMAKE_PREFIX_PATH=/home/kortex_ws/install/hardware_interface:/home/kortex_ws/install/kortex_api:/home/kortex_ws/install/control_msgs:/opt/ros/humble LD_LIBRARY_PATH=/home/kortex_ws/install/hardware_interface/lib:/home/kortex_ws/install/control_msgs/lib:${LD_LIBRARY_PATH} PYTHONPATH=/home/kortex_ws/install/control_msgs/local/lib/python3.10/dist-packages:${PYTHONPATH} /usr/bin/cmake --install /home/kortex_ws/build/kortex_driver
[13.927s] -- Install configuration: "Release"
[13.927s] -- Installing: /home/kortex_ws/install/kortex_driver/share/kortex_driver/hardware_interface_plugin.xml
[13.927s] -- Installing: /home/kortex_ws/install/kortex_driver/lib/libkortex_driver.so
[13.945s] -- Set runtime path of "/home/kortex_ws/install/kortex_driver/lib/libkortex_driver.so" to ""
[13.945s] -- Installing: /home/kortex_ws/install/kortex_driver/include
[13.945s] -- Installing: /home/kortex_ws/install/kortex_driver/include/kortex_driver
[13.945s] -- Installing: /home/kortex_ws/install/kortex_driver/include/kortex_driver/visibility_control.h
[13.945s] -- Installing: /home/kortex_ws/install/kortex_driver/include/kortex_driver/hardware_interface.hpp
[13.945s] -- Installing: /home/kortex_ws/install/kortex_driver/include/kortex_driver/kortex_math_util.hpp
[13.945s] -- Installing: /home/kortex_ws/install/kortex_driver/share/kortex_driver/environment/library_path.sh
[13.945s] -- Installing: /home/kortex_ws/install/kortex_driver/share/kortex_driver/environment/library_path.dsv
[13.946s] -- Installing: /home/kortex_ws/install/kortex_driver/share/ament_index/resource_index/package_run_dependencies/kortex_driver
[13.946s] -- Installing: /home/kortex_ws/install/kortex_driver/share/ament_index/resource_index/parent_prefix_path/kortex_driver
[13.946s] -- Installing: /home/kortex_ws/install/kortex_driver/share/kortex_driver/environment/ament_prefix_path.sh
[13.946s] -- Installing: /home/kortex_ws/install/kortex_driver/share/kortex_driver/environment/ament_prefix_path.dsv
[13.946s] -- Installing: /home/kortex_ws/install/kortex_driver/share/kortex_driver/environment/path.sh
[13.946s] -- Installing: /home/kortex_ws/install/kortex_driver/share/kortex_driver/environment/path.dsv
[13.947s] -- Installing: /home/kortex_ws/install/kortex_driver/share/kortex_driver/local_setup.bash
[13.947s] -- Installing: /home/kortex_ws/install/kortex_driver/share/kortex_driver/local_setup.sh
[13.947s] -- Installing: /home/kortex_ws/install/kortex_driver/share/kortex_driver/local_setup.zsh
[13.947s] -- Installing: /home/kortex_ws/install/kortex_driver/share/kortex_driver/local_setup.dsv
[13.947s] -- Installing: /home/kortex_ws/install/kortex_driver/share/kortex_driver/package.dsv
[13.947s] -- Installing: /home/kortex_ws/install/kortex_driver/share/ament_index/resource_index/packages/kortex_driver
[13.947s] -- Installing: /home/kortex_ws/install/kortex_driver/share/ament_index/resource_index/hardware_interface__pluginlib__plugin/kortex_driver
[13.948s] -- Installing: /home/kortex_ws/install/kortex_driver/share/kortex_driver/cmake/ament_cmake_export_include_directories-extras.cmake
[13.948s] -- Installing: /home/kortex_ws/install/kortex_driver/share/kortex_driver/cmake/ament_cmake_export_libraries-extras.cmake
[13.948s] -- Installing: /home/kortex_ws/install/kortex_driver/share/kortex_driver/cmake/ament_cmake_export_dependencies-extras.cmake
[13.948s] -- Installing: /home/kortex_ws/install/kortex_driver/share/kortex_driver/cmake/kortex_driverConfig.cmake
[13.948s] -- Installing: /home/kortex_ws/install/kortex_driver/share/kortex_driver/cmake/kortex_driverConfig-version.cmake
[13.948s] -- Installing: /home/kortex_ws/install/kortex_driver/share/kortex_driver/package.xml
[13.951s] Invoked command in '/home/kortex_ws/build/kortex_driver' returned '0': AMENT_PREFIX_PATH=/home/kortex_ws/install/hardware_interface:/home/kortex_ws/install/kortex_api:/home/kortex_ws/install/control_msgs:${AMENT_PREFIX_PATH} CMAKE_PREFIX_PATH=/home/kortex_ws/install/hardware_interface:/home/kortex_ws/install/kortex_api:/home/kortex_ws/install/control_msgs:/opt/ros/humble LD_LIBRARY_PATH=/home/kortex_ws/install/hardware_interface/lib:/home/kortex_ws/install/control_msgs/lib:${LD_LIBRARY_PATH} PYTHONPATH=/home/kortex_ws/install/control_msgs/local/lib/python3.10/dist-packages:${PYTHONPATH} /usr/bin/cmake --install /home/kortex_ws/build/kortex_driver
