[0.983s] Invoking command in '/home/humble_ws/src/antworker_moveit_bringup': PYTHONPATH=/home/humble_ws/build/antworker_moveit_bringup/prefix_override:/home/humble_ws/install/antworker_moveit_bringup/lib/python3.10/site-packages:${PYTHONPATH} /usr/bin/python3 -W ignore:setup.py install is deprecated setup.py egg_info --egg-base ../../build/antworker_moveit_bringup build --build-base /home/humble_ws/build/antworker_moveit_bringup/build install --record /home/humble_ws/build/antworker_moveit_bringup/install.log --single-version-externally-managed install_data
[1.147s] running egg_info
[1.148s] creating ../../build/antworker_moveit_bringup/antworker_moveit_bringup.egg-info
[1.148s] writing ../../build/antworker_moveit_bringup/antworker_moveit_bringup.egg-info/PKG-INFO
[1.148s] writing dependency_links to ../../build/antworker_moveit_bringup/antworker_moveit_bringup.egg-info/dependency_links.txt
[1.148s] writing entry points to ../../build/antworker_moveit_bringup/antworker_moveit_bringup.egg-info/entry_points.txt
[1.148s] writing requirements to ../../build/antworker_moveit_bringup/antworker_moveit_bringup.egg-info/requires.txt
[1.148s] writing top-level names to ../../build/antworker_moveit_bringup/antworker_moveit_bringup.egg-info/top_level.txt
[1.149s] writing manifest file '../../build/antworker_moveit_bringup/antworker_moveit_bringup.egg-info/SOURCES.txt'
[1.150s] reading manifest file '../../build/antworker_moveit_bringup/antworker_moveit_bringup.egg-info/SOURCES.txt'
[1.152s] writing manifest file '../../build/antworker_moveit_bringup/antworker_moveit_bringup.egg-info/SOURCES.txt'
[1.152s] running build
[1.152s] running build_py
[1.152s] creating /home/humble_ws/build/antworker_moveit_bringup/build
[1.152s] creating /home/humble_ws/build/antworker_moveit_bringup/build/lib
[1.153s] creating /home/humble_ws/build/antworker_moveit_bringup/build/lib/antworker_moveit_bringup
[1.153s] copying antworker_moveit_bringup/joint_state_forwarder.py -> /home/humble_ws/build/antworker_moveit_bringup/build/lib/antworker_moveit_bringup
[1.153s] copying antworker_moveit_bringup/target_ee_pose_isolator.py -> /home/humble_ws/build/antworker_moveit_bringup/build/lib/antworker_moveit_bringup
[1.153s] copying antworker_moveit_bringup/trajectory_server_sim.py -> /home/humble_ws/build/antworker_moveit_bringup/build/lib/antworker_moveit_bringup
[1.153s] copying antworker_moveit_bringup/ee_point_server.py -> /home/humble_ws/build/antworker_moveit_bringup/build/lib/antworker_moveit_bringup
[1.153s] copying antworker_moveit_bringup/move_action_interface.py -> /home/humble_ws/build/antworker_moveit_bringup/build/lib/antworker_moveit_bringup
[1.153s] copying antworker_moveit_bringup/trajectory_server.py -> /home/humble_ws/build/antworker_moveit_bringup/build/lib/antworker_moveit_bringup
[1.153s] copying antworker_moveit_bringup/joint_command_forwarder.py -> /home/humble_ws/build/antworker_moveit_bringup/build/lib/antworker_moveit_bringup
[1.153s] copying antworker_moveit_bringup/__init__.py -> /home/humble_ws/build/antworker_moveit_bringup/build/lib/antworker_moveit_bringup
[1.155s] running install
[1.155s] running install_lib
[1.155s] creating /home/humble_ws/install/antworker_moveit_bringup/lib/python3.10/site-packages/antworker_moveit_bringup
[1.155s] copying /home/humble_ws/build/antworker_moveit_bringup/build/lib/antworker_moveit_bringup/joint_state_forwarder.py -> /home/humble_ws/install/antworker_moveit_bringup/lib/python3.10/site-packages/antworker_moveit_bringup
[1.156s] copying /home/humble_ws/build/antworker_moveit_bringup/build/lib/antworker_moveit_bringup/target_ee_pose_isolator.py -> /home/humble_ws/install/antworker_moveit_bringup/lib/python3.10/site-packages/antworker_moveit_bringup
[1.156s] copying /home/humble_ws/build/antworker_moveit_bringup/build/lib/antworker_moveit_bringup/trajectory_server_sim.py -> /home/humble_ws/install/antworker_moveit_bringup/lib/python3.10/site-packages/antworker_moveit_bringup
[1.156s] copying /home/humble_ws/build/antworker_moveit_bringup/build/lib/antworker_moveit_bringup/ee_point_server.py -> /home/humble_ws/install/antworker_moveit_bringup/lib/python3.10/site-packages/antworker_moveit_bringup
[1.156s] copying /home/humble_ws/build/antworker_moveit_bringup/build/lib/antworker_moveit_bringup/move_action_interface.py -> /home/humble_ws/install/antworker_moveit_bringup/lib/python3.10/site-packages/antworker_moveit_bringup
[1.156s] copying /home/humble_ws/build/antworker_moveit_bringup/build/lib/antworker_moveit_bringup/trajectory_server.py -> /home/humble_ws/install/antworker_moveit_bringup/lib/python3.10/site-packages/antworker_moveit_bringup
[1.156s] copying /home/humble_ws/build/antworker_moveit_bringup/build/lib/antworker_moveit_bringup/joint_command_forwarder.py -> /home/humble_ws/install/antworker_moveit_bringup/lib/python3.10/site-packages/antworker_moveit_bringup
[1.156s] copying /home/humble_ws/build/antworker_moveit_bringup/build/lib/antworker_moveit_bringup/__init__.py -> /home/humble_ws/install/antworker_moveit_bringup/lib/python3.10/site-packages/antworker_moveit_bringup
[1.156s] byte-compiling /home/humble_ws/install/antworker_moveit_bringup/lib/python3.10/site-packages/antworker_moveit_bringup/joint_state_forwarder.py to joint_state_forwarder.cpython-310.pyc
[1.157s] byte-compiling /home/humble_ws/install/antworker_moveit_bringup/lib/python3.10/site-packages/antworker_moveit_bringup/target_ee_pose_isolator.py to target_ee_pose_isolator.cpython-310.pyc
[1.157s] byte-compiling /home/humble_ws/install/antworker_moveit_bringup/lib/python3.10/site-packages/antworker_moveit_bringup/trajectory_server_sim.py to trajectory_server_sim.cpython-310.pyc
[1.157s] byte-compiling /home/humble_ws/install/antworker_moveit_bringup/lib/python3.10/site-packages/antworker_moveit_bringup/ee_point_server.py to ee_point_server.cpython-310.pyc
[1.157s] byte-compiling /home/humble_ws/install/antworker_moveit_bringup/lib/python3.10/site-packages/antworker_moveit_bringup/move_action_interface.py to move_action_interface.cpython-310.pyc
[1.157s] byte-compiling /home/humble_ws/install/antworker_moveit_bringup/lib/python3.10/site-packages/antworker_moveit_bringup/trajectory_server.py to trajectory_server.cpython-310.pyc
[1.157s] byte-compiling /home/humble_ws/install/antworker_moveit_bringup/lib/python3.10/site-packages/antworker_moveit_bringup/joint_command_forwarder.py to joint_command_forwarder.cpython-310.pyc
[1.158s] byte-compiling /home/humble_ws/install/antworker_moveit_bringup/lib/python3.10/site-packages/antworker_moveit_bringup/__init__.py to __init__.cpython-310.pyc
[1.158s] running install_data
[1.158s] creating /home/humble_ws/install/antworker_moveit_bringup/share/ament_index
[1.158s] creating /home/humble_ws/install/antworker_moveit_bringup/share/ament_index/resource_index
[1.158s] creating /home/humble_ws/install/antworker_moveit_bringup/share/ament_index/resource_index/packages
[1.158s] copying resource/antworker_moveit_bringup -> /home/humble_ws/install/antworker_moveit_bringup/share/ament_index/resource_index/packages
[1.159s] copying package.xml -> /home/humble_ws/install/antworker_moveit_bringup/share/antworker_moveit_bringup
[1.159s] creating /home/humble_ws/install/antworker_moveit_bringup/share/antworker_moveit_bringup/launch
[1.159s] copying launch/realsense.launch.py -> /home/humble_ws/install/antworker_moveit_bringup/share/antworker_moveit_bringup/launch
[1.159s] copying launch/moveit_bringup.launch.py -> /home/humble_ws/install/antworker_moveit_bringup/share/antworker_moveit_bringup/launch
[1.160s] creating /home/humble_ws/install/antworker_moveit_bringup/share/antworker_moveit_bringup/config
[1.160s] copying config/moveit_py_params.yaml -> /home/humble_ws/install/antworker_moveit_bringup/share/antworker_moveit_bringup/config
[1.160s] copying config/target_to_actual_bridge.yaml -> /home/humble_ws/install/antworker_moveit_bringup/share/antworker_moveit_bringup/config
[1.160s] copying config/rviz_config.rviz -> /home/humble_ws/install/antworker_moveit_bringup/share/antworker_moveit_bringup/config
[1.160s] running install_egg_info
[1.162s] Copying ../../build/antworker_moveit_bringup/antworker_moveit_bringup.egg-info to /home/humble_ws/install/antworker_moveit_bringup/lib/python3.10/site-packages/antworker_moveit_bringup-0.0.0-py3.10.egg-info
[1.163s] running install_scripts
[1.180s] Installing ee_point_server script to /home/humble_ws/install/antworker_moveit_bringup/lib/antworker_moveit_bringup
[1.180s] Installing joint_command_forwarder script to /home/humble_ws/install/antworker_moveit_bringup/lib/antworker_moveit_bringup
[1.180s] Installing joint_state_forwarder script to /home/humble_ws/install/antworker_moveit_bringup/lib/antworker_moveit_bringup
[1.181s] Installing trajectory_server script to /home/humble_ws/install/antworker_moveit_bringup/lib/antworker_moveit_bringup
[1.181s] Installing trajectory_server_sim script to /home/humble_ws/install/antworker_moveit_bringup/lib/antworker_moveit_bringup
[1.181s] writing list of installed files to '/home/humble_ws/build/antworker_moveit_bringup/install.log'
[1.215s] Invoked command in '/home/humble_ws/src/antworker_moveit_bringup' returned '0': PYTHONPATH=/home/humble_ws/build/antworker_moveit_bringup/prefix_override:/home/humble_ws/install/antworker_moveit_bringup/lib/python3.10/site-packages:${PYTHONPATH} /usr/bin/python3 -W ignore:setup.py install is deprecated setup.py egg_info --egg-base ../../build/antworker_moveit_bringup build --build-base /home/humble_ws/build/antworker_moveit_bringup/build install --record /home/humble_ws/build/antworker_moveit_bringup/install.log --single-version-externally-managed install_data
