[0.039s] Invoking command in '/home/kortex_ws/build/joint_limits': CMAKE_PREFIX_PATH=${CMAKE_PREFIX_PATH}:/home/kortex_ws/install/rqt_joint_trajectory_controller:/home/kortex_ws/install/rqt_controller_manager:/home/kortex_ws/install/ros2controlcli:/home/kortex_ws/install/ros2_controllers_test_nodes:/opt/ros/humble /usr/bin/cmake /home/kortex_ws/src/ros2_control/joint_limits -DCMAKE_INSTALL_PREFIX=/home/kortex_ws/install/joint_limits
[0.053s] -- Found ament_cmake: 1.3.8 (/opt/ros/humble/share/ament_cmake/cmake)
[0.173s] -- Found rclcpp: 16.0.8 (/opt/ros/humble/share/rclcpp/cmake)
[0.204s] -- Found rosidl_generator_c: 3.1.5 (/opt/ros/humble/share/rosidl_generator_c/cmake)
[0.206s] -- Found rosidl_adapter: 3.1.5 (/opt/ros/humble/share/rosidl_adapter/cmake)
[0.212s] -- Found rosidl_generator_cpp: 3.1.5 (/opt/ros/humble/share/rosidl_generator_cpp/cmake)
[0.225s] -- Using all available rosidl_typesupport_c: rosidl_typesupport_fastrtps_c;rosidl_typesupport_introspection_c
[0.242s] -- Using all available rosidl_typesupport_cpp: rosidl_typesupport_fastrtps_cpp;rosidl_typesupport_introspection_cpp
[0.310s] -- Found rmw_implementation_cmake: 6.1.1 (/opt/ros/humble/share/rmw_implementation_cmake/cmake)
[0.313s] -- Found rmw_cyclonedds_cpp: 1.3.4 (/opt/ros/humble/share/rmw_cyclonedds_cpp/cmake)
[0.354s] -- Using RMW implementation 'rmw_cyclonedds_cpp' as default
[0.528s] -- Found rclcpp_lifecycle: 16.0.8 (/opt/ros/humble/share/rclcpp_lifecycle/cmake)
[0.568s] -- Found ament_cmake_gtest: 1.3.8 (/opt/ros/humble/share/ament_cmake_gtest/cmake)
[0.570s] -- Found launch_testing_ament_cmake: 1.0.5 (/opt/ros/humble/share/launch_testing_ament_cmake/cmake)
[0.571s] -- Found python_cmake_module: 0.10.0 (/opt/ros/humble/share/python_cmake_module/cmake)
[0.591s] -- Using PYTHON_EXECUTABLE: /usr/bin/python3
[0.591s] -- Using PYTHON_INCLUDE_DIRS: /usr/include/python3.10
[0.592s] -- Using PYTHON_LIBRARIES: /usr/lib/x86_64-linux-gnu/libpython3.10.so
[0.593s] -- Found gtest sources under '/opt/ros/humble/src/gtest_vendor': C++ tests using 'Google Test' will be built
[0.654s] -- Configuring done
[0.667s] -- Generating done
[0.669s] -- Build files have been written to: /home/kortex_ws/build/joint_limits
[0.675s] Invoked command in '/home/kortex_ws/build/joint_limits' returned '0': CMAKE_PREFIX_PATH=${CMAKE_PREFIX_PATH}:/home/kortex_ws/install/rqt_joint_trajectory_controller:/home/kortex_ws/install/rqt_controller_manager:/home/kortex_ws/install/ros2controlcli:/home/kortex_ws/install/ros2_controllers_test_nodes:/opt/ros/humble /usr/bin/cmake /home/kortex_ws/src/ros2_control/joint_limits -DCMAKE_INSTALL_PREFIX=/home/kortex_ws/install/joint_limits
[0.677s] Invoking command in '/home/kortex_ws/build/joint_limits': CMAKE_PREFIX_PATH=${CMAKE_PREFIX_PATH}:/home/kortex_ws/install/rqt_joint_trajectory_controller:/home/kortex_ws/install/rqt_controller_manager:/home/kortex_ws/install/ros2controlcli:/home/kortex_ws/install/ros2_controllers_test_nodes:/opt/ros/humble /usr/bin/cmake --build /home/kortex_ws/build/joint_limits -- -j16 -l16
[0.739s] [35m[1mConsolidate compiler generated dependencies of target gtest_main[0m
[0.740s] [35m[1mConsolidate compiler generated dependencies of target gtest[0m
[0.761s] [ 66%] Built target gtest_main
[0.761s] [ 66%] Built target gtest
[0.779s] [35m[1mConsolidate compiler generated dependencies of target joint_limits_rosparam_test[0m
[0.810s] [100%] Built target joint_limits_rosparam_test
[0.825s] Invoked command in '/home/kortex_ws/build/joint_limits' returned '0': CMAKE_PREFIX_PATH=${CMAKE_PREFIX_PATH}:/home/kortex_ws/install/rqt_joint_trajectory_controller:/home/kortex_ws/install/rqt_controller_manager:/home/kortex_ws/install/ros2controlcli:/home/kortex_ws/install/ros2_controllers_test_nodes:/opt/ros/humble /usr/bin/cmake --build /home/kortex_ws/build/joint_limits -- -j16 -l16
[0.876s] Invoking command in '/home/kortex_ws/build/joint_limits': CMAKE_PREFIX_PATH=${CMAKE_PREFIX_PATH}:/home/kortex_ws/install/rqt_joint_trajectory_controller:/home/kortex_ws/install/rqt_controller_manager:/home/kortex_ws/install/ros2controlcli:/home/kortex_ws/install/ros2_controllers_test_nodes:/opt/ros/humble /usr/bin/cmake --install /home/kortex_ws/build/joint_limits
[0.887s] -- Install configuration: "Release"
[0.887s] -- Up-to-date: /home/kortex_ws/install/joint_limits/include
[0.887s] -- Up-to-date: /home/kortex_ws/install/joint_limits/include/joint_limits
[0.887s] -- Up-to-date: /home/kortex_ws/install/joint_limits/include/joint_limits/joint_limits_rosparam.hpp
[0.887s] -- Up-to-date: /home/kortex_ws/install/joint_limits/include/joint_limits/joint_limits.hpp
[0.887s] -- Up-to-date: /home/kortex_ws/install/joint_limits/lib/joint_limits/joint_limits_rosparam_test
[0.887s] -- Up-to-date: /home/kortex_ws/install/joint_limits/share/joint_limits/test/joint_limits_rosparam.yaml
[0.887s] -- Up-to-date: /home/kortex_ws/install/joint_limits/share/ament_index/resource_index/package_run_dependencies/joint_limits
[0.888s] -- Installing: /home/kortex_ws/install/joint_limits/share/ament_index/resource_index/parent_prefix_path/joint_limits
[0.888s] -- Up-to-date: /home/kortex_ws/install/joint_limits/share/joint_limits/environment/ament_prefix_path.sh
[0.888s] -- Installing: /home/kortex_ws/install/joint_limits/share/joint_limits/environment/ament_prefix_path.dsv
[0.888s] -- Up-to-date: /home/kortex_ws/install/joint_limits/share/joint_limits/environment/path.sh
[0.888s] -- Installing: /home/kortex_ws/install/joint_limits/share/joint_limits/environment/path.dsv
[0.888s] -- Up-to-date: /home/kortex_ws/install/joint_limits/share/joint_limits/local_setup.bash
[0.888s] -- Up-to-date: /home/kortex_ws/install/joint_limits/share/joint_limits/local_setup.sh
[0.888s] -- Up-to-date: /home/kortex_ws/install/joint_limits/share/joint_limits/local_setup.zsh
[0.888s] -- Installing: /home/kortex_ws/install/joint_limits/share/joint_limits/local_setup.dsv
[0.888s] -- Installing: /home/kortex_ws/install/joint_limits/share/joint_limits/package.dsv
[0.889s] -- Up-to-date: /home/kortex_ws/install/joint_limits/share/ament_index/resource_index/packages/joint_limits
[0.889s] -- Up-to-date: /home/kortex_ws/install/joint_limits/share/joint_limits/cmake/ament_cmake_export_dependencies-extras.cmake
[0.889s] -- Up-to-date: /home/kortex_ws/install/joint_limits/share/joint_limits/cmake/ament_cmake_export_include_directories-extras.cmake
[0.889s] -- Up-to-date: /home/kortex_ws/install/joint_limits/share/joint_limits/cmake/joint_limitsConfig.cmake
[0.889s] -- Up-to-date: /home/kortex_ws/install/joint_limits/share/joint_limits/cmake/joint_limitsConfig-version.cmake
[0.889s] -- Up-to-date: /home/kortex_ws/install/joint_limits/share/joint_limits/package.xml
[0.891s] Invoked command in '/home/kortex_ws/build/joint_limits' returned '0': CMAKE_PREFIX_PATH=${CMAKE_PREFIX_PATH}:/home/kortex_ws/install/rqt_joint_trajectory_controller:/home/kortex_ws/install/rqt_controller_manager:/home/kortex_ws/install/ros2controlcli:/home/kortex_ws/install/ros2_controllers_test_nodes:/opt/ros/humble /usr/bin/cmake --install /home/kortex_ws/build/joint_limits
