[0.491s] Invoking command in '/home/humble_ws/src/kinova_arm': PYTHONPATH=/home/humble_ws/build/kinova_arm/prefix_override:/home/humble_ws/install/kinova_arm/lib/python3.10/site-packages:${PYTHONPATH} /usr/bin/python3 -W ignore:setup.py install is deprecated setup.py egg_info --egg-base ../../build/kinova_arm build --build-base /home/humble_ws/build/kinova_arm/build install --record /home/humble_ws/build/kinova_arm/install.log --single-version-externally-managed install_data
[0.647s] running egg_info
[0.648s] creating ../../build/kinova_arm/kinova_arm.egg-info
[0.648s] writing ../../build/kinova_arm/kinova_arm.egg-info/PKG-INFO
[0.648s] writing dependency_links to ../../build/kinova_arm/kinova_arm.egg-info/dependency_links.txt
[0.648s] writing entry points to ../../build/kinova_arm/kinova_arm.egg-info/entry_points.txt
[0.648s] writing requirements to ../../build/kinova_arm/kinova_arm.egg-info/requires.txt
[0.648s] writing top-level names to ../../build/kinova_arm/kinova_arm.egg-info/top_level.txt
[0.648s] writing manifest file '../../build/kinova_arm/kinova_arm.egg-info/SOURCES.txt'
[0.650s] reading manifest file '../../build/kinova_arm/kinova_arm.egg-info/SOURCES.txt'
[0.650s] writing manifest file '../../build/kinova_arm/kinova_arm.egg-info/SOURCES.txt'
[0.650s] running build
[0.650s] running build_py
[0.651s] creating /home/humble_ws/build/kinova_arm/build
[0.651s] creating /home/humble_ws/build/kinova_arm/build/lib
[0.651s] creating /home/humble_ws/build/kinova_arm/build/lib/kinova_arm
[0.651s] copying kinova_arm/__init__.py -> /home/humble_ws/build/kinova_arm/build/lib/kinova_arm
[0.651s] running install
[0.651s] running install_lib
[0.652s] creating /home/humble_ws/install/kinova_arm/lib/python3.10/site-packages/kinova_arm
[0.652s] copying /home/humble_ws/build/kinova_arm/build/lib/kinova_arm/__init__.py -> /home/humble_ws/install/kinova_arm/lib/python3.10/site-packages/kinova_arm
[0.652s] byte-compiling /home/humble_ws/install/kinova_arm/lib/python3.10/site-packages/kinova_arm/__init__.py to __init__.cpython-310.pyc
[0.652s] running install_data
[0.652s] creating /home/humble_ws/install/kinova_arm/share/ament_index
[0.652s] creating /home/humble_ws/install/kinova_arm/share/ament_index/resource_index
[0.652s] creating /home/humble_ws/install/kinova_arm/share/ament_index/resource_index/packages
[0.653s] copying resource/kinova_arm -> /home/humble_ws/install/kinova_arm/share/ament_index/resource_index/packages
[0.653s] copying package.xml -> /home/humble_ws/install/kinova_arm/share/kinova_arm
[0.653s] creating /home/humble_ws/install/kinova_arm/share/kinova_arm/description
[0.653s] creating /home/humble_ws/install/kinova_arm/share/kinova_arm/description/urdf
[0.653s] copying description/urdf/GEN3_6DOF_VISION_URDF_ARM_V01.urdf -> /home/humble_ws/install/kinova_arm/share/kinova_arm/description/urdf
[0.653s] creating /home/humble_ws/install/kinova_arm/share/kinova_arm/description/meshes
[0.653s] copying description/meshes/bracelet_no_vision_link.obj -> /home/humble_ws/install/kinova_arm/share/kinova_arm/description/meshes
[0.661s] copying description/meshes/shoulder_link.obj -> /home/humble_ws/install/kinova_arm/share/kinova_arm/description/meshes
[0.662s] copying description/meshes/bicep_link.STL -> /home/humble_ws/install/kinova_arm/share/kinova_arm/description/meshes
[0.664s] copying description/meshes/bracelet_with_vision_link.STL -> /home/humble_ws/install/kinova_arm/share/kinova_arm/description/meshes
[0.669s] copying description/meshes/forearm_link.STL -> /home/humble_ws/install/kinova_arm/share/kinova_arm/description/meshes
[0.670s] copying description/meshes/base_link.obj -> /home/humble_ws/install/kinova_arm/share/kinova_arm/description/meshes
[0.671s] copying description/meshes/base_link.STL -> /home/humble_ws/install/kinova_arm/share/kinova_arm/description/meshes
[0.671s] copying description/meshes/shoulder_link.STL -> /home/humble_ws/install/kinova_arm/share/kinova_arm/description/meshes
[0.672s] copying description/meshes/forearm_link.obj -> /home/humble_ws/install/kinova_arm/share/kinova_arm/description/meshes
[0.674s] copying description/meshes/spherical_wrist_1_link.STL -> /home/humble_ws/install/kinova_arm/share/kinova_arm/description/meshes
[0.675s] copying description/meshes/bracelet_with_vision_link.obj -> /home/humble_ws/install/kinova_arm/share/kinova_arm/description/meshes
[0.682s] copying description/meshes/spherical_wrist_2_link.obj -> /home/humble_ws/install/kinova_arm/share/kinova_arm/description/meshes
[0.683s] copying description/meshes/bicep_link.obj -> /home/humble_ws/install/kinova_arm/share/kinova_arm/description/meshes
[0.685s] copying description/meshes/spherical_wrist_2_link.STL -> /home/humble_ws/install/kinova_arm/share/kinova_arm/description/meshes
[0.686s] copying description/meshes/bracelet_no_vision_link.STL -> /home/humble_ws/install/kinova_arm/share/kinova_arm/description/meshes
[0.688s] copying description/meshes/spherical_wrist_1_link.obj -> /home/humble_ws/install/kinova_arm/share/kinova_arm/description/meshes
[0.690s] running install_egg_info
[0.692s] Copying ../../build/kinova_arm/kinova_arm.egg-info to /home/humble_ws/install/kinova_arm/lib/python3.10/site-packages/kinova_arm-0.0.0-py3.10.egg-info
[0.693s] running install_scripts
[0.709s] writing list of installed files to '/home/humble_ws/build/kinova_arm/install.log'
[0.728s] Invoked command in '/home/humble_ws/src/kinova_arm' returned '0': PYTHONPATH=/home/humble_ws/build/kinova_arm/prefix_override:/home/humble_ws/install/kinova_arm/lib/python3.10/site-packages:${PYTHONPATH} /usr/bin/python3 -W ignore:setup.py install is deprecated setup.py egg_info --egg-base ../../build/kinova_arm build --build-base /home/humble_ws/build/kinova_arm/build install --record /home/humble_ws/build/kinova_arm/install.log --single-version-externally-managed install_data
