[0.007s] Invoking command in '/home/rolling_ws/build/antworker_moveit_description': AMENT_PREFIX_PATH=/home/rolling_ws/install/antworker_description:/home/rolling_ws/install/attempt_py_moveit:/home/rolling_ws/install/antworker_moveit_description:/opt/ros/jazzy CMAKE_PREFIX_PATH=${CMAKE_PREFIX_PATH}:/home/rolling_ws/install/attempt_py_moveit:/home/rolling_ws/install/antworker_description:/opt/ros/jazzy PYTHONPATH=/home/rolling_ws/install/antworker_description/lib/python3.12/site-packages:${PYTHONPATH} /usr/bin/cmake /home/rolling_ws/src/antworker_moveit_description -DCMAKE_INSTALL_PREFIX=/home/rolling_ws/install/antworker_moveit_description
[0.066s] -- The C compiler identification is GNU 13.2.0
[0.116s] -- The CXX compiler identification is GNU 13.2.0
[0.131s] -- Detecting C compiler ABI info
[0.214s] -- Detecting C compiler ABI info - done
[0.221s] -- Check for working C compiler: /usr/bin/cc - skipped
[0.221s] -- Detecting C compile features
[0.221s] -- Detecting C compile features - done
[0.230s] -- Detecting CXX compiler ABI info
[0.319s] -- Detecting CXX compiler ABI info - done
[0.326s] -- Check for working CXX compiler: /usr/bin/c++ - skipped
[0.326s] -- Detecting CXX compile features
[0.326s] -- Detecting CXX compile features - done
[0.331s] -- Found ament_cmake: 2.5.0 (/opt/ros/jazzy/share/ament_cmake/cmake)
[0.436s] -- Found Python3: /usr/bin/python3 (found version "3.12.3") found components: Interpreter 
[0.611s] -- Configuring done (0.6s)
[0.614s] -- Generating done (0.0s)
[0.615s] -- Build files have been written to: /home/rolling_ws/build/antworker_moveit_description
[0.619s] Invoked command in '/home/rolling_ws/build/antworker_moveit_description' returned '0': AMENT_PREFIX_PATH=/home/rolling_ws/install/antworker_description:/home/rolling_ws/install/attempt_py_moveit:/home/rolling_ws/install/antworker_moveit_description:/opt/ros/jazzy CMAKE_PREFIX_PATH=${CMAKE_PREFIX_PATH}:/home/rolling_ws/install/attempt_py_moveit:/home/rolling_ws/install/antworker_description:/opt/ros/jazzy PYTHONPATH=/home/rolling_ws/install/antworker_description/lib/python3.12/site-packages:${PYTHONPATH} /usr/bin/cmake /home/rolling_ws/src/antworker_moveit_description -DCMAKE_INSTALL_PREFIX=/home/rolling_ws/install/antworker_moveit_description
[0.620s] Invoking command in '/home/rolling_ws/build/antworker_moveit_description': AMENT_PREFIX_PATH=/home/rolling_ws/install/antworker_description:/home/rolling_ws/install/attempt_py_moveit:/home/rolling_ws/install/antworker_moveit_description:/opt/ros/jazzy CMAKE_PREFIX_PATH=${CMAKE_PREFIX_PATH}:/home/rolling_ws/install/attempt_py_moveit:/home/rolling_ws/install/antworker_description:/opt/ros/jazzy PYTHONPATH=/home/rolling_ws/install/antworker_description/lib/python3.12/site-packages:${PYTHONPATH} /usr/bin/cmake --build /home/rolling_ws/build/antworker_moveit_description -- -j16 -l16
[0.656s] Invoked command in '/home/rolling_ws/build/antworker_moveit_description' returned '0': AMENT_PREFIX_PATH=/home/rolling_ws/install/antworker_description:/home/rolling_ws/install/attempt_py_moveit:/home/rolling_ws/install/antworker_moveit_description:/opt/ros/jazzy CMAKE_PREFIX_PATH=${CMAKE_PREFIX_PATH}:/home/rolling_ws/install/attempt_py_moveit:/home/rolling_ws/install/antworker_description:/opt/ros/jazzy PYTHONPATH=/home/rolling_ws/install/antworker_description/lib/python3.12/site-packages:${PYTHONPATH} /usr/bin/cmake --build /home/rolling_ws/build/antworker_moveit_description -- -j16 -l16
[0.685s] Invoking command in '/home/rolling_ws/build/antworker_moveit_description': AMENT_PREFIX_PATH=/home/rolling_ws/install/antworker_description:/home/rolling_ws/install/attempt_py_moveit:/home/rolling_ws/install/antworker_moveit_description:/opt/ros/jazzy CMAKE_PREFIX_PATH=${CMAKE_PREFIX_PATH}:/home/rolling_ws/install/attempt_py_moveit:/home/rolling_ws/install/antworker_description:/opt/ros/jazzy PYTHONPATH=/home/rolling_ws/install/antworker_description/lib/python3.12/site-packages:${PYTHONPATH} /usr/bin/cmake --install /home/rolling_ws/build/antworker_moveit_description
[0.692s] -- Install configuration: ""
[0.692s] -- Installing: /home/rolling_ws/install/antworker_moveit_description/share/ament_index/resource_index/package_run_dependencies/antworker_moveit_description
[0.693s] -- Installing: /home/rolling_ws/install/antworker_moveit_description/share/ament_index/resource_index/parent_prefix_path/antworker_moveit_description
[0.693s] -- Installing: /home/rolling_ws/install/antworker_moveit_description/share/antworker_moveit_description/environment/ament_prefix_path.sh
[0.693s] -- Installing: /home/rolling_ws/install/antworker_moveit_description/share/antworker_moveit_description/environment/ament_prefix_path.dsv
[0.693s] -- Installing: /home/rolling_ws/install/antworker_moveit_description/share/antworker_moveit_description/environment/path.sh
[0.693s] -- Installing: /home/rolling_ws/install/antworker_moveit_description/share/antworker_moveit_description/environment/path.dsv
[0.693s] -- Installing: /home/rolling_ws/install/antworker_moveit_description/share/antworker_moveit_description/local_setup.bash
[0.694s] -- Installing: /home/rolling_ws/install/antworker_moveit_description/share/antworker_moveit_description/local_setup.sh
[0.694s] -- Installing: /home/rolling_ws/install/antworker_moveit_description/share/antworker_moveit_description/local_setup.zsh
[0.694s] -- Installing: /home/rolling_ws/install/antworker_moveit_description/share/antworker_moveit_description/local_setup.dsv
[0.694s] -- Installing: /home/rolling_ws/install/antworker_moveit_description/share/antworker_moveit_description/package.dsv
[0.694s] -- Installing: /home/rolling_ws/install/antworker_moveit_description/share/ament_index/resource_index/packages/antworker_moveit_description
[0.694s] -- Installing: /home/rolling_ws/install/antworker_moveit_description/share/antworker_moveit_description/cmake/antworker_moveit_descriptionConfig.cmake
[0.695s] -- Installing: /home/rolling_ws/install/antworker_moveit_description/share/antworker_moveit_description/cmake/antworker_moveit_descriptionConfig-version.cmake
[0.695s] -- Installing: /home/rolling_ws/install/antworker_moveit_description/share/antworker_moveit_description/package.xml
[0.695s] -- Installing: /home/rolling_ws/install/antworker_moveit_description/share/antworker_moveit_description/launch
[0.695s] -- Installing: /home/rolling_ws/install/antworker_moveit_description/share/antworker_moveit_description/launch/demo.launch.py
[0.695s] -- Installing: /home/rolling_ws/install/antworker_moveit_description/share/antworker_moveit_description/launch/setup_assistant.launch.py
[0.696s] -- Installing: /home/rolling_ws/install/antworker_moveit_description/share/antworker_moveit_description/launch/move_group.launch.py
[0.696s] -- Installing: /home/rolling_ws/install/antworker_moveit_description/share/antworker_moveit_description/launch/__pycache__
[0.696s] -- Installing: /home/rolling_ws/install/antworker_moveit_description/share/antworker_moveit_description/launch/__pycache__/demo.launch.cpython-310.pyc
[0.697s] -- Installing: /home/rolling_ws/install/antworker_moveit_description/share/antworker_moveit_description/launch/__pycache__/move_group.launch.cpython-310.pyc
[0.697s] -- Installing: /home/rolling_ws/install/antworker_moveit_description/share/antworker_moveit_description/launch/warehouse_db.launch.py
[0.697s] -- Installing: /home/rolling_ws/install/antworker_moveit_description/share/antworker_moveit_description/launch/static_virtual_joint_tfs.launch.py
[0.697s] -- Installing: /home/rolling_ws/install/antworker_moveit_description/share/antworker_moveit_description/launch/spawn_controllers.launch.py
[0.697s] -- Installing: /home/rolling_ws/install/antworker_moveit_description/share/antworker_moveit_description/launch/rsp.launch.py
[0.697s] -- Installing: /home/rolling_ws/install/antworker_moveit_description/share/antworker_moveit_description/launch/moveit_rviz.launch.py
[0.698s] -- Installing: /home/rolling_ws/install/antworker_moveit_description/share/antworker_moveit_description/config
[0.698s] -- Installing: /home/rolling_ws/install/antworker_moveit_description/share/antworker_moveit_description/config/antworker.srdf
[0.698s] -- Installing: /home/rolling_ws/install/antworker_moveit_description/share/antworker_moveit_description/config/antworker.ros2_control.xacro
[0.698s] -- Installing: /home/rolling_ws/install/antworker_moveit_description/share/antworker_moveit_description/config/joint_limits.yaml
[0.698s] -- Installing: /home/rolling_ws/install/antworker_moveit_description/share/antworker_moveit_description/config/ros2_controllers.yaml
[0.699s] -- Installing: /home/rolling_ws/install/antworker_moveit_description/share/antworker_moveit_description/config/pilz_cartesian_limits.yaml
[0.699s] -- Installing: /home/rolling_ws/install/antworker_moveit_description/share/antworker_moveit_description/config/moveit.rviz
[0.699s] -- Installing: /home/rolling_ws/install/antworker_moveit_description/share/antworker_moveit_description/config/kinematics.yaml
[0.699s] -- Installing: /home/rolling_ws/install/antworker_moveit_description/share/antworker_moveit_description/config/initial_positions.yaml
[0.700s] -- Installing: /home/rolling_ws/install/antworker_moveit_description/share/antworker_moveit_description/config/antworker.urdf.xacro
[0.700s] -- Installing: /home/rolling_ws/install/antworker_moveit_description/share/antworker_moveit_description/config/moveit_controllers.yaml
[0.700s] -- Installing: /home/rolling_ws/install/antworker_moveit_description/share/antworker_moveit_description/.setup_assistant
[0.702s] Invoked command in '/home/rolling_ws/build/antworker_moveit_description' returned '0': AMENT_PREFIX_PATH=/home/rolling_ws/install/antworker_description:/home/rolling_ws/install/attempt_py_moveit:/home/rolling_ws/install/antworker_moveit_description:/opt/ros/jazzy CMAKE_PREFIX_PATH=${CMAKE_PREFIX_PATH}:/home/rolling_ws/install/attempt_py_moveit:/home/rolling_ws/install/antworker_description:/opt/ros/jazzy PYTHONPATH=/home/rolling_ws/install/antworker_description/lib/python3.12/site-packages:${PYTHONPATH} /usr/bin/cmake --install /home/rolling_ws/build/antworker_moveit_description
