[0.009s] Invoking command in '/home/humble_ws/build/moveit_interface': CMAKE_PREFIX_PATH=/opt/ros/humble /usr/bin/cmake /home/humble_ws/src/moveit_interface -DCMAKE_INSTALL_PREFIX=/home/humble_ws/install/moveit_interface
[0.090s] -- The C compiler identification is GNU 11.4.0
[0.143s] -- The CXX compiler identification is GNU 11.4.0
[0.150s] -- Detecting C compiler ABI info
[0.215s] -- Detecting C compiler ABI info - done
[0.220s] -- Check for working C compiler: /usr/bin/cc - skipped
[0.221s] -- Detecting C compile features
[0.221s] -- Detecting C compile features - done
[0.224s] -- Detecting CXX compiler ABI info
[0.299s] -- Detecting CXX compiler ABI info - done
[0.308s] -- Check for working CXX compiler: /usr/bin/c++ - skipped
[0.308s] -- Detecting CXX compile features
[0.309s] -- Detecting CXX compile features - done
[0.314s] -- Found ament_cmake: 1.3.8 (/opt/ros/humble/share/ament_cmake/cmake)
[0.421s] -- Found Python3: /usr/bin/python3 (found version "3.10.12") found components: Interpreter 
[0.530s] -- Found moveit_ros_planning_interface: 2.5.5 (/opt/ros/humble/share/moveit_ros_planning_interface/cmake)
[0.697s] -- Found Boost: /usr/lib/x86_64-linux-gnu/cmake/Boost-1.74.0/BoostConfig.cmake (found version "1.74.0") found components: date_time filesystem program_options system thread 
[0.741s] -- Found rosidl_generator_c: 3.1.5 (/opt/ros/humble/share/rosidl_generator_c/cmake)
[0.749s] -- Found rosidl_adapter: 3.1.5 (/opt/ros/humble/share/rosidl_adapter/cmake)
[0.758s] -- Found rosidl_generator_cpp: 3.1.5 (/opt/ros/humble/share/rosidl_generator_cpp/cmake)
[0.770s] -- Using all available rosidl_typesupport_c: rosidl_typesupport_fastrtps_c;rosidl_typesupport_introspection_c
[0.789s] -- Using all available rosidl_typesupport_cpp: rosidl_typesupport_fastrtps_cpp;rosidl_typesupport_introspection_cpp
[1.566s] -- Found Boost: /usr/lib/x86_64-linux-gnu/cmake/Boost-1.74.0/BoostConfig.cmake (found version "1.74.0") found components: chrono date_time filesystem iostreams program_options regex serialization system thread 
[1.582s] -- Found parameter_traits: 0.3.8 (/opt/ros/humble/share/parameter_traits/cmake)
[1.647s] -- Found rmw_implementation_cmake: 6.1.1 (/opt/ros/humble/share/rmw_implementation_cmake/cmake)
[1.650s] -- Found rmw_cyclonedds_cpp: 1.3.4 (/opt/ros/humble/share/rmw_cyclonedds_cpp/cmake)
[1.679s] -- Using RMW implementation 'rmw_cyclonedds_cpp' as default
[1.690s] -- Found Threads: TRUE  
[1.823s] -- Found rclcpp_lifecycle: 16.0.8 (/opt/ros/humble/share/rclcpp_lifecycle/cmake)
[1.865s] -- Found Boost: /usr/lib/x86_64-linux-gnu/cmake/Boost-1.74.0/BoostConfig.cmake (found version "1.74.0") found components: filesystem 
[1.969s] -- library: /usr/lib/x86_64-linux-gnu/libcurl.so
[2.110s] -- Found Eigen3: TRUE (found version "3.4.0") 
[2.110s] -- Ensuring Eigen3 include directory is part of orocos-kdl CMake target
[2.570s] -- Found Boost: /usr/lib/x86_64-linux-gnu/cmake/Boost-1.74.0/BoostConfig.cmake (found version "1.74.0") found components: system filesystem date_time program_options thread chrono 
[3.025s] -- Found Boost: /usr/lib/x86_64-linux-gnu/cmake/Boost-1.74.0/BoostConfig.cmake (found version "1.74.0") found components: thread system filesystem regex date_time program_options 
[3.300s] -- Found Boost: /usr/lib/x86_64-linux-gnu/cmake/Boost-1.74.0/BoostConfig.cmake (found version "1.74.0") found components: system filesystem date_time program_options thread 
[3.651s] -- Found ament_lint_auto: 0.12.10 (/opt/ros/humble/share/ament_lint_auto/cmake)
[3.726s] -- Added test 'cppcheck' to perform static code analysis on C / C++ code
[3.726s] -- Configured cppcheck include dirs: 
[3.726s] -- Configured cppcheck exclude dirs and/or files: 
[3.727s] -- Added test 'flake8' to check Python code syntax and style conventions
[3.727s] -- Added test 'lint_cmake' to check CMake code style
[3.728s] -- Added test 'pep257' to check Python code against some of the docstring style conventions in PEP 257
[3.729s] -- Added test 'uncrustify' to check C / C++ code style
[3.729s] -- Configured uncrustify additional arguments: 
[3.729s] -- Added test 'xmllint' to check XML markup files
[3.731s] -- Configuring done
[3.759s] -- Generating done
[3.762s] -- Build files have been written to: /home/humble_ws/build/moveit_interface
[3.774s] Invoked command in '/home/humble_ws/build/moveit_interface' returned '0': CMAKE_PREFIX_PATH=/opt/ros/humble /usr/bin/cmake /home/humble_ws/src/moveit_interface -DCMAKE_INSTALL_PREFIX=/home/humble_ws/install/moveit_interface
[3.776s] Invoking command in '/home/humble_ws/build/moveit_interface': CMAKE_PREFIX_PATH=/opt/ros/humble /usr/bin/cmake --build /home/humble_ws/build/moveit_interface -- -j16 -l16
[3.830s] [ 50%] [32mBuilding CXX object CMakeFiles/hybrid_planning_demo_node.dir/src/hybrid_planning_demo_node.cpp.o[0m
[18.638s] [100%] [32m[1mLinking CXX executable hybrid_planning_demo_node[0m
[19.422s] [100%] Built target hybrid_planning_demo_node
[19.434s] Invoked command in '/home/humble_ws/build/moveit_interface' returned '0': CMAKE_PREFIX_PATH=/opt/ros/humble /usr/bin/cmake --build /home/humble_ws/build/moveit_interface -- -j16 -l16
[19.468s] Invoking command in '/home/humble_ws/build/moveit_interface': CMAKE_PREFIX_PATH=/opt/ros/humble /usr/bin/cmake --install /home/humble_ws/build/moveit_interface
[19.476s] -- Install configuration: ""
[19.476s] -- Installing: /home/humble_ws/install/moveit_interface/lib/moveit_interface/hybrid_planning_demo_node
[19.482s] -- Set runtime path of "/home/humble_ws/install/moveit_interface/lib/moveit_interface/hybrid_planning_demo_node" to ""
[19.482s] -- Installing: /home/humble_ws/install/moveit_interface/share/ament_index/resource_index/package_run_dependencies/moveit_interface
[19.482s] -- Installing: /home/humble_ws/install/moveit_interface/share/ament_index/resource_index/parent_prefix_path/moveit_interface
[19.483s] -- Installing: /home/humble_ws/install/moveit_interface/share/moveit_interface/environment/ament_prefix_path.sh
[19.483s] -- Installing: /home/humble_ws/install/moveit_interface/share/moveit_interface/environment/ament_prefix_path.dsv
[19.483s] -- Installing: /home/humble_ws/install/moveit_interface/share/moveit_interface/environment/path.sh
[19.483s] -- Installing: /home/humble_ws/install/moveit_interface/share/moveit_interface/environment/path.dsv
[19.483s] -- Installing: /home/humble_ws/install/moveit_interface/share/moveit_interface/local_setup.bash
[19.483s] -- Installing: /home/humble_ws/install/moveit_interface/share/moveit_interface/local_setup.sh
[19.484s] -- Installing: /home/humble_ws/install/moveit_interface/share/moveit_interface/local_setup.zsh
[19.484s] -- Installing: /home/humble_ws/install/moveit_interface/share/moveit_interface/local_setup.dsv
[19.484s] -- Installing: /home/humble_ws/install/moveit_interface/share/moveit_interface/package.dsv
[19.484s] -- Installing: /home/humble_ws/install/moveit_interface/share/ament_index/resource_index/packages/moveit_interface
[19.484s] -- Installing: /home/humble_ws/install/moveit_interface/share/moveit_interface/cmake/moveit_interfaceConfig.cmake
[19.484s] -- Installing: /home/humble_ws/install/moveit_interface/share/moveit_interface/cmake/moveit_interfaceConfig-version.cmake
[19.485s] -- Installing: /home/humble_ws/install/moveit_interface/share/moveit_interface/package.xml
[19.487s] Invoked command in '/home/humble_ws/build/moveit_interface' returned '0': CMAKE_PREFIX_PATH=/opt/ros/humble /usr/bin/cmake --install /home/humble_ws/build/moveit_interface
