[0.626s] Invoking command in '/home/humble_ws/src/attempt_py_moveit': PYTHONPATH=/home/humble_ws/build/attempt_py_moveit/prefix_override:/home/humble_ws/install/attempt_py_moveit/lib/python3.10/site-packages:${PYTHONPATH} /usr/bin/python3 -W ignore:setup.py install is deprecated setup.py egg_info --egg-base ../../build/attempt_py_moveit build --build-base /home/humble_ws/build/attempt_py_moveit/build install --record /home/humble_ws/build/attempt_py_moveit/install.log --single-version-externally-managed install_data
[0.786s] running egg_info
[0.786s] creating ../../build/attempt_py_moveit/attempt_py_moveit.egg-info
[0.786s] writing ../../build/attempt_py_moveit/attempt_py_moveit.egg-info/PKG-INFO
[0.786s] writing dependency_links to ../../build/attempt_py_moveit/attempt_py_moveit.egg-info/dependency_links.txt
[0.787s] writing entry points to ../../build/attempt_py_moveit/attempt_py_moveit.egg-info/entry_points.txt
[0.787s] writing requirements to ../../build/attempt_py_moveit/attempt_py_moveit.egg-info/requires.txt
[0.787s] writing top-level names to ../../build/attempt_py_moveit/attempt_py_moveit.egg-info/top_level.txt
[0.787s] writing manifest file '../../build/attempt_py_moveit/attempt_py_moveit.egg-info/SOURCES.txt'
[0.788s] reading manifest file '../../build/attempt_py_moveit/attempt_py_moveit.egg-info/SOURCES.txt'
[0.788s] writing manifest file '../../build/attempt_py_moveit/attempt_py_moveit.egg-info/SOURCES.txt'
[0.789s] running build
[0.789s] running build_py
[0.789s] creating /home/humble_ws/build/attempt_py_moveit/build
[0.789s] creating /home/humble_ws/build/attempt_py_moveit/build/lib
[0.789s] creating /home/humble_ws/build/attempt_py_moveit/build/lib/attempt_py_moveit
[0.789s] copying attempt_py_moveit/attempt_motion_planning.py -> /home/humble_ws/build/attempt_py_moveit/build/lib/attempt_py_moveit
[0.789s] copying attempt_py_moveit/__init__.py -> /home/humble_ws/build/attempt_py_moveit/build/lib/attempt_py_moveit
[0.789s] running install
[0.789s] running install_lib
[0.790s] creating /home/humble_ws/install/attempt_py_moveit/lib/python3.10/site-packages/attempt_py_moveit
[0.790s] copying /home/humble_ws/build/attempt_py_moveit/build/lib/attempt_py_moveit/attempt_motion_planning.py -> /home/humble_ws/install/attempt_py_moveit/lib/python3.10/site-packages/attempt_py_moveit
[0.790s] copying /home/humble_ws/build/attempt_py_moveit/build/lib/attempt_py_moveit/__init__.py -> /home/humble_ws/install/attempt_py_moveit/lib/python3.10/site-packages/attempt_py_moveit
[0.790s] byte-compiling /home/humble_ws/install/attempt_py_moveit/lib/python3.10/site-packages/attempt_py_moveit/attempt_motion_planning.py to attempt_motion_planning.cpython-310.pyc
[0.791s] byte-compiling /home/humble_ws/install/attempt_py_moveit/lib/python3.10/site-packages/attempt_py_moveit/__init__.py to __init__.cpython-310.pyc
[0.791s] running install_data
[0.791s] creating /home/humble_ws/install/attempt_py_moveit/share/ament_index
[0.791s] creating /home/humble_ws/install/attempt_py_moveit/share/ament_index/resource_index
[0.791s] creating /home/humble_ws/install/attempt_py_moveit/share/ament_index/resource_index/packages
[0.791s] copying resource/attempt_py_moveit -> /home/humble_ws/install/attempt_py_moveit/share/ament_index/resource_index/packages
[0.791s] copying package.xml -> /home/humble_ws/install/attempt_py_moveit/share/attempt_py_moveit
[0.791s] creating /home/humble_ws/install/attempt_py_moveit/share/attempt_py_moveit/launch
[0.791s] copying launch/tutorial.launch.py -> /home/humble_ws/install/attempt_py_moveit/share/attempt_py_moveit/launch
[0.791s] creating /home/humble_ws/install/attempt_py_moveit/share/attempt_py_moveit/config
[0.791s] copying config/moveit_py_params.yaml -> /home/humble_ws/install/attempt_py_moveit/share/attempt_py_moveit/config
[0.792s] copying config/rviz_config.rviz -> /home/humble_ws/install/attempt_py_moveit/share/attempt_py_moveit/config
[0.792s] running install_egg_info
[0.793s] Copying ../../build/attempt_py_moveit/attempt_py_moveit.egg-info to /home/humble_ws/install/attempt_py_moveit/lib/python3.10/site-packages/attempt_py_moveit-0.0.0-py3.10.egg-info
[0.794s] running install_scripts
[0.809s] Installing attempt_motion_planning script to /home/humble_ws/install/attempt_py_moveit/lib/attempt_py_moveit
[0.809s] writing list of installed files to '/home/humble_ws/build/attempt_py_moveit/install.log'
[0.827s] Invoked command in '/home/humble_ws/src/attempt_py_moveit' returned '0': PYTHONPATH=/home/humble_ws/build/attempt_py_moveit/prefix_override:/home/humble_ws/install/attempt_py_moveit/lib/python3.10/site-packages:${PYTHONPATH} /usr/bin/python3 -W ignore:setup.py install is deprecated setup.py egg_info --egg-base ../../build/attempt_py_moveit build --build-base /home/humble_ws/build/attempt_py_moveit/build install --record /home/humble_ws/build/attempt_py_moveit/install.log --single-version-externally-managed install_data
