[0.108s] DEBUG:colcon:Command line arguments: ['/usr/bin/colcon', 'build']
[0.109s] DEBUG:colcon:Parsed command line arguments: Namespace(log_base=None, log_level=None, verb_name='build', build_base='build', install_base='install', merge_install=False, symlink_install=False, test_result_base=None, continue_on_error=False, executor='parallel', parallel_workers=16, event_handlers=None, ignore_user_meta=False, metas=['./colcon.meta'], base_paths=['.'], packages_ignore=None, packages_ignore_regex=None, paths=None, packages_up_to=None, packages_up_to_regex=None, packages_above=None, packages_above_and_dependencies=None, packages_above_depth=None, packages_select_by_dep=None, packages_skip_by_dep=None, packages_skip_up_to=None, packages_select_build_failed=False, packages_skip_build_finished=False, packages_select_test_failures=False, packages_skip_test_passed=False, packages_select=None, packages_skip=None, packages_select_regex=None, packages_skip_regex=None, packages_start=None, packages_end=None, cmake_args=None, cmake_target=None, cmake_target_skip_unavailable=False, cmake_clean_cache=False, cmake_clean_first=False, cmake_force_configure=False, ament_cmake_args=None, catkin_cmake_args=None, catkin_skip_building_tests=False, mixin_files=None, mixin=None, verb_parser=<colcon_mixin.mixin.mixin_argument.MixinArgumentDecorator object at 0x72048b159000>, verb_extension=<colcon_core.verb.build.BuildVerb object at 0x72048b291750>, main=<bound method BuildVerb.main of <colcon_core.verb.build.BuildVerb object at 0x72048b291750>>, mixin_verb=('build',))
[0.243s] Level 1:colcon.colcon_core.package_discovery:discover_packages(colcon_meta) check parameters
[0.244s] INFO:colcon.colcon_metadata.package_discovery.colcon_meta:Using configuration from '/root/.colcon/metadata/default/Gazebo.meta'
[0.245s] INFO:colcon.colcon_metadata.package_discovery.colcon_meta:Using configuration from '/root/.colcon/metadata/default/fastrtps.meta'
[0.245s] Level 1:colcon.colcon_core.package_discovery:discover_packages(recursive) check parameters
[0.245s] Level 1:colcon.colcon_core.package_discovery:discover_packages(ignore) check parameters
[0.245s] Level 1:colcon.colcon_core.package_discovery:discover_packages(path) check parameters
[0.245s] Level 1:colcon.colcon_core.package_discovery:discover_packages(colcon_meta) discover
[0.245s] Level 1:colcon.colcon_core.package_discovery:discover_packages(recursive) discover
[0.245s] INFO:colcon.colcon_core.package_discovery:Crawling recursively for packages in '/home/humble_ws'
[0.245s] Level 1:colcon.colcon_core.package_identification:_identify(.) by extensions ['ignore', 'ignore_ament_install']
[0.245s] Level 1:colcon.colcon_core.package_identification:_identify(.) by extension 'ignore'
[0.245s] Level 1:colcon.colcon_core.package_identification:_identify(.) by extension 'ignore_ament_install'
[0.245s] Level 1:colcon.colcon_core.package_identification:_identify(.) by extensions ['colcon_pkg']
[0.245s] Level 1:colcon.colcon_core.package_identification:_identify(.) by extension 'colcon_pkg'
[0.245s] Level 1:colcon.colcon_core.package_identification:_identify(.) by extensions ['colcon_meta']
[0.246s] Level 1:colcon.colcon_core.package_identification:_identify(.) by extension 'colcon_meta'
[0.246s] Level 1:colcon.colcon_core.package_identification:_identify(.) by extensions ['ros']
[0.246s] Level 1:colcon.colcon_core.package_identification:_identify(.) by extension 'ros'
[0.256s] Level 1:colcon.colcon_core.package_identification:_identify(.) by extensions ['cmake', 'python']
[0.256s] Level 1:colcon.colcon_core.package_identification:_identify(.) by extension 'cmake'
[0.256s] Level 1:colcon.colcon_core.package_identification:_identify(.) by extension 'python'
[0.256s] Level 1:colcon.colcon_core.package_identification:_identify(.) by extensions ['python_setup_py']
[0.256s] Level 1:colcon.colcon_core.package_identification:_identify(.) by extension 'python_setup_py'
[0.256s] Level 1:colcon.colcon_core.package_identification:_identify(build) by extensions ['ignore', 'ignore_ament_install']
[0.256s] Level 1:colcon.colcon_core.package_identification:_identify(build) by extension 'ignore'
[0.256s] Level 1:colcon.colcon_core.package_identification:_identify(build) ignored
[0.256s] Level 1:colcon.colcon_core.package_identification:_identify(install) by extensions ['ignore', 'ignore_ament_install']
[0.256s] Level 1:colcon.colcon_core.package_identification:_identify(install) by extension 'ignore'
[0.256s] Level 1:colcon.colcon_core.package_identification:_identify(install) ignored
[0.257s] Level 1:colcon.colcon_core.package_identification:_identify(log) by extensions ['ignore', 'ignore_ament_install']
[0.257s] Level 1:colcon.colcon_core.package_identification:_identify(log) by extension 'ignore'
[0.257s] Level 1:colcon.colcon_core.package_identification:_identify(log) ignored
[0.257s] Level 1:colcon.colcon_core.package_identification:_identify(src) by extensions ['ignore', 'ignore_ament_install']
[0.257s] Level 1:colcon.colcon_core.package_identification:_identify(src) by extension 'ignore'
[0.257s] Level 1:colcon.colcon_core.package_identification:_identify(src) by extension 'ignore_ament_install'
[0.257s] Level 1:colcon.colcon_core.package_identification:_identify(src) by extensions ['colcon_pkg']
[0.257s] Level 1:colcon.colcon_core.package_identification:_identify(src) by extension 'colcon_pkg'
[0.257s] Level 1:colcon.colcon_core.package_identification:_identify(src) by extensions ['colcon_meta']
[0.257s] Level 1:colcon.colcon_core.package_identification:_identify(src) by extension 'colcon_meta'
[0.257s] Level 1:colcon.colcon_core.package_identification:_identify(src) by extensions ['ros']
[0.257s] Level 1:colcon.colcon_core.package_identification:_identify(src) by extension 'ros'
[0.257s] Level 1:colcon.colcon_core.package_identification:_identify(src) by extensions ['cmake', 'python']
[0.257s] Level 1:colcon.colcon_core.package_identification:_identify(src) by extension 'cmake'
[0.257s] Level 1:colcon.colcon_core.package_identification:_identify(src) by extension 'python'
[0.257s] Level 1:colcon.colcon_core.package_identification:_identify(src) by extensions ['python_setup_py']
[0.257s] Level 1:colcon.colcon_core.package_identification:_identify(src) by extension 'python_setup_py'
[0.257s] Level 1:colcon.colcon_core.package_identification:_identify(src/antworker_description) by extensions ['ignore', 'ignore_ament_install']
[0.258s] Level 1:colcon.colcon_core.package_identification:_identify(src/antworker_description) by extension 'ignore'
[0.258s] Level 1:colcon.colcon_core.package_identification:_identify(src/antworker_description) by extension 'ignore_ament_install'
[0.258s] Level 1:colcon.colcon_core.package_identification:_identify(src/antworker_description) by extensions ['colcon_pkg']
[0.258s] Level 1:colcon.colcon_core.package_identification:_identify(src/antworker_description) by extension 'colcon_pkg'
[0.258s] Level 1:colcon.colcon_core.package_identification:_identify(src/antworker_description) by extensions ['colcon_meta']
[0.258s] Level 1:colcon.colcon_core.package_identification:_identify(src/antworker_description) by extension 'colcon_meta'
[0.258s] Level 1:colcon.colcon_core.package_identification:_identify(src/antworker_description) by extensions ['ros']
[0.258s] Level 1:colcon.colcon_core.package_identification:_identify(src/antworker_description) by extension 'ros'
[0.260s] DEBUG:colcon.colcon_core.package_identification:Package 'src/antworker_description' with type 'ros.ament_python' and name 'antworker_description'
[0.260s] Level 1:colcon.colcon_core.package_identification:_identify(src/antworker_isaacsim_world) by extensions ['ignore', 'ignore_ament_install']
[0.260s] Level 1:colcon.colcon_core.package_identification:_identify(src/antworker_isaacsim_world) by extension 'ignore'
[0.260s] Level 1:colcon.colcon_core.package_identification:_identify(src/antworker_isaacsim_world) by extension 'ignore_ament_install'
[0.260s] Level 1:colcon.colcon_core.package_identification:_identify(src/antworker_isaacsim_world) by extensions ['colcon_pkg']
[0.260s] Level 1:colcon.colcon_core.package_identification:_identify(src/antworker_isaacsim_world) by extension 'colcon_pkg'
[0.260s] Level 1:colcon.colcon_core.package_identification:_identify(src/antworker_isaacsim_world) by extensions ['colcon_meta']
[0.260s] Level 1:colcon.colcon_core.package_identification:_identify(src/antworker_isaacsim_world) by extension 'colcon_meta'
[0.260s] Level 1:colcon.colcon_core.package_identification:_identify(src/antworker_isaacsim_world) by extensions ['ros']
[0.260s] Level 1:colcon.colcon_core.package_identification:_identify(src/antworker_isaacsim_world) by extension 'ros'
[0.261s] DEBUG:colcon.colcon_core.package_identification:Package 'src/antworker_isaacsim_world' with type 'ros.ament_python' and name 'antworker_isaacsim_world'
[0.261s] Level 1:colcon.colcon_core.package_identification:_identify(src/antworker_moveit_bringup) by extensions ['ignore', 'ignore_ament_install']
[0.261s] Level 1:colcon.colcon_core.package_identification:_identify(src/antworker_moveit_bringup) by extension 'ignore'
[0.261s] Level 1:colcon.colcon_core.package_identification:_identify(src/antworker_moveit_bringup) by extension 'ignore_ament_install'
[0.261s] Level 1:colcon.colcon_core.package_identification:_identify(src/antworker_moveit_bringup) by extensions ['colcon_pkg']
[0.261s] Level 1:colcon.colcon_core.package_identification:_identify(src/antworker_moveit_bringup) by extension 'colcon_pkg'
[0.261s] Level 1:colcon.colcon_core.package_identification:_identify(src/antworker_moveit_bringup) by extensions ['colcon_meta']
[0.261s] Level 1:colcon.colcon_core.package_identification:_identify(src/antworker_moveit_bringup) by extension 'colcon_meta'
[0.261s] Level 1:colcon.colcon_core.package_identification:_identify(src/antworker_moveit_bringup) by extensions ['ros']
[0.261s] Level 1:colcon.colcon_core.package_identification:_identify(src/antworker_moveit_bringup) by extension 'ros'
[0.261s] DEBUG:colcon.colcon_core.package_identification:Package 'src/antworker_moveit_bringup' with type 'ros.ament_python' and name 'antworker_moveit_bringup'
[0.262s] Level 1:colcon.colcon_core.package_identification:_identify(src/antworker_moveit_description) by extensions ['ignore', 'ignore_ament_install']
[0.262s] Level 1:colcon.colcon_core.package_identification:_identify(src/antworker_moveit_description) by extension 'ignore'
[0.262s] Level 1:colcon.colcon_core.package_identification:_identify(src/antworker_moveit_description) by extension 'ignore_ament_install'
[0.262s] Level 1:colcon.colcon_core.package_identification:_identify(src/antworker_moveit_description) by extensions ['colcon_pkg']
[0.262s] Level 1:colcon.colcon_core.package_identification:_identify(src/antworker_moveit_description) by extension 'colcon_pkg'
[0.262s] Level 1:colcon.colcon_core.package_identification:_identify(src/antworker_moveit_description) by extensions ['colcon_meta']
[0.262s] Level 1:colcon.colcon_core.package_identification:_identify(src/antworker_moveit_description) by extension 'colcon_meta'
[0.262s] Level 1:colcon.colcon_core.package_identification:_identify(src/antworker_moveit_description) by extensions ['ros']
[0.262s] Level 1:colcon.colcon_core.package_identification:_identify(src/antworker_moveit_description) by extension 'ros'
[0.262s] DEBUG:colcon.colcon_core.package_identification:Package 'src/antworker_moveit_description' with type 'ros.ament_cmake' and name 'antworker_moveit_description'
[0.263s] Level 1:colcon.colcon_core.package_identification:_identify(src/antworker_navigation) by extensions ['ignore', 'ignore_ament_install']
[0.263s] Level 1:colcon.colcon_core.package_identification:_identify(src/antworker_navigation) by extension 'ignore'
[0.263s] Level 1:colcon.colcon_core.package_identification:_identify(src/antworker_navigation) by extension 'ignore_ament_install'
[0.263s] Level 1:colcon.colcon_core.package_identification:_identify(src/antworker_navigation) by extensions ['colcon_pkg']
[0.263s] Level 1:colcon.colcon_core.package_identification:_identify(src/antworker_navigation) by extension 'colcon_pkg'
[0.263s] Level 1:colcon.colcon_core.package_identification:_identify(src/antworker_navigation) by extensions ['colcon_meta']
[0.263s] Level 1:colcon.colcon_core.package_identification:_identify(src/antworker_navigation) by extension 'colcon_meta'
[0.263s] Level 1:colcon.colcon_core.package_identification:_identify(src/antworker_navigation) by extensions ['ros']
[0.263s] Level 1:colcon.colcon_core.package_identification:_identify(src/antworker_navigation) by extension 'ros'
[0.263s] DEBUG:colcon.colcon_core.package_identification:Package 'src/antworker_navigation' with type 'ros.ament_python' and name 'antworker_navigation'
[0.263s] Level 1:colcon.colcon_core.package_discovery:discover_packages(recursive) using defaults
[0.263s] Level 1:colcon.colcon_core.package_discovery:discover_packages(ignore) discover
[0.263s] Level 1:colcon.colcon_core.package_discovery:discover_packages(ignore) using defaults
[0.263s] Level 1:colcon.colcon_core.package_discovery:discover_packages(path) discover
[0.263s] Level 1:colcon.colcon_core.package_discovery:discover_packages(path) using defaults
[0.281s] Level 5:colcon.colcon_core.verb:set package 'antworker_description' build argument 'cmake_args' from command line to 'None'
[0.281s] Level 5:colcon.colcon_core.verb:set package 'antworker_description' build argument 'cmake_target' from command line to 'None'
[0.281s] Level 5:colcon.colcon_core.verb:set package 'antworker_description' build argument 'cmake_target_skip_unavailable' from command line to 'False'
[0.281s] Level 5:colcon.colcon_core.verb:set package 'antworker_description' build argument 'cmake_clean_cache' from command line to 'False'
[0.281s] Level 5:colcon.colcon_core.verb:set package 'antworker_description' build argument 'cmake_clean_first' from command line to 'False'
[0.281s] Level 5:colcon.colcon_core.verb:set package 'antworker_description' build argument 'cmake_force_configure' from command line to 'False'
[0.281s] Level 5:colcon.colcon_core.verb:set package 'antworker_description' build argument 'ament_cmake_args' from command line to 'None'
[0.281s] Level 5:colcon.colcon_core.verb:set package 'antworker_description' build argument 'catkin_cmake_args' from command line to 'None'
[0.281s] Level 5:colcon.colcon_core.verb:set package 'antworker_description' build argument 'catkin_skip_building_tests' from command line to 'False'
[0.281s] DEBUG:colcon.colcon_core.verb:Building package 'antworker_description' with the following arguments: {'ament_cmake_args': None, 'build_base': '/home/humble_ws/build/antworker_description', 'catkin_cmake_args': None, 'catkin_skip_building_tests': False, 'cmake_args': None, 'cmake_clean_cache': False, 'cmake_clean_first': False, 'cmake_force_configure': False, 'cmake_target': None, 'cmake_target_skip_unavailable': False, 'install_base': '/home/humble_ws/install/antworker_description', 'merge_install': False, 'path': '/home/humble_ws/src/antworker_description', 'symlink_install': False, 'test_result_base': None}
[0.281s] Level 5:colcon.colcon_core.verb:set package 'antworker_isaacsim_world' build argument 'cmake_args' from command line to 'None'
[0.281s] Level 5:colcon.colcon_core.verb:set package 'antworker_isaacsim_world' build argument 'cmake_target' from command line to 'None'
[0.281s] Level 5:colcon.colcon_core.verb:set package 'antworker_isaacsim_world' build argument 'cmake_target_skip_unavailable' from command line to 'False'
[0.281s] Level 5:colcon.colcon_core.verb:set package 'antworker_isaacsim_world' build argument 'cmake_clean_cache' from command line to 'False'
[0.281s] Level 5:colcon.colcon_core.verb:set package 'antworker_isaacsim_world' build argument 'cmake_clean_first' from command line to 'False'
[0.281s] Level 5:colcon.colcon_core.verb:set package 'antworker_isaacsim_world' build argument 'cmake_force_configure' from command line to 'False'
[0.281s] Level 5:colcon.colcon_core.verb:set package 'antworker_isaacsim_world' build argument 'ament_cmake_args' from command line to 'None'
[0.281s] Level 5:colcon.colcon_core.verb:set package 'antworker_isaacsim_world' build argument 'catkin_cmake_args' from command line to 'None'
[0.281s] Level 5:colcon.colcon_core.verb:set package 'antworker_isaacsim_world' build argument 'catkin_skip_building_tests' from command line to 'False'
[0.281s] DEBUG:colcon.colcon_core.verb:Building package 'antworker_isaacsim_world' with the following arguments: {'ament_cmake_args': None, 'build_base': '/home/humble_ws/build/antworker_isaacsim_world', 'catkin_cmake_args': None, 'catkin_skip_building_tests': False, 'cmake_args': None, 'cmake_clean_cache': False, 'cmake_clean_first': False, 'cmake_force_configure': False, 'cmake_target': None, 'cmake_target_skip_unavailable': False, 'install_base': '/home/humble_ws/install/antworker_isaacsim_world', 'merge_install': False, 'path': '/home/humble_ws/src/antworker_isaacsim_world', 'symlink_install': False, 'test_result_base': None}
[0.282s] Level 5:colcon.colcon_core.verb:set package 'antworker_moveit_bringup' build argument 'cmake_args' from command line to 'None'
[0.282s] Level 5:colcon.colcon_core.verb:set package 'antworker_moveit_bringup' build argument 'cmake_target' from command line to 'None'
[0.282s] Level 5:colcon.colcon_core.verb:set package 'antworker_moveit_bringup' build argument 'cmake_target_skip_unavailable' from command line to 'False'
[0.282s] Level 5:colcon.colcon_core.verb:set package 'antworker_moveit_bringup' build argument 'cmake_clean_cache' from command line to 'False'
[0.282s] Level 5:colcon.colcon_core.verb:set package 'antworker_moveit_bringup' build argument 'cmake_clean_first' from command line to 'False'
[0.282s] Level 5:colcon.colcon_core.verb:set package 'antworker_moveit_bringup' build argument 'cmake_force_configure' from command line to 'False'
[0.282s] Level 5:colcon.colcon_core.verb:set package 'antworker_moveit_bringup' build argument 'ament_cmake_args' from command line to 'None'
[0.282s] Level 5:colcon.colcon_core.verb:set package 'antworker_moveit_bringup' build argument 'catkin_cmake_args' from command line to 'None'
[0.282s] Level 5:colcon.colcon_core.verb:set package 'antworker_moveit_bringup' build argument 'catkin_skip_building_tests' from command line to 'False'
[0.282s] DEBUG:colcon.colcon_core.verb:Building package 'antworker_moveit_bringup' with the following arguments: {'ament_cmake_args': None, 'build_base': '/home/humble_ws/build/antworker_moveit_bringup', 'catkin_cmake_args': None, 'catkin_skip_building_tests': False, 'cmake_args': None, 'cmake_clean_cache': False, 'cmake_clean_first': False, 'cmake_force_configure': False, 'cmake_target': None, 'cmake_target_skip_unavailable': False, 'install_base': '/home/humble_ws/install/antworker_moveit_bringup', 'merge_install': False, 'path': '/home/humble_ws/src/antworker_moveit_bringup', 'symlink_install': False, 'test_result_base': None}
[0.282s] Level 5:colcon.colcon_core.verb:set package 'antworker_navigation' build argument 'cmake_args' from command line to 'None'
[0.282s] Level 5:colcon.colcon_core.verb:set package 'antworker_navigation' build argument 'cmake_target' from command line to 'None'
[0.282s] Level 5:colcon.colcon_core.verb:set package 'antworker_navigation' build argument 'cmake_target_skip_unavailable' from command line to 'False'
[0.282s] Level 5:colcon.colcon_core.verb:set package 'antworker_navigation' build argument 'cmake_clean_cache' from command line to 'False'
[0.282s] Level 5:colcon.colcon_core.verb:set package 'antworker_navigation' build argument 'cmake_clean_first' from command line to 'False'
[0.282s] Level 5:colcon.colcon_core.verb:set package 'antworker_navigation' build argument 'cmake_force_configure' from command line to 'False'
[0.282s] Level 5:colcon.colcon_core.verb:set package 'antworker_navigation' build argument 'ament_cmake_args' from command line to 'None'
[0.282s] Level 5:colcon.colcon_core.verb:set package 'antworker_navigation' build argument 'catkin_cmake_args' from command line to 'None'
[0.282s] Level 5:colcon.colcon_core.verb:set package 'antworker_navigation' build argument 'catkin_skip_building_tests' from command line to 'False'
[0.283s] DEBUG:colcon.colcon_core.verb:Building package 'antworker_navigation' with the following arguments: {'ament_cmake_args': None, 'build_base': '/home/humble_ws/build/antworker_navigation', 'catkin_cmake_args': None, 'catkin_skip_building_tests': False, 'cmake_args': None, 'cmake_clean_cache': False, 'cmake_clean_first': False, 'cmake_force_configure': False, 'cmake_target': None, 'cmake_target_skip_unavailable': False, 'install_base': '/home/humble_ws/install/antworker_navigation', 'merge_install': False, 'path': '/home/humble_ws/src/antworker_navigation', 'symlink_install': False, 'test_result_base': None}
[0.283s] Level 5:colcon.colcon_core.verb:set package 'antworker_moveit_description' build argument 'cmake_args' from command line to 'None'
[0.283s] Level 5:colcon.colcon_core.verb:set package 'antworker_moveit_description' build argument 'cmake_target' from command line to 'None'
[0.283s] Level 5:colcon.colcon_core.verb:set package 'antworker_moveit_description' build argument 'cmake_target_skip_unavailable' from command line to 'False'
[0.283s] Level 5:colcon.colcon_core.verb:set package 'antworker_moveit_description' build argument 'cmake_clean_cache' from command line to 'False'
[0.283s] Level 5:colcon.colcon_core.verb:set package 'antworker_moveit_description' build argument 'cmake_clean_first' from command line to 'False'
[0.283s] Level 5:colcon.colcon_core.verb:set package 'antworker_moveit_description' build argument 'cmake_force_configure' from command line to 'False'
[0.283s] Level 5:colcon.colcon_core.verb:set package 'antworker_moveit_description' build argument 'ament_cmake_args' from command line to 'None'
[0.283s] Level 5:colcon.colcon_core.verb:set package 'antworker_moveit_description' build argument 'catkin_cmake_args' from command line to 'None'
[0.283s] Level 5:colcon.colcon_core.verb:set package 'antworker_moveit_description' build argument 'catkin_skip_building_tests' from command line to 'False'
[0.283s] DEBUG:colcon.colcon_core.verb:Building package 'antworker_moveit_description' with the following arguments: {'ament_cmake_args': None, 'build_base': '/home/humble_ws/build/antworker_moveit_description', 'catkin_cmake_args': None, 'catkin_skip_building_tests': False, 'cmake_args': None, 'cmake_clean_cache': False, 'cmake_clean_first': False, 'cmake_force_configure': False, 'cmake_target': None, 'cmake_target_skip_unavailable': False, 'install_base': '/home/humble_ws/install/antworker_moveit_description', 'merge_install': False, 'path': '/home/humble_ws/src/antworker_moveit_description', 'symlink_install': False, 'test_result_base': None}
[0.283s] INFO:colcon.colcon_core.executor:Executing jobs using 'parallel' executor
[0.284s] DEBUG:colcon.colcon_parallel_executor.executor.parallel:run_until_complete
[0.284s] INFO:colcon.colcon_ros.task.ament_python.build:Building ROS package in '/home/humble_ws/src/antworker_description' with build type 'ament_python'
[0.285s] Level 1:colcon.colcon_core.shell:create_environment_hook('antworker_description', 'ament_prefix_path')
[0.287s] INFO:colcon.colcon_core.plugin_system:Skipping extension 'colcon_core.shell.bat': Not used on non-Windows systems
[0.287s] INFO:colcon.colcon_core.shell:Creating environment hook '/home/humble_ws/install/antworker_description/share/antworker_description/hook/ament_prefix_path.ps1'
[0.288s] INFO:colcon.colcon_core.shell:Creating environment descriptor '/home/humble_ws/install/antworker_description/share/antworker_description/hook/ament_prefix_path.dsv'
[0.288s] INFO:colcon.colcon_core.shell:Creating environment hook '/home/humble_ws/install/antworker_description/share/antworker_description/hook/ament_prefix_path.sh'
[0.289s] INFO:colcon.colcon_core.shell:Skip shell extension 'powershell' for command environment: Not usable outside of PowerShell
[0.289s] DEBUG:colcon.colcon_core.shell:Skip shell extension 'dsv' for command environment
[0.299s] INFO:colcon.colcon_ros.task.ament_python.build:Building ROS package in '/home/humble_ws/src/antworker_isaacsim_world' with build type 'ament_python'
[0.299s] Level 1:colcon.colcon_core.shell:create_environment_hook('antworker_isaacsim_world', 'ament_prefix_path')
[0.300s] INFO:colcon.colcon_core.shell:Creating environment hook '/home/humble_ws/install/antworker_isaacsim_world/share/antworker_isaacsim_world/hook/ament_prefix_path.ps1'
[0.300s] INFO:colcon.colcon_core.shell:Creating environment descriptor '/home/humble_ws/install/antworker_isaacsim_world/share/antworker_isaacsim_world/hook/ament_prefix_path.dsv'
[0.300s] INFO:colcon.colcon_core.shell:Creating environment hook '/home/humble_ws/install/antworker_isaacsim_world/share/antworker_isaacsim_world/hook/ament_prefix_path.sh'
[0.301s] INFO:colcon.colcon_core.shell:Skip shell extension 'powershell' for command environment: Not usable outside of PowerShell
[0.301s] DEBUG:colcon.colcon_core.shell:Skip shell extension 'dsv' for command environment
[0.310s] INFO:colcon.colcon_ros.task.ament_python.build:Building ROS package in '/home/humble_ws/src/antworker_moveit_bringup' with build type 'ament_python'
[0.310s] Level 1:colcon.colcon_core.shell:create_environment_hook('antworker_moveit_bringup', 'ament_prefix_path')
[0.310s] INFO:colcon.colcon_core.shell:Creating environment hook '/home/humble_ws/install/antworker_moveit_bringup/share/antworker_moveit_bringup/hook/ament_prefix_path.ps1'
[0.311s] INFO:colcon.colcon_core.shell:Creating environment descriptor '/home/humble_ws/install/antworker_moveit_bringup/share/antworker_moveit_bringup/hook/ament_prefix_path.dsv'
[0.311s] INFO:colcon.colcon_core.shell:Creating environment hook '/home/humble_ws/install/antworker_moveit_bringup/share/antworker_moveit_bringup/hook/ament_prefix_path.sh'
[0.311s] INFO:colcon.colcon_core.shell:Skip shell extension 'powershell' for command environment: Not usable outside of PowerShell
[0.312s] DEBUG:colcon.colcon_core.shell:Skip shell extension 'dsv' for command environment
[0.320s] INFO:colcon.colcon_ros.task.ament_python.build:Building ROS package in '/home/humble_ws/src/antworker_navigation' with build type 'ament_python'
[0.320s] Level 1:colcon.colcon_core.shell:create_environment_hook('antworker_navigation', 'ament_prefix_path')
[0.320s] INFO:colcon.colcon_core.shell:Creating environment hook '/home/humble_ws/install/antworker_navigation/share/antworker_navigation/hook/ament_prefix_path.ps1'
[0.321s] INFO:colcon.colcon_core.shell:Creating environment descriptor '/home/humble_ws/install/antworker_navigation/share/antworker_navigation/hook/ament_prefix_path.dsv'
[0.321s] INFO:colcon.colcon_core.shell:Creating environment hook '/home/humble_ws/install/antworker_navigation/share/antworker_navigation/hook/ament_prefix_path.sh'
[0.321s] INFO:colcon.colcon_core.shell:Skip shell extension 'powershell' for command environment: Not usable outside of PowerShell
[0.321s] DEBUG:colcon.colcon_core.shell:Skip shell extension 'dsv' for command environment
[0.555s] INFO:colcon.colcon_core.task.python.build:Building Python package in '/home/humble_ws/src/antworker_description'
[0.555s] INFO:colcon.colcon_core.shell:Skip shell extension 'powershell' for command environment: Not usable outside of PowerShell
[0.555s] DEBUG:colcon.colcon_core.shell:Skip shell extension 'dsv' for command environment
[0.787s] INFO:colcon.colcon_core.task.python.build:Building Python package in '/home/humble_ws/src/antworker_isaacsim_world'
[0.788s] INFO:colcon.colcon_core.shell:Skip shell extension 'powershell' for command environment: Not usable outside of PowerShell
[0.788s] DEBUG:colcon.colcon_core.shell:Skip shell extension 'dsv' for command environment
[1.022s] INFO:colcon.colcon_core.task.python.build:Building Python package in '/home/humble_ws/src/antworker_moveit_bringup'
[1.022s] INFO:colcon.colcon_core.shell:Skip shell extension 'powershell' for command environment: Not usable outside of PowerShell
[1.022s] DEBUG:colcon.colcon_core.shell:Skip shell extension 'dsv' for command environment
[1.255s] INFO:colcon.colcon_core.task.python.build:Building Python package in '/home/humble_ws/src/antworker_navigation'
[1.255s] INFO:colcon.colcon_core.shell:Skip shell extension 'powershell' for command environment: Not usable outside of PowerShell
[1.255s] DEBUG:colcon.colcon_core.shell:Skip shell extension 'dsv' for command environment
[1.626s] DEBUG:colcon.colcon_core.event_handler.log_command:Invoking command in '/home/humble_ws/src/antworker_moveit_bringup': PYTHONPATH=/home/humble_ws/build/antworker_moveit_bringup/prefix_override:/home/humble_ws/install/antworker_moveit_bringup/lib/python3.10/site-packages:${PYTHONPATH} /usr/bin/python3 -W ignore:setup.py install is deprecated setup.py egg_info --egg-base ../../build/antworker_moveit_bringup build --build-base /home/humble_ws/build/antworker_moveit_bringup/build install --record /home/humble_ws/build/antworker_moveit_bringup/install.log --single-version-externally-managed install_data
[1.646s] DEBUG:colcon.colcon_core.event_handler.log_command:Invoking command in '/home/humble_ws/src/antworker_isaacsim_world': PYTHONPATH=/home/humble_ws/build/antworker_isaacsim_world/prefix_override:/home/humble_ws/install/antworker_isaacsim_world/lib/python3.10/site-packages:${PYTHONPATH} /usr/bin/python3 -W ignore:setup.py install is deprecated setup.py egg_info --egg-base ../../build/antworker_isaacsim_world build --build-base /home/humble_ws/build/antworker_isaacsim_world/build install --record /home/humble_ws/build/antworker_isaacsim_world/install.log --single-version-externally-managed install_data
[1.647s] DEBUG:colcon.colcon_core.event_handler.log_command:Invoking command in '/home/humble_ws/src/antworker_description': PYTHONPATH=/home/humble_ws/build/antworker_description/prefix_override:/home/humble_ws/install/antworker_description/lib/python3.10/site-packages:${PYTHONPATH} /usr/bin/python3 -W ignore:setup.py install is deprecated setup.py egg_info --egg-base ../../build/antworker_description build --build-base /home/humble_ws/build/antworker_description/build install --record /home/humble_ws/build/antworker_description/install.log --single-version-externally-managed install_data
[1.660s] DEBUG:colcon.colcon_core.event_handler.log_command:Invoking command in '/home/humble_ws/src/antworker_navigation': PYTHONPATH=/home/humble_ws/build/antworker_navigation/prefix_override:/home/humble_ws/install/antworker_navigation/lib/python3.10/site-packages:${PYTHONPATH} /usr/bin/python3 -W ignore:setup.py install is deprecated setup.py egg_info --egg-base ../../build/antworker_navigation build --build-base /home/humble_ws/build/antworker_navigation/build install --record /home/humble_ws/build/antworker_navigation/install.log --single-version-externally-managed install_data
[1.924s] DEBUG:colcon.colcon_core.event_handler.log_command:Invoked command in '/home/humble_ws/src/antworker_moveit_bringup' returned '0': PYTHONPATH=/home/humble_ws/build/antworker_moveit_bringup/prefix_override:/home/humble_ws/install/antworker_moveit_bringup/lib/python3.10/site-packages:${PYTHONPATH} /usr/bin/python3 -W ignore:setup.py install is deprecated setup.py egg_info --egg-base ../../build/antworker_moveit_bringup build --build-base /home/humble_ws/build/antworker_moveit_bringup/build install --record /home/humble_ws/build/antworker_moveit_bringup/install.log --single-version-externally-managed install_data
[1.927s] Level 1:colcon.colcon_core.environment:checking '/home/humble_ws/install/antworker_moveit_bringup' for CMake module files
[1.928s] Level 1:colcon.colcon_core.environment:checking '/home/humble_ws/install/antworker_moveit_bringup' for CMake config files
[1.929s] Level 1:colcon.colcon_core.environment:checking '/home/humble_ws/install/antworker_moveit_bringup/lib'
[1.929s] Level 1:colcon.colcon_core.environment:checking '/home/humble_ws/install/antworker_moveit_bringup/bin'
[1.929s] Level 1:colcon.colcon_core.environment:checking '/home/humble_ws/install/antworker_moveit_bringup/lib/pkgconfig/antworker_moveit_bringup.pc'
[1.930s] Level 1:colcon.colcon_core.environment:checking '/home/humble_ws/install/antworker_moveit_bringup/lib/python3.10/site-packages'
[1.930s] Level 1:colcon.colcon_core.shell:create_environment_hook('antworker_moveit_bringup', 'pythonpath')
[1.930s] INFO:colcon.colcon_core.shell:Creating environment hook '/home/humble_ws/install/antworker_moveit_bringup/share/antworker_moveit_bringup/hook/pythonpath.ps1'
[1.931s] INFO:colcon.colcon_core.shell:Creating environment descriptor '/home/humble_ws/install/antworker_moveit_bringup/share/antworker_moveit_bringup/hook/pythonpath.dsv'
[1.931s] INFO:colcon.colcon_core.shell:Creating environment hook '/home/humble_ws/install/antworker_moveit_bringup/share/antworker_moveit_bringup/hook/pythonpath.sh'
[1.932s] Level 1:colcon.colcon_core.environment:checking '/home/humble_ws/install/antworker_moveit_bringup/bin'
[1.932s] Level 1:colcon.colcon_core.environment:create_environment_scripts_only(antworker_moveit_bringup)
[1.932s] INFO:colcon.colcon_core.shell:Creating package script '/home/humble_ws/install/antworker_moveit_bringup/share/antworker_moveit_bringup/package.ps1'
[1.933s] INFO:colcon.colcon_core.shell:Creating package descriptor '/home/humble_ws/install/antworker_moveit_bringup/share/antworker_moveit_bringup/package.dsv'
[1.934s] INFO:colcon.colcon_core.shell:Creating package script '/home/humble_ws/install/antworker_moveit_bringup/share/antworker_moveit_bringup/package.sh'
[1.935s] INFO:colcon.colcon_core.shell:Creating package script '/home/humble_ws/install/antworker_moveit_bringup/share/antworker_moveit_bringup/package.bash'
[1.936s] INFO:colcon.colcon_core.shell:Creating package script '/home/humble_ws/install/antworker_moveit_bringup/share/antworker_moveit_bringup/package.zsh'
[1.937s] Level 1:colcon.colcon_core.environment:create_file_with_runtime_dependencies(/home/humble_ws/install/antworker_moveit_bringup/share/colcon-core/packages/antworker_moveit_bringup)
[1.938s] Level 1:colcon.colcon_core.environment:checking '/home/humble_ws/install/antworker_isaacsim_world' for CMake module files
[1.939s] DEBUG:colcon.colcon_core.event_handler.log_command:Invoked command in '/home/humble_ws/src/antworker_isaacsim_world' returned '0': PYTHONPATH=/home/humble_ws/build/antworker_isaacsim_world/prefix_override:/home/humble_ws/install/antworker_isaacsim_world/lib/python3.10/site-packages:${PYTHONPATH} /usr/bin/python3 -W ignore:setup.py install is deprecated setup.py egg_info --egg-base ../../build/antworker_isaacsim_world build --build-base /home/humble_ws/build/antworker_isaacsim_world/build install --record /home/humble_ws/build/antworker_isaacsim_world/install.log --single-version-externally-managed install_data
[1.939s] Level 1:colcon.colcon_core.environment:checking '/home/humble_ws/install/antworker_isaacsim_world' for CMake config files
[1.940s] Level 1:colcon.colcon_core.environment:checking '/home/humble_ws/install/antworker_isaacsim_world/lib'
[1.940s] Level 1:colcon.colcon_core.environment:checking '/home/humble_ws/install/antworker_isaacsim_world/bin'
[1.940s] Level 1:colcon.colcon_core.environment:checking '/home/humble_ws/install/antworker_isaacsim_world/lib/pkgconfig/antworker_isaacsim_world.pc'
[1.940s] Level 1:colcon.colcon_core.environment:checking '/home/humble_ws/install/antworker_isaacsim_world/lib/python3.10/site-packages'
[1.940s] Level 1:colcon.colcon_core.shell:create_environment_hook('antworker_isaacsim_world', 'pythonpath')
[1.940s] INFO:colcon.colcon_core.shell:Creating environment hook '/home/humble_ws/install/antworker_isaacsim_world/share/antworker_isaacsim_world/hook/pythonpath.ps1'
[1.941s] INFO:colcon.colcon_core.shell:Creating environment descriptor '/home/humble_ws/install/antworker_isaacsim_world/share/antworker_isaacsim_world/hook/pythonpath.dsv'
[1.941s] INFO:colcon.colcon_core.shell:Creating environment hook '/home/humble_ws/install/antworker_isaacsim_world/share/antworker_isaacsim_world/hook/pythonpath.sh'
[1.942s] Level 1:colcon.colcon_core.environment:checking '/home/humble_ws/install/antworker_isaacsim_world/bin'
[1.942s] Level 1:colcon.colcon_core.environment:create_environment_scripts_only(antworker_isaacsim_world)
[1.942s] INFO:colcon.colcon_core.shell:Creating package script '/home/humble_ws/install/antworker_isaacsim_world/share/antworker_isaacsim_world/package.ps1'
[1.943s] INFO:colcon.colcon_core.shell:Creating package descriptor '/home/humble_ws/install/antworker_isaacsim_world/share/antworker_isaacsim_world/package.dsv'
[1.943s] INFO:colcon.colcon_core.shell:Creating package script '/home/humble_ws/install/antworker_isaacsim_world/share/antworker_isaacsim_world/package.sh'
[1.944s] INFO:colcon.colcon_core.shell:Creating package script '/home/humble_ws/install/antworker_isaacsim_world/share/antworker_isaacsim_world/package.bash'
[1.944s] INFO:colcon.colcon_core.shell:Creating package script '/home/humble_ws/install/antworker_isaacsim_world/share/antworker_isaacsim_world/package.zsh'
[1.945s] Level 1:colcon.colcon_core.environment:create_file_with_runtime_dependencies(/home/humble_ws/install/antworker_isaacsim_world/share/colcon-core/packages/antworker_isaacsim_world)
[1.954s] Level 1:colcon.colcon_core.environment:checking '/home/humble_ws/install/antworker_description' for CMake module files
[1.954s] DEBUG:colcon.colcon_core.event_handler.log_command:Invoked command in '/home/humble_ws/src/antworker_description' returned '0': PYTHONPATH=/home/humble_ws/build/antworker_description/prefix_override:/home/humble_ws/install/antworker_description/lib/python3.10/site-packages:${PYTHONPATH} /usr/bin/python3 -W ignore:setup.py install is deprecated setup.py egg_info --egg-base ../../build/antworker_description build --build-base /home/humble_ws/build/antworker_description/build install --record /home/humble_ws/build/antworker_description/install.log --single-version-externally-managed install_data
[1.955s] Level 1:colcon.colcon_core.environment:checking '/home/humble_ws/install/antworker_description' for CMake config files
[1.956s] Level 1:colcon.colcon_core.environment:checking '/home/humble_ws/install/antworker_description/lib'
[1.956s] Level 1:colcon.colcon_core.environment:checking '/home/humble_ws/install/antworker_description/bin'
[1.956s] Level 1:colcon.colcon_core.environment:checking '/home/humble_ws/install/antworker_description/lib/pkgconfig/antworker_description.pc'
[1.956s] Level 1:colcon.colcon_core.environment:checking '/home/humble_ws/install/antworker_description/lib/python3.10/site-packages'
[1.956s] Level 1:colcon.colcon_core.shell:create_environment_hook('antworker_description', 'pythonpath')
[1.956s] INFO:colcon.colcon_core.shell:Creating environment hook '/home/humble_ws/install/antworker_description/share/antworker_description/hook/pythonpath.ps1'
[1.957s] INFO:colcon.colcon_core.shell:Creating environment descriptor '/home/humble_ws/install/antworker_description/share/antworker_description/hook/pythonpath.dsv'
[1.957s] INFO:colcon.colcon_core.shell:Creating environment hook '/home/humble_ws/install/antworker_description/share/antworker_description/hook/pythonpath.sh'
[1.958s] Level 1:colcon.colcon_core.environment:checking '/home/humble_ws/install/antworker_description/bin'
[1.958s] Level 1:colcon.colcon_core.environment:create_environment_scripts_only(antworker_description)
[1.958s] INFO:colcon.colcon_core.shell:Creating package script '/home/humble_ws/install/antworker_description/share/antworker_description/package.ps1'
[1.959s] INFO:colcon.colcon_core.shell:Creating package descriptor '/home/humble_ws/install/antworker_description/share/antworker_description/package.dsv'
[1.959s] INFO:colcon.colcon_core.shell:Creating package script '/home/humble_ws/install/antworker_description/share/antworker_description/package.sh'
[1.960s] INFO:colcon.colcon_core.shell:Creating package script '/home/humble_ws/install/antworker_description/share/antworker_description/package.bash'
[1.960s] INFO:colcon.colcon_core.shell:Creating package script '/home/humble_ws/install/antworker_description/share/antworker_description/package.zsh'
[1.961s] Level 1:colcon.colcon_core.environment:create_file_with_runtime_dependencies(/home/humble_ws/install/antworker_description/share/colcon-core/packages/antworker_description)
[1.961s] INFO:colcon.colcon_ros.task.ament_cmake.build:Building ROS package in '/home/humble_ws/src/antworker_moveit_description' with build type 'ament_cmake'
[1.961s] INFO:colcon.colcon_cmake.task.cmake.build:Building CMake package in '/home/humble_ws/src/antworker_moveit_description'
[1.962s] INFO:colcon.colcon_core.shell:Skip shell extension 'powershell' for command environment: Not usable outside of PowerShell
[1.962s] DEBUG:colcon.colcon_core.shell:Skip shell extension 'dsv' for command environment
[1.975s] Level 1:colcon.colcon_core.environment:checking '/home/humble_ws/install/antworker_navigation' for CMake module files
[1.976s] DEBUG:colcon.colcon_core.event_handler.log_command:Invoked command in '/home/humble_ws/src/antworker_navigation' returned '0': PYTHONPATH=/home/humble_ws/build/antworker_navigation/prefix_override:/home/humble_ws/install/antworker_navigation/lib/python3.10/site-packages:${PYTHONPATH} /usr/bin/python3 -W ignore:setup.py install is deprecated setup.py egg_info --egg-base ../../build/antworker_navigation build --build-base /home/humble_ws/build/antworker_navigation/build install --record /home/humble_ws/build/antworker_navigation/install.log --single-version-externally-managed install_data
[1.976s] Level 1:colcon.colcon_core.environment:checking '/home/humble_ws/install/antworker_navigation' for CMake config files
[1.977s] Level 1:colcon.colcon_core.environment:checking '/home/humble_ws/install/antworker_navigation/lib'
[1.977s] Level 1:colcon.colcon_core.environment:checking '/home/humble_ws/install/antworker_navigation/bin'
[1.977s] Level 1:colcon.colcon_core.environment:checking '/home/humble_ws/install/antworker_navigation/lib/pkgconfig/antworker_navigation.pc'
[1.977s] Level 1:colcon.colcon_core.environment:checking '/home/humble_ws/install/antworker_navigation/lib/python3.10/site-packages'
[1.977s] Level 1:colcon.colcon_core.shell:create_environment_hook('antworker_navigation', 'pythonpath')
[1.978s] INFO:colcon.colcon_core.shell:Creating environment hook '/home/humble_ws/install/antworker_navigation/share/antworker_navigation/hook/pythonpath.ps1'
[1.978s] INFO:colcon.colcon_core.shell:Creating environment descriptor '/home/humble_ws/install/antworker_navigation/share/antworker_navigation/hook/pythonpath.dsv'
[1.978s] INFO:colcon.colcon_core.shell:Creating environment hook '/home/humble_ws/install/antworker_navigation/share/antworker_navigation/hook/pythonpath.sh'
[1.979s] Level 1:colcon.colcon_core.environment:checking '/home/humble_ws/install/antworker_navigation/bin'
[1.979s] Level 1:colcon.colcon_core.environment:create_environment_scripts_only(antworker_navigation)
[1.979s] INFO:colcon.colcon_core.shell:Creating package script '/home/humble_ws/install/antworker_navigation/share/antworker_navigation/package.ps1'
[1.980s] INFO:colcon.colcon_core.shell:Creating package descriptor '/home/humble_ws/install/antworker_navigation/share/antworker_navigation/package.dsv'
[1.980s] INFO:colcon.colcon_core.shell:Creating package script '/home/humble_ws/install/antworker_navigation/share/antworker_navigation/package.sh'
[1.981s] INFO:colcon.colcon_core.shell:Creating package script '/home/humble_ws/install/antworker_navigation/share/antworker_navigation/package.bash'
[1.981s] INFO:colcon.colcon_core.shell:Creating package script '/home/humble_ws/install/antworker_navigation/share/antworker_navigation/package.zsh'
[1.982s] Level 1:colcon.colcon_core.environment:create_file_with_runtime_dependencies(/home/humble_ws/install/antworker_navigation/share/colcon-core/packages/antworker_navigation)
[1.986s] DEBUG:colcon.colcon_core.event_handler.log_command:Invoking command in '/home/humble_ws/build/antworker_moveit_description': AMENT_PREFIX_PATH=/home/humble_ws/install/antworker_description:/home/moveit/install/pilz_industrial_motion_planner_testutils:/home/moveit/install/moveit_runtime:/home/moveit/install/moveit:/home/moveit/install/moveit_planners:/home/moveit/install/pilz_industrial_motion_planner:/home/moveit/install/moveit_ros_control_interface:/home/moveit/install/moveit_plugins:/home/moveit/install/moveit_simple_controller_manager:/home/moveit/install/moveit_setup_assistant:/home/moveit/install/moveit_setup_srdf_plugins:/home/moveit/install/moveit_setup_core_plugins:/home/moveit/install/moveit_setup_controllers:/home/moveit/install/moveit_setup_app_plugins:/home/moveit/install/moveit_setup_framework:/home/moveit/install/moveit_servo:/home/moveit/install/moveit_ros:/home/moveit/install/moveit_ros_visualization:/home/moveit/install/moveit_py:/home/moveit/install/moveit_hybrid_planning:/home/moveit/install/moveit_ros_planning_interface:/home/moveit/install/moveit_ros_benchmarks:/home/moveit/install/moveit_ros_warehouse:/home/moveit/install/moveit_ros_robot_interaction:/home/moveit/install/moveit_ros_perception:/home/moveit/install/moveit_resources_prbt_pg70_support:/home/moveit/install/moveit_resources_prbt_moveit_config:/home/moveit/install/moveit_ros_move_group:/home/moveit/install/moveit_planners_ompl:/home/moveit/install/moveit_kinematics:/home/moveit/install/moveit_ros_planning:/home/moveit/install/moveit_ros_occupancy_map_monitor:/home/moveit/install/moveit_resources_prbt_support:/home/moveit/install/moveit_resources_prbt_ikfast_manipulator_plugin:/home/moveit/install/moveit_resources:/home/moveit/install/moveit_resources_pr2_description:/home/moveit/install/moveit_resources_panda_moveit_config:/home/moveit/install/dual_arm_panda_moveit_config:/home/moveit/install/moveit_resources_panda_description:/home/moveit/install/moveit_resources_fanuc_moveit_config:/home/moveit/install/moveit_resources_fanuc_description:/home/moveit/install/moveit_planners_stomp:/home/moveit/install/moveit_planners_chomp:/home/moveit/install/chomp_motion_planner:/home/moveit/install/moveit_core:/home/moveit/install/moveit_msgs:/home/moveit/install/moveit_configs_utils:/home/moveit/install/moveit_common:/home/humble_ws/install/antworker_navigation:/home/humble_ws/install/antworker_moveit_description:/home/humble_ws/install/antworker_moveit_bringup:/home/humble_ws/install/antworker_isaacsim_world:/opt/ros/humble CMAKE_PREFIX_PATH=${CMAKE_PREFIX_PATH}:/home/moveit/install/moveit_configs_utils:/home/humble_ws/install/antworker_navigation:/home/humble_ws/install/antworker_moveit_bringup:/home/humble_ws/install/antworker_isaacsim_world:/home/humble_ws/install/antworker_description:/opt/ros/humble PYTHONPATH=/home/humble_ws/install/antworker_description/lib/python3.10/site-packages:/home/moveit/install/moveit_py/local/lib/python3.10/dist-packages:/home/moveit/install/moveit_msgs/local/lib/python3.10/dist-packages:/home/moveit/install/moveit_configs_utils/lib/python3.10/site-packages:/home/humble_ws/install/antworker_navigation/lib/python3.10/site-packages:/home/humble_ws/install/antworker_moveit_bringup/lib/python3.10/site-packages:/home/humble_ws/install/antworker_isaacsim_world/lib/python3.10/site-packages:/opt/ros/humble/lib/python3.10/site-packages:/opt/ros/humble/local/lib/python3.10/dist-packages /usr/bin/cmake --build /home/humble_ws/build/antworker_moveit_description -- -j16 -l16
[2.051s] DEBUG:colcon.colcon_core.event_handler.log_command:Invoked command in '/home/humble_ws/build/antworker_moveit_description' returned '0': AMENT_PREFIX_PATH=/home/humble_ws/install/antworker_description:/home/moveit/install/pilz_industrial_motion_planner_testutils:/home/moveit/install/moveit_runtime:/home/moveit/install/moveit:/home/moveit/install/moveit_planners:/home/moveit/install/pilz_industrial_motion_planner:/home/moveit/install/moveit_ros_control_interface:/home/moveit/install/moveit_plugins:/home/moveit/install/moveit_simple_controller_manager:/home/moveit/install/moveit_setup_assistant:/home/moveit/install/moveit_setup_srdf_plugins:/home/moveit/install/moveit_setup_core_plugins:/home/moveit/install/moveit_setup_controllers:/home/moveit/install/moveit_setup_app_plugins:/home/moveit/install/moveit_setup_framework:/home/moveit/install/moveit_servo:/home/moveit/install/moveit_ros:/home/moveit/install/moveit_ros_visualization:/home/moveit/install/moveit_py:/home/moveit/install/moveit_hybrid_planning:/home/moveit/install/moveit_ros_planning_interface:/home/moveit/install/moveit_ros_benchmarks:/home/moveit/install/moveit_ros_warehouse:/home/moveit/install/moveit_ros_robot_interaction:/home/moveit/install/moveit_ros_perception:/home/moveit/install/moveit_resources_prbt_pg70_support:/home/moveit/install/moveit_resources_prbt_moveit_config:/home/moveit/install/moveit_ros_move_group:/home/moveit/install/moveit_planners_ompl:/home/moveit/install/moveit_kinematics:/home/moveit/install/moveit_ros_planning:/home/moveit/install/moveit_ros_occupancy_map_monitor:/home/moveit/install/moveit_resources_prbt_support:/home/moveit/install/moveit_resources_prbt_ikfast_manipulator_plugin:/home/moveit/install/moveit_resources:/home/moveit/install/moveit_resources_pr2_description:/home/moveit/install/moveit_resources_panda_moveit_config:/home/moveit/install/dual_arm_panda_moveit_config:/home/moveit/install/moveit_resources_panda_description:/home/moveit/install/moveit_resources_fanuc_moveit_config:/home/moveit/install/moveit_resources_fanuc_description:/home/moveit/install/moveit_planners_stomp:/home/moveit/install/moveit_planners_chomp:/home/moveit/install/chomp_motion_planner:/home/moveit/install/moveit_core:/home/moveit/install/moveit_msgs:/home/moveit/install/moveit_configs_utils:/home/moveit/install/moveit_common:/home/humble_ws/install/antworker_navigation:/home/humble_ws/install/antworker_moveit_description:/home/humble_ws/install/antworker_moveit_bringup:/home/humble_ws/install/antworker_isaacsim_world:/opt/ros/humble CMAKE_PREFIX_PATH=${CMAKE_PREFIX_PATH}:/home/moveit/install/moveit_configs_utils:/home/humble_ws/install/antworker_navigation:/home/humble_ws/install/antworker_moveit_bringup:/home/humble_ws/install/antworker_isaacsim_world:/home/humble_ws/install/antworker_description:/opt/ros/humble PYTHONPATH=/home/humble_ws/install/antworker_description/lib/python3.10/site-packages:/home/moveit/install/moveit_py/local/lib/python3.10/dist-packages:/home/moveit/install/moveit_msgs/local/lib/python3.10/dist-packages:/home/moveit/install/moveit_configs_utils/lib/python3.10/site-packages:/home/humble_ws/install/antworker_navigation/lib/python3.10/site-packages:/home/humble_ws/install/antworker_moveit_bringup/lib/python3.10/site-packages:/home/humble_ws/install/antworker_isaacsim_world/lib/python3.10/site-packages:/opt/ros/humble/lib/python3.10/site-packages:/opt/ros/humble/local/lib/python3.10/dist-packages /usr/bin/cmake --build /home/humble_ws/build/antworker_moveit_description -- -j16 -l16
[2.112s] DEBUG:colcon.colcon_core.event_handler.log_command:Invoking command in '/home/humble_ws/build/antworker_moveit_description': AMENT_PREFIX_PATH=/home/humble_ws/install/antworker_description:/home/moveit/install/pilz_industrial_motion_planner_testutils:/home/moveit/install/moveit_runtime:/home/moveit/install/moveit:/home/moveit/install/moveit_planners:/home/moveit/install/pilz_industrial_motion_planner:/home/moveit/install/moveit_ros_control_interface:/home/moveit/install/moveit_plugins:/home/moveit/install/moveit_simple_controller_manager:/home/moveit/install/moveit_setup_assistant:/home/moveit/install/moveit_setup_srdf_plugins:/home/moveit/install/moveit_setup_core_plugins:/home/moveit/install/moveit_setup_controllers:/home/moveit/install/moveit_setup_app_plugins:/home/moveit/install/moveit_setup_framework:/home/moveit/install/moveit_servo:/home/moveit/install/moveit_ros:/home/moveit/install/moveit_ros_visualization:/home/moveit/install/moveit_py:/home/moveit/install/moveit_hybrid_planning:/home/moveit/install/moveit_ros_planning_interface:/home/moveit/install/moveit_ros_benchmarks:/home/moveit/install/moveit_ros_warehouse:/home/moveit/install/moveit_ros_robot_interaction:/home/moveit/install/moveit_ros_perception:/home/moveit/install/moveit_resources_prbt_pg70_support:/home/moveit/install/moveit_resources_prbt_moveit_config:/home/moveit/install/moveit_ros_move_group:/home/moveit/install/moveit_planners_ompl:/home/moveit/install/moveit_kinematics:/home/moveit/install/moveit_ros_planning:/home/moveit/install/moveit_ros_occupancy_map_monitor:/home/moveit/install/moveit_resources_prbt_support:/home/moveit/install/moveit_resources_prbt_ikfast_manipulator_plugin:/home/moveit/install/moveit_resources:/home/moveit/install/moveit_resources_pr2_description:/home/moveit/install/moveit_resources_panda_moveit_config:/home/moveit/install/dual_arm_panda_moveit_config:/home/moveit/install/moveit_resources_panda_description:/home/moveit/install/moveit_resources_fanuc_moveit_config:/home/moveit/install/moveit_resources_fanuc_description:/home/moveit/install/moveit_planners_stomp:/home/moveit/install/moveit_planners_chomp:/home/moveit/install/chomp_motion_planner:/home/moveit/install/moveit_core:/home/moveit/install/moveit_msgs:/home/moveit/install/moveit_configs_utils:/home/moveit/install/moveit_common:/home/humble_ws/install/antworker_navigation:/home/humble_ws/install/antworker_moveit_description:/home/humble_ws/install/antworker_moveit_bringup:/home/humble_ws/install/antworker_isaacsim_world:/opt/ros/humble CMAKE_PREFIX_PATH=${CMAKE_PREFIX_PATH}:/home/moveit/install/moveit_configs_utils:/home/humble_ws/install/antworker_navigation:/home/humble_ws/install/antworker_moveit_bringup:/home/humble_ws/install/antworker_isaacsim_world:/home/humble_ws/install/antworker_description:/opt/ros/humble PYTHONPATH=/home/humble_ws/install/antworker_description/lib/python3.10/site-packages:/home/moveit/install/moveit_py/local/lib/python3.10/dist-packages:/home/moveit/install/moveit_msgs/local/lib/python3.10/dist-packages:/home/moveit/install/moveit_configs_utils/lib/python3.10/site-packages:/home/humble_ws/install/antworker_navigation/lib/python3.10/site-packages:/home/humble_ws/install/antworker_moveit_bringup/lib/python3.10/site-packages:/home/humble_ws/install/antworker_isaacsim_world/lib/python3.10/site-packages:/opt/ros/humble/lib/python3.10/site-packages:/opt/ros/humble/local/lib/python3.10/dist-packages /usr/bin/cmake --install /home/humble_ws/build/antworker_moveit_description
[2.128s] Level 1:colcon.colcon_core.environment:create_environment_scripts_only(antworker_moveit_description)
[2.128s] Level 1:colcon.colcon_core.environment:checking '/home/humble_ws/install/antworker_moveit_description' for CMake module files
[2.129s] DEBUG:colcon.colcon_core.event_handler.log_command:Invoked command in '/home/humble_ws/build/antworker_moveit_description' returned '0': AMENT_PREFIX_PATH=/home/humble_ws/install/antworker_description:/home/moveit/install/pilz_industrial_motion_planner_testutils:/home/moveit/install/moveit_runtime:/home/moveit/install/moveit:/home/moveit/install/moveit_planners:/home/moveit/install/pilz_industrial_motion_planner:/home/moveit/install/moveit_ros_control_interface:/home/moveit/install/moveit_plugins:/home/moveit/install/moveit_simple_controller_manager:/home/moveit/install/moveit_setup_assistant:/home/moveit/install/moveit_setup_srdf_plugins:/home/moveit/install/moveit_setup_core_plugins:/home/moveit/install/moveit_setup_controllers:/home/moveit/install/moveit_setup_app_plugins:/home/moveit/install/moveit_setup_framework:/home/moveit/install/moveit_servo:/home/moveit/install/moveit_ros:/home/moveit/install/moveit_ros_visualization:/home/moveit/install/moveit_py:/home/moveit/install/moveit_hybrid_planning:/home/moveit/install/moveit_ros_planning_interface:/home/moveit/install/moveit_ros_benchmarks:/home/moveit/install/moveit_ros_warehouse:/home/moveit/install/moveit_ros_robot_interaction:/home/moveit/install/moveit_ros_perception:/home/moveit/install/moveit_resources_prbt_pg70_support:/home/moveit/install/moveit_resources_prbt_moveit_config:/home/moveit/install/moveit_ros_move_group:/home/moveit/install/moveit_planners_ompl:/home/moveit/install/moveit_kinematics:/home/moveit/install/moveit_ros_planning:/home/moveit/install/moveit_ros_occupancy_map_monitor:/home/moveit/install/moveit_resources_prbt_support:/home/moveit/install/moveit_resources_prbt_ikfast_manipulator_plugin:/home/moveit/install/moveit_resources:/home/moveit/install/moveit_resources_pr2_description:/home/moveit/install/moveit_resources_panda_moveit_config:/home/moveit/install/dual_arm_panda_moveit_config:/home/moveit/install/moveit_resources_panda_description:/home/moveit/install/moveit_resources_fanuc_moveit_config:/home/moveit/install/moveit_resources_fanuc_description:/home/moveit/install/moveit_planners_stomp:/home/moveit/install/moveit_planners_chomp:/home/moveit/install/chomp_motion_planner:/home/moveit/install/moveit_core:/home/moveit/install/moveit_msgs:/home/moveit/install/moveit_configs_utils:/home/moveit/install/moveit_common:/home/humble_ws/install/antworker_navigation:/home/humble_ws/install/antworker_moveit_description:/home/humble_ws/install/antworker_moveit_bringup:/home/humble_ws/install/antworker_isaacsim_world:/opt/ros/humble CMAKE_PREFIX_PATH=${CMAKE_PREFIX_PATH}:/home/moveit/install/moveit_configs_utils:/home/humble_ws/install/antworker_navigation:/home/humble_ws/install/antworker_moveit_bringup:/home/humble_ws/install/antworker_isaacsim_world:/home/humble_ws/install/antworker_description:/opt/ros/humble PYTHONPATH=/home/humble_ws/install/antworker_description/lib/python3.10/site-packages:/home/moveit/install/moveit_py/local/lib/python3.10/dist-packages:/home/moveit/install/moveit_msgs/local/lib/python3.10/dist-packages:/home/moveit/install/moveit_configs_utils/lib/python3.10/site-packages:/home/humble_ws/install/antworker_navigation/lib/python3.10/site-packages:/home/humble_ws/install/antworker_moveit_bringup/lib/python3.10/site-packages:/home/humble_ws/install/antworker_isaacsim_world/lib/python3.10/site-packages:/opt/ros/humble/lib/python3.10/site-packages:/opt/ros/humble/local/lib/python3.10/dist-packages /usr/bin/cmake --install /home/humble_ws/build/antworker_moveit_description
[2.129s] Level 1:colcon.colcon_core.environment:checking '/home/humble_ws/install/antworker_moveit_description' for CMake config files
[2.129s] Level 1:colcon.colcon_core.shell:create_environment_hook('antworker_moveit_description', 'cmake_prefix_path')
[2.130s] INFO:colcon.colcon_core.shell:Creating environment hook '/home/humble_ws/install/antworker_moveit_description/share/antworker_moveit_description/hook/cmake_prefix_path.ps1'
[2.130s] INFO:colcon.colcon_core.shell:Creating environment descriptor '/home/humble_ws/install/antworker_moveit_description/share/antworker_moveit_description/hook/cmake_prefix_path.dsv'
[2.130s] INFO:colcon.colcon_core.shell:Creating environment hook '/home/humble_ws/install/antworker_moveit_description/share/antworker_moveit_description/hook/cmake_prefix_path.sh'
[2.131s] Level 1:colcon.colcon_core.environment:checking '/home/humble_ws/install/antworker_moveit_description/bin'
[2.131s] Level 1:colcon.colcon_core.environment:checking '/home/humble_ws/install/antworker_moveit_description/lib/pkgconfig/antworker_moveit_description.pc'
[2.131s] Level 1:colcon.colcon_core.environment:checking '/home/humble_ws/install/antworker_moveit_description/lib/python3.10/site-packages'
[2.131s] Level 1:colcon.colcon_core.environment:checking '/home/humble_ws/install/antworker_moveit_description/bin'
[2.132s] INFO:colcon.colcon_core.shell:Creating package script '/home/humble_ws/install/antworker_moveit_description/share/antworker_moveit_description/package.ps1'
[2.132s] INFO:colcon.colcon_core.shell:Creating package descriptor '/home/humble_ws/install/antworker_moveit_description/share/antworker_moveit_description/package.dsv'
[2.132s] INFO:colcon.colcon_core.shell:Creating package script '/home/humble_ws/install/antworker_moveit_description/share/antworker_moveit_description/package.sh'
[2.133s] INFO:colcon.colcon_core.shell:Creating package script '/home/humble_ws/install/antworker_moveit_description/share/antworker_moveit_description/package.bash'
[2.133s] INFO:colcon.colcon_core.shell:Creating package script '/home/humble_ws/install/antworker_moveit_description/share/antworker_moveit_description/package.zsh'
[2.134s] Level 1:colcon.colcon_core.environment:create_file_with_runtime_dependencies(/home/humble_ws/install/antworker_moveit_description/share/colcon-core/packages/antworker_moveit_description)
[2.180s] Level 1:colcon.colcon_core.environment:create_environment_scripts_only(antworker_moveit_description)
[2.180s] Level 1:colcon.colcon_core.environment:checking '/home/humble_ws/install/antworker_moveit_description' for CMake module files
[2.181s] Level 1:colcon.colcon_core.environment:checking '/home/humble_ws/install/antworker_moveit_description' for CMake config files
[2.181s] Level 1:colcon.colcon_core.shell:create_environment_hook('antworker_moveit_description', 'cmake_prefix_path')
[2.181s] INFO:colcon.colcon_core.shell:Creating environment hook '/home/humble_ws/install/antworker_moveit_description/share/antworker_moveit_description/hook/cmake_prefix_path.ps1'
[2.182s] INFO:colcon.colcon_core.shell:Creating environment descriptor '/home/humble_ws/install/antworker_moveit_description/share/antworker_moveit_description/hook/cmake_prefix_path.dsv'
[2.182s] INFO:colcon.colcon_core.shell:Creating environment hook '/home/humble_ws/install/antworker_moveit_description/share/antworker_moveit_description/hook/cmake_prefix_path.sh'
[2.183s] Level 1:colcon.colcon_core.environment:checking '/home/humble_ws/install/antworker_moveit_description/bin'
[2.183s] Level 1:colcon.colcon_core.environment:checking '/home/humble_ws/install/antworker_moveit_description/lib/pkgconfig/antworker_moveit_description.pc'
[2.183s] Level 1:colcon.colcon_core.environment:checking '/home/humble_ws/install/antworker_moveit_description/lib/python3.10/site-packages'
[2.183s] Level 1:colcon.colcon_core.environment:checking '/home/humble_ws/install/antworker_moveit_description/bin'
[2.184s] INFO:colcon.colcon_core.shell:Creating package script '/home/humble_ws/install/antworker_moveit_description/share/antworker_moveit_description/package.ps1'
[2.184s] INFO:colcon.colcon_core.shell:Creating package descriptor '/home/humble_ws/install/antworker_moveit_description/share/antworker_moveit_description/package.dsv'
[2.185s] INFO:colcon.colcon_core.shell:Creating package script '/home/humble_ws/install/antworker_moveit_description/share/antworker_moveit_description/package.sh'
[2.185s] INFO:colcon.colcon_core.shell:Creating package script '/home/humble_ws/install/antworker_moveit_description/share/antworker_moveit_description/package.bash'
[2.186s] INFO:colcon.colcon_core.shell:Creating package script '/home/humble_ws/install/antworker_moveit_description/share/antworker_moveit_description/package.zsh'
[2.186s] Level 1:colcon.colcon_core.environment:create_file_with_runtime_dependencies(/home/humble_ws/install/antworker_moveit_description/share/colcon-core/packages/antworker_moveit_description)
[2.186s] DEBUG:colcon.colcon_parallel_executor.executor.parallel:closing loop
[2.187s] DEBUG:colcon.colcon_parallel_executor.executor.parallel:loop closed
[2.187s] DEBUG:colcon.colcon_parallel_executor.executor.parallel:run_until_complete finished with '0'
[2.187s] DEBUG:colcon.colcon_core.event_reactor:joining thread
[2.193s] INFO:colcon.colcon_core.plugin_system:Skipping extension 'colcon_notification.desktop_notification.notify_send': Could not find 'notify-send'
[2.193s] INFO:colcon.colcon_core.plugin_system:Skipping extension 'colcon_notification.desktop_notification.terminal_notifier': Not used on non-Darwin systems
[2.193s] INFO:colcon.colcon_core.plugin_system:Skipping extension 'colcon_notification.desktop_notification.win32': Not used on non-Windows systems
[2.193s] INFO:colcon.colcon_notification.desktop_notification:Sending desktop notification using 'notify2'
[2.215s] DEBUG:colcon.colcon_notification.desktop_notification.notify2:Failed to initialize notify2: org.freedesktop.DBus.Error.ServiceUnknown: The name org.freedesktop.Notifications was not provided by any .service files
[2.216s] DEBUG:colcon.colcon_core.event_reactor:joined thread
[2.216s] INFO:colcon.colcon_core.shell:Creating prefix script '/home/humble_ws/install/local_setup.ps1'
[2.217s] INFO:colcon.colcon_core.shell:Creating prefix util module '/home/humble_ws/install/_local_setup_util_ps1.py'
[2.219s] INFO:colcon.colcon_core.shell:Creating prefix chain script '/home/humble_ws/install/setup.ps1'
[2.223s] INFO:colcon.colcon_core.shell:Creating prefix script '/home/humble_ws/install/local_setup.sh'
[2.224s] INFO:colcon.colcon_core.shell:Creating prefix util module '/home/humble_ws/install/_local_setup_util_sh.py'
[2.224s] INFO:colcon.colcon_core.shell:Creating prefix chain script '/home/humble_ws/install/setup.sh'
[2.228s] INFO:colcon.colcon_core.shell:Creating prefix script '/home/humble_ws/install/local_setup.bash'
[2.228s] INFO:colcon.colcon_core.shell:Creating prefix chain script '/home/humble_ws/install/setup.bash'
[2.232s] INFO:colcon.colcon_core.shell:Creating prefix script '/home/humble_ws/install/local_setup.zsh'
[2.233s] INFO:colcon.colcon_core.shell:Creating prefix chain script '/home/humble_ws/install/setup.zsh'
