[0.159s] Invoking command in '/home/humble_ws/build/moveit_interface': CMAKE_PREFIX_PATH=${CMAKE_PREFIX_PATH}:/home/humble_ws/install/kinova_arm:/opt/ros/humble /usr/bin/cmake /home/humble_ws/src/moveit_interface -DCMAKE_INSTALL_PREFIX=/home/humble_ws/install/moveit_interface
[0.209s] -- The C compiler identification is GNU 11.4.0
[0.255s] -- The CXX compiler identification is GNU 11.4.0
[0.261s] -- Detecting C compiler ABI info
[0.321s] -- Detecting C compiler ABI info - done
[0.326s] -- Check for working C compiler: /usr/bin/cc - skipped
[0.326s] -- Detecting C compile features
[0.326s] -- Detecting C compile features - done
[0.329s] -- Detecting CXX compiler ABI info
[0.399s] -- Detecting CXX compiler ABI info - done
[0.402s] -- Check for working CXX compiler: /usr/bin/c++ - skipped
[0.403s] -- Detecting CXX compile features
[0.403s] -- Detecting CXX compile features - done
[0.406s] -- Found ament_cmake: 1.3.8 (/opt/ros/humble/share/ament_cmake/cmake)
[0.508s] -- Found Python3: /usr/bin/python3 (found version "3.10.12") found components: Interpreter 
[0.592s] -- Found moveit_ros_planning_interface: 2.5.5 (/opt/ros/humble/share/moveit_ros_planning_interface/cmake)
[0.745s] -- Found Boost: /usr/lib/x86_64-linux-gnu/cmake/Boost-1.74.0/BoostConfig.cmake (found version "1.74.0") found components: date_time filesystem program_options system thread 
[0.785s] -- Found rosidl_generator_c: 3.1.5 (/opt/ros/humble/share/rosidl_generator_c/cmake)
[0.791s] -- Found rosidl_adapter: 3.1.5 (/opt/ros/humble/share/rosidl_adapter/cmake)
[0.799s] -- Found rosidl_generator_cpp: 3.1.5 (/opt/ros/humble/share/rosidl_generator_cpp/cmake)
[0.812s] -- Using all available rosidl_typesupport_c: rosidl_typesupport_fastrtps_c;rosidl_typesupport_introspection_c
[0.829s] -- Using all available rosidl_typesupport_cpp: rosidl_typesupport_fastrtps_cpp;rosidl_typesupport_introspection_cpp
[1.501s] -- Found Boost: /usr/lib/x86_64-linux-gnu/cmake/Boost-1.74.0/BoostConfig.cmake (found version "1.74.0") found components: chrono date_time filesystem iostreams program_options regex serialization system thread 
[1.524s] -- Found parameter_traits: 0.3.8 (/opt/ros/humble/share/parameter_traits/cmake)
[1.580s] -- Found rmw_implementation_cmake: 6.1.1 (/opt/ros/humble/share/rmw_implementation_cmake/cmake)
[1.582s] -- Found rmw_fastrtps_cpp: 6.2.6 (/opt/ros/humble/share/rmw_fastrtps_cpp/cmake)
[1.676s] -- Found OpenSSL: /usr/lib/x86_64-linux-gnu/libcrypto.so (found version "3.0.2")  
[1.700s] -- Found FastRTPS: /opt/ros/humble/include  
[1.744s] -- Using RMW implementation 'rmw_fastrtps_cpp' as default
[1.755s] -- Found Threads: TRUE  
[1.876s] -- Found rclcpp_lifecycle: 16.0.8 (/opt/ros/humble/share/rclcpp_lifecycle/cmake)
[1.914s] -- Found Boost: /usr/lib/x86_64-linux-gnu/cmake/Boost-1.74.0/BoostConfig.cmake (found version "1.74.0") found components: filesystem 
[2.009s] -- library: /usr/lib/x86_64-linux-gnu/libcurl.so
[2.128s] -- Found Eigen3: TRUE (found version "3.4.0") 
[2.128s] -- Ensuring Eigen3 include directory is part of orocos-kdl CMake target
[2.544s] -- Found Boost: /usr/lib/x86_64-linux-gnu/cmake/Boost-1.74.0/BoostConfig.cmake (found version "1.74.0") found components: system filesystem date_time program_options thread chrono 
[2.930s] -- Found Boost: /usr/lib/x86_64-linux-gnu/cmake/Boost-1.74.0/BoostConfig.cmake (found version "1.74.0") found components: thread system filesystem regex date_time program_options 
[3.112s] -- Found Boost: /usr/lib/x86_64-linux-gnu/cmake/Boost-1.74.0/BoostConfig.cmake (found version "1.74.0") found components: system filesystem date_time program_options thread 
[3.413s] -- Found ament_lint_auto: 0.12.10 (/opt/ros/humble/share/ament_lint_auto/cmake)
[3.477s] -- Added test 'cppcheck' to perform static code analysis on C / C++ code
[3.478s] -- Configured cppcheck include dirs: $<BUILD_INTERFACE:/home/humble_ws/src/moveit_interface/include>
[3.478s] -- Configured cppcheck exclude dirs and/or files: 
[3.478s] -- Added test 'lint_cmake' to check CMake code style
[3.479s] -- Added test 'uncrustify' to check C / C++ code style
[3.479s] -- Configured uncrustify additional arguments: 
[3.479s] -- Added test 'xmllint' to check XML markup files
[3.480s] -- Configuring done
[3.506s] -- Generating done
[3.508s] -- Build files have been written to: /home/humble_ws/build/moveit_interface
[3.519s] Invoked command in '/home/humble_ws/build/moveit_interface' returned '0': CMAKE_PREFIX_PATH=${CMAKE_PREFIX_PATH}:/home/humble_ws/install/kinova_arm:/opt/ros/humble /usr/bin/cmake /home/humble_ws/src/moveit_interface -DCMAKE_INSTALL_PREFIX=/home/humble_ws/install/moveit_interface
[3.520s] Invoking command in '/home/humble_ws/build/moveit_interface': CMAKE_PREFIX_PATH=${CMAKE_PREFIX_PATH}:/home/humble_ws/install/kinova_arm:/opt/ros/humble /usr/bin/cmake --build /home/humble_ws/build/moveit_interface -- -j16 -l16
[3.569s] [ 50%] [32mBuilding CXX object CMakeFiles/moveit_interface.dir/src/moveit_interface.cpp.o[0m
[9.435s] [100%] [32m[1mLinking CXX executable moveit_interface[0m
[9.668s] [100%] Built target moveit_interface
[9.678s] Invoked command in '/home/humble_ws/build/moveit_interface' returned '0': CMAKE_PREFIX_PATH=${CMAKE_PREFIX_PATH}:/home/humble_ws/install/kinova_arm:/opt/ros/humble /usr/bin/cmake --build /home/humble_ws/build/moveit_interface -- -j16 -l16
[9.704s] Invoking command in '/home/humble_ws/build/moveit_interface': CMAKE_PREFIX_PATH=${CMAKE_PREFIX_PATH}:/home/humble_ws/install/kinova_arm:/opt/ros/humble /usr/bin/cmake --install /home/humble_ws/build/moveit_interface
[9.711s] -- Install configuration: ""
[9.711s] -- Installing: /home/humble_ws/install/moveit_interface/lib/moveit_interface/moveit_interface
[9.711s] -- Set runtime path of "/home/humble_ws/install/moveit_interface/lib/moveit_interface/moveit_interface" to ""
[9.712s] -- Installing: /home/humble_ws/install/moveit_interface/share/ament_index/resource_index/package_run_dependencies/moveit_interface
[9.712s] -- Installing: /home/humble_ws/install/moveit_interface/share/ament_index/resource_index/parent_prefix_path/moveit_interface
[9.712s] -- Installing: /home/humble_ws/install/moveit_interface/share/moveit_interface/environment/ament_prefix_path.sh
[9.712s] -- Installing: /home/humble_ws/install/moveit_interface/share/moveit_interface/environment/ament_prefix_path.dsv
[9.712s] -- Installing: /home/humble_ws/install/moveit_interface/share/moveit_interface/environment/path.sh
[9.712s] -- Installing: /home/humble_ws/install/moveit_interface/share/moveit_interface/environment/path.dsv
[9.712s] -- Installing: /home/humble_ws/install/moveit_interface/share/moveit_interface/local_setup.bash
[9.713s] -- Installing: /home/humble_ws/install/moveit_interface/share/moveit_interface/local_setup.sh
[9.713s] -- Installing: /home/humble_ws/install/moveit_interface/share/moveit_interface/local_setup.zsh
[9.713s] -- Installing: /home/humble_ws/install/moveit_interface/share/moveit_interface/local_setup.dsv
[9.713s] -- Installing: /home/humble_ws/install/moveit_interface/share/moveit_interface/package.dsv
[9.713s] -- Installing: /home/humble_ws/install/moveit_interface/share/ament_index/resource_index/packages/moveit_interface
[9.713s] -- Installing: /home/humble_ws/install/moveit_interface/share/moveit_interface/cmake/moveit_interfaceConfig.cmake
[9.713s] -- Installing: /home/humble_ws/install/moveit_interface/share/moveit_interface/cmake/moveit_interfaceConfig-version.cmake
[9.713s] -- Installing: /home/humble_ws/install/moveit_interface/share/moveit_interface/package.xml
[9.716s] Invoked command in '/home/humble_ws/build/moveit_interface' returned '0': CMAKE_PREFIX_PATH=${CMAKE_PREFIX_PATH}:/home/humble_ws/install/kinova_arm:/opt/ros/humble /usr/bin/cmake --install /home/humble_ws/build/moveit_interface
