[0.106s] DEBUG:colcon:Command line arguments: ['/usr/bin/colcon', 'build', '--packages-select', 'moveit_interface_py']
[0.106s] DEBUG:colcon:Parsed command line arguments: Namespace(log_base=None, log_level=None, verb_name='build', build_base='build', install_base='install', merge_install=False, symlink_install=False, test_result_base=None, continue_on_error=False, executor='parallel', parallel_workers=16, event_handlers=None, ignore_user_meta=False, metas=['./colcon.meta'], base_paths=['.'], packages_ignore=None, packages_ignore_regex=None, paths=None, packages_up_to=None, packages_up_to_regex=None, packages_above=None, packages_above_and_dependencies=None, packages_above_depth=None, packages_select_by_dep=None, packages_skip_by_dep=None, packages_skip_up_to=None, packages_select_build_failed=False, packages_skip_build_finished=False, packages_select_test_failures=False, packages_skip_test_passed=False, packages_select=['moveit_interface_py'], packages_skip=None, packages_select_regex=None, packages_skip_regex=None, packages_start=None, packages_end=None, cmake_args=None, cmake_target=None, cmake_target_skip_unavailable=False, cmake_clean_cache=False, cmake_clean_first=False, cmake_force_configure=False, ament_cmake_args=None, catkin_cmake_args=None, catkin_skip_building_tests=False, mixin_files=None, mixin=None, verb_parser=<colcon_mixin.mixin.mixin_argument.MixinArgumentDecorator object at 0x77391c7f28c0>, verb_extension=<colcon_core.verb.build.BuildVerb object at 0x77391c943010>, main=<bound method BuildVerb.main of <colcon_core.verb.build.BuildVerb object at 0x77391c943010>>, mixin_verb=('build',))
[0.222s] Level 1:colcon.colcon_core.package_discovery:discover_packages(colcon_meta) check parameters
[0.223s] INFO:colcon.colcon_metadata.package_discovery.colcon_meta:Using configuration from '/root/.colcon/metadata/default/Gazebo.meta'
[0.223s] INFO:colcon.colcon_metadata.package_discovery.colcon_meta:Using configuration from '/root/.colcon/metadata/default/fastrtps.meta'
[0.223s] Level 1:colcon.colcon_core.package_discovery:discover_packages(recursive) check parameters
[0.223s] Level 1:colcon.colcon_core.package_discovery:discover_packages(ignore) check parameters
[0.223s] Level 1:colcon.colcon_core.package_discovery:discover_packages(path) check parameters
[0.223s] Level 1:colcon.colcon_core.package_discovery:discover_packages(colcon_meta) discover
[0.223s] Level 1:colcon.colcon_core.package_discovery:discover_packages(recursive) discover
[0.223s] INFO:colcon.colcon_core.package_discovery:Crawling recursively for packages in '/home/humble_ws'
[0.223s] Level 1:colcon.colcon_core.package_identification:_identify(.) by extensions ['ignore', 'ignore_ament_install']
[0.223s] Level 1:colcon.colcon_core.package_identification:_identify(.) by extension 'ignore'
[0.224s] Level 1:colcon.colcon_core.package_identification:_identify(.) by extension 'ignore_ament_install'
[0.224s] Level 1:colcon.colcon_core.package_identification:_identify(.) by extensions ['colcon_pkg']
[0.224s] Level 1:colcon.colcon_core.package_identification:_identify(.) by extension 'colcon_pkg'
[0.224s] Level 1:colcon.colcon_core.package_identification:_identify(.) by extensions ['colcon_meta']
[0.224s] Level 1:colcon.colcon_core.package_identification:_identify(.) by extension 'colcon_meta'
[0.224s] Level 1:colcon.colcon_core.package_identification:_identify(.) by extensions ['ros']
[0.224s] Level 1:colcon.colcon_core.package_identification:_identify(.) by extension 'ros'
[0.234s] Level 1:colcon.colcon_core.package_identification:_identify(.) by extensions ['cmake', 'python']
[0.234s] Level 1:colcon.colcon_core.package_identification:_identify(.) by extension 'cmake'
[0.234s] Level 1:colcon.colcon_core.package_identification:_identify(.) by extension 'python'
[0.234s] Level 1:colcon.colcon_core.package_identification:_identify(.) by extensions ['python_setup_py']
[0.234s] Level 1:colcon.colcon_core.package_identification:_identify(.) by extension 'python_setup_py'
[0.234s] Level 1:colcon.colcon_core.package_identification:_identify(build) by extensions ['ignore', 'ignore_ament_install']
[0.234s] Level 1:colcon.colcon_core.package_identification:_identify(build) by extension 'ignore'
[0.234s] Level 1:colcon.colcon_core.package_identification:_identify(build) ignored
[0.235s] Level 1:colcon.colcon_core.package_identification:_identify(install) by extensions ['ignore', 'ignore_ament_install']
[0.235s] Level 1:colcon.colcon_core.package_identification:_identify(install) by extension 'ignore'
[0.235s] Level 1:colcon.colcon_core.package_identification:_identify(install) ignored
[0.235s] Level 1:colcon.colcon_core.package_identification:_identify(log) by extensions ['ignore', 'ignore_ament_install']
[0.235s] Level 1:colcon.colcon_core.package_identification:_identify(log) by extension 'ignore'
[0.235s] Level 1:colcon.colcon_core.package_identification:_identify(log) ignored
[0.235s] Level 1:colcon.colcon_core.package_identification:_identify(src) by extensions ['ignore', 'ignore_ament_install']
[0.235s] Level 1:colcon.colcon_core.package_identification:_identify(src) by extension 'ignore'
[0.235s] Level 1:colcon.colcon_core.package_identification:_identify(src) by extension 'ignore_ament_install'
[0.235s] Level 1:colcon.colcon_core.package_identification:_identify(src) by extensions ['colcon_pkg']
[0.235s] Level 1:colcon.colcon_core.package_identification:_identify(src) by extension 'colcon_pkg'
[0.235s] Level 1:colcon.colcon_core.package_identification:_identify(src) by extensions ['colcon_meta']
[0.235s] Level 1:colcon.colcon_core.package_identification:_identify(src) by extension 'colcon_meta'
[0.235s] Level 1:colcon.colcon_core.package_identification:_identify(src) by extensions ['ros']
[0.235s] Level 1:colcon.colcon_core.package_identification:_identify(src) by extension 'ros'
[0.235s] Level 1:colcon.colcon_core.package_identification:_identify(src) by extensions ['cmake', 'python']
[0.236s] Level 1:colcon.colcon_core.package_identification:_identify(src) by extension 'cmake'
[0.236s] Level 1:colcon.colcon_core.package_identification:_identify(src) by extension 'python'
[0.236s] Level 1:colcon.colcon_core.package_identification:_identify(src) by extensions ['python_setup_py']
[0.236s] Level 1:colcon.colcon_core.package_identification:_identify(src) by extension 'python_setup_py'
[0.236s] Level 1:colcon.colcon_core.package_identification:_identify(src/__pycache__) by extensions ['ignore', 'ignore_ament_install']
[0.236s] Level 1:colcon.colcon_core.package_identification:_identify(src/__pycache__) by extension 'ignore'
[0.236s] Level 1:colcon.colcon_core.package_identification:_identify(src/__pycache__) by extension 'ignore_ament_install'
[0.236s] Level 1:colcon.colcon_core.package_identification:_identify(src/__pycache__) by extensions ['colcon_pkg']
[0.236s] Level 1:colcon.colcon_core.package_identification:_identify(src/__pycache__) by extension 'colcon_pkg'
[0.236s] Level 1:colcon.colcon_core.package_identification:_identify(src/__pycache__) by extensions ['colcon_meta']
[0.236s] Level 1:colcon.colcon_core.package_identification:_identify(src/__pycache__) by extension 'colcon_meta'
[0.236s] Level 1:colcon.colcon_core.package_identification:_identify(src/__pycache__) by extensions ['ros']
[0.236s] Level 1:colcon.colcon_core.package_identification:_identify(src/__pycache__) by extension 'ros'
[0.236s] Level 1:colcon.colcon_core.package_identification:_identify(src/__pycache__) by extensions ['cmake', 'python']
[0.236s] Level 1:colcon.colcon_core.package_identification:_identify(src/__pycache__) by extension 'cmake'
[0.236s] Level 1:colcon.colcon_core.package_identification:_identify(src/__pycache__) by extension 'python'
[0.236s] Level 1:colcon.colcon_core.package_identification:_identify(src/__pycache__) by extensions ['python_setup_py']
[0.236s] Level 1:colcon.colcon_core.package_identification:_identify(src/__pycache__) by extension 'python_setup_py'
[0.236s] Level 1:colcon.colcon_core.package_identification:_identify(src/antworker_description) by extensions ['ignore', 'ignore_ament_install']
[0.236s] Level 1:colcon.colcon_core.package_identification:_identify(src/antworker_description) by extension 'ignore'
[0.237s] Level 1:colcon.colcon_core.package_identification:_identify(src/antworker_description) by extension 'ignore_ament_install'
[0.237s] Level 1:colcon.colcon_core.package_identification:_identify(src/antworker_description) by extensions ['colcon_pkg']
[0.237s] Level 1:colcon.colcon_core.package_identification:_identify(src/antworker_description) by extension 'colcon_pkg'
[0.237s] Level 1:colcon.colcon_core.package_identification:_identify(src/antworker_description) by extensions ['colcon_meta']
[0.237s] Level 1:colcon.colcon_core.package_identification:_identify(src/antworker_description) by extension 'colcon_meta'
[0.237s] Level 1:colcon.colcon_core.package_identification:_identify(src/antworker_description) by extensions ['ros']
[0.237s] Level 1:colcon.colcon_core.package_identification:_identify(src/antworker_description) by extension 'ros'
[0.239s] DEBUG:colcon.colcon_core.package_identification:Package 'src/antworker_description' with type 'ros.ament_python' and name 'antworker_description'
[0.239s] Level 1:colcon.colcon_core.package_identification:_identify(src/antworker_navigation) by extensions ['ignore', 'ignore_ament_install']
[0.239s] Level 1:colcon.colcon_core.package_identification:_identify(src/antworker_navigation) by extension 'ignore'
[0.239s] Level 1:colcon.colcon_core.package_identification:_identify(src/antworker_navigation) by extension 'ignore_ament_install'
[0.239s] Level 1:colcon.colcon_core.package_identification:_identify(src/antworker_navigation) by extensions ['colcon_pkg']
[0.239s] Level 1:colcon.colcon_core.package_identification:_identify(src/antworker_navigation) by extension 'colcon_pkg'
[0.240s] Level 1:colcon.colcon_core.package_identification:_identify(src/antworker_navigation) by extensions ['colcon_meta']
[0.240s] Level 1:colcon.colcon_core.package_identification:_identify(src/antworker_navigation) by extension 'colcon_meta'
[0.240s] Level 1:colcon.colcon_core.package_identification:_identify(src/antworker_navigation) by extensions ['ros']
[0.240s] Level 1:colcon.colcon_core.package_identification:_identify(src/antworker_navigation) by extension 'ros'
[0.240s] DEBUG:colcon.colcon_core.package_identification:Package 'src/antworker_navigation' with type 'ros.ament_python' and name 'antworker_navigation'
[0.240s] Level 1:colcon.colcon_core.package_identification:_identify(src/gz_test) by extensions ['ignore', 'ignore_ament_install']
[0.240s] Level 1:colcon.colcon_core.package_identification:_identify(src/gz_test) by extension 'ignore'
[0.240s] Level 1:colcon.colcon_core.package_identification:_identify(src/gz_test) by extension 'ignore_ament_install'
[0.240s] Level 1:colcon.colcon_core.package_identification:_identify(src/gz_test) by extensions ['colcon_pkg']
[0.240s] Level 1:colcon.colcon_core.package_identification:_identify(src/gz_test) by extension 'colcon_pkg'
[0.240s] Level 1:colcon.colcon_core.package_identification:_identify(src/gz_test) by extensions ['colcon_meta']
[0.240s] Level 1:colcon.colcon_core.package_identification:_identify(src/gz_test) by extension 'colcon_meta'
[0.240s] Level 1:colcon.colcon_core.package_identification:_identify(src/gz_test) by extensions ['ros']
[0.240s] Level 1:colcon.colcon_core.package_identification:_identify(src/gz_test) by extension 'ros'
[0.241s] DEBUG:colcon.colcon_core.package_identification:Package 'src/gz_test' with type 'ros.ament_python' and name 'gz_test'
[0.241s] Level 1:colcon.colcon_core.package_identification:_identify(src/iris_gazebo) by extensions ['ignore', 'ignore_ament_install']
[0.241s] Level 1:colcon.colcon_core.package_identification:_identify(src/iris_gazebo) by extension 'ignore'
[0.241s] Level 1:colcon.colcon_core.package_identification:_identify(src/iris_gazebo) by extension 'ignore_ament_install'
[0.241s] Level 1:colcon.colcon_core.package_identification:_identify(src/iris_gazebo) by extensions ['colcon_pkg']
[0.241s] Level 1:colcon.colcon_core.package_identification:_identify(src/iris_gazebo) by extension 'colcon_pkg'
[0.241s] Level 1:colcon.colcon_core.package_identification:_identify(src/iris_gazebo) by extensions ['colcon_meta']
[0.241s] Level 1:colcon.colcon_core.package_identification:_identify(src/iris_gazebo) by extension 'colcon_meta'
[0.241s] Level 1:colcon.colcon_core.package_identification:_identify(src/iris_gazebo) by extensions ['ros']
[0.241s] Level 1:colcon.colcon_core.package_identification:_identify(src/iris_gazebo) by extension 'ros'
[0.242s] Level 1:colcon.colcon_core.package_identification:_identify(src/iris_gazebo) by extensions ['cmake', 'python']
[0.242s] Level 1:colcon.colcon_core.package_identification:_identify(src/iris_gazebo) by extension 'cmake'
[0.242s] Level 1:colcon.colcon_core.package_identification:_identify(src/iris_gazebo) by extension 'python'
[0.242s] Level 1:colcon.colcon_core.package_identification:_identify(src/iris_gazebo) by extensions ['python_setup_py']
[0.242s] Level 1:colcon.colcon_core.package_identification:_identify(src/iris_gazebo) by extension 'python_setup_py'
[0.242s] Level 1:colcon.colcon_core.package_identification:_identify(src/iris_gazebo/config) by extensions ['ignore', 'ignore_ament_install']
[0.242s] Level 1:colcon.colcon_core.package_identification:_identify(src/iris_gazebo/config) by extension 'ignore'
[0.242s] Level 1:colcon.colcon_core.package_identification:_identify(src/iris_gazebo/config) by extension 'ignore_ament_install'
[0.242s] Level 1:colcon.colcon_core.package_identification:_identify(src/iris_gazebo/config) by extensions ['colcon_pkg']
[0.242s] Level 1:colcon.colcon_core.package_identification:_identify(src/iris_gazebo/config) by extension 'colcon_pkg'
[0.242s] Level 1:colcon.colcon_core.package_identification:_identify(src/iris_gazebo/config) by extensions ['colcon_meta']
[0.242s] Level 1:colcon.colcon_core.package_identification:_identify(src/iris_gazebo/config) by extension 'colcon_meta'
[0.242s] Level 1:colcon.colcon_core.package_identification:_identify(src/iris_gazebo/config) by extensions ['ros']
[0.242s] Level 1:colcon.colcon_core.package_identification:_identify(src/iris_gazebo/config) by extension 'ros'
[0.242s] Level 1:colcon.colcon_core.package_identification:_identify(src/iris_gazebo/config) by extensions ['cmake', 'python']
[0.242s] Level 1:colcon.colcon_core.package_identification:_identify(src/iris_gazebo/config) by extension 'cmake'
[0.242s] Level 1:colcon.colcon_core.package_identification:_identify(src/iris_gazebo/config) by extension 'python'
[0.242s] Level 1:colcon.colcon_core.package_identification:_identify(src/iris_gazebo/config) by extensions ['python_setup_py']
[0.242s] Level 1:colcon.colcon_core.package_identification:_identify(src/iris_gazebo/config) by extension 'python_setup_py'
[0.242s] Level 1:colcon.colcon_core.package_identification:_identify(src/iris_gazebo/maps) by extensions ['ignore', 'ignore_ament_install']
[0.242s] Level 1:colcon.colcon_core.package_identification:_identify(src/iris_gazebo/maps) by extension 'ignore'
[0.243s] Level 1:colcon.colcon_core.package_identification:_identify(src/iris_gazebo/maps) by extension 'ignore_ament_install'
[0.243s] Level 1:colcon.colcon_core.package_identification:_identify(src/iris_gazebo/maps) by extensions ['colcon_pkg']
[0.243s] Level 1:colcon.colcon_core.package_identification:_identify(src/iris_gazebo/maps) by extension 'colcon_pkg'
[0.243s] Level 1:colcon.colcon_core.package_identification:_identify(src/iris_gazebo/maps) by extensions ['colcon_meta']
[0.243s] Level 1:colcon.colcon_core.package_identification:_identify(src/iris_gazebo/maps) by extension 'colcon_meta'
[0.243s] Level 1:colcon.colcon_core.package_identification:_identify(src/iris_gazebo/maps) by extensions ['ros']
[0.243s] Level 1:colcon.colcon_core.package_identification:_identify(src/iris_gazebo/maps) by extension 'ros'
[0.243s] Level 1:colcon.colcon_core.package_identification:_identify(src/iris_gazebo/maps) by extensions ['cmake', 'python']
[0.243s] Level 1:colcon.colcon_core.package_identification:_identify(src/iris_gazebo/maps) by extension 'cmake'
[0.243s] Level 1:colcon.colcon_core.package_identification:_identify(src/iris_gazebo/maps) by extension 'python'
[0.243s] Level 1:colcon.colcon_core.package_identification:_identify(src/iris_gazebo/maps) by extensions ['python_setup_py']
[0.243s] Level 1:colcon.colcon_core.package_identification:_identify(src/iris_gazebo/maps) by extension 'python_setup_py'
[0.243s] Level 1:colcon.colcon_core.package_identification:_identify(src/iris_gazebo/media) by extensions ['ignore', 'ignore_ament_install']
[0.243s] Level 1:colcon.colcon_core.package_identification:_identify(src/iris_gazebo/media) by extension 'ignore'
[0.243s] Level 1:colcon.colcon_core.package_identification:_identify(src/iris_gazebo/media) by extension 'ignore_ament_install'
[0.243s] Level 1:colcon.colcon_core.package_identification:_identify(src/iris_gazebo/media) by extensions ['colcon_pkg']
[0.243s] Level 1:colcon.colcon_core.package_identification:_identify(src/iris_gazebo/media) by extension 'colcon_pkg'
[0.243s] Level 1:colcon.colcon_core.package_identification:_identify(src/iris_gazebo/media) by extensions ['colcon_meta']
[0.243s] Level 1:colcon.colcon_core.package_identification:_identify(src/iris_gazebo/media) by extension 'colcon_meta'
[0.243s] Level 1:colcon.colcon_core.package_identification:_identify(src/iris_gazebo/media) by extensions ['ros']
[0.243s] Level 1:colcon.colcon_core.package_identification:_identify(src/iris_gazebo/media) by extension 'ros'
[0.244s] Level 1:colcon.colcon_core.package_identification:_identify(src/iris_gazebo/media) by extensions ['cmake', 'python']
[0.244s] Level 1:colcon.colcon_core.package_identification:_identify(src/iris_gazebo/media) by extension 'cmake'
[0.244s] Level 1:colcon.colcon_core.package_identification:_identify(src/iris_gazebo/media) by extension 'python'
[0.244s] Level 1:colcon.colcon_core.package_identification:_identify(src/iris_gazebo/media) by extensions ['python_setup_py']
[0.244s] Level 1:colcon.colcon_core.package_identification:_identify(src/iris_gazebo/media) by extension 'python_setup_py'
[0.244s] Level 1:colcon.colcon_core.package_identification:_identify(src/iris_gazebo/media/materials) by extensions ['ignore', 'ignore_ament_install']
[0.244s] Level 1:colcon.colcon_core.package_identification:_identify(src/iris_gazebo/media/materials) by extension 'ignore'
[0.244s] Level 1:colcon.colcon_core.package_identification:_identify(src/iris_gazebo/media/materials) by extension 'ignore_ament_install'
[0.244s] Level 1:colcon.colcon_core.package_identification:_identify(src/iris_gazebo/media/materials) by extensions ['colcon_pkg']
[0.244s] Level 1:colcon.colcon_core.package_identification:_identify(src/iris_gazebo/media/materials) by extension 'colcon_pkg'
[0.244s] Level 1:colcon.colcon_core.package_identification:_identify(src/iris_gazebo/media/materials) by extensions ['colcon_meta']
[0.244s] Level 1:colcon.colcon_core.package_identification:_identify(src/iris_gazebo/media/materials) by extension 'colcon_meta'
[0.244s] Level 1:colcon.colcon_core.package_identification:_identify(src/iris_gazebo/media/materials) by extensions ['ros']
[0.244s] Level 1:colcon.colcon_core.package_identification:_identify(src/iris_gazebo/media/materials) by extension 'ros'
[0.244s] Level 1:colcon.colcon_core.package_identification:_identify(src/iris_gazebo/media/materials) by extensions ['cmake', 'python']
[0.244s] Level 1:colcon.colcon_core.package_identification:_identify(src/iris_gazebo/media/materials) by extension 'cmake'
[0.244s] Level 1:colcon.colcon_core.package_identification:_identify(src/iris_gazebo/media/materials) by extension 'python'
[0.244s] Level 1:colcon.colcon_core.package_identification:_identify(src/iris_gazebo/media/materials) by extensions ['python_setup_py']
[0.244s] Level 1:colcon.colcon_core.package_identification:_identify(src/iris_gazebo/media/materials) by extension 'python_setup_py'
[0.244s] Level 1:colcon.colcon_core.package_identification:_identify(src/iris_gazebo/media/materials/scripts) by extensions ['ignore', 'ignore_ament_install']
[0.245s] Level 1:colcon.colcon_core.package_identification:_identify(src/iris_gazebo/media/materials/scripts) by extension 'ignore'
[0.245s] Level 1:colcon.colcon_core.package_identification:_identify(src/iris_gazebo/media/materials/scripts) by extension 'ignore_ament_install'
[0.245s] Level 1:colcon.colcon_core.package_identification:_identify(src/iris_gazebo/media/materials/scripts) by extensions ['colcon_pkg']
[0.245s] Level 1:colcon.colcon_core.package_identification:_identify(src/iris_gazebo/media/materials/scripts) by extension 'colcon_pkg'
[0.245s] Level 1:colcon.colcon_core.package_identification:_identify(src/iris_gazebo/media/materials/scripts) by extensions ['colcon_meta']
[0.245s] Level 1:colcon.colcon_core.package_identification:_identify(src/iris_gazebo/media/materials/scripts) by extension 'colcon_meta'
[0.245s] Level 1:colcon.colcon_core.package_identification:_identify(src/iris_gazebo/media/materials/scripts) by extensions ['ros']
[0.245s] Level 1:colcon.colcon_core.package_identification:_identify(src/iris_gazebo/media/materials/scripts) by extension 'ros'
[0.245s] Level 1:colcon.colcon_core.package_identification:_identify(src/iris_gazebo/media/materials/scripts) by extensions ['cmake', 'python']
[0.245s] Level 1:colcon.colcon_core.package_identification:_identify(src/iris_gazebo/media/materials/scripts) by extension 'cmake'
[0.245s] Level 1:colcon.colcon_core.package_identification:_identify(src/iris_gazebo/media/materials/scripts) by extension 'python'
[0.245s] Level 1:colcon.colcon_core.package_identification:_identify(src/iris_gazebo/media/materials/scripts) by extensions ['python_setup_py']
[0.245s] Level 1:colcon.colcon_core.package_identification:_identify(src/iris_gazebo/media/materials/scripts) by extension 'python_setup_py'
[0.245s] Level 1:colcon.colcon_core.package_identification:_identify(src/iris_gazebo/media/materials/textures) by extensions ['ignore', 'ignore_ament_install']
[0.245s] Level 1:colcon.colcon_core.package_identification:_identify(src/iris_gazebo/media/materials/textures) by extension 'ignore'
[0.245s] Level 1:colcon.colcon_core.package_identification:_identify(src/iris_gazebo/media/materials/textures) by extension 'ignore_ament_install'
[0.245s] Level 1:colcon.colcon_core.package_identification:_identify(src/iris_gazebo/media/materials/textures) by extensions ['colcon_pkg']
[0.245s] Level 1:colcon.colcon_core.package_identification:_identify(src/iris_gazebo/media/materials/textures) by extension 'colcon_pkg'
[0.245s] Level 1:colcon.colcon_core.package_identification:_identify(src/iris_gazebo/media/materials/textures) by extensions ['colcon_meta']
[0.245s] Level 1:colcon.colcon_core.package_identification:_identify(src/iris_gazebo/media/materials/textures) by extension 'colcon_meta'
[0.245s] Level 1:colcon.colcon_core.package_identification:_identify(src/iris_gazebo/media/materials/textures) by extensions ['ros']
[0.246s] Level 1:colcon.colcon_core.package_identification:_identify(src/iris_gazebo/media/materials/textures) by extension 'ros'
[0.246s] Level 1:colcon.colcon_core.package_identification:_identify(src/iris_gazebo/media/materials/textures) by extensions ['cmake', 'python']
[0.246s] Level 1:colcon.colcon_core.package_identification:_identify(src/iris_gazebo/media/materials/textures) by extension 'cmake'
[0.246s] Level 1:colcon.colcon_core.package_identification:_identify(src/iris_gazebo/media/materials/textures) by extension 'python'
[0.246s] Level 1:colcon.colcon_core.package_identification:_identify(src/iris_gazebo/media/materials/textures) by extensions ['python_setup_py']
[0.246s] Level 1:colcon.colcon_core.package_identification:_identify(src/iris_gazebo/media/materials/textures) by extension 'python_setup_py'
[0.246s] Level 1:colcon.colcon_core.package_identification:_identify(src/iris_gazebo/models) by extensions ['ignore', 'ignore_ament_install']
[0.246s] Level 1:colcon.colcon_core.package_identification:_identify(src/iris_gazebo/models) by extension 'ignore'
[0.246s] Level 1:colcon.colcon_core.package_identification:_identify(src/iris_gazebo/models) by extension 'ignore_ament_install'
[0.246s] Level 1:colcon.colcon_core.package_identification:_identify(src/iris_gazebo/models) by extensions ['colcon_pkg']
[0.246s] Level 1:colcon.colcon_core.package_identification:_identify(src/iris_gazebo/models) by extension 'colcon_pkg'
[0.246s] Level 1:colcon.colcon_core.package_identification:_identify(src/iris_gazebo/models) by extensions ['colcon_meta']
[0.246s] Level 1:colcon.colcon_core.package_identification:_identify(src/iris_gazebo/models) by extension 'colcon_meta'
[0.246s] Level 1:colcon.colcon_core.package_identification:_identify(src/iris_gazebo/models) by extensions ['ros']
[0.246s] Level 1:colcon.colcon_core.package_identification:_identify(src/iris_gazebo/models) by extension 'ros'
[0.246s] Level 1:colcon.colcon_core.package_identification:_identify(src/iris_gazebo/models) by extensions ['cmake', 'python']
[0.246s] Level 1:colcon.colcon_core.package_identification:_identify(src/iris_gazebo/models) by extension 'cmake'
[0.246s] Level 1:colcon.colcon_core.package_identification:_identify(src/iris_gazebo/models) by extension 'python'
[0.246s] Level 1:colcon.colcon_core.package_identification:_identify(src/iris_gazebo/models) by extensions ['python_setup_py']
[0.246s] Level 1:colcon.colcon_core.package_identification:_identify(src/iris_gazebo/models) by extension 'python_setup_py'
[0.246s] Level 1:colcon.colcon_core.package_identification:_identify(src/iris_gazebo/models/plants_model) by extensions ['ignore', 'ignore_ament_install']
[0.247s] Level 1:colcon.colcon_core.package_identification:_identify(src/iris_gazebo/models/plants_model) by extension 'ignore'
[0.247s] Level 1:colcon.colcon_core.package_identification:_identify(src/iris_gazebo/models/plants_model) by extension 'ignore_ament_install'
[0.247s] Level 1:colcon.colcon_core.package_identification:_identify(src/iris_gazebo/models/plants_model) by extensions ['colcon_pkg']
[0.247s] Level 1:colcon.colcon_core.package_identification:_identify(src/iris_gazebo/models/plants_model) by extension 'colcon_pkg'
[0.247s] Level 1:colcon.colcon_core.package_identification:_identify(src/iris_gazebo/models/plants_model) by extensions ['colcon_meta']
[0.247s] Level 1:colcon.colcon_core.package_identification:_identify(src/iris_gazebo/models/plants_model) by extension 'colcon_meta'
[0.247s] Level 1:colcon.colcon_core.package_identification:_identify(src/iris_gazebo/models/plants_model) by extensions ['ros']
[0.247s] Level 1:colcon.colcon_core.package_identification:_identify(src/iris_gazebo/models/plants_model) by extension 'ros'
[0.247s] Level 1:colcon.colcon_core.package_identification:_identify(src/iris_gazebo/models/plants_model) by extensions ['cmake', 'python']
[0.247s] Level 1:colcon.colcon_core.package_identification:_identify(src/iris_gazebo/models/plants_model) by extension 'cmake'
[0.247s] Level 1:colcon.colcon_core.package_identification:_identify(src/iris_gazebo/models/plants_model) by extension 'python'
[0.247s] Level 1:colcon.colcon_core.package_identification:_identify(src/iris_gazebo/models/plants_model) by extensions ['python_setup_py']
[0.247s] Level 1:colcon.colcon_core.package_identification:_identify(src/iris_gazebo/models/plants_model) by extension 'python_setup_py'
[0.247s] Level 1:colcon.colcon_core.package_identification:_identify(src/iris_gazebo/models/rails_model) by extensions ['ignore', 'ignore_ament_install']
[0.247s] Level 1:colcon.colcon_core.package_identification:_identify(src/iris_gazebo/models/rails_model) by extension 'ignore'
[0.247s] Level 1:colcon.colcon_core.package_identification:_identify(src/iris_gazebo/models/rails_model) by extension 'ignore_ament_install'
[0.247s] Level 1:colcon.colcon_core.package_identification:_identify(src/iris_gazebo/models/rails_model) by extensions ['colcon_pkg']
[0.247s] Level 1:colcon.colcon_core.package_identification:_identify(src/iris_gazebo/models/rails_model) by extension 'colcon_pkg'
[0.247s] Level 1:colcon.colcon_core.package_identification:_identify(src/iris_gazebo/models/rails_model) by extensions ['colcon_meta']
[0.247s] Level 1:colcon.colcon_core.package_identification:_identify(src/iris_gazebo/models/rails_model) by extension 'colcon_meta'
[0.247s] Level 1:colcon.colcon_core.package_identification:_identify(src/iris_gazebo/models/rails_model) by extensions ['ros']
[0.248s] Level 1:colcon.colcon_core.package_identification:_identify(src/iris_gazebo/models/rails_model) by extension 'ros'
[0.248s] Level 1:colcon.colcon_core.package_identification:_identify(src/iris_gazebo/models/rails_model) by extensions ['cmake', 'python']
[0.248s] Level 1:colcon.colcon_core.package_identification:_identify(src/iris_gazebo/models/rails_model) by extension 'cmake'
[0.248s] Level 1:colcon.colcon_core.package_identification:_identify(src/iris_gazebo/models/rails_model) by extension 'python'
[0.248s] Level 1:colcon.colcon_core.package_identification:_identify(src/iris_gazebo/models/rails_model) by extensions ['python_setup_py']
[0.248s] Level 1:colcon.colcon_core.package_identification:_identify(src/iris_gazebo/models/rails_model) by extension 'python_setup_py'
[0.248s] Level 1:colcon.colcon_core.package_identification:_identify(src/iris_gazebo/scripts) by extensions ['ignore', 'ignore_ament_install']
[0.248s] Level 1:colcon.colcon_core.package_identification:_identify(src/iris_gazebo/scripts) by extension 'ignore'
[0.248s] Level 1:colcon.colcon_core.package_identification:_identify(src/iris_gazebo/scripts) by extension 'ignore_ament_install'
[0.248s] Level 1:colcon.colcon_core.package_identification:_identify(src/iris_gazebo/scripts) by extensions ['colcon_pkg']
[0.248s] Level 1:colcon.colcon_core.package_identification:_identify(src/iris_gazebo/scripts) by extension 'colcon_pkg'
[0.248s] Level 1:colcon.colcon_core.package_identification:_identify(src/iris_gazebo/scripts) by extensions ['colcon_meta']
[0.248s] Level 1:colcon.colcon_core.package_identification:_identify(src/iris_gazebo/scripts) by extension 'colcon_meta'
[0.248s] Level 1:colcon.colcon_core.package_identification:_identify(src/iris_gazebo/scripts) by extensions ['ros']
[0.248s] Level 1:colcon.colcon_core.package_identification:_identify(src/iris_gazebo/scripts) by extension 'ros'
[0.248s] Level 1:colcon.colcon_core.package_identification:_identify(src/iris_gazebo/scripts) by extensions ['cmake', 'python']
[0.248s] Level 1:colcon.colcon_core.package_identification:_identify(src/iris_gazebo/scripts) by extension 'cmake'
[0.248s] Level 1:colcon.colcon_core.package_identification:_identify(src/iris_gazebo/scripts) by extension 'python'
[0.248s] Level 1:colcon.colcon_core.package_identification:_identify(src/iris_gazebo/scripts) by extensions ['python_setup_py']
[0.248s] Level 1:colcon.colcon_core.package_identification:_identify(src/iris_gazebo/scripts) by extension 'python_setup_py'
[0.248s] Level 1:colcon.colcon_core.package_identification:_identify(src/iris_gazebo/sounds) by extensions ['ignore', 'ignore_ament_install']
[0.249s] Level 1:colcon.colcon_core.package_identification:_identify(src/iris_gazebo/sounds) by extension 'ignore'
[0.249s] Level 1:colcon.colcon_core.package_identification:_identify(src/iris_gazebo/sounds) by extension 'ignore_ament_install'
[0.249s] Level 1:colcon.colcon_core.package_identification:_identify(src/iris_gazebo/sounds) by extensions ['colcon_pkg']
[0.249s] Level 1:colcon.colcon_core.package_identification:_identify(src/iris_gazebo/sounds) by extension 'colcon_pkg'
[0.249s] Level 1:colcon.colcon_core.package_identification:_identify(src/iris_gazebo/sounds) by extensions ['colcon_meta']
[0.249s] Level 1:colcon.colcon_core.package_identification:_identify(src/iris_gazebo/sounds) by extension 'colcon_meta'
[0.249s] Level 1:colcon.colcon_core.package_identification:_identify(src/iris_gazebo/sounds) by extensions ['ros']
[0.249s] Level 1:colcon.colcon_core.package_identification:_identify(src/iris_gazebo/sounds) by extension 'ros'
[0.249s] Level 1:colcon.colcon_core.package_identification:_identify(src/iris_gazebo/sounds) by extensions ['cmake', 'python']
[0.249s] Level 1:colcon.colcon_core.package_identification:_identify(src/iris_gazebo/sounds) by extension 'cmake'
[0.249s] Level 1:colcon.colcon_core.package_identification:_identify(src/iris_gazebo/sounds) by extension 'python'
[0.249s] Level 1:colcon.colcon_core.package_identification:_identify(src/iris_gazebo/sounds) by extensions ['python_setup_py']
[0.249s] Level 1:colcon.colcon_core.package_identification:_identify(src/iris_gazebo/sounds) by extension 'python_setup_py'
[0.249s] Level 1:colcon.colcon_core.package_identification:_identify(src/iris_gazebo/src) by extensions ['ignore', 'ignore_ament_install']
[0.249s] Level 1:colcon.colcon_core.package_identification:_identify(src/iris_gazebo/src) by extension 'ignore'
[0.249s] Level 1:colcon.colcon_core.package_identification:_identify(src/iris_gazebo/src) by extension 'ignore_ament_install'
[0.249s] Level 1:colcon.colcon_core.package_identification:_identify(src/iris_gazebo/src) by extensions ['colcon_pkg']
[0.249s] Level 1:colcon.colcon_core.package_identification:_identify(src/iris_gazebo/src) by extension 'colcon_pkg'
[0.249s] Level 1:colcon.colcon_core.package_identification:_identify(src/iris_gazebo/src) by extensions ['colcon_meta']
[0.249s] Level 1:colcon.colcon_core.package_identification:_identify(src/iris_gazebo/src) by extension 'colcon_meta'
[0.250s] Level 1:colcon.colcon_core.package_identification:_identify(src/iris_gazebo/src) by extensions ['ros']
[0.250s] Level 1:colcon.colcon_core.package_identification:_identify(src/iris_gazebo/src) by extension 'ros'
[0.250s] Level 1:colcon.colcon_core.package_identification:_identify(src/iris_gazebo/src) by extensions ['cmake', 'python']
[0.250s] Level 1:colcon.colcon_core.package_identification:_identify(src/iris_gazebo/src) by extension 'cmake'
[0.250s] Level 1:colcon.colcon_core.package_identification:_identify(src/iris_gazebo/src) by extension 'python'
[0.250s] Level 1:colcon.colcon_core.package_identification:_identify(src/iris_gazebo/src) by extensions ['python_setup_py']
[0.250s] Level 1:colcon.colcon_core.package_identification:_identify(src/iris_gazebo/src) by extension 'python_setup_py'
[0.250s] Level 1:colcon.colcon_core.package_identification:_identify(src/iris_gazebo/urdf) by extensions ['ignore', 'ignore_ament_install']
[0.250s] Level 1:colcon.colcon_core.package_identification:_identify(src/iris_gazebo/urdf) by extension 'ignore'
[0.250s] Level 1:colcon.colcon_core.package_identification:_identify(src/iris_gazebo/urdf) by extension 'ignore_ament_install'
[0.250s] Level 1:colcon.colcon_core.package_identification:_identify(src/iris_gazebo/urdf) by extensions ['colcon_pkg']
[0.250s] Level 1:colcon.colcon_core.package_identification:_identify(src/iris_gazebo/urdf) by extension 'colcon_pkg'
[0.250s] Level 1:colcon.colcon_core.package_identification:_identify(src/iris_gazebo/urdf) by extensions ['colcon_meta']
[0.250s] Level 1:colcon.colcon_core.package_identification:_identify(src/iris_gazebo/urdf) by extension 'colcon_meta'
[0.250s] Level 1:colcon.colcon_core.package_identification:_identify(src/iris_gazebo/urdf) by extensions ['ros']
[0.250s] Level 1:colcon.colcon_core.package_identification:_identify(src/iris_gazebo/urdf) by extension 'ros'
[0.250s] Level 1:colcon.colcon_core.package_identification:_identify(src/iris_gazebo/urdf) by extensions ['cmake', 'python']
[0.250s] Level 1:colcon.colcon_core.package_identification:_identify(src/iris_gazebo/urdf) by extension 'cmake'
[0.250s] Level 1:colcon.colcon_core.package_identification:_identify(src/iris_gazebo/urdf) by extension 'python'
[0.250s] Level 1:colcon.colcon_core.package_identification:_identify(src/iris_gazebo/urdf) by extensions ['python_setup_py']
[0.250s] Level 1:colcon.colcon_core.package_identification:_identify(src/iris_gazebo/urdf) by extension 'python_setup_py'
[0.250s] Level 1:colcon.colcon_core.package_identification:_identify(src/iris_gazebo/usd) by extensions ['ignore', 'ignore_ament_install']
[0.251s] Level 1:colcon.colcon_core.package_identification:_identify(src/iris_gazebo/usd) by extension 'ignore'
[0.251s] Level 1:colcon.colcon_core.package_identification:_identify(src/iris_gazebo/usd) by extension 'ignore_ament_install'
[0.251s] Level 1:colcon.colcon_core.package_identification:_identify(src/iris_gazebo/usd) by extensions ['colcon_pkg']
[0.251s] Level 1:colcon.colcon_core.package_identification:_identify(src/iris_gazebo/usd) by extension 'colcon_pkg'
[0.251s] Level 1:colcon.colcon_core.package_identification:_identify(src/iris_gazebo/usd) by extensions ['colcon_meta']
[0.251s] Level 1:colcon.colcon_core.package_identification:_identify(src/iris_gazebo/usd) by extension 'colcon_meta'
[0.251s] Level 1:colcon.colcon_core.package_identification:_identify(src/iris_gazebo/usd) by extensions ['ros']
[0.251s] Level 1:colcon.colcon_core.package_identification:_identify(src/iris_gazebo/usd) by extension 'ros'
[0.251s] Level 1:colcon.colcon_core.package_identification:_identify(src/iris_gazebo/usd) by extensions ['cmake', 'python']
[0.251s] Level 1:colcon.colcon_core.package_identification:_identify(src/iris_gazebo/usd) by extension 'cmake'
[0.251s] Level 1:colcon.colcon_core.package_identification:_identify(src/iris_gazebo/usd) by extension 'python'
[0.251s] Level 1:colcon.colcon_core.package_identification:_identify(src/iris_gazebo/usd) by extensions ['python_setup_py']
[0.251s] Level 1:colcon.colcon_core.package_identification:_identify(src/iris_gazebo/usd) by extension 'python_setup_py'
[0.251s] Level 1:colcon.colcon_core.package_identification:_identify(src/iris_gazebo/usd/plants) by extensions ['ignore', 'ignore_ament_install']
[0.251s] Level 1:colcon.colcon_core.package_identification:_identify(src/iris_gazebo/usd/plants) by extension 'ignore'
[0.251s] Level 1:colcon.colcon_core.package_identification:_identify(src/iris_gazebo/usd/plants) by extension 'ignore_ament_install'
[0.251s] Level 1:colcon.colcon_core.package_identification:_identify(src/iris_gazebo/usd/plants) by extensions ['colcon_pkg']
[0.251s] Level 1:colcon.colcon_core.package_identification:_identify(src/iris_gazebo/usd/plants) by extension 'colcon_pkg'
[0.251s] Level 1:colcon.colcon_core.package_identification:_identify(src/iris_gazebo/usd/plants) by extensions ['colcon_meta']
[0.251s] Level 1:colcon.colcon_core.package_identification:_identify(src/iris_gazebo/usd/plants) by extension 'colcon_meta'
[0.251s] Level 1:colcon.colcon_core.package_identification:_identify(src/iris_gazebo/usd/plants) by extensions ['ros']
[0.252s] Level 1:colcon.colcon_core.package_identification:_identify(src/iris_gazebo/usd/plants) by extension 'ros'
[0.252s] Level 1:colcon.colcon_core.package_identification:_identify(src/iris_gazebo/usd/plants) by extensions ['cmake', 'python']
[0.252s] Level 1:colcon.colcon_core.package_identification:_identify(src/iris_gazebo/usd/plants) by extension 'cmake'
[0.252s] Level 1:colcon.colcon_core.package_identification:_identify(src/iris_gazebo/usd/plants) by extension 'python'
[0.252s] Level 1:colcon.colcon_core.package_identification:_identify(src/iris_gazebo/usd/plants) by extensions ['python_setup_py']
[0.252s] Level 1:colcon.colcon_core.package_identification:_identify(src/iris_gazebo/usd/plants) by extension 'python_setup_py'
[0.252s] Level 1:colcon.colcon_core.package_identification:_identify(src/iris_gazebo/usd/rails) by extensions ['ignore', 'ignore_ament_install']
[0.252s] Level 1:colcon.colcon_core.package_identification:_identify(src/iris_gazebo/usd/rails) by extension 'ignore'
[0.252s] Level 1:colcon.colcon_core.package_identification:_identify(src/iris_gazebo/usd/rails) by extension 'ignore_ament_install'
[0.252s] Level 1:colcon.colcon_core.package_identification:_identify(src/iris_gazebo/usd/rails) by extensions ['colcon_pkg']
[0.252s] Level 1:colcon.colcon_core.package_identification:_identify(src/iris_gazebo/usd/rails) by extension 'colcon_pkg'
[0.252s] Level 1:colcon.colcon_core.package_identification:_identify(src/iris_gazebo/usd/rails) by extensions ['colcon_meta']
[0.252s] Level 1:colcon.colcon_core.package_identification:_identify(src/iris_gazebo/usd/rails) by extension 'colcon_meta'
[0.252s] Level 1:colcon.colcon_core.package_identification:_identify(src/iris_gazebo/usd/rails) by extensions ['ros']
[0.252s] Level 1:colcon.colcon_core.package_identification:_identify(src/iris_gazebo/usd/rails) by extension 'ros'
[0.252s] Level 1:colcon.colcon_core.package_identification:_identify(src/iris_gazebo/usd/rails) by extensions ['cmake', 'python']
[0.252s] Level 1:colcon.colcon_core.package_identification:_identify(src/iris_gazebo/usd/rails) by extension 'cmake'
[0.252s] Level 1:colcon.colcon_core.package_identification:_identify(src/iris_gazebo/usd/rails) by extension 'python'
[0.252s] Level 1:colcon.colcon_core.package_identification:_identify(src/iris_gazebo/usd/rails) by extensions ['python_setup_py']
[0.252s] Level 1:colcon.colcon_core.package_identification:_identify(src/iris_gazebo/usd/rails) by extension 'python_setup_py'
[0.253s] Level 1:colcon.colcon_core.package_identification:_identify(src/iris_gazebo/worlds) by extensions ['ignore', 'ignore_ament_install']
[0.253s] Level 1:colcon.colcon_core.package_identification:_identify(src/iris_gazebo/worlds) by extension 'ignore'
[0.253s] Level 1:colcon.colcon_core.package_identification:_identify(src/iris_gazebo/worlds) by extension 'ignore_ament_install'
[0.253s] Level 1:colcon.colcon_core.package_identification:_identify(src/iris_gazebo/worlds) by extensions ['colcon_pkg']
[0.253s] Level 1:colcon.colcon_core.package_identification:_identify(src/iris_gazebo/worlds) by extension 'colcon_pkg'
[0.253s] Level 1:colcon.colcon_core.package_identification:_identify(src/iris_gazebo/worlds) by extensions ['colcon_meta']
[0.253s] Level 1:colcon.colcon_core.package_identification:_identify(src/iris_gazebo/worlds) by extension 'colcon_meta'
[0.253s] Level 1:colcon.colcon_core.package_identification:_identify(src/iris_gazebo/worlds) by extensions ['ros']
[0.253s] Level 1:colcon.colcon_core.package_identification:_identify(src/iris_gazebo/worlds) by extension 'ros'
[0.253s] Level 1:colcon.colcon_core.package_identification:_identify(src/iris_gazebo/worlds) by extensions ['cmake', 'python']
[0.253s] Level 1:colcon.colcon_core.package_identification:_identify(src/iris_gazebo/worlds) by extension 'cmake'
[0.253s] Level 1:colcon.colcon_core.package_identification:_identify(src/iris_gazebo/worlds) by extension 'python'
[0.253s] Level 1:colcon.colcon_core.package_identification:_identify(src/iris_gazebo/worlds) by extensions ['python_setup_py']
[0.253s] Level 1:colcon.colcon_core.package_identification:_identify(src/iris_gazebo/worlds) by extension 'python_setup_py'
[0.253s] Level 1:colcon.colcon_core.package_identification:_identify(src/kinova_base_moveit) by extensions ['ignore', 'ignore_ament_install']
[0.253s] Level 1:colcon.colcon_core.package_identification:_identify(src/kinova_base_moveit) by extension 'ignore'
[0.253s] Level 1:colcon.colcon_core.package_identification:_identify(src/kinova_base_moveit) by extension 'ignore_ament_install'
[0.253s] Level 1:colcon.colcon_core.package_identification:_identify(src/kinova_base_moveit) by extensions ['colcon_pkg']
[0.254s] Level 1:colcon.colcon_core.package_identification:_identify(src/kinova_base_moveit) by extension 'colcon_pkg'
[0.254s] Level 1:colcon.colcon_core.package_identification:_identify(src/kinova_base_moveit) by extensions ['colcon_meta']
[0.254s] Level 1:colcon.colcon_core.package_identification:_identify(src/kinova_base_moveit) by extension 'colcon_meta'
[0.254s] Level 1:colcon.colcon_core.package_identification:_identify(src/kinova_base_moveit) by extensions ['ros']
[0.254s] Level 1:colcon.colcon_core.package_identification:_identify(src/kinova_base_moveit) by extension 'ros'
[0.254s] DEBUG:colcon.colcon_core.package_identification:Package 'src/kinova_base_moveit' with type 'ros.ament_cmake' and name 'kinova_base_moveit'
[0.254s] Level 1:colcon.colcon_core.package_identification:_identify(src/kinova_moveit) by extensions ['ignore', 'ignore_ament_install']
[0.254s] Level 1:colcon.colcon_core.package_identification:_identify(src/kinova_moveit) by extension 'ignore'
[0.255s] Level 1:colcon.colcon_core.package_identification:_identify(src/kinova_moveit) by extension 'ignore_ament_install'
[0.255s] Level 1:colcon.colcon_core.package_identification:_identify(src/kinova_moveit) by extensions ['colcon_pkg']
[0.255s] Level 1:colcon.colcon_core.package_identification:_identify(src/kinova_moveit) by extension 'colcon_pkg'
[0.255s] Level 1:colcon.colcon_core.package_identification:_identify(src/kinova_moveit) by extensions ['colcon_meta']
[0.255s] Level 1:colcon.colcon_core.package_identification:_identify(src/kinova_moveit) by extension 'colcon_meta'
[0.255s] Level 1:colcon.colcon_core.package_identification:_identify(src/kinova_moveit) by extensions ['ros']
[0.255s] Level 1:colcon.colcon_core.package_identification:_identify(src/kinova_moveit) by extension 'ros'
[0.255s] DEBUG:colcon.colcon_core.package_identification:Package 'src/kinova_moveit' with type 'ros.ament_cmake' and name 'kinova_moveit'
[0.256s] Level 1:colcon.colcon_core.package_identification:_identify(src/move_interface_py) by extensions ['ignore', 'ignore_ament_install']
[0.256s] Level 1:colcon.colcon_core.package_identification:_identify(src/move_interface_py) by extension 'ignore'
[0.256s] Level 1:colcon.colcon_core.package_identification:_identify(src/move_interface_py) by extension 'ignore_ament_install'
[0.256s] Level 1:colcon.colcon_core.package_identification:_identify(src/move_interface_py) by extensions ['colcon_pkg']
[0.256s] Level 1:colcon.colcon_core.package_identification:_identify(src/move_interface_py) by extension 'colcon_pkg'
[0.256s] Level 1:colcon.colcon_core.package_identification:_identify(src/move_interface_py) by extensions ['colcon_meta']
[0.256s] Level 1:colcon.colcon_core.package_identification:_identify(src/move_interface_py) by extension 'colcon_meta'
[0.256s] Level 1:colcon.colcon_core.package_identification:_identify(src/move_interface_py) by extensions ['ros']
[0.256s] Level 1:colcon.colcon_core.package_identification:_identify(src/move_interface_py) by extension 'ros'
[0.256s] DEBUG:colcon.colcon_core.package_identification:Package 'src/move_interface_py' with type 'ros.ament_cmake' and name 'move_interface_py'
[0.256s] Level 1:colcon.colcon_core.package_identification:_identify(src/moveit_interface) by extensions ['ignore', 'ignore_ament_install']
[0.256s] Level 1:colcon.colcon_core.package_identification:_identify(src/moveit_interface) by extension 'ignore'
[0.256s] Level 1:colcon.colcon_core.package_identification:_identify(src/moveit_interface) by extension 'ignore_ament_install'
[0.257s] Level 1:colcon.colcon_core.package_identification:_identify(src/moveit_interface) by extensions ['colcon_pkg']
[0.257s] Level 1:colcon.colcon_core.package_identification:_identify(src/moveit_interface) by extension 'colcon_pkg'
[0.257s] Level 1:colcon.colcon_core.package_identification:_identify(src/moveit_interface) by extensions ['colcon_meta']
[0.257s] Level 1:colcon.colcon_core.package_identification:_identify(src/moveit_interface) by extension 'colcon_meta'
[0.257s] Level 1:colcon.colcon_core.package_identification:_identify(src/moveit_interface) by extensions ['ros']
[0.257s] Level 1:colcon.colcon_core.package_identification:_identify(src/moveit_interface) by extension 'ros'
[0.257s] DEBUG:colcon.colcon_core.package_identification:Package 'src/moveit_interface' with type 'ros.ament_cmake' and name 'moveit_interface'
[0.257s] Level 1:colcon.colcon_core.package_identification:_identify(src/moveit_interface_py) by extensions ['ignore', 'ignore_ament_install']
[0.257s] Level 1:colcon.colcon_core.package_identification:_identify(src/moveit_interface_py) by extension 'ignore'
[0.257s] Level 1:colcon.colcon_core.package_identification:_identify(src/moveit_interface_py) by extension 'ignore_ament_install'
[0.258s] Level 1:colcon.colcon_core.package_identification:_identify(src/moveit_interface_py) by extensions ['colcon_pkg']
[0.258s] Level 1:colcon.colcon_core.package_identification:_identify(src/moveit_interface_py) by extension 'colcon_pkg'
[0.258s] Level 1:colcon.colcon_core.package_identification:_identify(src/moveit_interface_py) by extensions ['colcon_meta']
[0.258s] Level 1:colcon.colcon_core.package_identification:_identify(src/moveit_interface_py) by extension 'colcon_meta'
[0.258s] Level 1:colcon.colcon_core.package_identification:_identify(src/moveit_interface_py) by extensions ['ros']
[0.258s] Level 1:colcon.colcon_core.package_identification:_identify(src/moveit_interface_py) by extension 'ros'
[0.258s] DEBUG:colcon.colcon_core.package_identification:Package 'src/moveit_interface_py' with type 'ros.ament_python' and name 'moveit_interface_py'
[0.258s] Level 1:colcon.colcon_core.package_identification:_identify(src/support_kinova_moveit) by extensions ['ignore', 'ignore_ament_install']
[0.258s] Level 1:colcon.colcon_core.package_identification:_identify(src/support_kinova_moveit) by extension 'ignore'
[0.258s] Level 1:colcon.colcon_core.package_identification:_identify(src/support_kinova_moveit) by extension 'ignore_ament_install'
[0.258s] Level 1:colcon.colcon_core.package_identification:_identify(src/support_kinova_moveit) by extensions ['colcon_pkg']
[0.258s] Level 1:colcon.colcon_core.package_identification:_identify(src/support_kinova_moveit) by extension 'colcon_pkg'
[0.258s] Level 1:colcon.colcon_core.package_identification:_identify(src/support_kinova_moveit) by extensions ['colcon_meta']
[0.258s] Level 1:colcon.colcon_core.package_identification:_identify(src/support_kinova_moveit) by extension 'colcon_meta'
[0.258s] Level 1:colcon.colcon_core.package_identification:_identify(src/support_kinova_moveit) by extensions ['ros']
[0.259s] Level 1:colcon.colcon_core.package_identification:_identify(src/support_kinova_moveit) by extension 'ros'
[0.259s] DEBUG:colcon.colcon_core.package_identification:Package 'src/support_kinova_moveit' with type 'ros.ament_python' and name 'support_kinova_moveit'
[0.259s] Level 1:colcon.colcon_core.package_discovery:discover_packages(recursive) using defaults
[0.259s] Level 1:colcon.colcon_core.package_discovery:discover_packages(ignore) discover
[0.259s] Level 1:colcon.colcon_core.package_discovery:discover_packages(ignore) using defaults
[0.259s] Level 1:colcon.colcon_core.package_discovery:discover_packages(path) discover
[0.259s] Level 1:colcon.colcon_core.package_discovery:discover_packages(path) using defaults
[0.278s] INFO:colcon.colcon_core.package_selection:Skipping not selected package 'antworker_description' in 'src/antworker_description'
[0.278s] INFO:colcon.colcon_core.package_selection:Skipping not selected package 'antworker_navigation' in 'src/antworker_navigation'
[0.278s] INFO:colcon.colcon_core.package_selection:Skipping not selected package 'gz_test' in 'src/gz_test'
[0.278s] INFO:colcon.colcon_core.package_selection:Skipping not selected package 'move_interface_py' in 'src/move_interface_py'
[0.278s] INFO:colcon.colcon_core.package_selection:Skipping not selected package 'moveit_interface' in 'src/moveit_interface'
[0.278s] INFO:colcon.colcon_core.package_selection:Skipping not selected package 'support_kinova_moveit' in 'src/support_kinova_moveit'
[0.278s] INFO:colcon.colcon_core.package_selection:Skipping not selected package 'kinova_base_moveit' in 'src/kinova_base_moveit'
[0.278s] INFO:colcon.colcon_core.package_selection:Skipping not selected package 'kinova_moveit' in 'src/kinova_moveit'
[0.278s] Level 5:colcon.colcon_core.verb:set package 'moveit_interface_py' build argument 'cmake_args' from command line to 'None'
[0.278s] Level 5:colcon.colcon_core.verb:set package 'moveit_interface_py' build argument 'cmake_target' from command line to 'None'
[0.278s] Level 5:colcon.colcon_core.verb:set package 'moveit_interface_py' build argument 'cmake_target_skip_unavailable' from command line to 'False'
[0.278s] Level 5:colcon.colcon_core.verb:set package 'moveit_interface_py' build argument 'cmake_clean_cache' from command line to 'False'
[0.278s] Level 5:colcon.colcon_core.verb:set package 'moveit_interface_py' build argument 'cmake_clean_first' from command line to 'False'
[0.278s] Level 5:colcon.colcon_core.verb:set package 'moveit_interface_py' build argument 'cmake_force_configure' from command line to 'False'
[0.278s] Level 5:colcon.colcon_core.verb:set package 'moveit_interface_py' build argument 'ament_cmake_args' from command line to 'None'
[0.279s] Level 5:colcon.colcon_core.verb:set package 'moveit_interface_py' build argument 'catkin_cmake_args' from command line to 'None'
[0.279s] Level 5:colcon.colcon_core.verb:set package 'moveit_interface_py' build argument 'catkin_skip_building_tests' from command line to 'False'
[0.279s] DEBUG:colcon.colcon_core.verb:Building package 'moveit_interface_py' with the following arguments: {'ament_cmake_args': None, 'build_base': '/home/humble_ws/build/moveit_interface_py', 'catkin_cmake_args': None, 'catkin_skip_building_tests': False, 'cmake_args': None, 'cmake_clean_cache': False, 'cmake_clean_first': False, 'cmake_force_configure': False, 'cmake_target': None, 'cmake_target_skip_unavailable': False, 'install_base': '/home/humble_ws/install/moveit_interface_py', 'merge_install': False, 'path': '/home/humble_ws/src/moveit_interface_py', 'symlink_install': False, 'test_result_base': None}
[0.279s] INFO:colcon.colcon_core.executor:Executing jobs using 'parallel' executor
[0.280s] DEBUG:colcon.colcon_parallel_executor.executor.parallel:run_until_complete
[0.280s] INFO:colcon.colcon_ros.task.ament_python.build:Building ROS package in '/home/humble_ws/src/moveit_interface_py' with build type 'ament_python'
[0.280s] Level 1:colcon.colcon_core.shell:create_environment_hook('moveit_interface_py', 'ament_prefix_path')
[0.282s] INFO:colcon.colcon_core.plugin_system:Skipping extension 'colcon_core.shell.bat': Not used on non-Windows systems
[0.283s] INFO:colcon.colcon_core.shell:Creating environment hook '/home/humble_ws/install/moveit_interface_py/share/moveit_interface_py/hook/ament_prefix_path.ps1'
[0.283s] INFO:colcon.colcon_core.shell:Creating environment descriptor '/home/humble_ws/install/moveit_interface_py/share/moveit_interface_py/hook/ament_prefix_path.dsv'
[0.284s] INFO:colcon.colcon_core.shell:Creating environment hook '/home/humble_ws/install/moveit_interface_py/share/moveit_interface_py/hook/ament_prefix_path.sh'
[0.284s] INFO:colcon.colcon_core.shell:Skip shell extension 'powershell' for command environment: Not usable outside of PowerShell
[0.284s] DEBUG:colcon.colcon_core.shell:Skip shell extension 'dsv' for command environment
[0.490s] INFO:colcon.colcon_core.task.python.build:Building Python package in '/home/humble_ws/src/moveit_interface_py'
[0.490s] INFO:colcon.colcon_core.shell:Skip shell extension 'powershell' for command environment: Not usable outside of PowerShell
[0.490s] DEBUG:colcon.colcon_core.shell:Skip shell extension 'dsv' for command environment
[0.864s] DEBUG:colcon.colcon_core.event_handler.log_command:Invoking command in '/home/humble_ws/src/moveit_interface_py': PYTHONPATH=/home/humble_ws/build/moveit_interface_py/prefix_override:/home/humble_ws/install/moveit_interface_py/lib/python3.10/site-packages:${PYTHONPATH} /usr/bin/python3 -W ignore:setup.py install is deprecated setup.py egg_info --egg-base ../../build/moveit_interface_py build --build-base /home/humble_ws/build/moveit_interface_py/build install --record /home/humble_ws/build/moveit_interface_py/install.log --single-version-externally-managed install_data
[1.081s] DEBUG:colcon.colcon_core.event_handler.log_command:Invoked command in '/home/humble_ws/src/moveit_interface_py' returned '0': PYTHONPATH=/home/humble_ws/build/moveit_interface_py/prefix_override:/home/humble_ws/install/moveit_interface_py/lib/python3.10/site-packages:${PYTHONPATH} /usr/bin/python3 -W ignore:setup.py install is deprecated setup.py egg_info --egg-base ../../build/moveit_interface_py build --build-base /home/humble_ws/build/moveit_interface_py/build install --record /home/humble_ws/build/moveit_interface_py/install.log --single-version-externally-managed install_data
[1.083s] Level 1:colcon.colcon_core.environment:checking '/home/humble_ws/install/moveit_interface_py' for CMake module files
[1.083s] Level 1:colcon.colcon_core.environment:checking '/home/humble_ws/install/moveit_interface_py' for CMake config files
[1.084s] Level 1:colcon.colcon_core.environment:checking '/home/humble_ws/install/moveit_interface_py/lib'
[1.084s] Level 1:colcon.colcon_core.environment:checking '/home/humble_ws/install/moveit_interface_py/bin'
[1.084s] Level 1:colcon.colcon_core.environment:checking '/home/humble_ws/install/moveit_interface_py/lib/pkgconfig/moveit_interface_py.pc'
[1.084s] Level 1:colcon.colcon_core.environment:checking '/home/humble_ws/install/moveit_interface_py/lib/python3.10/site-packages'
[1.085s] Level 1:colcon.colcon_core.shell:create_environment_hook('moveit_interface_py', 'pythonpath')
[1.085s] INFO:colcon.colcon_core.shell:Creating environment hook '/home/humble_ws/install/moveit_interface_py/share/moveit_interface_py/hook/pythonpath.ps1'
[1.085s] INFO:colcon.colcon_core.shell:Creating environment descriptor '/home/humble_ws/install/moveit_interface_py/share/moveit_interface_py/hook/pythonpath.dsv'
[1.085s] INFO:colcon.colcon_core.shell:Creating environment hook '/home/humble_ws/install/moveit_interface_py/share/moveit_interface_py/hook/pythonpath.sh'
[1.086s] Level 1:colcon.colcon_core.environment:checking '/home/humble_ws/install/moveit_interface_py/bin'
[1.086s] Level 1:colcon.colcon_core.environment:create_environment_scripts_only(moveit_interface_py)
[1.086s] INFO:colcon.colcon_core.shell:Creating package script '/home/humble_ws/install/moveit_interface_py/share/moveit_interface_py/package.ps1'
[1.087s] INFO:colcon.colcon_core.shell:Creating package descriptor '/home/humble_ws/install/moveit_interface_py/share/moveit_interface_py/package.dsv'
[1.087s] INFO:colcon.colcon_core.shell:Creating package script '/home/humble_ws/install/moveit_interface_py/share/moveit_interface_py/package.sh'
[1.088s] INFO:colcon.colcon_core.shell:Creating package script '/home/humble_ws/install/moveit_interface_py/share/moveit_interface_py/package.bash'
[1.088s] INFO:colcon.colcon_core.shell:Creating package script '/home/humble_ws/install/moveit_interface_py/share/moveit_interface_py/package.zsh'
[1.089s] Level 1:colcon.colcon_core.environment:create_file_with_runtime_dependencies(/home/humble_ws/install/moveit_interface_py/share/colcon-core/packages/moveit_interface_py)
[1.089s] DEBUG:colcon.colcon_parallel_executor.executor.parallel:closing loop
[1.090s] DEBUG:colcon.colcon_parallel_executor.executor.parallel:loop closed
[1.090s] DEBUG:colcon.colcon_parallel_executor.executor.parallel:run_until_complete finished with '0'
[1.090s] DEBUG:colcon.colcon_core.event_reactor:joining thread
[1.094s] INFO:colcon.colcon_core.plugin_system:Skipping extension 'colcon_notification.desktop_notification.notify_send': Could not find 'notify-send'
[1.095s] INFO:colcon.colcon_core.plugin_system:Skipping extension 'colcon_notification.desktop_notification.terminal_notifier': Not used on non-Darwin systems
[1.095s] INFO:colcon.colcon_core.plugin_system:Skipping extension 'colcon_notification.desktop_notification.win32': Not used on non-Windows systems
[1.095s] INFO:colcon.colcon_notification.desktop_notification:Sending desktop notification using 'notify2'
[1.135s] DEBUG:colcon.colcon_notification.desktop_notification.notify2:Failed to initialize notify2: org.freedesktop.DBus.Error.ServiceUnknown: The name org.freedesktop.Notifications was not provided by any .service files
[1.135s] DEBUG:colcon.colcon_core.event_reactor:joined thread
[1.135s] INFO:colcon.colcon_core.shell:Creating prefix script '/home/humble_ws/install/local_setup.ps1'
[1.137s] INFO:colcon.colcon_core.shell:Creating prefix util module '/home/humble_ws/install/_local_setup_util_ps1.py'
[1.138s] INFO:colcon.colcon_core.shell:Creating prefix chain script '/home/humble_ws/install/setup.ps1'
[1.139s] INFO:colcon.colcon_core.shell:Creating prefix script '/home/humble_ws/install/local_setup.sh'
[1.139s] INFO:colcon.colcon_core.shell:Creating prefix util module '/home/humble_ws/install/_local_setup_util_sh.py'
[1.139s] INFO:colcon.colcon_core.shell:Creating prefix chain script '/home/humble_ws/install/setup.sh'
[1.140s] INFO:colcon.colcon_core.shell:Creating prefix script '/home/humble_ws/install/local_setup.bash'
[1.141s] INFO:colcon.colcon_core.shell:Creating prefix chain script '/home/humble_ws/install/setup.bash'
[1.141s] INFO:colcon.colcon_core.shell:Creating prefix script '/home/humble_ws/install/local_setup.zsh'
[1.142s] INFO:colcon.colcon_core.shell:Creating prefix chain script '/home/humble_ws/install/setup.zsh'
