[1.383s] Invoking command in '/home/humble_ws/src/realsense_bringup': PYTHONPATH=/home/humble_ws/build/realsense_bringup/prefix_override:/home/humble_ws/install/realsense_bringup/lib/python3.10/site-packages:${PYTHONPATH} /usr/bin/python3 -W ignore:setup.py install is deprecated setup.py egg_info --egg-base ../../build/realsense_bringup build --build-base /home/humble_ws/build/realsense_bringup/build install --record /home/humble_ws/build/realsense_bringup/install.log --single-version-externally-managed install_data
[1.612s] running egg_info
[1.612s] writing ../../build/realsense_bringup/realsense_bringup.egg-info/PKG-INFO
[1.613s] writing dependency_links to ../../build/realsense_bringup/realsense_bringup.egg-info/dependency_links.txt
[1.613s] writing entry points to ../../build/realsense_bringup/realsense_bringup.egg-info/entry_points.txt
[1.613s] writing requirements to ../../build/realsense_bringup/realsense_bringup.egg-info/requires.txt
[1.613s] writing top-level names to ../../build/realsense_bringup/realsense_bringup.egg-info/top_level.txt
[1.615s] reading manifest file '../../build/realsense_bringup/realsense_bringup.egg-info/SOURCES.txt'
[1.615s] writing manifest file '../../build/realsense_bringup/realsense_bringup.egg-info/SOURCES.txt'
[1.616s] running build
[1.616s] running build_py
[1.616s] copying realsense_bringup/tf_filter.py -> /home/humble_ws/build/realsense_bringup/build/lib/realsense_bringup
[1.616s] running install
[1.618s] running install_lib
[1.618s] copying /home/humble_ws/build/realsense_bringup/build/lib/realsense_bringup/tf_filter.py -> /home/humble_ws/install/realsense_bringup/lib/python3.10/site-packages/realsense_bringup
[1.618s] byte-compiling /home/humble_ws/install/realsense_bringup/lib/python3.10/site-packages/realsense_bringup/tf_filter.py to tf_filter.cpython-310.pyc
[1.619s] running install_data
[1.619s] running install_egg_info
[1.621s] removing '/home/humble_ws/install/realsense_bringup/lib/python3.10/site-packages/realsense_bringup-0.0.0-py3.10.egg-info' (and everything under it)
[1.622s] Copying ../../build/realsense_bringup/realsense_bringup.egg-info to /home/humble_ws/install/realsense_bringup/lib/python3.10/site-packages/realsense_bringup-0.0.0-py3.10.egg-info
[1.623s] running install_scripts
[1.646s] Installing tf_filter script to /home/humble_ws/install/realsense_bringup/lib/realsense_bringup
[1.646s] writing list of installed files to '/home/humble_ws/build/realsense_bringup/install.log'
[1.686s] Invoked command in '/home/humble_ws/src/realsense_bringup' returned '0': PYTHONPATH=/home/humble_ws/build/realsense_bringup/prefix_override:/home/humble_ws/install/realsense_bringup/lib/python3.10/site-packages:${PYTHONPATH} /usr/bin/python3 -W ignore:setup.py install is deprecated setup.py egg_info --egg-base ../../build/realsense_bringup build --build-base /home/humble_ws/build/realsense_bringup/build install --record /home/humble_ws/build/realsense_bringup/install.log --single-version-externally-managed install_data
