[0.008s] Invoking command in '/home/humble_ws/build/kinova_base_moveit': AMENT_PREFIX_PATH=/home/humble_ws/install/antworker_description:/home/humble_ws/install/support_kinova_moveit:/home/humble_ws/install/kinova_base_moveit:/opt/ros/humble CMAKE_PREFIX_PATH=${CMAKE_PREFIX_PATH}:/home/humble_ws/install/support_kinova_moveit:/home/humble_ws/install/antworker_description:/opt/ros/humble PYTHONPATH=/home/humble_ws/install/antworker_description/lib/python3.10/site-packages:/home/humble_ws/install/support_kinova_moveit/lib/python3.10/site-packages:/opt/ros/humble/lib/python3.10/site-packages:/opt/ros/humble/local/lib/python3.10/dist-packages /usr/bin/cmake /home/humble_ws/src/kinova_base_moveit -DCMAKE_INSTALL_PREFIX=/home/humble_ws/install/kinova_base_moveit
[0.065s] -- The C compiler identification is GNU 11.4.0
[0.123s] -- The CXX compiler identification is GNU 11.4.0
[0.130s] -- Detecting C compiler ABI info
[0.206s] -- Detecting C compiler ABI info - done
[0.212s] -- Check for working C compiler: /usr/bin/cc - skipped
[0.212s] -- Detecting C compile features
[0.212s] -- Detecting C compile features - done
[0.215s] -- Detecting CXX compiler ABI info
[0.300s] -- Detecting CXX compiler ABI info - done
[0.306s] -- Check for working CXX compiler: /usr/bin/c++ - skipped
[0.306s] -- Detecting CXX compile features
[0.307s] -- Detecting CXX compile features - done
[0.311s] -- Found ament_cmake: 1.3.8 (/opt/ros/humble/share/ament_cmake/cmake)
[0.440s] -- Found Python3: /usr/bin/python3 (found version "3.10.12") found components: Interpreter 
[0.599s] -- Configuring done
[0.602s] -- Generating done
[0.603s] -- Build files have been written to: /home/humble_ws/build/kinova_base_moveit
[0.608s] Invoked command in '/home/humble_ws/build/kinova_base_moveit' returned '0': AMENT_PREFIX_PATH=/home/humble_ws/install/antworker_description:/home/humble_ws/install/support_kinova_moveit:/home/humble_ws/install/kinova_base_moveit:/opt/ros/humble CMAKE_PREFIX_PATH=${CMAKE_PREFIX_PATH}:/home/humble_ws/install/support_kinova_moveit:/home/humble_ws/install/antworker_description:/opt/ros/humble PYTHONPATH=/home/humble_ws/install/antworker_description/lib/python3.10/site-packages:/home/humble_ws/install/support_kinova_moveit/lib/python3.10/site-packages:/opt/ros/humble/lib/python3.10/site-packages:/opt/ros/humble/local/lib/python3.10/dist-packages /usr/bin/cmake /home/humble_ws/src/kinova_base_moveit -DCMAKE_INSTALL_PREFIX=/home/humble_ws/install/kinova_base_moveit
[0.610s] Invoking command in '/home/humble_ws/build/kinova_base_moveit': AMENT_PREFIX_PATH=/home/humble_ws/install/antworker_description:/home/humble_ws/install/support_kinova_moveit:/home/humble_ws/install/kinova_base_moveit:/opt/ros/humble CMAKE_PREFIX_PATH=${CMAKE_PREFIX_PATH}:/home/humble_ws/install/support_kinova_moveit:/home/humble_ws/install/antworker_description:/opt/ros/humble PYTHONPATH=/home/humble_ws/install/antworker_description/lib/python3.10/site-packages:/home/humble_ws/install/support_kinova_moveit/lib/python3.10/site-packages:/opt/ros/humble/lib/python3.10/site-packages:/opt/ros/humble/local/lib/python3.10/dist-packages /usr/bin/cmake --build /home/humble_ws/build/kinova_base_moveit -- -j16 -l16
[0.654s] Invoked command in '/home/humble_ws/build/kinova_base_moveit' returned '0': AMENT_PREFIX_PATH=/home/humble_ws/install/antworker_description:/home/humble_ws/install/support_kinova_moveit:/home/humble_ws/install/kinova_base_moveit:/opt/ros/humble CMAKE_PREFIX_PATH=${CMAKE_PREFIX_PATH}:/home/humble_ws/install/support_kinova_moveit:/home/humble_ws/install/antworker_description:/opt/ros/humble PYTHONPATH=/home/humble_ws/install/antworker_description/lib/python3.10/site-packages:/home/humble_ws/install/support_kinova_moveit/lib/python3.10/site-packages:/opt/ros/humble/lib/python3.10/site-packages:/opt/ros/humble/local/lib/python3.10/dist-packages /usr/bin/cmake --build /home/humble_ws/build/kinova_base_moveit -- -j16 -l16
[0.691s] Invoking command in '/home/humble_ws/build/kinova_base_moveit': AMENT_PREFIX_PATH=/home/humble_ws/install/antworker_description:/home/humble_ws/install/support_kinova_moveit:/home/humble_ws/install/kinova_base_moveit:/opt/ros/humble CMAKE_PREFIX_PATH=${CMAKE_PREFIX_PATH}:/home/humble_ws/install/support_kinova_moveit:/home/humble_ws/install/antworker_description:/opt/ros/humble PYTHONPATH=/home/humble_ws/install/antworker_description/lib/python3.10/site-packages:/home/humble_ws/install/support_kinova_moveit/lib/python3.10/site-packages:/opt/ros/humble/lib/python3.10/site-packages:/opt/ros/humble/local/lib/python3.10/dist-packages /usr/bin/cmake --install /home/humble_ws/build/kinova_base_moveit
[0.700s] -- Install configuration: ""
[0.700s] -- Installing: /home/humble_ws/install/kinova_base_moveit/share/ament_index/resource_index/package_run_dependencies/kinova_base_moveit
[0.700s] -- Installing: /home/humble_ws/install/kinova_base_moveit/share/ament_index/resource_index/parent_prefix_path/kinova_base_moveit
[0.700s] -- Installing: /home/humble_ws/install/kinova_base_moveit/share/kinova_base_moveit/environment/ament_prefix_path.sh
[0.700s] -- Installing: /home/humble_ws/install/kinova_base_moveit/share/kinova_base_moveit/environment/ament_prefix_path.dsv
[0.701s] -- Installing: /home/humble_ws/install/kinova_base_moveit/share/kinova_base_moveit/environment/path.sh
[0.701s] -- Installing: /home/humble_ws/install/kinova_base_moveit/share/kinova_base_moveit/environment/path.dsv
[0.701s] -- Installing: /home/humble_ws/install/kinova_base_moveit/share/kinova_base_moveit/local_setup.bash
[0.701s] -- Installing: /home/humble_ws/install/kinova_base_moveit/share/kinova_base_moveit/local_setup.sh
[0.701s] -- Installing: /home/humble_ws/install/kinova_base_moveit/share/kinova_base_moveit/local_setup.zsh
[0.701s] -- Installing: /home/humble_ws/install/kinova_base_moveit/share/kinova_base_moveit/local_setup.dsv
[0.702s] -- Installing: /home/humble_ws/install/kinova_base_moveit/share/kinova_base_moveit/package.dsv
[0.702s] -- Installing: /home/humble_ws/install/kinova_base_moveit/share/ament_index/resource_index/packages/kinova_base_moveit
[0.702s] -- Installing: /home/humble_ws/install/kinova_base_moveit/share/kinova_base_moveit/cmake/kinova_base_moveitConfig.cmake
[0.702s] -- Installing: /home/humble_ws/install/kinova_base_moveit/share/kinova_base_moveit/cmake/kinova_base_moveitConfig-version.cmake
[0.703s] -- Installing: /home/humble_ws/install/kinova_base_moveit/share/kinova_base_moveit/package.xml
[0.703s] -- Installing: /home/humble_ws/install/kinova_base_moveit/share/kinova_base_moveit/launch
[0.703s] -- Installing: /home/humble_ws/install/kinova_base_moveit/share/kinova_base_moveit/launch/demo.launch.py
[0.703s] -- Installing: /home/humble_ws/install/kinova_base_moveit/share/kinova_base_moveit/launch/setup_assistant.launch.py
[0.703s] -- Installing: /home/humble_ws/install/kinova_base_moveit/share/kinova_base_moveit/launch/move_group.launch.py
[0.703s] -- Installing: /home/humble_ws/install/kinova_base_moveit/share/kinova_base_moveit/launch/warehouse_db.launch.py
[0.703s] -- Installing: /home/humble_ws/install/kinova_base_moveit/share/kinova_base_moveit/launch/static_virtual_joint_tfs.launch.py
[0.703s] -- Installing: /home/humble_ws/install/kinova_base_moveit/share/kinova_base_moveit/launch/spawn_controllers.launch.py
[0.704s] -- Installing: /home/humble_ws/install/kinova_base_moveit/share/kinova_base_moveit/launch/rsp.launch.py
[0.704s] -- Installing: /home/humble_ws/install/kinova_base_moveit/share/kinova_base_moveit/launch/moveit_rviz.launch.py
[0.704s] -- Installing: /home/humble_ws/install/kinova_base_moveit/share/kinova_base_moveit/config
[0.704s] -- Installing: /home/humble_ws/install/kinova_base_moveit/share/kinova_base_moveit/config/antworker.srdf
[0.704s] -- Installing: /home/humble_ws/install/kinova_base_moveit/share/kinova_base_moveit/config/antworker.ros2_control.xacro
[0.704s] -- Installing: /home/humble_ws/install/kinova_base_moveit/share/kinova_base_moveit/config/joint_limits.yaml
[0.704s] -- Installing: /home/humble_ws/install/kinova_base_moveit/share/kinova_base_moveit/config/ros2_controllers.yaml
[0.705s] -- Installing: /home/humble_ws/install/kinova_base_moveit/share/kinova_base_moveit/config/pilz_cartesian_limits.yaml
[0.705s] -- Installing: /home/humble_ws/install/kinova_base_moveit/share/kinova_base_moveit/config/moveit.rviz
[0.705s] -- Installing: /home/humble_ws/install/kinova_base_moveit/share/kinova_base_moveit/config/kinematics.yaml
[0.705s] -- Installing: /home/humble_ws/install/kinova_base_moveit/share/kinova_base_moveit/config/sensors_3d.yaml
[0.705s] -- Installing: /home/humble_ws/install/kinova_base_moveit/share/kinova_base_moveit/config/initial_positions.yaml
[0.705s] -- Installing: /home/humble_ws/install/kinova_base_moveit/share/kinova_base_moveit/config/antworker.urdf.xacro
[0.705s] -- Installing: /home/humble_ws/install/kinova_base_moveit/share/kinova_base_moveit/config/moveit_controllers.yaml
[0.706s] -- Installing: /home/humble_ws/install/kinova_base_moveit/share/kinova_base_moveit/.setup_assistant
[0.708s] Invoked command in '/home/humble_ws/build/kinova_base_moveit' returned '0': AMENT_PREFIX_PATH=/home/humble_ws/install/antworker_description:/home/humble_ws/install/support_kinova_moveit:/home/humble_ws/install/kinova_base_moveit:/opt/ros/humble CMAKE_PREFIX_PATH=${CMAKE_PREFIX_PATH}:/home/humble_ws/install/support_kinova_moveit:/home/humble_ws/install/antworker_description:/opt/ros/humble PYTHONPATH=/home/humble_ws/install/antworker_description/lib/python3.10/site-packages:/home/humble_ws/install/support_kinova_moveit/lib/python3.10/site-packages:/opt/ros/humble/lib/python3.10/site-packages:/opt/ros/humble/local/lib/python3.10/dist-packages /usr/bin/cmake --install /home/humble_ws/build/kinova_base_moveit
