[0.016s] Invoking command in '/home/moveit/build/moveit_ros_occupancy_map_monitor': AMENT_PREFIX_PATH=/home/moveit/install/moveit_core:/home/moveit/install/moveit_msgs:/home/moveit/install/moveit_common:${AMENT_PREFIX_PATH} CMAKE_PREFIX_PATH=/home/moveit/install/moveit_core:/home/moveit/install/moveit_msgs:/home/moveit/install/moveit_common:/opt/ros/humble LD_LIBRARY_PATH=/home/moveit/install/moveit_core/lib:/home/moveit/install/moveit_msgs/lib:${LD_LIBRARY_PATH} PATH=/home/moveit/install/moveit_core/bin:${PATH} PYTHONPATH=/home/moveit/install/moveit_msgs/local/lib/python3.10/dist-packages:${PYTHONPATH} /usr/bin/cmake /home/moveit/src/moveit2/moveit_ros/occupancy_map_monitor -DCMAKE_BUILD_TYPE=Release -DCMAKE_INSTALL_PREFIX=/home/moveit/install/moveit_ros_occupancy_map_monitor
[0.078s] -- The CXX compiler identification is GNU 11.4.0
[0.088s] -- Detecting CXX compiler ABI info
[0.159s] -- Detecting CXX compiler ABI info - done
[0.164s] -- Check for working CXX compiler: /usr/bin/c++ - skipped
[0.164s] -- Detecting CXX compile features
[0.165s] -- Detecting CXX compile features - done
[0.168s] -- Found moveit_common: 2.9.0 (/home/moveit/install/moveit_common/share/moveit_common/cmake)
[0.181s] -- Found ament_cmake: 1.3.9 (/opt/ros/humble/share/ament_cmake/cmake)
[0.319s] -- Found Python3: /usr/bin/python3 (found version "3.10.12") found components: Interpreter 
[0.503s] -- Found libdw: /usr/lib/x86_64-linux-gnu/libdw.so  
[0.510s] -- Could NOT find libbfd (missing: LIBBFD_LIBRARY LIBBFD_INCLUDE_DIR) 
[0.510s] -- BACKWARD_HAS_UNWIND=1
[0.510s] -- BACKWARD_HAS_BACKTRACE=0
[0.510s] -- BACKWARD_HAS_BACKTRACE_SYMBOL=0
[0.510s] -- BACKWARD_HAS_DW=1
[0.510s] -- BACKWARD_HAS_BFD=0
[0.511s] -- Found Backward: /opt/ros/humble/share/backward_ros/cmake  
[0.511s] -- Found moveit_core: 2.9.0 (/home/moveit/install/moveit_core/share/moveit_core/cmake)
[0.764s] -- Found Boost: /usr/lib/x86_64-linux-gnu/cmake/Boost-1.74.0/BoostConfig.cmake (found version "1.74.0") found components: chrono date_time filesystem iostreams program_options regex serialization system thread 
[0.826s] -- Found parameter_traits: 0.3.8 (/opt/ros/humble/share/parameter_traits/cmake)
[0.898s] -- Found rosidl_generator_c: 3.1.5 (/opt/ros/humble/share/rosidl_generator_c/cmake)
[0.907s] -- Found rosidl_adapter: 3.1.5 (/opt/ros/humble/share/rosidl_adapter/cmake)
[0.921s] -- Found rosidl_generator_cpp: 3.1.5 (/opt/ros/humble/share/rosidl_generator_cpp/cmake)
[0.942s] -- Using all available rosidl_typesupport_c: rosidl_typesupport_fastrtps_c;rosidl_typesupport_introspection_c
[0.969s] -- Using all available rosidl_typesupport_cpp: rosidl_typesupport_fastrtps_cpp;rosidl_typesupport_introspection_cpp
[1.054s] -- Found rmw_implementation_cmake: 6.1.2 (/opt/ros/humble/share/rmw_implementation_cmake/cmake)
[1.059s] -- Found rmw_fastrtps_cpp: 6.2.6 (/opt/ros/humble/share/rmw_fastrtps_cpp/cmake)
[1.185s] -- Found OpenSSL: /usr/lib/x86_64-linux-gnu/libcrypto.so (found version "3.0.2")  
[1.212s] -- Found FastRTPS: /opt/ros/humble/include  
[1.263s] -- Using RMW implementation 'rmw_fastrtps_cpp' as default
[1.280s] -- Found Threads: TRUE  
[1.440s] -- Found Eigen3: TRUE (found version "3.4.0") 
[1.445s] -- Found rclcpp_lifecycle: 16.0.9 (/opt/ros/humble/share/rclcpp_lifecycle/cmake)
[1.512s] -- Found Boost: /usr/lib/x86_64-linux-gnu/cmake/Boost-1.74.0/BoostConfig.cmake (found version "1.74.0") found components: filesystem 
[1.663s] -- library: /usr/lib/x86_64-linux-gnu/libcurl.so
[1.925s] -- Ensuring Eigen3 include directory is part of orocos-kdl CMake target
[2.873s] -- Found ament_lint_auto: 0.12.11 (/opt/ros/humble/share/ament_lint_auto/cmake)
[2.906s] -- Found gmock sources under '/opt/ros/humble/src/gmock_vendor': C++ tests using 'Google Mock' will be built
[2.970s] -- The C compiler identification is GNU 11.4.0
[2.977s] -- Detecting C compiler ABI info
[3.056s] -- Detecting C compiler ABI info - done
[3.062s] -- Check for working C compiler: /usr/bin/cc - skipped
[3.062s] -- Detecting C compile features
[3.062s] -- Detecting C compile features - done
[3.070s] -- Found ament_cmake_gtest: 1.3.9 (/opt/ros/humble/share/ament_cmake_gtest/cmake)
[3.072s] -- Found gtest sources under '/opt/ros/humble/src/gtest_vendor': C++ tests using 'Google Test' will be built
[3.082s] -- Added test 'cppcheck' to perform static code analysis on C / C++ code
[3.082s] -- Configured cppcheck include dirs: /home/moveit/src/moveit2/moveit_ros/occupancy_map_monitor/include
[3.082s] -- Configured cppcheck exclude dirs and/or files: 
[3.083s] -- Added test 'lint_cmake' to check CMake code style
[3.083s] -- Added test 'xmllint' to check XML markup files
[3.085s] -- Configuring done
[3.140s] -- Generating done
[3.142s] -- Build files have been written to: /home/moveit/build/moveit_ros_occupancy_map_monitor
[3.155s] Invoked command in '/home/moveit/build/moveit_ros_occupancy_map_monitor' returned '0': AMENT_PREFIX_PATH=/home/moveit/install/moveit_core:/home/moveit/install/moveit_msgs:/home/moveit/install/moveit_common:${AMENT_PREFIX_PATH} CMAKE_PREFIX_PATH=/home/moveit/install/moveit_core:/home/moveit/install/moveit_msgs:/home/moveit/install/moveit_common:/opt/ros/humble LD_LIBRARY_PATH=/home/moveit/install/moveit_core/lib:/home/moveit/install/moveit_msgs/lib:${LD_LIBRARY_PATH} PATH=/home/moveit/install/moveit_core/bin:${PATH} PYTHONPATH=/home/moveit/install/moveit_msgs/local/lib/python3.10/dist-packages:${PYTHONPATH} /usr/bin/cmake /home/moveit/src/moveit2/moveit_ros/occupancy_map_monitor -DCMAKE_BUILD_TYPE=Release -DCMAKE_INSTALL_PREFIX=/home/moveit/install/moveit_ros_occupancy_map_monitor
[3.156s] Invoking command in '/home/moveit/build/moveit_ros_occupancy_map_monitor': AMENT_PREFIX_PATH=/home/moveit/install/moveit_core:/home/moveit/install/moveit_msgs:/home/moveit/install/moveit_common:${AMENT_PREFIX_PATH} CMAKE_PREFIX_PATH=/home/moveit/install/moveit_core:/home/moveit/install/moveit_msgs:/home/moveit/install/moveit_common:/opt/ros/humble LD_LIBRARY_PATH=/home/moveit/install/moveit_core/lib:/home/moveit/install/moveit_msgs/lib:${LD_LIBRARY_PATH} PATH=/home/moveit/install/moveit_core/bin:${PATH} PYTHONPATH=/home/moveit/install/moveit_msgs/local/lib/python3.10/dist-packages:${PYTHONPATH} /usr/bin/cmake --build /home/moveit/build/moveit_ros_occupancy_map_monitor -- -j16 -l16
[3.209s] [ 30%] [32mBuilding CXX object gmock/CMakeFiles/gmock_main.dir/src/gmock_main.cc.o[0m
[3.209s] [ 30%] [32mBuilding CXX object CMakeFiles/moveit_ros_occupancy_map_monitor.dir/src/occupancy_map_monitor.cpp.o[0m
[3.210s] [ 30%] [32mBuilding CXX object CMakeFiles/moveit_ros_occupancy_map_monitor.dir/src/occupancy_map_monitor_middleware_handle.cpp.o[0m
[3.210s] [ 30%] [32mBuilding CXX object gmock/CMakeFiles/gmock.dir/src/gmock-all.cc.o[0m
[3.210s] [ 38%] [32mBuilding CXX object gmock/CMakeFiles/gmock.dir/opt/ros/humble/src/gtest_vendor/src/gtest-all.cc.o[0m
[3.211s] [ 46%] [32mBuilding CXX object CMakeFiles/moveit_ros_occupancy_map_monitor.dir/src/occupancy_map_updater.cpp.o[0m
[4.473s] [ 53%] [32m[1mLinking CXX static library libgmock_main.a[0m
[4.518s] [ 53%] Built target gmock_main
[10.342s] [ 61%] [32m[1mLinking CXX static library libgmock.a[0m
[10.394s] [ 61%] Built target gmock
[13.207s] [ 69%] [32m[1mLinking CXX shared library libmoveit_ros_occupancy_map_monitor.so[0m
[13.397s] [ 69%] Built target moveit_ros_occupancy_map_monitor
[13.418s] [ 84%] [32mBuilding CXX object CMakeFiles/occupancy_map_monitor_tests.dir/test/occupancy_map_monitor_tests.cpp.o[0m
[13.418s] [ 84%] [32mBuilding CXX object CMakeFiles/moveit_ros_occupancy_map_server.dir/src/occupancy_map_server.cpp.o[0m
[19.320s] [ 92%] [32m[1mLinking CXX executable occupancy_map_monitor_tests[0m
[19.557s] [ 92%] Built target occupancy_map_monitor_tests
[23.713s] [100%] [32m[1mLinking CXX executable moveit_ros_occupancy_map_server[0m
[23.951s] [100%] Built target moveit_ros_occupancy_map_server
[23.964s] Invoked command in '/home/moveit/build/moveit_ros_occupancy_map_monitor' returned '0': AMENT_PREFIX_PATH=/home/moveit/install/moveit_core:/home/moveit/install/moveit_msgs:/home/moveit/install/moveit_common:${AMENT_PREFIX_PATH} CMAKE_PREFIX_PATH=/home/moveit/install/moveit_core:/home/moveit/install/moveit_msgs:/home/moveit/install/moveit_common:/opt/ros/humble LD_LIBRARY_PATH=/home/moveit/install/moveit_core/lib:/home/moveit/install/moveit_msgs/lib:${LD_LIBRARY_PATH} PATH=/home/moveit/install/moveit_core/bin:${PATH} PYTHONPATH=/home/moveit/install/moveit_msgs/local/lib/python3.10/dist-packages:${PYTHONPATH} /usr/bin/cmake --build /home/moveit/build/moveit_ros_occupancy_map_monitor -- -j16 -l16
[24.010s] Invoking command in '/home/moveit/build/moveit_ros_occupancy_map_monitor': AMENT_PREFIX_PATH=/home/moveit/install/moveit_core:/home/moveit/install/moveit_msgs:/home/moveit/install/moveit_common:${AMENT_PREFIX_PATH} CMAKE_PREFIX_PATH=/home/moveit/install/moveit_core:/home/moveit/install/moveit_msgs:/home/moveit/install/moveit_common:/opt/ros/humble LD_LIBRARY_PATH=/home/moveit/install/moveit_core/lib:/home/moveit/install/moveit_msgs/lib:${LD_LIBRARY_PATH} PATH=/home/moveit/install/moveit_core/bin:${PATH} PYTHONPATH=/home/moveit/install/moveit_msgs/local/lib/python3.10/dist-packages:${PYTHONPATH} /usr/bin/cmake --install /home/moveit/build/moveit_ros_occupancy_map_monitor
[24.018s] -- Install configuration: "Release"
[24.018s] -- Installing: /home/moveit/install/moveit_ros_occupancy_map_monitor/lib/libmoveit_ros_occupancy_map_monitor.so.2.9.0
[24.019s] -- Set runtime path of "/home/moveit/install/moveit_ros_occupancy_map_monitor/lib/libmoveit_ros_occupancy_map_monitor.so.2.9.0" to ""
[24.019s] -- Installing: /home/moveit/install/moveit_ros_occupancy_map_monitor/lib/libmoveit_ros_occupancy_map_monitor.so
[24.019s] -- Installing: /home/moveit/install/moveit_ros_occupancy_map_monitor/lib/moveit_ros_occupancy_map_monitor/moveit_ros_occupancy_map_server
[24.021s] -- Set runtime path of "/home/moveit/install/moveit_ros_occupancy_map_monitor/lib/moveit_ros_occupancy_map_monitor/moveit_ros_occupancy_map_server" to ""
[24.021s] -- Installing: /home/moveit/install/moveit_ros_occupancy_map_monitor/include/moveit_ros_occupancy_map_monitor
[24.021s] -- Installing: /home/moveit/install/moveit_ros_occupancy_map_monitor/include/moveit_ros_occupancy_map_monitor/moveit
[24.021s] -- Installing: /home/moveit/install/moveit_ros_occupancy_map_monitor/include/moveit_ros_occupancy_map_monitor/moveit/occupancy_map_monitor
[24.021s] -- Installing: /home/moveit/install/moveit_ros_occupancy_map_monitor/include/moveit_ros_occupancy_map_monitor/moveit/occupancy_map_monitor/occupancy_map_monitor.h
[24.021s] -- Installing: /home/moveit/install/moveit_ros_occupancy_map_monitor/include/moveit_ros_occupancy_map_monitor/moveit/occupancy_map_monitor/occupancy_map_updater.h
[24.022s] -- Installing: /home/moveit/install/moveit_ros_occupancy_map_monitor/include/moveit_ros_occupancy_map_monitor/moveit/occupancy_map_monitor/occupancy_map_monitor_middleware_handle.hpp
[24.022s] -- Installing: /home/moveit/install/moveit_ros_occupancy_map_monitor/share/moveit_ros_occupancy_map_monitor/environment/library_path.sh
[24.022s] -- Installing: /home/moveit/install/moveit_ros_occupancy_map_monitor/share/moveit_ros_occupancy_map_monitor/environment/library_path.dsv
[24.023s] -- Installing: /home/moveit/install/moveit_ros_occupancy_map_monitor/share/ament_index/resource_index/package_run_dependencies/moveit_ros_occupancy_map_monitor
[24.023s] -- Installing: /home/moveit/install/moveit_ros_occupancy_map_monitor/share/ament_index/resource_index/parent_prefix_path/moveit_ros_occupancy_map_monitor
[24.023s] -- Installing: /home/moveit/install/moveit_ros_occupancy_map_monitor/share/moveit_ros_occupancy_map_monitor/environment/ament_prefix_path.sh
[24.023s] -- Installing: /home/moveit/install/moveit_ros_occupancy_map_monitor/share/moveit_ros_occupancy_map_monitor/environment/ament_prefix_path.dsv
[24.024s] -- Installing: /home/moveit/install/moveit_ros_occupancy_map_monitor/share/moveit_ros_occupancy_map_monitor/environment/path.sh
[24.024s] -- Installing: /home/moveit/install/moveit_ros_occupancy_map_monitor/share/moveit_ros_occupancy_map_monitor/environment/path.dsv
[24.024s] -- Installing: /home/moveit/install/moveit_ros_occupancy_map_monitor/share/moveit_ros_occupancy_map_monitor/local_setup.bash
[24.024s] -- Installing: /home/moveit/install/moveit_ros_occupancy_map_monitor/share/moveit_ros_occupancy_map_monitor/local_setup.sh
[24.024s] -- Installing: /home/moveit/install/moveit_ros_occupancy_map_monitor/share/moveit_ros_occupancy_map_monitor/local_setup.zsh
[24.024s] -- Installing: /home/moveit/install/moveit_ros_occupancy_map_monitor/share/moveit_ros_occupancy_map_monitor/local_setup.dsv
[24.025s] -- Installing: /home/moveit/install/moveit_ros_occupancy_map_monitor/share/moveit_ros_occupancy_map_monitor/package.dsv
[24.025s] -- Installing: /home/moveit/install/moveit_ros_occupancy_map_monitor/share/ament_index/resource_index/packages/moveit_ros_occupancy_map_monitor
[24.025s] -- Installing: /home/moveit/install/moveit_ros_occupancy_map_monitor/share/moveit_ros_occupancy_map_monitor/cmake/moveit_ros_occupancy_map_monitorTargetsExport.cmake
[24.025s] -- Installing: /home/moveit/install/moveit_ros_occupancy_map_monitor/share/moveit_ros_occupancy_map_monitor/cmake/moveit_ros_occupancy_map_monitorTargetsExport-release.cmake
[24.026s] -- Installing: /home/moveit/install/moveit_ros_occupancy_map_monitor/share/moveit_ros_occupancy_map_monitor/cmake/ament_cmake_export_targets-extras.cmake
[24.026s] -- Installing: /home/moveit/install/moveit_ros_occupancy_map_monitor/share/moveit_ros_occupancy_map_monitor/cmake/ament_cmake_export_dependencies-extras.cmake
[24.026s] -- Installing: /home/moveit/install/moveit_ros_occupancy_map_monitor/share/moveit_ros_occupancy_map_monitor/cmake/moveit_ros_occupancy_map_monitorConfig.cmake
[24.026s] -- Installing: /home/moveit/install/moveit_ros_occupancy_map_monitor/share/moveit_ros_occupancy_map_monitor/cmake/moveit_ros_occupancy_map_monitorConfig-version.cmake
[24.026s] -- Installing: /home/moveit/install/moveit_ros_occupancy_map_monitor/share/moveit_ros_occupancy_map_monitor/package.xml
[24.029s] Invoked command in '/home/moveit/build/moveit_ros_occupancy_map_monitor' returned '0': AMENT_PREFIX_PATH=/home/moveit/install/moveit_core:/home/moveit/install/moveit_msgs:/home/moveit/install/moveit_common:${AMENT_PREFIX_PATH} CMAKE_PREFIX_PATH=/home/moveit/install/moveit_core:/home/moveit/install/moveit_msgs:/home/moveit/install/moveit_common:/opt/ros/humble LD_LIBRARY_PATH=/home/moveit/install/moveit_core/lib:/home/moveit/install/moveit_msgs/lib:${LD_LIBRARY_PATH} PATH=/home/moveit/install/moveit_core/bin:${PATH} PYTHONPATH=/home/moveit/install/moveit_msgs/local/lib/python3.10/dist-packages:${PYTHONPATH} /usr/bin/cmake --install /home/moveit/build/moveit_ros_occupancy_map_monitor
