[1.429s] Invoking command in '/home/humble_ws/src/antworker_description': PYTHONPATH=/home/humble_ws/build/antworker_description/prefix_override:/home/humble_ws/install/antworker_description/lib/python3.10/site-packages:${PYTHONPATH} /usr/bin/python3 -W ignore:setup.py install is deprecated setup.py egg_info --egg-base ../../build/antworker_description build --build-base /home/humble_ws/build/antworker_description/build install --record /home/humble_ws/build/antworker_description/install.log --single-version-externally-managed install_data
[1.672s] running egg_info
[1.673s] creating ../../build/antworker_description/antworker_description.egg-info
[1.673s] writing ../../build/antworker_description/antworker_description.egg-info/PKG-INFO
[1.674s] writing dependency_links to ../../build/antworker_description/antworker_description.egg-info/dependency_links.txt
[1.674s] writing entry points to ../../build/antworker_description/antworker_description.egg-info/entry_points.txt
[1.674s] writing requirements to ../../build/antworker_description/antworker_description.egg-info/requires.txt
[1.674s] writing top-level names to ../../build/antworker_description/antworker_description.egg-info/top_level.txt
[1.674s] writing manifest file '../../build/antworker_description/antworker_description.egg-info/SOURCES.txt'
[1.676s] reading manifest file '../../build/antworker_description/antworker_description.egg-info/SOURCES.txt'
[1.676s] writing manifest file '../../build/antworker_description/antworker_description.egg-info/SOURCES.txt'
[1.677s] running build
[1.677s] running build_py
[1.678s] creating /home/humble_ws/build/antworker_description/build
[1.678s] creating /home/humble_ws/build/antworker_description/build/lib
[1.678s] creating /home/humble_ws/build/antworker_description/build/lib/description
[1.678s] copying description/__init__.py -> /home/humble_ws/build/antworker_description/build/lib/description
[1.678s] running install
[1.679s] running install_lib
[1.679s] creating /home/humble_ws/install/antworker_description/lib/python3.10/site-packages/description
[1.679s] copying /home/humble_ws/build/antworker_description/build/lib/description/__init__.py -> /home/humble_ws/install/antworker_description/lib/python3.10/site-packages/description
[1.679s] byte-compiling /home/humble_ws/install/antworker_description/lib/python3.10/site-packages/description/__init__.py to __init__.cpython-310.pyc
[1.679s] running install_data
[1.680s] creating /home/humble_ws/install/antworker_description/share/ament_index
[1.680s] creating /home/humble_ws/install/antworker_description/share/ament_index/resource_index
[1.680s] creating /home/humble_ws/install/antworker_description/share/ament_index/resource_index/packages
[1.680s] copying resource/antworker_description -> /home/humble_ws/install/antworker_description/share/ament_index/resource_index/packages
[1.680s] copying package.xml -> /home/humble_ws/install/antworker_description/share/antworker_description
[1.680s] creating /home/humble_ws/install/antworker_description/share/antworker_description/description
[1.680s] creating /home/humble_ws/install/antworker_description/share/antworker_description/description/combined
[1.681s] copying description/combined/worker_with_arm.urdf -> /home/humble_ws/install/antworker_description/share/antworker_description/description/combined
[1.681s] creating /home/humble_ws/install/antworker_description/share/antworker_description/description/arm
[1.681s] creating /home/humble_ws/install/antworker_description/share/antworker_description/description/arm/meshes
[1.681s] copying description/arm/meshes/bracelet_with_vision_link.obj -> /home/humble_ws/install/antworker_description/share/antworker_description/description/arm/meshes
[1.691s] copying description/arm/meshes/bicep_link.STL -> /home/humble_ws/install/antworker_description/share/antworker_description/description/arm/meshes
[1.693s] copying description/arm/meshes/spherical_wrist_2_link.STL -> /home/humble_ws/install/antworker_description/share/antworker_description/description/arm/meshes
[1.695s] copying description/arm/meshes/bracelet_no_vision_link.obj -> /home/humble_ws/install/antworker_description/share/antworker_description/description/arm/meshes
[1.699s] copying description/arm/meshes/bracelet_with_vision_link.STL -> /home/humble_ws/install/antworker_description/share/antworker_description/description/arm/meshes
[1.704s] copying description/arm/meshes/base_link.obj -> /home/humble_ws/install/antworker_description/share/antworker_description/description/arm/meshes
[1.705s] copying description/arm/meshes/shoulder_link.obj -> /home/humble_ws/install/antworker_description/share/antworker_description/description/arm/meshes
[1.707s] copying description/arm/meshes/forearm_link.STL -> /home/humble_ws/install/antworker_description/share/antworker_description/description/arm/meshes
[1.708s] copying description/arm/meshes/spherical_wrist_2_link.obj -> /home/humble_ws/install/antworker_description/share/antworker_description/description/arm/meshes
[1.710s] copying description/arm/meshes/spherical_wrist_1_link.obj -> /home/humble_ws/install/antworker_description/share/antworker_description/description/arm/meshes
[1.712s] copying description/arm/meshes/forearm_link.obj -> /home/humble_ws/install/antworker_description/share/antworker_description/description/arm/meshes
[1.714s] copying description/arm/meshes/bicep_link.obj -> /home/humble_ws/install/antworker_description/share/antworker_description/description/arm/meshes
[1.716s] copying description/arm/meshes/shoulder_link.STL -> /home/humble_ws/install/antworker_description/share/antworker_description/description/arm/meshes
[1.718s] copying description/arm/meshes/bracelet_no_vision_link.STL -> /home/humble_ws/install/antworker_description/share/antworker_description/description/arm/meshes
[1.721s] copying description/arm/meshes/spherical_wrist_1_link.STL -> /home/humble_ws/install/antworker_description/share/antworker_description/description/arm/meshes
[1.723s] copying description/arm/meshes/base_link.STL -> /home/humble_ws/install/antworker_description/share/antworker_description/description/arm/meshes
[1.723s] creating /home/humble_ws/install/antworker_description/share/antworker_description/description/base
[1.724s] creating /home/humble_ws/install/antworker_description/share/antworker_description/description/base/meshes
[1.724s] copying description/base/meshes/body.stl -> /home/humble_ws/install/antworker_description/share/antworker_description/description/base/meshes
[1.725s] copying description/base/meshes/antworker_chassis_collision.stl -> /home/humble_ws/install/antworker_description/share/antworker_description/description/base/meshes
[1.725s] copying description/base/meshes/wheel_b.dae -> /home/humble_ws/install/antworker_description/share/antworker_description/description/base/meshes
[1.726s] copying description/base/meshes/antworker_chassis.dae -> /home/humble_ws/install/antworker_description/share/antworker_description/description/base/meshes
[1.733s] copying description/base/meshes/worker_chassis.stl -> /home/humble_ws/install/antworker_description/share/antworker_description/description/base/meshes
[1.739s] copying description/base/meshes/wheel_a.dae -> /home/humble_ws/install/antworker_description/share/antworker_description/description/base/meshes
[1.741s] running install_egg_info
[1.743s] Copying ../../build/antworker_description/antworker_description.egg-info to /home/humble_ws/install/antworker_description/lib/python3.10/site-packages/antworker_description-0.0.0-py3.10.egg-info
[1.744s] running install_scripts
[1.769s] writing list of installed files to '/home/humble_ws/build/antworker_description/install.log'
[1.792s] Invoked command in '/home/humble_ws/src/antworker_description' returned '0': PYTHONPATH=/home/humble_ws/build/antworker_description/prefix_override:/home/humble_ws/install/antworker_description/lib/python3.10/site-packages:${PYTHONPATH} /usr/bin/python3 -W ignore:setup.py install is deprecated setup.py egg_info --egg-base ../../build/antworker_description build --build-base /home/humble_ws/build/antworker_description/build install --record /home/humble_ws/build/antworker_description/install.log --single-version-externally-managed install_data
