[0.497s] Invoking command in '/home/humble_kortex_interface_ws/src/kortex_interface': PYTHONPATH=/home/humble_kortex_interface_ws/build/kortex_interface/prefix_override:/home/humble_kortex_interface_ws/install/kortex_interface/lib/python3.10/site-packages:${PYTHONPATH} /usr/bin/python3 -W ignore:setup.py install is deprecated setup.py egg_info --egg-base ../../build/kortex_interface build --build-base /home/humble_kortex_interface_ws/build/kortex_interface/build install --record /home/humble_kortex_interface_ws/build/kortex_interface/install.log --single-version-externally-managed install_data
[0.656s] running egg_info
[0.656s] creating ../../build/kortex_interface/kortex_interface.egg-info
[0.656s] writing ../../build/kortex_interface/kortex_interface.egg-info/PKG-INFO
[0.657s] writing dependency_links to ../../build/kortex_interface/kortex_interface.egg-info/dependency_links.txt
[0.657s] writing entry points to ../../build/kortex_interface/kortex_interface.egg-info/entry_points.txt
[0.657s] writing requirements to ../../build/kortex_interface/kortex_interface.egg-info/requires.txt
[0.657s] writing top-level names to ../../build/kortex_interface/kortex_interface.egg-info/top_level.txt
[0.657s] writing manifest file '../../build/kortex_interface/kortex_interface.egg-info/SOURCES.txt'
[0.658s] reading manifest file '../../build/kortex_interface/kortex_interface.egg-info/SOURCES.txt'
[0.659s] writing manifest file '../../build/kortex_interface/kortex_interface.egg-info/SOURCES.txt'
[0.659s] running build
[0.659s] running build_py
[0.659s] creating /home/humble_kortex_interface_ws/build/kortex_interface/build
[0.659s] creating /home/humble_kortex_interface_ws/build/kortex_interface/build/lib
[0.659s] creating /home/humble_kortex_interface_ws/build/kortex_interface/build/lib/kortex_interface
[0.659s] copying kortex_interface/__init__.py -> /home/humble_kortex_interface_ws/build/kortex_interface/build/lib/kortex_interface
[0.659s] copying kortex_interface/joint_pruner.py -> /home/humble_kortex_interface_ws/build/kortex_interface/build/lib/kortex_interface
[0.660s] running install
[0.660s] running install_lib
[0.660s] creating /home/humble_kortex_interface_ws/install/kortex_interface/lib/python3.10/site-packages/kortex_interface
[0.660s] copying /home/humble_kortex_interface_ws/build/kortex_interface/build/lib/kortex_interface/__init__.py -> /home/humble_kortex_interface_ws/install/kortex_interface/lib/python3.10/site-packages/kortex_interface
[0.660s] copying /home/humble_kortex_interface_ws/build/kortex_interface/build/lib/kortex_interface/joint_pruner.py -> /home/humble_kortex_interface_ws/install/kortex_interface/lib/python3.10/site-packages/kortex_interface
[0.661s] byte-compiling /home/humble_kortex_interface_ws/install/kortex_interface/lib/python3.10/site-packages/kortex_interface/__init__.py to __init__.cpython-310.pyc
[0.661s] byte-compiling /home/humble_kortex_interface_ws/install/kortex_interface/lib/python3.10/site-packages/kortex_interface/joint_pruner.py to joint_pruner.cpython-310.pyc
[0.661s] running install_data
[0.661s] creating /home/humble_kortex_interface_ws/install/kortex_interface/share/ament_index
[0.661s] creating /home/humble_kortex_interface_ws/install/kortex_interface/share/ament_index/resource_index
[0.661s] creating /home/humble_kortex_interface_ws/install/kortex_interface/share/ament_index/resource_index/packages
[0.662s] copying resource/kortex_interface -> /home/humble_kortex_interface_ws/install/kortex_interface/share/ament_index/resource_index/packages
[0.662s] copying package.xml -> /home/humble_kortex_interface_ws/install/kortex_interface/share/kortex_interface
[0.662s] creating /home/humble_kortex_interface_ws/install/kortex_interface/share/kortex_interface/launch
[0.662s] copying launch/kortex_interface.launch.py -> /home/humble_kortex_interface_ws/install/kortex_interface/share/kortex_interface/launch
[0.662s] creating /home/humble_kortex_interface_ws/install/kortex_interface/share/kortex_interface/config
[0.662s] copying config/kortex_domain_bridge.yaml -> /home/humble_kortex_interface_ws/install/kortex_interface/share/kortex_interface/config
[0.662s] running install_egg_info
[0.663s] Copying ../../build/kortex_interface/kortex_interface.egg-info to /home/humble_kortex_interface_ws/install/kortex_interface/lib/python3.10/site-packages/kortex_interface-0.0.0-py3.10.egg-info
[0.664s] running install_scripts
[0.677s] Installing joint_pruner script to /home/humble_kortex_interface_ws/install/kortex_interface/lib/kortex_interface
[0.678s] writing list of installed files to '/home/humble_kortex_interface_ws/build/kortex_interface/install.log'
[0.692s] Invoked command in '/home/humble_kortex_interface_ws/src/kortex_interface' returned '0': PYTHONPATH=/home/humble_kortex_interface_ws/build/kortex_interface/prefix_override:/home/humble_kortex_interface_ws/install/kortex_interface/lib/python3.10/site-packages:${PYTHONPATH} /usr/bin/python3 -W ignore:setup.py install is deprecated setup.py egg_info --egg-base ../../build/kortex_interface build --build-base /home/humble_kortex_interface_ws/build/kortex_interface/build install --record /home/humble_kortex_interface_ws/build/kortex_interface/install.log --single-version-externally-managed install_data
