[0.465s] Invoking command in '/home/humble_ws/src/antworker_description': PYTHONPATH=/home/humble_ws/build/antworker_description/prefix_override:/home/humble_ws/install/antworker_description/lib/python3.10/site-packages:${PYTHONPATH} /usr/bin/python3 -W ignore:setup.py install is deprecated setup.py egg_info --egg-base ../../build/antworker_description build --build-base /home/humble_ws/build/antworker_description/build install --record /home/humble_ws/build/antworker_description/install.log --single-version-externally-managed install_data
[0.646s] running egg_info
[0.646s] writing ../../build/antworker_description/antworker_description.egg-info/PKG-INFO
[0.646s] writing dependency_links to ../../build/antworker_description/antworker_description.egg-info/dependency_links.txt
[0.646s] writing entry points to ../../build/antworker_description/antworker_description.egg-info/entry_points.txt
[0.647s] writing requirements to ../../build/antworker_description/antworker_description.egg-info/requires.txt
[0.647s] writing top-level names to ../../build/antworker_description/antworker_description.egg-info/top_level.txt
[0.648s] reading manifest file '../../build/antworker_description/antworker_description.egg-info/SOURCES.txt'
[0.649s] writing manifest file '../../build/antworker_description/antworker_description.egg-info/SOURCES.txt'
[0.649s] running build
[0.649s] running build_py
[0.650s] running install
[0.650s] running install_lib
[0.651s] running install_data
[0.652s] running install_egg_info
[0.654s] removing '/home/humble_ws/install/antworker_description/lib/python3.10/site-packages/antworker_description-0.0.0-py3.10.egg-info' (and everything under it)
[0.654s] Copying ../../build/antworker_description/antworker_description.egg-info to /home/humble_ws/install/antworker_description/lib/python3.10/site-packages/antworker_description-0.0.0-py3.10.egg-info
[0.655s] running install_scripts
[0.673s] writing list of installed files to '/home/humble_ws/build/antworker_description/install.log'
[0.695s] Invoked command in '/home/humble_ws/src/antworker_description' returned '0': PYTHONPATH=/home/humble_ws/build/antworker_description/prefix_override:/home/humble_ws/install/antworker_description/lib/python3.10/site-packages:${PYTHONPATH} /usr/bin/python3 -W ignore:setup.py install is deprecated setup.py egg_info --egg-base ../../build/antworker_description build --build-base /home/humble_ws/build/antworker_description/build install --record /home/humble_ws/build/antworker_description/install.log --single-version-externally-managed install_data
