[1.454s] Invoking command in '/home/humble_ws/src/antworker_navigation': PYTHONPATH=/home/humble_ws/build/antworker_navigation/prefix_override:/home/humble_ws/install/antworker_navigation/lib/python3.10/site-packages:${PYTHONPATH} /usr/bin/python3 -W ignore:setup.py install is deprecated setup.py egg_info --egg-base ../../build/antworker_navigation build --build-base /home/humble_ws/build/antworker_navigation/build install --record /home/humble_ws/build/antworker_navigation/install.log --single-version-externally-managed install_data
[1.704s] running egg_info
[1.705s] creating ../../build/antworker_navigation/antworker_navigation.egg-info
[1.707s] writing ../../build/antworker_navigation/antworker_navigation.egg-info/PKG-INFO
[1.707s] writing dependency_links to ../../build/antworker_navigation/antworker_navigation.egg-info/dependency_links.txt
[1.708s] writing entry points to ../../build/antworker_navigation/antworker_navigation.egg-info/entry_points.txt
[1.708s] writing requirements to ../../build/antworker_navigation/antworker_navigation.egg-info/requires.txt
[1.708s] writing top-level names to ../../build/antworker_navigation/antworker_navigation.egg-info/top_level.txt
[1.708s] writing manifest file '../../build/antworker_navigation/antworker_navigation.egg-info/SOURCES.txt'
[1.709s] reading manifest file '../../build/antworker_navigation/antworker_navigation.egg-info/SOURCES.txt'
[1.710s] writing manifest file '../../build/antworker_navigation/antworker_navigation.egg-info/SOURCES.txt'
[1.711s] running build
[1.711s] running build_py
[1.711s] creating /home/humble_ws/build/antworker_navigation/build
[1.711s] creating /home/humble_ws/build/antworker_navigation/build/lib
[1.712s] creating /home/humble_ws/build/antworker_navigation/build/lib/antworker_navigation
[1.712s] copying antworker_navigation/__init__.py -> /home/humble_ws/build/antworker_navigation/build/lib/antworker_navigation
[1.712s] running install
[1.712s] running install_lib
[1.713s] creating /home/humble_ws/install/antworker_navigation/lib/python3.10/site-packages/antworker_navigation
[1.713s] copying /home/humble_ws/build/antworker_navigation/build/lib/antworker_navigation/__init__.py -> /home/humble_ws/install/antworker_navigation/lib/python3.10/site-packages/antworker_navigation
[1.713s] byte-compiling /home/humble_ws/install/antworker_navigation/lib/python3.10/site-packages/antworker_navigation/__init__.py to __init__.cpython-310.pyc
[1.713s] running install_data
[1.713s] creating /home/humble_ws/install/antworker_navigation/share/ament_index
[1.714s] creating /home/humble_ws/install/antworker_navigation/share/ament_index/resource_index
[1.714s] creating /home/humble_ws/install/antworker_navigation/share/ament_index/resource_index/packages
[1.714s] copying resource/antworker_navigation -> /home/humble_ws/install/antworker_navigation/share/ament_index/resource_index/packages
[1.714s] copying package.xml -> /home/humble_ws/install/antworker_navigation/share/antworker_navigation
[1.714s] creating /home/humble_ws/install/antworker_navigation/share/antworker_navigation/launch
[1.714s] copying launch/antworker_nav.launch.py -> /home/humble_ws/install/antworker_navigation/share/antworker_navigation/launch
[1.714s] running install_egg_info
[1.715s] Copying ../../build/antworker_navigation/antworker_navigation.egg-info to /home/humble_ws/install/antworker_navigation/lib/python3.10/site-packages/antworker_navigation-0.0.0-py3.10.egg-info
[1.716s] running install_scripts
[1.741s] writing list of installed files to '/home/humble_ws/build/antworker_navigation/install.log'
[1.789s] Invoked command in '/home/humble_ws/src/antworker_navigation' returned '0': PYTHONPATH=/home/humble_ws/build/antworker_navigation/prefix_override:/home/humble_ws/install/antworker_navigation/lib/python3.10/site-packages:${PYTHONPATH} /usr/bin/python3 -W ignore:setup.py install is deprecated setup.py egg_info --egg-base ../../build/antworker_navigation build --build-base /home/humble_ws/build/antworker_navigation/build install --record /home/humble_ws/build/antworker_navigation/install.log --single-version-externally-managed install_data
