[0.615s] Invoking command in '/home/ros2_ws/src/attempt_py_moveit': PYTHONPATH=/home/ros2_ws/build/attempt_py_moveit/prefix_override:/home/ros2_ws/install/attempt_py_moveit/lib/python3.10/site-packages:${PYTHONPATH} /usr/bin/python3 setup.py egg_info --egg-base ../../build/attempt_py_moveit build --build-base /home/ros2_ws/build/attempt_py_moveit/build install --record /home/ros2_ws/build/attempt_py_moveit/install.log --single-version-externally-managed
[0.808s] running egg_info
[0.808s] writing ../../build/attempt_py_moveit/attempt_py_moveit.egg-info/PKG-INFO
[0.808s] writing dependency_links to ../../build/attempt_py_moveit/attempt_py_moveit.egg-info/dependency_links.txt
[0.808s] writing entry points to ../../build/attempt_py_moveit/attempt_py_moveit.egg-info/entry_points.txt
[0.808s] writing requirements to ../../build/attempt_py_moveit/attempt_py_moveit.egg-info/requires.txt
[0.809s] writing top-level names to ../../build/attempt_py_moveit/attempt_py_moveit.egg-info/top_level.txt
[0.810s] reading manifest file '../../build/attempt_py_moveit/attempt_py_moveit.egg-info/SOURCES.txt'
[0.810s] writing manifest file '../../build/attempt_py_moveit/attempt_py_moveit.egg-info/SOURCES.txt'
[0.810s] running build
[0.810s] running build_py
[0.810s] copying attempt_py_moveit/attempt_motion_planning.py -> /home/ros2_ws/build/attempt_py_moveit/build/lib/attempt_py_moveit
[0.810s] running install
[0.811s] running install_lib
[0.811s] copying /home/ros2_ws/build/attempt_py_moveit/build/lib/attempt_py_moveit/attempt_motion_planning.py -> /home/ros2_ws/install/attempt_py_moveit/lib/python3.10/site-packages/attempt_py_moveit
[0.812s] byte-compiling /home/ros2_ws/install/attempt_py_moveit/lib/python3.10/site-packages/attempt_py_moveit/attempt_motion_planning.py to attempt_motion_planning.cpython-310.pyc
[0.812s] running install_data
[0.812s] copying launch/tutorial.launch.py -> /home/ros2_ws/install/attempt_py_moveit/share/attempt_py_moveit/launch
[0.813s] running install_egg_info
[0.814s] removing '/home/ros2_ws/install/attempt_py_moveit/lib/python3.10/site-packages/attempt_py_moveit-0.0.0-py3.10.egg-info' (and everything under it)
[0.814s] Copying ../../build/attempt_py_moveit/attempt_py_moveit.egg-info to /home/ros2_ws/install/attempt_py_moveit/lib/python3.10/site-packages/attempt_py_moveit-0.0.0-py3.10.egg-info
[0.815s] running install_scripts
[0.829s] Installing attempt_motion_planning script to /home/ros2_ws/install/attempt_py_moveit/lib/attempt_py_moveit
[0.829s] writing list of installed files to '/home/ros2_ws/build/attempt_py_moveit/install.log'
[0.846s] Invoked command in '/home/ros2_ws/src/attempt_py_moveit' returned '0': PYTHONPATH=/home/ros2_ws/build/attempt_py_moveit/prefix_override:/home/ros2_ws/install/attempt_py_moveit/lib/python3.10/site-packages:${PYTHONPATH} /usr/bin/python3 setup.py egg_info --egg-base ../../build/attempt_py_moveit build --build-base /home/ros2_ws/build/attempt_py_moveit/build install --record /home/ros2_ws/build/attempt_py_moveit/install.log --single-version-externally-managed
