[0.150s] DEBUG:colcon:Command line arguments: ['/usr/bin/colcon', 'build']
[0.150s] DEBUG:colcon:Parsed command line arguments: Namespace(log_base=None, log_level=None, verb_name='build', build_base='build', install_base='install', merge_install=False, symlink_install=False, test_result_base=None, continue_on_error=False, executor='parallel', parallel_workers=16, event_handlers=None, ignore_user_meta=False, metas=['./colcon.meta'], base_paths=['.'], packages_ignore=None, packages_ignore_regex=None, paths=None, packages_up_to=None, packages_up_to_regex=None, packages_above=None, packages_above_and_dependencies=None, packages_above_depth=None, packages_select_by_dep=None, packages_skip_by_dep=None, packages_skip_up_to=None, packages_select_build_failed=False, packages_skip_build_finished=False, packages_select_test_failures=False, packages_skip_test_passed=False, packages_select=None, packages_skip=None, packages_select_regex=None, packages_skip_regex=None, packages_start=None, packages_end=None, cmake_args=None, cmake_target=None, cmake_target_skip_unavailable=False, cmake_clean_cache=False, cmake_clean_first=False, cmake_force_configure=False, ament_cmake_args=None, catkin_cmake_args=None, catkin_skip_building_tests=False, mixin_files=None, mixin=None, verb_parser=<colcon_mixin.mixin.mixin_argument.MixinArgumentDecorator object at 0x7ea5ffaee740>, verb_extension=<colcon_core.verb.build.BuildVerb object at 0x7ea5ffc36f20>, main=<bound method BuildVerb.main of <colcon_core.verb.build.BuildVerb object at 0x7ea5ffc36f20>>, mixin_verb=('build',))
[0.292s] Level 1:colcon.colcon_core.package_discovery:discover_packages(colcon_meta) check parameters
[0.292s] INFO:colcon.colcon_metadata.package_discovery.colcon_meta:Using configuration from '/root/.colcon/metadata/default/Gazebo.meta'
[0.293s] INFO:colcon.colcon_metadata.package_discovery.colcon_meta:Using configuration from '/root/.colcon/metadata/default/fastrtps.meta'
[0.293s] Level 1:colcon.colcon_core.package_discovery:discover_packages(recursive) check parameters
[0.293s] Level 1:colcon.colcon_core.package_discovery:discover_packages(ignore) check parameters
[0.293s] Level 1:colcon.colcon_core.package_discovery:discover_packages(path) check parameters
[0.293s] Level 1:colcon.colcon_core.package_discovery:discover_packages(colcon_meta) discover
[0.293s] Level 1:colcon.colcon_core.package_discovery:discover_packages(recursive) discover
[0.293s] INFO:colcon.colcon_core.package_discovery:Crawling recursively for packages in '/home/humble_ws'
[0.293s] Level 1:colcon.colcon_core.package_identification:_identify(.) by extensions ['ignore', 'ignore_ament_install']
[0.293s] Level 1:colcon.colcon_core.package_identification:_identify(.) by extension 'ignore'
[0.293s] Level 1:colcon.colcon_core.package_identification:_identify(.) by extension 'ignore_ament_install'
[0.293s] Level 1:colcon.colcon_core.package_identification:_identify(.) by extensions ['colcon_pkg']
[0.293s] Level 1:colcon.colcon_core.package_identification:_identify(.) by extension 'colcon_pkg'
[0.294s] Level 1:colcon.colcon_core.package_identification:_identify(.) by extensions ['colcon_meta']
[0.294s] Level 1:colcon.colcon_core.package_identification:_identify(.) by extension 'colcon_meta'
[0.294s] Level 1:colcon.colcon_core.package_identification:_identify(.) by extensions ['ros']
[0.294s] Level 1:colcon.colcon_core.package_identification:_identify(.) by extension 'ros'
[0.304s] Level 1:colcon.colcon_core.package_identification:_identify(.) by extensions ['cmake', 'python']
[0.304s] Level 1:colcon.colcon_core.package_identification:_identify(.) by extension 'cmake'
[0.304s] Level 1:colcon.colcon_core.package_identification:_identify(.) by extension 'python'
[0.304s] Level 1:colcon.colcon_core.package_identification:_identify(.) by extensions ['python_setup_py']
[0.304s] Level 1:colcon.colcon_core.package_identification:_identify(.) by extension 'python_setup_py'
[0.304s] Level 1:colcon.colcon_core.package_identification:_identify(build) by extensions ['ignore', 'ignore_ament_install']
[0.304s] Level 1:colcon.colcon_core.package_identification:_identify(build) by extension 'ignore'
[0.305s] Level 1:colcon.colcon_core.package_identification:_identify(build) ignored
[0.305s] Level 1:colcon.colcon_core.package_identification:_identify(install) by extensions ['ignore', 'ignore_ament_install']
[0.305s] Level 1:colcon.colcon_core.package_identification:_identify(install) by extension 'ignore'
[0.305s] Level 1:colcon.colcon_core.package_identification:_identify(install) ignored
[0.305s] Level 1:colcon.colcon_core.package_identification:_identify(log) by extensions ['ignore', 'ignore_ament_install']
[0.305s] Level 1:colcon.colcon_core.package_identification:_identify(log) by extension 'ignore'
[0.305s] Level 1:colcon.colcon_core.package_identification:_identify(log) ignored
[0.305s] Level 1:colcon.colcon_core.package_identification:_identify(src) by extensions ['ignore', 'ignore_ament_install']
[0.305s] Level 1:colcon.colcon_core.package_identification:_identify(src) by extension 'ignore'
[0.305s] Level 1:colcon.colcon_core.package_identification:_identify(src) by extension 'ignore_ament_install'
[0.306s] Level 1:colcon.colcon_core.package_identification:_identify(src) by extensions ['colcon_pkg']
[0.306s] Level 1:colcon.colcon_core.package_identification:_identify(src) by extension 'colcon_pkg'
[0.306s] Level 1:colcon.colcon_core.package_identification:_identify(src) by extensions ['colcon_meta']
[0.306s] Level 1:colcon.colcon_core.package_identification:_identify(src) by extension 'colcon_meta'
[0.306s] Level 1:colcon.colcon_core.package_identification:_identify(src) by extensions ['ros']
[0.306s] Level 1:colcon.colcon_core.package_identification:_identify(src) by extension 'ros'
[0.306s] Level 1:colcon.colcon_core.package_identification:_identify(src) by extensions ['cmake', 'python']
[0.306s] Level 1:colcon.colcon_core.package_identification:_identify(src) by extension 'cmake'
[0.306s] Level 1:colcon.colcon_core.package_identification:_identify(src) by extension 'python'
[0.306s] Level 1:colcon.colcon_core.package_identification:_identify(src) by extensions ['python_setup_py']
[0.306s] Level 1:colcon.colcon_core.package_identification:_identify(src) by extension 'python_setup_py'
[0.306s] Level 1:colcon.colcon_core.package_identification:_identify(src/__pycache__) by extensions ['ignore', 'ignore_ament_install']
[0.306s] Level 1:colcon.colcon_core.package_identification:_identify(src/__pycache__) by extension 'ignore'
[0.306s] Level 1:colcon.colcon_core.package_identification:_identify(src/__pycache__) by extension 'ignore_ament_install'
[0.306s] Level 1:colcon.colcon_core.package_identification:_identify(src/__pycache__) by extensions ['colcon_pkg']
[0.306s] Level 1:colcon.colcon_core.package_identification:_identify(src/__pycache__) by extension 'colcon_pkg'
[0.306s] Level 1:colcon.colcon_core.package_identification:_identify(src/__pycache__) by extensions ['colcon_meta']
[0.306s] Level 1:colcon.colcon_core.package_identification:_identify(src/__pycache__) by extension 'colcon_meta'
[0.306s] Level 1:colcon.colcon_core.package_identification:_identify(src/__pycache__) by extensions ['ros']
[0.307s] Level 1:colcon.colcon_core.package_identification:_identify(src/__pycache__) by extension 'ros'
[0.307s] Level 1:colcon.colcon_core.package_identification:_identify(src/__pycache__) by extensions ['cmake', 'python']
[0.307s] Level 1:colcon.colcon_core.package_identification:_identify(src/__pycache__) by extension 'cmake'
[0.307s] Level 1:colcon.colcon_core.package_identification:_identify(src/__pycache__) by extension 'python'
[0.307s] Level 1:colcon.colcon_core.package_identification:_identify(src/__pycache__) by extensions ['python_setup_py']
[0.307s] Level 1:colcon.colcon_core.package_identification:_identify(src/__pycache__) by extension 'python_setup_py'
[0.307s] Level 1:colcon.colcon_core.package_identification:_identify(src/antworker_description) by extensions ['ignore', 'ignore_ament_install']
[0.307s] Level 1:colcon.colcon_core.package_identification:_identify(src/antworker_description) by extension 'ignore'
[0.307s] Level 1:colcon.colcon_core.package_identification:_identify(src/antworker_description) by extension 'ignore_ament_install'
[0.307s] Level 1:colcon.colcon_core.package_identification:_identify(src/antworker_description) by extensions ['colcon_pkg']
[0.307s] Level 1:colcon.colcon_core.package_identification:_identify(src/antworker_description) by extension 'colcon_pkg'
[0.307s] Level 1:colcon.colcon_core.package_identification:_identify(src/antworker_description) by extensions ['colcon_meta']
[0.307s] Level 1:colcon.colcon_core.package_identification:_identify(src/antworker_description) by extension 'colcon_meta'
[0.307s] Level 1:colcon.colcon_core.package_identification:_identify(src/antworker_description) by extensions ['ros']
[0.307s] Level 1:colcon.colcon_core.package_identification:_identify(src/antworker_description) by extension 'ros'
[0.310s] DEBUG:colcon.colcon_core.package_identification:Package 'src/antworker_description' with type 'ros.ament_python' and name 'antworker_description'
[0.310s] Level 1:colcon.colcon_core.package_identification:_identify(src/antworker_isaacsim_world) by extensions ['ignore', 'ignore_ament_install']
[0.310s] Level 1:colcon.colcon_core.package_identification:_identify(src/antworker_isaacsim_world) by extension 'ignore'
[0.310s] Level 1:colcon.colcon_core.package_identification:_identify(src/antworker_isaacsim_world) by extension 'ignore_ament_install'
[0.310s] Level 1:colcon.colcon_core.package_identification:_identify(src/antworker_isaacsim_world) by extensions ['colcon_pkg']
[0.310s] Level 1:colcon.colcon_core.package_identification:_identify(src/antworker_isaacsim_world) by extension 'colcon_pkg'
[0.310s] Level 1:colcon.colcon_core.package_identification:_identify(src/antworker_isaacsim_world) by extensions ['colcon_meta']
[0.310s] Level 1:colcon.colcon_core.package_identification:_identify(src/antworker_isaacsim_world) by extension 'colcon_meta'
[0.310s] Level 1:colcon.colcon_core.package_identification:_identify(src/antworker_isaacsim_world) by extensions ['ros']
[0.310s] Level 1:colcon.colcon_core.package_identification:_identify(src/antworker_isaacsim_world) by extension 'ros'
[0.311s] DEBUG:colcon.colcon_core.package_identification:Package 'src/antworker_isaacsim_world' with type 'ros.ament_python' and name 'antworker_isaacsim_world'
[0.311s] Level 1:colcon.colcon_core.package_identification:_identify(src/antworker_moveit_bringup) by extensions ['ignore', 'ignore_ament_install']
[0.311s] Level 1:colcon.colcon_core.package_identification:_identify(src/antworker_moveit_bringup) by extension 'ignore'
[0.311s] Level 1:colcon.colcon_core.package_identification:_identify(src/antworker_moveit_bringup) by extension 'ignore_ament_install'
[0.311s] Level 1:colcon.colcon_core.package_identification:_identify(src/antworker_moveit_bringup) by extensions ['colcon_pkg']
[0.311s] Level 1:colcon.colcon_core.package_identification:_identify(src/antworker_moveit_bringup) by extension 'colcon_pkg'
[0.311s] Level 1:colcon.colcon_core.package_identification:_identify(src/antworker_moveit_bringup) by extensions ['colcon_meta']
[0.311s] Level 1:colcon.colcon_core.package_identification:_identify(src/antworker_moveit_bringup) by extension 'colcon_meta'
[0.311s] Level 1:colcon.colcon_core.package_identification:_identify(src/antworker_moveit_bringup) by extensions ['ros']
[0.311s] Level 1:colcon.colcon_core.package_identification:_identify(src/antworker_moveit_bringup) by extension 'ros'
[0.312s] DEBUG:colcon.colcon_core.package_identification:Package 'src/antworker_moveit_bringup' with type 'ros.ament_python' and name 'antworker_moveit_bringup'
[0.312s] Level 1:colcon.colcon_core.package_identification:_identify(src/antworker_moveit_description) by extensions ['ignore', 'ignore_ament_install']
[0.312s] Level 1:colcon.colcon_core.package_identification:_identify(src/antworker_moveit_description) by extension 'ignore'
[0.312s] Level 1:colcon.colcon_core.package_identification:_identify(src/antworker_moveit_description) by extension 'ignore_ament_install'
[0.312s] Level 1:colcon.colcon_core.package_identification:_identify(src/antworker_moveit_description) by extensions ['colcon_pkg']
[0.312s] Level 1:colcon.colcon_core.package_identification:_identify(src/antworker_moveit_description) by extension 'colcon_pkg'
[0.312s] Level 1:colcon.colcon_core.package_identification:_identify(src/antworker_moveit_description) by extensions ['colcon_meta']
[0.312s] Level 1:colcon.colcon_core.package_identification:_identify(src/antworker_moveit_description) by extension 'colcon_meta'
[0.312s] Level 1:colcon.colcon_core.package_identification:_identify(src/antworker_moveit_description) by extensions ['ros']
[0.312s] Level 1:colcon.colcon_core.package_identification:_identify(src/antworker_moveit_description) by extension 'ros'
[0.313s] DEBUG:colcon.colcon_core.package_identification:Package 'src/antworker_moveit_description' with type 'ros.ament_cmake' and name 'antworker_moveit_description'
[0.313s] Level 1:colcon.colcon_core.package_identification:_identify(src/antworker_navigation) by extensions ['ignore', 'ignore_ament_install']
[0.313s] Level 1:colcon.colcon_core.package_identification:_identify(src/antworker_navigation) by extension 'ignore'
[0.313s] Level 1:colcon.colcon_core.package_identification:_identify(src/antworker_navigation) by extension 'ignore_ament_install'
[0.313s] Level 1:colcon.colcon_core.package_identification:_identify(src/antworker_navigation) by extensions ['colcon_pkg']
[0.313s] Level 1:colcon.colcon_core.package_identification:_identify(src/antworker_navigation) by extension 'colcon_pkg'
[0.313s] Level 1:colcon.colcon_core.package_identification:_identify(src/antworker_navigation) by extensions ['colcon_meta']
[0.313s] Level 1:colcon.colcon_core.package_identification:_identify(src/antworker_navigation) by extension 'colcon_meta'
[0.313s] Level 1:colcon.colcon_core.package_identification:_identify(src/antworker_navigation) by extensions ['ros']
[0.313s] Level 1:colcon.colcon_core.package_identification:_identify(src/antworker_navigation) by extension 'ros'
[0.314s] DEBUG:colcon.colcon_core.package_identification:Package 'src/antworker_navigation' with type 'ros.ament_python' and name 'antworker_navigation'
[0.314s] Level 1:colcon.colcon_core.package_discovery:discover_packages(recursive) using defaults
[0.314s] Level 1:colcon.colcon_core.package_discovery:discover_packages(ignore) discover
[0.314s] Level 1:colcon.colcon_core.package_discovery:discover_packages(ignore) using defaults
[0.314s] Level 1:colcon.colcon_core.package_discovery:discover_packages(path) discover
[0.314s] Level 1:colcon.colcon_core.package_discovery:discover_packages(path) using defaults
[0.334s] Level 5:colcon.colcon_core.verb:set package 'antworker_description' build argument 'cmake_args' from command line to 'None'
[0.334s] Level 5:colcon.colcon_core.verb:set package 'antworker_description' build argument 'cmake_target' from command line to 'None'
[0.334s] Level 5:colcon.colcon_core.verb:set package 'antworker_description' build argument 'cmake_target_skip_unavailable' from command line to 'False'
[0.334s] Level 5:colcon.colcon_core.verb:set package 'antworker_description' build argument 'cmake_clean_cache' from command line to 'False'
[0.334s] Level 5:colcon.colcon_core.verb:set package 'antworker_description' build argument 'cmake_clean_first' from command line to 'False'
[0.334s] Level 5:colcon.colcon_core.verb:set package 'antworker_description' build argument 'cmake_force_configure' from command line to 'False'
[0.334s] Level 5:colcon.colcon_core.verb:set package 'antworker_description' build argument 'ament_cmake_args' from command line to 'None'
[0.334s] Level 5:colcon.colcon_core.verb:set package 'antworker_description' build argument 'catkin_cmake_args' from command line to 'None'
[0.334s] Level 5:colcon.colcon_core.verb:set package 'antworker_description' build argument 'catkin_skip_building_tests' from command line to 'False'
[0.334s] DEBUG:colcon.colcon_core.verb:Building package 'antworker_description' with the following arguments: {'ament_cmake_args': None, 'build_base': '/home/humble_ws/build/antworker_description', 'catkin_cmake_args': None, 'catkin_skip_building_tests': False, 'cmake_args': None, 'cmake_clean_cache': False, 'cmake_clean_first': False, 'cmake_force_configure': False, 'cmake_target': None, 'cmake_target_skip_unavailable': False, 'install_base': '/home/humble_ws/install/antworker_description', 'merge_install': False, 'path': '/home/humble_ws/src/antworker_description', 'symlink_install': False, 'test_result_base': None}
[0.335s] Level 5:colcon.colcon_core.verb:set package 'antworker_isaacsim_world' build argument 'cmake_args' from command line to 'None'
[0.335s] Level 5:colcon.colcon_core.verb:set package 'antworker_isaacsim_world' build argument 'cmake_target' from command line to 'None'
[0.335s] Level 5:colcon.colcon_core.verb:set package 'antworker_isaacsim_world' build argument 'cmake_target_skip_unavailable' from command line to 'False'
[0.335s] Level 5:colcon.colcon_core.verb:set package 'antworker_isaacsim_world' build argument 'cmake_clean_cache' from command line to 'False'
[0.335s] Level 5:colcon.colcon_core.verb:set package 'antworker_isaacsim_world' build argument 'cmake_clean_first' from command line to 'False'
[0.335s] Level 5:colcon.colcon_core.verb:set package 'antworker_isaacsim_world' build argument 'cmake_force_configure' from command line to 'False'
[0.335s] Level 5:colcon.colcon_core.verb:set package 'antworker_isaacsim_world' build argument 'ament_cmake_args' from command line to 'None'
[0.335s] Level 5:colcon.colcon_core.verb:set package 'antworker_isaacsim_world' build argument 'catkin_cmake_args' from command line to 'None'
[0.335s] Level 5:colcon.colcon_core.verb:set package 'antworker_isaacsim_world' build argument 'catkin_skip_building_tests' from command line to 'False'
[0.335s] DEBUG:colcon.colcon_core.verb:Building package 'antworker_isaacsim_world' with the following arguments: {'ament_cmake_args': None, 'build_base': '/home/humble_ws/build/antworker_isaacsim_world', 'catkin_cmake_args': None, 'catkin_skip_building_tests': False, 'cmake_args': None, 'cmake_clean_cache': False, 'cmake_clean_first': False, 'cmake_force_configure': False, 'cmake_target': None, 'cmake_target_skip_unavailable': False, 'install_base': '/home/humble_ws/install/antworker_isaacsim_world', 'merge_install': False, 'path': '/home/humble_ws/src/antworker_isaacsim_world', 'symlink_install': False, 'test_result_base': None}
[0.335s] Level 5:colcon.colcon_core.verb:set package 'antworker_moveit_bringup' build argument 'cmake_args' from command line to 'None'
[0.335s] Level 5:colcon.colcon_core.verb:set package 'antworker_moveit_bringup' build argument 'cmake_target' from command line to 'None'
[0.335s] Level 5:colcon.colcon_core.verb:set package 'antworker_moveit_bringup' build argument 'cmake_target_skip_unavailable' from command line to 'False'
[0.335s] Level 5:colcon.colcon_core.verb:set package 'antworker_moveit_bringup' build argument 'cmake_clean_cache' from command line to 'False'
[0.336s] Level 5:colcon.colcon_core.verb:set package 'antworker_moveit_bringup' build argument 'cmake_clean_first' from command line to 'False'
[0.336s] Level 5:colcon.colcon_core.verb:set package 'antworker_moveit_bringup' build argument 'cmake_force_configure' from command line to 'False'
[0.336s] Level 5:colcon.colcon_core.verb:set package 'antworker_moveit_bringup' build argument 'ament_cmake_args' from command line to 'None'
[0.336s] Level 5:colcon.colcon_core.verb:set package 'antworker_moveit_bringup' build argument 'catkin_cmake_args' from command line to 'None'
[0.336s] Level 5:colcon.colcon_core.verb:set package 'antworker_moveit_bringup' build argument 'catkin_skip_building_tests' from command line to 'False'
[0.336s] DEBUG:colcon.colcon_core.verb:Building package 'antworker_moveit_bringup' with the following arguments: {'ament_cmake_args': None, 'build_base': '/home/humble_ws/build/antworker_moveit_bringup', 'catkin_cmake_args': None, 'catkin_skip_building_tests': False, 'cmake_args': None, 'cmake_clean_cache': False, 'cmake_clean_first': False, 'cmake_force_configure': False, 'cmake_target': None, 'cmake_target_skip_unavailable': False, 'install_base': '/home/humble_ws/install/antworker_moveit_bringup', 'merge_install': False, 'path': '/home/humble_ws/src/antworker_moveit_bringup', 'symlink_install': False, 'test_result_base': None}
[0.336s] Level 5:colcon.colcon_core.verb:set package 'antworker_navigation' build argument 'cmake_args' from command line to 'None'
[0.336s] Level 5:colcon.colcon_core.verb:set package 'antworker_navigation' build argument 'cmake_target' from command line to 'None'
[0.336s] Level 5:colcon.colcon_core.verb:set package 'antworker_navigation' build argument 'cmake_target_skip_unavailable' from command line to 'False'
[0.336s] Level 5:colcon.colcon_core.verb:set package 'antworker_navigation' build argument 'cmake_clean_cache' from command line to 'False'
[0.336s] Level 5:colcon.colcon_core.verb:set package 'antworker_navigation' build argument 'cmake_clean_first' from command line to 'False'
[0.336s] Level 5:colcon.colcon_core.verb:set package 'antworker_navigation' build argument 'cmake_force_configure' from command line to 'False'
[0.336s] Level 5:colcon.colcon_core.verb:set package 'antworker_navigation' build argument 'ament_cmake_args' from command line to 'None'
[0.336s] Level 5:colcon.colcon_core.verb:set package 'antworker_navigation' build argument 'catkin_cmake_args' from command line to 'None'
[0.336s] Level 5:colcon.colcon_core.verb:set package 'antworker_navigation' build argument 'catkin_skip_building_tests' from command line to 'False'
[0.336s] DEBUG:colcon.colcon_core.verb:Building package 'antworker_navigation' with the following arguments: {'ament_cmake_args': None, 'build_base': '/home/humble_ws/build/antworker_navigation', 'catkin_cmake_args': None, 'catkin_skip_building_tests': False, 'cmake_args': None, 'cmake_clean_cache': False, 'cmake_clean_first': False, 'cmake_force_configure': False, 'cmake_target': None, 'cmake_target_skip_unavailable': False, 'install_base': '/home/humble_ws/install/antworker_navigation', 'merge_install': False, 'path': '/home/humble_ws/src/antworker_navigation', 'symlink_install': False, 'test_result_base': None}
[0.337s] Level 5:colcon.colcon_core.verb:set package 'antworker_moveit_description' build argument 'cmake_args' from command line to 'None'
[0.337s] Level 5:colcon.colcon_core.verb:set package 'antworker_moveit_description' build argument 'cmake_target' from command line to 'None'
[0.337s] Level 5:colcon.colcon_core.verb:set package 'antworker_moveit_description' build argument 'cmake_target_skip_unavailable' from command line to 'False'
[0.337s] Level 5:colcon.colcon_core.verb:set package 'antworker_moveit_description' build argument 'cmake_clean_cache' from command line to 'False'
[0.337s] Level 5:colcon.colcon_core.verb:set package 'antworker_moveit_description' build argument 'cmake_clean_first' from command line to 'False'
[0.337s] Level 5:colcon.colcon_core.verb:set package 'antworker_moveit_description' build argument 'cmake_force_configure' from command line to 'False'
[0.337s] Level 5:colcon.colcon_core.verb:set package 'antworker_moveit_description' build argument 'ament_cmake_args' from command line to 'None'
[0.337s] Level 5:colcon.colcon_core.verb:set package 'antworker_moveit_description' build argument 'catkin_cmake_args' from command line to 'None'
[0.337s] Level 5:colcon.colcon_core.verb:set package 'antworker_moveit_description' build argument 'catkin_skip_building_tests' from command line to 'False'
[0.337s] DEBUG:colcon.colcon_core.verb:Building package 'antworker_moveit_description' with the following arguments: {'ament_cmake_args': None, 'build_base': '/home/humble_ws/build/antworker_moveit_description', 'catkin_cmake_args': None, 'catkin_skip_building_tests': False, 'cmake_args': None, 'cmake_clean_cache': False, 'cmake_clean_first': False, 'cmake_force_configure': False, 'cmake_target': None, 'cmake_target_skip_unavailable': False, 'install_base': '/home/humble_ws/install/antworker_moveit_description', 'merge_install': False, 'path': '/home/humble_ws/src/antworker_moveit_description', 'symlink_install': False, 'test_result_base': None}
[0.337s] INFO:colcon.colcon_core.executor:Executing jobs using 'parallel' executor
[0.339s] DEBUG:colcon.colcon_parallel_executor.executor.parallel:run_until_complete
[0.339s] INFO:colcon.colcon_ros.task.ament_python.build:Building ROS package in '/home/humble_ws/src/antworker_description' with build type 'ament_python'
[0.340s] Level 1:colcon.colcon_core.shell:create_environment_hook('antworker_description', 'ament_prefix_path')
[0.344s] INFO:colcon.colcon_core.plugin_system:Skipping extension 'colcon_core.shell.bat': Not used on non-Windows systems
[0.344s] INFO:colcon.colcon_core.shell:Creating environment hook '/home/humble_ws/install/antworker_description/share/antworker_description/hook/ament_prefix_path.ps1'
[0.345s] INFO:colcon.colcon_core.shell:Creating environment descriptor '/home/humble_ws/install/antworker_description/share/antworker_description/hook/ament_prefix_path.dsv'
[0.346s] INFO:colcon.colcon_core.shell:Creating environment hook '/home/humble_ws/install/antworker_description/share/antworker_description/hook/ament_prefix_path.sh'
[0.347s] INFO:colcon.colcon_core.shell:Skip shell extension 'powershell' for command environment: Not usable outside of PowerShell
[0.347s] DEBUG:colcon.colcon_core.shell:Skip shell extension 'dsv' for command environment
[0.352s] INFO:colcon.colcon_ros.task.ament_python.build:Building ROS package in '/home/humble_ws/src/antworker_isaacsim_world' with build type 'ament_python'
[0.352s] Level 1:colcon.colcon_core.shell:create_environment_hook('antworker_isaacsim_world', 'ament_prefix_path')
[0.352s] INFO:colcon.colcon_core.shell:Creating environment hook '/home/humble_ws/install/antworker_isaacsim_world/share/antworker_isaacsim_world/hook/ament_prefix_path.ps1'
[0.353s] INFO:colcon.colcon_core.shell:Creating environment descriptor '/home/humble_ws/install/antworker_isaacsim_world/share/antworker_isaacsim_world/hook/ament_prefix_path.dsv'
[0.353s] INFO:colcon.colcon_core.shell:Creating environment hook '/home/humble_ws/install/antworker_isaacsim_world/share/antworker_isaacsim_world/hook/ament_prefix_path.sh'
[0.354s] INFO:colcon.colcon_core.shell:Skip shell extension 'powershell' for command environment: Not usable outside of PowerShell
[0.354s] DEBUG:colcon.colcon_core.shell:Skip shell extension 'dsv' for command environment
[0.357s] INFO:colcon.colcon_ros.task.ament_python.build:Building ROS package in '/home/humble_ws/src/antworker_moveit_bringup' with build type 'ament_python'
[0.357s] Level 1:colcon.colcon_core.shell:create_environment_hook('antworker_moveit_bringup', 'ament_prefix_path')
[0.358s] INFO:colcon.colcon_core.shell:Creating environment hook '/home/humble_ws/install/antworker_moveit_bringup/share/antworker_moveit_bringup/hook/ament_prefix_path.ps1'
[0.358s] INFO:colcon.colcon_core.shell:Creating environment descriptor '/home/humble_ws/install/antworker_moveit_bringup/share/antworker_moveit_bringup/hook/ament_prefix_path.dsv'
[0.359s] INFO:colcon.colcon_core.shell:Creating environment hook '/home/humble_ws/install/antworker_moveit_bringup/share/antworker_moveit_bringup/hook/ament_prefix_path.sh'
[0.359s] INFO:colcon.colcon_core.shell:Skip shell extension 'powershell' for command environment: Not usable outside of PowerShell
[0.359s] DEBUG:colcon.colcon_core.shell:Skip shell extension 'dsv' for command environment
[0.362s] INFO:colcon.colcon_ros.task.ament_python.build:Building ROS package in '/home/humble_ws/src/antworker_navigation' with build type 'ament_python'
[0.362s] Level 1:colcon.colcon_core.shell:create_environment_hook('antworker_navigation', 'ament_prefix_path')
[0.363s] INFO:colcon.colcon_core.shell:Creating environment hook '/home/humble_ws/install/antworker_navigation/share/antworker_navigation/hook/ament_prefix_path.ps1'
[0.363s] INFO:colcon.colcon_core.shell:Creating environment descriptor '/home/humble_ws/install/antworker_navigation/share/antworker_navigation/hook/ament_prefix_path.dsv'
[0.364s] INFO:colcon.colcon_core.shell:Creating environment hook '/home/humble_ws/install/antworker_navigation/share/antworker_navigation/hook/ament_prefix_path.sh'
[0.365s] INFO:colcon.colcon_core.shell:Skip shell extension 'powershell' for command environment: Not usable outside of PowerShell
[0.365s] DEBUG:colcon.colcon_core.shell:Skip shell extension 'dsv' for command environment
[0.635s] INFO:colcon.colcon_core.task.python.build:Building Python package in '/home/humble_ws/src/antworker_description'
[0.636s] INFO:colcon.colcon_core.shell:Skip shell extension 'powershell' for command environment: Not usable outside of PowerShell
[0.636s] DEBUG:colcon.colcon_core.shell:Skip shell extension 'dsv' for command environment
[0.907s] INFO:colcon.colcon_core.task.python.build:Building Python package in '/home/humble_ws/src/antworker_isaacsim_world'
[0.908s] INFO:colcon.colcon_core.shell:Skip shell extension 'powershell' for command environment: Not usable outside of PowerShell
[0.908s] DEBUG:colcon.colcon_core.shell:Skip shell extension 'dsv' for command environment
[1.148s] INFO:colcon.colcon_core.task.python.build:Building Python package in '/home/humble_ws/src/antworker_moveit_bringup'
[1.149s] INFO:colcon.colcon_core.shell:Skip shell extension 'powershell' for command environment: Not usable outside of PowerShell
[1.149s] DEBUG:colcon.colcon_core.shell:Skip shell extension 'dsv' for command environment
[1.401s] INFO:colcon.colcon_core.task.python.build:Building Python package in '/home/humble_ws/src/antworker_navigation'
[1.401s] INFO:colcon.colcon_core.shell:Skip shell extension 'powershell' for command environment: Not usable outside of PowerShell
[1.402s] DEBUG:colcon.colcon_core.shell:Skip shell extension 'dsv' for command environment
[1.859s] DEBUG:colcon.colcon_core.event_handler.log_command:Invoking command in '/home/humble_ws/src/antworker_moveit_bringup': PYTHONPATH=/home/humble_ws/build/antworker_moveit_bringup/prefix_override:/home/humble_ws/install/antworker_moveit_bringup/lib/python3.10/site-packages:${PYTHONPATH} /usr/bin/python3 -W ignore:setup.py install is deprecated setup.py egg_info --egg-base ../../build/antworker_moveit_bringup build --build-base /home/humble_ws/build/antworker_moveit_bringup/build install --record /home/humble_ws/build/antworker_moveit_bringup/install.log --single-version-externally-managed install_data
[1.883s] DEBUG:colcon.colcon_core.event_handler.log_command:Invoking command in '/home/humble_ws/src/antworker_description': PYTHONPATH=/home/humble_ws/build/antworker_description/prefix_override:/home/humble_ws/install/antworker_description/lib/python3.10/site-packages:${PYTHONPATH} /usr/bin/python3 -W ignore:setup.py install is deprecated setup.py egg_info --egg-base ../../build/antworker_description build --build-base /home/humble_ws/build/antworker_description/build install --record /home/humble_ws/build/antworker_description/install.log --single-version-externally-managed install_data
[1.888s] DEBUG:colcon.colcon_core.event_handler.log_command:Invoking command in '/home/humble_ws/src/antworker_navigation': PYTHONPATH=/home/humble_ws/build/antworker_navigation/prefix_override:/home/humble_ws/install/antworker_navigation/lib/python3.10/site-packages:${PYTHONPATH} /usr/bin/python3 -W ignore:setup.py install is deprecated setup.py egg_info --egg-base ../../build/antworker_navigation build --build-base /home/humble_ws/build/antworker_navigation/build install --record /home/humble_ws/build/antworker_navigation/install.log --single-version-externally-managed install_data
[1.905s] DEBUG:colcon.colcon_core.event_handler.log_command:Invoking command in '/home/humble_ws/src/antworker_isaacsim_world': PYTHONPATH=/home/humble_ws/build/antworker_isaacsim_world/prefix_override:/home/humble_ws/install/antworker_isaacsim_world/lib/python3.10/site-packages:${PYTHONPATH} /usr/bin/python3 -W ignore:setup.py install is deprecated setup.py egg_info --egg-base ../../build/antworker_isaacsim_world build --build-base /home/humble_ws/build/antworker_isaacsim_world/build install --record /home/humble_ws/build/antworker_isaacsim_world/install.log --single-version-externally-managed install_data
[2.265s] DEBUG:colcon.colcon_core.event_handler.log_command:Invoked command in '/home/humble_ws/src/antworker_moveit_bringup' returned '0': PYTHONPATH=/home/humble_ws/build/antworker_moveit_bringup/prefix_override:/home/humble_ws/install/antworker_moveit_bringup/lib/python3.10/site-packages:${PYTHONPATH} /usr/bin/python3 -W ignore:setup.py install is deprecated setup.py egg_info --egg-base ../../build/antworker_moveit_bringup build --build-base /home/humble_ws/build/antworker_moveit_bringup/build install --record /home/humble_ws/build/antworker_moveit_bringup/install.log --single-version-externally-managed install_data
[2.270s] Level 1:colcon.colcon_core.environment:checking '/home/humble_ws/install/antworker_moveit_bringup' for CMake module files
[2.271s] Level 1:colcon.colcon_core.environment:checking '/home/humble_ws/install/antworker_moveit_bringup' for CMake config files
[2.272s] Level 1:colcon.colcon_core.environment:checking '/home/humble_ws/install/antworker_moveit_bringup/lib'
[2.273s] Level 1:colcon.colcon_core.environment:checking '/home/humble_ws/install/antworker_moveit_bringup/bin'
[2.273s] Level 1:colcon.colcon_core.environment:checking '/home/humble_ws/install/antworker_moveit_bringup/lib/pkgconfig/antworker_moveit_bringup.pc'
[2.273s] Level 1:colcon.colcon_core.environment:checking '/home/humble_ws/install/antworker_moveit_bringup/lib/python3.10/site-packages'
[2.273s] Level 1:colcon.colcon_core.shell:create_environment_hook('antworker_moveit_bringup', 'pythonpath')
[2.273s] INFO:colcon.colcon_core.shell:Creating environment hook '/home/humble_ws/install/antworker_moveit_bringup/share/antworker_moveit_bringup/hook/pythonpath.ps1'
[2.274s] INFO:colcon.colcon_core.shell:Creating environment descriptor '/home/humble_ws/install/antworker_moveit_bringup/share/antworker_moveit_bringup/hook/pythonpath.dsv'
[2.274s] INFO:colcon.colcon_core.shell:Creating environment hook '/home/humble_ws/install/antworker_moveit_bringup/share/antworker_moveit_bringup/hook/pythonpath.sh'
[2.275s] Level 1:colcon.colcon_core.environment:checking '/home/humble_ws/install/antworker_moveit_bringup/bin'
[2.275s] Level 1:colcon.colcon_core.environment:create_environment_scripts_only(antworker_moveit_bringup)
[2.276s] INFO:colcon.colcon_core.shell:Creating package script '/home/humble_ws/install/antworker_moveit_bringup/share/antworker_moveit_bringup/package.ps1'
[2.277s] INFO:colcon.colcon_core.shell:Creating package descriptor '/home/humble_ws/install/antworker_moveit_bringup/share/antworker_moveit_bringup/package.dsv'
[2.277s] INFO:colcon.colcon_core.shell:Creating package script '/home/humble_ws/install/antworker_moveit_bringup/share/antworker_moveit_bringup/package.sh'
[2.278s] INFO:colcon.colcon_core.shell:Creating package script '/home/humble_ws/install/antworker_moveit_bringup/share/antworker_moveit_bringup/package.bash'
[2.279s] INFO:colcon.colcon_core.shell:Creating package script '/home/humble_ws/install/antworker_moveit_bringup/share/antworker_moveit_bringup/package.zsh'
[2.280s] Level 1:colcon.colcon_core.environment:create_file_with_runtime_dependencies(/home/humble_ws/install/antworker_moveit_bringup/share/colcon-core/packages/antworker_moveit_bringup)
[2.282s] Level 1:colcon.colcon_core.environment:checking '/home/humble_ws/install/antworker_description' for CMake module files
[2.282s] DEBUG:colcon.colcon_core.event_handler.log_command:Invoked command in '/home/humble_ws/src/antworker_description' returned '0': PYTHONPATH=/home/humble_ws/build/antworker_description/prefix_override:/home/humble_ws/install/antworker_description/lib/python3.10/site-packages:${PYTHONPATH} /usr/bin/python3 -W ignore:setup.py install is deprecated setup.py egg_info --egg-base ../../build/antworker_description build --build-base /home/humble_ws/build/antworker_description/build install --record /home/humble_ws/build/antworker_description/install.log --single-version-externally-managed install_data
[2.283s] Level 1:colcon.colcon_core.environment:checking '/home/humble_ws/install/antworker_description' for CMake config files
[2.284s] Level 1:colcon.colcon_core.environment:checking '/home/humble_ws/install/antworker_description/lib'
[2.284s] Level 1:colcon.colcon_core.environment:checking '/home/humble_ws/install/antworker_description/bin'
[2.284s] Level 1:colcon.colcon_core.environment:checking '/home/humble_ws/install/antworker_description/lib/pkgconfig/antworker_description.pc'
[2.284s] Level 1:colcon.colcon_core.environment:checking '/home/humble_ws/install/antworker_description/lib/python3.10/site-packages'
[2.284s] Level 1:colcon.colcon_core.shell:create_environment_hook('antworker_description', 'pythonpath')
[2.285s] INFO:colcon.colcon_core.shell:Creating environment hook '/home/humble_ws/install/antworker_description/share/antworker_description/hook/pythonpath.ps1'
[2.285s] INFO:colcon.colcon_core.shell:Creating environment descriptor '/home/humble_ws/install/antworker_description/share/antworker_description/hook/pythonpath.dsv'
[2.286s] INFO:colcon.colcon_core.shell:Creating environment hook '/home/humble_ws/install/antworker_description/share/antworker_description/hook/pythonpath.sh'
[2.287s] Level 1:colcon.colcon_core.environment:checking '/home/humble_ws/install/antworker_description/bin'
[2.287s] Level 1:colcon.colcon_core.environment:create_environment_scripts_only(antworker_description)
[2.287s] INFO:colcon.colcon_core.shell:Creating package script '/home/humble_ws/install/antworker_description/share/antworker_description/package.ps1'
[2.288s] INFO:colcon.colcon_core.shell:Creating package descriptor '/home/humble_ws/install/antworker_description/share/antworker_description/package.dsv'
[2.288s] INFO:colcon.colcon_core.shell:Creating package script '/home/humble_ws/install/antworker_description/share/antworker_description/package.sh'
[2.289s] INFO:colcon.colcon_core.shell:Creating package script '/home/humble_ws/install/antworker_description/share/antworker_description/package.bash'
[2.289s] INFO:colcon.colcon_core.shell:Creating package script '/home/humble_ws/install/antworker_description/share/antworker_description/package.zsh'
[2.289s] Level 1:colcon.colcon_core.environment:create_file_with_runtime_dependencies(/home/humble_ws/install/antworker_description/share/colcon-core/packages/antworker_description)
[2.290s] INFO:colcon.colcon_ros.task.ament_cmake.build:Building ROS package in '/home/humble_ws/src/antworker_moveit_description' with build type 'ament_cmake'
[2.290s] INFO:colcon.colcon_cmake.task.cmake.build:Building CMake package in '/home/humble_ws/src/antworker_moveit_description'
[2.290s] INFO:colcon.colcon_core.shell:Skip shell extension 'powershell' for command environment: Not usable outside of PowerShell
[2.290s] DEBUG:colcon.colcon_core.shell:Skip shell extension 'dsv' for command environment
[2.295s] Level 1:colcon.colcon_core.environment:checking '/home/humble_ws/install/antworker_navigation' for CMake module files
[2.296s] DEBUG:colcon.colcon_core.event_handler.log_command:Invoked command in '/home/humble_ws/src/antworker_navigation' returned '0': PYTHONPATH=/home/humble_ws/build/antworker_navigation/prefix_override:/home/humble_ws/install/antworker_navigation/lib/python3.10/site-packages:${PYTHONPATH} /usr/bin/python3 -W ignore:setup.py install is deprecated setup.py egg_info --egg-base ../../build/antworker_navigation build --build-base /home/humble_ws/build/antworker_navigation/build install --record /home/humble_ws/build/antworker_navigation/install.log --single-version-externally-managed install_data
[2.296s] Level 1:colcon.colcon_core.environment:checking '/home/humble_ws/install/antworker_navigation' for CMake config files
[2.297s] Level 1:colcon.colcon_core.environment:checking '/home/humble_ws/install/antworker_navigation/lib'
[2.298s] Level 1:colcon.colcon_core.environment:checking '/home/humble_ws/install/antworker_navigation/bin'
[2.298s] Level 1:colcon.colcon_core.environment:checking '/home/humble_ws/install/antworker_navigation/lib/pkgconfig/antworker_navigation.pc'
[2.298s] Level 1:colcon.colcon_core.environment:checking '/home/humble_ws/install/antworker_navigation/lib/python3.10/site-packages'
[2.298s] Level 1:colcon.colcon_core.shell:create_environment_hook('antworker_navigation', 'pythonpath')
[2.298s] INFO:colcon.colcon_core.shell:Creating environment hook '/home/humble_ws/install/antworker_navigation/share/antworker_navigation/hook/pythonpath.ps1'
[2.299s] INFO:colcon.colcon_core.shell:Creating environment descriptor '/home/humble_ws/install/antworker_navigation/share/antworker_navigation/hook/pythonpath.dsv'
[2.299s] INFO:colcon.colcon_core.shell:Creating environment hook '/home/humble_ws/install/antworker_navigation/share/antworker_navigation/hook/pythonpath.sh'
[2.300s] Level 1:colcon.colcon_core.environment:checking '/home/humble_ws/install/antworker_navigation/bin'
[2.300s] Level 1:colcon.colcon_core.environment:create_environment_scripts_only(antworker_navigation)
[2.300s] INFO:colcon.colcon_core.shell:Creating package script '/home/humble_ws/install/antworker_navigation/share/antworker_navigation/package.ps1'
[2.301s] INFO:colcon.colcon_core.shell:Creating package descriptor '/home/humble_ws/install/antworker_navigation/share/antworker_navigation/package.dsv'
[2.301s] INFO:colcon.colcon_core.shell:Creating package script '/home/humble_ws/install/antworker_navigation/share/antworker_navigation/package.sh'
[2.302s] INFO:colcon.colcon_core.shell:Creating package script '/home/humble_ws/install/antworker_navigation/share/antworker_navigation/package.bash'
[2.303s] INFO:colcon.colcon_core.shell:Creating package script '/home/humble_ws/install/antworker_navigation/share/antworker_navigation/package.zsh'
[2.303s] Level 1:colcon.colcon_core.environment:create_file_with_runtime_dependencies(/home/humble_ws/install/antworker_navigation/share/colcon-core/packages/antworker_navigation)
[2.310s] Level 1:colcon.colcon_core.environment:checking '/home/humble_ws/install/antworker_isaacsim_world' for CMake module files
[2.310s] DEBUG:colcon.colcon_core.event_handler.log_command:Invoking command in '/home/humble_ws/build/antworker_moveit_description': AMENT_PREFIX_PATH=/home/humble_ws/install/antworker_description:${AMENT_PREFIX_PATH} CMAKE_PREFIX_PATH=/opt/ros/humble PYTHONPATH=/home/humble_ws/install/antworker_description/lib/python3.10/site-packages:${PYTHONPATH} /usr/bin/cmake --build /home/humble_ws/build/antworker_moveit_description -- -j16 -l16
[2.311s] DEBUG:colcon.colcon_core.event_handler.log_command:Invoked command in '/home/humble_ws/src/antworker_isaacsim_world' returned '0': PYTHONPATH=/home/humble_ws/build/antworker_isaacsim_world/prefix_override:/home/humble_ws/install/antworker_isaacsim_world/lib/python3.10/site-packages:${PYTHONPATH} /usr/bin/python3 -W ignore:setup.py install is deprecated setup.py egg_info --egg-base ../../build/antworker_isaacsim_world build --build-base /home/humble_ws/build/antworker_isaacsim_world/build install --record /home/humble_ws/build/antworker_isaacsim_world/install.log --single-version-externally-managed install_data
[2.312s] Level 1:colcon.colcon_core.environment:checking '/home/humble_ws/install/antworker_isaacsim_world' for CMake config files
[2.312s] Level 1:colcon.colcon_core.environment:checking '/home/humble_ws/install/antworker_isaacsim_world/lib'
[2.313s] Level 1:colcon.colcon_core.environment:checking '/home/humble_ws/install/antworker_isaacsim_world/bin'
[2.313s] Level 1:colcon.colcon_core.environment:checking '/home/humble_ws/install/antworker_isaacsim_world/lib/pkgconfig/antworker_isaacsim_world.pc'
[2.313s] Level 1:colcon.colcon_core.environment:checking '/home/humble_ws/install/antworker_isaacsim_world/lib/python3.10/site-packages'
[2.313s] Level 1:colcon.colcon_core.shell:create_environment_hook('antworker_isaacsim_world', 'pythonpath')
[2.313s] INFO:colcon.colcon_core.shell:Creating environment hook '/home/humble_ws/install/antworker_isaacsim_world/share/antworker_isaacsim_world/hook/pythonpath.ps1'
[2.314s] INFO:colcon.colcon_core.shell:Creating environment descriptor '/home/humble_ws/install/antworker_isaacsim_world/share/antworker_isaacsim_world/hook/pythonpath.dsv'
[2.315s] INFO:colcon.colcon_core.shell:Creating environment hook '/home/humble_ws/install/antworker_isaacsim_world/share/antworker_isaacsim_world/hook/pythonpath.sh'
[2.316s] Level 1:colcon.colcon_core.environment:checking '/home/humble_ws/install/antworker_isaacsim_world/bin'
[2.316s] Level 1:colcon.colcon_core.environment:create_environment_scripts_only(antworker_isaacsim_world)
[2.316s] INFO:colcon.colcon_core.shell:Creating package script '/home/humble_ws/install/antworker_isaacsim_world/share/antworker_isaacsim_world/package.ps1'
[2.317s] INFO:colcon.colcon_core.shell:Creating package descriptor '/home/humble_ws/install/antworker_isaacsim_world/share/antworker_isaacsim_world/package.dsv'
[2.318s] INFO:colcon.colcon_core.shell:Creating package script '/home/humble_ws/install/antworker_isaacsim_world/share/antworker_isaacsim_world/package.sh'
[2.319s] INFO:colcon.colcon_core.shell:Creating package script '/home/humble_ws/install/antworker_isaacsim_world/share/antworker_isaacsim_world/package.bash'
[2.319s] INFO:colcon.colcon_core.shell:Creating package script '/home/humble_ws/install/antworker_isaacsim_world/share/antworker_isaacsim_world/package.zsh'
[2.320s] Level 1:colcon.colcon_core.environment:create_file_with_runtime_dependencies(/home/humble_ws/install/antworker_isaacsim_world/share/colcon-core/packages/antworker_isaacsim_world)
[2.371s] DEBUG:colcon.colcon_core.event_handler.log_command:Invoked command in '/home/humble_ws/build/antworker_moveit_description' returned '0': AMENT_PREFIX_PATH=/home/humble_ws/install/antworker_description:${AMENT_PREFIX_PATH} CMAKE_PREFIX_PATH=/opt/ros/humble PYTHONPATH=/home/humble_ws/install/antworker_description/lib/python3.10/site-packages:${PYTHONPATH} /usr/bin/cmake --build /home/humble_ws/build/antworker_moveit_description -- -j16 -l16
[2.419s] DEBUG:colcon.colcon_core.event_handler.log_command:Invoking command in '/home/humble_ws/build/antworker_moveit_description': AMENT_PREFIX_PATH=/home/humble_ws/install/antworker_description:${AMENT_PREFIX_PATH} CMAKE_PREFIX_PATH=/opt/ros/humble PYTHONPATH=/home/humble_ws/install/antworker_description/lib/python3.10/site-packages:${PYTHONPATH} /usr/bin/cmake --install /home/humble_ws/build/antworker_moveit_description
[2.435s] Level 1:colcon.colcon_core.environment:create_environment_scripts_only(antworker_moveit_description)
[2.436s] Level 1:colcon.colcon_core.environment:checking '/home/humble_ws/install/antworker_moveit_description' for CMake module files
[2.436s] DEBUG:colcon.colcon_core.event_handler.log_command:Invoked command in '/home/humble_ws/build/antworker_moveit_description' returned '0': AMENT_PREFIX_PATH=/home/humble_ws/install/antworker_description:${AMENT_PREFIX_PATH} CMAKE_PREFIX_PATH=/opt/ros/humble PYTHONPATH=/home/humble_ws/install/antworker_description/lib/python3.10/site-packages:${PYTHONPATH} /usr/bin/cmake --install /home/humble_ws/build/antworker_moveit_description
[2.437s] Level 1:colcon.colcon_core.environment:checking '/home/humble_ws/install/antworker_moveit_description' for CMake config files
[2.437s] Level 1:colcon.colcon_core.shell:create_environment_hook('antworker_moveit_description', 'cmake_prefix_path')
[2.438s] INFO:colcon.colcon_core.shell:Creating environment hook '/home/humble_ws/install/antworker_moveit_description/share/antworker_moveit_description/hook/cmake_prefix_path.ps1'
[2.439s] INFO:colcon.colcon_core.shell:Creating environment descriptor '/home/humble_ws/install/antworker_moveit_description/share/antworker_moveit_description/hook/cmake_prefix_path.dsv'
[2.439s] INFO:colcon.colcon_core.shell:Creating environment hook '/home/humble_ws/install/antworker_moveit_description/share/antworker_moveit_description/hook/cmake_prefix_path.sh'
[2.440s] Level 1:colcon.colcon_core.environment:checking '/home/humble_ws/install/antworker_moveit_description/bin'
[2.440s] Level 1:colcon.colcon_core.environment:checking '/home/humble_ws/install/antworker_moveit_description/lib/pkgconfig/antworker_moveit_description.pc'
[2.440s] Level 1:colcon.colcon_core.environment:checking '/home/humble_ws/install/antworker_moveit_description/lib/python3.10/site-packages'
[2.441s] Level 1:colcon.colcon_core.environment:checking '/home/humble_ws/install/antworker_moveit_description/bin'
[2.441s] INFO:colcon.colcon_core.shell:Creating package script '/home/humble_ws/install/antworker_moveit_description/share/antworker_moveit_description/package.ps1'
[2.442s] INFO:colcon.colcon_core.shell:Creating package descriptor '/home/humble_ws/install/antworker_moveit_description/share/antworker_moveit_description/package.dsv'
[2.442s] INFO:colcon.colcon_core.shell:Creating package script '/home/humble_ws/install/antworker_moveit_description/share/antworker_moveit_description/package.sh'
[2.443s] INFO:colcon.colcon_core.shell:Creating package script '/home/humble_ws/install/antworker_moveit_description/share/antworker_moveit_description/package.bash'
[2.443s] INFO:colcon.colcon_core.shell:Creating package script '/home/humble_ws/install/antworker_moveit_description/share/antworker_moveit_description/package.zsh'
[2.443s] Level 1:colcon.colcon_core.environment:create_file_with_runtime_dependencies(/home/humble_ws/install/antworker_moveit_description/share/colcon-core/packages/antworker_moveit_description)
[2.472s] Level 1:colcon.colcon_core.environment:create_environment_scripts_only(antworker_moveit_description)
[2.473s] Level 1:colcon.colcon_core.environment:checking '/home/humble_ws/install/antworker_moveit_description' for CMake module files
[2.474s] Level 1:colcon.colcon_core.environment:checking '/home/humble_ws/install/antworker_moveit_description' for CMake config files
[2.474s] Level 1:colcon.colcon_core.shell:create_environment_hook('antworker_moveit_description', 'cmake_prefix_path')
[2.474s] INFO:colcon.colcon_core.shell:Creating environment hook '/home/humble_ws/install/antworker_moveit_description/share/antworker_moveit_description/hook/cmake_prefix_path.ps1'
[2.475s] INFO:colcon.colcon_core.shell:Creating environment descriptor '/home/humble_ws/install/antworker_moveit_description/share/antworker_moveit_description/hook/cmake_prefix_path.dsv'
[2.476s] INFO:colcon.colcon_core.shell:Creating environment hook '/home/humble_ws/install/antworker_moveit_description/share/antworker_moveit_description/hook/cmake_prefix_path.sh'
[2.477s] Level 1:colcon.colcon_core.environment:checking '/home/humble_ws/install/antworker_moveit_description/bin'
[2.477s] Level 1:colcon.colcon_core.environment:checking '/home/humble_ws/install/antworker_moveit_description/lib/pkgconfig/antworker_moveit_description.pc'
[2.478s] Level 1:colcon.colcon_core.environment:checking '/home/humble_ws/install/antworker_moveit_description/lib/python3.10/site-packages'
[2.478s] Level 1:colcon.colcon_core.environment:checking '/home/humble_ws/install/antworker_moveit_description/bin'
[2.479s] INFO:colcon.colcon_core.shell:Creating package script '/home/humble_ws/install/antworker_moveit_description/share/antworker_moveit_description/package.ps1'
[2.479s] INFO:colcon.colcon_core.shell:Creating package descriptor '/home/humble_ws/install/antworker_moveit_description/share/antworker_moveit_description/package.dsv'
[2.480s] INFO:colcon.colcon_core.shell:Creating package script '/home/humble_ws/install/antworker_moveit_description/share/antworker_moveit_description/package.sh'
[2.481s] INFO:colcon.colcon_core.shell:Creating package script '/home/humble_ws/install/antworker_moveit_description/share/antworker_moveit_description/package.bash'
[2.481s] INFO:colcon.colcon_core.shell:Creating package script '/home/humble_ws/install/antworker_moveit_description/share/antworker_moveit_description/package.zsh'
[2.482s] Level 1:colcon.colcon_core.environment:create_file_with_runtime_dependencies(/home/humble_ws/install/antworker_moveit_description/share/colcon-core/packages/antworker_moveit_description)
[2.482s] DEBUG:colcon.colcon_parallel_executor.executor.parallel:closing loop
[2.483s] DEBUG:colcon.colcon_parallel_executor.executor.parallel:loop closed
[2.483s] DEBUG:colcon.colcon_parallel_executor.executor.parallel:run_until_complete finished with '0'
[2.483s] DEBUG:colcon.colcon_core.event_reactor:joining thread
[2.491s] INFO:colcon.colcon_core.plugin_system:Skipping extension 'colcon_notification.desktop_notification.notify_send': Could not find 'notify-send'
[2.491s] INFO:colcon.colcon_core.plugin_system:Skipping extension 'colcon_notification.desktop_notification.terminal_notifier': Not used on non-Darwin systems
[2.491s] INFO:colcon.colcon_core.plugin_system:Skipping extension 'colcon_notification.desktop_notification.win32': Not used on non-Windows systems
[2.491s] INFO:colcon.colcon_notification.desktop_notification:Sending desktop notification using 'notify2'
[2.507s] DEBUG:colcon.colcon_notification.desktop_notification.notify2:Failed to initialize notify2: org.freedesktop.DBus.Error.ServiceUnknown: The name org.freedesktop.Notifications was not provided by any .service files
[2.507s] DEBUG:colcon.colcon_core.event_reactor:joined thread
[2.508s] INFO:colcon.colcon_core.shell:Creating prefix script '/home/humble_ws/install/local_setup.ps1'
[2.509s] INFO:colcon.colcon_core.shell:Creating prefix util module '/home/humble_ws/install/_local_setup_util_ps1.py'
[2.511s] INFO:colcon.colcon_core.shell:Creating prefix chain script '/home/humble_ws/install/setup.ps1'
[2.512s] INFO:colcon.colcon_core.shell:Creating prefix script '/home/humble_ws/install/local_setup.sh'
[2.512s] INFO:colcon.colcon_core.shell:Creating prefix util module '/home/humble_ws/install/_local_setup_util_sh.py'
[2.513s] INFO:colcon.colcon_core.shell:Creating prefix chain script '/home/humble_ws/install/setup.sh'
[2.514s] INFO:colcon.colcon_core.shell:Creating prefix script '/home/humble_ws/install/local_setup.bash'
[2.514s] INFO:colcon.colcon_core.shell:Creating prefix chain script '/home/humble_ws/install/setup.bash'
[2.515s] INFO:colcon.colcon_core.shell:Creating prefix script '/home/humble_ws/install/local_setup.zsh'
[2.516s] INFO:colcon.colcon_core.shell:Creating prefix chain script '/home/humble_ws/install/setup.zsh'
