[0.016s] Invoking command in '/home/moveit/build/moveit_ros_perception': AMENT_PREFIX_PATH=/home/moveit/install/moveit_ros_planning:/home/moveit/install/moveit_ros_occupancy_map_monitor:/home/moveit/install/moveit_core:/home/moveit/install/moveit_msgs:/home/moveit/install/moveit_common:${AMENT_PREFIX_PATH} CMAKE_PREFIX_PATH=/home/moveit/install/moveit_ros_planning:/home/moveit/install/moveit_ros_occupancy_map_monitor:/home/moveit/install/moveit_core:/home/moveit/install/moveit_msgs:/home/moveit/install/moveit_common:/opt/ros/humble LD_LIBRARY_PATH=/home/moveit/install/moveit_ros_planning/lib:/home/moveit/install/moveit_ros_occupancy_map_monitor/lib:/home/moveit/install/moveit_core/lib:/home/moveit/install/moveit_msgs/lib:${LD_LIBRARY_PATH} PATH=/home/moveit/install/moveit_core/bin:${PATH} PYTHONPATH=/home/moveit/install/moveit_msgs/local/lib/python3.10/dist-packages:${PYTHONPATH} /usr/bin/cmake /home/moveit/src/moveit2/moveit_ros/perception -DCMAKE_BUILD_TYPE=Release -DCMAKE_INSTALL_PREFIX=/home/moveit/install/moveit_ros_perception
[0.072s] -- The CXX compiler identification is GNU 11.4.0
[0.078s] -- Detecting CXX compiler ABI info
[0.148s] -- Detecting CXX compiler ABI info - done
[0.153s] -- Check for working CXX compiler: /usr/bin/c++ - skipped
[0.154s] -- Detecting CXX compile features
[0.154s] -- Detecting CXX compile features - done
[0.155s] -- Found moveit_common: 2.9.0 (/home/moveit/install/moveit_common/share/moveit_common/cmake)
[0.160s] -- Found ament_cmake: 1.3.9 (/opt/ros/humble/share/ament_cmake/cmake)
[0.278s] -- Found Python3: /usr/bin/python3 (found version "3.10.12") found components: Interpreter 
[0.435s] -- Found libdw: /usr/lib/x86_64-linux-gnu/libdw.so  
[0.439s] -- Could NOT find libbfd (missing: LIBBFD_LIBRARY LIBBFD_INCLUDE_DIR) 
[0.439s] -- BACKWARD_HAS_UNWIND=1
[0.439s] -- BACKWARD_HAS_BACKTRACE=0
[0.439s] -- BACKWARD_HAS_BACKTRACE_SYMBOL=0
[0.439s] -- BACKWARD_HAS_DW=1
[0.439s] -- BACKWARD_HAS_BFD=0
[0.440s] -- Found Backward: /opt/ros/humble/share/backward_ros/cmake  
[0.443s] -- Found OpenGL: /usr/lib/x86_64-linux-gnu/libOpenGL.so   
[0.482s] -- Found GLEW: /usr/include (found version "2.2.0") 
[0.487s] -- Found PkgConfig: /usr/bin/pkg-config (found version "0.29.2") 
[0.487s] -- Checking for module 'glut'
[0.490s] --   No package 'glut' found
[0.492s] -- Found GLUT: /usr/lib/x86_64-linux-gnu/libglut.so  
[0.497s] -- Found cv_bridge: 3.2.1 (/opt/ros/humble/share/cv_bridge/cmake)
[0.554s] -- Found rosidl_generator_c: 3.1.5 (/opt/ros/humble/share/rosidl_generator_c/cmake)
[0.562s] -- Found rosidl_adapter: 3.1.5 (/opt/ros/humble/share/rosidl_adapter/cmake)
[0.573s] -- Found rosidl_generator_cpp: 3.1.5 (/opt/ros/humble/share/rosidl_generator_cpp/cmake)
[0.588s] -- Using all available rosidl_typesupport_c: rosidl_typesupport_fastrtps_c;rosidl_typesupport_introspection_c
[0.609s] -- Using all available rosidl_typesupport_cpp: rosidl_typesupport_fastrtps_cpp;rosidl_typesupport_introspection_cpp
[0.782s] -- Found moveit_core: 2.9.0 (/home/moveit/install/moveit_core/share/moveit_core/cmake)
[1.022s] -- Found Boost: /usr/lib/x86_64-linux-gnu/cmake/Boost-1.74.0/BoostConfig.cmake (found version "1.74.0") found components: chrono date_time filesystem iostreams program_options regex serialization system thread 
[1.077s] -- Found parameter_traits: 0.3.8 (/opt/ros/humble/share/parameter_traits/cmake)
[1.147s] -- Found rmw_implementation_cmake: 6.1.2 (/opt/ros/humble/share/rmw_implementation_cmake/cmake)
[1.152s] -- Found rmw_fastrtps_cpp: 6.2.6 (/opt/ros/humble/share/rmw_fastrtps_cpp/cmake)
[1.260s] -- Found OpenSSL: /usr/lib/x86_64-linux-gnu/libcrypto.so (found version "3.0.2")  
[1.286s] -- Found FastRTPS: /opt/ros/humble/include  
[1.336s] -- Using RMW implementation 'rmw_fastrtps_cpp' as default
[1.350s] -- Found Threads: TRUE  
[1.471s] -- Found Eigen3: TRUE (found version "3.4.0") 
[1.475s] -- Found rclcpp_lifecycle: 16.0.9 (/opt/ros/humble/share/rclcpp_lifecycle/cmake)
[1.517s] -- Found Boost: /usr/lib/x86_64-linux-gnu/cmake/Boost-1.74.0/BoostConfig.cmake (found version "1.74.0") found components: filesystem 
[1.625s] -- library: /usr/lib/x86_64-linux-gnu/libcurl.so
[1.792s] -- Ensuring Eigen3 include directory is part of orocos-kdl CMake target
[2.640s] -- Found image_transport: 3.1.9 (/opt/ros/humble/share/image_transport/cmake)
[2.650s] -- Found moveit_ros_occupancy_map_monitor: 2.9.0 (/home/moveit/install/moveit_ros_occupancy_map_monitor/share/moveit_ros_occupancy_map_monitor/cmake)
[2.986s] -- Found OpenMP_CXX: -fopenmp (found version "4.5") 
[2.987s] -- Found OpenMP: TRUE (found version "4.5")  
[2.990s] -- Found OpenCV: /usr (found version "4.5.4") 
[2.993s] -- Found Boost: /usr/lib/x86_64-linux-gnu/cmake/Boost-1.74.0/BoostConfig.cmake (found version "1.74.0") found components: thread 
[3.010s] -- Performing Test COMPILER_HAS_HIDDEN_VISIBILITY
[3.096s] -- Performing Test COMPILER_HAS_HIDDEN_VISIBILITY - Success
[3.097s] -- Performing Test COMPILER_HAS_HIDDEN_INLINE_VISIBILITY
[3.183s] -- Performing Test COMPILER_HAS_HIDDEN_INLINE_VISIBILITY - Success
[3.183s] -- Performing Test COMPILER_HAS_DEPRECATED_ATTR
[3.271s] -- Performing Test COMPILER_HAS_DEPRECATED_ATTR - Success
[3.290s] -- Found ament_lint_auto: 0.12.11 (/opt/ros/humble/share/ament_lint_auto/cmake)
[3.327s] -- Added test 'cppcheck' to perform static code analysis on C / C++ code
[3.328s] -- Configured cppcheck include dirs: /home/moveit/src/moveit2/moveit_ros/perception/depth_image_octomap_updater/include;/home/moveit/src/moveit2/moveit_ros/perception/lazy_free_space_updater/include;/home/moveit/src/moveit2/moveit_ros/perception/mesh_filter/include;/home/moveit/src/moveit2/moveit_ros/perception/point_containment_filter/include;/home/moveit/src/moveit2/moveit_ros/perception/pointcloud_octomap_updater/include;/home/moveit/src/moveit2/moveit_ros/perception/semantic_world/include
[3.328s] -- Configured cppcheck exclude dirs and/or files: 
[3.331s] -- Added test 'lint_cmake' to check CMake code style
[3.333s] -- Added test 'xmllint' to check XML markup files
[3.335s] -- Configuring done
[3.456s] -- Generating done
[3.459s] -- Build files have been written to: /home/moveit/build/moveit_ros_perception
[3.471s] Invoked command in '/home/moveit/build/moveit_ros_perception' returned '0': AMENT_PREFIX_PATH=/home/moveit/install/moveit_ros_planning:/home/moveit/install/moveit_ros_occupancy_map_monitor:/home/moveit/install/moveit_core:/home/moveit/install/moveit_msgs:/home/moveit/install/moveit_common:${AMENT_PREFIX_PATH} CMAKE_PREFIX_PATH=/home/moveit/install/moveit_ros_planning:/home/moveit/install/moveit_ros_occupancy_map_monitor:/home/moveit/install/moveit_core:/home/moveit/install/moveit_msgs:/home/moveit/install/moveit_common:/opt/ros/humble LD_LIBRARY_PATH=/home/moveit/install/moveit_ros_planning/lib:/home/moveit/install/moveit_ros_occupancy_map_monitor/lib:/home/moveit/install/moveit_core/lib:/home/moveit/install/moveit_msgs/lib:${LD_LIBRARY_PATH} PATH=/home/moveit/install/moveit_core/bin:${PATH} PYTHONPATH=/home/moveit/install/moveit_msgs/local/lib/python3.10/dist-packages:${PYTHONPATH} /usr/bin/cmake /home/moveit/src/moveit2/moveit_ros/perception -DCMAKE_BUILD_TYPE=Release -DCMAKE_INSTALL_PREFIX=/home/moveit/install/moveit_ros_perception
[3.473s] Invoking command in '/home/moveit/build/moveit_ros_perception': AMENT_PREFIX_PATH=/home/moveit/install/moveit_ros_planning:/home/moveit/install/moveit_ros_occupancy_map_monitor:/home/moveit/install/moveit_core:/home/moveit/install/moveit_msgs:/home/moveit/install/moveit_common:${AMENT_PREFIX_PATH} CMAKE_PREFIX_PATH=/home/moveit/install/moveit_ros_planning:/home/moveit/install/moveit_ros_occupancy_map_monitor:/home/moveit/install/moveit_core:/home/moveit/install/moveit_msgs:/home/moveit/install/moveit_common:/opt/ros/humble LD_LIBRARY_PATH=/home/moveit/install/moveit_ros_planning/lib:/home/moveit/install/moveit_ros_occupancy_map_monitor/lib:/home/moveit/install/moveit_core/lib:/home/moveit/install/moveit_msgs/lib:${LD_LIBRARY_PATH} PATH=/home/moveit/install/moveit_core/bin:${PATH} PYTHONPATH=/home/moveit/install/moveit_msgs/local/lib/python3.10/dist-packages:${PYTHONPATH} /usr/bin/cmake --build /home/moveit/build/moveit_ros_perception -- -j16 -l16
[3.528s] [ 40%] [32mBuilding CXX object mesh_filter/CMakeFiles/moveit_mesh_filter.dir/src/sensor_model.cpp.o[0m
[3.528s] [ 40%] [32mBuilding CXX object mesh_filter/CMakeFiles/moveit_mesh_filter.dir/src/gl_mesh.cpp.o[0m
[3.528s] [ 40%] [32mBuilding CXX object semantic_world/CMakeFiles/moveit_semantic_world.dir/src/semantic_world.cpp.o[0m
[3.528s] [ 40%] [32mBuilding CXX object point_containment_filter/CMakeFiles/moveit_point_containment_filter.dir/src/shape_mask.cpp.o[0m
[3.528s] [ 40%] [32mBuilding CXX object mesh_filter/CMakeFiles/moveit_mesh_filter.dir/src/stereo_camera_model.cpp.o[0m
[3.528s] [ 40%] [32mBuilding CXX object mesh_filter/CMakeFiles/moveit_mesh_filter.dir/src/mesh_filter_base.cpp.o[0m
[3.528s] [ 40%] [32mBuilding CXX object mesh_filter/CMakeFiles/moveit_mesh_filter.dir/src/gl_renderer.cpp.o[0m
[3.528s] [ 40%] [32mBuilding CXX object lazy_free_space_updater/CMakeFiles/moveit_lazy_free_space_updater.dir/src/lazy_free_space_updater.cpp.o[0m
[5.200s] [ 45%] [32m[1mLinking CXX shared library libmoveit_lazy_free_space_updater.so[0m
[5.366s] [ 45%] Built target moveit_lazy_free_space_updater
[6.247s] [ 50%] [32m[1mLinking CXX shared library libmoveit_point_containment_filter.so[0m
[6.383s] [ 50%] Built target moveit_point_containment_filter
[6.406s] [ 55%] [32mBuilding CXX object pointcloud_octomap_updater/CMakeFiles/moveit_pointcloud_octomap_updater_core.dir/src/pointcloud_octomap_updater.cpp.o[0m
[6.524s] [ 60%] [32m[1mLinking CXX shared library libmoveit_mesh_filter.so[0m
[6.696s] [ 60%] Built target moveit_mesh_filter
[6.718s] [ 65%] [32mBuilding CXX object depth_image_octomap_updater/CMakeFiles/moveit_depth_image_octomap_updater_core.dir/src/depth_image_octomap_updater.cpp.o[0m
[12.003s] [ 70%] [32m[1mLinking CXX shared library libmoveit_depth_image_octomap_updater_core.so[0m
[12.174s] [ 70%] Built target moveit_depth_image_octomap_updater_core
[12.196s] [ 75%] [32mBuilding CXX object depth_image_octomap_updater/CMakeFiles/moveit_depth_image_octomap_updater.dir/src/updater_plugin.cpp.o[0m
[15.767s] [ 80%] [32m[1mLinking CXX shared library libmoveit_depth_image_octomap_updater.so[0m
[15.903s] [ 80%] Built target moveit_depth_image_octomap_updater
[17.638s] [ 85%] [32m[1mLinking CXX shared library libmoveit_pointcloud_octomap_updater_core.so[0m
[17.849s] [ 85%] Built target moveit_pointcloud_octomap_updater_core
[17.872s] [ 90%] [32mBuilding CXX object pointcloud_octomap_updater/CMakeFiles/moveit_pointcloud_octomap_updater.dir/src/plugin_init.cpp.o[0m
[18.981s] [ 95%] [32m[1mLinking CXX shared library libmoveit_semantic_world.so[0m
[19.176s] [ 95%] Built target moveit_semantic_world
[21.515s] [100%] [32m[1mLinking CXX shared library libmoveit_pointcloud_octomap_updater.so[0m
[21.653s] [100%] Built target moveit_pointcloud_octomap_updater
[21.663s] Invoked command in '/home/moveit/build/moveit_ros_perception' returned '0': AMENT_PREFIX_PATH=/home/moveit/install/moveit_ros_planning:/home/moveit/install/moveit_ros_occupancy_map_monitor:/home/moveit/install/moveit_core:/home/moveit/install/moveit_msgs:/home/moveit/install/moveit_common:${AMENT_PREFIX_PATH} CMAKE_PREFIX_PATH=/home/moveit/install/moveit_ros_planning:/home/moveit/install/moveit_ros_occupancy_map_monitor:/home/moveit/install/moveit_core:/home/moveit/install/moveit_msgs:/home/moveit/install/moveit_common:/opt/ros/humble LD_LIBRARY_PATH=/home/moveit/install/moveit_ros_planning/lib:/home/moveit/install/moveit_ros_occupancy_map_monitor/lib:/home/moveit/install/moveit_core/lib:/home/moveit/install/moveit_msgs/lib:${LD_LIBRARY_PATH} PATH=/home/moveit/install/moveit_core/bin:${PATH} PYTHONPATH=/home/moveit/install/moveit_msgs/local/lib/python3.10/dist-packages:${PYTHONPATH} /usr/bin/cmake --build /home/moveit/build/moveit_ros_perception -- -j16 -l16
[21.691s] Invoking command in '/home/moveit/build/moveit_ros_perception': AMENT_PREFIX_PATH=/home/moveit/install/moveit_ros_planning:/home/moveit/install/moveit_ros_occupancy_map_monitor:/home/moveit/install/moveit_core:/home/moveit/install/moveit_msgs:/home/moveit/install/moveit_common:${AMENT_PREFIX_PATH} CMAKE_PREFIX_PATH=/home/moveit/install/moveit_ros_planning:/home/moveit/install/moveit_ros_occupancy_map_monitor:/home/moveit/install/moveit_core:/home/moveit/install/moveit_msgs:/home/moveit/install/moveit_common:/opt/ros/humble LD_LIBRARY_PATH=/home/moveit/install/moveit_ros_planning/lib:/home/moveit/install/moveit_ros_occupancy_map_monitor/lib:/home/moveit/install/moveit_core/lib:/home/moveit/install/moveit_msgs/lib:${LD_LIBRARY_PATH} PATH=/home/moveit/install/moveit_core/bin:${PATH} PYTHONPATH=/home/moveit/install/moveit_msgs/local/lib/python3.10/dist-packages:${PYTHONPATH} /usr/bin/cmake --install /home/moveit/build/moveit_ros_perception
[21.698s] -- Install configuration: "Release"
[21.698s] -- Installing: /home/moveit/install/moveit_ros_perception/include/moveit_ros_perception
[21.698s] -- Installing: /home/moveit/install/moveit_ros_perception/include/moveit_ros_perception/moveit
[21.698s] -- Installing: /home/moveit/install/moveit_ros_perception/include/moveit_ros_perception/moveit/lazy_free_space_updater
[21.698s] -- Installing: /home/moveit/install/moveit_ros_perception/include/moveit_ros_perception/moveit/lazy_free_space_updater/lazy_free_space_updater.h
[21.699s] -- Up-to-date: /home/moveit/install/moveit_ros_perception/include/moveit_ros_perception
[21.699s] -- Up-to-date: /home/moveit/install/moveit_ros_perception/include/moveit_ros_perception/moveit
[21.699s] -- Installing: /home/moveit/install/moveit_ros_perception/include/moveit_ros_perception/moveit/point_containment_filter
[21.699s] -- Installing: /home/moveit/install/moveit_ros_perception/include/moveit_ros_perception/moveit/point_containment_filter/shape_mask.h
[21.699s] -- Up-to-date: /home/moveit/install/moveit_ros_perception/include/moveit_ros_perception
[21.699s] -- Up-to-date: /home/moveit/install/moveit_ros_perception/include/moveit_ros_perception/moveit
[21.699s] -- Installing: /home/moveit/install/moveit_ros_perception/include/moveit_ros_perception/moveit/pointcloud_octomap_updater
[21.699s] -- Installing: /home/moveit/install/moveit_ros_perception/include/moveit_ros_perception/moveit/pointcloud_octomap_updater/pointcloud_octomap_updater.h
[21.699s] -- Up-to-date: /home/moveit/install/moveit_ros_perception/include/moveit_ros_perception
[21.700s] -- Up-to-date: /home/moveit/install/moveit_ros_perception/include/moveit_ros_perception/moveit
[21.700s] -- Installing: /home/moveit/install/moveit_ros_perception/include/moveit_ros_perception/moveit/mesh_filter
[21.700s] -- Installing: /home/moveit/install/moveit_ros_perception/include/moveit_ros_perception/moveit/mesh_filter/filter_job.h
[21.700s] -- Installing: /home/moveit/install/moveit_ros_perception/include/moveit_ros_perception/moveit/mesh_filter/gl_mesh.h
[21.700s] -- Installing: /home/moveit/install/moveit_ros_perception/include/moveit_ros_perception/moveit/mesh_filter/mesh_filter_base.h
[21.700s] -- Installing: /home/moveit/install/moveit_ros_perception/include/moveit_ros_perception/moveit/mesh_filter/sensor_model.h
[21.700s] -- Installing: /home/moveit/install/moveit_ros_perception/include/moveit_ros_perception/moveit/mesh_filter/depth_self_filter_nodelet.h
[21.700s] -- Installing: /home/moveit/install/moveit_ros_perception/include/moveit_ros_perception/moveit/mesh_filter/transform_provider.h
[21.701s] -- Installing: /home/moveit/install/moveit_ros_perception/include/moveit_ros_perception/moveit/mesh_filter/stereo_camera_model.h
[21.701s] -- Installing: /home/moveit/install/moveit_ros_perception/include/moveit_ros_perception/moveit/mesh_filter/gl_renderer.h
[21.701s] -- Installing: /home/moveit/install/moveit_ros_perception/include/moveit_ros_perception/moveit/mesh_filter/mesh_filter.h
[21.701s] -- Installing: /home/moveit/install/moveit_ros_perception/include/moveit_ros_perception/moveit_mesh_filter_export.h
[21.701s] -- Up-to-date: /home/moveit/install/moveit_ros_perception/include/moveit_ros_perception
[21.702s] -- Up-to-date: /home/moveit/install/moveit_ros_perception/include/moveit_ros_perception/moveit
[21.702s] -- Installing: /home/moveit/install/moveit_ros_perception/include/moveit_ros_perception/moveit/depth_image_octomap_updater
[21.702s] -- Installing: /home/moveit/install/moveit_ros_perception/include/moveit_ros_perception/moveit/depth_image_octomap_updater/depth_image_octomap_updater.h
[21.702s] -- Up-to-date: /home/moveit/install/moveit_ros_perception/include/moveit_ros_perception
[21.702s] -- Up-to-date: /home/moveit/install/moveit_ros_perception/include/moveit_ros_perception/moveit
[21.702s] -- Installing: /home/moveit/install/moveit_ros_perception/include/moveit_ros_perception/moveit/semantic_world
[21.702s] -- Installing: /home/moveit/install/moveit_ros_perception/include/moveit_ros_perception/moveit/semantic_world/semantic_world.h
[21.702s] -- Installing: /home/moveit/install/moveit_ros_perception/lib/libmoveit_depth_image_octomap_updater.so.2.9.0
[21.703s] -- Set runtime path of "/home/moveit/install/moveit_ros_perception/lib/libmoveit_depth_image_octomap_updater.so.2.9.0" to ""
[21.703s] -- Installing: /home/moveit/install/moveit_ros_perception/lib/libmoveit_depth_image_octomap_updater.so
[21.703s] -- Installing: /home/moveit/install/moveit_ros_perception/lib/libmoveit_depth_image_octomap_updater_core.so.2.9.0
[21.703s] -- Set runtime path of "/home/moveit/install/moveit_ros_perception/lib/libmoveit_depth_image_octomap_updater_core.so.2.9.0" to ""
[21.703s] -- Installing: /home/moveit/install/moveit_ros_perception/lib/libmoveit_depth_image_octomap_updater_core.so
[21.703s] -- Installing: /home/moveit/install/moveit_ros_perception/lib/libmoveit_lazy_free_space_updater.so.2.9.0
[21.704s] -- Set runtime path of "/home/moveit/install/moveit_ros_perception/lib/libmoveit_lazy_free_space_updater.so.2.9.0" to ""
[21.704s] -- Installing: /home/moveit/install/moveit_ros_perception/lib/libmoveit_lazy_free_space_updater.so
[21.704s] -- Installing: /home/moveit/install/moveit_ros_perception/lib/libmoveit_mesh_filter.so.2.9.0
[21.704s] -- Set runtime path of "/home/moveit/install/moveit_ros_perception/lib/libmoveit_mesh_filter.so.2.9.0" to ""
[21.705s] -- Installing: /home/moveit/install/moveit_ros_perception/lib/libmoveit_mesh_filter.so
[21.705s] -- Installing: /home/moveit/install/moveit_ros_perception/lib/libmoveit_point_containment_filter.so.2.9.0
[21.705s] -- Set runtime path of "/home/moveit/install/moveit_ros_perception/lib/libmoveit_point_containment_filter.so.2.9.0" to ""
[21.705s] -- Installing: /home/moveit/install/moveit_ros_perception/lib/libmoveit_point_containment_filter.so
[21.705s] -- Installing: /home/moveit/install/moveit_ros_perception/lib/libmoveit_pointcloud_octomap_updater.so.2.9.0
[21.705s] -- Set runtime path of "/home/moveit/install/moveit_ros_perception/lib/libmoveit_pointcloud_octomap_updater.so.2.9.0" to ""
[21.705s] -- Installing: /home/moveit/install/moveit_ros_perception/lib/libmoveit_pointcloud_octomap_updater.so
[21.706s] -- Installing: /home/moveit/install/moveit_ros_perception/lib/libmoveit_pointcloud_octomap_updater_core.so.2.9.0
[21.707s] -- Set runtime path of "/home/moveit/install/moveit_ros_perception/lib/libmoveit_pointcloud_octomap_updater_core.so.2.9.0" to ""
[21.707s] -- Installing: /home/moveit/install/moveit_ros_perception/lib/libmoveit_pointcloud_octomap_updater_core.so
[21.707s] -- Installing: /home/moveit/install/moveit_ros_perception/lib/libmoveit_semantic_world.so.2.9.0
[21.709s] -- Set runtime path of "/home/moveit/install/moveit_ros_perception/lib/libmoveit_semantic_world.so.2.9.0" to ""
[21.709s] -- Installing: /home/moveit/install/moveit_ros_perception/lib/libmoveit_semantic_world.so
[21.709s] -- Installing: /home/moveit/install/moveit_ros_perception/share/moveit_ros_perception/environment/library_path.sh
[21.709s] -- Installing: /home/moveit/install/moveit_ros_perception/share/moveit_ros_perception/environment/library_path.dsv
[21.710s] -- Installing: /home/moveit/install/moveit_ros_perception/share/moveit_ros_perception/pointcloud_octomap_updater_plugin_description.xml
[21.710s] -- Installing: /home/moveit/install/moveit_ros_perception/share/moveit_ros_perception/depth_image_octomap_updater_plugin_description.xml
[21.710s] -- Installing: /home/moveit/install/moveit_ros_perception/share/ament_index/resource_index/package_run_dependencies/moveit_ros_perception
[21.710s] -- Installing: /home/moveit/install/moveit_ros_perception/share/ament_index/resource_index/parent_prefix_path/moveit_ros_perception
[21.711s] -- Installing: /home/moveit/install/moveit_ros_perception/share/moveit_ros_perception/environment/ament_prefix_path.sh
[21.711s] -- Installing: /home/moveit/install/moveit_ros_perception/share/moveit_ros_perception/environment/ament_prefix_path.dsv
[21.711s] -- Installing: /home/moveit/install/moveit_ros_perception/share/moveit_ros_perception/environment/path.sh
[21.711s] -- Installing: /home/moveit/install/moveit_ros_perception/share/moveit_ros_perception/environment/path.dsv
[21.711s] -- Installing: /home/moveit/install/moveit_ros_perception/share/moveit_ros_perception/local_setup.bash
[21.711s] -- Installing: /home/moveit/install/moveit_ros_perception/share/moveit_ros_perception/local_setup.sh
[21.712s] -- Installing: /home/moveit/install/moveit_ros_perception/share/moveit_ros_perception/local_setup.zsh
[21.712s] -- Installing: /home/moveit/install/moveit_ros_perception/share/moveit_ros_perception/local_setup.dsv
[21.712s] -- Installing: /home/moveit/install/moveit_ros_perception/share/moveit_ros_perception/package.dsv
[21.712s] -- Installing: /home/moveit/install/moveit_ros_perception/share/ament_index/resource_index/packages/moveit_ros_perception
[21.712s] -- Installing: /home/moveit/install/moveit_ros_perception/share/ament_index/resource_index/moveit_ros_occupancy_map_monitor__pluginlib__plugin/moveit_ros_perception
[21.712s] -- Installing: /home/moveit/install/moveit_ros_perception/share/moveit_ros_perception/cmake/moveit_ros_perceptionTargetsExport.cmake
[21.713s] -- Installing: /home/moveit/install/moveit_ros_perception/share/moveit_ros_perception/cmake/moveit_ros_perceptionTargetsExport-release.cmake
[21.713s] -- Installing: /home/moveit/install/moveit_ros_perception/share/moveit_ros_perception/cmake/ConfigExtras.cmake
[21.713s] -- Installing: /home/moveit/install/moveit_ros_perception/share/moveit_ros_perception/cmake/ament_cmake_export_targets-extras.cmake
[21.713s] -- Installing: /home/moveit/install/moveit_ros_perception/share/moveit_ros_perception/cmake/ament_cmake_export_dependencies-extras.cmake
[21.713s] -- Installing: /home/moveit/install/moveit_ros_perception/share/moveit_ros_perception/cmake/moveit_ros_perceptionConfig.cmake
[21.713s] -- Installing: /home/moveit/install/moveit_ros_perception/share/moveit_ros_perception/cmake/moveit_ros_perceptionConfig-version.cmake
[21.714s] -- Installing: /home/moveit/install/moveit_ros_perception/share/moveit_ros_perception/package.xml
[21.715s] Invoked command in '/home/moveit/build/moveit_ros_perception' returned '0': AMENT_PREFIX_PATH=/home/moveit/install/moveit_ros_planning:/home/moveit/install/moveit_ros_occupancy_map_monitor:/home/moveit/install/moveit_core:/home/moveit/install/moveit_msgs:/home/moveit/install/moveit_common:${AMENT_PREFIX_PATH} CMAKE_PREFIX_PATH=/home/moveit/install/moveit_ros_planning:/home/moveit/install/moveit_ros_occupancy_map_monitor:/home/moveit/install/moveit_core:/home/moveit/install/moveit_msgs:/home/moveit/install/moveit_common:/opt/ros/humble LD_LIBRARY_PATH=/home/moveit/install/moveit_ros_planning/lib:/home/moveit/install/moveit_ros_occupancy_map_monitor/lib:/home/moveit/install/moveit_core/lib:/home/moveit/install/moveit_msgs/lib:${LD_LIBRARY_PATH} PATH=/home/moveit/install/moveit_core/bin:${PATH} PYTHONPATH=/home/moveit/install/moveit_msgs/local/lib/python3.10/dist-packages:${PYTHONPATH} /usr/bin/cmake --install /home/moveit/build/moveit_ros_perception
