[0.023s] Invoking command in '/home/moveit/build/moveit_ros_warehouse': AMENT_PREFIX_PATH=/home/moveit/install/moveit_ros_planning:/home/moveit/install/moveit_ros_occupancy_map_monitor:/home/moveit/install/moveit_core:/home/moveit/install/moveit_msgs:/home/moveit/install/moveit_common:${AMENT_PREFIX_PATH} CMAKE_PREFIX_PATH=/home/moveit/install/moveit_ros_planning:/home/moveit/install/moveit_ros_occupancy_map_monitor:/home/moveit/install/moveit_core:/home/moveit/install/moveit_msgs:/home/moveit/install/moveit_common:/opt/ros/humble LD_LIBRARY_PATH=/home/moveit/install/moveit_ros_planning/lib:/home/moveit/install/moveit_ros_occupancy_map_monitor/lib:/home/moveit/install/moveit_core/lib:/home/moveit/install/moveit_msgs/lib:${LD_LIBRARY_PATH} PATH=/home/moveit/install/moveit_core/bin:${PATH} PYTHONPATH=/home/moveit/install/moveit_msgs/local/lib/python3.10/dist-packages:${PYTHONPATH} /usr/bin/cmake /home/moveit/src/moveit2/moveit_ros/warehouse -DCMAKE_BUILD_TYPE=Release -DCMAKE_INSTALL_PREFIX=/home/moveit/install/moveit_ros_warehouse
[0.108s] -- The CXX compiler identification is GNU 11.4.0
[0.118s] -- Detecting CXX compiler ABI info
[0.217s] -- Detecting CXX compiler ABI info - done
[0.225s] -- Check for working CXX compiler: /usr/bin/c++ - skipped
[0.225s] -- Detecting CXX compile features
[0.225s] -- Detecting CXX compile features - done
[0.227s] -- Found moveit_common: 2.9.0 (/home/moveit/install/moveit_common/share/moveit_common/cmake)
[0.233s] -- Found ament_cmake: 1.3.9 (/opt/ros/humble/share/ament_cmake/cmake)
[0.405s] -- Found Python3: /usr/bin/python3 (found version "3.10.12") found components: Interpreter 
[0.637s] -- Found libdw: /usr/lib/x86_64-linux-gnu/libdw.so  
[0.645s] -- Could NOT find libbfd (missing: LIBBFD_LIBRARY LIBBFD_INCLUDE_DIR) 
[0.645s] -- BACKWARD_HAS_UNWIND=1
[0.645s] -- BACKWARD_HAS_BACKTRACE=0
[0.645s] -- BACKWARD_HAS_BACKTRACE_SYMBOL=0
[0.645s] -- BACKWARD_HAS_DW=1
[0.645s] -- BACKWARD_HAS_BFD=0
[0.645s] -- Found Backward: /opt/ros/humble/share/backward_ros/cmake  
[0.658s] -- Found rclcpp: 16.0.9 (/opt/ros/humble/share/rclcpp/cmake)
[0.736s] -- Found rosidl_generator_c: 3.1.5 (/opt/ros/humble/share/rosidl_generator_c/cmake)
[0.747s] -- Found rosidl_adapter: 3.1.5 (/opt/ros/humble/share/rosidl_adapter/cmake)
[0.763s] -- Found rosidl_generator_cpp: 3.1.5 (/opt/ros/humble/share/rosidl_generator_cpp/cmake)
[0.785s] -- Using all available rosidl_typesupport_c: rosidl_typesupport_fastrtps_c;rosidl_typesupport_introspection_c
[0.816s] -- Using all available rosidl_typesupport_cpp: rosidl_typesupport_fastrtps_cpp;rosidl_typesupport_introspection_cpp
[0.919s] -- Found rmw_implementation_cmake: 6.1.2 (/opt/ros/humble/share/rmw_implementation_cmake/cmake)
[0.926s] -- Found rmw_fastrtps_cpp: 6.2.6 (/opt/ros/humble/share/rmw_fastrtps_cpp/cmake)
[1.069s] -- Found OpenSSL: /usr/lib/x86_64-linux-gnu/libcrypto.so (found version "3.0.2")  
[1.102s] -- Found FastRTPS: /opt/ros/humble/include  
[1.168s] -- Using RMW implementation 'rmw_fastrtps_cpp' as default
[1.186s] -- Looking for C++ include pthread.h
[1.307s] -- Looking for C++ include pthread.h - found
[1.308s] -- Performing Test CMAKE_HAVE_LIBC_PTHREAD
[1.442s] -- Performing Test CMAKE_HAVE_LIBC_PTHREAD - Success
[1.443s] -- Found Threads: TRUE  
[1.606s] -- Found moveit_core: 2.9.0 (/home/moveit/install/moveit_core/share/moveit_core/cmake)
[1.687s] -- Found Boost: /usr/lib/x86_64-linux-gnu/cmake/Boost-1.74.0/BoostConfig.cmake (found version "1.74.0") found components: chrono date_time filesystem iostreams program_options regex serialization system thread 
[1.758s] -- Found parameter_traits: 0.3.8 (/opt/ros/humble/share/parameter_traits/cmake)
[1.783s] -- Found Eigen3: TRUE (found version "3.4.0") 
[1.789s] -- Found rclcpp_lifecycle: 16.0.9 (/opt/ros/humble/share/rclcpp_lifecycle/cmake)
[1.844s] -- Found Boost: /usr/lib/x86_64-linux-gnu/cmake/Boost-1.74.0/BoostConfig.cmake (found version "1.74.0") found components: filesystem 
[2.053s] -- library: /usr/lib/x86_64-linux-gnu/libcurl.so
[2.393s] -- Ensuring Eigen3 include directory is part of orocos-kdl CMake target
[3.515s] -- Found warehouse_ros: 2.0.4 (/opt/ros/humble/share/warehouse_ros/cmake)
[3.559s] -- Found moveit_ros_planning: 2.9.0 (/home/moveit/install/moveit_ros_planning/share/moveit_ros_planning/cmake)
[3.566s] -- Found Boost: /usr/lib/x86_64-linux-gnu/cmake/Boost-1.74.0/BoostConfig.cmake (found version "1.74.0") found components: system filesystem date_time program_options thread chrono 
[3.949s] -- Found Boost: /usr/lib/x86_64-linux-gnu/cmake/Boost-1.74.0/BoostConfig.cmake (found version "1.74.0") found components: thread system filesystem regex date_time program_options 
[3.951s] -- Performing Test COMPILER_HAS_HIDDEN_VISIBILITY
[4.069s] -- Performing Test COMPILER_HAS_HIDDEN_VISIBILITY - Success
[4.070s] -- Performing Test COMPILER_HAS_HIDDEN_INLINE_VISIBILITY
[4.200s] -- Performing Test COMPILER_HAS_HIDDEN_INLINE_VISIBILITY - Success
[4.200s] -- Performing Test COMPILER_HAS_DEPRECATED_ATTR
[4.316s] -- Performing Test COMPILER_HAS_DEPRECATED_ATTR - Success
[4.350s] -- Found ament_lint_auto: 0.12.11 (/opt/ros/humble/share/ament_lint_auto/cmake)
[4.385s] -- Added test 'cppcheck' to perform static code analysis on C / C++ code
[4.385s] -- Configured cppcheck include dirs: /home/moveit/src/moveit2/moveit_ros/warehouse/include
[4.385s] -- Configured cppcheck exclude dirs and/or files: 
[4.386s] -- Added test 'lint_cmake' to check CMake code style
[4.387s] -- Added test 'pep257' to check Python code against some of the docstring style conventions in PEP 257
[4.388s] -- Added test 'xmllint' to check XML markup files
[4.390s] -- Configuring done
[4.520s] -- Generating done
[4.523s] -- Build files have been written to: /home/moveit/build/moveit_ros_warehouse
[4.535s] Invoked command in '/home/moveit/build/moveit_ros_warehouse' returned '0': AMENT_PREFIX_PATH=/home/moveit/install/moveit_ros_planning:/home/moveit/install/moveit_ros_occupancy_map_monitor:/home/moveit/install/moveit_core:/home/moveit/install/moveit_msgs:/home/moveit/install/moveit_common:${AMENT_PREFIX_PATH} CMAKE_PREFIX_PATH=/home/moveit/install/moveit_ros_planning:/home/moveit/install/moveit_ros_occupancy_map_monitor:/home/moveit/install/moveit_core:/home/moveit/install/moveit_msgs:/home/moveit/install/moveit_common:/opt/ros/humble LD_LIBRARY_PATH=/home/moveit/install/moveit_ros_planning/lib:/home/moveit/install/moveit_ros_occupancy_map_monitor/lib:/home/moveit/install/moveit_core/lib:/home/moveit/install/moveit_msgs/lib:${LD_LIBRARY_PATH} PATH=/home/moveit/install/moveit_core/bin:${PATH} PYTHONPATH=/home/moveit/install/moveit_msgs/local/lib/python3.10/dist-packages:${PYTHONPATH} /usr/bin/cmake /home/moveit/src/moveit2/moveit_ros/warehouse -DCMAKE_BUILD_TYPE=Release -DCMAKE_INSTALL_PREFIX=/home/moveit/install/moveit_ros_warehouse
[4.537s] Invoking command in '/home/moveit/build/moveit_ros_warehouse': AMENT_PREFIX_PATH=/home/moveit/install/moveit_ros_planning:/home/moveit/install/moveit_ros_occupancy_map_monitor:/home/moveit/install/moveit_core:/home/moveit/install/moveit_msgs:/home/moveit/install/moveit_common:${AMENT_PREFIX_PATH} CMAKE_PREFIX_PATH=/home/moveit/install/moveit_ros_planning:/home/moveit/install/moveit_ros_occupancy_map_monitor:/home/moveit/install/moveit_core:/home/moveit/install/moveit_msgs:/home/moveit/install/moveit_common:/opt/ros/humble LD_LIBRARY_PATH=/home/moveit/install/moveit_ros_planning/lib:/home/moveit/install/moveit_ros_occupancy_map_monitor/lib:/home/moveit/install/moveit_core/lib:/home/moveit/install/moveit_msgs/lib:${LD_LIBRARY_PATH} PATH=/home/moveit/install/moveit_core/bin:${PATH} PYTHONPATH=/home/moveit/install/moveit_msgs/local/lib/python3.10/dist-packages:${PYTHONPATH} /usr/bin/cmake --build /home/moveit/build/moveit_ros_warehouse -- -j16 -l16
[4.599s] [ 10%] [32mBuilding CXX object CMakeFiles/moveit_warehouse.dir/src/planning_scene_storage.cpp.o[0m
[4.599s] [ 10%] [32mBuilding CXX object CMakeFiles/moveit_warehouse.dir/src/planning_scene_world_storage.cpp.o[0m
[4.600s] [ 15%] [32mBuilding CXX object CMakeFiles/moveit_warehouse.dir/src/warehouse_connector.cpp.o[0m
[4.600s] [ 20%] [32mBuilding CXX object CMakeFiles/moveit_warehouse.dir/src/state_storage.cpp.o[0m
[4.601s] [ 25%] [32mBuilding CXX object CMakeFiles/moveit_warehouse.dir/src/moveit_message_storage.cpp.o[0m
[4.601s] [ 30%] [32mBuilding CXX object CMakeFiles/moveit_warehouse.dir/src/constraints_storage.cpp.o[0m
[4.602s] [ 35%] [32mBuilding CXX object CMakeFiles/moveit_warehouse.dir/src/trajectory_constraints_storage.cpp.o[0m
[15.576s] [ 40%] [32m[1mLinking CXX shared library libmoveit_warehouse.so[0m
[15.994s] [ 40%] Built target moveit_warehouse
[16.020s] [ 65%] [32mBuilding CXX object CMakeFiles/moveit_warehouse_broadcast.dir/src/broadcast.cpp.o[0m
[16.020s] [ 65%] [32mBuilding CXX object CMakeFiles/moveit_init_demo_warehouse.dir/src/initialize_demo_db.cpp.o[0m
[16.020s] [ 65%] [32mBuilding CXX object CMakeFiles/moveit_save_to_warehouse.dir/src/save_to_warehouse.cpp.o[0m
[16.020s] [ 65%] [32mBuilding CXX object CMakeFiles/moveit_warehouse_services.dir/src/warehouse_services.cpp.o[0m
[16.020s] [ 65%] [32mBuilding CXX object CMakeFiles/moveit_warehouse_save_as_text.dir/src/save_as_text.cpp.o[0m
[16.021s] [ 70%] [32mBuilding CXX object CMakeFiles/moveit_warehouse_import_from_text.dir/src/import_from_text.cpp.o[0m
[26.139s] [ 75%] [32m[1mLinking CXX executable moveit_warehouse_services[0m
[26.468s] [ 75%] Built target moveit_warehouse_services
[29.880s] [ 80%] [32m[1mLinking CXX executable moveit_warehouse_broadcast[0m
[30.127s] [ 85%] [32m[1mLinking CXX executable moveit_init_demo_warehouse[0m
[30.198s] [ 85%] Built target moveit_warehouse_broadcast
[30.296s] [ 90%] [32m[1mLinking CXX executable moveit_warehouse_save_as_text[0m
[30.553s] [ 90%] Built target moveit_init_demo_warehouse
[30.743s] [ 90%] Built target moveit_warehouse_save_as_text
[31.068s] [ 95%] [32m[1mLinking CXX executable moveit_warehouse_import_from_text[0m
[31.417s] [ 95%] Built target moveit_warehouse_import_from_text
[43.126s] [100%] [32m[1mLinking CXX executable moveit_save_to_warehouse[0m
[43.919s] [100%] Built target moveit_save_to_warehouse
[43.944s] Invoked command in '/home/moveit/build/moveit_ros_warehouse' returned '0': AMENT_PREFIX_PATH=/home/moveit/install/moveit_ros_planning:/home/moveit/install/moveit_ros_occupancy_map_monitor:/home/moveit/install/moveit_core:/home/moveit/install/moveit_msgs:/home/moveit/install/moveit_common:${AMENT_PREFIX_PATH} CMAKE_PREFIX_PATH=/home/moveit/install/moveit_ros_planning:/home/moveit/install/moveit_ros_occupancy_map_monitor:/home/moveit/install/moveit_core:/home/moveit/install/moveit_msgs:/home/moveit/install/moveit_common:/opt/ros/humble LD_LIBRARY_PATH=/home/moveit/install/moveit_ros_planning/lib:/home/moveit/install/moveit_ros_occupancy_map_monitor/lib:/home/moveit/install/moveit_core/lib:/home/moveit/install/moveit_msgs/lib:${LD_LIBRARY_PATH} PATH=/home/moveit/install/moveit_core/bin:${PATH} PYTHONPATH=/home/moveit/install/moveit_msgs/local/lib/python3.10/dist-packages:${PYTHONPATH} /usr/bin/cmake --build /home/moveit/build/moveit_ros_warehouse -- -j16 -l16
[44.046s] Invoking command in '/home/moveit/build/moveit_ros_warehouse': AMENT_PREFIX_PATH=/home/moveit/install/moveit_ros_planning:/home/moveit/install/moveit_ros_occupancy_map_monitor:/home/moveit/install/moveit_core:/home/moveit/install/moveit_msgs:/home/moveit/install/moveit_common:${AMENT_PREFIX_PATH} CMAKE_PREFIX_PATH=/home/moveit/install/moveit_ros_planning:/home/moveit/install/moveit_ros_occupancy_map_monitor:/home/moveit/install/moveit_core:/home/moveit/install/moveit_msgs:/home/moveit/install/moveit_common:/opt/ros/humble LD_LIBRARY_PATH=/home/moveit/install/moveit_ros_planning/lib:/home/moveit/install/moveit_ros_occupancy_map_monitor/lib:/home/moveit/install/moveit_core/lib:/home/moveit/install/moveit_msgs/lib:${LD_LIBRARY_PATH} PATH=/home/moveit/install/moveit_core/bin:${PATH} PYTHONPATH=/home/moveit/install/moveit_msgs/local/lib/python3.10/dist-packages:${PYTHONPATH} /usr/bin/cmake --install /home/moveit/build/moveit_ros_warehouse
[44.061s] -- Install configuration: "Release"
[44.062s] -- Installing: /home/moveit/install/moveit_ros_warehouse/lib/moveit_ros_warehouse/moveit_save_to_warehouse
[44.066s] -- Set runtime path of "/home/moveit/install/moveit_ros_warehouse/lib/moveit_ros_warehouse/moveit_save_to_warehouse" to ""
[44.067s] -- Installing: /home/moveit/install/moveit_ros_warehouse/lib/moveit_ros_warehouse/moveit_warehouse_broadcast
[44.068s] -- Set runtime path of "/home/moveit/install/moveit_ros_warehouse/lib/moveit_ros_warehouse/moveit_warehouse_broadcast" to ""
[44.069s] -- Installing: /home/moveit/install/moveit_ros_warehouse/lib/moveit_ros_warehouse/moveit_warehouse_import_from_text
[44.070s] -- Set runtime path of "/home/moveit/install/moveit_ros_warehouse/lib/moveit_ros_warehouse/moveit_warehouse_import_from_text" to ""
[44.071s] -- Installing: /home/moveit/install/moveit_ros_warehouse/lib/moveit_ros_warehouse/moveit_warehouse_save_as_text
[44.072s] -- Set runtime path of "/home/moveit/install/moveit_ros_warehouse/lib/moveit_ros_warehouse/moveit_warehouse_save_as_text" to ""
[44.073s] -- Installing: /home/moveit/install/moveit_ros_warehouse/lib/moveit_ros_warehouse/moveit_init_demo_warehouse
[44.074s] -- Set runtime path of "/home/moveit/install/moveit_ros_warehouse/lib/moveit_ros_warehouse/moveit_init_demo_warehouse" to ""
[44.074s] -- Installing: /home/moveit/install/moveit_ros_warehouse/lib/moveit_ros_warehouse/moveit_warehouse_services
[44.074s] -- Set runtime path of "/home/moveit/install/moveit_ros_warehouse/lib/moveit_ros_warehouse/moveit_warehouse_services" to ""
[44.074s] -- Installing: /home/moveit/install/moveit_ros_warehouse/include/moveit_ros_warehouse
[44.075s] -- Installing: /home/moveit/install/moveit_ros_warehouse/include/moveit_ros_warehouse/moveit
[44.075s] -- Installing: /home/moveit/install/moveit_ros_warehouse/include/moveit_ros_warehouse/moveit/warehouse
[44.076s] -- Installing: /home/moveit/install/moveit_ros_warehouse/include/moveit_ros_warehouse/moveit/warehouse/trajectory_constraints_storage.h
[44.076s] -- Installing: /home/moveit/install/moveit_ros_warehouse/include/moveit_ros_warehouse/moveit/warehouse/constraints_storage.h
[44.077s] -- Installing: /home/moveit/install/moveit_ros_warehouse/include/moveit_ros_warehouse/moveit/warehouse/state_storage.h
[44.077s] -- Installing: /home/moveit/install/moveit_ros_warehouse/include/moveit_ros_warehouse/moveit/warehouse/warehouse_connector.h
[44.078s] -- Installing: /home/moveit/install/moveit_ros_warehouse/include/moveit_ros_warehouse/moveit/warehouse/planning_scene_storage.h
[44.078s] -- Installing: /home/moveit/install/moveit_ros_warehouse/include/moveit_ros_warehouse/moveit/warehouse/moveit_message_storage.h
[44.079s] -- Installing: /home/moveit/install/moveit_ros_warehouse/include/moveit_ros_warehouse/moveit/warehouse/planning_scene_world_storage.h
[44.079s] -- Installing: /home/moveit/install/moveit_ros_warehouse/include/moveit_ros_warehouse/moveit_warehouse_export.h
[44.080s] -- Installing: /home/moveit/install/moveit_ros_warehouse/lib/libmoveit_warehouse.so.2.9.0
[44.083s] -- Set runtime path of "/home/moveit/install/moveit_ros_warehouse/lib/libmoveit_warehouse.so.2.9.0" to ""
[44.083s] -- Installing: /home/moveit/install/moveit_ros_warehouse/lib/libmoveit_warehouse.so
[44.084s] -- Installing: /home/moveit/install/moveit_ros_warehouse/share/moveit_ros_warehouse/environment/library_path.sh
[44.084s] -- Installing: /home/moveit/install/moveit_ros_warehouse/share/moveit_ros_warehouse/environment/library_path.dsv
[44.085s] -- Installing: /home/moveit/install/moveit_ros_warehouse/share/ament_index/resource_index/package_run_dependencies/moveit_ros_warehouse
[44.086s] -- Installing: /home/moveit/install/moveit_ros_warehouse/share/ament_index/resource_index/parent_prefix_path/moveit_ros_warehouse
[44.086s] -- Installing: /home/moveit/install/moveit_ros_warehouse/share/moveit_ros_warehouse/environment/ament_prefix_path.sh
[44.087s] -- Installing: /home/moveit/install/moveit_ros_warehouse/share/moveit_ros_warehouse/environment/ament_prefix_path.dsv
[44.087s] -- Installing: /home/moveit/install/moveit_ros_warehouse/share/moveit_ros_warehouse/environment/path.sh
[44.088s] -- Installing: /home/moveit/install/moveit_ros_warehouse/share/moveit_ros_warehouse/environment/path.dsv
[44.088s] -- Installing: /home/moveit/install/moveit_ros_warehouse/share/moveit_ros_warehouse/local_setup.bash
[44.089s] -- Installing: /home/moveit/install/moveit_ros_warehouse/share/moveit_ros_warehouse/local_setup.sh
[44.090s] -- Installing: /home/moveit/install/moveit_ros_warehouse/share/moveit_ros_warehouse/local_setup.zsh
[44.090s] -- Installing: /home/moveit/install/moveit_ros_warehouse/share/moveit_ros_warehouse/local_setup.dsv
[44.091s] -- Installing: /home/moveit/install/moveit_ros_warehouse/share/moveit_ros_warehouse/package.dsv
[44.091s] -- Installing: /home/moveit/install/moveit_ros_warehouse/share/ament_index/resource_index/packages/moveit_ros_warehouse
[44.092s] -- Installing: /home/moveit/install/moveit_ros_warehouse/share/moveit_ros_warehouse/cmake/moveit_ros_warehouseTargetsExport.cmake
[44.092s] -- Installing: /home/moveit/install/moveit_ros_warehouse/share/moveit_ros_warehouse/cmake/moveit_ros_warehouseTargetsExport-release.cmake
[44.093s] -- Installing: /home/moveit/install/moveit_ros_warehouse/share/moveit_ros_warehouse/cmake/ConfigExtras.cmake
[44.094s] -- Installing: /home/moveit/install/moveit_ros_warehouse/share/moveit_ros_warehouse/cmake/ament_cmake_export_targets-extras.cmake
[44.094s] -- Installing: /home/moveit/install/moveit_ros_warehouse/share/moveit_ros_warehouse/cmake/ament_cmake_export_dependencies-extras.cmake
[44.095s] -- Installing: /home/moveit/install/moveit_ros_warehouse/share/moveit_ros_warehouse/cmake/moveit_ros_warehouseConfig.cmake
[44.095s] -- Installing: /home/moveit/install/moveit_ros_warehouse/share/moveit_ros_warehouse/cmake/moveit_ros_warehouseConfig-version.cmake
[44.096s] -- Installing: /home/moveit/install/moveit_ros_warehouse/share/moveit_ros_warehouse/package.xml
[44.103s] Invoked command in '/home/moveit/build/moveit_ros_warehouse' returned '0': AMENT_PREFIX_PATH=/home/moveit/install/moveit_ros_planning:/home/moveit/install/moveit_ros_occupancy_map_monitor:/home/moveit/install/moveit_core:/home/moveit/install/moveit_msgs:/home/moveit/install/moveit_common:${AMENT_PREFIX_PATH} CMAKE_PREFIX_PATH=/home/moveit/install/moveit_ros_planning:/home/moveit/install/moveit_ros_occupancy_map_monitor:/home/moveit/install/moveit_core:/home/moveit/install/moveit_msgs:/home/moveit/install/moveit_common:/opt/ros/humble LD_LIBRARY_PATH=/home/moveit/install/moveit_ros_planning/lib:/home/moveit/install/moveit_ros_occupancy_map_monitor/lib:/home/moveit/install/moveit_core/lib:/home/moveit/install/moveit_msgs/lib:${LD_LIBRARY_PATH} PATH=/home/moveit/install/moveit_core/bin:${PATH} PYTHONPATH=/home/moveit/install/moveit_msgs/local/lib/python3.10/dist-packages:${PYTHONPATH} /usr/bin/cmake --install /home/moveit/build/moveit_ros_warehouse
