[0.013s] Invoking command in '/home/kortex_ws/build/kortex_driver': AMENT_PREFIX_PATH=/home/kortex_ws/install/hardware_interface:/home/kortex_ws/install/control_msgs:${AMENT_PREFIX_PATH} CMAKE_PREFIX_PATH=/home/kortex_ws/install/hardware_interface:/home/kortex_ws/install/kortex_api:/home/kortex_ws/install/control_msgs:/home/kortex_ws/install/serial:/home/kortex_ws/install/kortex_bringup:/home/kortex_ws/install/kinova_gen3_7dof_robotiq_2f_85_moveit_config:/home/kortex_ws/install/kinova_gen3_6dof_robotiq_2f_85_moveit_config:/home/kortex_ws/install/kortex_description:/home/kortex_ws/install/picknik_twist_controller:/home/kortex_ws/install/picknik_reset_fault_controller:/home/kortex_ws/install/kortex_driver:/opt/ros/humble LD_LIBRARY_PATH=/home/kortex_ws/install/hardware_interface/lib:/home/kortex_ws/install/control_msgs/lib:${LD_LIBRARY_PATH} PYTHONPATH=/home/kortex_ws/install/control_msgs/local/lib/python3.10/dist-packages:${PYTHONPATH} /usr/bin/cmake /home/kortex_ws/src/ros2_kortex/kortex_driver -DCMAKE_BUILD_TYPE=Release -DCMAKE_INSTALL_PREFIX=/home/kortex_ws/install/kortex_driver
[4.886s] -- The C compiler identification is GNU 11.4.0
[4.932s] -- The CXX compiler identification is GNU 11.4.0
[4.938s] -- Detecting C compiler ABI info
[5.003s] -- Detecting C compiler ABI info - done
[5.008s] -- Check for working C compiler: /usr/bin/cc - skipped
[5.008s] -- Detecting C compile features
[5.008s] -- Detecting C compile features - done
[5.010s] -- Detecting CXX compiler ABI info
[5.082s] -- Detecting CXX compiler ABI info - done
[5.091s] -- Check for working CXX compiler: /usr/bin/c++ - skipped
[5.091s] -- Detecting CXX compile features
[5.091s] -- Detecting CXX compile features - done
[5.096s] -- Found ament_cmake: 1.3.8 (/opt/ros/humble/share/ament_cmake/cmake)
[5.225s] -- Found Python3: /usr/bin/python3 (found version "3.10.12") found components: Interpreter 
[5.318s] -- Found hardware_interface: 2.41.0 (/home/kortex_ws/install/hardware_interface/share/hardware_interface/cmake)
[5.372s] -- Found rosidl_generator_c: 3.1.5 (/opt/ros/humble/share/rosidl_generator_c/cmake)
[5.380s] -- Found rosidl_adapter: 3.1.5 (/opt/ros/humble/share/rosidl_adapter/cmake)
[5.391s] -- Found rosidl_generator_cpp: 3.1.5 (/opt/ros/humble/share/rosidl_generator_cpp/cmake)
[5.406s] -- Using all available rosidl_typesupport_c: rosidl_typesupport_fastrtps_c;rosidl_typesupport_introspection_c
[5.428s] -- Using all available rosidl_typesupport_cpp: rosidl_typesupport_fastrtps_cpp;rosidl_typesupport_introspection_cpp
[6.025s] -- Found rmw_implementation_cmake: 6.1.1 (/opt/ros/humble/share/rmw_implementation_cmake/cmake)
[6.029s] -- Found rmw_cyclonedds_cpp: 1.3.4 (/opt/ros/humble/share/rmw_cyclonedds_cpp/cmake)
[6.064s] -- Using RMW implementation 'rmw_cyclonedds_cpp' as default
[6.079s] -- Looking for pthread.h
[6.148s] -- Looking for pthread.h - found
[6.148s] -- Performing Test CMAKE_HAVE_LIBC_PTHREAD
[6.222s] -- Performing Test CMAKE_HAVE_LIBC_PTHREAD - Success
[6.224s] -- Found Threads: TRUE  
[6.385s] -- Found kortex_api: 0.2.2 (/home/kortex_ws/install/kortex_api/share/kortex_api/cmake)
[6.502s] -- Configuring done
[6.552s] -- Generating done
[6.555s] -- Build files have been written to: /home/kortex_ws/build/kortex_driver
[6.570s] Invoked command in '/home/kortex_ws/build/kortex_driver' returned '0': AMENT_PREFIX_PATH=/home/kortex_ws/install/hardware_interface:/home/kortex_ws/install/control_msgs:${AMENT_PREFIX_PATH} CMAKE_PREFIX_PATH=/home/kortex_ws/install/hardware_interface:/home/kortex_ws/install/kortex_api:/home/kortex_ws/install/control_msgs:/home/kortex_ws/install/serial:/home/kortex_ws/install/kortex_bringup:/home/kortex_ws/install/kinova_gen3_7dof_robotiq_2f_85_moveit_config:/home/kortex_ws/install/kinova_gen3_6dof_robotiq_2f_85_moveit_config:/home/kortex_ws/install/kortex_description:/home/kortex_ws/install/picknik_twist_controller:/home/kortex_ws/install/picknik_reset_fault_controller:/home/kortex_ws/install/kortex_driver:/opt/ros/humble LD_LIBRARY_PATH=/home/kortex_ws/install/hardware_interface/lib:/home/kortex_ws/install/control_msgs/lib:${LD_LIBRARY_PATH} PYTHONPATH=/home/kortex_ws/install/control_msgs/local/lib/python3.10/dist-packages:${PYTHONPATH} /usr/bin/cmake /home/kortex_ws/src/ros2_kortex/kortex_driver -DCMAKE_BUILD_TYPE=Release -DCMAKE_INSTALL_PREFIX=/home/kortex_ws/install/kortex_driver
[6.571s] Invoking command in '/home/kortex_ws/build/kortex_driver': AMENT_PREFIX_PATH=/home/kortex_ws/install/hardware_interface:/home/kortex_ws/install/control_msgs:${AMENT_PREFIX_PATH} CMAKE_PREFIX_PATH=/home/kortex_ws/install/hardware_interface:/home/kortex_ws/install/kortex_api:/home/kortex_ws/install/control_msgs:/home/kortex_ws/install/serial:/home/kortex_ws/install/kortex_bringup:/home/kortex_ws/install/kinova_gen3_7dof_robotiq_2f_85_moveit_config:/home/kortex_ws/install/kinova_gen3_6dof_robotiq_2f_85_moveit_config:/home/kortex_ws/install/kortex_description:/home/kortex_ws/install/picknik_twist_controller:/home/kortex_ws/install/picknik_reset_fault_controller:/home/kortex_ws/install/kortex_driver:/opt/ros/humble LD_LIBRARY_PATH=/home/kortex_ws/install/hardware_interface/lib:/home/kortex_ws/install/control_msgs/lib:${LD_LIBRARY_PATH} PYTHONPATH=/home/kortex_ws/install/control_msgs/local/lib/python3.10/dist-packages:${PYTHONPATH} /usr/bin/cmake --build /home/kortex_ws/build/kortex_driver -- -j16 -l16
[6.669s] [ 33%] [32mBuilding CXX object CMakeFiles/kortex_driver.dir/src/kortex_math_util.cpp.o[0m
[6.669s] [ 66%] [32mBuilding CXX object CMakeFiles/kortex_driver.dir/src/hardware_interface.cpp.o[0m
[12.620s] [100%] [32m[1mLinking CXX shared library libkortex_driver.so[0m
[13.074s] [100%] Built target kortex_driver
[13.088s] Invoked command in '/home/kortex_ws/build/kortex_driver' returned '0': AMENT_PREFIX_PATH=/home/kortex_ws/install/hardware_interface:/home/kortex_ws/install/control_msgs:${AMENT_PREFIX_PATH} CMAKE_PREFIX_PATH=/home/kortex_ws/install/hardware_interface:/home/kortex_ws/install/kortex_api:/home/kortex_ws/install/control_msgs:/home/kortex_ws/install/serial:/home/kortex_ws/install/kortex_bringup:/home/kortex_ws/install/kinova_gen3_7dof_robotiq_2f_85_moveit_config:/home/kortex_ws/install/kinova_gen3_6dof_robotiq_2f_85_moveit_config:/home/kortex_ws/install/kortex_description:/home/kortex_ws/install/picknik_twist_controller:/home/kortex_ws/install/picknik_reset_fault_controller:/home/kortex_ws/install/kortex_driver:/opt/ros/humble LD_LIBRARY_PATH=/home/kortex_ws/install/hardware_interface/lib:/home/kortex_ws/install/control_msgs/lib:${LD_LIBRARY_PATH} PYTHONPATH=/home/kortex_ws/install/control_msgs/local/lib/python3.10/dist-packages:${PYTHONPATH} /usr/bin/cmake --build /home/kortex_ws/build/kortex_driver -- -j16 -l16
[13.121s] Invoking command in '/home/kortex_ws/build/kortex_driver': AMENT_PREFIX_PATH=/home/kortex_ws/install/hardware_interface:/home/kortex_ws/install/control_msgs:${AMENT_PREFIX_PATH} CMAKE_PREFIX_PATH=/home/kortex_ws/install/hardware_interface:/home/kortex_ws/install/kortex_api:/home/kortex_ws/install/control_msgs:/home/kortex_ws/install/serial:/home/kortex_ws/install/kortex_bringup:/home/kortex_ws/install/kinova_gen3_7dof_robotiq_2f_85_moveit_config:/home/kortex_ws/install/kinova_gen3_6dof_robotiq_2f_85_moveit_config:/home/kortex_ws/install/kortex_description:/home/kortex_ws/install/picknik_twist_controller:/home/kortex_ws/install/picknik_reset_fault_controller:/home/kortex_ws/install/kortex_driver:/opt/ros/humble LD_LIBRARY_PATH=/home/kortex_ws/install/hardware_interface/lib:/home/kortex_ws/install/control_msgs/lib:${LD_LIBRARY_PATH} PYTHONPATH=/home/kortex_ws/install/control_msgs/local/lib/python3.10/dist-packages:${PYTHONPATH} /usr/bin/cmake --install /home/kortex_ws/build/kortex_driver
[13.131s] -- Install configuration: "Release"
[13.131s] -- Installing: /home/kortex_ws/install/kortex_driver/share/kortex_driver/hardware_interface_plugin.xml
[13.131s] -- Installing: /home/kortex_ws/install/kortex_driver/lib/libkortex_driver.so
[13.150s] -- Set runtime path of "/home/kortex_ws/install/kortex_driver/lib/libkortex_driver.so" to ""
[13.150s] -- Installing: /home/kortex_ws/install/kortex_driver/include
[13.151s] -- Installing: /home/kortex_ws/install/kortex_driver/include/kortex_driver
[13.151s] -- Installing: /home/kortex_ws/install/kortex_driver/include/kortex_driver/visibility_control.h
[13.151s] -- Installing: /home/kortex_ws/install/kortex_driver/include/kortex_driver/hardware_interface.hpp
[13.151s] -- Installing: /home/kortex_ws/install/kortex_driver/include/kortex_driver/kortex_math_util.hpp
[13.151s] -- Installing: /home/kortex_ws/install/kortex_driver/share/kortex_driver/environment/library_path.sh
[13.151s] -- Installing: /home/kortex_ws/install/kortex_driver/share/kortex_driver/environment/library_path.dsv
[13.151s] -- Installing: /home/kortex_ws/install/kortex_driver/share/ament_index/resource_index/package_run_dependencies/kortex_driver
[13.152s] -- Installing: /home/kortex_ws/install/kortex_driver/share/ament_index/resource_index/parent_prefix_path/kortex_driver
[13.152s] -- Installing: /home/kortex_ws/install/kortex_driver/share/kortex_driver/environment/ament_prefix_path.sh
[13.152s] -- Installing: /home/kortex_ws/install/kortex_driver/share/kortex_driver/environment/ament_prefix_path.dsv
[13.152s] -- Installing: /home/kortex_ws/install/kortex_driver/share/kortex_driver/environment/path.sh
[13.153s] -- Installing: /home/kortex_ws/install/kortex_driver/share/kortex_driver/environment/path.dsv
[13.153s] -- Installing: /home/kortex_ws/install/kortex_driver/share/kortex_driver/local_setup.bash
[13.153s] -- Installing: /home/kortex_ws/install/kortex_driver/share/kortex_driver/local_setup.sh
[13.153s] -- Installing: /home/kortex_ws/install/kortex_driver/share/kortex_driver/local_setup.zsh
[13.153s] -- Installing: /home/kortex_ws/install/kortex_driver/share/kortex_driver/local_setup.dsv
[13.153s] -- Installing: /home/kortex_ws/install/kortex_driver/share/kortex_driver/package.dsv
[13.153s] -- Installing: /home/kortex_ws/install/kortex_driver/share/ament_index/resource_index/packages/kortex_driver
[13.154s] -- Installing: /home/kortex_ws/install/kortex_driver/share/ament_index/resource_index/hardware_interface__pluginlib__plugin/kortex_driver
[13.154s] -- Installing: /home/kortex_ws/install/kortex_driver/share/kortex_driver/cmake/ament_cmake_export_include_directories-extras.cmake
[13.154s] -- Installing: /home/kortex_ws/install/kortex_driver/share/kortex_driver/cmake/ament_cmake_export_libraries-extras.cmake
[13.154s] -- Installing: /home/kortex_ws/install/kortex_driver/share/kortex_driver/cmake/ament_cmake_export_dependencies-extras.cmake
[13.154s] -- Installing: /home/kortex_ws/install/kortex_driver/share/kortex_driver/cmake/kortex_driverConfig.cmake
[13.155s] -- Installing: /home/kortex_ws/install/kortex_driver/share/kortex_driver/cmake/kortex_driverConfig-version.cmake
[13.155s] -- Installing: /home/kortex_ws/install/kortex_driver/share/kortex_driver/package.xml
[13.157s] Invoked command in '/home/kortex_ws/build/kortex_driver' returned '0': AMENT_PREFIX_PATH=/home/kortex_ws/install/hardware_interface:/home/kortex_ws/install/control_msgs:${AMENT_PREFIX_PATH} CMAKE_PREFIX_PATH=/home/kortex_ws/install/hardware_interface:/home/kortex_ws/install/kortex_api:/home/kortex_ws/install/control_msgs:/home/kortex_ws/install/serial:/home/kortex_ws/install/kortex_bringup:/home/kortex_ws/install/kinova_gen3_7dof_robotiq_2f_85_moveit_config:/home/kortex_ws/install/kinova_gen3_6dof_robotiq_2f_85_moveit_config:/home/kortex_ws/install/kortex_description:/home/kortex_ws/install/picknik_twist_controller:/home/kortex_ws/install/picknik_reset_fault_controller:/home/kortex_ws/install/kortex_driver:/opt/ros/humble LD_LIBRARY_PATH=/home/kortex_ws/install/hardware_interface/lib:/home/kortex_ws/install/control_msgs/lib:${LD_LIBRARY_PATH} PYTHONPATH=/home/kortex_ws/install/control_msgs/local/lib/python3.10/dist-packages:${PYTHONPATH} /usr/bin/cmake --install /home/kortex_ws/build/kortex_driver
