[0.024s] Invoking command in '/home/kortex_ws/build/controller_manager': CMAKE_PREFIX_PATH=/home/kortex_ws/install/hardware_interface_testing:/home/kortex_ws/install/controller_interface:/home/kortex_ws/install/hardware_interface:/home/kortex_ws/install/ros2_control_test_assets:/home/kortex_ws/install/controller_manager_msgs:/home/kortex_ws/install/control_msgs:/home/kortex_ws/install/kortex_bringup:/home/kortex_ws/install/kinova_gen3_7dof_robotiq_2f_85_moveit_config:/home/kortex_ws/install/kinova_gen3_6dof_robotiq_2f_85_moveit_config:/home/kortex_ws/install/kortex_description:/home/kortex_ws/install/robotiq_description:/home/kortex_ws/install/ros2_controllers:/home/kortex_ws/install/velocity_controllers:/home/kortex_ws/install/tricycle_steering_controller:/home/kortex_ws/install/tricycle_controller:/home/kortex_ws/install/ros2_control:/home/kortex_ws/install/transmission_interface:/home/kortex_ws/install/bicycle_steering_controller:/home/kortex_ws/install/ackermann_steering_controller:/home/kortex_ws/install/steering_controllers_library:/home/kortex_ws/install/robotiq_hardware_tests:/home/kortex_ws/install/robotiq_driver:/home/kortex_ws/install/serial:/home/kortex_ws/install/controller_manager:/home/kortex_ws/install/robotiq_controllers:/home/kortex_ws/install/range_sensor_broadcaster:/home/kortex_ws/install/position_controllers:/home/kortex_ws/install/picknik_twist_controller:/home/kortex_ws/install/picknik_reset_fault_controller:/home/kortex_ws/install/kortex_driver:/home/kortex_ws/install/kortex_api:/home/kortex_ws/install/admittance_controller:/home/kortex_ws/install/joint_trajectory_controller:/home/kortex_ws/install/joint_state_broadcaster:/home/kortex_ws/install/joint_limits:/home/kortex_ws/install/imu_sensor_broadcaster:/home/kortex_ws/install/gripper_controllers:/home/kortex_ws/install/effort_controllers:/home/kortex_ws/install/forward_command_controller:/home/kortex_ws/install/force_torque_sensor_broadcaster:/home/kortex_ws/install/diff_drive_controller:/home/kortex_ws/install/rqt_joint_trajectory_controller:/home/kortex_ws/install/rqt_controller_manager:/home/kortex_ws/install/ros2controlcli:/home/kortex_ws/install/ros2_controllers_test_nodes:/opt/ros/humble LD_LIBRARY_PATH=/home/kortex_ws/install/hardware_interface_testing/lib:/home/kortex_ws/install/controller_interface/lib:/home/kortex_ws/install/hardware_interface/lib:/home/kortex_ws/install/controller_manager_msgs/lib:/home/kortex_ws/install/control_msgs/lib:/home/kortex_ws/install/velocity_controllers/lib:/home/kortex_ws/install/tricycle_steering_controller/lib:/home/kortex_ws/install/tricycle_controller/lib:/home/kortex_ws/install/transmission_interface/lib:/home/kortex_ws/install/bicycle_steering_controller/lib:/home/kortex_ws/install/ackermann_steering_controller/lib:/home/kortex_ws/install/steering_controllers_library/lib:/home/kortex_ws/install/robotiq_driver/lib:/home/kortex_ws/install/serial/lib:/home/kortex_ws/install/controller_manager/lib:/home/kortex_ws/install/robotiq_controllers/lib:/home/kortex_ws/install/range_sensor_broadcaster/lib:/home/kortex_ws/install/position_controllers/lib:/home/kortex_ws/install/picknik_twist_controller/lib:/home/kortex_ws/install/picknik_reset_fault_controller/lib:/home/kortex_ws/install/kortex_driver/lib:/home/kortex_ws/install/admittance_controller/lib:/home/kortex_ws/install/joint_trajectory_controller/lib:/home/kortex_ws/install/joint_state_broadcaster/lib:/home/kortex_ws/install/imu_sensor_broadcaster/lib:/home/kortex_ws/install/gripper_controllers/lib:/home/kortex_ws/install/effort_controllers/lib:/home/kortex_ws/install/forward_command_controller/lib:/home/kortex_ws/install/force_torque_sensor_broadcaster/lib:/home/kortex_ws/install/diff_drive_controller/lib:/opt/ros/humble/opt/rviz_ogre_vendor/lib:/opt/ros/humble/lib/x86_64-linux-gnu:/opt/ros/humble/lib /usr/bin/cmake /home/kortex_ws/src/ros2_control/controller_manager -DCMAKE_BUILD_TYPE=Release -DCMAKE_INSTALL_PREFIX=/home/kortex_ws/install/controller_manager
[0.082s] -- The C compiler identification is GNU 11.4.0
[0.133s] -- The CXX compiler identification is GNU 11.4.0
[0.140s] -- Detecting C compiler ABI info
[0.214s] -- Detecting C compiler ABI info - done
[0.224s] -- Check for working C compiler: /usr/bin/cc - skipped
[0.224s] -- Detecting C compile features
[0.225s] -- Detecting C compile features - done
[0.228s] -- Detecting CXX compiler ABI info
[0.323s] -- Detecting CXX compiler ABI info - done
[0.335s] -- Check for working CXX compiler: /usr/bin/c++ - skipped
[0.336s] -- Detecting CXX compile features
[0.336s] -- Detecting CXX compile features - done
[0.345s] -- Found ament_cmake: 1.3.8 (/opt/ros/humble/share/ament_cmake/cmake)
[0.510s] -- Found Python3: /usr/bin/python3 (found version "3.10.12") found components: Interpreter 
[0.656s] -- Found backward_ros: 1.0.2 (/opt/ros/humble/share/backward_ros/cmake)
[0.669s] -- Found libdw: /usr/lib/x86_64-linux-gnu/libdw.so  
[0.678s] -- Could NOT find libbfd (missing: LIBBFD_LIBRARY LIBBFD_INCLUDE_DIR) 
[0.678s] -- BACKWARD_HAS_UNWIND=1
[0.678s] -- BACKWARD_HAS_BACKTRACE=0
[0.678s] -- BACKWARD_HAS_BACKTRACE_SYMBOL=0
[0.678s] -- BACKWARD_HAS_DW=1
[0.678s] -- BACKWARD_HAS_BFD=0
[0.679s] -- Found Backward: /opt/ros/humble/share/backward_ros/cmake  
[0.684s] -- Found ament_index_cpp: 1.4.0 (/opt/ros/humble/share/ament_index_cpp/cmake)
[0.685s] -- Found controller_interface: 2.41.0 (/home/kortex_ws/install/controller_interface/share/controller_interface/cmake)
[0.754s] -- Found rosidl_generator_c: 3.1.5 (/opt/ros/humble/share/rosidl_generator_c/cmake)
[0.766s] -- Found rosidl_adapter: 3.1.5 (/opt/ros/humble/share/rosidl_adapter/cmake)
[0.782s] -- Found rosidl_generator_cpp: 3.1.5 (/opt/ros/humble/share/rosidl_generator_cpp/cmake)
[0.804s] -- Using all available rosidl_typesupport_c: rosidl_typesupport_fastrtps_c;rosidl_typesupport_introspection_c
[0.834s] -- Using all available rosidl_typesupport_cpp: rosidl_typesupport_fastrtps_cpp;rosidl_typesupport_introspection_cpp
[1.505s] -- Found rmw_implementation_cmake: 6.1.1 (/opt/ros/humble/share/rmw_implementation_cmake/cmake)
[1.512s] -- Found rmw_cyclonedds_cpp: 1.3.4 (/opt/ros/humble/share/rmw_cyclonedds_cpp/cmake)
[1.558s] -- Using RMW implementation 'rmw_cyclonedds_cpp' as default
[1.577s] -- Looking for pthread.h
[1.695s] -- Looking for pthread.h - found
[1.696s] -- Performing Test CMAKE_HAVE_LIBC_PTHREAD
[1.816s] -- Performing Test CMAKE_HAVE_LIBC_PTHREAD - Success
[1.817s] -- Found Threads: TRUE  
[2.047s] -- Found controller_manager_msgs: 2.41.0 (/home/kortex_ws/install/controller_manager_msgs/share/controller_manager_msgs/cmake)
[2.097s] -- Found realtime_tools: 2.5.0 (/opt/ros/humble/share/realtime_tools/cmake)
[2.542s] -- Found ament_cmake_gmock: 1.3.8 (/opt/ros/humble/share/ament_cmake_gmock/cmake)
[2.543s] -- Found ros2_control_test_assets: 2.41.0 (/home/kortex_ws/install/ros2_control_test_assets/share/ros2_control_test_assets/cmake)
[2.550s] -- Found gmock sources under '/opt/ros/humble/src/gmock_vendor': C++ tests using 'Google Mock' will be built
[2.561s] -- Found ament_cmake_gtest: 1.3.8 (/opt/ros/humble/share/ament_cmake_gtest/cmake)
[2.562s] -- Found gtest sources under '/opt/ros/humble/src/gtest_vendor': C++ tests using 'Google Test' will be built
[2.731s] -- Configuring done
[3.107s] -- Generating done
[3.111s] -- Build files have been written to: /home/kortex_ws/build/controller_manager
[3.129s] Invoked command in '/home/kortex_ws/build/controller_manager' returned '0': CMAKE_PREFIX_PATH=/home/kortex_ws/install/hardware_interface_testing:/home/kortex_ws/install/controller_interface:/home/kortex_ws/install/hardware_interface:/home/kortex_ws/install/ros2_control_test_assets:/home/kortex_ws/install/controller_manager_msgs:/home/kortex_ws/install/control_msgs:/home/kortex_ws/install/kortex_bringup:/home/kortex_ws/install/kinova_gen3_7dof_robotiq_2f_85_moveit_config:/home/kortex_ws/install/kinova_gen3_6dof_robotiq_2f_85_moveit_config:/home/kortex_ws/install/kortex_description:/home/kortex_ws/install/robotiq_description:/home/kortex_ws/install/ros2_controllers:/home/kortex_ws/install/velocity_controllers:/home/kortex_ws/install/tricycle_steering_controller:/home/kortex_ws/install/tricycle_controller:/home/kortex_ws/install/ros2_control:/home/kortex_ws/install/transmission_interface:/home/kortex_ws/install/bicycle_steering_controller:/home/kortex_ws/install/ackermann_steering_controller:/home/kortex_ws/install/steering_controllers_library:/home/kortex_ws/install/robotiq_hardware_tests:/home/kortex_ws/install/robotiq_driver:/home/kortex_ws/install/serial:/home/kortex_ws/install/controller_manager:/home/kortex_ws/install/robotiq_controllers:/home/kortex_ws/install/range_sensor_broadcaster:/home/kortex_ws/install/position_controllers:/home/kortex_ws/install/picknik_twist_controller:/home/kortex_ws/install/picknik_reset_fault_controller:/home/kortex_ws/install/kortex_driver:/home/kortex_ws/install/kortex_api:/home/kortex_ws/install/admittance_controller:/home/kortex_ws/install/joint_trajectory_controller:/home/kortex_ws/install/joint_state_broadcaster:/home/kortex_ws/install/joint_limits:/home/kortex_ws/install/imu_sensor_broadcaster:/home/kortex_ws/install/gripper_controllers:/home/kortex_ws/install/effort_controllers:/home/kortex_ws/install/forward_command_controller:/home/kortex_ws/install/force_torque_sensor_broadcaster:/home/kortex_ws/install/diff_drive_controller:/home/kortex_ws/install/rqt_joint_trajectory_controller:/home/kortex_ws/install/rqt_controller_manager:/home/kortex_ws/install/ros2controlcli:/home/kortex_ws/install/ros2_controllers_test_nodes:/opt/ros/humble LD_LIBRARY_PATH=/home/kortex_ws/install/hardware_interface_testing/lib:/home/kortex_ws/install/controller_interface/lib:/home/kortex_ws/install/hardware_interface/lib:/home/kortex_ws/install/controller_manager_msgs/lib:/home/kortex_ws/install/control_msgs/lib:/home/kortex_ws/install/velocity_controllers/lib:/home/kortex_ws/install/tricycle_steering_controller/lib:/home/kortex_ws/install/tricycle_controller/lib:/home/kortex_ws/install/transmission_interface/lib:/home/kortex_ws/install/bicycle_steering_controller/lib:/home/kortex_ws/install/ackermann_steering_controller/lib:/home/kortex_ws/install/steering_controllers_library/lib:/home/kortex_ws/install/robotiq_driver/lib:/home/kortex_ws/install/serial/lib:/home/kortex_ws/install/controller_manager/lib:/home/kortex_ws/install/robotiq_controllers/lib:/home/kortex_ws/install/range_sensor_broadcaster/lib:/home/kortex_ws/install/position_controllers/lib:/home/kortex_ws/install/picknik_twist_controller/lib:/home/kortex_ws/install/picknik_reset_fault_controller/lib:/home/kortex_ws/install/kortex_driver/lib:/home/kortex_ws/install/admittance_controller/lib:/home/kortex_ws/install/joint_trajectory_controller/lib:/home/kortex_ws/install/joint_state_broadcaster/lib:/home/kortex_ws/install/imu_sensor_broadcaster/lib:/home/kortex_ws/install/gripper_controllers/lib:/home/kortex_ws/install/effort_controllers/lib:/home/kortex_ws/install/forward_command_controller/lib:/home/kortex_ws/install/force_torque_sensor_broadcaster/lib:/home/kortex_ws/install/diff_drive_controller/lib:/opt/ros/humble/opt/rviz_ogre_vendor/lib:/opt/ros/humble/lib/x86_64-linux-gnu:/opt/ros/humble/lib /usr/bin/cmake /home/kortex_ws/src/ros2_control/controller_manager -DCMAKE_BUILD_TYPE=Release -DCMAKE_INSTALL_PREFIX=/home/kortex_ws/install/controller_manager
[3.130s] Invoking command in '/home/kortex_ws/build/controller_manager': CMAKE_PREFIX_PATH=/home/kortex_ws/install/hardware_interface_testing:/home/kortex_ws/install/controller_interface:/home/kortex_ws/install/hardware_interface:/home/kortex_ws/install/ros2_control_test_assets:/home/kortex_ws/install/controller_manager_msgs:/home/kortex_ws/install/control_msgs:/home/kortex_ws/install/kortex_bringup:/home/kortex_ws/install/kinova_gen3_7dof_robotiq_2f_85_moveit_config:/home/kortex_ws/install/kinova_gen3_6dof_robotiq_2f_85_moveit_config:/home/kortex_ws/install/kortex_description:/home/kortex_ws/install/robotiq_description:/home/kortex_ws/install/ros2_controllers:/home/kortex_ws/install/velocity_controllers:/home/kortex_ws/install/tricycle_steering_controller:/home/kortex_ws/install/tricycle_controller:/home/kortex_ws/install/ros2_control:/home/kortex_ws/install/transmission_interface:/home/kortex_ws/install/bicycle_steering_controller:/home/kortex_ws/install/ackermann_steering_controller:/home/kortex_ws/install/steering_controllers_library:/home/kortex_ws/install/robotiq_hardware_tests:/home/kortex_ws/install/robotiq_driver:/home/kortex_ws/install/serial:/home/kortex_ws/install/controller_manager:/home/kortex_ws/install/robotiq_controllers:/home/kortex_ws/install/range_sensor_broadcaster:/home/kortex_ws/install/position_controllers:/home/kortex_ws/install/picknik_twist_controller:/home/kortex_ws/install/picknik_reset_fault_controller:/home/kortex_ws/install/kortex_driver:/home/kortex_ws/install/kortex_api:/home/kortex_ws/install/admittance_controller:/home/kortex_ws/install/joint_trajectory_controller:/home/kortex_ws/install/joint_state_broadcaster:/home/kortex_ws/install/joint_limits:/home/kortex_ws/install/imu_sensor_broadcaster:/home/kortex_ws/install/gripper_controllers:/home/kortex_ws/install/effort_controllers:/home/kortex_ws/install/forward_command_controller:/home/kortex_ws/install/force_torque_sensor_broadcaster:/home/kortex_ws/install/diff_drive_controller:/home/kortex_ws/install/rqt_joint_trajectory_controller:/home/kortex_ws/install/rqt_controller_manager:/home/kortex_ws/install/ros2controlcli:/home/kortex_ws/install/ros2_controllers_test_nodes:/opt/ros/humble LD_LIBRARY_PATH=/home/kortex_ws/install/hardware_interface_testing/lib:/home/kortex_ws/install/controller_interface/lib:/home/kortex_ws/install/hardware_interface/lib:/home/kortex_ws/install/controller_manager_msgs/lib:/home/kortex_ws/install/control_msgs/lib:/home/kortex_ws/install/velocity_controllers/lib:/home/kortex_ws/install/tricycle_steering_controller/lib:/home/kortex_ws/install/tricycle_controller/lib:/home/kortex_ws/install/transmission_interface/lib:/home/kortex_ws/install/bicycle_steering_controller/lib:/home/kortex_ws/install/ackermann_steering_controller/lib:/home/kortex_ws/install/steering_controllers_library/lib:/home/kortex_ws/install/robotiq_driver/lib:/home/kortex_ws/install/serial/lib:/home/kortex_ws/install/controller_manager/lib:/home/kortex_ws/install/robotiq_controllers/lib:/home/kortex_ws/install/range_sensor_broadcaster/lib:/home/kortex_ws/install/position_controllers/lib:/home/kortex_ws/install/picknik_twist_controller/lib:/home/kortex_ws/install/picknik_reset_fault_controller/lib:/home/kortex_ws/install/kortex_driver/lib:/home/kortex_ws/install/admittance_controller/lib:/home/kortex_ws/install/joint_trajectory_controller/lib:/home/kortex_ws/install/joint_state_broadcaster/lib:/home/kortex_ws/install/imu_sensor_broadcaster/lib:/home/kortex_ws/install/gripper_controllers/lib:/home/kortex_ws/install/effort_controllers/lib:/home/kortex_ws/install/forward_command_controller/lib:/home/kortex_ws/install/force_torque_sensor_broadcaster/lib:/home/kortex_ws/install/diff_drive_controller/lib:/opt/ros/humble/opt/rviz_ogre_vendor/lib:/opt/ros/humble/lib/x86_64-linux-gnu:/opt/ros/humble/lib /usr/bin/cmake --build /home/kortex_ws/build/controller_manager -- -j16 -l16
[3.199s] [  2%] [32mBuilding CXX object gmock/CMakeFiles/gmock.dir/opt/ros/humble/src/gtest_vendor/src/gtest-all.cc.o[0m
[3.199s] [  5%] [32mBuilding CXX object gmock/CMakeFiles/gmock.dir/src/gmock-all.cc.o[0m
[3.201s] [  8%] [32mBuilding CXX object gmock/CMakeFiles/gmock_main.dir/src/gmock_main.cc.o[0m
[3.210s] [ 11%] [32mBuilding CXX object CMakeFiles/controller_manager.dir/src/controller_manager.cpp.o[0m
[3.211s] [ 11%] Built target ament_cmake_python_copy_controller_manager
[3.211s] [ 11%] Built target ament_cmake_python_copy_controller_manager_setup
[3.467s] running install_scripts
[3.489s] running egg_info
[3.490s] creating controller_manager.egg-info
[3.490s] writing controller_manager.egg-info/PKG-INFO
[3.490s] writing dependency_links to controller_manager.egg-info/dependency_links.txt
[3.491s] writing entry points to controller_manager.egg-info/entry_points.txt
[3.491s] writing top-level names to controller_manager.egg-info/top_level.txt
[3.491s] writing manifest file 'controller_manager.egg-info/SOURCES.txt'
[3.492s] reading manifest file 'controller_manager.egg-info/SOURCES.txt'
[3.493s] writing manifest file 'controller_manager.egg-info/SOURCES.txt'
[3.494s] Installing hardware_spawner script to scripts
[3.494s] Installing spawner script to scripts
[3.494s] Installing unspawner script to scripts
[3.542s] [ 11%] Built target ament_cmake_python_build_controller_manager_scripts
[3.573s] running egg_info
[3.573s] writing controller_manager.egg-info/PKG-INFO
[3.574s] writing dependency_links to controller_manager.egg-info/dependency_links.txt
[3.574s] writing entry points to controller_manager.egg-info/entry_points.txt
[3.574s] writing top-level names to controller_manager.egg-info/top_level.txt
[3.576s] reading manifest file 'controller_manager.egg-info/SOURCES.txt'
[3.577s] writing manifest file 'controller_manager.egg-info/SOURCES.txt'
[3.617s] [ 11%] Built target ament_cmake_python_build_controller_manager_egg
[4.390s] [ 14%] [32m[1mLinking CXX static library libgmock_main.a[0m
[4.465s] [ 14%] Built target gmock_main
[9.456s] [ 17%] [32m[1mLinking CXX static library libgmock.a[0m
[9.554s] [ 17%] Built target gmock
[25.986s] [ 20%] [32m[1mLinking CXX shared library libcontroller_manager.so[0m
[26.214s] [ 20%] Built target controller_manager
[26.240s] [ 37%] [32mBuilding CXX object CMakeFiles/ros2_control_node.dir/src/ros2_control_node.cpp.o[0m
[26.240s] [ 37%] [32mBuilding CXX object CMakeFiles/test_controller_with_interfaces.dir/test/test_controller_with_interfaces/test_controller_with_interfaces.cpp.o[0m
[26.240s] [ 37%] [32mBuilding CXX object CMakeFiles/test_controller_manager_urdf_passing.dir/test/test_controller_manager_urdf_passing.cpp.o[0m
[26.240s] [ 37%] [32mBuilding CXX object CMakeFiles/test_chainable_controller.dir/test/test_chainable_controller/test_chainable_controller.cpp.o[0m
[26.240s] [ 37%] [32mBuilding CXX object CMakeFiles/test_controller_failed_init.dir/test/test_controller_failed_init/test_controller_failed_init.cpp.o[0m
[26.240s] [ 37%] [32mBuilding CXX object CMakeFiles/test_controller.dir/test/test_controller/test_controller.cpp.o[0m
[29.338s] [ 40%] [32m[1mLinking CXX shared library libtest_controller.so[0m
[29.481s] [ 40%] Built target test_controller
[29.514s] [ 42%] [32mBuilding CXX object CMakeFiles/test_controller_manager.dir/test/test_controller_manager.cpp.o[0m
[29.515s] [ 45%] [32mBuilding CXX object CMakeFiles/test_spawner_unspawner.dir/test/test_spawner_unspawner.cpp.o[0m
[29.519s] [ 48%] [32mBuilding CXX object CMakeFiles/test_controller_manager_with_namespace.cpp.dir/test/test_controller_manager_with_namespace.cpp.o[0m
[29.525s] [ 51%] [32mBuilding CXX object CMakeFiles/test_hardware_management_srvs.dir/test/test_hardware_management_srvs.cpp.o[0m
[30.175s] [ 54%] [32m[1mLinking CXX shared library libtest_controller_failed_init.so[0m
[30.262s] [ 57%] [32m[1mLinking CXX shared library libtest_controller_with_interfaces.so[0m
[30.341s] [ 57%] Built target test_controller_failed_init
[30.375s] [ 60%] [32mBuilding CXX object CMakeFiles/test_load_controller.dir/test/test_load_controller.cpp.o[0m
[30.430s] [ 60%] Built target test_controller_with_interfaces
[30.462s] [ 62%] [32mBuilding CXX object CMakeFiles/test_release_interfaces.dir/test/test_release_interfaces.cpp.o[0m
[30.679s] [ 65%] [32m[1mLinking CXX executable ros2_control_node[0m
[31.025s] [ 65%] Built target ros2_control_node
[32.876s] [ 68%] [32m[1mLinking CXX executable test_controller_manager_urdf_passing[0m
[33.152s] [ 68%] Built target test_controller_manager_urdf_passing
[36.172s] [ 71%] [32m[1mLinking CXX shared library libtest_chainable_controller.so[0m
[36.390s] [ 71%] Built target test_chainable_controller
[36.421s] [ 77%] [32mBuilding CXX object CMakeFiles/test_controller_manager_srvs.dir/test/test_controller_manager_srvs.cpp.o[0m
[36.421s] [ 77%] [32mBuilding CXX object CMakeFiles/test_controllers_chaining_with_controller_manager.dir/test/test_controllers_chaining_with_controller_manager.cpp.o[0m
[36.713s] [ 80%] [32m[1mLinking CXX executable test_spawner_unspawner[0m
[37.000s] [ 80%] Built target test_spawner_unspawner
[37.433s] [ 82%] [32m[1mLinking CXX executable test_controller_manager_with_namespace.cpp[0m
[37.607s] [ 85%] [32m[1mLinking CXX executable test_release_interfaces[0m
[37.736s] [ 85%] Built target test_controller_manager_with_namespace.cpp
[37.891s] [ 85%] Built target test_release_interfaces
[39.042s] [ 88%] [32m[1mLinking CXX executable test_hardware_management_srvs[0m
[39.217s] [ 91%] [32m[1mLinking CXX executable test_controller_manager[0m
[39.317s] [ 91%] Built target test_hardware_management_srvs
[39.493s] [ 91%] Built target test_controller_manager
[40.517s] [ 94%] [32m[1mLinking CXX executable test_load_controller[0m
[40.749s] [ 94%] Built target test_load_controller
[44.000s] [ 97%] [32m[1mLinking CXX executable test_controllers_chaining_with_controller_manager[0m
[44.226s] [ 97%] Built target test_controllers_chaining_with_controller_manager
[51.361s] [100%] [32m[1mLinking CXX executable test_controller_manager_srvs[0m
[51.596s] [100%] Built target test_controller_manager_srvs
[51.610s] Invoked command in '/home/kortex_ws/build/controller_manager' returned '0': CMAKE_PREFIX_PATH=/home/kortex_ws/install/hardware_interface_testing:/home/kortex_ws/install/controller_interface:/home/kortex_ws/install/hardware_interface:/home/kortex_ws/install/ros2_control_test_assets:/home/kortex_ws/install/controller_manager_msgs:/home/kortex_ws/install/control_msgs:/home/kortex_ws/install/kortex_bringup:/home/kortex_ws/install/kinova_gen3_7dof_robotiq_2f_85_moveit_config:/home/kortex_ws/install/kinova_gen3_6dof_robotiq_2f_85_moveit_config:/home/kortex_ws/install/kortex_description:/home/kortex_ws/install/robotiq_description:/home/kortex_ws/install/ros2_controllers:/home/kortex_ws/install/velocity_controllers:/home/kortex_ws/install/tricycle_steering_controller:/home/kortex_ws/install/tricycle_controller:/home/kortex_ws/install/ros2_control:/home/kortex_ws/install/transmission_interface:/home/kortex_ws/install/bicycle_steering_controller:/home/kortex_ws/install/ackermann_steering_controller:/home/kortex_ws/install/steering_controllers_library:/home/kortex_ws/install/robotiq_hardware_tests:/home/kortex_ws/install/robotiq_driver:/home/kortex_ws/install/serial:/home/kortex_ws/install/controller_manager:/home/kortex_ws/install/robotiq_controllers:/home/kortex_ws/install/range_sensor_broadcaster:/home/kortex_ws/install/position_controllers:/home/kortex_ws/install/picknik_twist_controller:/home/kortex_ws/install/picknik_reset_fault_controller:/home/kortex_ws/install/kortex_driver:/home/kortex_ws/install/kortex_api:/home/kortex_ws/install/admittance_controller:/home/kortex_ws/install/joint_trajectory_controller:/home/kortex_ws/install/joint_state_broadcaster:/home/kortex_ws/install/joint_limits:/home/kortex_ws/install/imu_sensor_broadcaster:/home/kortex_ws/install/gripper_controllers:/home/kortex_ws/install/effort_controllers:/home/kortex_ws/install/forward_command_controller:/home/kortex_ws/install/force_torque_sensor_broadcaster:/home/kortex_ws/install/diff_drive_controller:/home/kortex_ws/install/rqt_joint_trajectory_controller:/home/kortex_ws/install/rqt_controller_manager:/home/kortex_ws/install/ros2controlcli:/home/kortex_ws/install/ros2_controllers_test_nodes:/opt/ros/humble LD_LIBRARY_PATH=/home/kortex_ws/install/hardware_interface_testing/lib:/home/kortex_ws/install/controller_interface/lib:/home/kortex_ws/install/hardware_interface/lib:/home/kortex_ws/install/controller_manager_msgs/lib:/home/kortex_ws/install/control_msgs/lib:/home/kortex_ws/install/velocity_controllers/lib:/home/kortex_ws/install/tricycle_steering_controller/lib:/home/kortex_ws/install/tricycle_controller/lib:/home/kortex_ws/install/transmission_interface/lib:/home/kortex_ws/install/bicycle_steering_controller/lib:/home/kortex_ws/install/ackermann_steering_controller/lib:/home/kortex_ws/install/steering_controllers_library/lib:/home/kortex_ws/install/robotiq_driver/lib:/home/kortex_ws/install/serial/lib:/home/kortex_ws/install/controller_manager/lib:/home/kortex_ws/install/robotiq_controllers/lib:/home/kortex_ws/install/range_sensor_broadcaster/lib:/home/kortex_ws/install/position_controllers/lib:/home/kortex_ws/install/picknik_twist_controller/lib:/home/kortex_ws/install/picknik_reset_fault_controller/lib:/home/kortex_ws/install/kortex_driver/lib:/home/kortex_ws/install/admittance_controller/lib:/home/kortex_ws/install/joint_trajectory_controller/lib:/home/kortex_ws/install/joint_state_broadcaster/lib:/home/kortex_ws/install/imu_sensor_broadcaster/lib:/home/kortex_ws/install/gripper_controllers/lib:/home/kortex_ws/install/effort_controllers/lib:/home/kortex_ws/install/forward_command_controller/lib:/home/kortex_ws/install/force_torque_sensor_broadcaster/lib:/home/kortex_ws/install/diff_drive_controller/lib:/opt/ros/humble/opt/rviz_ogre_vendor/lib:/opt/ros/humble/lib/x86_64-linux-gnu:/opt/ros/humble/lib /usr/bin/cmake --build /home/kortex_ws/build/controller_manager -- -j16 -l16
[51.764s] Invoking command in '/home/kortex_ws/build/controller_manager': CMAKE_PREFIX_PATH=/home/kortex_ws/install/hardware_interface_testing:/home/kortex_ws/install/controller_interface:/home/kortex_ws/install/hardware_interface:/home/kortex_ws/install/ros2_control_test_assets:/home/kortex_ws/install/controller_manager_msgs:/home/kortex_ws/install/control_msgs:/home/kortex_ws/install/kortex_bringup:/home/kortex_ws/install/kinova_gen3_7dof_robotiq_2f_85_moveit_config:/home/kortex_ws/install/kinova_gen3_6dof_robotiq_2f_85_moveit_config:/home/kortex_ws/install/kortex_description:/home/kortex_ws/install/robotiq_description:/home/kortex_ws/install/ros2_controllers:/home/kortex_ws/install/velocity_controllers:/home/kortex_ws/install/tricycle_steering_controller:/home/kortex_ws/install/tricycle_controller:/home/kortex_ws/install/ros2_control:/home/kortex_ws/install/transmission_interface:/home/kortex_ws/install/bicycle_steering_controller:/home/kortex_ws/install/ackermann_steering_controller:/home/kortex_ws/install/steering_controllers_library:/home/kortex_ws/install/robotiq_hardware_tests:/home/kortex_ws/install/robotiq_driver:/home/kortex_ws/install/serial:/home/kortex_ws/install/controller_manager:/home/kortex_ws/install/robotiq_controllers:/home/kortex_ws/install/range_sensor_broadcaster:/home/kortex_ws/install/position_controllers:/home/kortex_ws/install/picknik_twist_controller:/home/kortex_ws/install/picknik_reset_fault_controller:/home/kortex_ws/install/kortex_driver:/home/kortex_ws/install/kortex_api:/home/kortex_ws/install/admittance_controller:/home/kortex_ws/install/joint_trajectory_controller:/home/kortex_ws/install/joint_state_broadcaster:/home/kortex_ws/install/joint_limits:/home/kortex_ws/install/imu_sensor_broadcaster:/home/kortex_ws/install/gripper_controllers:/home/kortex_ws/install/effort_controllers:/home/kortex_ws/install/forward_command_controller:/home/kortex_ws/install/force_torque_sensor_broadcaster:/home/kortex_ws/install/diff_drive_controller:/home/kortex_ws/install/rqt_joint_trajectory_controller:/home/kortex_ws/install/rqt_controller_manager:/home/kortex_ws/install/ros2controlcli:/home/kortex_ws/install/ros2_controllers_test_nodes:/opt/ros/humble LD_LIBRARY_PATH=/home/kortex_ws/install/hardware_interface_testing/lib:/home/kortex_ws/install/controller_interface/lib:/home/kortex_ws/install/hardware_interface/lib:/home/kortex_ws/install/controller_manager_msgs/lib:/home/kortex_ws/install/control_msgs/lib:/home/kortex_ws/install/velocity_controllers/lib:/home/kortex_ws/install/tricycle_steering_controller/lib:/home/kortex_ws/install/tricycle_controller/lib:/home/kortex_ws/install/transmission_interface/lib:/home/kortex_ws/install/bicycle_steering_controller/lib:/home/kortex_ws/install/ackermann_steering_controller/lib:/home/kortex_ws/install/steering_controllers_library/lib:/home/kortex_ws/install/robotiq_driver/lib:/home/kortex_ws/install/serial/lib:/home/kortex_ws/install/controller_manager/lib:/home/kortex_ws/install/robotiq_controllers/lib:/home/kortex_ws/install/range_sensor_broadcaster/lib:/home/kortex_ws/install/position_controllers/lib:/home/kortex_ws/install/picknik_twist_controller/lib:/home/kortex_ws/install/picknik_reset_fault_controller/lib:/home/kortex_ws/install/kortex_driver/lib:/home/kortex_ws/install/admittance_controller/lib:/home/kortex_ws/install/joint_trajectory_controller/lib:/home/kortex_ws/install/joint_state_broadcaster/lib:/home/kortex_ws/install/imu_sensor_broadcaster/lib:/home/kortex_ws/install/gripper_controllers/lib:/home/kortex_ws/install/effort_controllers/lib:/home/kortex_ws/install/forward_command_controller/lib:/home/kortex_ws/install/force_torque_sensor_broadcaster/lib:/home/kortex_ws/install/diff_drive_controller/lib:/opt/ros/humble/opt/rviz_ogre_vendor/lib:/opt/ros/humble/lib/x86_64-linux-gnu:/opt/ros/humble/lib /usr/bin/cmake --install /home/kortex_ws/build/controller_manager
[51.773s] -- Install configuration: "Release"
[51.773s] -- Installing: /home/kortex_ws/install/controller_manager/lib/libcontroller_manager.so
[51.777s] -- Set runtime path of "/home/kortex_ws/install/controller_manager/lib/libcontroller_manager.so" to ""
[51.777s] -- Installing: /home/kortex_ws/install/controller_manager/lib/controller_manager/ros2_control_node
[51.777s] -- Set runtime path of "/home/kortex_ws/install/controller_manager/lib/controller_manager/ros2_control_node" to ""
[51.777s] -- Installing: /home/kortex_ws/install/controller_manager/include
[51.777s] -- Installing: /home/kortex_ws/install/controller_manager/include/controller_manager
[51.778s] -- Installing: /home/kortex_ws/install/controller_manager/include/controller_manager/visibility_control.h
[51.778s] -- Installing: /home/kortex_ws/install/controller_manager/include/controller_manager/controller_manager.hpp
[51.778s] -- Installing: /home/kortex_ws/install/controller_manager/include/controller_manager/controller_spec.hpp
[51.778s] -- Installing: /home/kortex_ws/install/controller_manager/share/controller_manager/test/test_controller/test_controller.xml
[51.778s] -- Installing: /home/kortex_ws/install/controller_manager/lib/libtest_controller.so
[51.778s] -- Set runtime path of "/home/kortex_ws/install/controller_manager/lib/libtest_controller.so" to ""
[51.779s] -- Installing: /home/kortex_ws/install/controller_manager/share/controller_manager/test/test_controller_failed_init/test_controller_failed_init.xml
[51.779s] -- Installing: /home/kortex_ws/install/controller_manager/lib/libtest_controller_failed_init.so
[51.779s] -- Set runtime path of "/home/kortex_ws/install/controller_manager/lib/libtest_controller_failed_init.so" to ""
[51.779s] -- Installing: /home/kortex_ws/install/controller_manager/share/controller_manager/test/test_chainable_controller/test_chainable_controller.xml
[51.779s] -- Installing: /home/kortex_ws/install/controller_manager/lib/libtest_chainable_controller.so
[51.781s] -- Set runtime path of "/home/kortex_ws/install/controller_manager/lib/libtest_chainable_controller.so" to ""
[51.781s] -- Installing: /home/kortex_ws/install/controller_manager/share/controller_manager/test/test_controller_with_interfaces/test_controller_with_interfaces.xml
[51.781s] -- Installing: /home/kortex_ws/install/controller_manager/lib/libtest_controller_with_interfaces.so
[51.781s] -- Set runtime path of "/home/kortex_ws/install/controller_manager/lib/libtest_controller_with_interfaces.so" to ""
[51.781s] -- Installing: /home/kortex_ws/install/controller_manager/share/controller_manager/environment/pythonpath.sh
[51.781s] -- Installing: /home/kortex_ws/install/controller_manager/share/controller_manager/environment/pythonpath.dsv
[51.781s] -- Installing: /home/kortex_ws/install/controller_manager/local/lib/python3.10/dist-packages/controller_manager-2.41.0-py3.10.egg-info
[51.782s] -- Installing: /home/kortex_ws/install/controller_manager/local/lib/python3.10/dist-packages/controller_manager-2.41.0-py3.10.egg-info/SOURCES.txt
[51.782s] -- Installing: /home/kortex_ws/install/controller_manager/local/lib/python3.10/dist-packages/controller_manager-2.41.0-py3.10.egg-info/dependency_links.txt
[51.782s] -- Installing: /home/kortex_ws/install/controller_manager/local/lib/python3.10/dist-packages/controller_manager-2.41.0-py3.10.egg-info/top_level.txt
[51.782s] -- Installing: /home/kortex_ws/install/controller_manager/local/lib/python3.10/dist-packages/controller_manager-2.41.0-py3.10.egg-info/PKG-INFO
[51.782s] -- Installing: /home/kortex_ws/install/controller_manager/local/lib/python3.10/dist-packages/controller_manager-2.41.0-py3.10.egg-info/entry_points.txt
[51.782s] -- Up-to-date: /home/kortex_ws/install/controller_manager/lib/controller_manager/
[51.782s] -- Installing: /home/kortex_ws/install/controller_manager/lib/controller_manager//spawner
[51.782s] -- Installing: /home/kortex_ws/install/controller_manager/lib/controller_manager//hardware_spawner
[51.783s] -- Installing: /home/kortex_ws/install/controller_manager/lib/controller_manager//unspawner
[51.783s] -- Installing: /home/kortex_ws/install/controller_manager/local/lib/python3.10/dist-packages/controller_manager
[51.783s] -- Installing: /home/kortex_ws/install/controller_manager/local/lib/python3.10/dist-packages/controller_manager/controller_manager_services.py
[51.783s] -- Installing: /home/kortex_ws/install/controller_manager/local/lib/python3.10/dist-packages/controller_manager/unspawner.py
[51.783s] -- Installing: /home/kortex_ws/install/controller_manager/local/lib/python3.10/dist-packages/controller_manager/launch_utils.py
[51.783s] -- Installing: /home/kortex_ws/install/controller_manager/local/lib/python3.10/dist-packages/controller_manager/spawner.py
[51.783s] -- Installing: /home/kortex_ws/install/controller_manager/local/lib/python3.10/dist-packages/controller_manager/hardware_spawner.py
[51.783s] -- Installing: /home/kortex_ws/install/controller_manager/local/lib/python3.10/dist-packages/controller_manager/__init__.py
[51.813s] Listing '/home/kortex_ws/install/controller_manager/local/lib/python3.10/dist-packages/controller_manager'...
[51.813s] Compiling '/home/kortex_ws/install/controller_manager/local/lib/python3.10/dist-packages/controller_manager/__init__.py'...
[51.814s] Compiling '/home/kortex_ws/install/controller_manager/local/lib/python3.10/dist-packages/controller_manager/controller_manager_services.py'...
[51.814s] Compiling '/home/kortex_ws/install/controller_manager/local/lib/python3.10/dist-packages/controller_manager/hardware_spawner.py'...
[51.814s] Compiling '/home/kortex_ws/install/controller_manager/local/lib/python3.10/dist-packages/controller_manager/launch_utils.py'...
[51.814s] Compiling '/home/kortex_ws/install/controller_manager/local/lib/python3.10/dist-packages/controller_manager/spawner.py'...
[51.814s] Compiling '/home/kortex_ws/install/controller_manager/local/lib/python3.10/dist-packages/controller_manager/unspawner.py'...
[51.817s] -- Installing: /home/kortex_ws/install/controller_manager/share/controller_manager/environment/library_path.sh
[51.817s] -- Installing: /home/kortex_ws/install/controller_manager/share/controller_manager/environment/library_path.dsv
[51.817s] -- Installing: /home/kortex_ws/install/controller_manager/share/ament_index/resource_index/package_run_dependencies/controller_manager
[51.817s] -- Installing: /home/kortex_ws/install/controller_manager/share/ament_index/resource_index/parent_prefix_path/controller_manager
[51.818s] -- Installing: /home/kortex_ws/install/controller_manager/share/controller_manager/environment/ament_prefix_path.sh
[51.818s] -- Installing: /home/kortex_ws/install/controller_manager/share/controller_manager/environment/ament_prefix_path.dsv
[51.818s] -- Installing: /home/kortex_ws/install/controller_manager/share/controller_manager/environment/path.sh
[51.818s] -- Installing: /home/kortex_ws/install/controller_manager/share/controller_manager/environment/path.dsv
[51.818s] -- Installing: /home/kortex_ws/install/controller_manager/share/controller_manager/local_setup.bash
[51.818s] -- Installing: /home/kortex_ws/install/controller_manager/share/controller_manager/local_setup.sh
[51.819s] -- Installing: /home/kortex_ws/install/controller_manager/share/controller_manager/local_setup.zsh
[51.819s] -- Installing: /home/kortex_ws/install/controller_manager/share/controller_manager/local_setup.dsv
[51.819s] -- Installing: /home/kortex_ws/install/controller_manager/share/controller_manager/package.dsv
[51.819s] -- Installing: /home/kortex_ws/install/controller_manager/share/ament_index/resource_index/packages/controller_manager
[51.819s] -- Installing: /home/kortex_ws/install/controller_manager/share/ament_index/resource_index/controller_interface__pluginlib__plugin/controller_manager
[51.819s] -- Installing: /home/kortex_ws/install/controller_manager/share/controller_manager/cmake/ament_cmake_export_libraries-extras.cmake
[51.819s] -- Installing: /home/kortex_ws/install/controller_manager/share/controller_manager/cmake/ament_cmake_export_include_directories-extras.cmake
[51.820s] -- Installing: /home/kortex_ws/install/controller_manager/share/controller_manager/cmake/ament_cmake_export_dependencies-extras.cmake
[51.820s] -- Installing: /home/kortex_ws/install/controller_manager/share/controller_manager/cmake/controller_managerConfig.cmake
[51.820s] -- Installing: /home/kortex_ws/install/controller_manager/share/controller_manager/cmake/controller_managerConfig-version.cmake
[51.820s] -- Installing: /home/kortex_ws/install/controller_manager/share/controller_manager/package.xml
[51.822s] Invoked command in '/home/kortex_ws/build/controller_manager' returned '0': CMAKE_PREFIX_PATH=/home/kortex_ws/install/hardware_interface_testing:/home/kortex_ws/install/controller_interface:/home/kortex_ws/install/hardware_interface:/home/kortex_ws/install/ros2_control_test_assets:/home/kortex_ws/install/controller_manager_msgs:/home/kortex_ws/install/control_msgs:/home/kortex_ws/install/kortex_bringup:/home/kortex_ws/install/kinova_gen3_7dof_robotiq_2f_85_moveit_config:/home/kortex_ws/install/kinova_gen3_6dof_robotiq_2f_85_moveit_config:/home/kortex_ws/install/kortex_description:/home/kortex_ws/install/robotiq_description:/home/kortex_ws/install/ros2_controllers:/home/kortex_ws/install/velocity_controllers:/home/kortex_ws/install/tricycle_steering_controller:/home/kortex_ws/install/tricycle_controller:/home/kortex_ws/install/ros2_control:/home/kortex_ws/install/transmission_interface:/home/kortex_ws/install/bicycle_steering_controller:/home/kortex_ws/install/ackermann_steering_controller:/home/kortex_ws/install/steering_controllers_library:/home/kortex_ws/install/robotiq_hardware_tests:/home/kortex_ws/install/robotiq_driver:/home/kortex_ws/install/serial:/home/kortex_ws/install/controller_manager:/home/kortex_ws/install/robotiq_controllers:/home/kortex_ws/install/range_sensor_broadcaster:/home/kortex_ws/install/position_controllers:/home/kortex_ws/install/picknik_twist_controller:/home/kortex_ws/install/picknik_reset_fault_controller:/home/kortex_ws/install/kortex_driver:/home/kortex_ws/install/kortex_api:/home/kortex_ws/install/admittance_controller:/home/kortex_ws/install/joint_trajectory_controller:/home/kortex_ws/install/joint_state_broadcaster:/home/kortex_ws/install/joint_limits:/home/kortex_ws/install/imu_sensor_broadcaster:/home/kortex_ws/install/gripper_controllers:/home/kortex_ws/install/effort_controllers:/home/kortex_ws/install/forward_command_controller:/home/kortex_ws/install/force_torque_sensor_broadcaster:/home/kortex_ws/install/diff_drive_controller:/home/kortex_ws/install/rqt_joint_trajectory_controller:/home/kortex_ws/install/rqt_controller_manager:/home/kortex_ws/install/ros2controlcli:/home/kortex_ws/install/ros2_controllers_test_nodes:/opt/ros/humble LD_LIBRARY_PATH=/home/kortex_ws/install/hardware_interface_testing/lib:/home/kortex_ws/install/controller_interface/lib:/home/kortex_ws/install/hardware_interface/lib:/home/kortex_ws/install/controller_manager_msgs/lib:/home/kortex_ws/install/control_msgs/lib:/home/kortex_ws/install/velocity_controllers/lib:/home/kortex_ws/install/tricycle_steering_controller/lib:/home/kortex_ws/install/tricycle_controller/lib:/home/kortex_ws/install/transmission_interface/lib:/home/kortex_ws/install/bicycle_steering_controller/lib:/home/kortex_ws/install/ackermann_steering_controller/lib:/home/kortex_ws/install/steering_controllers_library/lib:/home/kortex_ws/install/robotiq_driver/lib:/home/kortex_ws/install/serial/lib:/home/kortex_ws/install/controller_manager/lib:/home/kortex_ws/install/robotiq_controllers/lib:/home/kortex_ws/install/range_sensor_broadcaster/lib:/home/kortex_ws/install/position_controllers/lib:/home/kortex_ws/install/picknik_twist_controller/lib:/home/kortex_ws/install/picknik_reset_fault_controller/lib:/home/kortex_ws/install/kortex_driver/lib:/home/kortex_ws/install/admittance_controller/lib:/home/kortex_ws/install/joint_trajectory_controller/lib:/home/kortex_ws/install/joint_state_broadcaster/lib:/home/kortex_ws/install/imu_sensor_broadcaster/lib:/home/kortex_ws/install/gripper_controllers/lib:/home/kortex_ws/install/effort_controllers/lib:/home/kortex_ws/install/forward_command_controller/lib:/home/kortex_ws/install/force_torque_sensor_broadcaster/lib:/home/kortex_ws/install/diff_drive_controller/lib:/opt/ros/humble/opt/rviz_ogre_vendor/lib:/opt/ros/humble/lib/x86_64-linux-gnu:/opt/ros/humble/lib /usr/bin/cmake --install /home/kortex_ws/build/controller_manager
