[0.534s] Invoking command in '/home/humble_ws/src/antworker_description': PYTHONPATH=/home/humble_ws/build/antworker_description/prefix_override:/home/humble_ws/install/antworker_description/lib/python3.10/site-packages:${PYTHONPATH} /usr/bin/python3 -W ignore:setup.py install is deprecated setup.py egg_info --egg-base ../../build/antworker_description build --build-base /home/humble_ws/build/antworker_description/build install --record /home/humble_ws/build/antworker_description/install.log --single-version-externally-managed install_data
[0.721s] running egg_info
[0.721s] writing ../../build/antworker_description/antworker_description.egg-info/PKG-INFO
[0.721s] writing dependency_links to ../../build/antworker_description/antworker_description.egg-info/dependency_links.txt
[0.722s] writing entry points to ../../build/antworker_description/antworker_description.egg-info/entry_points.txt
[0.722s] writing requirements to ../../build/antworker_description/antworker_description.egg-info/requires.txt
[0.722s] writing top-level names to ../../build/antworker_description/antworker_description.egg-info/top_level.txt
[0.723s] reading manifest file '../../build/antworker_description/antworker_description.egg-info/SOURCES.txt'
[0.724s] writing manifest file '../../build/antworker_description/antworker_description.egg-info/SOURCES.txt'
[0.725s] running build
[0.725s] running build_py
[0.725s] running install
[0.725s] running install_lib
[0.726s] running install_data
[0.726s] creating /home/humble_ws/install/antworker_description/share/antworker_description/description/combined/worker_with_arm.urdf
[0.727s] running install_egg_info
[0.729s] removing '/home/humble_ws/install/antworker_description/lib/python3.10/site-packages/antworker_description-0.0.0-py3.10.egg-info' (and everything under it)
[0.729s] Copying ../../build/antworker_description/antworker_description.egg-info to /home/humble_ws/install/antworker_description/lib/python3.10/site-packages/antworker_description-0.0.0-py3.10.egg-info
[0.730s] running install_scripts
[0.750s] writing list of installed files to '/home/humble_ws/build/antworker_description/install.log'
[0.771s] Invoked command in '/home/humble_ws/src/antworker_description' returned '0': PYTHONPATH=/home/humble_ws/build/antworker_description/prefix_override:/home/humble_ws/install/antworker_description/lib/python3.10/site-packages:${PYTHONPATH} /usr/bin/python3 -W ignore:setup.py install is deprecated setup.py egg_info --egg-base ../../build/antworker_description build --build-base /home/humble_ws/build/antworker_description/build install --record /home/humble_ws/build/antworker_description/install.log --single-version-externally-managed install_data
