[0.089s] DEBUG:colcon:Command line arguments: ['/usr/bin/colcon', 'build', '--packages-select', 'kortex_interface']
[0.089s] DEBUG:colcon:Parsed command line arguments: Namespace(log_base=None, log_level=None, verb_name='build', build_base='build', install_base='install', merge_install=False, symlink_install=False, test_result_base=None, continue_on_error=False, executor='parallel', parallel_workers=16, event_handlers=None, ignore_user_meta=False, metas=['./colcon.meta'], base_paths=['.'], packages_ignore=None, packages_ignore_regex=None, paths=None, packages_up_to=None, packages_up_to_regex=None, packages_above=None, packages_above_and_dependencies=None, packages_above_depth=None, packages_select_by_dep=None, packages_skip_by_dep=None, packages_skip_up_to=None, packages_select_build_failed=False, packages_skip_build_finished=False, packages_select_test_failures=False, packages_skip_test_passed=False, packages_select=['kortex_interface'], packages_skip=None, packages_select_regex=None, packages_skip_regex=None, packages_start=None, packages_end=None, cmake_args=None, cmake_target=None, cmake_target_skip_unavailable=False, cmake_clean_cache=False, cmake_clean_first=False, cmake_force_configure=False, ament_cmake_args=None, catkin_cmake_args=None, catkin_skip_building_tests=False, mixin_files=None, mixin=None, verb_parser=<colcon_mixin.mixin.mixin_argument.MixinArgumentDecorator object at 0x7295c4709d50>, verb_extension=<colcon_core.verb.build.BuildVerb object at 0x7295c4856530>, main=<bound method BuildVerb.main of <colcon_core.verb.build.BuildVerb object at 0x7295c4856530>>, mixin_verb=('build',))
[0.215s] Level 1:colcon.colcon_core.package_discovery:discover_packages(colcon_meta) check parameters
[0.215s] INFO:colcon.colcon_metadata.package_discovery.colcon_meta:Using configuration from '/root/.colcon/metadata/default/Gazebo.meta'
[0.215s] INFO:colcon.colcon_metadata.package_discovery.colcon_meta:Using configuration from '/root/.colcon/metadata/default/fastrtps.meta'
[0.216s] Level 1:colcon.colcon_core.package_discovery:discover_packages(recursive) check parameters
[0.216s] Level 1:colcon.colcon_core.package_discovery:discover_packages(ignore) check parameters
[0.216s] Level 1:colcon.colcon_core.package_discovery:discover_packages(path) check parameters
[0.216s] Level 1:colcon.colcon_core.package_discovery:discover_packages(colcon_meta) discover
[0.216s] Level 1:colcon.colcon_core.package_discovery:discover_packages(recursive) discover
[0.216s] INFO:colcon.colcon_core.package_discovery:Crawling recursively for packages in '/home/humble_ws'
[0.216s] Level 1:colcon.colcon_core.package_identification:_identify(.) by extensions ['ignore', 'ignore_ament_install']
[0.216s] Level 1:colcon.colcon_core.package_identification:_identify(.) by extension 'ignore'
[0.216s] Level 1:colcon.colcon_core.package_identification:_identify(.) by extension 'ignore_ament_install'
[0.216s] Level 1:colcon.colcon_core.package_identification:_identify(.) by extensions ['colcon_pkg']
[0.216s] Level 1:colcon.colcon_core.package_identification:_identify(.) by extension 'colcon_pkg'
[0.216s] Level 1:colcon.colcon_core.package_identification:_identify(.) by extensions ['colcon_meta']
[0.216s] Level 1:colcon.colcon_core.package_identification:_identify(.) by extension 'colcon_meta'
[0.216s] Level 1:colcon.colcon_core.package_identification:_identify(.) by extensions ['ros']
[0.216s] Level 1:colcon.colcon_core.package_identification:_identify(.) by extension 'ros'
[0.224s] Level 1:colcon.colcon_core.package_identification:_identify(.) by extensions ['cmake', 'python']
[0.224s] Level 1:colcon.colcon_core.package_identification:_identify(.) by extension 'cmake'
[0.224s] Level 1:colcon.colcon_core.package_identification:_identify(.) by extension 'python'
[0.224s] Level 1:colcon.colcon_core.package_identification:_identify(.) by extensions ['python_setup_py']
[0.224s] Level 1:colcon.colcon_core.package_identification:_identify(.) by extension 'python_setup_py'
[0.224s] Level 1:colcon.colcon_core.package_identification:_identify(build) by extensions ['ignore', 'ignore_ament_install']
[0.224s] Level 1:colcon.colcon_core.package_identification:_identify(build) by extension 'ignore'
[0.224s] Level 1:colcon.colcon_core.package_identification:_identify(build) ignored
[0.224s] Level 1:colcon.colcon_core.package_identification:_identify(install) by extensions ['ignore', 'ignore_ament_install']
[0.224s] Level 1:colcon.colcon_core.package_identification:_identify(install) by extension 'ignore'
[0.224s] Level 1:colcon.colcon_core.package_identification:_identify(install) ignored
[0.224s] Level 1:colcon.colcon_core.package_identification:_identify(log) by extensions ['ignore', 'ignore_ament_install']
[0.224s] Level 1:colcon.colcon_core.package_identification:_identify(log) by extension 'ignore'
[0.224s] Level 1:colcon.colcon_core.package_identification:_identify(log) ignored
[0.225s] Level 1:colcon.colcon_core.package_identification:_identify(src) by extensions ['ignore', 'ignore_ament_install']
[0.225s] Level 1:colcon.colcon_core.package_identification:_identify(src) by extension 'ignore'
[0.225s] Level 1:colcon.colcon_core.package_identification:_identify(src) by extension 'ignore_ament_install'
[0.225s] Level 1:colcon.colcon_core.package_identification:_identify(src) by extensions ['colcon_pkg']
[0.225s] Level 1:colcon.colcon_core.package_identification:_identify(src) by extension 'colcon_pkg'
[0.225s] Level 1:colcon.colcon_core.package_identification:_identify(src) by extensions ['colcon_meta']
[0.225s] Level 1:colcon.colcon_core.package_identification:_identify(src) by extension 'colcon_meta'
[0.225s] Level 1:colcon.colcon_core.package_identification:_identify(src) by extensions ['ros']
[0.225s] Level 1:colcon.colcon_core.package_identification:_identify(src) by extension 'ros'
[0.225s] Level 1:colcon.colcon_core.package_identification:_identify(src) by extensions ['cmake', 'python']
[0.225s] Level 1:colcon.colcon_core.package_identification:_identify(src) by extension 'cmake'
[0.225s] Level 1:colcon.colcon_core.package_identification:_identify(src) by extension 'python'
[0.225s] Level 1:colcon.colcon_core.package_identification:_identify(src) by extensions ['python_setup_py']
[0.225s] Level 1:colcon.colcon_core.package_identification:_identify(src) by extension 'python_setup_py'
[0.225s] Level 1:colcon.colcon_core.package_identification:_identify(src/antworker_description) by extensions ['ignore', 'ignore_ament_install']
[0.225s] Level 1:colcon.colcon_core.package_identification:_identify(src/antworker_description) by extension 'ignore'
[0.225s] Level 1:colcon.colcon_core.package_identification:_identify(src/antworker_description) by extension 'ignore_ament_install'
[0.225s] Level 1:colcon.colcon_core.package_identification:_identify(src/antworker_description) by extensions ['colcon_pkg']
[0.225s] Level 1:colcon.colcon_core.package_identification:_identify(src/antworker_description) by extension 'colcon_pkg'
[0.225s] Level 1:colcon.colcon_core.package_identification:_identify(src/antworker_description) by extensions ['colcon_meta']
[0.225s] Level 1:colcon.colcon_core.package_identification:_identify(src/antworker_description) by extension 'colcon_meta'
[0.225s] Level 1:colcon.colcon_core.package_identification:_identify(src/antworker_description) by extensions ['ros']
[0.225s] Level 1:colcon.colcon_core.package_identification:_identify(src/antworker_description) by extension 'ros'
[0.227s] DEBUG:colcon.colcon_core.package_identification:Package 'src/antworker_description' with type 'ros.ament_python' and name 'antworker_description'
[0.227s] Level 1:colcon.colcon_core.package_identification:_identify(src/antworker_isaacsim_world) by extensions ['ignore', 'ignore_ament_install']
[0.227s] Level 1:colcon.colcon_core.package_identification:_identify(src/antworker_isaacsim_world) by extension 'ignore'
[0.227s] Level 1:colcon.colcon_core.package_identification:_identify(src/antworker_isaacsim_world) by extension 'ignore_ament_install'
[0.227s] Level 1:colcon.colcon_core.package_identification:_identify(src/antworker_isaacsim_world) by extensions ['colcon_pkg']
[0.227s] Level 1:colcon.colcon_core.package_identification:_identify(src/antworker_isaacsim_world) by extension 'colcon_pkg'
[0.227s] Level 1:colcon.colcon_core.package_identification:_identify(src/antworker_isaacsim_world) by extensions ['colcon_meta']
[0.227s] Level 1:colcon.colcon_core.package_identification:_identify(src/antworker_isaacsim_world) by extension 'colcon_meta'
[0.227s] Level 1:colcon.colcon_core.package_identification:_identify(src/antworker_isaacsim_world) by extensions ['ros']
[0.227s] Level 1:colcon.colcon_core.package_identification:_identify(src/antworker_isaacsim_world) by extension 'ros'
[0.228s] DEBUG:colcon.colcon_core.package_identification:Package 'src/antworker_isaacsim_world' with type 'ros.ament_python' and name 'antworker_isaacsim_world'
[0.228s] Level 1:colcon.colcon_core.package_identification:_identify(src/antworker_moveit_description) by extensions ['ignore', 'ignore_ament_install']
[0.228s] Level 1:colcon.colcon_core.package_identification:_identify(src/antworker_moveit_description) by extension 'ignore'
[0.228s] Level 1:colcon.colcon_core.package_identification:_identify(src/antworker_moveit_description) by extension 'ignore_ament_install'
[0.228s] Level 1:colcon.colcon_core.package_identification:_identify(src/antworker_moveit_description) by extensions ['colcon_pkg']
[0.228s] Level 1:colcon.colcon_core.package_identification:_identify(src/antworker_moveit_description) by extension 'colcon_pkg'
[0.228s] Level 1:colcon.colcon_core.package_identification:_identify(src/antworker_moveit_description) by extensions ['colcon_meta']
[0.228s] Level 1:colcon.colcon_core.package_identification:_identify(src/antworker_moveit_description) by extension 'colcon_meta'
[0.228s] Level 1:colcon.colcon_core.package_identification:_identify(src/antworker_moveit_description) by extensions ['ros']
[0.228s] Level 1:colcon.colcon_core.package_identification:_identify(src/antworker_moveit_description) by extension 'ros'
[0.229s] DEBUG:colcon.colcon_core.package_identification:Package 'src/antworker_moveit_description' with type 'ros.ament_cmake' and name 'antworker_moveit_description'
[0.229s] Level 1:colcon.colcon_core.package_identification:_identify(src/antworker_navigation) by extensions ['ignore', 'ignore_ament_install']
[0.229s] Level 1:colcon.colcon_core.package_identification:_identify(src/antworker_navigation) by extension 'ignore'
[0.229s] Level 1:colcon.colcon_core.package_identification:_identify(src/antworker_navigation) by extension 'ignore_ament_install'
[0.229s] Level 1:colcon.colcon_core.package_identification:_identify(src/antworker_navigation) by extensions ['colcon_pkg']
[0.229s] Level 1:colcon.colcon_core.package_identification:_identify(src/antworker_navigation) by extension 'colcon_pkg'
[0.229s] Level 1:colcon.colcon_core.package_identification:_identify(src/antworker_navigation) by extensions ['colcon_meta']
[0.229s] Level 1:colcon.colcon_core.package_identification:_identify(src/antworker_navigation) by extension 'colcon_meta'
[0.229s] Level 1:colcon.colcon_core.package_identification:_identify(src/antworker_navigation) by extensions ['ros']
[0.229s] Level 1:colcon.colcon_core.package_identification:_identify(src/antworker_navigation) by extension 'ros'
[0.229s] DEBUG:colcon.colcon_core.package_identification:Package 'src/antworker_navigation' with type 'ros.ament_python' and name 'antworker_navigation'
[0.229s] Level 1:colcon.colcon_core.package_identification:_identify(src/attempt_py_moveit) by extensions ['ignore', 'ignore_ament_install']
[0.230s] Level 1:colcon.colcon_core.package_identification:_identify(src/attempt_py_moveit) by extension 'ignore'
[0.230s] Level 1:colcon.colcon_core.package_identification:_identify(src/attempt_py_moveit) by extension 'ignore_ament_install'
[0.230s] Level 1:colcon.colcon_core.package_identification:_identify(src/attempt_py_moveit) by extensions ['colcon_pkg']
[0.230s] Level 1:colcon.colcon_core.package_identification:_identify(src/attempt_py_moveit) by extension 'colcon_pkg'
[0.230s] Level 1:colcon.colcon_core.package_identification:_identify(src/attempt_py_moveit) by extensions ['colcon_meta']
[0.230s] Level 1:colcon.colcon_core.package_identification:_identify(src/attempt_py_moveit) by extension 'colcon_meta'
[0.230s] Level 1:colcon.colcon_core.package_identification:_identify(src/attempt_py_moveit) by extensions ['ros']
[0.230s] Level 1:colcon.colcon_core.package_identification:_identify(src/attempt_py_moveit) by extension 'ros'
[0.230s] DEBUG:colcon.colcon_core.package_identification:Package 'src/attempt_py_moveit' with type 'ros.ament_python' and name 'attempt_py_moveit'
[0.230s] Level 1:colcon.colcon_core.package_identification:_identify(src/kortex_interface) by extensions ['ignore', 'ignore_ament_install']
[0.230s] Level 1:colcon.colcon_core.package_identification:_identify(src/kortex_interface) by extension 'ignore'
[0.230s] Level 1:colcon.colcon_core.package_identification:_identify(src/kortex_interface) by extension 'ignore_ament_install'
[0.230s] Level 1:colcon.colcon_core.package_identification:_identify(src/kortex_interface) by extensions ['colcon_pkg']
[0.230s] Level 1:colcon.colcon_core.package_identification:_identify(src/kortex_interface) by extension 'colcon_pkg'
[0.230s] Level 1:colcon.colcon_core.package_identification:_identify(src/kortex_interface) by extensions ['colcon_meta']
[0.230s] Level 1:colcon.colcon_core.package_identification:_identify(src/kortex_interface) by extension 'colcon_meta'
[0.230s] Level 1:colcon.colcon_core.package_identification:_identify(src/kortex_interface) by extensions ['ros']
[0.230s] Level 1:colcon.colcon_core.package_identification:_identify(src/kortex_interface) by extension 'ros'
[0.231s] DEBUG:colcon.colcon_core.package_identification:Package 'src/kortex_interface' with type 'ros.ament_python' and name 'kortex_interface'
[0.231s] Level 1:colcon.colcon_core.package_identification:_identify(src/moveit_rolling_humble_interface) by extensions ['ignore', 'ignore_ament_install']
[0.231s] Level 1:colcon.colcon_core.package_identification:_identify(src/moveit_rolling_humble_interface) by extension 'ignore'
[0.231s] Level 1:colcon.colcon_core.package_identification:_identify(src/moveit_rolling_humble_interface) by extension 'ignore_ament_install'
[0.231s] Level 1:colcon.colcon_core.package_identification:_identify(src/moveit_rolling_humble_interface) by extensions ['colcon_pkg']
[0.231s] Level 1:colcon.colcon_core.package_identification:_identify(src/moveit_rolling_humble_interface) by extension 'colcon_pkg'
[0.231s] Level 1:colcon.colcon_core.package_identification:_identify(src/moveit_rolling_humble_interface) by extensions ['colcon_meta']
[0.231s] Level 1:colcon.colcon_core.package_identification:_identify(src/moveit_rolling_humble_interface) by extension 'colcon_meta'
[0.231s] Level 1:colcon.colcon_core.package_identification:_identify(src/moveit_rolling_humble_interface) by extensions ['ros']
[0.231s] Level 1:colcon.colcon_core.package_identification:_identify(src/moveit_rolling_humble_interface) by extension 'ros'
[0.231s] DEBUG:colcon.colcon_core.package_identification:Package 'src/moveit_rolling_humble_interface' with type 'ros.ament_python' and name 'moveit_rolling_humble_interface'
[0.231s] Level 1:colcon.colcon_core.package_discovery:discover_packages(recursive) using defaults
[0.231s] Level 1:colcon.colcon_core.package_discovery:discover_packages(ignore) discover
[0.231s] Level 1:colcon.colcon_core.package_discovery:discover_packages(ignore) using defaults
[0.231s] Level 1:colcon.colcon_core.package_discovery:discover_packages(path) discover
[0.231s] Level 1:colcon.colcon_core.package_discovery:discover_packages(path) using defaults
[0.255s] INFO:colcon.colcon_core.package_selection:Skipping not selected package 'antworker_description' in 'src/antworker_description'
[0.255s] INFO:colcon.colcon_core.package_selection:Skipping not selected package 'antworker_isaacsim_world' in 'src/antworker_isaacsim_world'
[0.255s] INFO:colcon.colcon_core.package_selection:Skipping not selected package 'antworker_navigation' in 'src/antworker_navigation'
[0.255s] INFO:colcon.colcon_core.package_selection:Skipping not selected package 'attempt_py_moveit' in 'src/attempt_py_moveit'
[0.255s] INFO:colcon.colcon_core.package_selection:Skipping not selected package 'moveit_rolling_humble_interface' in 'src/moveit_rolling_humble_interface'
[0.255s] INFO:colcon.colcon_core.package_selection:Skipping not selected package 'antworker_moveit_description' in 'src/antworker_moveit_description'
[0.255s] Level 5:colcon.colcon_core.verb:set package 'kortex_interface' build argument 'cmake_args' from command line to 'None'
[0.255s] Level 5:colcon.colcon_core.verb:set package 'kortex_interface' build argument 'cmake_target' from command line to 'None'
[0.255s] Level 5:colcon.colcon_core.verb:set package 'kortex_interface' build argument 'cmake_target_skip_unavailable' from command line to 'False'
[0.255s] Level 5:colcon.colcon_core.verb:set package 'kortex_interface' build argument 'cmake_clean_cache' from command line to 'False'
[0.255s] Level 5:colcon.colcon_core.verb:set package 'kortex_interface' build argument 'cmake_clean_first' from command line to 'False'
[0.255s] Level 5:colcon.colcon_core.verb:set package 'kortex_interface' build argument 'cmake_force_configure' from command line to 'False'
[0.255s] Level 5:colcon.colcon_core.verb:set package 'kortex_interface' build argument 'ament_cmake_args' from command line to 'None'
[0.255s] Level 5:colcon.colcon_core.verb:set package 'kortex_interface' build argument 'catkin_cmake_args' from command line to 'None'
[0.255s] Level 5:colcon.colcon_core.verb:set package 'kortex_interface' build argument 'catkin_skip_building_tests' from command line to 'False'
[0.255s] DEBUG:colcon.colcon_core.verb:Building package 'kortex_interface' with the following arguments: {'ament_cmake_args': None, 'build_base': '/home/humble_ws/build/kortex_interface', 'catkin_cmake_args': None, 'catkin_skip_building_tests': False, 'cmake_args': None, 'cmake_clean_cache': False, 'cmake_clean_first': False, 'cmake_force_configure': False, 'cmake_target': None, 'cmake_target_skip_unavailable': False, 'install_base': '/home/humble_ws/install/kortex_interface', 'merge_install': False, 'path': '/home/humble_ws/src/kortex_interface', 'symlink_install': False, 'test_result_base': None}
[0.255s] INFO:colcon.colcon_core.executor:Executing jobs using 'parallel' executor
[0.256s] DEBUG:colcon.colcon_parallel_executor.executor.parallel:run_until_complete
[0.256s] INFO:colcon.colcon_ros.task.ament_python.build:Building ROS package in '/home/humble_ws/src/kortex_interface' with build type 'ament_python'
[0.256s] Level 1:colcon.colcon_core.shell:create_environment_hook('kortex_interface', 'ament_prefix_path')
[0.258s] INFO:colcon.colcon_core.plugin_system:Skipping extension 'colcon_core.shell.bat': Not used on non-Windows systems
[0.259s] INFO:colcon.colcon_core.shell:Creating environment hook '/home/humble_ws/install/kortex_interface/share/kortex_interface/hook/ament_prefix_path.ps1'
[0.259s] INFO:colcon.colcon_core.shell:Creating environment descriptor '/home/humble_ws/install/kortex_interface/share/kortex_interface/hook/ament_prefix_path.dsv'
[0.259s] INFO:colcon.colcon_core.shell:Creating environment hook '/home/humble_ws/install/kortex_interface/share/kortex_interface/hook/ament_prefix_path.sh'
[0.260s] INFO:colcon.colcon_core.shell:Skip shell extension 'powershell' for command environment: Not usable outside of PowerShell
[0.260s] DEBUG:colcon.colcon_core.shell:Skip shell extension 'dsv' for command environment
[0.462s] INFO:colcon.colcon_core.task.python.build:Building Python package in '/home/humble_ws/src/kortex_interface'
[0.463s] INFO:colcon.colcon_core.shell:Skip shell extension 'powershell' for command environment: Not usable outside of PowerShell
[0.463s] DEBUG:colcon.colcon_core.shell:Skip shell extension 'dsv' for command environment
[0.755s] DEBUG:colcon.colcon_core.event_handler.log_command:Invoking command in '/home/humble_ws/src/kortex_interface': PYTHONPATH=/home/humble_ws/build/kortex_interface/prefix_override:/home/humble_ws/install/kortex_interface/lib/python3.10/site-packages:${PYTHONPATH} /usr/bin/python3 -W ignore:setup.py install is deprecated setup.py egg_info --egg-base ../../build/kortex_interface build --build-base /home/humble_ws/build/kortex_interface/build install --record /home/humble_ws/build/kortex_interface/install.log --single-version-externally-managed install_data
[0.984s] DEBUG:colcon.colcon_core.event_handler.log_command:Invoked command in '/home/humble_ws/src/kortex_interface' returned '0': PYTHONPATH=/home/humble_ws/build/kortex_interface/prefix_override:/home/humble_ws/install/kortex_interface/lib/python3.10/site-packages:${PYTHONPATH} /usr/bin/python3 -W ignore:setup.py install is deprecated setup.py egg_info --egg-base ../../build/kortex_interface build --build-base /home/humble_ws/build/kortex_interface/build install --record /home/humble_ws/build/kortex_interface/install.log --single-version-externally-managed install_data
[0.986s] Level 1:colcon.colcon_core.environment:checking '/home/humble_ws/install/kortex_interface' for CMake module files
[0.987s] Level 1:colcon.colcon_core.environment:checking '/home/humble_ws/install/kortex_interface' for CMake config files
[0.987s] Level 1:colcon.colcon_core.environment:checking '/home/humble_ws/install/kortex_interface/lib'
[0.987s] Level 1:colcon.colcon_core.environment:checking '/home/humble_ws/install/kortex_interface/bin'
[0.988s] Level 1:colcon.colcon_core.environment:checking '/home/humble_ws/install/kortex_interface/lib/pkgconfig/kortex_interface.pc'
[0.988s] Level 1:colcon.colcon_core.environment:checking '/home/humble_ws/install/kortex_interface/lib/python3.10/site-packages'
[0.988s] Level 1:colcon.colcon_core.shell:create_environment_hook('kortex_interface', 'pythonpath')
[0.988s] INFO:colcon.colcon_core.shell:Creating environment hook '/home/humble_ws/install/kortex_interface/share/kortex_interface/hook/pythonpath.ps1'
[0.988s] INFO:colcon.colcon_core.shell:Creating environment descriptor '/home/humble_ws/install/kortex_interface/share/kortex_interface/hook/pythonpath.dsv'
[0.989s] INFO:colcon.colcon_core.shell:Creating environment hook '/home/humble_ws/install/kortex_interface/share/kortex_interface/hook/pythonpath.sh'
[0.989s] Level 1:colcon.colcon_core.environment:checking '/home/humble_ws/install/kortex_interface/bin'
[0.989s] Level 1:colcon.colcon_core.environment:create_environment_scripts_only(kortex_interface)
[0.989s] INFO:colcon.colcon_core.shell:Creating package script '/home/humble_ws/install/kortex_interface/share/kortex_interface/package.ps1'
[0.990s] INFO:colcon.colcon_core.shell:Creating package descriptor '/home/humble_ws/install/kortex_interface/share/kortex_interface/package.dsv'
[0.990s] INFO:colcon.colcon_core.shell:Creating package script '/home/humble_ws/install/kortex_interface/share/kortex_interface/package.sh'
[0.991s] INFO:colcon.colcon_core.shell:Creating package script '/home/humble_ws/install/kortex_interface/share/kortex_interface/package.bash'
[0.992s] INFO:colcon.colcon_core.shell:Creating package script '/home/humble_ws/install/kortex_interface/share/kortex_interface/package.zsh'
[0.992s] Level 1:colcon.colcon_core.environment:create_file_with_runtime_dependencies(/home/humble_ws/install/kortex_interface/share/colcon-core/packages/kortex_interface)
[0.992s] DEBUG:colcon.colcon_parallel_executor.executor.parallel:closing loop
[0.992s] DEBUG:colcon.colcon_parallel_executor.executor.parallel:loop closed
[0.993s] DEBUG:colcon.colcon_parallel_executor.executor.parallel:run_until_complete finished with '0'
[0.993s] DEBUG:colcon.colcon_core.event_reactor:joining thread
[0.997s] INFO:colcon.colcon_core.plugin_system:Skipping extension 'colcon_notification.desktop_notification.notify_send': Could not find 'notify-send'
[0.997s] INFO:colcon.colcon_core.plugin_system:Skipping extension 'colcon_notification.desktop_notification.terminal_notifier': Not used on non-Darwin systems
[0.998s] INFO:colcon.colcon_core.plugin_system:Skipping extension 'colcon_notification.desktop_notification.win32': Not used on non-Windows systems
[0.998s] INFO:colcon.colcon_notification.desktop_notification:Sending desktop notification using 'notify2'
[1.005s] DEBUG:colcon.colcon_notification.desktop_notification.notify2:Failed to initialize notify2: org.freedesktop.DBus.Error.ServiceUnknown: The name org.freedesktop.Notifications was not provided by any .service files
[1.005s] DEBUG:colcon.colcon_core.event_reactor:joined thread
[1.005s] INFO:colcon.colcon_core.shell:Creating prefix script '/home/humble_ws/install/local_setup.ps1'
[1.006s] INFO:colcon.colcon_core.shell:Creating prefix util module '/home/humble_ws/install/_local_setup_util_ps1.py'
[1.007s] INFO:colcon.colcon_core.shell:Creating prefix chain script '/home/humble_ws/install/setup.ps1'
[1.010s] INFO:colcon.colcon_core.shell:Creating prefix script '/home/humble_ws/install/local_setup.sh'
[1.010s] INFO:colcon.colcon_core.shell:Creating prefix util module '/home/humble_ws/install/_local_setup_util_sh.py'
[1.011s] INFO:colcon.colcon_core.shell:Creating prefix chain script '/home/humble_ws/install/setup.sh'
[1.013s] INFO:colcon.colcon_core.shell:Creating prefix script '/home/humble_ws/install/local_setup.bash'
[1.014s] INFO:colcon.colcon_core.shell:Creating prefix chain script '/home/humble_ws/install/setup.bash'
[1.016s] INFO:colcon.colcon_core.shell:Creating prefix script '/home/humble_ws/install/local_setup.zsh'
[1.017s] INFO:colcon.colcon_core.shell:Creating prefix chain script '/home/humble_ws/install/setup.zsh'
