[0.944s] Invoking command in '/ros2_ws/src/gui': PYTHONPATH=/ros2_ws/build/gui/prefix_override:/usr/lib/python3/dist-packages/colcon_core/task/python/colcon_distutils_commands:/ros2_ws/install/gui/lib/python3.10/site-packages:${PYTHONPATH} /usr/bin/python3 -W ignore:setup.py install is deprecated setup.py egg_info --egg-base ../../build/gui build --build-base /ros2_ws/build/gui/build install --record /ros2_ws/build/gui/install.log --single-version-externally-managed install_data
[1.182s] running egg_info
[1.183s] writing ../../build/gui/gui.egg-info/PKG-INFO
[1.183s] writing dependency_links to ../../build/gui/gui.egg-info/dependency_links.txt
[1.183s] writing entry points to ../../build/gui/gui.egg-info/entry_points.txt
[1.183s] writing requirements to ../../build/gui/gui.egg-info/requires.txt
[1.183s] writing top-level names to ../../build/gui/gui.egg-info/top_level.txt
[1.185s] reading manifest file '../../build/gui/gui.egg-info/SOURCES.txt'
[1.187s] writing manifest file '../../build/gui/gui.egg-info/SOURCES.txt'
[1.187s] running build
[1.187s] running build_py
[1.187s] copying gui/node.py -> /ros2_ws/build/gui/build/lib/gui
[1.187s] running install
[1.188s] running install_lib
[1.189s] copying /ros2_ws/build/gui/build/lib/gui/node.py -> /ros2_ws/install/gui/lib/python3.10/site-packages/gui
[1.190s] byte-compiling /ros2_ws/install/gui/lib/python3.10/site-packages/gui/node.py to node.cpython-310.pyc
[1.191s] Sorry: IndentationError: expected an indented block after 'if' statement on line 69 (node.py, line 73)
[1.191s] running install_data
[1.191s] running install_egg_info
[1.193s] removing '/ros2_ws/install/gui/lib/python3.10/site-packages/gui-1.0.0-py3.10.egg-info' (and everything under it)
[1.194s] Copying ../../build/gui/gui.egg-info to /ros2_ws/install/gui/lib/python3.10/site-packages/gui-1.0.0-py3.10.egg-info
[1.195s] running install_scripts
[1.221s] Installing nicegui_node script to /ros2_ws/install/gui/lib/gui
[1.221s] writing list of installed files to '/ros2_ws/build/gui/install.log'
[1.257s] Invoked command in '/ros2_ws/src/gui' returned '0': PYTHONPATH=/ros2_ws/build/gui/prefix_override:/usr/lib/python3/dist-packages/colcon_core/task/python/colcon_distutils_commands:/ros2_ws/install/gui/lib/python3.10/site-packages:${PYTHONPATH} /usr/bin/python3 -W ignore:setup.py install is deprecated setup.py egg_info --egg-base ../../build/gui build --build-base /ros2_ws/build/gui/build install --record /ros2_ws/build/gui/install.log --single-version-externally-managed install_data
