[0.043s] Invoking command in '/home/kortex_ws/build/controller_manager_msgs': CMAKE_PREFIX_PATH=${CMAKE_PREFIX_PATH}:/home/kortex_ws/install/rqt_joint_trajectory_controller:/home/kortex_ws/install/rqt_controller_manager:/home/kortex_ws/install/ros2controlcli:/home/kortex_ws/install/ros2_controllers_test_nodes:/opt/ros/humble /usr/bin/cmake --build /home/kortex_ws/build/controller_manager_msgs -- -j16 -l16
[0.155s] [  0%] Built target controller_manager_msgs__cpp
[0.161s] [ 12%] Built target controller_manager_msgs__rosidl_generator_c
[0.187s] [ 12%] Built target ament_cmake_python_copy_controller_manager_msgs
[0.234s] [ 24%] Built target controller_manager_msgs__rosidl_typesupport_fastrtps_cpp
[0.237s] [ 36%] Built target controller_manager_msgs__rosidl_typesupport_introspection_c
[0.239s] [ 48%] Built target controller_manager_msgs__rosidl_typesupport_cpp
[0.243s] [ 67%] Built target controller_manager_msgs__rosidl_typesupport_introspection_cpp
[0.243s] [ 77%] Built target controller_manager_msgs__rosidl_typesupport_c
[0.244s] [ 84%] Built target controller_manager_msgs__rosidl_typesupport_fastrtps_c
[0.286s] [ 84%] Built target controller_manager_msgs
[0.329s] [ 85%] Built target controller_manager_msgs__py
[0.382s] [ 96%] Built target controller_manager_msgs__rosidl_generator_py
[0.435s] [ 97%] Built target controller_manager_msgs__rosidl_typesupport_c__pyext
[0.435s] [ 99%] Built target controller_manager_msgs__rosidl_typesupport_introspection_c__pyext
[0.438s] [100%] Built target controller_manager_msgs__rosidl_typesupport_fastrtps_c__pyext
[0.547s] running egg_info
[0.547s] writing controller_manager_msgs.egg-info/PKG-INFO
[0.547s] writing dependency_links to controller_manager_msgs.egg-info/dependency_links.txt
[0.548s] writing top-level names to controller_manager_msgs.egg-info/top_level.txt
[0.548s] reading manifest file 'controller_manager_msgs.egg-info/SOURCES.txt'
[0.548s] writing manifest file 'controller_manager_msgs.egg-info/SOURCES.txt'
[0.572s] [100%] Built target ament_cmake_python_build_controller_manager_msgs_egg
[0.595s] Invoked command in '/home/kortex_ws/build/controller_manager_msgs' returned '0': CMAKE_PREFIX_PATH=${CMAKE_PREFIX_PATH}:/home/kortex_ws/install/rqt_joint_trajectory_controller:/home/kortex_ws/install/rqt_controller_manager:/home/kortex_ws/install/ros2controlcli:/home/kortex_ws/install/ros2_controllers_test_nodes:/opt/ros/humble /usr/bin/cmake --build /home/kortex_ws/build/controller_manager_msgs -- -j16 -l16
[1.308s] Invoking command in '/home/kortex_ws/build/controller_manager_msgs': CMAKE_PREFIX_PATH=${CMAKE_PREFIX_PATH}:/home/kortex_ws/install/rqt_joint_trajectory_controller:/home/kortex_ws/install/rqt_controller_manager:/home/kortex_ws/install/ros2controlcli:/home/kortex_ws/install/ros2_controllers_test_nodes:/opt/ros/humble /usr/bin/cmake --install /home/kortex_ws/build/controller_manager_msgs
[1.321s] -- Install configuration: "Release"
[1.321s] -- Up-to-date: /home/kortex_ws/install/controller_manager_msgs/share/ament_index/resource_index/rosidl_interfaces/controller_manager_msgs
[1.321s] -- Up-to-date: /home/kortex_ws/install/controller_manager_msgs/include/controller_manager_msgs/controller_manager_msgs
[1.321s] -- Up-to-date: /home/kortex_ws/install/controller_manager_msgs/include/controller_manager_msgs/controller_manager_msgs/msg
[1.321s] -- Up-to-date: /home/kortex_ws/install/controller_manager_msgs/include/controller_manager_msgs/controller_manager_msgs/msg/hardware_interface.h
[1.321s] -- Up-to-date: /home/kortex_ws/install/controller_manager_msgs/include/controller_manager_msgs/controller_manager_msgs/msg/rosidl_generator_c__visibility_control.h
[1.321s] -- Up-to-date: /home/kortex_ws/install/controller_manager_msgs/include/controller_manager_msgs/controller_manager_msgs/msg/detail
[1.321s] -- Up-to-date: /home/kortex_ws/install/controller_manager_msgs/include/controller_manager_msgs/controller_manager_msgs/msg/detail/hardware_interface__type_support.h
[1.321s] -- Up-to-date: /home/kortex_ws/install/controller_manager_msgs/include/controller_manager_msgs/controller_manager_msgs/msg/detail/hardware_component_state__struct.h
[1.322s] -- Up-to-date: /home/kortex_ws/install/controller_manager_msgs/include/controller_manager_msgs/controller_manager_msgs/msg/detail/chain_connection__functions.h
[1.322s] -- Up-to-date: /home/kortex_ws/install/controller_manager_msgs/include/controller_manager_msgs/controller_manager_msgs/msg/detail/hardware_component_state__functions.c
[1.322s] -- Up-to-date: /home/kortex_ws/install/controller_manager_msgs/include/controller_manager_msgs/controller_manager_msgs/msg/detail/controller_state__functions.h
[1.322s] -- Up-to-date: /home/kortex_ws/install/controller_manager_msgs/include/controller_manager_msgs/controller_manager_msgs/msg/detail/hardware_interface__functions.c
[1.322s] -- Up-to-date: /home/kortex_ws/install/controller_manager_msgs/include/controller_manager_msgs/controller_manager_msgs/msg/detail/controller_state__functions.c
[1.322s] -- Up-to-date: /home/kortex_ws/install/controller_manager_msgs/include/controller_manager_msgs/controller_manager_msgs/msg/detail/chain_connection__functions.c
[1.322s] -- Up-to-date: /home/kortex_ws/install/controller_manager_msgs/include/controller_manager_msgs/controller_manager_msgs/msg/detail/hardware_component_state__functions.h
[1.322s] -- Up-to-date: /home/kortex_ws/install/controller_manager_msgs/include/controller_manager_msgs/controller_manager_msgs/msg/detail/controller_state__struct.h
[1.323s] -- Up-to-date: /home/kortex_ws/install/controller_manager_msgs/include/controller_manager_msgs/controller_manager_msgs/msg/detail/hardware_interface__struct.h
[1.323s] -- Up-to-date: /home/kortex_ws/install/controller_manager_msgs/include/controller_manager_msgs/controller_manager_msgs/msg/detail/chain_connection__struct.h
[1.323s] -- Up-to-date: /home/kortex_ws/install/controller_manager_msgs/include/controller_manager_msgs/controller_manager_msgs/msg/detail/hardware_interface__functions.h
[1.323s] -- Up-to-date: /home/kortex_ws/install/controller_manager_msgs/include/controller_manager_msgs/controller_manager_msgs/msg/detail/controller_state__type_support.h
[1.323s] -- Up-to-date: /home/kortex_ws/install/controller_manager_msgs/include/controller_manager_msgs/controller_manager_msgs/msg/detail/chain_connection__type_support.h
[1.323s] -- Up-to-date: /home/kortex_ws/install/controller_manager_msgs/include/controller_manager_msgs/controller_manager_msgs/msg/detail/hardware_component_state__type_support.h
[1.323s] -- Up-to-date: /home/kortex_ws/install/controller_manager_msgs/include/controller_manager_msgs/controller_manager_msgs/msg/controller_state.h
[1.323s] -- Up-to-date: /home/kortex_ws/install/controller_manager_msgs/include/controller_manager_msgs/controller_manager_msgs/msg/chain_connection.h
[1.323s] -- Up-to-date: /home/kortex_ws/install/controller_manager_msgs/include/controller_manager_msgs/controller_manager_msgs/msg/hardware_component_state.h
[1.323s] -- Up-to-date: /home/kortex_ws/install/controller_manager_msgs/include/controller_manager_msgs/controller_manager_msgs/srv
[1.323s] -- Up-to-date: /home/kortex_ws/install/controller_manager_msgs/include/controller_manager_msgs/controller_manager_msgs/srv/detail
[1.323s] -- Up-to-date: /home/kortex_ws/install/controller_manager_msgs/include/controller_manager_msgs/controller_manager_msgs/srv/detail/unload_controller__functions.h
[1.324s] -- Up-to-date: /home/kortex_ws/install/controller_manager_msgs/include/controller_manager_msgs/controller_manager_msgs/srv/detail/configure_controller__functions.h
[1.324s] -- Up-to-date: /home/kortex_ws/install/controller_manager_msgs/include/controller_manager_msgs/controller_manager_msgs/srv/detail/list_hardware_components__functions.c
[1.324s] -- Up-to-date: /home/kortex_ws/install/controller_manager_msgs/include/controller_manager_msgs/controller_manager_msgs/srv/detail/list_controllers__functions.h
[1.324s] -- Up-to-date: /home/kortex_ws/install/controller_manager_msgs/include/controller_manager_msgs/controller_manager_msgs/srv/detail/list_hardware_components__struct.h
[1.324s] -- Up-to-date: /home/kortex_ws/install/controller_manager_msgs/include/controller_manager_msgs/controller_manager_msgs/srv/detail/configure_controller__struct.h
[1.324s] -- Up-to-date: /home/kortex_ws/install/controller_manager_msgs/include/controller_manager_msgs/controller_manager_msgs/srv/detail/list_controllers__struct.h
[1.324s] -- Up-to-date: /home/kortex_ws/install/controller_manager_msgs/include/controller_manager_msgs/controller_manager_msgs/srv/detail/configure_controller__type_support.h
[1.324s] -- Up-to-date: /home/kortex_ws/install/controller_manager_msgs/include/controller_manager_msgs/controller_manager_msgs/srv/detail/unload_controller__type_support.h
[1.324s] -- Up-to-date: /home/kortex_ws/install/controller_manager_msgs/include/controller_manager_msgs/controller_manager_msgs/srv/detail/list_controller_types__struct.h
[1.324s] -- Up-to-date: /home/kortex_ws/install/controller_manager_msgs/include/controller_manager_msgs/controller_manager_msgs/srv/detail/list_hardware_interfaces__struct.h
[1.324s] -- Up-to-date: /home/kortex_ws/install/controller_manager_msgs/include/controller_manager_msgs/controller_manager_msgs/srv/detail/reload_controller_libraries__functions.h
[1.324s] -- Up-to-date: /home/kortex_ws/install/controller_manager_msgs/include/controller_manager_msgs/controller_manager_msgs/srv/detail/load_controller__functions.h
[1.325s] -- Up-to-date: /home/kortex_ws/install/controller_manager_msgs/include/controller_manager_msgs/controller_manager_msgs/srv/detail/set_hardware_component_state__functions.c
[1.325s] -- Up-to-date: /home/kortex_ws/install/controller_manager_msgs/include/controller_manager_msgs/controller_manager_msgs/srv/detail/switch_controller__type_support.h
[1.325s] -- Up-to-date: /home/kortex_ws/install/controller_manager_msgs/include/controller_manager_msgs/controller_manager_msgs/srv/detail/load_controller__type_support.h
[1.325s] -- Up-to-date: /home/kortex_ws/install/controller_manager_msgs/include/controller_manager_msgs/controller_manager_msgs/srv/detail/switch_controller__functions.h
[1.325s] -- Up-to-date: /home/kortex_ws/install/controller_manager_msgs/include/controller_manager_msgs/controller_manager_msgs/srv/detail/reload_controller_libraries__struct.h
[1.325s] -- Up-to-date: /home/kortex_ws/install/controller_manager_msgs/include/controller_manager_msgs/controller_manager_msgs/srv/detail/list_controller_types__functions.h
[1.325s] -- Up-to-date: /home/kortex_ws/install/controller_manager_msgs/include/controller_manager_msgs/controller_manager_msgs/srv/detail/switch_controller__struct.h
[1.325s] -- Up-to-date: /home/kortex_ws/install/controller_manager_msgs/include/controller_manager_msgs/controller_manager_msgs/srv/detail/set_hardware_component_state__struct.h
[1.325s] -- Up-to-date: /home/kortex_ws/install/controller_manager_msgs/include/controller_manager_msgs/controller_manager_msgs/srv/detail/list_controllers__functions.c
[1.325s] -- Up-to-date: /home/kortex_ws/install/controller_manager_msgs/include/controller_manager_msgs/controller_manager_msgs/srv/detail/list_controller_types__functions.c
[1.325s] -- Up-to-date: /home/kortex_ws/install/controller_manager_msgs/include/controller_manager_msgs/controller_manager_msgs/srv/detail/list_hardware_interfaces__type_support.h
[1.325s] -- Up-to-date: /home/kortex_ws/install/controller_manager_msgs/include/controller_manager_msgs/controller_manager_msgs/srv/detail/reload_controller_libraries__functions.c
[1.326s] -- Up-to-date: /home/kortex_ws/install/controller_manager_msgs/include/controller_manager_msgs/controller_manager_msgs/srv/detail/list_controller_types__type_support.h
[1.326s] -- Up-to-date: /home/kortex_ws/install/controller_manager_msgs/include/controller_manager_msgs/controller_manager_msgs/srv/detail/reload_controller_libraries__type_support.h
[1.326s] -- Up-to-date: /home/kortex_ws/install/controller_manager_msgs/include/controller_manager_msgs/controller_manager_msgs/srv/detail/unload_controller__functions.c
[1.326s] -- Up-to-date: /home/kortex_ws/install/controller_manager_msgs/include/controller_manager_msgs/controller_manager_msgs/srv/detail/list_hardware_components__type_support.h
[1.326s] -- Up-to-date: /home/kortex_ws/install/controller_manager_msgs/include/controller_manager_msgs/controller_manager_msgs/srv/detail/list_hardware_components__functions.h
[1.326s] -- Up-to-date: /home/kortex_ws/install/controller_manager_msgs/include/controller_manager_msgs/controller_manager_msgs/srv/detail/configure_controller__functions.c
[1.326s] -- Up-to-date: /home/kortex_ws/install/controller_manager_msgs/include/controller_manager_msgs/controller_manager_msgs/srv/detail/set_hardware_component_state__functions.h
[1.327s] -- Up-to-date: /home/kortex_ws/install/controller_manager_msgs/include/controller_manager_msgs/controller_manager_msgs/srv/detail/switch_controller__functions.c
[1.327s] -- Up-to-date: /home/kortex_ws/install/controller_manager_msgs/include/controller_manager_msgs/controller_manager_msgs/srv/detail/unload_controller__struct.h
[1.327s] -- Up-to-date: /home/kortex_ws/install/controller_manager_msgs/include/controller_manager_msgs/controller_manager_msgs/srv/detail/set_hardware_component_state__type_support.h
[1.327s] -- Up-to-date: /home/kortex_ws/install/controller_manager_msgs/include/controller_manager_msgs/controller_manager_msgs/srv/detail/load_controller__struct.h
[1.327s] -- Up-to-date: /home/kortex_ws/install/controller_manager_msgs/include/controller_manager_msgs/controller_manager_msgs/srv/detail/load_controller__functions.c
[1.327s] -- Up-to-date: /home/kortex_ws/install/controller_manager_msgs/include/controller_manager_msgs/controller_manager_msgs/srv/detail/list_hardware_interfaces__functions.h
[1.327s] -- Up-to-date: /home/kortex_ws/install/controller_manager_msgs/include/controller_manager_msgs/controller_manager_msgs/srv/detail/list_controllers__type_support.h
[1.327s] -- Up-to-date: /home/kortex_ws/install/controller_manager_msgs/include/controller_manager_msgs/controller_manager_msgs/srv/detail/list_hardware_interfaces__functions.c
[1.327s] -- Up-to-date: /home/kortex_ws/install/controller_manager_msgs/include/controller_manager_msgs/controller_manager_msgs/srv/load_controller.h
[1.327s] -- Up-to-date: /home/kortex_ws/install/controller_manager_msgs/include/controller_manager_msgs/controller_manager_msgs/srv/list_controllers.h
[1.327s] -- Up-to-date: /home/kortex_ws/install/controller_manager_msgs/include/controller_manager_msgs/controller_manager_msgs/srv/unload_controller.h
[1.327s] -- Up-to-date: /home/kortex_ws/install/controller_manager_msgs/include/controller_manager_msgs/controller_manager_msgs/srv/reload_controller_libraries.h
[1.327s] -- Up-to-date: /home/kortex_ws/install/controller_manager_msgs/include/controller_manager_msgs/controller_manager_msgs/srv/switch_controller.h
[1.328s] -- Up-to-date: /home/kortex_ws/install/controller_manager_msgs/include/controller_manager_msgs/controller_manager_msgs/srv/list_controller_types.h
[1.328s] -- Up-to-date: /home/kortex_ws/install/controller_manager_msgs/include/controller_manager_msgs/controller_manager_msgs/srv/list_hardware_components.h
[1.328s] -- Up-to-date: /home/kortex_ws/install/controller_manager_msgs/include/controller_manager_msgs/controller_manager_msgs/srv/set_hardware_component_state.h
[1.328s] -- Up-to-date: /home/kortex_ws/install/controller_manager_msgs/include/controller_manager_msgs/controller_manager_msgs/srv/list_hardware_interfaces.h
[1.328s] -- Up-to-date: /home/kortex_ws/install/controller_manager_msgs/include/controller_manager_msgs/controller_manager_msgs/srv/configure_controller.h
[1.328s] -- Up-to-date: /home/kortex_ws/install/controller_manager_msgs/share/controller_manager_msgs/environment/library_path.sh
[1.328s] -- Up-to-date: /home/kortex_ws/install/controller_manager_msgs/share/controller_manager_msgs/environment/library_path.dsv
[1.328s] -- Up-to-date: /home/kortex_ws/install/controller_manager_msgs/lib/libcontroller_manager_msgs__rosidl_generator_c.so
[1.328s] -- Up-to-date: /home/kortex_ws/install/controller_manager_msgs/include/controller_manager_msgs/controller_manager_msgs
[1.328s] -- Up-to-date: /home/kortex_ws/install/controller_manager_msgs/include/controller_manager_msgs/controller_manager_msgs/msg
[1.328s] -- Up-to-date: /home/kortex_ws/install/controller_manager_msgs/include/controller_manager_msgs/controller_manager_msgs/msg/detail
[1.328s] -- Up-to-date: /home/kortex_ws/install/controller_manager_msgs/include/controller_manager_msgs/controller_manager_msgs/msg/detail/controller_state__rosidl_typesupport_fastrtps_c.h
[1.328s] -- Up-to-date: /home/kortex_ws/install/controller_manager_msgs/include/controller_manager_msgs/controller_manager_msgs/msg/detail/hardware_component_state__rosidl_typesupport_fastrtps_c.h
[1.328s] -- Up-to-date: /home/kortex_ws/install/controller_manager_msgs/include/controller_manager_msgs/controller_manager_msgs/msg/detail/hardware_interface__rosidl_typesupport_fastrtps_c.h
[1.329s] -- Up-to-date: /home/kortex_ws/install/controller_manager_msgs/include/controller_manager_msgs/controller_manager_msgs/msg/detail/chain_connection__rosidl_typesupport_fastrtps_c.h
[1.329s] -- Up-to-date: /home/kortex_ws/install/controller_manager_msgs/include/controller_manager_msgs/controller_manager_msgs/msg/rosidl_typesupport_fastrtps_c__visibility_control.h
[1.329s] -- Up-to-date: /home/kortex_ws/install/controller_manager_msgs/include/controller_manager_msgs/controller_manager_msgs/srv
[1.329s] -- Up-to-date: /home/kortex_ws/install/controller_manager_msgs/include/controller_manager_msgs/controller_manager_msgs/srv/detail
[1.329s] -- Up-to-date: /home/kortex_ws/install/controller_manager_msgs/include/controller_manager_msgs/controller_manager_msgs/srv/detail/list_controller_types__rosidl_typesupport_fastrtps_c.h
[1.329s] -- Up-to-date: /home/kortex_ws/install/controller_manager_msgs/include/controller_manager_msgs/controller_manager_msgs/srv/detail/load_controller__rosidl_typesupport_fastrtps_c.h
[1.329s] -- Up-to-date: /home/kortex_ws/install/controller_manager_msgs/include/controller_manager_msgs/controller_manager_msgs/srv/detail/switch_controller__rosidl_typesupport_fastrtps_c.h
[1.329s] -- Up-to-date: /home/kortex_ws/install/controller_manager_msgs/include/controller_manager_msgs/controller_manager_msgs/srv/detail/list_hardware_interfaces__rosidl_typesupport_fastrtps_c.h
[1.329s] -- Up-to-date: /home/kortex_ws/install/controller_manager_msgs/include/controller_manager_msgs/controller_manager_msgs/srv/detail/list_hardware_components__rosidl_typesupport_fastrtps_c.h
[1.329s] -- Up-to-date: /home/kortex_ws/install/controller_manager_msgs/include/controller_manager_msgs/controller_manager_msgs/srv/detail/reload_controller_libraries__rosidl_typesupport_fastrtps_c.h
[1.330s] -- Up-to-date: /home/kortex_ws/install/controller_manager_msgs/include/controller_manager_msgs/controller_manager_msgs/srv/detail/configure_controller__rosidl_typesupport_fastrtps_c.h
[1.330s] -- Up-to-date: /home/kortex_ws/install/controller_manager_msgs/include/controller_manager_msgs/controller_manager_msgs/srv/detail/list_controllers__rosidl_typesupport_fastrtps_c.h
[1.330s] -- Up-to-date: /home/kortex_ws/install/controller_manager_msgs/include/controller_manager_msgs/controller_manager_msgs/srv/detail/set_hardware_component_state__rosidl_typesupport_fastrtps_c.h
[1.330s] -- Up-to-date: /home/kortex_ws/install/controller_manager_msgs/include/controller_manager_msgs/controller_manager_msgs/srv/detail/unload_controller__rosidl_typesupport_fastrtps_c.h
[1.330s] -- Up-to-date: /home/kortex_ws/install/controller_manager_msgs/lib/libcontroller_manager_msgs__rosidl_typesupport_fastrtps_c.so
[1.330s] -- Up-to-date: /home/kortex_ws/install/controller_manager_msgs/include/controller_manager_msgs/controller_manager_msgs
[1.330s] -- Up-to-date: /home/kortex_ws/install/controller_manager_msgs/include/controller_manager_msgs/controller_manager_msgs/msg
[1.330s] -- Up-to-date: /home/kortex_ws/install/controller_manager_msgs/include/controller_manager_msgs/controller_manager_msgs/msg/detail
[1.330s] -- Up-to-date: /home/kortex_ws/install/controller_manager_msgs/include/controller_manager_msgs/controller_manager_msgs/msg/detail/chain_connection__builder.hpp
[1.330s] -- Up-to-date: /home/kortex_ws/install/controller_manager_msgs/include/controller_manager_msgs/controller_manager_msgs/msg/detail/hardware_component_state__traits.hpp
[1.331s] -- Up-to-date: /home/kortex_ws/install/controller_manager_msgs/include/controller_manager_msgs/controller_manager_msgs/msg/detail/hardware_component_state__builder.hpp
[1.331s] -- Up-to-date: /home/kortex_ws/install/controller_manager_msgs/include/controller_manager_msgs/controller_manager_msgs/msg/detail/controller_state__struct.hpp
[1.331s] -- Up-to-date: /home/kortex_ws/install/controller_manager_msgs/include/controller_manager_msgs/controller_manager_msgs/msg/detail/hardware_component_state__struct.hpp
[1.331s] -- Up-to-date: /home/kortex_ws/install/controller_manager_msgs/include/controller_manager_msgs/controller_manager_msgs/msg/detail/chain_connection__struct.hpp
[1.331s] -- Up-to-date: /home/kortex_ws/install/controller_manager_msgs/include/controller_manager_msgs/controller_manager_msgs/msg/detail/chain_connection__traits.hpp
[1.331s] -- Up-to-date: /home/kortex_ws/install/controller_manager_msgs/include/controller_manager_msgs/controller_manager_msgs/msg/detail/controller_state__builder.hpp
[1.331s] -- Up-to-date: /home/kortex_ws/install/controller_manager_msgs/include/controller_manager_msgs/controller_manager_msgs/msg/detail/hardware_interface__builder.hpp
[1.331s] -- Up-to-date: /home/kortex_ws/install/controller_manager_msgs/include/controller_manager_msgs/controller_manager_msgs/msg/detail/controller_state__traits.hpp
[1.331s] -- Up-to-date: /home/kortex_ws/install/controller_manager_msgs/include/controller_manager_msgs/controller_manager_msgs/msg/detail/hardware_interface__struct.hpp
[1.331s] -- Up-to-date: /home/kortex_ws/install/controller_manager_msgs/include/controller_manager_msgs/controller_manager_msgs/msg/detail/hardware_interface__traits.hpp
[1.331s] -- Up-to-date: /home/kortex_ws/install/controller_manager_msgs/include/controller_manager_msgs/controller_manager_msgs/msg/controller_state.hpp
[1.331s] -- Up-to-date: /home/kortex_ws/install/controller_manager_msgs/include/controller_manager_msgs/controller_manager_msgs/msg/hardware_interface.hpp
[1.332s] -- Up-to-date: /home/kortex_ws/install/controller_manager_msgs/include/controller_manager_msgs/controller_manager_msgs/msg/chain_connection.hpp
[1.332s] -- Up-to-date: /home/kortex_ws/install/controller_manager_msgs/include/controller_manager_msgs/controller_manager_msgs/msg/hardware_component_state.hpp
[1.332s] -- Up-to-date: /home/kortex_ws/install/controller_manager_msgs/include/controller_manager_msgs/controller_manager_msgs/srv
[1.332s] -- Up-to-date: /home/kortex_ws/install/controller_manager_msgs/include/controller_manager_msgs/controller_manager_msgs/srv/detail
[1.332s] -- Up-to-date: /home/kortex_ws/install/controller_manager_msgs/include/controller_manager_msgs/controller_manager_msgs/srv/detail/configure_controller__builder.hpp
[1.332s] -- Up-to-date: /home/kortex_ws/install/controller_manager_msgs/include/controller_manager_msgs/controller_manager_msgs/srv/detail/reload_controller_libraries__traits.hpp
[1.332s] -- Up-to-date: /home/kortex_ws/install/controller_manager_msgs/include/controller_manager_msgs/controller_manager_msgs/srv/detail/list_hardware_components__struct.hpp
[1.332s] -- Up-to-date: /home/kortex_ws/install/controller_manager_msgs/include/controller_manager_msgs/controller_manager_msgs/srv/detail/unload_controller__struct.hpp
[1.332s] -- Up-to-date: /home/kortex_ws/install/controller_manager_msgs/include/controller_manager_msgs/controller_manager_msgs/srv/detail/switch_controller__struct.hpp
[1.332s] -- Up-to-date: /home/kortex_ws/install/controller_manager_msgs/include/controller_manager_msgs/controller_manager_msgs/srv/detail/list_controller_types__builder.hpp
[1.332s] -- Up-to-date: /home/kortex_ws/install/controller_manager_msgs/include/controller_manager_msgs/controller_manager_msgs/srv/detail/list_hardware_components__traits.hpp
[1.332s] -- Up-to-date: /home/kortex_ws/install/controller_manager_msgs/include/controller_manager_msgs/controller_manager_msgs/srv/detail/switch_controller__builder.hpp
[1.333s] -- Up-to-date: /home/kortex_ws/install/controller_manager_msgs/include/controller_manager_msgs/controller_manager_msgs/srv/detail/list_hardware_interfaces__traits.hpp
[1.333s] -- Up-to-date: /home/kortex_ws/install/controller_manager_msgs/include/controller_manager_msgs/controller_manager_msgs/srv/detail/load_controller__struct.hpp
[1.333s] -- Up-to-date: /home/kortex_ws/install/controller_manager_msgs/include/controller_manager_msgs/controller_manager_msgs/srv/detail/reload_controller_libraries__builder.hpp
[1.333s] -- Up-to-date: /home/kortex_ws/install/controller_manager_msgs/include/controller_manager_msgs/controller_manager_msgs/srv/detail/list_hardware_interfaces__struct.hpp
[1.333s] -- Up-to-date: /home/kortex_ws/install/controller_manager_msgs/include/controller_manager_msgs/controller_manager_msgs/srv/detail/set_hardware_component_state__struct.hpp
[1.333s] -- Up-to-date: /home/kortex_ws/install/controller_manager_msgs/include/controller_manager_msgs/controller_manager_msgs/srv/detail/reload_controller_libraries__struct.hpp
[1.333s] -- Up-to-date: /home/kortex_ws/install/controller_manager_msgs/include/controller_manager_msgs/controller_manager_msgs/srv/detail/configure_controller__traits.hpp
[1.333s] -- Up-to-date: /home/kortex_ws/install/controller_manager_msgs/include/controller_manager_msgs/controller_manager_msgs/srv/detail/list_controllers__struct.hpp
[1.333s] -- Up-to-date: /home/kortex_ws/install/controller_manager_msgs/include/controller_manager_msgs/controller_manager_msgs/srv/detail/list_controller_types__struct.hpp
[1.333s] -- Up-to-date: /home/kortex_ws/install/controller_manager_msgs/include/controller_manager_msgs/controller_manager_msgs/srv/detail/list_controllers__traits.hpp
[1.333s] -- Up-to-date: /home/kortex_ws/install/controller_manager_msgs/include/controller_manager_msgs/controller_manager_msgs/srv/detail/unload_controller__builder.hpp
[1.333s] -- Up-to-date: /home/kortex_ws/install/controller_manager_msgs/include/controller_manager_msgs/controller_manager_msgs/srv/detail/configure_controller__struct.hpp
[1.334s] -- Up-to-date: /home/kortex_ws/install/controller_manager_msgs/include/controller_manager_msgs/controller_manager_msgs/srv/detail/switch_controller__traits.hpp
[1.334s] -- Up-to-date: /home/kortex_ws/install/controller_manager_msgs/include/controller_manager_msgs/controller_manager_msgs/srv/detail/load_controller__traits.hpp
[1.334s] -- Up-to-date: /home/kortex_ws/install/controller_manager_msgs/include/controller_manager_msgs/controller_manager_msgs/srv/detail/unload_controller__traits.hpp
[1.334s] -- Up-to-date: /home/kortex_ws/install/controller_manager_msgs/include/controller_manager_msgs/controller_manager_msgs/srv/detail/set_hardware_component_state__builder.hpp
[1.334s] -- Up-to-date: /home/kortex_ws/install/controller_manager_msgs/include/controller_manager_msgs/controller_manager_msgs/srv/detail/list_hardware_interfaces__builder.hpp
[1.334s] -- Up-to-date: /home/kortex_ws/install/controller_manager_msgs/include/controller_manager_msgs/controller_manager_msgs/srv/detail/list_controllers__builder.hpp
[1.334s] -- Up-to-date: /home/kortex_ws/install/controller_manager_msgs/include/controller_manager_msgs/controller_manager_msgs/srv/detail/list_controller_types__traits.hpp
[1.334s] -- Up-to-date: /home/kortex_ws/install/controller_manager_msgs/include/controller_manager_msgs/controller_manager_msgs/srv/detail/set_hardware_component_state__traits.hpp
[1.334s] -- Up-to-date: /home/kortex_ws/install/controller_manager_msgs/include/controller_manager_msgs/controller_manager_msgs/srv/detail/load_controller__builder.hpp
[1.334s] -- Up-to-date: /home/kortex_ws/install/controller_manager_msgs/include/controller_manager_msgs/controller_manager_msgs/srv/detail/list_hardware_components__builder.hpp
[1.334s] -- Up-to-date: /home/kortex_ws/install/controller_manager_msgs/include/controller_manager_msgs/controller_manager_msgs/srv/reload_controller_libraries.hpp
[1.334s] -- Up-to-date: /home/kortex_ws/install/controller_manager_msgs/include/controller_manager_msgs/controller_manager_msgs/srv/load_controller.hpp
[1.334s] -- Up-to-date: /home/kortex_ws/install/controller_manager_msgs/include/controller_manager_msgs/controller_manager_msgs/srv/list_hardware_interfaces.hpp
[1.334s] -- Up-to-date: /home/kortex_ws/install/controller_manager_msgs/include/controller_manager_msgs/controller_manager_msgs/srv/list_hardware_components.hpp
[1.335s] -- Up-to-date: /home/kortex_ws/install/controller_manager_msgs/include/controller_manager_msgs/controller_manager_msgs/srv/list_controllers.hpp
[1.335s] -- Up-to-date: /home/kortex_ws/install/controller_manager_msgs/include/controller_manager_msgs/controller_manager_msgs/srv/list_controller_types.hpp
[1.335s] -- Up-to-date: /home/kortex_ws/install/controller_manager_msgs/include/controller_manager_msgs/controller_manager_msgs/srv/switch_controller.hpp
[1.335s] -- Up-to-date: /home/kortex_ws/install/controller_manager_msgs/include/controller_manager_msgs/controller_manager_msgs/srv/set_hardware_component_state.hpp
[1.335s] -- Up-to-date: /home/kortex_ws/install/controller_manager_msgs/include/controller_manager_msgs/controller_manager_msgs/srv/configure_controller.hpp
[1.335s] -- Up-to-date: /home/kortex_ws/install/controller_manager_msgs/include/controller_manager_msgs/controller_manager_msgs/srv/unload_controller.hpp
[1.335s] -- Up-to-date: /home/kortex_ws/install/controller_manager_msgs/include/controller_manager_msgs/controller_manager_msgs
[1.335s] -- Up-to-date: /home/kortex_ws/install/controller_manager_msgs/include/controller_manager_msgs/controller_manager_msgs/msg
[1.335s] -- Up-to-date: /home/kortex_ws/install/controller_manager_msgs/include/controller_manager_msgs/controller_manager_msgs/msg/detail
[1.335s] -- Up-to-date: /home/kortex_ws/install/controller_manager_msgs/include/controller_manager_msgs/controller_manager_msgs/msg/detail/chain_connection__rosidl_typesupport_fastrtps_cpp.hpp
[1.335s] -- Up-to-date: /home/kortex_ws/install/controller_manager_msgs/include/controller_manager_msgs/controller_manager_msgs/msg/detail/controller_state__rosidl_typesupport_fastrtps_cpp.hpp
[1.335s] -- Up-to-date: /home/kortex_ws/install/controller_manager_msgs/include/controller_manager_msgs/controller_manager_msgs/msg/detail/hardware_interface__rosidl_typesupport_fastrtps_cpp.hpp
[1.335s] -- Up-to-date: /home/kortex_ws/install/controller_manager_msgs/include/controller_manager_msgs/controller_manager_msgs/msg/detail/hardware_component_state__rosidl_typesupport_fastrtps_cpp.hpp
[1.336s] -- Up-to-date: /home/kortex_ws/install/controller_manager_msgs/include/controller_manager_msgs/controller_manager_msgs/msg/detail/dds_fastrtps
[1.336s] -- Up-to-date: /home/kortex_ws/install/controller_manager_msgs/include/controller_manager_msgs/controller_manager_msgs/msg/rosidl_typesupport_fastrtps_cpp__visibility_control.h
[1.336s] -- Up-to-date: /home/kortex_ws/install/controller_manager_msgs/include/controller_manager_msgs/controller_manager_msgs/srv
[1.336s] -- Up-to-date: /home/kortex_ws/install/controller_manager_msgs/include/controller_manager_msgs/controller_manager_msgs/srv/detail
[1.336s] -- Up-to-date: /home/kortex_ws/install/controller_manager_msgs/include/controller_manager_msgs/controller_manager_msgs/srv/detail/list_hardware_components__rosidl_typesupport_fastrtps_cpp.hpp
[1.336s] -- Up-to-date: /home/kortex_ws/install/controller_manager_msgs/include/controller_manager_msgs/controller_manager_msgs/srv/detail/switch_controller__rosidl_typesupport_fastrtps_cpp.hpp
[1.336s] -- Up-to-date: /home/kortex_ws/install/controller_manager_msgs/include/controller_manager_msgs/controller_manager_msgs/srv/detail/set_hardware_component_state__rosidl_typesupport_fastrtps_cpp.hpp
[1.336s] -- Up-to-date: /home/kortex_ws/install/controller_manager_msgs/include/controller_manager_msgs/controller_manager_msgs/srv/detail/unload_controller__rosidl_typesupport_fastrtps_cpp.hpp
[1.336s] -- Up-to-date: /home/kortex_ws/install/controller_manager_msgs/include/controller_manager_msgs/controller_manager_msgs/srv/detail/list_controller_types__rosidl_typesupport_fastrtps_cpp.hpp
[1.336s] -- Up-to-date: /home/kortex_ws/install/controller_manager_msgs/include/controller_manager_msgs/controller_manager_msgs/srv/detail/dds_fastrtps
[1.336s] -- Up-to-date: /home/kortex_ws/install/controller_manager_msgs/include/controller_manager_msgs/controller_manager_msgs/srv/detail/list_controllers__rosidl_typesupport_fastrtps_cpp.hpp
[1.336s] -- Up-to-date: /home/kortex_ws/install/controller_manager_msgs/include/controller_manager_msgs/controller_manager_msgs/srv/detail/reload_controller_libraries__rosidl_typesupport_fastrtps_cpp.hpp
[1.336s] -- Up-to-date: /home/kortex_ws/install/controller_manager_msgs/include/controller_manager_msgs/controller_manager_msgs/srv/detail/load_controller__rosidl_typesupport_fastrtps_cpp.hpp
[1.337s] -- Up-to-date: /home/kortex_ws/install/controller_manager_msgs/include/controller_manager_msgs/controller_manager_msgs/srv/detail/list_hardware_interfaces__rosidl_typesupport_fastrtps_cpp.hpp
[1.337s] -- Up-to-date: /home/kortex_ws/install/controller_manager_msgs/include/controller_manager_msgs/controller_manager_msgs/srv/detail/configure_controller__rosidl_typesupport_fastrtps_cpp.hpp
[1.337s] -- Up-to-date: /home/kortex_ws/install/controller_manager_msgs/lib/libcontroller_manager_msgs__rosidl_typesupport_fastrtps_cpp.so
[1.337s] -- Up-to-date: /home/kortex_ws/install/controller_manager_msgs/include/controller_manager_msgs/controller_manager_msgs
[1.337s] -- Up-to-date: /home/kortex_ws/install/controller_manager_msgs/include/controller_manager_msgs/controller_manager_msgs/msg
[1.337s] -- Up-to-date: /home/kortex_ws/install/controller_manager_msgs/include/controller_manager_msgs/controller_manager_msgs/msg/detail
[1.337s] -- Up-to-date: /home/kortex_ws/install/controller_manager_msgs/include/controller_manager_msgs/controller_manager_msgs/msg/detail/hardware_interface__rosidl_typesupport_introspection_c.h
[1.337s] -- Up-to-date: /home/kortex_ws/install/controller_manager_msgs/include/controller_manager_msgs/controller_manager_msgs/msg/detail/controller_state__rosidl_typesupport_introspection_c.h
[1.337s] -- Up-to-date: /home/kortex_ws/install/controller_manager_msgs/include/controller_manager_msgs/controller_manager_msgs/msg/detail/hardware_interface__type_support.c
[1.337s] -- Up-to-date: /home/kortex_ws/install/controller_manager_msgs/include/controller_manager_msgs/controller_manager_msgs/msg/detail/controller_state__type_support.c
[1.337s] -- Up-to-date: /home/kortex_ws/install/controller_manager_msgs/include/controller_manager_msgs/controller_manager_msgs/msg/detail/chain_connection__rosidl_typesupport_introspection_c.h
[1.337s] -- Up-to-date: /home/kortex_ws/install/controller_manager_msgs/include/controller_manager_msgs/controller_manager_msgs/msg/detail/chain_connection__type_support.c
[1.337s] -- Up-to-date: /home/kortex_ws/install/controller_manager_msgs/include/controller_manager_msgs/controller_manager_msgs/msg/detail/hardware_component_state__type_support.c
[1.337s] -- Up-to-date: /home/kortex_ws/install/controller_manager_msgs/include/controller_manager_msgs/controller_manager_msgs/msg/detail/hardware_component_state__rosidl_typesupport_introspection_c.h
[1.338s] -- Up-to-date: /home/kortex_ws/install/controller_manager_msgs/include/controller_manager_msgs/controller_manager_msgs/msg/rosidl_typesupport_introspection_c__visibility_control.h
[1.338s] -- Up-to-date: /home/kortex_ws/install/controller_manager_msgs/include/controller_manager_msgs/controller_manager_msgs/srv
[1.338s] -- Up-to-date: /home/kortex_ws/install/controller_manager_msgs/include/controller_manager_msgs/controller_manager_msgs/srv/detail
[1.338s] -- Up-to-date: /home/kortex_ws/install/controller_manager_msgs/include/controller_manager_msgs/controller_manager_msgs/srv/detail/configure_controller__type_support.c
[1.338s] -- Up-to-date: /home/kortex_ws/install/controller_manager_msgs/include/controller_manager_msgs/controller_manager_msgs/srv/detail/list_controller_types__rosidl_typesupport_introspection_c.h
[1.338s] -- Up-to-date: /home/kortex_ws/install/controller_manager_msgs/include/controller_manager_msgs/controller_manager_msgs/srv/detail/list_hardware_components__type_support.c
[1.338s] -- Up-to-date: /home/kortex_ws/install/controller_manager_msgs/include/controller_manager_msgs/controller_manager_msgs/srv/detail/load_controller__rosidl_typesupport_introspection_c.h
[1.338s] -- Up-to-date: /home/kortex_ws/install/controller_manager_msgs/include/controller_manager_msgs/controller_manager_msgs/srv/detail/list_hardware_interfaces__type_support.c
[1.338s] -- Up-to-date: /home/kortex_ws/install/controller_manager_msgs/include/controller_manager_msgs/controller_manager_msgs/srv/detail/set_hardware_component_state__type_support.c
[1.338s] -- Up-to-date: /home/kortex_ws/install/controller_manager_msgs/include/controller_manager_msgs/controller_manager_msgs/srv/detail/reload_controller_libraries__type_support.c
[1.338s] -- Up-to-date: /home/kortex_ws/install/controller_manager_msgs/include/controller_manager_msgs/controller_manager_msgs/srv/detail/list_controllers__rosidl_typesupport_introspection_c.h
[1.339s] -- Up-to-date: /home/kortex_ws/install/controller_manager_msgs/include/controller_manager_msgs/controller_manager_msgs/srv/detail/switch_controller__rosidl_typesupport_introspection_c.h
[1.339s] -- Up-to-date: /home/kortex_ws/install/controller_manager_msgs/include/controller_manager_msgs/controller_manager_msgs/srv/detail/unload_controller__rosidl_typesupport_introspection_c.h
[1.339s] -- Up-to-date: /home/kortex_ws/install/controller_manager_msgs/include/controller_manager_msgs/controller_manager_msgs/srv/detail/set_hardware_component_state__rosidl_typesupport_introspection_c.h
[1.339s] -- Up-to-date: /home/kortex_ws/install/controller_manager_msgs/include/controller_manager_msgs/controller_manager_msgs/srv/detail/switch_controller__type_support.c
[1.339s] -- Up-to-date: /home/kortex_ws/install/controller_manager_msgs/include/controller_manager_msgs/controller_manager_msgs/srv/detail/load_controller__type_support.c
[1.339s] -- Up-to-date: /home/kortex_ws/install/controller_manager_msgs/include/controller_manager_msgs/controller_manager_msgs/srv/detail/list_hardware_components__rosidl_typesupport_introspection_c.h
[1.339s] -- Up-to-date: /home/kortex_ws/install/controller_manager_msgs/include/controller_manager_msgs/controller_manager_msgs/srv/detail/reload_controller_libraries__rosidl_typesupport_introspection_c.h
[1.339s] -- Up-to-date: /home/kortex_ws/install/controller_manager_msgs/include/controller_manager_msgs/controller_manager_msgs/srv/detail/configure_controller__rosidl_typesupport_introspection_c.h
[1.339s] -- Up-to-date: /home/kortex_ws/install/controller_manager_msgs/include/controller_manager_msgs/controller_manager_msgs/srv/detail/list_hardware_interfaces__rosidl_typesupport_introspection_c.h
[1.339s] -- Up-to-date: /home/kortex_ws/install/controller_manager_msgs/include/controller_manager_msgs/controller_manager_msgs/srv/detail/list_controllers__type_support.c
[1.339s] -- Up-to-date: /home/kortex_ws/install/controller_manager_msgs/include/controller_manager_msgs/controller_manager_msgs/srv/detail/list_controller_types__type_support.c
[1.339s] -- Up-to-date: /home/kortex_ws/install/controller_manager_msgs/include/controller_manager_msgs/controller_manager_msgs/srv/detail/unload_controller__type_support.c
[1.339s] -- Up-to-date: /home/kortex_ws/install/controller_manager_msgs/lib/libcontroller_manager_msgs__rosidl_typesupport_introspection_c.so
[1.340s] -- Up-to-date: /home/kortex_ws/install/controller_manager_msgs/lib/libcontroller_manager_msgs__rosidl_typesupport_c.so
[1.340s] -- Up-to-date: /home/kortex_ws/install/controller_manager_msgs/include/controller_manager_msgs/controller_manager_msgs
[1.340s] -- Up-to-date: /home/kortex_ws/install/controller_manager_msgs/include/controller_manager_msgs/controller_manager_msgs/msg
[1.340s] -- Up-to-date: /home/kortex_ws/install/controller_manager_msgs/include/controller_manager_msgs/controller_manager_msgs/msg/detail
[1.340s] -- Up-to-date: /home/kortex_ws/install/controller_manager_msgs/include/controller_manager_msgs/controller_manager_msgs/msg/detail/controller_state__type_support.cpp
[1.340s] -- Up-to-date: /home/kortex_ws/install/controller_manager_msgs/include/controller_manager_msgs/controller_manager_msgs/msg/detail/hardware_component_state__rosidl_typesupport_introspection_cpp.hpp
[1.340s] -- Up-to-date: /home/kortex_ws/install/controller_manager_msgs/include/controller_manager_msgs/controller_manager_msgs/msg/detail/hardware_component_state__type_support.cpp
[1.340s] -- Up-to-date: /home/kortex_ws/install/controller_manager_msgs/include/controller_manager_msgs/controller_manager_msgs/msg/detail/chain_connection__type_support.cpp
[1.340s] -- Up-to-date: /home/kortex_ws/install/controller_manager_msgs/include/controller_manager_msgs/controller_manager_msgs/msg/detail/chain_connection__rosidl_typesupport_introspection_cpp.hpp
[1.340s] -- Up-to-date: /home/kortex_ws/install/controller_manager_msgs/include/controller_manager_msgs/controller_manager_msgs/msg/detail/hardware_interface__rosidl_typesupport_introspection_cpp.hpp
[1.341s] -- Up-to-date: /home/kortex_ws/install/controller_manager_msgs/include/controller_manager_msgs/controller_manager_msgs/msg/detail/hardware_interface__type_support.cpp
[1.341s] -- Up-to-date: /home/kortex_ws/install/controller_manager_msgs/include/controller_manager_msgs/controller_manager_msgs/msg/detail/controller_state__rosidl_typesupport_introspection_cpp.hpp
[1.341s] -- Up-to-date: /home/kortex_ws/install/controller_manager_msgs/include/controller_manager_msgs/controller_manager_msgs/srv
[1.341s] -- Up-to-date: /home/kortex_ws/install/controller_manager_msgs/include/controller_manager_msgs/controller_manager_msgs/srv/detail
[1.341s] -- Up-to-date: /home/kortex_ws/install/controller_manager_msgs/include/controller_manager_msgs/controller_manager_msgs/srv/detail/list_hardware_components__rosidl_typesupport_introspection_cpp.hpp
[1.341s] -- Up-to-date: /home/kortex_ws/install/controller_manager_msgs/include/controller_manager_msgs/controller_manager_msgs/srv/detail/switch_controller__rosidl_typesupport_introspection_cpp.hpp
[1.341s] -- Up-to-date: /home/kortex_ws/install/controller_manager_msgs/include/controller_manager_msgs/controller_manager_msgs/srv/detail/reload_controller_libraries__rosidl_typesupport_introspection_cpp.hpp
[1.341s] -- Up-to-date: /home/kortex_ws/install/controller_manager_msgs/include/controller_manager_msgs/controller_manager_msgs/srv/detail/list_controllers__type_support.cpp
[1.341s] -- Up-to-date: /home/kortex_ws/install/controller_manager_msgs/include/controller_manager_msgs/controller_manager_msgs/srv/detail/reload_controller_libraries__type_support.cpp
[1.341s] -- Up-to-date: /home/kortex_ws/install/controller_manager_msgs/include/controller_manager_msgs/controller_manager_msgs/srv/detail/load_controller__type_support.cpp
[1.341s] -- Up-to-date: /home/kortex_ws/install/controller_manager_msgs/include/controller_manager_msgs/controller_manager_msgs/srv/detail/unload_controller__type_support.cpp
[1.341s] -- Up-to-date: /home/kortex_ws/install/controller_manager_msgs/include/controller_manager_msgs/controller_manager_msgs/srv/detail/configure_controller__rosidl_typesupport_introspection_cpp.hpp
[1.341s] -- Up-to-date: /home/kortex_ws/install/controller_manager_msgs/include/controller_manager_msgs/controller_manager_msgs/srv/detail/list_controller_types__type_support.cpp
[1.341s] -- Up-to-date: /home/kortex_ws/install/controller_manager_msgs/include/controller_manager_msgs/controller_manager_msgs/srv/detail/unload_controller__rosidl_typesupport_introspection_cpp.hpp
[1.342s] -- Up-to-date: /home/kortex_ws/install/controller_manager_msgs/include/controller_manager_msgs/controller_manager_msgs/srv/detail/list_controllers__rosidl_typesupport_introspection_cpp.hpp
[1.342s] -- Up-to-date: /home/kortex_ws/install/controller_manager_msgs/include/controller_manager_msgs/controller_manager_msgs/srv/detail/list_hardware_components__type_support.cpp
[1.342s] -- Up-to-date: /home/kortex_ws/install/controller_manager_msgs/include/controller_manager_msgs/controller_manager_msgs/srv/detail/list_hardware_interfaces__rosidl_typesupport_introspection_cpp.hpp
[1.342s] -- Up-to-date: /home/kortex_ws/install/controller_manager_msgs/include/controller_manager_msgs/controller_manager_msgs/srv/detail/load_controller__rosidl_typesupport_introspection_cpp.hpp
[1.342s] -- Up-to-date: /home/kortex_ws/install/controller_manager_msgs/include/controller_manager_msgs/controller_manager_msgs/srv/detail/list_controller_types__rosidl_typesupport_introspection_cpp.hpp
[1.342s] -- Up-to-date: /home/kortex_ws/install/controller_manager_msgs/include/controller_manager_msgs/controller_manager_msgs/srv/detail/set_hardware_component_state__rosidl_typesupport_introspection_cpp.hpp
[1.342s] -- Up-to-date: /home/kortex_ws/install/controller_manager_msgs/include/controller_manager_msgs/controller_manager_msgs/srv/detail/switch_controller__type_support.cpp
[1.342s] -- Up-to-date: /home/kortex_ws/install/controller_manager_msgs/include/controller_manager_msgs/controller_manager_msgs/srv/detail/configure_controller__type_support.cpp
[1.342s] -- Up-to-date: /home/kortex_ws/install/controller_manager_msgs/include/controller_manager_msgs/controller_manager_msgs/srv/detail/list_hardware_interfaces__type_support.cpp
[1.342s] -- Up-to-date: /home/kortex_ws/install/controller_manager_msgs/include/controller_manager_msgs/controller_manager_msgs/srv/detail/set_hardware_component_state__type_support.cpp
[1.342s] -- Up-to-date: /home/kortex_ws/install/controller_manager_msgs/lib/libcontroller_manager_msgs__rosidl_typesupport_introspection_cpp.so
[1.343s] -- Up-to-date: /home/kortex_ws/install/controller_manager_msgs/lib/libcontroller_manager_msgs__rosidl_typesupport_cpp.so
[1.343s] -- Up-to-date: /home/kortex_ws/install/controller_manager_msgs/share/controller_manager_msgs/environment/pythonpath.sh
[1.343s] -- Up-to-date: /home/kortex_ws/install/controller_manager_msgs/share/controller_manager_msgs/environment/pythonpath.dsv
[1.343s] -- Up-to-date: /home/kortex_ws/install/controller_manager_msgs/local/lib/python3.10/dist-packages/controller_manager_msgs-2.41.0-py3.10.egg-info
[1.343s] -- Installing: /home/kortex_ws/install/controller_manager_msgs/local/lib/python3.10/dist-packages/controller_manager_msgs-2.41.0-py3.10.egg-info/SOURCES.txt
[1.343s] -- Installing: /home/kortex_ws/install/controller_manager_msgs/local/lib/python3.10/dist-packages/controller_manager_msgs-2.41.0-py3.10.egg-info/dependency_links.txt
[1.343s] -- Installing: /home/kortex_ws/install/controller_manager_msgs/local/lib/python3.10/dist-packages/controller_manager_msgs-2.41.0-py3.10.egg-info/top_level.txt
[1.343s] -- Installing: /home/kortex_ws/install/controller_manager_msgs/local/lib/python3.10/dist-packages/controller_manager_msgs-2.41.0-py3.10.egg-info/PKG-INFO
[1.343s] -- Up-to-date: /home/kortex_ws/install/controller_manager_msgs/local/lib/python3.10/dist-packages/controller_manager_msgs
[1.343s] -- Up-to-date: /home/kortex_ws/install/controller_manager_msgs/local/lib/python3.10/dist-packages/controller_manager_msgs/controller_manager_msgs_s__rosidl_typesupport_fastrtps_c.cpython-310-x86_64-linux-gnu.so
[1.343s] -- Up-to-date: /home/kortex_ws/install/controller_manager_msgs/local/lib/python3.10/dist-packages/controller_manager_msgs/_controller_manager_msgs_s.ep.rosidl_typesupport_fastrtps_c.c
[1.343s] -- Up-to-date: /home/kortex_ws/install/controller_manager_msgs/local/lib/python3.10/dist-packages/controller_manager_msgs/msg
[1.343s] -- Up-to-date: /home/kortex_ws/install/controller_manager_msgs/local/lib/python3.10/dist-packages/controller_manager_msgs/msg/_controller_state.py
[1.344s] -- Up-to-date: /home/kortex_ws/install/controller_manager_msgs/local/lib/python3.10/dist-packages/controller_manager_msgs/msg/_hardware_interface_s.c
[1.344s] -- Up-to-date: /home/kortex_ws/install/controller_manager_msgs/local/lib/python3.10/dist-packages/controller_manager_msgs/msg/_hardware_interface.py
[1.344s] -- Up-to-date: /home/kortex_ws/install/controller_manager_msgs/local/lib/python3.10/dist-packages/controller_manager_msgs/msg/_chain_connection_s.c
[1.344s] -- Up-to-date: /home/kortex_ws/install/controller_manager_msgs/local/lib/python3.10/dist-packages/controller_manager_msgs/msg/_controller_state_s.c
[1.344s] -- Up-to-date: /home/kortex_ws/install/controller_manager_msgs/local/lib/python3.10/dist-packages/controller_manager_msgs/msg/_chain_connection.py
[1.344s] -- Up-to-date: /home/kortex_ws/install/controller_manager_msgs/local/lib/python3.10/dist-packages/controller_manager_msgs/msg/_hardware_component_state.py
[1.344s] -- Up-to-date: /home/kortex_ws/install/controller_manager_msgs/local/lib/python3.10/dist-packages/controller_manager_msgs/msg/_hardware_component_state_s.c
[1.344s] -- Up-to-date: /home/kortex_ws/install/controller_manager_msgs/local/lib/python3.10/dist-packages/controller_manager_msgs/msg/__init__.py
[1.344s] -- Up-to-date: /home/kortex_ws/install/controller_manager_msgs/local/lib/python3.10/dist-packages/controller_manager_msgs/srv
[1.344s] -- Up-to-date: /home/kortex_ws/install/controller_manager_msgs/local/lib/python3.10/dist-packages/controller_manager_msgs/srv/_unload_controller_s.c
[1.344s] -- Up-to-date: /home/kortex_ws/install/controller_manager_msgs/local/lib/python3.10/dist-packages/controller_manager_msgs/srv/_reload_controller_libraries.py
[1.344s] -- Up-to-date: /home/kortex_ws/install/controller_manager_msgs/local/lib/python3.10/dist-packages/controller_manager_msgs/srv/_switch_controller_s.c
[1.345s] -- Up-to-date: /home/kortex_ws/install/controller_manager_msgs/local/lib/python3.10/dist-packages/controller_manager_msgs/srv/_list_controller_types_s.c
[1.345s] -- Up-to-date: /home/kortex_ws/install/controller_manager_msgs/local/lib/python3.10/dist-packages/controller_manager_msgs/srv/_configure_controller.py
[1.345s] -- Up-to-date: /home/kortex_ws/install/controller_manager_msgs/local/lib/python3.10/dist-packages/controller_manager_msgs/srv/_unload_controller.py
[1.345s] -- Up-to-date: /home/kortex_ws/install/controller_manager_msgs/local/lib/python3.10/dist-packages/controller_manager_msgs/srv/_list_hardware_components.py
[1.345s] -- Up-to-date: /home/kortex_ws/install/controller_manager_msgs/local/lib/python3.10/dist-packages/controller_manager_msgs/srv/_switch_controller.py
[1.345s] -- Up-to-date: /home/kortex_ws/install/controller_manager_msgs/local/lib/python3.10/dist-packages/controller_manager_msgs/srv/_reload_controller_libraries_s.c
[1.345s] -- Up-to-date: /home/kortex_ws/install/controller_manager_msgs/local/lib/python3.10/dist-packages/controller_manager_msgs/srv/_list_hardware_interfaces.py
[1.345s] -- Up-to-date: /home/kortex_ws/install/controller_manager_msgs/local/lib/python3.10/dist-packages/controller_manager_msgs/srv/_list_controllers.py
[1.345s] -- Up-to-date: /home/kortex_ws/install/controller_manager_msgs/local/lib/python3.10/dist-packages/controller_manager_msgs/srv/_list_hardware_components_s.c
[1.345s] -- Up-to-date: /home/kortex_ws/install/controller_manager_msgs/local/lib/python3.10/dist-packages/controller_manager_msgs/srv/_list_controllers_s.c
[1.345s] -- Up-to-date: /home/kortex_ws/install/controller_manager_msgs/local/lib/python3.10/dist-packages/controller_manager_msgs/srv/_load_controller.py
[1.345s] -- Up-to-date: /home/kortex_ws/install/controller_manager_msgs/local/lib/python3.10/dist-packages/controller_manager_msgs/srv/_list_controller_types.py
[1.346s] -- Up-to-date: /home/kortex_ws/install/controller_manager_msgs/local/lib/python3.10/dist-packages/controller_manager_msgs/srv/_load_controller_s.c
[1.346s] -- Up-to-date: /home/kortex_ws/install/controller_manager_msgs/local/lib/python3.10/dist-packages/controller_manager_msgs/srv/_set_hardware_component_state.py
[1.346s] -- Up-to-date: /home/kortex_ws/install/controller_manager_msgs/local/lib/python3.10/dist-packages/controller_manager_msgs/srv/_set_hardware_component_state_s.c
[1.346s] -- Up-to-date: /home/kortex_ws/install/controller_manager_msgs/local/lib/python3.10/dist-packages/controller_manager_msgs/srv/__init__.py
[1.346s] -- Up-to-date: /home/kortex_ws/install/controller_manager_msgs/local/lib/python3.10/dist-packages/controller_manager_msgs/srv/_list_hardware_interfaces_s.c
[1.346s] -- Up-to-date: /home/kortex_ws/install/controller_manager_msgs/local/lib/python3.10/dist-packages/controller_manager_msgs/srv/_configure_controller_s.c
[1.346s] -- Up-to-date: /home/kortex_ws/install/controller_manager_msgs/local/lib/python3.10/dist-packages/controller_manager_msgs/libcontroller_manager_msgs__rosidl_generator_py.so
[1.346s] -- Up-to-date: /home/kortex_ws/install/controller_manager_msgs/local/lib/python3.10/dist-packages/controller_manager_msgs/controller_manager_msgs_s__rosidl_typesupport_c.cpython-310-x86_64-linux-gnu.so
[1.346s] -- Up-to-date: /home/kortex_ws/install/controller_manager_msgs/local/lib/python3.10/dist-packages/controller_manager_msgs/_controller_manager_msgs_s.ep.rosidl_typesupport_c.c
[1.346s] -- Up-to-date: /home/kortex_ws/install/controller_manager_msgs/local/lib/python3.10/dist-packages/controller_manager_msgs/_controller_manager_msgs_s.ep.rosidl_typesupport_introspection_c.c
[1.346s] -- Up-to-date: /home/kortex_ws/install/controller_manager_msgs/local/lib/python3.10/dist-packages/controller_manager_msgs/controller_manager_msgs_s__rosidl_typesupport_introspection_c.cpython-310-x86_64-linux-gnu.so
[1.346s] -- Up-to-date: /home/kortex_ws/install/controller_manager_msgs/local/lib/python3.10/dist-packages/controller_manager_msgs/__init__.py
[1.370s] Listing '/home/kortex_ws/install/controller_manager_msgs/local/lib/python3.10/dist-packages/controller_manager_msgs'...
[1.370s] Listing '/home/kortex_ws/install/controller_manager_msgs/local/lib/python3.10/dist-packages/controller_manager_msgs/msg'...
[1.370s] Listing '/home/kortex_ws/install/controller_manager_msgs/local/lib/python3.10/dist-packages/controller_manager_msgs/srv'...
[1.374s] -- Up-to-date: /home/kortex_ws/install/controller_manager_msgs/local/lib/python3.10/dist-packages/controller_manager_msgs/controller_manager_msgs_s__rosidl_typesupport_fastrtps_c.cpython-310-x86_64-linux-gnu.so
[1.375s] -- Up-to-date: /home/kortex_ws/install/controller_manager_msgs/local/lib/python3.10/dist-packages/controller_manager_msgs/controller_manager_msgs_s__rosidl_typesupport_introspection_c.cpython-310-x86_64-linux-gnu.so
[1.375s] -- Up-to-date: /home/kortex_ws/install/controller_manager_msgs/local/lib/python3.10/dist-packages/controller_manager_msgs/controller_manager_msgs_s__rosidl_typesupport_c.cpython-310-x86_64-linux-gnu.so
[1.375s] -- Up-to-date: /home/kortex_ws/install/controller_manager_msgs/lib/libcontroller_manager_msgs__rosidl_generator_py.so
[1.375s] -- Up-to-date: /home/kortex_ws/install/controller_manager_msgs/share/controller_manager_msgs/msg/ControllerState.idl
[1.376s] -- Up-to-date: /home/kortex_ws/install/controller_manager_msgs/share/controller_manager_msgs/msg/ChainConnection.idl
[1.376s] -- Up-to-date: /home/kortex_ws/install/controller_manager_msgs/share/controller_manager_msgs/msg/HardwareComponentState.idl
[1.376s] -- Up-to-date: /home/kortex_ws/install/controller_manager_msgs/share/controller_manager_msgs/msg/HardwareInterface.idl
[1.376s] -- Up-to-date: /home/kortex_ws/install/controller_manager_msgs/share/controller_manager_msgs/srv/ConfigureController.idl
[1.376s] -- Up-to-date: /home/kortex_ws/install/controller_manager_msgs/share/controller_manager_msgs/srv/ListControllers.idl
[1.376s] -- Up-to-date: /home/kortex_ws/install/controller_manager_msgs/share/controller_manager_msgs/srv/ListControllerTypes.idl
[1.376s] -- Up-to-date: /home/kortex_ws/install/controller_manager_msgs/share/controller_manager_msgs/srv/ListHardwareComponents.idl
[1.376s] -- Up-to-date: /home/kortex_ws/install/controller_manager_msgs/share/controller_manager_msgs/srv/ListHardwareInterfaces.idl
[1.376s] -- Up-to-date: /home/kortex_ws/install/controller_manager_msgs/share/controller_manager_msgs/srv/LoadController.idl
[1.376s] -- Up-to-date: /home/kortex_ws/install/controller_manager_msgs/share/controller_manager_msgs/srv/ReloadControllerLibraries.idl
[1.377s] -- Up-to-date: /home/kortex_ws/install/controller_manager_msgs/share/controller_manager_msgs/srv/SetHardwareComponentState.idl
[1.377s] -- Up-to-date: /home/kortex_ws/install/controller_manager_msgs/share/controller_manager_msgs/srv/SwitchController.idl
[1.377s] -- Up-to-date: /home/kortex_ws/install/controller_manager_msgs/share/controller_manager_msgs/srv/UnloadController.idl
[1.377s] -- Up-to-date: /home/kortex_ws/install/controller_manager_msgs/share/controller_manager_msgs/msg/ControllerState.msg
[1.377s] -- Up-to-date: /home/kortex_ws/install/controller_manager_msgs/share/controller_manager_msgs/msg/ChainConnection.msg
[1.377s] -- Up-to-date: /home/kortex_ws/install/controller_manager_msgs/share/controller_manager_msgs/msg/HardwareComponentState.msg
[1.377s] -- Up-to-date: /home/kortex_ws/install/controller_manager_msgs/share/controller_manager_msgs/msg/HardwareInterface.msg
[1.377s] -- Up-to-date: /home/kortex_ws/install/controller_manager_msgs/share/controller_manager_msgs/srv/ConfigureController.srv
[1.377s] -- Up-to-date: /home/kortex_ws/install/controller_manager_msgs/share/controller_manager_msgs/srv/ConfigureController_Request.msg
[1.377s] -- Up-to-date: /home/kortex_ws/install/controller_manager_msgs/share/controller_manager_msgs/srv/ConfigureController_Response.msg
[1.377s] -- Up-to-date: /home/kortex_ws/install/controller_manager_msgs/share/controller_manager_msgs/srv/ListControllers.srv
[1.377s] -- Up-to-date: /home/kortex_ws/install/controller_manager_msgs/share/controller_manager_msgs/srv/ListControllers_Request.msg
[1.377s] -- Up-to-date: /home/kortex_ws/install/controller_manager_msgs/share/controller_manager_msgs/srv/ListControllers_Response.msg
[1.377s] -- Up-to-date: /home/kortex_ws/install/controller_manager_msgs/share/controller_manager_msgs/srv/ListControllerTypes.srv
[1.378s] -- Up-to-date: /home/kortex_ws/install/controller_manager_msgs/share/controller_manager_msgs/srv/ListControllerTypes_Request.msg
[1.378s] -- Up-to-date: /home/kortex_ws/install/controller_manager_msgs/share/controller_manager_msgs/srv/ListControllerTypes_Response.msg
[1.378s] -- Up-to-date: /home/kortex_ws/install/controller_manager_msgs/share/controller_manager_msgs/srv/ListHardwareComponents.srv
[1.378s] -- Up-to-date: /home/kortex_ws/install/controller_manager_msgs/share/controller_manager_msgs/srv/ListHardwareComponents_Request.msg
[1.378s] -- Up-to-date: /home/kortex_ws/install/controller_manager_msgs/share/controller_manager_msgs/srv/ListHardwareComponents_Response.msg
[1.378s] -- Up-to-date: /home/kortex_ws/install/controller_manager_msgs/share/controller_manager_msgs/srv/ListHardwareInterfaces.srv
[1.378s] -- Up-to-date: /home/kortex_ws/install/controller_manager_msgs/share/controller_manager_msgs/srv/ListHardwareInterfaces_Request.msg
[1.378s] -- Up-to-date: /home/kortex_ws/install/controller_manager_msgs/share/controller_manager_msgs/srv/ListHardwareInterfaces_Response.msg
[1.378s] -- Up-to-date: /home/kortex_ws/install/controller_manager_msgs/share/controller_manager_msgs/srv/LoadController.srv
[1.378s] -- Up-to-date: /home/kortex_ws/install/controller_manager_msgs/share/controller_manager_msgs/srv/LoadController_Request.msg
[1.378s] -- Up-to-date: /home/kortex_ws/install/controller_manager_msgs/share/controller_manager_msgs/srv/LoadController_Response.msg
[1.378s] -- Up-to-date: /home/kortex_ws/install/controller_manager_msgs/share/controller_manager_msgs/srv/ReloadControllerLibraries.srv
[1.378s] -- Up-to-date: /home/kortex_ws/install/controller_manager_msgs/share/controller_manager_msgs/srv/ReloadControllerLibraries_Request.msg
[1.379s] -- Up-to-date: /home/kortex_ws/install/controller_manager_msgs/share/controller_manager_msgs/srv/ReloadControllerLibraries_Response.msg
[1.379s] -- Up-to-date: /home/kortex_ws/install/controller_manager_msgs/share/controller_manager_msgs/srv/SetHardwareComponentState.srv
[1.379s] -- Up-to-date: /home/kortex_ws/install/controller_manager_msgs/share/controller_manager_msgs/srv/SetHardwareComponentState_Request.msg
[1.379s] -- Up-to-date: /home/kortex_ws/install/controller_manager_msgs/share/controller_manager_msgs/srv/SetHardwareComponentState_Response.msg
[1.379s] -- Up-to-date: /home/kortex_ws/install/controller_manager_msgs/share/controller_manager_msgs/srv/SwitchController.srv
[1.379s] -- Up-to-date: /home/kortex_ws/install/controller_manager_msgs/share/controller_manager_msgs/srv/SwitchController_Request.msg
[1.379s] -- Up-to-date: /home/kortex_ws/install/controller_manager_msgs/share/controller_manager_msgs/srv/SwitchController_Response.msg
[1.379s] -- Up-to-date: /home/kortex_ws/install/controller_manager_msgs/share/controller_manager_msgs/srv/UnloadController.srv
[1.379s] -- Up-to-date: /home/kortex_ws/install/controller_manager_msgs/share/controller_manager_msgs/srv/UnloadController_Request.msg
[1.379s] -- Up-to-date: /home/kortex_ws/install/controller_manager_msgs/share/controller_manager_msgs/srv/UnloadController_Response.msg
[1.379s] -- Up-to-date: /home/kortex_ws/install/controller_manager_msgs/share/ament_index/resource_index/package_run_dependencies/controller_manager_msgs
[1.380s] -- Up-to-date: /home/kortex_ws/install/controller_manager_msgs/share/ament_index/resource_index/parent_prefix_path/controller_manager_msgs
[1.380s] -- Up-to-date: /home/kortex_ws/install/controller_manager_msgs/share/controller_manager_msgs/environment/ament_prefix_path.sh
[1.380s] -- Up-to-date: /home/kortex_ws/install/controller_manager_msgs/share/controller_manager_msgs/environment/ament_prefix_path.dsv
[1.380s] -- Up-to-date: /home/kortex_ws/install/controller_manager_msgs/share/controller_manager_msgs/environment/path.sh
[1.380s] -- Up-to-date: /home/kortex_ws/install/controller_manager_msgs/share/controller_manager_msgs/environment/path.dsv
[1.381s] -- Up-to-date: /home/kortex_ws/install/controller_manager_msgs/share/controller_manager_msgs/local_setup.bash
[1.382s] -- Up-to-date: /home/kortex_ws/install/controller_manager_msgs/share/controller_manager_msgs/local_setup.sh
[1.382s] -- Up-to-date: /home/kortex_ws/install/controller_manager_msgs/share/controller_manager_msgs/local_setup.zsh
[1.382s] -- Up-to-date: /home/kortex_ws/install/controller_manager_msgs/share/controller_manager_msgs/local_setup.dsv
[1.382s] -- Installing: /home/kortex_ws/install/controller_manager_msgs/share/controller_manager_msgs/package.dsv
[1.382s] -- Up-to-date: /home/kortex_ws/install/controller_manager_msgs/share/ament_index/resource_index/packages/controller_manager_msgs
[1.382s] -- Up-to-date: /home/kortex_ws/install/controller_manager_msgs/share/controller_manager_msgs/cmake/export_controller_manager_msgs__rosidl_generator_cExport.cmake
[1.382s] -- Up-to-date: /home/kortex_ws/install/controller_manager_msgs/share/controller_manager_msgs/cmake/export_controller_manager_msgs__rosidl_generator_cExport-release.cmake
[1.382s] -- Up-to-date: /home/kortex_ws/install/controller_manager_msgs/share/controller_manager_msgs/cmake/export_controller_manager_msgs__rosidl_typesupport_fastrtps_cExport.cmake
[1.382s] -- Up-to-date: /home/kortex_ws/install/controller_manager_msgs/share/controller_manager_msgs/cmake/export_controller_manager_msgs__rosidl_typesupport_fastrtps_cExport-release.cmake
[1.382s] -- Up-to-date: /home/kortex_ws/install/controller_manager_msgs/share/controller_manager_msgs/cmake/export_controller_manager_msgs__rosidl_generator_cppExport.cmake
[1.383s] -- Up-to-date: /home/kortex_ws/install/controller_manager_msgs/share/controller_manager_msgs/cmake/export_controller_manager_msgs__rosidl_typesupport_fastrtps_cppExport.cmake
[1.383s] -- Up-to-date: /home/kortex_ws/install/controller_manager_msgs/share/controller_manager_msgs/cmake/export_controller_manager_msgs__rosidl_typesupport_fastrtps_cppExport-release.cmake
[1.383s] -- Up-to-date: /home/kortex_ws/install/controller_manager_msgs/share/controller_manager_msgs/cmake/controller_manager_msgs__rosidl_typesupport_introspection_cExport.cmake
[1.383s] -- Up-to-date: /home/kortex_ws/install/controller_manager_msgs/share/controller_manager_msgs/cmake/controller_manager_msgs__rosidl_typesupport_introspection_cExport-release.cmake
[1.383s] -- Up-to-date: /home/kortex_ws/install/controller_manager_msgs/share/controller_manager_msgs/cmake/controller_manager_msgs__rosidl_typesupport_cExport.cmake
[1.383s] -- Up-to-date: /home/kortex_ws/install/controller_manager_msgs/share/controller_manager_msgs/cmake/controller_manager_msgs__rosidl_typesupport_cExport-release.cmake
[1.383s] -- Up-to-date: /home/kortex_ws/install/controller_manager_msgs/share/controller_manager_msgs/cmake/controller_manager_msgs__rosidl_typesupport_introspection_cppExport.cmake
[1.383s] -- Up-to-date: /home/kortex_ws/install/controller_manager_msgs/share/controller_manager_msgs/cmake/controller_manager_msgs__rosidl_typesupport_introspection_cppExport-release.cmake
[1.383s] -- Up-to-date: /home/kortex_ws/install/controller_manager_msgs/share/controller_manager_msgs/cmake/controller_manager_msgs__rosidl_typesupport_cppExport.cmake
[1.383s] -- Up-to-date: /home/kortex_ws/install/controller_manager_msgs/share/controller_manager_msgs/cmake/controller_manager_msgs__rosidl_typesupport_cppExport-release.cmake
[1.383s] -- Up-to-date: /home/kortex_ws/install/controller_manager_msgs/share/controller_manager_msgs/cmake/export_controller_manager_msgs__rosidl_generator_pyExport.cmake
[1.384s] -- Up-to-date: /home/kortex_ws/install/controller_manager_msgs/share/controller_manager_msgs/cmake/export_controller_manager_msgs__rosidl_generator_pyExport-release.cmake
[1.384s] -- Up-to-date: /home/kortex_ws/install/controller_manager_msgs/share/controller_manager_msgs/cmake/rosidl_cmake-extras.cmake
[1.384s] -- Up-to-date: /home/kortex_ws/install/controller_manager_msgs/share/controller_manager_msgs/cmake/ament_cmake_export_dependencies-extras.cmake
[1.384s] -- Up-to-date: /home/kortex_ws/install/controller_manager_msgs/share/controller_manager_msgs/cmake/ament_cmake_export_include_directories-extras.cmake
[1.384s] -- Up-to-date: /home/kortex_ws/install/controller_manager_msgs/share/controller_manager_msgs/cmake/ament_cmake_export_libraries-extras.cmake
[1.384s] -- Up-to-date: /home/kortex_ws/install/controller_manager_msgs/share/controller_manager_msgs/cmake/ament_cmake_export_targets-extras.cmake
[1.384s] -- Up-to-date: /home/kortex_ws/install/controller_manager_msgs/share/controller_manager_msgs/cmake/rosidl_cmake_export_typesupport_targets-extras.cmake
[1.384s] -- Up-to-date: /home/kortex_ws/install/controller_manager_msgs/share/controller_manager_msgs/cmake/rosidl_cmake_export_typesupport_libraries-extras.cmake
[1.384s] -- Up-to-date: /home/kortex_ws/install/controller_manager_msgs/share/controller_manager_msgs/cmake/controller_manager_msgsConfig.cmake
[1.384s] -- Up-to-date: /home/kortex_ws/install/controller_manager_msgs/share/controller_manager_msgs/cmake/controller_manager_msgsConfig-version.cmake
[1.384s] -- Up-to-date: /home/kortex_ws/install/controller_manager_msgs/share/controller_manager_msgs/package.xml
[1.387s] Invoked command in '/home/kortex_ws/build/controller_manager_msgs' returned '0': CMAKE_PREFIX_PATH=${CMAKE_PREFIX_PATH}:/home/kortex_ws/install/rqt_joint_trajectory_controller:/home/kortex_ws/install/rqt_controller_manager:/home/kortex_ws/install/ros2controlcli:/home/kortex_ws/install/ros2_controllers_test_nodes:/opt/ros/humble /usr/bin/cmake --install /home/kortex_ws/build/controller_manager_msgs
