[1.183s] Invoking command in '/home/humble_ws/src/realsense_bringup': PYTHONPATH=/home/humble_ws/build/realsense_bringup/prefix_override:/home/humble_ws/install/realsense_bringup/lib/python3.10/site-packages:${PYTHONPATH} /usr/bin/python3 -W ignore:setup.py install is deprecated setup.py egg_info --egg-base ../../build/realsense_bringup build --build-base /home/humble_ws/build/realsense_bringup/build install --record /home/humble_ws/build/realsense_bringup/install.log --single-version-externally-managed install_data
[1.350s] running egg_info
[1.351s] writing ../../build/realsense_bringup/realsense_bringup.egg-info/PKG-INFO
[1.351s] writing dependency_links to ../../build/realsense_bringup/realsense_bringup.egg-info/dependency_links.txt
[1.351s] writing entry points to ../../build/realsense_bringup/realsense_bringup.egg-info/entry_points.txt
[1.352s] writing requirements to ../../build/realsense_bringup/realsense_bringup.egg-info/requires.txt
[1.352s] writing top-level names to ../../build/realsense_bringup/realsense_bringup.egg-info/top_level.txt
[1.353s] reading manifest file '../../build/realsense_bringup/realsense_bringup.egg-info/SOURCES.txt'
[1.354s] writing manifest file '../../build/realsense_bringup/realsense_bringup.egg-info/SOURCES.txt'
[1.354s] running build
[1.354s] running build_py
[1.354s] running install
[1.355s] running install_lib
[1.355s] running install_data
[1.355s] copying launch/realsense_bringup.launch.py -> /home/humble_ws/install/realsense_bringup/share/realsense_bringup/launch
[1.356s] running install_egg_info
[1.357s] removing '/home/humble_ws/install/realsense_bringup/lib/python3.10/site-packages/realsense_bringup-0.0.0-py3.10.egg-info' (and everything under it)
[1.357s] Copying ../../build/realsense_bringup/realsense_bringup.egg-info to /home/humble_ws/install/realsense_bringup/lib/python3.10/site-packages/realsense_bringup-0.0.0-py3.10.egg-info
[1.358s] running install_scripts
[1.378s] writing list of installed files to '/home/humble_ws/build/realsense_bringup/install.log'
[1.429s] Invoked command in '/home/humble_ws/src/realsense_bringup' returned '0': PYTHONPATH=/home/humble_ws/build/realsense_bringup/prefix_override:/home/humble_ws/install/realsense_bringup/lib/python3.10/site-packages:${PYTHONPATH} /usr/bin/python3 -W ignore:setup.py install is deprecated setup.py egg_info --egg-base ../../build/realsense_bringup build --build-base /home/humble_ws/build/realsense_bringup/build install --record /home/humble_ws/build/realsense_bringup/install.log --single-version-externally-managed install_data
