[1.241s] Invoking command in '/home/humble_ws/src/antworker_navigation': PYTHONPATH=/home/humble_ws/build/antworker_navigation/prefix_override:/home/humble_ws/install/antworker_navigation/lib/python3.10/site-packages:${PYTHONPATH} /usr/bin/python3 -W ignore:setup.py install is deprecated setup.py egg_info --egg-base ../../build/antworker_navigation build --build-base /home/humble_ws/build/antworker_navigation/build install --record /home/humble_ws/build/antworker_navigation/install.log --single-version-externally-managed install_data
[1.440s] running egg_info
[1.441s] creating ../../build/antworker_navigation/antworker_navigation.egg-info
[1.441s] writing ../../build/antworker_navigation/antworker_navigation.egg-info/PKG-INFO
[1.441s] writing dependency_links to ../../build/antworker_navigation/antworker_navigation.egg-info/dependency_links.txt
[1.441s] writing entry points to ../../build/antworker_navigation/antworker_navigation.egg-info/entry_points.txt
[1.441s] writing requirements to ../../build/antworker_navigation/antworker_navigation.egg-info/requires.txt
[1.442s] writing top-level names to ../../build/antworker_navigation/antworker_navigation.egg-info/top_level.txt
[1.442s] writing manifest file '../../build/antworker_navigation/antworker_navigation.egg-info/SOURCES.txt'
[1.444s] reading manifest file '../../build/antworker_navigation/antworker_navigation.egg-info/SOURCES.txt'
[1.444s] writing manifest file '../../build/antworker_navigation/antworker_navigation.egg-info/SOURCES.txt'
[1.445s] running build
[1.445s] running build_py
[1.445s] creating /home/humble_ws/build/antworker_navigation/build
[1.445s] creating /home/humble_ws/build/antworker_navigation/build/lib
[1.445s] creating /home/humble_ws/build/antworker_navigation/build/lib/antworker_navigation
[1.445s] copying antworker_navigation/__init__.py -> /home/humble_ws/build/antworker_navigation/build/lib/antworker_navigation
[1.446s] running install
[1.446s] running install_lib
[1.446s] creating /home/humble_ws/install/antworker_navigation/lib/python3.10/site-packages/antworker_navigation
[1.446s] copying /home/humble_ws/build/antworker_navigation/build/lib/antworker_navigation/__init__.py -> /home/humble_ws/install/antworker_navigation/lib/python3.10/site-packages/antworker_navigation
[1.446s] byte-compiling /home/humble_ws/install/antworker_navigation/lib/python3.10/site-packages/antworker_navigation/__init__.py to __init__.cpython-310.pyc
[1.447s] running install_data
[1.447s] creating /home/humble_ws/install/antworker_navigation/share/ament_index
[1.447s] creating /home/humble_ws/install/antworker_navigation/share/ament_index/resource_index
[1.447s] creating /home/humble_ws/install/antworker_navigation/share/ament_index/resource_index/packages
[1.447s] copying resource/antworker_navigation -> /home/humble_ws/install/antworker_navigation/share/ament_index/resource_index/packages
[1.447s] copying package.xml -> /home/humble_ws/install/antworker_navigation/share/antworker_navigation
[1.447s] creating /home/humble_ws/install/antworker_navigation/share/antworker_navigation/launch
[1.447s] copying launch/antworker_nav.launch.py -> /home/humble_ws/install/antworker_navigation/share/antworker_navigation/launch
[1.448s] running install_egg_info
[1.450s] Copying ../../build/antworker_navigation/antworker_navigation.egg-info to /home/humble_ws/install/antworker_navigation/lib/python3.10/site-packages/antworker_navigation-0.0.0-py3.10.egg-info
[1.452s] running install_scripts
[1.473s] writing list of installed files to '/home/humble_ws/build/antworker_navigation/install.log'
[1.509s] Invoked command in '/home/humble_ws/src/antworker_navigation' returned '0': PYTHONPATH=/home/humble_ws/build/antworker_navigation/prefix_override:/home/humble_ws/install/antworker_navigation/lib/python3.10/site-packages:${PYTHONPATH} /usr/bin/python3 -W ignore:setup.py install is deprecated setup.py egg_info --egg-base ../../build/antworker_navigation build --build-base /home/humble_ws/build/antworker_navigation/build install --record /home/humble_ws/build/antworker_navigation/install.log --single-version-externally-managed install_data
