[1.355s] Invoking command in '/home/humble_ws/src/antworker_moveit_bringup': PYTHONPATH=/home/humble_ws/build/antworker_moveit_bringup/prefix_override:/home/humble_ws/install/antworker_moveit_bringup/lib/python3.10/site-packages:${PYTHONPATH} /usr/bin/python3 -W ignore:setup.py install is deprecated setup.py egg_info --egg-base ../../build/antworker_moveit_bringup build --build-base /home/humble_ws/build/antworker_moveit_bringup/build install --record /home/humble_ws/build/antworker_moveit_bringup/install.log --single-version-externally-managed install_data
[1.592s] running egg_info
[1.593s] writing ../../build/antworker_moveit_bringup/antworker_moveit_bringup.egg-info/PKG-INFO
[1.593s] writing dependency_links to ../../build/antworker_moveit_bringup/antworker_moveit_bringup.egg-info/dependency_links.txt
[1.593s] writing entry points to ../../build/antworker_moveit_bringup/antworker_moveit_bringup.egg-info/entry_points.txt
[1.593s] writing requirements to ../../build/antworker_moveit_bringup/antworker_moveit_bringup.egg-info/requires.txt
[1.594s] writing top-level names to ../../build/antworker_moveit_bringup/antworker_moveit_bringup.egg-info/top_level.txt
[1.595s] reading manifest file '../../build/antworker_moveit_bringup/antworker_moveit_bringup.egg-info/SOURCES.txt'
[1.596s] writing manifest file '../../build/antworker_moveit_bringup/antworker_moveit_bringup.egg-info/SOURCES.txt'
[1.596s] running build
[1.596s] running build_py
[1.597s] copying antworker_moveit_bringup/ee_point_server.py -> /home/humble_ws/build/antworker_moveit_bringup/build/lib/antworker_moveit_bringup
[1.597s] running install
[1.597s] running install_lib
[1.598s] copying /home/humble_ws/build/antworker_moveit_bringup/build/lib/antworker_moveit_bringup/ee_point_server.py -> /home/humble_ws/install/antworker_moveit_bringup/lib/python3.10/site-packages/antworker_moveit_bringup
[1.599s] byte-compiling /home/humble_ws/install/antworker_moveit_bringup/lib/python3.10/site-packages/antworker_moveit_bringup/ee_point_server.py to ee_point_server.cpython-310.pyc
[1.599s] running install_data
[1.600s] copying launch/moveit_bringup.launch.py -> /home/humble_ws/install/antworker_moveit_bringup/share/antworker_moveit_bringup/launch
[1.600s] running install_egg_info
[1.601s] removing '/home/humble_ws/install/antworker_moveit_bringup/lib/python3.10/site-packages/antworker_moveit_bringup-0.0.0-py3.10.egg-info' (and everything under it)
[1.602s] Copying ../../build/antworker_moveit_bringup/antworker_moveit_bringup.egg-info to /home/humble_ws/install/antworker_moveit_bringup/lib/python3.10/site-packages/antworker_moveit_bringup-0.0.0-py3.10.egg-info
[1.603s] running install_scripts
[1.627s] Installing ee_point_server script to /home/humble_ws/install/antworker_moveit_bringup/lib/antworker_moveit_bringup
[1.627s] Installing trajectory_server script to /home/humble_ws/install/antworker_moveit_bringup/lib/antworker_moveit_bringup
[1.627s] Installing trajectory_server_sim script to /home/humble_ws/install/antworker_moveit_bringup/lib/antworker_moveit_bringup
[1.627s] writing list of installed files to '/home/humble_ws/build/antworker_moveit_bringup/install.log'
[1.672s] Invoked command in '/home/humble_ws/src/antworker_moveit_bringup' returned '0': PYTHONPATH=/home/humble_ws/build/antworker_moveit_bringup/prefix_override:/home/humble_ws/install/antworker_moveit_bringup/lib/python3.10/site-packages:${PYTHONPATH} /usr/bin/python3 -W ignore:setup.py install is deprecated setup.py egg_info --egg-base ../../build/antworker_moveit_bringup build --build-base /home/humble_ws/build/antworker_moveit_bringup/build install --record /home/humble_ws/build/antworker_moveit_bringup/install.log --single-version-externally-managed install_data
