[0.514s] Invoking command in '/home/humble_ws/src/antworker_description': PYTHONPATH=/home/humble_ws/build/antworker_description/prefix_override:/home/humble_ws/install/antworker_description/lib/python3.10/site-packages:${PYTHONPATH} /usr/bin/python3 -W ignore:setup.py install is deprecated setup.py egg_info --egg-base ../../build/antworker_description build --build-base /home/humble_ws/build/antworker_description/build install --record /home/humble_ws/build/antworker_description/install.log --single-version-externally-managed install_data
[0.696s] running egg_info
[0.697s] creating ../../build/antworker_description/antworker_description.egg-info
[0.697s] writing ../../build/antworker_description/antworker_description.egg-info/PKG-INFO
[0.697s] writing dependency_links to ../../build/antworker_description/antworker_description.egg-info/dependency_links.txt
[0.697s] writing entry points to ../../build/antworker_description/antworker_description.egg-info/entry_points.txt
[0.697s] writing requirements to ../../build/antworker_description/antworker_description.egg-info/requires.txt
[0.697s] writing top-level names to ../../build/antworker_description/antworker_description.egg-info/top_level.txt
[0.698s] writing manifest file '../../build/antworker_description/antworker_description.egg-info/SOURCES.txt'
[0.699s] reading manifest file '../../build/antworker_description/antworker_description.egg-info/SOURCES.txt'
[0.700s] writing manifest file '../../build/antworker_description/antworker_description.egg-info/SOURCES.txt'
[0.700s] running build
[0.700s] running build_py
[0.700s] creating /home/humble_ws/build/antworker_description/build
[0.700s] creating /home/humble_ws/build/antworker_description/build/lib
[0.700s] creating /home/humble_ws/build/antworker_description/build/lib/description
[0.700s] copying description/__init__.py -> /home/humble_ws/build/antworker_description/build/lib/description
[0.701s] running install
[0.701s] running install_lib
[0.701s] creating /home/humble_ws/install/antworker_description/lib/python3.10/site-packages/description
[0.701s] copying /home/humble_ws/build/antworker_description/build/lib/description/__init__.py -> /home/humble_ws/install/antworker_description/lib/python3.10/site-packages/description
[0.702s] byte-compiling /home/humble_ws/install/antworker_description/lib/python3.10/site-packages/description/__init__.py to __init__.cpython-310.pyc
[0.702s] running install_data
[0.702s] creating /home/humble_ws/install/antworker_description/share/ament_index
[0.702s] creating /home/humble_ws/install/antworker_description/share/ament_index/resource_index
[0.702s] creating /home/humble_ws/install/antworker_description/share/ament_index/resource_index/packages
[0.702s] copying resource/antworker_description -> /home/humble_ws/install/antworker_description/share/ament_index/resource_index/packages
[0.702s] copying package.xml -> /home/humble_ws/install/antworker_description/share/antworker_description
[0.703s] creating /home/humble_ws/install/antworker_description/share/antworker_description/description
[0.703s] creating /home/humble_ws/install/antworker_description/share/antworker_description/description/combined
[0.703s] creating /home/humble_ws/install/antworker_description/share/antworker_description/description/arm
[0.703s] creating /home/humble_ws/install/antworker_description/share/antworker_description/description/arm/meshes
[0.703s] copying description/arm/meshes/bracelet_with_vision_link.obj -> /home/humble_ws/install/antworker_description/share/antworker_description/description/arm/meshes
[0.709s] copying description/arm/meshes/bicep_link.STL -> /home/humble_ws/install/antworker_description/share/antworker_description/description/arm/meshes
[0.710s] copying description/arm/meshes/spherical_wrist_2_link.STL -> /home/humble_ws/install/antworker_description/share/antworker_description/description/arm/meshes
[0.711s] copying description/arm/meshes/bracelet_no_vision_link.obj -> /home/humble_ws/install/antworker_description/share/antworker_description/description/arm/meshes
[0.714s] copying description/arm/meshes/bracelet_with_vision_link.STL -> /home/humble_ws/install/antworker_description/share/antworker_description/description/arm/meshes
[0.718s] copying description/arm/meshes/base_link.obj -> /home/humble_ws/install/antworker_description/share/antworker_description/description/arm/meshes
[0.718s] copying description/arm/meshes/shoulder_link.obj -> /home/humble_ws/install/antworker_description/share/antworker_description/description/arm/meshes
[0.719s] copying description/arm/meshes/forearm_link.STL -> /home/humble_ws/install/antworker_description/share/antworker_description/description/arm/meshes
[0.720s] copying description/arm/meshes/spherical_wrist_2_link.obj -> /home/humble_ws/install/antworker_description/share/antworker_description/description/arm/meshes
[0.721s] copying description/arm/meshes/spherical_wrist_1_link.obj -> /home/humble_ws/install/antworker_description/share/antworker_description/description/arm/meshes
[0.722s] copying description/arm/meshes/forearm_link.obj -> /home/humble_ws/install/antworker_description/share/antworker_description/description/arm/meshes
[0.723s] copying description/arm/meshes/bicep_link.obj -> /home/humble_ws/install/antworker_description/share/antworker_description/description/arm/meshes
[0.725s] copying description/arm/meshes/shoulder_link.STL -> /home/humble_ws/install/antworker_description/share/antworker_description/description/arm/meshes
[0.726s] copying description/arm/meshes/bracelet_no_vision_link.STL -> /home/humble_ws/install/antworker_description/share/antworker_description/description/arm/meshes
[0.728s] copying description/arm/meshes/spherical_wrist_1_link.STL -> /home/humble_ws/install/antworker_description/share/antworker_description/description/arm/meshes
[0.729s] copying description/arm/meshes/base_link.STL -> /home/humble_ws/install/antworker_description/share/antworker_description/description/arm/meshes
[0.729s] creating /home/humble_ws/install/antworker_description/share/antworker_description/description/base
[0.729s] creating /home/humble_ws/install/antworker_description/share/antworker_description/description/base/meshes
[0.729s] copying description/base/meshes/body.stl -> /home/humble_ws/install/antworker_description/share/antworker_description/description/base/meshes
[0.730s] copying description/base/meshes/antworker_chassis_collision.stl -> /home/humble_ws/install/antworker_description/share/antworker_description/description/base/meshes
[0.730s] copying description/base/meshes/wheel_b.dae -> /home/humble_ws/install/antworker_description/share/antworker_description/description/base/meshes
[0.731s] copying description/base/meshes/antworker_chassis.dae -> /home/humble_ws/install/antworker_description/share/antworker_description/description/base/meshes
[0.734s] copying description/base/meshes/worker_chassis.stl -> /home/humble_ws/install/antworker_description/share/antworker_description/description/base/meshes
[0.737s] copying description/base/meshes/wheel_a.dae -> /home/humble_ws/install/antworker_description/share/antworker_description/description/base/meshes
[0.737s] running install_egg_info
[0.740s] Copying ../../build/antworker_description/antworker_description.egg-info to /home/humble_ws/install/antworker_description/lib/python3.10/site-packages/antworker_description-0.0.0-py3.10.egg-info
[0.741s] running install_scripts
[0.760s] writing list of installed files to '/home/humble_ws/build/antworker_description/install.log'
[0.785s] Invoked command in '/home/humble_ws/src/antworker_description' returned '0': PYTHONPATH=/home/humble_ws/build/antworker_description/prefix_override:/home/humble_ws/install/antworker_description/lib/python3.10/site-packages:${PYTHONPATH} /usr/bin/python3 -W ignore:setup.py install is deprecated setup.py egg_info --egg-base ../../build/antworker_description build --build-base /home/humble_ws/build/antworker_description/build install --record /home/humble_ws/build/antworker_description/install.log --single-version-externally-managed install_data
