[0.556s] Invoking command in '/home/ros2_ws/src/attempt_py_moveit': PYTHONPATH=/home/ros2_ws/build/attempt_py_moveit/prefix_override:/home/ros2_ws/install/attempt_py_moveit/lib/python3.10/site-packages:${PYTHONPATH} /usr/bin/python3 setup.py egg_info --egg-base ../../build/attempt_py_moveit build --build-base /home/ros2_ws/build/attempt_py_moveit/build install --record /home/ros2_ws/build/attempt_py_moveit/install.log --single-version-externally-managed
[0.727s] running egg_info
[0.727s] writing ../../build/attempt_py_moveit/attempt_py_moveit.egg-info/PKG-INFO
[0.727s] writing dependency_links to ../../build/attempt_py_moveit/attempt_py_moveit.egg-info/dependency_links.txt
[0.727s] writing entry points to ../../build/attempt_py_moveit/attempt_py_moveit.egg-info/entry_points.txt
[0.728s] writing requirements to ../../build/attempt_py_moveit/attempt_py_moveit.egg-info/requires.txt
[0.728s] writing top-level names to ../../build/attempt_py_moveit/attempt_py_moveit.egg-info/top_level.txt
[0.729s] reading manifest file '../../build/attempt_py_moveit/attempt_py_moveit.egg-info/SOURCES.txt'
[0.730s] writing manifest file '../../build/attempt_py_moveit/attempt_py_moveit.egg-info/SOURCES.txt'
[0.730s] running build
[0.730s] running build_py
[0.730s] running install
[0.730s] /usr/lib/python3/dist-packages/setuptools/command/install.py:34: SetuptoolsDeprecationWarning: setup.py install is deprecated. Use build and pip and other standards-based tools.
[0.730s]   warnings.warn(
[0.731s] running install_lib
[0.731s] running install_data
[0.732s] running install_egg_info
[0.733s] removing '/home/ros2_ws/install/attempt_py_moveit/lib/python3.10/site-packages/attempt_py_moveit-0.0.0-py3.10.egg-info' (and everything under it)
[0.733s] Copying ../../build/attempt_py_moveit/attempt_py_moveit.egg-info to /home/ros2_ws/install/attempt_py_moveit/lib/python3.10/site-packages/attempt_py_moveit-0.0.0-py3.10.egg-info
[0.734s] running install_scripts
[0.749s] writing list of installed files to '/home/ros2_ws/build/attempt_py_moveit/install.log'
[0.764s] Invoked command in '/home/ros2_ws/src/attempt_py_moveit' returned '0': PYTHONPATH=/home/ros2_ws/build/attempt_py_moveit/prefix_override:/home/ros2_ws/install/attempt_py_moveit/lib/python3.10/site-packages:${PYTHONPATH} /usr/bin/python3 setup.py egg_info --egg-base ../../build/attempt_py_moveit build --build-base /home/ros2_ws/build/attempt_py_moveit/build install --record /home/ros2_ws/build/attempt_py_moveit/install.log --single-version-externally-managed
