[1.079s] Invoking command in '/home/humble_ws/src/antworker_moveit_bringup': PYTHONPATH=/home/humble_ws/build/antworker_moveit_bringup/prefix_override:/home/humble_ws/install/antworker_moveit_bringup/lib/python3.10/site-packages:${PYTHONPATH} /usr/bin/python3 -W ignore:setup.py install is deprecated setup.py egg_info --egg-base ../../build/antworker_moveit_bringup build --build-base /home/humble_ws/build/antworker_moveit_bringup/build install --record /home/humble_ws/build/antworker_moveit_bringup/install.log --single-version-externally-managed install_data
[1.274s] running egg_info
[1.275s] creating ../../build/antworker_moveit_bringup/antworker_moveit_bringup.egg-info
[1.275s] writing ../../build/antworker_moveit_bringup/antworker_moveit_bringup.egg-info/PKG-INFO
[1.275s] writing dependency_links to ../../build/antworker_moveit_bringup/antworker_moveit_bringup.egg-info/dependency_links.txt
[1.276s] writing entry points to ../../build/antworker_moveit_bringup/antworker_moveit_bringup.egg-info/entry_points.txt
[1.276s] writing requirements to ../../build/antworker_moveit_bringup/antworker_moveit_bringup.egg-info/requires.txt
[1.276s] writing top-level names to ../../build/antworker_moveit_bringup/antworker_moveit_bringup.egg-info/top_level.txt
[1.276s] writing manifest file '../../build/antworker_moveit_bringup/antworker_moveit_bringup.egg-info/SOURCES.txt'
[1.277s] reading manifest file '../../build/antworker_moveit_bringup/antworker_moveit_bringup.egg-info/SOURCES.txt'
[1.278s] writing manifest file '../../build/antworker_moveit_bringup/antworker_moveit_bringup.egg-info/SOURCES.txt'
[1.278s] running build
[1.278s] running build_py
[1.278s] creating /home/humble_ws/build/antworker_moveit_bringup/build
[1.278s] creating /home/humble_ws/build/antworker_moveit_bringup/build/lib
[1.278s] creating /home/humble_ws/build/antworker_moveit_bringup/build/lib/antworker_moveit_bringup
[1.278s] copying antworker_moveit_bringup/trajectory_server_sim.py -> /home/humble_ws/build/antworker_moveit_bringup/build/lib/antworker_moveit_bringup
[1.278s] copying antworker_moveit_bringup/ee_point_server.py -> /home/humble_ws/build/antworker_moveit_bringup/build/lib/antworker_moveit_bringup
[1.278s] copying antworker_moveit_bringup/trajectory_server.py -> /home/humble_ws/build/antworker_moveit_bringup/build/lib/antworker_moveit_bringup
[1.278s] copying antworker_moveit_bringup/__init__.py -> /home/humble_ws/build/antworker_moveit_bringup/build/lib/antworker_moveit_bringup
[1.278s] running install
[1.279s] running install_lib
[1.279s] creating /home/humble_ws/install/antworker_moveit_bringup/lib/python3.10/site-packages/antworker_moveit_bringup
[1.279s] copying /home/humble_ws/build/antworker_moveit_bringup/build/lib/antworker_moveit_bringup/trajectory_server_sim.py -> /home/humble_ws/install/antworker_moveit_bringup/lib/python3.10/site-packages/antworker_moveit_bringup
[1.279s] copying /home/humble_ws/build/antworker_moveit_bringup/build/lib/antworker_moveit_bringup/ee_point_server.py -> /home/humble_ws/install/antworker_moveit_bringup/lib/python3.10/site-packages/antworker_moveit_bringup
[1.280s] copying /home/humble_ws/build/antworker_moveit_bringup/build/lib/antworker_moveit_bringup/trajectory_server.py -> /home/humble_ws/install/antworker_moveit_bringup/lib/python3.10/site-packages/antworker_moveit_bringup
[1.280s] copying /home/humble_ws/build/antworker_moveit_bringup/build/lib/antworker_moveit_bringup/__init__.py -> /home/humble_ws/install/antworker_moveit_bringup/lib/python3.10/site-packages/antworker_moveit_bringup
[1.280s] byte-compiling /home/humble_ws/install/antworker_moveit_bringup/lib/python3.10/site-packages/antworker_moveit_bringup/trajectory_server_sim.py to trajectory_server_sim.cpython-310.pyc
[1.281s] byte-compiling /home/humble_ws/install/antworker_moveit_bringup/lib/python3.10/site-packages/antworker_moveit_bringup/ee_point_server.py to ee_point_server.cpython-310.pyc
[1.281s] byte-compiling /home/humble_ws/install/antworker_moveit_bringup/lib/python3.10/site-packages/antworker_moveit_bringup/trajectory_server.py to trajectory_server.cpython-310.pyc
[1.281s] byte-compiling /home/humble_ws/install/antworker_moveit_bringup/lib/python3.10/site-packages/antworker_moveit_bringup/__init__.py to __init__.cpython-310.pyc
[1.282s] running install_data
[1.282s] creating /home/humble_ws/install/antworker_moveit_bringup/share/ament_index
[1.282s] creating /home/humble_ws/install/antworker_moveit_bringup/share/ament_index/resource_index
[1.282s] creating /home/humble_ws/install/antworker_moveit_bringup/share/ament_index/resource_index/packages
[1.282s] copying resource/antworker_moveit_bringup -> /home/humble_ws/install/antworker_moveit_bringup/share/ament_index/resource_index/packages
[1.282s] copying package.xml -> /home/humble_ws/install/antworker_moveit_bringup/share/antworker_moveit_bringup
[1.282s] creating /home/humble_ws/install/antworker_moveit_bringup/share/antworker_moveit_bringup/launch
[1.282s] copying launch/tutorial.launch.py -> /home/humble_ws/install/antworker_moveit_bringup/share/antworker_moveit_bringup/launch
[1.282s] creating /home/humble_ws/install/antworker_moveit_bringup/share/antworker_moveit_bringup/config
[1.282s] copying config/moveit_py_params.yaml -> /home/humble_ws/install/antworker_moveit_bringup/share/antworker_moveit_bringup/config
[1.282s] copying config/rviz_config.rviz -> /home/humble_ws/install/antworker_moveit_bringup/share/antworker_moveit_bringup/config
[1.282s] running install_egg_info
[1.284s] Copying ../../build/antworker_moveit_bringup/antworker_moveit_bringup.egg-info to /home/humble_ws/install/antworker_moveit_bringup/lib/python3.10/site-packages/antworker_moveit_bringup-0.0.0-py3.10.egg-info
[1.285s] running install_scripts
[1.302s] Installing ee_point_server script to /home/humble_ws/install/antworker_moveit_bringup/lib/antworker_moveit_bringup
[1.302s] Installing trajectory_server script to /home/humble_ws/install/antworker_moveit_bringup/lib/antworker_moveit_bringup
[1.302s] Installing trajectory_server_sim script to /home/humble_ws/install/antworker_moveit_bringup/lib/antworker_moveit_bringup
[1.303s] writing list of installed files to '/home/humble_ws/build/antworker_moveit_bringup/install.log'
[1.341s] Invoked command in '/home/humble_ws/src/antworker_moveit_bringup' returned '0': PYTHONPATH=/home/humble_ws/build/antworker_moveit_bringup/prefix_override:/home/humble_ws/install/antworker_moveit_bringup/lib/python3.10/site-packages:${PYTHONPATH} /usr/bin/python3 -W ignore:setup.py install is deprecated setup.py egg_info --egg-base ../../build/antworker_moveit_bringup build --build-base /home/humble_ws/build/antworker_moveit_bringup/build install --record /home/humble_ws/build/antworker_moveit_bringup/install.log --single-version-externally-managed install_data
