[0.012s] Invoking command in '/home/moveit/build/moveit_simple_controller_manager': AMENT_PREFIX_PATH=/home/moveit/install/moveit_core:/home/moveit/install/moveit_msgs:/home/moveit/install/moveit_common:${AMENT_PREFIX_PATH} CMAKE_PREFIX_PATH=/home/moveit/install/moveit_core:/home/moveit/install/moveit_msgs:/home/moveit/install/moveit_common:/opt/ros/humble LD_LIBRARY_PATH=/home/moveit/install/moveit_core/lib:/home/moveit/install/moveit_msgs/lib:${LD_LIBRARY_PATH} PATH=/home/moveit/install/moveit_core/bin:${PATH} PYTHONPATH=/home/moveit/install/moveit_msgs/local/lib/python3.10/dist-packages:${PYTHONPATH} /usr/bin/cmake /home/moveit/src/moveit2/moveit_plugins/moveit_simple_controller_manager -DCMAKE_BUILD_TYPE=Release -DCMAKE_INSTALL_PREFIX=/home/moveit/install/moveit_simple_controller_manager
[0.074s] -- The CXX compiler identification is GNU 11.4.0
[0.083s] -- Detecting CXX compiler ABI info
[0.155s] -- Detecting CXX compiler ABI info - done
[0.160s] -- Check for working CXX compiler: /usr/bin/c++ - skipped
[0.160s] -- Detecting CXX compile features
[0.160s] -- Detecting CXX compile features - done
[0.163s] -- Found moveit_common: 2.9.0 (/home/moveit/install/moveit_common/share/moveit_common/cmake)
[0.177s] -- Found ament_cmake: 1.3.9 (/opt/ros/humble/share/ament_cmake/cmake)
[0.314s] -- Found Python3: /usr/bin/python3 (found version "3.10.12") found components: Interpreter 
[0.498s] -- Found libdw: /usr/lib/x86_64-linux-gnu/libdw.so  
[0.506s] -- Could NOT find libbfd (missing: LIBBFD_LIBRARY LIBBFD_INCLUDE_DIR) 
[0.506s] -- BACKWARD_HAS_UNWIND=1
[0.506s] -- BACKWARD_HAS_BACKTRACE=0
[0.506s] -- BACKWARD_HAS_BACKTRACE_SYMBOL=0
[0.506s] -- BACKWARD_HAS_DW=1
[0.506s] -- BACKWARD_HAS_BFD=0
[0.506s] -- Found Backward: /opt/ros/humble/share/backward_ros/cmake  
[0.507s] -- Found moveit_core: 2.9.0 (/home/moveit/install/moveit_core/share/moveit_core/cmake)
[0.759s] -- Found Boost: /usr/lib/x86_64-linux-gnu/cmake/Boost-1.74.0/BoostConfig.cmake (found version "1.74.0") found components: chrono date_time filesystem iostreams program_options regex serialization system thread 
[0.821s] -- Found parameter_traits: 0.3.8 (/opt/ros/humble/share/parameter_traits/cmake)
[0.893s] -- Found rosidl_generator_c: 3.1.5 (/opt/ros/humble/share/rosidl_generator_c/cmake)
[0.903s] -- Found rosidl_adapter: 3.1.5 (/opt/ros/humble/share/rosidl_adapter/cmake)
[0.916s] -- Found rosidl_generator_cpp: 3.1.5 (/opt/ros/humble/share/rosidl_generator_cpp/cmake)
[0.937s] -- Using all available rosidl_typesupport_c: rosidl_typesupport_fastrtps_c;rosidl_typesupport_introspection_c
[0.965s] -- Using all available rosidl_typesupport_cpp: rosidl_typesupport_fastrtps_cpp;rosidl_typesupport_introspection_cpp
[1.049s] -- Found rmw_implementation_cmake: 6.1.2 (/opt/ros/humble/share/rmw_implementation_cmake/cmake)
[1.055s] -- Found rmw_fastrtps_cpp: 6.2.6 (/opt/ros/humble/share/rmw_fastrtps_cpp/cmake)
[1.180s] -- Found OpenSSL: /usr/lib/x86_64-linux-gnu/libcrypto.so (found version "3.0.2")  
[1.207s] -- Found FastRTPS: /opt/ros/humble/include  
[1.259s] -- Using RMW implementation 'rmw_fastrtps_cpp' as default
[1.275s] -- Found Threads: TRUE  
[1.436s] -- Found Eigen3: TRUE (found version "3.4.0") 
[1.441s] -- Found rclcpp_lifecycle: 16.0.9 (/opt/ros/humble/share/rclcpp_lifecycle/cmake)
[1.507s] -- Found Boost: /usr/lib/x86_64-linux-gnu/cmake/Boost-1.74.0/BoostConfig.cmake (found version "1.74.0") found components: filesystem 
[1.659s] -- library: /usr/lib/x86_64-linux-gnu/libcurl.so
[1.921s] -- Ensuring Eigen3 include directory is part of orocos-kdl CMake target
[2.861s] -- Found control_msgs: 4.5.0 (/opt/ros/humble/share/control_msgs/cmake)
[3.016s] -- Found Boost: /usr/lib/x86_64-linux-gnu/cmake/Boost-1.74.0/BoostConfig.cmake (found version "1.74.0") found components: thread 
[3.023s] -- Found ament_lint_auto: 0.12.11 (/opt/ros/humble/share/ament_lint_auto/cmake)
[3.050s] -- Added test 'cppcheck' to perform static code analysis on C / C++ code
[3.050s] -- Configured cppcheck include dirs: /home/moveit/src/moveit2/moveit_plugins/moveit_simple_controller_manager/include
[3.050s] -- Configured cppcheck exclude dirs and/or files: 
[3.051s] -- Added test 'lint_cmake' to check CMake code style
[3.052s] -- Added test 'xmllint' to check XML markup files
[3.054s] -- Configuring done
[3.082s] -- Generating done
[3.084s] -- Build files have been written to: /home/moveit/build/moveit_simple_controller_manager
[3.092s] Invoked command in '/home/moveit/build/moveit_simple_controller_manager' returned '0': AMENT_PREFIX_PATH=/home/moveit/install/moveit_core:/home/moveit/install/moveit_msgs:/home/moveit/install/moveit_common:${AMENT_PREFIX_PATH} CMAKE_PREFIX_PATH=/home/moveit/install/moveit_core:/home/moveit/install/moveit_msgs:/home/moveit/install/moveit_common:/opt/ros/humble LD_LIBRARY_PATH=/home/moveit/install/moveit_core/lib:/home/moveit/install/moveit_msgs/lib:${LD_LIBRARY_PATH} PATH=/home/moveit/install/moveit_core/bin:${PATH} PYTHONPATH=/home/moveit/install/moveit_msgs/local/lib/python3.10/dist-packages:${PYTHONPATH} /usr/bin/cmake /home/moveit/src/moveit2/moveit_plugins/moveit_simple_controller_manager -DCMAKE_BUILD_TYPE=Release -DCMAKE_INSTALL_PREFIX=/home/moveit/install/moveit_simple_controller_manager
[3.094s] Invoking command in '/home/moveit/build/moveit_simple_controller_manager': AMENT_PREFIX_PATH=/home/moveit/install/moveit_core:/home/moveit/install/moveit_msgs:/home/moveit/install/moveit_common:${AMENT_PREFIX_PATH} CMAKE_PREFIX_PATH=/home/moveit/install/moveit_core:/home/moveit/install/moveit_msgs:/home/moveit/install/moveit_common:/opt/ros/humble LD_LIBRARY_PATH=/home/moveit/install/moveit_core/lib:/home/moveit/install/moveit_msgs/lib:${LD_LIBRARY_PATH} PATH=/home/moveit/install/moveit_core/bin:${PATH} PYTHONPATH=/home/moveit/install/moveit_msgs/local/lib/python3.10/dist-packages:${PYTHONPATH} /usr/bin/cmake --build /home/moveit/build/moveit_simple_controller_manager -- -j16 -l16
[3.149s] [ 66%] [32mBuilding CXX object CMakeFiles/moveit_simple_controller_manager.dir/src/follow_joint_trajectory_controller_handle.cpp.o[0m
[3.149s] [ 66%] [32mBuilding CXX object CMakeFiles/moveit_simple_controller_manager.dir/src/moveit_simple_controller_manager.cpp.o[0m
[11.608s] [100%] [32m[1mLinking CXX shared library libmoveit_simple_controller_manager.so[0m
[11.815s] [100%] Built target moveit_simple_controller_manager
[11.828s] Invoked command in '/home/moveit/build/moveit_simple_controller_manager' returned '0': AMENT_PREFIX_PATH=/home/moveit/install/moveit_core:/home/moveit/install/moveit_msgs:/home/moveit/install/moveit_common:${AMENT_PREFIX_PATH} CMAKE_PREFIX_PATH=/home/moveit/install/moveit_core:/home/moveit/install/moveit_msgs:/home/moveit/install/moveit_common:/opt/ros/humble LD_LIBRARY_PATH=/home/moveit/install/moveit_core/lib:/home/moveit/install/moveit_msgs/lib:${LD_LIBRARY_PATH} PATH=/home/moveit/install/moveit_core/bin:${PATH} PYTHONPATH=/home/moveit/install/moveit_msgs/local/lib/python3.10/dist-packages:${PYTHONPATH} /usr/bin/cmake --build /home/moveit/build/moveit_simple_controller_manager -- -j16 -l16
[11.861s] Invoking command in '/home/moveit/build/moveit_simple_controller_manager': AMENT_PREFIX_PATH=/home/moveit/install/moveit_core:/home/moveit/install/moveit_msgs:/home/moveit/install/moveit_common:${AMENT_PREFIX_PATH} CMAKE_PREFIX_PATH=/home/moveit/install/moveit_core:/home/moveit/install/moveit_msgs:/home/moveit/install/moveit_common:/opt/ros/humble LD_LIBRARY_PATH=/home/moveit/install/moveit_core/lib:/home/moveit/install/moveit_msgs/lib:${LD_LIBRARY_PATH} PATH=/home/moveit/install/moveit_core/bin:${PATH} PYTHONPATH=/home/moveit/install/moveit_msgs/local/lib/python3.10/dist-packages:${PYTHONPATH} /usr/bin/cmake --install /home/moveit/build/moveit_simple_controller_manager
[11.869s] -- Install configuration: "Release"
[11.869s] -- Installing: /home/moveit/install/moveit_simple_controller_manager/lib/libmoveit_simple_controller_manager.so.2.9.0
[11.870s] -- Set runtime path of "/home/moveit/install/moveit_simple_controller_manager/lib/libmoveit_simple_controller_manager.so.2.9.0" to ""
[11.870s] -- Installing: /home/moveit/install/moveit_simple_controller_manager/lib/libmoveit_simple_controller_manager.so
[11.870s] -- Installing: /home/moveit/install/moveit_simple_controller_manager/include/moveit_simple_controller_manager
[11.871s] -- Installing: /home/moveit/install/moveit_simple_controller_manager/include/moveit_simple_controller_manager/moveit_simple_controller_manager
[11.871s] -- Installing: /home/moveit/install/moveit_simple_controller_manager/include/moveit_simple_controller_manager/moveit_simple_controller_manager/empty_controller_handle.h
[11.871s] -- Installing: /home/moveit/install/moveit_simple_controller_manager/include/moveit_simple_controller_manager/moveit_simple_controller_manager/action_based_controller_handle.h
[11.871s] -- Installing: /home/moveit/install/moveit_simple_controller_manager/include/moveit_simple_controller_manager/moveit_simple_controller_manager/gripper_controller_handle.h
[11.871s] -- Installing: /home/moveit/install/moveit_simple_controller_manager/include/moveit_simple_controller_manager/moveit_simple_controller_manager/follow_joint_trajectory_controller_handle.h
[11.872s] -- Installing: /home/moveit/install/moveit_simple_controller_manager/share/moveit_simple_controller_manager/environment/library_path.sh
[11.872s] -- Installing: /home/moveit/install/moveit_simple_controller_manager/share/moveit_simple_controller_manager/environment/library_path.dsv
[11.872s] -- Installing: /home/moveit/install/moveit_simple_controller_manager/share/moveit_simple_controller_manager/moveit_simple_controller_manager_plugin_description.xml
[11.872s] -- Installing: /home/moveit/install/moveit_simple_controller_manager/share/ament_index/resource_index/package_run_dependencies/moveit_simple_controller_manager
[11.873s] -- Installing: /home/moveit/install/moveit_simple_controller_manager/share/ament_index/resource_index/parent_prefix_path/moveit_simple_controller_manager
[11.873s] -- Installing: /home/moveit/install/moveit_simple_controller_manager/share/moveit_simple_controller_manager/environment/ament_prefix_path.sh
[11.873s] -- Installing: /home/moveit/install/moveit_simple_controller_manager/share/moveit_simple_controller_manager/environment/ament_prefix_path.dsv
[11.874s] -- Installing: /home/moveit/install/moveit_simple_controller_manager/share/moveit_simple_controller_manager/environment/path.sh
[11.874s] -- Installing: /home/moveit/install/moveit_simple_controller_manager/share/moveit_simple_controller_manager/environment/path.dsv
[11.874s] -- Installing: /home/moveit/install/moveit_simple_controller_manager/share/moveit_simple_controller_manager/local_setup.bash
[11.874s] -- Installing: /home/moveit/install/moveit_simple_controller_manager/share/moveit_simple_controller_manager/local_setup.sh
[11.874s] -- Installing: /home/moveit/install/moveit_simple_controller_manager/share/moveit_simple_controller_manager/local_setup.zsh
[11.875s] -- Installing: /home/moveit/install/moveit_simple_controller_manager/share/moveit_simple_controller_manager/local_setup.dsv
[11.875s] -- Installing: /home/moveit/install/moveit_simple_controller_manager/share/moveit_simple_controller_manager/package.dsv
[11.875s] -- Installing: /home/moveit/install/moveit_simple_controller_manager/share/ament_index/resource_index/packages/moveit_simple_controller_manager
[11.875s] -- Installing: /home/moveit/install/moveit_simple_controller_manager/share/ament_index/resource_index/moveit_core__pluginlib__plugin/moveit_simple_controller_manager
[11.876s] -- Installing: /home/moveit/install/moveit_simple_controller_manager/share/moveit_simple_controller_manager/cmake/moveit_simple_controller_managerTargetsExport.cmake
[11.876s] -- Installing: /home/moveit/install/moveit_simple_controller_manager/share/moveit_simple_controller_manager/cmake/moveit_simple_controller_managerTargetsExport-release.cmake
[11.876s] -- Installing: /home/moveit/install/moveit_simple_controller_manager/share/moveit_simple_controller_manager/cmake/ConfigExtras.cmake
[11.876s] -- Installing: /home/moveit/install/moveit_simple_controller_manager/share/moveit_simple_controller_manager/cmake/ament_cmake_export_targets-extras.cmake
[11.876s] -- Installing: /home/moveit/install/moveit_simple_controller_manager/share/moveit_simple_controller_manager/cmake/ament_cmake_export_dependencies-extras.cmake
[11.877s] -- Installing: /home/moveit/install/moveit_simple_controller_manager/share/moveit_simple_controller_manager/cmake/moveit_simple_controller_managerConfig.cmake
[11.877s] -- Installing: /home/moveit/install/moveit_simple_controller_manager/share/moveit_simple_controller_manager/cmake/moveit_simple_controller_managerConfig-version.cmake
[11.877s] -- Installing: /home/moveit/install/moveit_simple_controller_manager/share/moveit_simple_controller_manager/package.xml
[11.880s] Invoked command in '/home/moveit/build/moveit_simple_controller_manager' returned '0': AMENT_PREFIX_PATH=/home/moveit/install/moveit_core:/home/moveit/install/moveit_msgs:/home/moveit/install/moveit_common:${AMENT_PREFIX_PATH} CMAKE_PREFIX_PATH=/home/moveit/install/moveit_core:/home/moveit/install/moveit_msgs:/home/moveit/install/moveit_common:/opt/ros/humble LD_LIBRARY_PATH=/home/moveit/install/moveit_core/lib:/home/moveit/install/moveit_msgs/lib:${LD_LIBRARY_PATH} PATH=/home/moveit/install/moveit_core/bin:${PATH} PYTHONPATH=/home/moveit/install/moveit_msgs/local/lib/python3.10/dist-packages:${PYTHONPATH} /usr/bin/cmake --install /home/moveit/build/moveit_simple_controller_manager
