[0.623s] Invoking command in '/home/ros2_ws/src/attempt_py_moveit': PYTHONPATH=/home/ros2_ws/build/attempt_py_moveit/prefix_override:/home/ros2_ws/install/attempt_py_moveit/lib/python3.10/site-packages:${PYTHONPATH} /usr/bin/python3 setup.py egg_info --egg-base ../../build/attempt_py_moveit build --build-base /home/ros2_ws/build/attempt_py_moveit/build install --record /home/ros2_ws/build/attempt_py_moveit/install.log --single-version-externally-managed
[0.811s] running egg_info
[0.812s] writing ../../build/attempt_py_moveit/attempt_py_moveit.egg-info/PKG-INFO
[0.812s] writing dependency_links to ../../build/attempt_py_moveit/attempt_py_moveit.egg-info/dependency_links.txt
[0.812s] writing entry points to ../../build/attempt_py_moveit/attempt_py_moveit.egg-info/entry_points.txt
[0.812s] writing requirements to ../../build/attempt_py_moveit/attempt_py_moveit.egg-info/requires.txt
[0.812s] writing top-level names to ../../build/attempt_py_moveit/attempt_py_moveit.egg-info/top_level.txt
[0.813s] reading manifest file '../../build/attempt_py_moveit/attempt_py_moveit.egg-info/SOURCES.txt'
[0.814s] writing manifest file '../../build/attempt_py_moveit/attempt_py_moveit.egg-info/SOURCES.txt'
[0.814s] running build
[0.814s] running build_py
[0.814s] running install
[0.814s] running install_lib
[0.815s] running install_data
[0.815s] copying launch/tutorial.launch.py -> /home/ros2_ws/install/attempt_py_moveit/share/attempt_py_moveit/launch
[0.816s] running install_egg_info
[0.817s] removing '/home/ros2_ws/install/attempt_py_moveit/lib/python3.10/site-packages/attempt_py_moveit-0.0.0-py3.10.egg-info' (and everything under it)
[0.817s] Copying ../../build/attempt_py_moveit/attempt_py_moveit.egg-info to /home/ros2_ws/install/attempt_py_moveit/lib/python3.10/site-packages/attempt_py_moveit-0.0.0-py3.10.egg-info
[0.818s] running install_scripts
[0.832s] writing list of installed files to '/home/ros2_ws/build/attempt_py_moveit/install.log'
[0.849s] Invoked command in '/home/ros2_ws/src/attempt_py_moveit' returned '0': PYTHONPATH=/home/ros2_ws/build/attempt_py_moveit/prefix_override:/home/ros2_ws/install/attempt_py_moveit/lib/python3.10/site-packages:${PYTHONPATH} /usr/bin/python3 setup.py egg_info --egg-base ../../build/attempt_py_moveit build --build-base /home/ros2_ws/build/attempt_py_moveit/build install --record /home/ros2_ws/build/attempt_py_moveit/install.log --single-version-externally-managed
