[0.494s] Invoking command in '/home/humble_ws/src/kinova_arm': PYTHONPATH=/home/humble_ws/build/kinova_arm/prefix_override:/home/humble_ws/install/kinova_arm/lib/python3.10/site-packages:${PYTHONPATH} /usr/bin/python3 -W ignore:setup.py install is deprecated setup.py egg_info --egg-base ../../build/kinova_arm build --build-base /home/humble_ws/build/kinova_arm/build install --record /home/humble_ws/build/kinova_arm/install.log --single-version-externally-managed install_data
[0.675s] running egg_info
[0.676s] writing ../../build/kinova_arm/kinova_arm.egg-info/PKG-INFO
[0.676s] writing dependency_links to ../../build/kinova_arm/kinova_arm.egg-info/dependency_links.txt
[0.676s] writing entry points to ../../build/kinova_arm/kinova_arm.egg-info/entry_points.txt
[0.676s] writing requirements to ../../build/kinova_arm/kinova_arm.egg-info/requires.txt
[0.676s] writing top-level names to ../../build/kinova_arm/kinova_arm.egg-info/top_level.txt
[0.678s] reading manifest file '../../build/kinova_arm/kinova_arm.egg-info/SOURCES.txt'
[0.678s] writing manifest file '../../build/kinova_arm/kinova_arm.egg-info/SOURCES.txt'
[0.678s] running build
[0.679s] running build_py
[0.679s] running install
[0.679s] running install_lib
[0.680s] running install_data
[0.680s] creating /home/humble_ws/install/kinova_arm/share/kinova_arm/description/meshes
[0.680s] copying description/meshes/bracelet_no_vision_link.obj -> /home/humble_ws/install/kinova_arm/share/kinova_arm/description/meshes
[0.687s] copying description/meshes/shoulder_link.obj -> /home/humble_ws/install/kinova_arm/share/kinova_arm/description/meshes
[0.688s] copying description/meshes/bicep_link.STL -> /home/humble_ws/install/kinova_arm/share/kinova_arm/description/meshes
[0.690s] copying description/meshes/bracelet_with_vision_link.STL -> /home/humble_ws/install/kinova_arm/share/kinova_arm/description/meshes
[0.694s] copying description/meshes/forearm_link.STL -> /home/humble_ws/install/kinova_arm/share/kinova_arm/description/meshes
[0.695s] copying description/meshes/base_link.obj -> /home/humble_ws/install/kinova_arm/share/kinova_arm/description/meshes
[0.696s] copying description/meshes/base_link.STL -> /home/humble_ws/install/kinova_arm/share/kinova_arm/description/meshes
[0.696s] copying description/meshes/shoulder_link.STL -> /home/humble_ws/install/kinova_arm/share/kinova_arm/description/meshes
[0.697s] copying description/meshes/forearm_link.obj -> /home/humble_ws/install/kinova_arm/share/kinova_arm/description/meshes
[0.699s] copying description/meshes/spherical_wrist_1_link.STL -> /home/humble_ws/install/kinova_arm/share/kinova_arm/description/meshes
[0.700s] copying description/meshes/bracelet_with_vision_link.obj -> /home/humble_ws/install/kinova_arm/share/kinova_arm/description/meshes
[0.707s] copying description/meshes/spherical_wrist_2_link.obj -> /home/humble_ws/install/kinova_arm/share/kinova_arm/description/meshes
[0.708s] copying description/meshes/bicep_link.obj -> /home/humble_ws/install/kinova_arm/share/kinova_arm/description/meshes
[0.710s] copying description/meshes/spherical_wrist_2_link.STL -> /home/humble_ws/install/kinova_arm/share/kinova_arm/description/meshes
[0.711s] copying description/meshes/bracelet_no_vision_link.STL -> /home/humble_ws/install/kinova_arm/share/kinova_arm/description/meshes
[0.714s] copying description/meshes/spherical_wrist_1_link.obj -> /home/humble_ws/install/kinova_arm/share/kinova_arm/description/meshes
[0.715s] running install_egg_info
[0.717s] removing '/home/humble_ws/install/kinova_arm/lib/python3.10/site-packages/kinova_arm-0.0.0-py3.10.egg-info' (and everything under it)
[0.717s] Copying ../../build/kinova_arm/kinova_arm.egg-info to /home/humble_ws/install/kinova_arm/lib/python3.10/site-packages/kinova_arm-0.0.0-py3.10.egg-info
[0.718s] running install_scripts
[0.734s] writing list of installed files to '/home/humble_ws/build/kinova_arm/install.log'
[0.752s] Invoked command in '/home/humble_ws/src/kinova_arm' returned '0': PYTHONPATH=/home/humble_ws/build/kinova_arm/prefix_override:/home/humble_ws/install/kinova_arm/lib/python3.10/site-packages:${PYTHONPATH} /usr/bin/python3 -W ignore:setup.py install is deprecated setup.py egg_info --egg-base ../../build/kinova_arm build --build-base /home/humble_ws/build/kinova_arm/build install --record /home/humble_ws/build/kinova_arm/install.log --single-version-externally-managed install_data
