running egg_info
writing ../../build/antworker_moveit_bringup/antworker_moveit_bringup.egg-info/PKG-INFO
writing dependency_links to ../../build/antworker_moveit_bringup/antworker_moveit_bringup.egg-info/dependency_links.txt
writing entry points to ../../build/antworker_moveit_bringup/antworker_moveit_bringup.egg-info/entry_points.txt
writing requirements to ../../build/antworker_moveit_bringup/antworker_moveit_bringup.egg-info/requires.txt
writing top-level names to ../../build/antworker_moveit_bringup/antworker_moveit_bringup.egg-info/top_level.txt
reading manifest file '../../build/antworker_moveit_bringup/antworker_moveit_bringup.egg-info/SOURCES.txt'
writing manifest file '../../build/antworker_moveit_bringup/antworker_moveit_bringup.egg-info/SOURCES.txt'
running build
running build_py
running install
running install_lib
running install_data
copying config/global_planner.yaml -> /home/humble_ws/install/antworker_moveit_bringup/share/antworker_moveit_bringup/config
copying config/local_planner.yaml -> /home/humble_ws/install/antworker_moveit_bringup/share/antworker_moveit_bringup/config
copying config/common_hybrid_planning_params.yaml -> /home/humble_ws/install/antworker_moveit_bringup/share/antworker_moveit_bringup/config
copying config/hybrid_planning_manager.yaml -> /home/humble_ws/install/antworker_moveit_bringup/share/antworker_moveit_bringup/config
running install_egg_info
removing '/home/humble_ws/install/antworker_moveit_bringup/lib/python3.10/site-packages/antworker_moveit_bringup-0.0.0-py3.10.egg-info' (and everything under it)
Copying ../../build/antworker_moveit_bringup/antworker_moveit_bringup.egg-info to /home/humble_ws/install/antworker_moveit_bringup/lib/python3.10/site-packages/antworker_moveit_bringup-0.0.0-py3.10.egg-info
running install_scripts
Installing ee_point_server script to /home/humble_ws/install/antworker_moveit_bringup/lib/antworker_moveit_bringup
Installing joint_command_forwarder script to /home/humble_ws/install/antworker_moveit_bringup/lib/antworker_moveit_bringup
Installing joint_state_forwarder script to /home/humble_ws/install/antworker_moveit_bringup/lib/antworker_moveit_bringup
Installing trajectory_server script to /home/humble_ws/install/antworker_moveit_bringup/lib/antworker_moveit_bringup
Installing trajectory_server_sim script to /home/humble_ws/install/antworker_moveit_bringup/lib/antworker_moveit_bringup
writing list of installed files to '/home/humble_ws/build/antworker_moveit_bringup/install.log'
