[0.870s] Invoking command in '/home/humble_ws/src/antworker_moveit_bringup': PYTHONPATH=/home/humble_ws/build/antworker_moveit_bringup/prefix_override:/home/humble_ws/install/antworker_moveit_bringup/lib/python3.10/site-packages:${PYTHONPATH} /usr/bin/python3 -W ignore:setup.py install is deprecated setup.py egg_info --egg-base ../../build/antworker_moveit_bringup build --build-base /home/humble_ws/build/antworker_moveit_bringup/build install --record /home/humble_ws/build/antworker_moveit_bringup/install.log --single-version-externally-managed install_data
[1.025s] running egg_info
[1.026s] writing ../../build/antworker_moveit_bringup/antworker_moveit_bringup.egg-info/PKG-INFO
[1.026s] writing dependency_links to ../../build/antworker_moveit_bringup/antworker_moveit_bringup.egg-info/dependency_links.txt
[1.026s] writing entry points to ../../build/antworker_moveit_bringup/antworker_moveit_bringup.egg-info/entry_points.txt
[1.026s] writing requirements to ../../build/antworker_moveit_bringup/antworker_moveit_bringup.egg-info/requires.txt
[1.026s] writing top-level names to ../../build/antworker_moveit_bringup/antworker_moveit_bringup.egg-info/top_level.txt
[1.028s] reading manifest file '../../build/antworker_moveit_bringup/antworker_moveit_bringup.egg-info/SOURCES.txt'
[1.028s] writing manifest file '../../build/antworker_moveit_bringup/antworker_moveit_bringup.egg-info/SOURCES.txt'
[1.029s] running build
[1.029s] running build_py
[1.029s] running install
[1.029s] running install_lib
[1.030s] running install_data
[1.030s] copying config/global_planner.yaml -> /home/humble_ws/install/antworker_moveit_bringup/share/antworker_moveit_bringup/config
[1.031s] copying config/local_planner.yaml -> /home/humble_ws/install/antworker_moveit_bringup/share/antworker_moveit_bringup/config
[1.031s] copying config/common_hybrid_planning_params.yaml -> /home/humble_ws/install/antworker_moveit_bringup/share/antworker_moveit_bringup/config
[1.031s] copying config/hybrid_planning_manager.yaml -> /home/humble_ws/install/antworker_moveit_bringup/share/antworker_moveit_bringup/config
[1.031s] running install_egg_info
[1.033s] removing '/home/humble_ws/install/antworker_moveit_bringup/lib/python3.10/site-packages/antworker_moveit_bringup-0.0.0-py3.10.egg-info' (and everything under it)
[1.033s] Copying ../../build/antworker_moveit_bringup/antworker_moveit_bringup.egg-info to /home/humble_ws/install/antworker_moveit_bringup/lib/python3.10/site-packages/antworker_moveit_bringup-0.0.0-py3.10.egg-info
[1.034s] running install_scripts
[1.050s] Installing ee_point_server script to /home/humble_ws/install/antworker_moveit_bringup/lib/antworker_moveit_bringup
[1.050s] Installing joint_command_forwarder script to /home/humble_ws/install/antworker_moveit_bringup/lib/antworker_moveit_bringup
[1.051s] Installing joint_state_forwarder script to /home/humble_ws/install/antworker_moveit_bringup/lib/antworker_moveit_bringup
[1.051s] Installing trajectory_server script to /home/humble_ws/install/antworker_moveit_bringup/lib/antworker_moveit_bringup
[1.051s] Installing trajectory_server_sim script to /home/humble_ws/install/antworker_moveit_bringup/lib/antworker_moveit_bringup
[1.051s] writing list of installed files to '/home/humble_ws/build/antworker_moveit_bringup/install.log'
[1.088s] Invoked command in '/home/humble_ws/src/antworker_moveit_bringup' returned '0': PYTHONPATH=/home/humble_ws/build/antworker_moveit_bringup/prefix_override:/home/humble_ws/install/antworker_moveit_bringup/lib/python3.10/site-packages:${PYTHONPATH} /usr/bin/python3 -W ignore:setup.py install is deprecated setup.py egg_info --egg-base ../../build/antworker_moveit_bringup build --build-base /home/humble_ws/build/antworker_moveit_bringup/build install --record /home/humble_ws/build/antworker_moveit_bringup/install.log --single-version-externally-managed install_data
