[0.015s] Invoking command in '/home/kortex_ws/build/controller_manager': AMENT_PREFIX_PATH=/home/kortex_ws/install/hardware_interface_testing:/home/kortex_ws/install/controller_interface:/home/kortex_ws/install/hardware_interface:/home/kortex_ws/install/ros2_control_test_assets:/home/kortex_ws/install/controller_manager_msgs:/home/kortex_ws/install/control_msgs:${AMENT_PREFIX_PATH} CMAKE_PREFIX_PATH=/home/kortex_ws/install/hardware_interface_testing:/home/kortex_ws/install/controller_interface:/home/kortex_ws/install/hardware_interface:/home/kortex_ws/install/ros2_control_test_assets:/home/kortex_ws/install/controller_manager_msgs:/home/kortex_ws/install/control_msgs:/opt/ros/humble LD_LIBRARY_PATH=/home/kortex_ws/install/hardware_interface_testing/lib:/home/kortex_ws/install/controller_interface/lib:/home/kortex_ws/install/hardware_interface/lib:/home/kortex_ws/install/controller_manager_msgs/lib:/home/kortex_ws/install/control_msgs/lib:${LD_LIBRARY_PATH} PYTHONPATH=/home/kortex_ws/install/controller_manager_msgs/local/lib/python3.10/dist-packages:/home/kortex_ws/install/control_msgs/local/lib/python3.10/dist-packages:${PYTHONPATH} /usr/bin/cmake /home/kortex_ws/src/ros2_control/controller_manager -DCMAKE_BUILD_TYPE=Release -DCMAKE_INSTALL_PREFIX=/home/kortex_ws/install/controller_manager
[0.064s] -- The C compiler identification is GNU 11.4.0
[0.110s] -- The CXX compiler identification is GNU 11.4.0
[0.117s] -- Detecting C compiler ABI info
[0.180s] -- Detecting C compiler ABI info - done
[0.186s] -- Check for working C compiler: /usr/bin/cc - skipped
[0.186s] -- Detecting C compile features
[0.186s] -- Detecting C compile features - done
[0.188s] -- Detecting CXX compiler ABI info
[0.259s] -- Detecting CXX compiler ABI info - done
[0.264s] -- Check for working CXX compiler: /usr/bin/c++ - skipped
[0.265s] -- Detecting CXX compile features
[0.265s] -- Detecting CXX compile features - done
[0.269s] -- Found ament_cmake: 1.3.8 (/opt/ros/humble/share/ament_cmake/cmake)
[0.390s] -- Found Python3: /usr/bin/python3 (found version "3.10.12") found components: Interpreter 
[0.484s] -- Found backward_ros: 1.0.2 (/opt/ros/humble/share/backward_ros/cmake)
[0.493s] -- Found libdw: /usr/lib/x86_64-linux-gnu/libdw.so  
[0.498s] -- Could NOT find libbfd (missing: LIBBFD_LIBRARY LIBBFD_INCLUDE_DIR) 
[0.498s] -- BACKWARD_HAS_UNWIND=1
[0.498s] -- BACKWARD_HAS_BACKTRACE=0
[0.498s] -- BACKWARD_HAS_BACKTRACE_SYMBOL=0
[0.498s] -- BACKWARD_HAS_DW=1
[0.498s] -- BACKWARD_HAS_BFD=0
[0.499s] -- Found Backward: /opt/ros/humble/share/backward_ros/cmake  
[0.502s] -- Found ament_index_cpp: 1.4.0 (/opt/ros/humble/share/ament_index_cpp/cmake)
[0.503s] -- Found controller_interface: 2.41.0 (/home/kortex_ws/install/controller_interface/share/controller_interface/cmake)
[0.546s] -- Found rosidl_generator_c: 3.1.5 (/opt/ros/humble/share/rosidl_generator_c/cmake)
[0.553s] -- Found rosidl_adapter: 3.1.5 (/opt/ros/humble/share/rosidl_adapter/cmake)
[0.563s] -- Found rosidl_generator_cpp: 3.1.5 (/opt/ros/humble/share/rosidl_generator_cpp/cmake)
[0.577s] -- Using all available rosidl_typesupport_c: rosidl_typesupport_fastrtps_c;rosidl_typesupport_introspection_c
[0.597s] -- Using all available rosidl_typesupport_cpp: rosidl_typesupport_fastrtps_cpp;rosidl_typesupport_introspection_cpp
[1.237s] -- Found rmw_implementation_cmake: 6.1.1 (/opt/ros/humble/share/rmw_implementation_cmake/cmake)
[1.242s] -- Found rmw_fastrtps_cpp: 6.2.6 (/opt/ros/humble/share/rmw_fastrtps_cpp/cmake)
[1.292s] -- Found TinyXML2 via Config file: TinyXML2_DIR-NOTFOUND
[1.367s] -- Found OpenSSL: /usr/lib/x86_64-linux-gnu/libcrypto.so (found version "3.0.2")  
[1.370s] -- Found TinyXML2 via Config file: TinyXML2_DIR-NOTFOUND
[1.384s] -- Found FastRTPS: /opt/ros/humble/include  
[1.394s] -- Found TinyXML2 via Config file: TinyXML2_DIR-NOTFOUND
[1.404s] -- Found TinyXML2 via Config file: TinyXML2_DIR-NOTFOUND
[1.415s] -- Using RMW implementation 'rmw_fastrtps_cpp' as default
[1.433s] -- Looking for pthread.h
[1.550s] -- Looking for pthread.h - found
[1.551s] -- Performing Test CMAKE_HAVE_LIBC_PTHREAD
[1.660s] -- Performing Test CMAKE_HAVE_LIBC_PTHREAD - Success
[1.661s] -- Found Threads: TRUE  
[1.898s] -- Found controller_manager_msgs: 2.41.0 (/home/kortex_ws/install/controller_manager_msgs/share/controller_manager_msgs/cmake)
[1.941s] -- Found realtime_tools: 2.5.0 (/opt/ros/humble/share/realtime_tools/cmake)
[2.357s] -- Found ament_cmake_gmock: 1.3.8 (/opt/ros/humble/share/ament_cmake_gmock/cmake)
[2.358s] -- Found ros2_control_test_assets: 2.41.0 (/home/kortex_ws/install/ros2_control_test_assets/share/ros2_control_test_assets/cmake)
[2.363s] -- Found gmock sources under '/opt/ros/humble/src/gmock_vendor': C++ tests using 'Google Mock' will be built
[2.372s] -- Found ament_cmake_gtest: 1.3.8 (/opt/ros/humble/share/ament_cmake_gtest/cmake)
[2.372s] -- Found gtest sources under '/opt/ros/humble/src/gtest_vendor': C++ tests using 'Google Test' will be built
[2.524s] -- Configuring done
[2.924s] -- Generating done
[2.929s] -- Build files have been written to: /home/kortex_ws/build/controller_manager
[2.952s] Invoked command in '/home/kortex_ws/build/controller_manager' returned '0': AMENT_PREFIX_PATH=/home/kortex_ws/install/hardware_interface_testing:/home/kortex_ws/install/controller_interface:/home/kortex_ws/install/hardware_interface:/home/kortex_ws/install/ros2_control_test_assets:/home/kortex_ws/install/controller_manager_msgs:/home/kortex_ws/install/control_msgs:${AMENT_PREFIX_PATH} CMAKE_PREFIX_PATH=/home/kortex_ws/install/hardware_interface_testing:/home/kortex_ws/install/controller_interface:/home/kortex_ws/install/hardware_interface:/home/kortex_ws/install/ros2_control_test_assets:/home/kortex_ws/install/controller_manager_msgs:/home/kortex_ws/install/control_msgs:/opt/ros/humble LD_LIBRARY_PATH=/home/kortex_ws/install/hardware_interface_testing/lib:/home/kortex_ws/install/controller_interface/lib:/home/kortex_ws/install/hardware_interface/lib:/home/kortex_ws/install/controller_manager_msgs/lib:/home/kortex_ws/install/control_msgs/lib:${LD_LIBRARY_PATH} PYTHONPATH=/home/kortex_ws/install/controller_manager_msgs/local/lib/python3.10/dist-packages:/home/kortex_ws/install/control_msgs/local/lib/python3.10/dist-packages:${PYTHONPATH} /usr/bin/cmake /home/kortex_ws/src/ros2_control/controller_manager -DCMAKE_BUILD_TYPE=Release -DCMAKE_INSTALL_PREFIX=/home/kortex_ws/install/controller_manager
[2.954s] Invoking command in '/home/kortex_ws/build/controller_manager': AMENT_PREFIX_PATH=/home/kortex_ws/install/hardware_interface_testing:/home/kortex_ws/install/controller_interface:/home/kortex_ws/install/hardware_interface:/home/kortex_ws/install/ros2_control_test_assets:/home/kortex_ws/install/controller_manager_msgs:/home/kortex_ws/install/control_msgs:${AMENT_PREFIX_PATH} CMAKE_PREFIX_PATH=/home/kortex_ws/install/hardware_interface_testing:/home/kortex_ws/install/controller_interface:/home/kortex_ws/install/hardware_interface:/home/kortex_ws/install/ros2_control_test_assets:/home/kortex_ws/install/controller_manager_msgs:/home/kortex_ws/install/control_msgs:/opt/ros/humble LD_LIBRARY_PATH=/home/kortex_ws/install/hardware_interface_testing/lib:/home/kortex_ws/install/controller_interface/lib:/home/kortex_ws/install/hardware_interface/lib:/home/kortex_ws/install/controller_manager_msgs/lib:/home/kortex_ws/install/control_msgs/lib:${LD_LIBRARY_PATH} PYTHONPATH=/home/kortex_ws/install/controller_manager_msgs/local/lib/python3.10/dist-packages:/home/kortex_ws/install/control_msgs/local/lib/python3.10/dist-packages:${PYTHONPATH} /usr/bin/cmake --build /home/kortex_ws/build/controller_manager -- -j16 -l16
[3.018s] [  2%] [32mBuilding CXX object gmock/CMakeFiles/gmock.dir/opt/ros/humble/src/gtest_vendor/src/gtest-all.cc.o[0m
[3.019s] [  5%] [32mBuilding CXX object gmock/CMakeFiles/gmock.dir/src/gmock-all.cc.o[0m
[3.025s] [  8%] [32mBuilding CXX object gmock/CMakeFiles/gmock_main.dir/src/gmock_main.cc.o[0m
[3.027s] [ 11%] [32mBuilding CXX object CMakeFiles/controller_manager.dir/src/controller_manager.cpp.o[0m
[3.030s] [ 11%] Built target ament_cmake_python_copy_controller_manager
[3.031s] [ 11%] Built target ament_cmake_python_copy_controller_manager_setup
[3.401s] running install_scripts
[3.405s] /usr/lib/python3/dist-packages/setuptools/command/install.py:34: SetuptoolsDeprecationWarning: setup.py install is deprecated. Use build and pip and other standards-based tools.
[3.405s]   warnings.warn(
[3.421s] running egg_info
[3.422s] creating controller_manager.egg-info
[3.423s] writing controller_manager.egg-info/PKG-INFO
[3.423s] writing dependency_links to controller_manager.egg-info/dependency_links.txt
[3.423s] writing entry points to controller_manager.egg-info/entry_points.txt
[3.423s] writing top-level names to controller_manager.egg-info/top_level.txt
[3.424s] writing manifest file 'controller_manager.egg-info/SOURCES.txt'
[3.427s] reading manifest file 'controller_manager.egg-info/SOURCES.txt'
[3.428s] writing manifest file 'controller_manager.egg-info/SOURCES.txt'
[3.439s] running egg_info
[3.441s] writing controller_manager.egg-info/PKG-INFO
[3.441s] writing dependency_links to controller_manager.egg-info/dependency_links.txt
[3.442s] writing entry points to controller_manager.egg-info/entry_points.txt
[3.442s] writing top-level names to controller_manager.egg-info/top_level.txt
[3.447s] reading manifest file 'controller_manager.egg-info/SOURCES.txt'
[3.448s] writing manifest file 'controller_manager.egg-info/SOURCES.txt'
[3.450s] Installing hardware_spawner script to scripts
[3.450s] Installing spawner script to scripts
[3.451s] Installing unspawner script to scripts
[3.495s] [ 11%] Built target ament_cmake_python_build_controller_manager_egg
[3.523s] [ 11%] Built target ament_cmake_python_build_controller_manager_scripts
[4.259s] [ 14%] [32m[1mLinking CXX static library libgmock_main.a[0m
[4.335s] [ 14%] Built target gmock_main
[10.325s] [ 17%] [32m[1mLinking CXX static library libgmock.a[0m
[10.416s] [ 17%] Built target gmock
[27.798s] [ 20%] [32m[1mLinking CXX shared library libcontroller_manager.so[0m
[28.029s] [ 20%] Built target controller_manager
[28.051s] [ 37%] [32mBuilding CXX object CMakeFiles/test_chainable_controller.dir/test/test_chainable_controller/test_chainable_controller.cpp.o[0m
[28.051s] [ 37%] [32mBuilding CXX object CMakeFiles/test_controller_manager_urdf_passing.dir/test/test_controller_manager_urdf_passing.cpp.o[0m
[28.051s] [ 37%] [32mBuilding CXX object CMakeFiles/test_controller_failed_init.dir/test/test_controller_failed_init/test_controller_failed_init.cpp.o[0m
[28.051s] [ 37%] [32mBuilding CXX object CMakeFiles/ros2_control_node.dir/src/ros2_control_node.cpp.o[0m
[28.051s] [ 37%] [32mBuilding CXX object CMakeFiles/test_controller_with_interfaces.dir/test/test_controller_with_interfaces/test_controller_with_interfaces.cpp.o[0m
[28.051s] [ 37%] [32mBuilding CXX object CMakeFiles/test_controller.dir/test/test_controller/test_controller.cpp.o[0m
[31.158s] [ 40%] [32m[1mLinking CXX shared library libtest_controller.so[0m
[31.310s] [ 40%] Built target test_controller
[31.337s] [ 42%] [32mBuilding CXX object CMakeFiles/test_spawner_unspawner.dir/test/test_spawner_unspawner.cpp.o[0m
[31.338s] [ 45%] [32mBuilding CXX object CMakeFiles/test_controller_manager.dir/test/test_controller_manager.cpp.o[0m
[31.338s] [ 48%] [32mBuilding CXX object CMakeFiles/test_hardware_management_srvs.dir/test/test_hardware_management_srvs.cpp.o[0m
[31.344s] [ 51%] [32mBuilding CXX object CMakeFiles/test_controller_manager_with_namespace.cpp.dir/test/test_controller_manager_with_namespace.cpp.o[0m
[32.124s] [ 54%] [32m[1mLinking CXX shared library libtest_controller_failed_init.so[0m
[32.226s] [ 57%] [32m[1mLinking CXX shared library libtest_controller_with_interfaces.so[0m
[32.270s] [ 60%] [32m[1mLinking CXX executable ros2_control_node[0m
[32.289s] [ 60%] Built target test_controller_failed_init
[32.320s] [ 62%] [32mBuilding CXX object CMakeFiles/test_load_controller.dir/test/test_load_controller.cpp.o[0m
[32.389s] [ 62%] Built target test_controller_with_interfaces
[32.424s] [ 65%] [32mBuilding CXX object CMakeFiles/test_release_interfaces.dir/test/test_release_interfaces.cpp.o[0m
[32.497s] [ 65%] Built target ros2_control_node
[34.790s] [ 68%] [32m[1mLinking CXX executable test_controller_manager_urdf_passing[0m
[35.069s] [ 68%] Built target test_controller_manager_urdf_passing
[38.326s] [ 71%] [32m[1mLinking CXX shared library libtest_chainable_controller.so[0m
[38.540s] [ 71%] Built target test_chainable_controller
[38.566s] [ 77%] [32mBuilding CXX object CMakeFiles/test_controller_manager_srvs.dir/test/test_controller_manager_srvs.cpp.o[0m
[38.566s] [ 77%] [32mBuilding CXX object CMakeFiles/test_controllers_chaining_with_controller_manager.dir/test/test_controllers_chaining_with_controller_manager.cpp.o[0m
[38.852s] [ 80%] [32m[1mLinking CXX executable test_controller_manager_with_namespace.cpp[0m
[39.141s] [ 80%] Built target test_controller_manager_with_namespace.cpp
[39.725s] [ 82%] [32m[1mLinking CXX executable test_release_interfaces[0m
[39.884s] [ 85%] [32m[1mLinking CXX executable test_spawner_unspawner[0m
[40.008s] [ 85%] Built target test_release_interfaces
[40.160s] [ 85%] Built target test_spawner_unspawner
[40.498s] [ 88%] [32m[1mLinking CXX executable test_hardware_management_srvs[0m
[40.763s] [ 88%] Built target test_hardware_management_srvs
[41.985s] [ 91%] [32m[1mLinking CXX executable test_controller_manager[0m
[42.239s] [ 91%] Built target test_controller_manager
[42.538s] [ 94%] [32m[1mLinking CXX executable test_load_controller[0m
[42.789s] [ 94%] Built target test_load_controller
[46.387s] [ 97%] [32m[1mLinking CXX executable test_controllers_chaining_with_controller_manager[0m
[46.618s] [ 97%] Built target test_controllers_chaining_with_controller_manager
[55.168s] [100%] [32m[1mLinking CXX executable test_controller_manager_srvs[0m
[55.412s] [100%] Built target test_controller_manager_srvs
[55.425s] Invoked command in '/home/kortex_ws/build/controller_manager' returned '0': AMENT_PREFIX_PATH=/home/kortex_ws/install/hardware_interface_testing:/home/kortex_ws/install/controller_interface:/home/kortex_ws/install/hardware_interface:/home/kortex_ws/install/ros2_control_test_assets:/home/kortex_ws/install/controller_manager_msgs:/home/kortex_ws/install/control_msgs:${AMENT_PREFIX_PATH} CMAKE_PREFIX_PATH=/home/kortex_ws/install/hardware_interface_testing:/home/kortex_ws/install/controller_interface:/home/kortex_ws/install/hardware_interface:/home/kortex_ws/install/ros2_control_test_assets:/home/kortex_ws/install/controller_manager_msgs:/home/kortex_ws/install/control_msgs:/opt/ros/humble LD_LIBRARY_PATH=/home/kortex_ws/install/hardware_interface_testing/lib:/home/kortex_ws/install/controller_interface/lib:/home/kortex_ws/install/hardware_interface/lib:/home/kortex_ws/install/controller_manager_msgs/lib:/home/kortex_ws/install/control_msgs/lib:${LD_LIBRARY_PATH} PYTHONPATH=/home/kortex_ws/install/controller_manager_msgs/local/lib/python3.10/dist-packages:/home/kortex_ws/install/control_msgs/local/lib/python3.10/dist-packages:${PYTHONPATH} /usr/bin/cmake --build /home/kortex_ws/build/controller_manager -- -j16 -l16
[55.506s] Invoking command in '/home/kortex_ws/build/controller_manager': AMENT_PREFIX_PATH=/home/kortex_ws/install/hardware_interface_testing:/home/kortex_ws/install/controller_interface:/home/kortex_ws/install/hardware_interface:/home/kortex_ws/install/ros2_control_test_assets:/home/kortex_ws/install/controller_manager_msgs:/home/kortex_ws/install/control_msgs:${AMENT_PREFIX_PATH} CMAKE_PREFIX_PATH=/home/kortex_ws/install/hardware_interface_testing:/home/kortex_ws/install/controller_interface:/home/kortex_ws/install/hardware_interface:/home/kortex_ws/install/ros2_control_test_assets:/home/kortex_ws/install/controller_manager_msgs:/home/kortex_ws/install/control_msgs:/opt/ros/humble LD_LIBRARY_PATH=/home/kortex_ws/install/hardware_interface_testing/lib:/home/kortex_ws/install/controller_interface/lib:/home/kortex_ws/install/hardware_interface/lib:/home/kortex_ws/install/controller_manager_msgs/lib:/home/kortex_ws/install/control_msgs/lib:${LD_LIBRARY_PATH} PYTHONPATH=/home/kortex_ws/install/controller_manager_msgs/local/lib/python3.10/dist-packages:/home/kortex_ws/install/control_msgs/local/lib/python3.10/dist-packages:${PYTHONPATH} /usr/bin/cmake --install /home/kortex_ws/build/controller_manager
[55.514s] -- Install configuration: "Release"
[55.514s] -- Installing: /home/kortex_ws/install/controller_manager/lib/libcontroller_manager.so
[55.518s] -- Set runtime path of "/home/kortex_ws/install/controller_manager/lib/libcontroller_manager.so" to ""
[55.518s] -- Installing: /home/kortex_ws/install/controller_manager/lib/controller_manager/ros2_control_node
[55.518s] -- Set runtime path of "/home/kortex_ws/install/controller_manager/lib/controller_manager/ros2_control_node" to ""
[55.518s] -- Installing: /home/kortex_ws/install/controller_manager/include
[55.518s] -- Installing: /home/kortex_ws/install/controller_manager/include/controller_manager
[55.518s] -- Installing: /home/kortex_ws/install/controller_manager/include/controller_manager/visibility_control.h
[55.519s] -- Installing: /home/kortex_ws/install/controller_manager/include/controller_manager/controller_manager.hpp
[55.519s] -- Installing: /home/kortex_ws/install/controller_manager/include/controller_manager/controller_spec.hpp
[55.519s] -- Installing: /home/kortex_ws/install/controller_manager/share/controller_manager/test/test_controller/test_controller.xml
[55.519s] -- Installing: /home/kortex_ws/install/controller_manager/lib/libtest_controller.so
[55.519s] -- Set runtime path of "/home/kortex_ws/install/controller_manager/lib/libtest_controller.so" to ""
[55.519s] -- Installing: /home/kortex_ws/install/controller_manager/share/controller_manager/test/test_controller_failed_init/test_controller_failed_init.xml
[55.520s] -- Installing: /home/kortex_ws/install/controller_manager/lib/libtest_controller_failed_init.so
[55.520s] -- Set runtime path of "/home/kortex_ws/install/controller_manager/lib/libtest_controller_failed_init.so" to ""
[55.520s] -- Installing: /home/kortex_ws/install/controller_manager/share/controller_manager/test/test_chainable_controller/test_chainable_controller.xml
[55.520s] -- Installing: /home/kortex_ws/install/controller_manager/lib/libtest_chainable_controller.so
[55.522s] -- Set runtime path of "/home/kortex_ws/install/controller_manager/lib/libtest_chainable_controller.so" to ""
[55.522s] -- Installing: /home/kortex_ws/install/controller_manager/share/controller_manager/test/test_controller_with_interfaces/test_controller_with_interfaces.xml
[55.522s] -- Installing: /home/kortex_ws/install/controller_manager/lib/libtest_controller_with_interfaces.so
[55.522s] -- Set runtime path of "/home/kortex_ws/install/controller_manager/lib/libtest_controller_with_interfaces.so" to ""
[55.522s] -- Installing: /home/kortex_ws/install/controller_manager/share/controller_manager/environment/pythonpath.sh
[55.522s] -- Installing: /home/kortex_ws/install/controller_manager/share/controller_manager/environment/pythonpath.dsv
[55.523s] -- Installing: /home/kortex_ws/install/controller_manager/local/lib/python3.10/dist-packages/controller_manager-2.41.0-py3.10.egg-info
[55.523s] -- Installing: /home/kortex_ws/install/controller_manager/local/lib/python3.10/dist-packages/controller_manager-2.41.0-py3.10.egg-info/SOURCES.txt
[55.523s] -- Installing: /home/kortex_ws/install/controller_manager/local/lib/python3.10/dist-packages/controller_manager-2.41.0-py3.10.egg-info/dependency_links.txt
[55.523s] -- Installing: /home/kortex_ws/install/controller_manager/local/lib/python3.10/dist-packages/controller_manager-2.41.0-py3.10.egg-info/top_level.txt
[55.523s] -- Installing: /home/kortex_ws/install/controller_manager/local/lib/python3.10/dist-packages/controller_manager-2.41.0-py3.10.egg-info/PKG-INFO
[55.523s] -- Installing: /home/kortex_ws/install/controller_manager/local/lib/python3.10/dist-packages/controller_manager-2.41.0-py3.10.egg-info/entry_points.txt
[55.523s] -- Up-to-date: /home/kortex_ws/install/controller_manager/lib/controller_manager/
[55.523s] -- Installing: /home/kortex_ws/install/controller_manager/lib/controller_manager//spawner
[55.524s] -- Installing: /home/kortex_ws/install/controller_manager/lib/controller_manager//hardware_spawner
[55.524s] -- Installing: /home/kortex_ws/install/controller_manager/lib/controller_manager//unspawner
[55.524s] -- Installing: /home/kortex_ws/install/controller_manager/local/lib/python3.10/dist-packages/controller_manager
[55.524s] -- Installing: /home/kortex_ws/install/controller_manager/local/lib/python3.10/dist-packages/controller_manager/controller_manager_services.py
[55.524s] -- Installing: /home/kortex_ws/install/controller_manager/local/lib/python3.10/dist-packages/controller_manager/unspawner.py
[55.524s] -- Installing: /home/kortex_ws/install/controller_manager/local/lib/python3.10/dist-packages/controller_manager/launch_utils.py
[55.524s] -- Installing: /home/kortex_ws/install/controller_manager/local/lib/python3.10/dist-packages/controller_manager/spawner.py
[55.524s] -- Installing: /home/kortex_ws/install/controller_manager/local/lib/python3.10/dist-packages/controller_manager/hardware_spawner.py
[55.524s] -- Installing: /home/kortex_ws/install/controller_manager/local/lib/python3.10/dist-packages/controller_manager/__init__.py
[55.555s] Listing '/home/kortex_ws/install/controller_manager/local/lib/python3.10/dist-packages/controller_manager'...
[55.555s] Compiling '/home/kortex_ws/install/controller_manager/local/lib/python3.10/dist-packages/controller_manager/__init__.py'...
[55.555s] Compiling '/home/kortex_ws/install/controller_manager/local/lib/python3.10/dist-packages/controller_manager/controller_manager_services.py'...
[55.555s] Compiling '/home/kortex_ws/install/controller_manager/local/lib/python3.10/dist-packages/controller_manager/hardware_spawner.py'...
[55.555s] Compiling '/home/kortex_ws/install/controller_manager/local/lib/python3.10/dist-packages/controller_manager/launch_utils.py'...
[55.555s] Compiling '/home/kortex_ws/install/controller_manager/local/lib/python3.10/dist-packages/controller_manager/spawner.py'...
[55.555s] Compiling '/home/kortex_ws/install/controller_manager/local/lib/python3.10/dist-packages/controller_manager/unspawner.py'...
[55.558s] -- Installing: /home/kortex_ws/install/controller_manager/share/controller_manager/environment/library_path.sh
[55.558s] -- Installing: /home/kortex_ws/install/controller_manager/share/controller_manager/environment/library_path.dsv
[55.559s] -- Installing: /home/kortex_ws/install/controller_manager/share/ament_index/resource_index/package_run_dependencies/controller_manager
[55.559s] -- Installing: /home/kortex_ws/install/controller_manager/share/ament_index/resource_index/parent_prefix_path/controller_manager
[55.559s] -- Installing: /home/kortex_ws/install/controller_manager/share/controller_manager/environment/ament_prefix_path.sh
[55.559s] -- Installing: /home/kortex_ws/install/controller_manager/share/controller_manager/environment/ament_prefix_path.dsv
[55.559s] -- Installing: /home/kortex_ws/install/controller_manager/share/controller_manager/environment/path.sh
[55.559s] -- Installing: /home/kortex_ws/install/controller_manager/share/controller_manager/environment/path.dsv
[55.560s] -- Installing: /home/kortex_ws/install/controller_manager/share/controller_manager/local_setup.bash
[55.560s] -- Installing: /home/kortex_ws/install/controller_manager/share/controller_manager/local_setup.sh
[55.560s] -- Installing: /home/kortex_ws/install/controller_manager/share/controller_manager/local_setup.zsh
[55.560s] -- Installing: /home/kortex_ws/install/controller_manager/share/controller_manager/local_setup.dsv
[55.560s] -- Installing: /home/kortex_ws/install/controller_manager/share/controller_manager/package.dsv
[55.560s] -- Installing: /home/kortex_ws/install/controller_manager/share/ament_index/resource_index/packages/controller_manager
[55.560s] -- Installing: /home/kortex_ws/install/controller_manager/share/ament_index/resource_index/controller_interface__pluginlib__plugin/controller_manager
[55.561s] -- Installing: /home/kortex_ws/install/controller_manager/share/controller_manager/cmake/ament_cmake_export_libraries-extras.cmake
[55.561s] -- Installing: /home/kortex_ws/install/controller_manager/share/controller_manager/cmake/ament_cmake_export_include_directories-extras.cmake
[55.561s] -- Installing: /home/kortex_ws/install/controller_manager/share/controller_manager/cmake/ament_cmake_export_dependencies-extras.cmake
[55.561s] -- Installing: /home/kortex_ws/install/controller_manager/share/controller_manager/cmake/controller_managerConfig.cmake
[55.561s] -- Installing: /home/kortex_ws/install/controller_manager/share/controller_manager/cmake/controller_managerConfig-version.cmake
[55.561s] -- Installing: /home/kortex_ws/install/controller_manager/share/controller_manager/package.xml
[55.564s] Invoked command in '/home/kortex_ws/build/controller_manager' returned '0': AMENT_PREFIX_PATH=/home/kortex_ws/install/hardware_interface_testing:/home/kortex_ws/install/controller_interface:/home/kortex_ws/install/hardware_interface:/home/kortex_ws/install/ros2_control_test_assets:/home/kortex_ws/install/controller_manager_msgs:/home/kortex_ws/install/control_msgs:${AMENT_PREFIX_PATH} CMAKE_PREFIX_PATH=/home/kortex_ws/install/hardware_interface_testing:/home/kortex_ws/install/controller_interface:/home/kortex_ws/install/hardware_interface:/home/kortex_ws/install/ros2_control_test_assets:/home/kortex_ws/install/controller_manager_msgs:/home/kortex_ws/install/control_msgs:/opt/ros/humble LD_LIBRARY_PATH=/home/kortex_ws/install/hardware_interface_testing/lib:/home/kortex_ws/install/controller_interface/lib:/home/kortex_ws/install/hardware_interface/lib:/home/kortex_ws/install/controller_manager_msgs/lib:/home/kortex_ws/install/control_msgs/lib:${LD_LIBRARY_PATH} PYTHONPATH=/home/kortex_ws/install/controller_manager_msgs/local/lib/python3.10/dist-packages:/home/kortex_ws/install/control_msgs/local/lib/python3.10/dist-packages:${PYTHONPATH} /usr/bin/cmake --install /home/kortex_ws/build/controller_manager
