[0.538s] Invoking command in '/home/kortex_ws/src/ros2_control/ros2controlcli': CMAKE_PREFIX_PATH=/home/kortex_ws/install/controller_manager:/home/kortex_ws/install/controller_interface:/home/kortex_ws/install/hardware_interface:/home/kortex_ws/install/ros2_control_test_assets:/home/kortex_ws/install/controller_manager_msgs:/home/kortex_ws/install/control_msgs:/home/kortex_ws/install/kortex_bringup:/home/kortex_ws/install/kinova_gen3_7dof_robotiq_2f_85_moveit_config:/home/kortex_ws/install/kinova_gen3_6dof_robotiq_2f_85_moveit_config:/home/kortex_ws/install/kortex_description:/home/kortex_ws/install/robotiq_description:/home/kortex_ws/install/ros2_controllers:/home/kortex_ws/install/velocity_controllers:/home/kortex_ws/install/tricycle_steering_controller:/home/kortex_ws/install/tricycle_controller:/home/kortex_ws/install/ros2_control:/home/kortex_ws/install/transmission_interface:/home/kortex_ws/install/bicycle_steering_controller:/home/kortex_ws/install/ackermann_steering_controller:/home/kortex_ws/install/steering_controllers_library:/home/kortex_ws/install/robotiq_hardware_tests:/home/kortex_ws/install/robotiq_driver:/home/kortex_ws/install/serial:/home/kortex_ws/install/hardware_interface_testing:/home/kortex_ws/install/robotiq_controllers:/home/kortex_ws/install/range_sensor_broadcaster:/home/kortex_ws/install/position_controllers:/home/kortex_ws/install/picknik_twist_controller:/home/kortex_ws/install/picknik_reset_fault_controller:/home/kortex_ws/install/kortex_driver:/home/kortex_ws/install/kortex_api:/home/kortex_ws/install/admittance_controller:/home/kortex_ws/install/joint_trajectory_controller:/home/kortex_ws/install/joint_state_broadcaster:/home/kortex_ws/install/joint_limits:/home/kortex_ws/install/imu_sensor_broadcaster:/home/kortex_ws/install/gripper_controllers:/home/kortex_ws/install/effort_controllers:/home/kortex_ws/install/forward_command_controller:/home/kortex_ws/install/force_torque_sensor_broadcaster:/home/kortex_ws/install/diff_drive_controller LD_LIBRARY_PATH=/home/kortex_ws/install/controller_manager/lib:/home/kortex_ws/install/controller_interface/lib:/home/kortex_ws/install/hardware_interface/lib:/home/kortex_ws/install/controller_manager_msgs/lib:/home/kortex_ws/install/control_msgs/lib:/home/kortex_ws/install/velocity_controllers/lib:/home/kortex_ws/install/tricycle_steering_controller/lib:/home/kortex_ws/install/tricycle_controller/lib:/home/kortex_ws/install/transmission_interface/lib:/home/kortex_ws/install/bicycle_steering_controller/lib:/home/kortex_ws/install/ackermann_steering_controller/lib:/home/kortex_ws/install/steering_controllers_library/lib:/home/kortex_ws/install/robotiq_driver/lib:/home/kortex_ws/install/serial/lib:/home/kortex_ws/install/hardware_interface_testing/lib:/home/kortex_ws/install/robotiq_controllers/lib:/home/kortex_ws/install/range_sensor_broadcaster/lib:/home/kortex_ws/install/position_controllers/lib:/home/kortex_ws/install/picknik_twist_controller/lib:/home/kortex_ws/install/picknik_reset_fault_controller/lib:/home/kortex_ws/install/kortex_driver/lib:/home/kortex_ws/install/admittance_controller/lib:/home/kortex_ws/install/joint_trajectory_controller/lib:/home/kortex_ws/install/joint_state_broadcaster/lib:/home/kortex_ws/install/imu_sensor_broadcaster/lib:/home/kortex_ws/install/gripper_controllers/lib:/home/kortex_ws/install/effort_controllers/lib:/home/kortex_ws/install/forward_command_controller/lib:/home/kortex_ws/install/force_torque_sensor_broadcaster/lib:/home/kortex_ws/install/diff_drive_controller/lib:/opt/ros/humble/opt/rviz_ogre_vendor/lib:/opt/ros/humble/lib/x86_64-linux-gnu:/opt/ros/humble/lib PYTHONPATH=/home/kortex_ws/build/ros2controlcli/prefix_override:/home/kortex_ws/install/ros2controlcli/lib/python3.10/site-packages:${PYTHONPATH} /usr/bin/python3 -W ignore:setup.py install is deprecated setup.py egg_info --egg-base ../../../build/ros2controlcli build --build-base /home/kortex_ws/build/ros2controlcli/build install --record /home/kortex_ws/build/ros2controlcli/install.log --single-version-externally-managed install_data
[0.718s] running egg_info
[0.718s] creating ../../../build/ros2controlcli/ros2controlcli.egg-info
[0.719s] writing ../../../build/ros2controlcli/ros2controlcli.egg-info/PKG-INFO
[0.719s] writing dependency_links to ../../../build/ros2controlcli/ros2controlcli.egg-info/dependency_links.txt
[0.719s] writing entry points to ../../../build/ros2controlcli/ros2controlcli.egg-info/entry_points.txt
[0.719s] writing requirements to ../../../build/ros2controlcli/ros2controlcli.egg-info/requires.txt
[0.719s] writing top-level names to ../../../build/ros2controlcli/ros2controlcli.egg-info/top_level.txt
[0.719s] writing manifest file '../../../build/ros2controlcli/ros2controlcli.egg-info/SOURCES.txt'
[0.721s] reading manifest file '../../../build/ros2controlcli/ros2controlcli.egg-info/SOURCES.txt'
[0.721s] writing manifest file '../../../build/ros2controlcli/ros2controlcli.egg-info/SOURCES.txt'
[0.721s] running build
[0.721s] running build_py
[0.722s] creating /home/kortex_ws/build/ros2controlcli/build
[0.722s] creating /home/kortex_ws/build/ros2controlcli/build/lib
[0.722s] creating /home/kortex_ws/build/ros2controlcli/build/lib/ros2controlcli
[0.722s] copying ros2controlcli/__init__.py -> /home/kortex_ws/build/ros2controlcli/build/lib/ros2controlcli
[0.722s] creating /home/kortex_ws/build/ros2controlcli/build/lib/ros2controlcli/verb
[0.722s] copying ros2controlcli/verb/load_controller.py -> /home/kortex_ws/build/ros2controlcli/build/lib/ros2controlcli/verb
[0.722s] copying ros2controlcli/verb/set_controller_state.py -> /home/kortex_ws/build/ros2controlcli/build/lib/ros2controlcli/verb
[0.722s] copying ros2controlcli/verb/view_controller_chains.py -> /home/kortex_ws/build/ros2controlcli/build/lib/ros2controlcli/verb
[0.722s] copying ros2controlcli/verb/switch_controllers.py -> /home/kortex_ws/build/ros2controlcli/build/lib/ros2controlcli/verb
[0.722s] copying ros2controlcli/verb/list_controller_types.py -> /home/kortex_ws/build/ros2controlcli/build/lib/ros2controlcli/verb
[0.722s] copying ros2controlcli/verb/set_hardware_component_state.py -> /home/kortex_ws/build/ros2controlcli/build/lib/ros2controlcli/verb
[0.722s] copying ros2controlcli/verb/list_hardware_components.py -> /home/kortex_ws/build/ros2controlcli/build/lib/ros2controlcli/verb
[0.723s] copying ros2controlcli/verb/list_controllers.py -> /home/kortex_ws/build/ros2controlcli/build/lib/ros2controlcli/verb
[0.723s] copying ros2controlcli/verb/__init__.py -> /home/kortex_ws/build/ros2controlcli/build/lib/ros2controlcli/verb
[0.723s] copying ros2controlcli/verb/list_hardware_interfaces.py -> /home/kortex_ws/build/ros2controlcli/build/lib/ros2controlcli/verb
[0.723s] copying ros2controlcli/verb/unload_controller.py -> /home/kortex_ws/build/ros2controlcli/build/lib/ros2controlcli/verb
[0.723s] copying ros2controlcli/verb/reload_controller_libraries.py -> /home/kortex_ws/build/ros2controlcli/build/lib/ros2controlcli/verb
[0.723s] creating /home/kortex_ws/build/ros2controlcli/build/lib/ros2controlcli/api
[0.723s] copying ros2controlcli/api/__init__.py -> /home/kortex_ws/build/ros2controlcli/build/lib/ros2controlcli/api
[0.723s] creating /home/kortex_ws/build/ros2controlcli/build/lib/ros2controlcli/command
[0.723s] copying ros2controlcli/command/control.py -> /home/kortex_ws/build/ros2controlcli/build/lib/ros2controlcli/command
[0.723s] copying ros2controlcli/command/__init__.py -> /home/kortex_ws/build/ros2controlcli/build/lib/ros2controlcli/command
[0.724s] running install
[0.724s] running install_lib
[0.724s] creating /home/kortex_ws/install/ros2controlcli/lib/python3.10/site-packages/ros2controlcli
[0.724s] creating /home/kortex_ws/install/ros2controlcli/lib/python3.10/site-packages/ros2controlcli/verb
[0.725s] copying /home/kortex_ws/build/ros2controlcli/build/lib/ros2controlcli/verb/load_controller.py -> /home/kortex_ws/install/ros2controlcli/lib/python3.10/site-packages/ros2controlcli/verb
[0.725s] copying /home/kortex_ws/build/ros2controlcli/build/lib/ros2controlcli/verb/set_controller_state.py -> /home/kortex_ws/install/ros2controlcli/lib/python3.10/site-packages/ros2controlcli/verb
[0.725s] copying /home/kortex_ws/build/ros2controlcli/build/lib/ros2controlcli/verb/view_controller_chains.py -> /home/kortex_ws/install/ros2controlcli/lib/python3.10/site-packages/ros2controlcli/verb
[0.725s] copying /home/kortex_ws/build/ros2controlcli/build/lib/ros2controlcli/verb/switch_controllers.py -> /home/kortex_ws/install/ros2controlcli/lib/python3.10/site-packages/ros2controlcli/verb
[0.725s] copying /home/kortex_ws/build/ros2controlcli/build/lib/ros2controlcli/verb/list_controller_types.py -> /home/kortex_ws/install/ros2controlcli/lib/python3.10/site-packages/ros2controlcli/verb
[0.725s] copying /home/kortex_ws/build/ros2controlcli/build/lib/ros2controlcli/verb/set_hardware_component_state.py -> /home/kortex_ws/install/ros2controlcli/lib/python3.10/site-packages/ros2controlcli/verb
[0.725s] copying /home/kortex_ws/build/ros2controlcli/build/lib/ros2controlcli/verb/list_hardware_components.py -> /home/kortex_ws/install/ros2controlcli/lib/python3.10/site-packages/ros2controlcli/verb
[0.725s] copying /home/kortex_ws/build/ros2controlcli/build/lib/ros2controlcli/verb/list_controllers.py -> /home/kortex_ws/install/ros2controlcli/lib/python3.10/site-packages/ros2controlcli/verb
[0.725s] copying /home/kortex_ws/build/ros2controlcli/build/lib/ros2controlcli/verb/__init__.py -> /home/kortex_ws/install/ros2controlcli/lib/python3.10/site-packages/ros2controlcli/verb
[0.725s] copying /home/kortex_ws/build/ros2controlcli/build/lib/ros2controlcli/verb/list_hardware_interfaces.py -> /home/kortex_ws/install/ros2controlcli/lib/python3.10/site-packages/ros2controlcli/verb
[0.725s] copying /home/kortex_ws/build/ros2controlcli/build/lib/ros2controlcli/verb/unload_controller.py -> /home/kortex_ws/install/ros2controlcli/lib/python3.10/site-packages/ros2controlcli/verb
[0.725s] copying /home/kortex_ws/build/ros2controlcli/build/lib/ros2controlcli/verb/reload_controller_libraries.py -> /home/kortex_ws/install/ros2controlcli/lib/python3.10/site-packages/ros2controlcli/verb
[0.726s] creating /home/kortex_ws/install/ros2controlcli/lib/python3.10/site-packages/ros2controlcli/api
[0.726s] copying /home/kortex_ws/build/ros2controlcli/build/lib/ros2controlcli/api/__init__.py -> /home/kortex_ws/install/ros2controlcli/lib/python3.10/site-packages/ros2controlcli/api
[0.726s] creating /home/kortex_ws/install/ros2controlcli/lib/python3.10/site-packages/ros2controlcli/command
[0.726s] copying /home/kortex_ws/build/ros2controlcli/build/lib/ros2controlcli/command/control.py -> /home/kortex_ws/install/ros2controlcli/lib/python3.10/site-packages/ros2controlcli/command
[0.726s] copying /home/kortex_ws/build/ros2controlcli/build/lib/ros2controlcli/command/__init__.py -> /home/kortex_ws/install/ros2controlcli/lib/python3.10/site-packages/ros2controlcli/command
[0.726s] copying /home/kortex_ws/build/ros2controlcli/build/lib/ros2controlcli/__init__.py -> /home/kortex_ws/install/ros2controlcli/lib/python3.10/site-packages/ros2controlcli
[0.726s] byte-compiling /home/kortex_ws/install/ros2controlcli/lib/python3.10/site-packages/ros2controlcli/verb/load_controller.py to load_controller.cpython-310.pyc
[0.727s] byte-compiling /home/kortex_ws/install/ros2controlcli/lib/python3.10/site-packages/ros2controlcli/verb/set_controller_state.py to set_controller_state.cpython-310.pyc
[0.727s] byte-compiling /home/kortex_ws/install/ros2controlcli/lib/python3.10/site-packages/ros2controlcli/verb/view_controller_chains.py to view_controller_chains.cpython-310.pyc
[0.728s] byte-compiling /home/kortex_ws/install/ros2controlcli/lib/python3.10/site-packages/ros2controlcli/verb/switch_controllers.py to switch_controllers.cpython-310.pyc
[0.729s] byte-compiling /home/kortex_ws/install/ros2controlcli/lib/python3.10/site-packages/ros2controlcli/verb/list_controller_types.py to list_controller_types.cpython-310.pyc
[0.729s] byte-compiling /home/kortex_ws/install/ros2controlcli/lib/python3.10/site-packages/ros2controlcli/verb/set_hardware_component_state.py to set_hardware_component_state.cpython-310.pyc
[0.729s] byte-compiling /home/kortex_ws/install/ros2controlcli/lib/python3.10/site-packages/ros2controlcli/verb/list_hardware_components.py to list_hardware_components.cpython-310.pyc
[0.730s] byte-compiling /home/kortex_ws/install/ros2controlcli/lib/python3.10/site-packages/ros2controlcli/verb/list_controllers.py to list_controllers.cpython-310.pyc
[0.730s] byte-compiling /home/kortex_ws/install/ros2controlcli/lib/python3.10/site-packages/ros2controlcli/verb/__init__.py to __init__.cpython-310.pyc
[0.730s] byte-compiling /home/kortex_ws/install/ros2controlcli/lib/python3.10/site-packages/ros2controlcli/verb/list_hardware_interfaces.py to list_hardware_interfaces.cpython-310.pyc
[0.731s] byte-compiling /home/kortex_ws/install/ros2controlcli/lib/python3.10/site-packages/ros2controlcli/verb/unload_controller.py to unload_controller.cpython-310.pyc
[0.731s] byte-compiling /home/kortex_ws/install/ros2controlcli/lib/python3.10/site-packages/ros2controlcli/verb/reload_controller_libraries.py to reload_controller_libraries.cpython-310.pyc
[0.731s] byte-compiling /home/kortex_ws/install/ros2controlcli/lib/python3.10/site-packages/ros2controlcli/api/__init__.py to __init__.cpython-310.pyc
[0.732s] byte-compiling /home/kortex_ws/install/ros2controlcli/lib/python3.10/site-packages/ros2controlcli/command/control.py to control.cpython-310.pyc
[0.732s] byte-compiling /home/kortex_ws/install/ros2controlcli/lib/python3.10/site-packages/ros2controlcli/command/__init__.py to __init__.cpython-310.pyc
[0.732s] byte-compiling /home/kortex_ws/install/ros2controlcli/lib/python3.10/site-packages/ros2controlcli/__init__.py to __init__.cpython-310.pyc
[0.732s] running install_data
[0.732s] copying package.xml -> /home/kortex_ws/install/ros2controlcli/share/ros2controlcli
[0.732s] creating /home/kortex_ws/install/ros2controlcli/share/ament_index
[0.732s] creating /home/kortex_ws/install/ros2controlcli/share/ament_index/resource_index
[0.732s] creating /home/kortex_ws/install/ros2controlcli/share/ament_index/resource_index/packages
[0.732s] copying resource/ros2controlcli -> /home/kortex_ws/install/ros2controlcli/share/ament_index/resource_index/packages
[0.732s] running install_egg_info
[0.734s] Copying ../../../build/ros2controlcli/ros2controlcli.egg-info to /home/kortex_ws/install/ros2controlcli/lib/python3.10/site-packages/ros2controlcli-2.41.0-py3.10.egg-info
[0.734s] running install_scripts
[0.750s] writing list of installed files to '/home/kortex_ws/build/ros2controlcli/install.log'
[0.771s] Invoked command in '/home/kortex_ws/src/ros2_control/ros2controlcli' returned '0': CMAKE_PREFIX_PATH=/home/kortex_ws/install/controller_manager:/home/kortex_ws/install/controller_interface:/home/kortex_ws/install/hardware_interface:/home/kortex_ws/install/ros2_control_test_assets:/home/kortex_ws/install/controller_manager_msgs:/home/kortex_ws/install/control_msgs:/home/kortex_ws/install/kortex_bringup:/home/kortex_ws/install/kinova_gen3_7dof_robotiq_2f_85_moveit_config:/home/kortex_ws/install/kinova_gen3_6dof_robotiq_2f_85_moveit_config:/home/kortex_ws/install/kortex_description:/home/kortex_ws/install/robotiq_description:/home/kortex_ws/install/ros2_controllers:/home/kortex_ws/install/velocity_controllers:/home/kortex_ws/install/tricycle_steering_controller:/home/kortex_ws/install/tricycle_controller:/home/kortex_ws/install/ros2_control:/home/kortex_ws/install/transmission_interface:/home/kortex_ws/install/bicycle_steering_controller:/home/kortex_ws/install/ackermann_steering_controller:/home/kortex_ws/install/steering_controllers_library:/home/kortex_ws/install/robotiq_hardware_tests:/home/kortex_ws/install/robotiq_driver:/home/kortex_ws/install/serial:/home/kortex_ws/install/hardware_interface_testing:/home/kortex_ws/install/robotiq_controllers:/home/kortex_ws/install/range_sensor_broadcaster:/home/kortex_ws/install/position_controllers:/home/kortex_ws/install/picknik_twist_controller:/home/kortex_ws/install/picknik_reset_fault_controller:/home/kortex_ws/install/kortex_driver:/home/kortex_ws/install/kortex_api:/home/kortex_ws/install/admittance_controller:/home/kortex_ws/install/joint_trajectory_controller:/home/kortex_ws/install/joint_state_broadcaster:/home/kortex_ws/install/joint_limits:/home/kortex_ws/install/imu_sensor_broadcaster:/home/kortex_ws/install/gripper_controllers:/home/kortex_ws/install/effort_controllers:/home/kortex_ws/install/forward_command_controller:/home/kortex_ws/install/force_torque_sensor_broadcaster:/home/kortex_ws/install/diff_drive_controller LD_LIBRARY_PATH=/home/kortex_ws/install/controller_manager/lib:/home/kortex_ws/install/controller_interface/lib:/home/kortex_ws/install/hardware_interface/lib:/home/kortex_ws/install/controller_manager_msgs/lib:/home/kortex_ws/install/control_msgs/lib:/home/kortex_ws/install/velocity_controllers/lib:/home/kortex_ws/install/tricycle_steering_controller/lib:/home/kortex_ws/install/tricycle_controller/lib:/home/kortex_ws/install/transmission_interface/lib:/home/kortex_ws/install/bicycle_steering_controller/lib:/home/kortex_ws/install/ackermann_steering_controller/lib:/home/kortex_ws/install/steering_controllers_library/lib:/home/kortex_ws/install/robotiq_driver/lib:/home/kortex_ws/install/serial/lib:/home/kortex_ws/install/hardware_interface_testing/lib:/home/kortex_ws/install/robotiq_controllers/lib:/home/kortex_ws/install/range_sensor_broadcaster/lib:/home/kortex_ws/install/position_controllers/lib:/home/kortex_ws/install/picknik_twist_controller/lib:/home/kortex_ws/install/picknik_reset_fault_controller/lib:/home/kortex_ws/install/kortex_driver/lib:/home/kortex_ws/install/admittance_controller/lib:/home/kortex_ws/install/joint_trajectory_controller/lib:/home/kortex_ws/install/joint_state_broadcaster/lib:/home/kortex_ws/install/imu_sensor_broadcaster/lib:/home/kortex_ws/install/gripper_controllers/lib:/home/kortex_ws/install/effort_controllers/lib:/home/kortex_ws/install/forward_command_controller/lib:/home/kortex_ws/install/force_torque_sensor_broadcaster/lib:/home/kortex_ws/install/diff_drive_controller/lib:/opt/ros/humble/opt/rviz_ogre_vendor/lib:/opt/ros/humble/lib/x86_64-linux-gnu:/opt/ros/humble/lib PYTHONPATH=/home/kortex_ws/build/ros2controlcli/prefix_override:/home/kortex_ws/install/ros2controlcli/lib/python3.10/site-packages:${PYTHONPATH} /usr/bin/python3 -W ignore:setup.py install is deprecated setup.py egg_info --egg-base ../../../build/ros2controlcli build --build-base /home/kortex_ws/build/ros2controlcli/build install --record /home/kortex_ws/build/ros2controlcli/install.log --single-version-externally-managed install_data
