[0.031s] Invoking command in '/home/moveit/build/moveit_core': AMENT_PREFIX_PATH=/home/moveit/install/moveit_resources_panda_moveit_config:/home/moveit/install/moveit_resources_pr2_description:/home/moveit/install/moveit_resources_panda_description:/home/moveit/install/moveit_msgs:/home/moveit/install/moveit_common:${AMENT_PREFIX_PATH} CMAKE_PREFIX_PATH=/home/moveit/install/moveit_resources_panda_moveit_config:/home/moveit/install/moveit_resources_pr2_description:/home/moveit/install/moveit_resources_panda_description:/home/moveit/install/moveit_msgs:/home/moveit/install/moveit_common:/opt/ros/humble LD_LIBRARY_PATH=/home/moveit/install/moveit_msgs/lib:${LD_LIBRARY_PATH} PYTHONPATH=/home/moveit/install/moveit_msgs/local/lib/python3.10/dist-packages:${PYTHONPATH} /usr/bin/cmake /home/moveit/src/moveit2/moveit_core -DCMAKE_BUILD_TYPE=Release -DCMAKE_INSTALL_PREFIX=/home/moveit/install/moveit_core
[0.189s] -- The CXX compiler identification is GNU 11.4.0
[0.207s] -- Detecting CXX compiler ABI info
[0.402s] -- Detecting CXX compiler ABI info - done
[0.419s] -- Check for working CXX compiler: /usr/bin/c++ - skipped
[0.420s] -- Detecting CXX compile features
[0.421s] -- Detecting CXX compile features - done
[0.426s] -- Found moveit_common: 2.9.0 (/home/moveit/install/moveit_common/share/moveit_common/cmake)
[0.438s] -- Found ament_cmake: 1.3.9 (/opt/ros/humble/share/ament_cmake/cmake)
[0.805s] -- Found Python3: /usr/bin/python3 (found version "3.10.12") found components: Interpreter 
[1.271s] -- Found libdw: /usr/lib/x86_64-linux-gnu/libdw.so  
[1.284s] -- Could NOT find libbfd (missing: LIBBFD_LIBRARY LIBBFD_INCLUDE_DIR) 
[1.285s] -- BACKWARD_HAS_UNWIND=1
[1.285s] -- BACKWARD_HAS_BACKTRACE=0
[1.285s] -- BACKWARD_HAS_BACKTRACE_SYMBOL=0
[1.285s] -- BACKWARD_HAS_DW=1
[1.285s] -- BACKWARD_HAS_BFD=0
[1.286s] -- Found Backward: /opt/ros/humble/share/backward_ros/cmake  
[1.298s] -- Found angles: 1.15.0 (/opt/ros/humble/share/angles/cmake)
[1.326s] -- Found Bullet: /usr/lib/x86_64-linux-gnu/libBulletDynamics.so (Required is at least version "2.87") 
[1.336s] -- Found common_interfaces: 4.2.3 (/opt/ros/humble/share/common_interfaces/cmake)
[1.346s] -- Found eigen_stl_containers: 1.0.0 (/opt/ros/humble/share/eigen_stl_containers/cmake)
[1.388s] -- Found eigen3_cmake_module: 0.1.1 (/opt/ros/humble/share/eigen3_cmake_module/cmake)
[1.403s] -- Found Eigen3: TRUE (found version "3.4.0") 
[1.423s] -- Found generate_parameter_library: 0.3.8 (/opt/ros/humble/share/generate_parameter_library/cmake)
[1.446s] -- Found parameter_traits: 0.3.8 (/opt/ros/humble/share/parameter_traits/cmake)
[1.618s] -- Found rosidl_generator_c: 3.1.5 (/opt/ros/humble/share/rosidl_generator_c/cmake)
[1.644s] -- Found rosidl_adapter: 3.1.5 (/opt/ros/humble/share/rosidl_adapter/cmake)
[1.679s] -- Found rosidl_generator_cpp: 3.1.5 (/opt/ros/humble/share/rosidl_generator_cpp/cmake)
[1.726s] -- Using all available rosidl_typesupport_c: rosidl_typesupport_fastrtps_c;rosidl_typesupport_introspection_c
[1.793s] -- Using all available rosidl_typesupport_cpp: rosidl_typesupport_fastrtps_cpp;rosidl_typesupport_introspection_cpp
[2.022s] -- Found rmw_implementation_cmake: 6.1.2 (/opt/ros/humble/share/rmw_implementation_cmake/cmake)
[2.036s] -- Found rmw_fastrtps_cpp: 6.2.6 (/opt/ros/humble/share/rmw_fastrtps_cpp/cmake)
[2.348s] -- Found OpenSSL: /usr/lib/x86_64-linux-gnu/libcrypto.so (found version "3.0.2")  
[2.426s] -- Found FastRTPS: /opt/ros/humble/include  
[2.586s] -- Using RMW implementation 'rmw_fastrtps_cpp' as default
[2.631s] -- Looking for C++ include pthread.h
[2.892s] -- Looking for C++ include pthread.h - found
[2.893s] -- Performing Test CMAKE_HAVE_LIBC_PTHREAD
[3.160s] -- Performing Test CMAKE_HAVE_LIBC_PTHREAD - Success
[3.162s] -- Found Threads: TRUE  
[3.616s] -- Found rclcpp_lifecycle: 16.0.9 (/opt/ros/humble/share/rclcpp_lifecycle/cmake)
[3.736s] -- Found geometric_shapes: 2.1.3 (/opt/ros/humble/share/geometric_shapes/cmake)
[3.779s] -- Found Boost: /usr/lib/x86_64-linux-gnu/cmake/Boost-1.74.0/BoostConfig.cmake (found version "1.74.0") found components: filesystem 
[4.185s] -- library: /usr/lib/x86_64-linux-gnu/libcurl.so
[4.790s] -- Found kdl_parser: 2.6.4 (/opt/ros/humble/share/kdl_parser/cmake)
[4.815s] -- Ensuring Eigen3 include directory is part of orocos-kdl CMake target
[4.825s] -- Found moveit_msgs: 2.4.0 (/home/moveit/install/moveit_msgs/share/moveit_msgs/cmake)
[5.725s] -- Found pluginlib: 5.1.0 (/opt/ros/humble/share/pluginlib/cmake)
[5.775s] -- Found srdfdom: 2.0.4 (/opt/ros/humble/share/srdfdom/cmake)
[5.803s] -- Found tf2_eigen: 0.25.6 (/opt/ros/humble/share/tf2_eigen/cmake)
[6.113s] -- Found tf2_geometry_msgs: 0.25.6 (/opt/ros/humble/share/tf2_geometry_msgs/cmake)
[6.127s] -- Found tf2_kdl: 0.25.6 (/opt/ros/humble/share/tf2_kdl/cmake)
[6.195s] -- Found Boost: /usr/lib/x86_64-linux-gnu/cmake/Boost-1.74.0/BoostConfig.cmake (found version "1.74.0") found components: chrono date_time filesystem iostreams program_options regex serialization system thread 
[6.208s] -- Performing Test COMPILER_HAS_HIDDEN_VISIBILITY
[6.310s] -- Performing Test COMPILER_HAS_HIDDEN_VISIBILITY - Success
[6.310s] -- Performing Test COMPILER_HAS_HIDDEN_INLINE_VISIBILITY
[6.410s] -- Performing Test COMPILER_HAS_HIDDEN_INLINE_VISIBILITY - Success
[6.410s] -- Performing Test COMPILER_HAS_DEPRECATED_ATTR
[6.509s] -- Performing Test COMPILER_HAS_DEPRECATED_ATTR - Success
[6.517s] -- Found ament_cmake_gtest: 1.3.9 (/opt/ros/humble/share/ament_cmake_gtest/cmake)
[6.521s] -- Found gtest sources under '/opt/ros/humble/src/gtest_vendor': C++ tests using 'Google Test' will be built
[6.560s] -- The C compiler identification is GNU 11.4.0
[6.567s] -- Detecting C compiler ABI info
[6.648s] -- Detecting C compiler ABI info - done
[6.653s] -- Check for working C compiler: /usr/bin/cc - skipped
[6.653s] -- Detecting C compile features
[6.654s] -- Detecting C compile features - done
[6.664s] -- Found gtest sources under '/opt/ros/humble/src/gtest_vendor': C++ tests using 'Google Test' will be built
[6.673s] -- Found gtest sources under '/opt/ros/humble/src/gtest_vendor': C++ tests using 'Google Test' will be built
[6.680s] -- Found ament_cmake_gtest: 1.3.9 (/opt/ros/humble/share/ament_cmake_gtest/cmake)
[6.681s] -- Found gtest sources under '/opt/ros/humble/src/gtest_vendor': C++ tests using 'Google Test' will be built
[6.689s] -- Found ament_cmake_gmock: 1.3.9 (/opt/ros/humble/share/ament_cmake_gmock/cmake)
[6.695s] -- Found gmock sources under '/opt/ros/humble/src/gmock_vendor': C++ tests using 'Google Mock' will be built
[6.698s] -- Found ament_cmake_gtest: 1.3.9 (/opt/ros/humble/share/ament_cmake_gtest/cmake)
[6.698s] -- Found gtest sources under '/opt/ros/humble/src/gtest_vendor': C++ tests using 'Google Test' will be built
[6.704s] -- Found ament_cmake_gtest: 1.3.9 (/opt/ros/humble/share/ament_cmake_gtest/cmake)
[6.705s] -- Found gtest sources under '/opt/ros/humble/src/gtest_vendor': C++ tests using 'Google Test' will be built
[6.715s] -- Found ament_cmake_gtest: 1.3.9 (/opt/ros/humble/share/ament_cmake_gtest/cmake)
[6.716s] -- Found gtest sources under '/opt/ros/humble/src/gtest_vendor': C++ tests using 'Google Test' will be built
[6.732s] -- Found ament_lint_auto: 0.12.11 (/opt/ros/humble/share/ament_lint_auto/cmake)
[6.733s] -- Found ament_cmake_gtest: 1.3.9 (/opt/ros/humble/share/ament_cmake_gtest/cmake)
[6.733s] -- Found gtest sources under '/opt/ros/humble/src/gtest_vendor': C++ tests using 'Google Test' will be built
[6.741s] -- Found ament_cmake_gtest: 1.3.9 (/opt/ros/humble/share/ament_cmake_gtest/cmake)
[6.742s] -- Found gtest sources under '/opt/ros/humble/src/gtest_vendor': C++ tests using 'Google Test' will be built
[6.749s] -- Found ament_cmake_gtest: 1.3.9 (/opt/ros/humble/share/ament_cmake_gtest/cmake)
[6.750s] -- Found gtest sources under '/opt/ros/humble/src/gtest_vendor': C++ tests using 'Google Test' will be built
[6.758s] -- Found ament_cmake_google_benchmark: 1.3.9 (/opt/ros/humble/share/ament_cmake_google_benchmark/cmake)
[6.759s] -- Found ament_cmake_gtest: 1.3.9 (/opt/ros/humble/share/ament_cmake_gtest/cmake)
[6.761s] -- Found gtest sources under '/opt/ros/humble/src/gtest_vendor': C++ tests using 'Google Test' will be built
[6.767s] -- Performance tests are disabled by default, so Google Benchmark tests will be skipped. To enable these tests, set the CMake variable 'AMENT_RUN_PERFORMANCE_TESTS'.
[6.769s] -- Found gtest sources under '/opt/ros/humble/src/gtest_vendor': C++ tests using 'Google Test' will be built
[6.774s] -- Found ament_cmake_google_benchmark: 1.3.9 (/opt/ros/humble/share/ament_cmake_google_benchmark/cmake)
[6.775s] -- Found ament_cmake_gtest: 1.3.9 (/opt/ros/humble/share/ament_cmake_gtest/cmake)
[6.776s] -- Found gtest sources under '/opt/ros/humble/src/gtest_vendor': C++ tests using 'Google Test' will be built
[6.779s] -- Performance tests are disabled by default, so Google Benchmark tests will be skipped. To enable these tests, set the CMake variable 'AMENT_RUN_PERFORMANCE_TESTS'.
[6.783s] -- Found ament_cmake_gtest: 1.3.9 (/opt/ros/humble/share/ament_cmake_gtest/cmake)
[6.784s] -- Found gtest sources under '/opt/ros/humble/src/gtest_vendor': C++ tests using 'Google Test' will be built
[6.795s] -- Found launch_testing_ament_cmake: 1.0.6 (/opt/ros/humble/share/launch_testing_ament_cmake/cmake)
[6.798s] -- Found python_cmake_module: 0.10.0 (/opt/ros/humble/share/python_cmake_module/cmake)
[6.816s] -- Found PythonInterp: /usr/bin/python3 (found suitable version "3.10.12", minimum required is "3.6") 
[6.820s] -- Found PythonLibs: /usr/lib/x86_64-linux-gnu/libpython3.10.so (found suitable version "3.10.12", minimum required is "3.5") 
[6.820s] -- Using PYTHON_EXECUTABLE: /usr/bin/python3
[6.820s] -- Using PYTHON_INCLUDE_DIRS: /usr/include/python3.10
[6.820s] -- Using PYTHON_LIBRARIES: /usr/lib/x86_64-linux-gnu/libpython3.10.so
[6.837s] -- Found PythonExtra: .so  
[6.840s] --  *** Building MoveIt 2.9.0 devel ***
[6.841s] -- Found ament_lint_auto: 0.12.11 (/opt/ros/humble/share/ament_lint_auto/cmake)
[6.846s] -- Found python_cmake_module: 0.10.0 (/opt/ros/humble/share/python_cmake_module/cmake)
[6.865s] -- Using PYTHON_EXECUTABLE: /usr/bin/python3
[6.865s] -- Using PYTHON_INCLUDE_DIRS: /usr/include/python3.10
[6.865s] -- Using PYTHON_LIBRARIES: /usr/lib/x86_64-linux-gnu/libpython3.10.so
[6.917s] -- Added test 'cppcheck' to perform static code analysis on C / C++ code
[6.917s] -- Configured cppcheck include dirs: 
[6.917s] -- Configured cppcheck exclude dirs and/or files: 
[6.921s] -- Added test 'pep257' to check Python code against some of the docstring style conventions in PEP 257
[6.925s] -- Added test 'xmllint' to check XML markup files
[6.927s] -- Configuring done
[7.587s] -- Generating done
[7.597s] -- Build files have been written to: /home/moveit/build/moveit_core
[7.633s] Invoked command in '/home/moveit/build/moveit_core' returned '0': AMENT_PREFIX_PATH=/home/moveit/install/moveit_resources_panda_moveit_config:/home/moveit/install/moveit_resources_pr2_description:/home/moveit/install/moveit_resources_panda_description:/home/moveit/install/moveit_msgs:/home/moveit/install/moveit_common:${AMENT_PREFIX_PATH} CMAKE_PREFIX_PATH=/home/moveit/install/moveit_resources_panda_moveit_config:/home/moveit/install/moveit_resources_pr2_description:/home/moveit/install/moveit_resources_panda_description:/home/moveit/install/moveit_msgs:/home/moveit/install/moveit_common:/opt/ros/humble LD_LIBRARY_PATH=/home/moveit/install/moveit_msgs/lib:${LD_LIBRARY_PATH} PYTHONPATH=/home/moveit/install/moveit_msgs/local/lib/python3.10/dist-packages:${PYTHONPATH} /usr/bin/cmake /home/moveit/src/moveit2/moveit_core -DCMAKE_BUILD_TYPE=Release -DCMAKE_INSTALL_PREFIX=/home/moveit/install/moveit_core
[7.635s] Invoking command in '/home/moveit/build/moveit_core': AMENT_PREFIX_PATH=/home/moveit/install/moveit_resources_panda_moveit_config:/home/moveit/install/moveit_resources_pr2_description:/home/moveit/install/moveit_resources_panda_description:/home/moveit/install/moveit_msgs:/home/moveit/install/moveit_common:${AMENT_PREFIX_PATH} CMAKE_PREFIX_PATH=/home/moveit/install/moveit_resources_panda_moveit_config:/home/moveit/install/moveit_resources_pr2_description:/home/moveit/install/moveit_resources_panda_description:/home/moveit/install/moveit_msgs:/home/moveit/install/moveit_common:/opt/ros/humble LD_LIBRARY_PATH=/home/moveit/install/moveit_msgs/lib:${LD_LIBRARY_PATH} PYTHONPATH=/home/moveit/install/moveit_msgs/local/lib/python3.10/dist-packages:${PYTHONPATH} /usr/bin/cmake --build /home/moveit/build/moveit_core -- -j16 -l16
[7.691s] [  2%] [32mBuilding CXX object gtest/CMakeFiles/gtest.dir/src/gtest-all.cc.o[0m
[7.691s] [  2%] [32mBuilding CXX object gmock/CMakeFiles/gmock.dir/src/gmock-all.cc.o[0m
[7.691s] [  2%] [32mBuilding CXX object gmock/CMakeFiles/gmock.dir/opt/ros/humble/src/gtest_vendor/src/gtest-all.cc.o[0m
[7.691s] [  2%] [32mBuilding CXX object gtest/CMakeFiles/gtest_main.dir/src/gtest_main.cc.o[0m
[7.692s] [  3%] [32mBuilding CXX object utils/CMakeFiles/moveit_utils.dir/src/lexical_casts.cpp.o[0m
[7.692s] [  4%] [32mBuilding CXX object utils/CMakeFiles/moveit_utils.dir/src/rclcpp_utils.cpp.o[0m
[7.692s] [  4%] [32mBuilding CXX object utils/CMakeFiles/moveit_utils.dir/src/message_checks.cpp.o[0m
[7.692s] [  4%] [32mBuilding CXX object gmock/CMakeFiles/gmock_main.dir/src/gmock_main.cc.o[0m
[7.692s] [  5%] [32mBuilding CXX object utils/CMakeFiles/moveit_utils.dir/src/logger.cpp.o[0m
[7.693s] [  5%] [32mBuilding CXX object online_signal_smoothing/CMakeFiles/moveit_smoothing_base.dir/src/smoothing_base_class.cpp.o[0m
[7.693s] [  5%] [34m[1mRunning `/opt/ros/humble/bin/generate_parameter_library_cpp /home/moveit/build/moveit_core/online_signal_smoothing/moveit_butterworth_parameters/include//moveit_butterworth_parameters.hpp /home/moveit/src/moveit2/moveit_core/online_signal_smoothing/src/butterworth_parameters.yaml `[0m
[7.693s] [  6%] [34m[1mGenerating ../include/moveit/version.h, always_rebuild[0m
[7.746s] [  7%] [34m[1mGenerating version.h[0m
[7.760s] [  7%] Built target version_h
[7.789s] [  8%] [32mBuilding CXX object version/CMakeFiles/moveit_version.dir/version.cpp.o[0m
[7.890s] [  8%] Built target moveit_butterworth_parameters
[8.149s] [  9%] [32m[1mLinking CXX executable moveit_version[0m
[8.313s] [  9%] Built target moveit_version
[8.724s] [  9%] [32m[1mLinking CXX static library libgtest_main.a[0m
[8.763s] [  9%] Built target gtest_main
[8.984s] [ 10%] [32m[1mLinking CXX static library libgmock_main.a[0m
[9.021s] [ 10%] Built target gmock_main
[10.664s] [ 11%] [32m[1mLinking CXX shared library libmoveit_smoothing_base.so[0m
[10.829s] [ 11%] Built target moveit_smoothing_base
[11.083s] [ 11%] [32m[1mLinking CXX shared library libmoveit_utils.so[0m
[11.210s] [ 11%] Built target moveit_utils
[11.232s] [ 15%] [32mBuilding CXX object distance_field/CMakeFiles/moveit_distance_field.dir/src/distance_field.cpp.o[0m
[11.232s] [ 15%] [32mBuilding CXX object distance_field/CMakeFiles/moveit_distance_field.dir/src/propagation_distance_field.cpp.o[0m
[11.232s] [ 15%] [32mBuilding CXX object utils/test/CMakeFiles/logger_dut.dir/logger_dut.cpp.o[0m
[11.232s] [ 15%] [32mBuilding CXX object exceptions/CMakeFiles/moveit_exceptions.dir/src/exceptions.cpp.o[0m
[11.233s] [ 15%] [32mBuilding CXX object distance_field/CMakeFiles/moveit_distance_field.dir/src/find_internal_points.cpp.o[0m
[11.233s] [ 15%] [32mBuilding CXX object transforms/CMakeFiles/moveit_transforms.dir/src/transforms.cpp.o[0m
[11.922s] [ 16%] [32m[1mLinking CXX shared library libmoveit_exceptions.so[0m
[12.068s] [ 16%] Built target moveit_exceptions
[12.097s] [ 17%] [32mBuilding CXX object robot_model/CMakeFiles/moveit_robot_model.dir/src/fixed_joint_model.cpp.o[0m
[12.097s] [ 17%] [32mBuilding CXX object robot_model/CMakeFiles/moveit_robot_model.dir/src/aabb.cpp.o[0m
[12.097s] [ 17%] [32mBuilding CXX object robot_model/CMakeFiles/moveit_robot_model.dir/src/link_model.cpp.o[0m
[12.097s] [ 18%] [32mBuilding CXX object robot_model/CMakeFiles/moveit_robot_model.dir/src/planar_joint_model.cpp.o[0m
[12.098s] [ 18%] [32mBuilding CXX object robot_model/CMakeFiles/moveit_robot_model.dir/src/joint_model.cpp.o[0m
[12.098s] [ 18%] [32mBuilding CXX object robot_model/CMakeFiles/moveit_robot_model.dir/src/revolute_joint_model.cpp.o[0m
[12.098s] [ 19%] [32mBuilding CXX object robot_model/CMakeFiles/moveit_robot_model.dir/src/joint_model_group.cpp.o[0m
[12.099s] [ 20%] [32mBuilding CXX object robot_model/CMakeFiles/moveit_robot_model.dir/src/prismatic_joint_model.cpp.o[0m
[12.101s] [ 21%] [32mBuilding CXX object robot_model/CMakeFiles/moveit_robot_model.dir/src/floating_joint_model.cpp.o[0m
[13.071s] [ 22%] [32mBuilding CXX object robot_model/CMakeFiles/moveit_robot_model.dir/src/robot_model.cpp.o[0m
[15.323s] [ 23%] [32m[1mLinking CXX static library libgtest.a[0m
[15.375s] [ 23%] Built target gtest
[15.538s] [ 24%] [32m[1mLinking CXX static library libgmock.a[0m
[15.602s] [ 24%] Built target gmock
[15.608s] [ 24%] [32m[1mLinking CXX executable logger_dut[0m
[15.814s] [ 24%] Built target logger_dut
[19.169s] [ 24%] [32m[1mLinking CXX shared library libmoveit_transforms.so[0m
[19.227s] [ 24%] [32m[1mLinking CXX shared library libmoveit_distance_field.so[0m
[19.312s] [ 24%] Built target moveit_transforms
[19.336s] [ 24%] [32mBuilding CXX object transforms/CMakeFiles/test_transforms.dir/test/test_transforms.cpp.o[0m
[19.393s] [ 24%] Built target moveit_distance_field
[19.414s] [ 25%] [32mBuilding CXX object distance_field/CMakeFiles/test_voxel_grid.dir/test/test_voxel_grid.cpp.o[0m
[19.414s] [ 25%] [32mBuilding CXX object distance_field/CMakeFiles/test_distance_field.dir/test/test_distance_field.cpp.o[0m
[21.779s] [ 26%] [32m[1mLinking CXX executable test_transforms[0m
[21.925s] [ 26%] Built target test_transforms
[22.316s] [ 26%] [32m[1mLinking CXX shared library libmoveit_robot_model.so[0m
[22.459s] [ 26%] Built target moveit_robot_model
[22.480s] [ 27%] [32mBuilding CXX object kinematics_base/CMakeFiles/moveit_kinematics_base.dir/src/kinematics_base.cpp.o[0m
[22.480s] [ 27%] [32mBuilding CXX object online_signal_smoothing/CMakeFiles/moveit_butterworth_filter.dir/src/butterworth_filter.cpp.o[0m
[22.970s] [ 28%] [32m[1mLinking CXX executable test_voxel_grid[0m
[23.102s] [ 28%] Built target test_voxel_grid
[26.158s] [ 29%] [32m[1mLinking CXX shared library libmoveit_kinematics_base.so[0m
[26.266s] [ 29%] Built target moveit_kinematics_base
[26.289s] [ 30%] [32mBuilding CXX object utils/CMakeFiles/moveit_test_utils.dir/src/robot_model_test_utils.cpp.o[0m
[26.289s] [ 30%] [32mBuilding CXX object robot_state/CMakeFiles/moveit_robot_state.dir/src/robot_state.cpp.o[0m
[26.289s] [ 32%] [32mBuilding CXX object robot_state/CMakeFiles/moveit_robot_state.dir/src/attached_body.cpp.o[0m
[26.289s] [ 32%] [32mBuilding CXX object robot_state/CMakeFiles/moveit_robot_state.dir/src/conversions.cpp.o[0m
[26.289s] [ 32%] [32mBuilding CXX object robot_state/CMakeFiles/moveit_robot_state.dir/src/cartesian_interpolator.cpp.o[0m
[26.957s] [ 32%] [32m[1mLinking CXX executable test_distance_field[0m
[27.208s] [ 32%] Built target test_distance_field
[27.485s] [ 33%] [32m[1mLinking CXX shared library libmoveit_butterworth_filter.so[0m
[27.645s] [ 33%] Built target moveit_butterworth_filter
[27.670s] [ 34%] [32mBuilding CXX object online_signal_smoothing/CMakeFiles/test_butterworth_filter.dir/test/test_butterworth_filter.cpp.o[0m
[33.415s] [ 34%] [32m[1mLinking CXX executable test_butterworth_filter[0m
[33.570s] [ 34%] Built target test_butterworth_filter
[37.639s] [ 35%] [32m[1mLinking CXX shared library libmoveit_test_utils.so[0m
[37.774s] [ 35%] Built target moveit_test_utils
[37.795s] [ 36%] [32mBuilding CXX object robot_model/CMakeFiles/test_robot_model.dir/test/test.cpp.o[0m
[42.030s] [ 37%] [32m[1mLinking CXX executable test_robot_model[0m
[42.246s] [ 37%] Built target test_robot_model
[43.438s] [ 37%] [32m[1mLinking CXX shared library libmoveit_robot_state.so[0m
[43.588s] [ 37%] Built target moveit_robot_state
[43.613s] [ 41%] [32mBuilding CXX object dynamics_solver/CMakeFiles/moveit_dynamics_solver.dir/src/dynamics_solver.cpp.o[0m
[43.613s] [ 41%] [32mBuilding CXX object kinematics_metrics/CMakeFiles/moveit_kinematics_metrics.dir/src/kinematics_metrics.cpp.o[0m
[43.613s] [ 41%] [32mBuilding CXX object robot_state/CMakeFiles/test_robot_state.dir/test/robot_state_test.cpp.o[0m
[43.613s] [ 41%] [32mBuilding CXX object collision_detection/CMakeFiles/moveit_collision_detection.dir/src/collision_common.cpp.o[0m
[43.614s] [ 41%] [32mBuilding CXX object collision_detection/CMakeFiles/moveit_collision_detection.dir/src/collision_tools.cpp.o[0m
[43.614s] [ 42%] [32mBuilding CXX object collision_detection/CMakeFiles/moveit_collision_detection.dir/src/allvalid/collision_env_allvalid.cpp.o[0m
[43.614s] [ 42%] [32mBuilding CXX object collision_detection/CMakeFiles/moveit_collision_detection.dir/src/collision_matrix.cpp.o[0m
[43.614s] [ 42%] [32mBuilding CXX object robot_trajectory/CMakeFiles/moveit_robot_trajectory.dir/src/robot_trajectory.cpp.o[0m
[43.614s] [ 42%] [32mBuilding CXX object collision_detection/CMakeFiles/moveit_collision_detection.dir/src/collision_octomap_filter.cpp.o[0m
[43.614s] [ 44%] [32mBuilding CXX object collision_detection/CMakeFiles/moveit_collision_detection.dir/src/world.cpp.o[0m
[43.614s] [ 44%] [32mBuilding CXX object robot_state/CMakeFiles/test_cartesian_interpolator.dir/test/test_cartesian_interpolator.cpp.o[0m
[43.614s] [ 42%] [32mBuilding CXX object collision_detection/CMakeFiles/moveit_collision_detection.dir/src/world_diff.cpp.o[0m
[43.614s] [ 42%] [32mBuilding CXX object robot_state/CMakeFiles/test_robot_state_complex.dir/test/test_kinematic_complex.cpp.o[0m
[43.614s] [ 46%] [32mBuilding CXX object robot_state/CMakeFiles/test_aabb.dir/test/test_aabb.cpp.o[0m
[43.614s] [ 46%] [32mBuilding CXX object collision_detection/CMakeFiles/moveit_collision_detection.dir/src/collision_env.cpp.o[0m
[43.617s] [ 46%] [32mBuilding CXX object robot_state/CMakeFiles/robot_state_benchmark.dir/test/robot_state_benchmark.cpp.o[0m
[47.552s] [ 46%] [32mBuilding CXX object collision_detection/CMakeFiles/moveit_collision_detection.dir/src/collision_plugin_cache.cpp.o[0m
[54.593s] [ 47%] [32m[1mLinking CXX shared library libmoveit_dynamics_solver.so[0m
[54.687s] [ 47%] [32m[1mLinking CXX executable test_cartesian_interpolator[0m
[54.797s] [ 47%] Built target moveit_dynamics_solver
[55.113s] [ 48%] [32m[1mLinking CXX executable robot_state_benchmark[0m
[55.210s] [ 48%] Built target test_cartesian_interpolator
[55.437s] [ 48%] Built target robot_state_benchmark
[56.506s] [ 48%] [32m[1mLinking CXX executable test_aabb[0m
[56.726s] [ 49%] [32m[1mLinking CXX shared library libmoveit_robot_trajectory.so[0m
[56.811s] [ 49%] Built target test_aabb
[56.916s] [ 49%] Built target moveit_robot_trajectory
[56.940s] [ 52%] [32mBuilding CXX object robot_trajectory/CMakeFiles/test_robot_trajectory.dir/test/test_robot_trajectory.cpp.o[0m
[56.940s] [ 52%] [32mBuilding CXX object trajectory_processing/CMakeFiles/moveit_trajectory_processing.dir/src/time_optimal_trajectory_generation.cpp.o[0m
[56.941s] [ 52%] [32mBuilding CXX object trajectory_processing/CMakeFiles/moveit_trajectory_processing.dir/src/ruckig_traj_smoothing.cpp.o[0m
[56.942s] [ 52%] [32mBuilding CXX object trajectory_processing/CMakeFiles/moveit_trajectory_processing.dir/src/trajectory_tools.cpp.o[0m
[57.000s] [ 53%] [32m[1mLinking CXX executable test_robot_state_complex[0m
[57.465s] [ 53%] Built target test_robot_state_complex
[61.529s] [ 54%] [32m[1mLinking CXX executable test_robot_state[0m
[61.861s] [ 54%] Built target test_robot_state
[63.408s] [ 55%] [32m[1mLinking CXX shared library libmoveit_collision_detection.so[0m
[63.619s] [ 55%] Built target moveit_collision_detection
[63.648s] [ 57%] [32mBuilding CXX object collision_detection_bullet/CMakeFiles/moveit_collision_detection_bullet.dir/src/bullet_integration/bullet_discrete_bvh_manager.cpp.o[0m
[63.648s] [ 57%] [32mBuilding CXX object collision_detection_fcl/CMakeFiles/moveit_collision_detection_fcl.dir/src/collision_common.cpp.o[0m
[63.649s] [ 57%] [32mBuilding CXX object collision_detection/CMakeFiles/test_world.dir/test/test_world.cpp.o[0m
[63.649s] [ 57%] [32mBuilding CXX object collision_detection/CMakeFiles/test_all_valid.dir/test/test_all_valid.cpp.o[0m
[63.649s] [ 58%] [32mBuilding CXX object collision_detection_bullet/CMakeFiles/moveit_collision_detection_bullet.dir/src/bullet_integration/bullet_bvh_manager.cpp.o[0m
[63.649s] [ 59%] [32mBuilding CXX object collision_detection_bullet/CMakeFiles/moveit_collision_detection_bullet.dir/src/bullet_integration/bullet_utils.cpp.o[0m
[63.649s] [ 59%] [32mBuilding CXX object collision_detection_bullet/CMakeFiles/moveit_collision_detection_bullet.dir/src/bullet_integration/ros_bullet_utils.cpp.o[0m
[63.649s] [ 61%] [32mBuilding CXX object collision_detection_fcl/CMakeFiles/moveit_collision_detection_fcl.dir/src/collision_env_fcl.cpp.o[0m
[63.649s] [ 61%] [32mBuilding CXX object collision_detection_bullet/CMakeFiles/moveit_collision_detection_bullet.dir/src/bullet_integration/bullet_cast_bvh_manager.cpp.o[0m
[63.650s] [ 62%] [32mBuilding CXX object collision_detection_bullet/CMakeFiles/moveit_collision_detection_bullet.dir/src/bullet_integration/contact_checker_common.cpp.o[0m
[63.654s] [ 63%] [32mBuilding CXX object collision_detection/CMakeFiles/test_world_diff.dir/test/test_world_diff.cpp.o[0m
[63.654s] [ 63%] [32mBuilding CXX object collision_detection_bullet/CMakeFiles/moveit_collision_detection_bullet.dir/src/collision_env_bullet.cpp.o[0m
[67.915s] [ 63%] [32m[1mLinking CXX shared library libmoveit_trajectory_processing.so[0m
[68.090s] [ 63%] [32m[1mLinking CXX executable test_robot_trajectory[0m
[68.276s] [ 63%] Built target moveit_trajectory_processing
[68.324s] [ 64%] [32mBuilding CXX object trajectory_processing/CMakeFiles/test_ruckig_traj_smoothing.dir/test/test_ruckig_traj_smoothing.cpp.o[0m
[68.325s] [ 65%] [32mBuilding CXX object trajectory_processing/CMakeFiles/test_time_optimal_trajectory_generation.dir/test/test_time_optimal_trajectory_generation.cpp.o[0m
[68.660s] [ 65%] Built target test_robot_trajectory
[68.706s] [ 65%] [32mBuilding CXX object trajectory_processing/CMakeFiles/robot_trajectory_benchmark.dir/test/robot_trajectory_benchmark.cpp.o[0m
[69.812s] [ 66%] [32m[1mLinking CXX shared library libmoveit_kinematics_metrics.so[0m
[70.212s] [ 66%] Built target moveit_kinematics_metrics
[72.356s] [ 66%] [32m[1mLinking CXX executable test_world_diff[0m
[72.745s] [ 66%] Built target test_world_diff
[75.109s] [ 66%] [32m[1mLinking CXX executable test_world[0m
[75.449s] [ 66%] Built target test_world
[75.582s] [ 66%] [32m[1mLinking CXX executable test_all_valid[0m
[75.891s] [ 66%] Built target test_all_valid
[76.354s] [ 67%] [32m[1mLinking CXX shared library libmoveit_collision_detection_bullet.so[0m
[76.578s] [ 67%] Built target moveit_collision_detection_bullet
[76.606s] [ 67%] [32mBuilding CXX object collision_detection_bullet/CMakeFiles/test_bullet_continuous_collision_checking.dir/test/test_bullet_continuous_collision_checking.cpp.o[0m
[76.607s] [ 68%] [32mBuilding CXX object collision_detection_bullet/CMakeFiles/test_bullet_collision_detection.dir/test/test_bullet_collision_detection_pr2.cpp.o[0m
[76.608s] [ 68%] [32mBuilding CXX object collision_detection_bullet/CMakeFiles/test_bullet_collision_detection_panda.dir/test/test_bullet_collision_detection_panda.cpp.o[0m
[77.844s] [ 69%] [32m[1mLinking CXX shared library libmoveit_collision_detection_fcl.so[0m
[78.087s] [ 69%] Built target moveit_collision_detection_fcl
[78.119s] [ 70%] [32mBuilding CXX object collision_detection_fcl/CMakeFiles/test_fcl_collision_env.dir/test/test_fcl_env.cpp.o[0m
[78.119s] [ 70%] [32mBuilding CXX object kinematic_constraints/CMakeFiles/moveit_kinematic_constraints.dir/src/utils.cpp.o[0m
[78.119s] [ 70%] [32mBuilding CXX object kinematic_constraints/CMakeFiles/moveit_kinematic_constraints.dir/src/kinematic_constraint.cpp.o[0m
[78.119s] [ 70%] [32mBuilding CXX object collision_detection_fcl/CMakeFiles/test_fcl_collision_detection_panda.dir/test/test_fcl_collision_detection_panda.cpp.o[0m
[78.119s] [ 71%] [32mBuilding CXX object collision_detection_fcl/CMakeFiles/test_fcl_collision_detection.dir/test/test_fcl_collision_detection_pr2.cpp.o[0m
[79.078s] [ 72%] [32m[1mLinking CXX executable robot_trajectory_benchmark[0m
[79.494s] [ 72%] [32m[1mLinking CXX executable test_ruckig_traj_smoothing[0m
[79.600s] [ 72%] Built target robot_trajectory_benchmark
[79.844s] [ 72%] Built target test_ruckig_traj_smoothing
[81.753s] [ 73%] [32m[1mLinking CXX executable test_time_optimal_trajectory_generation[0m
[82.132s] [ 73%] Built target test_time_optimal_trajectory_generation
[86.410s] [ 74%] [32m[1mLinking CXX executable test_bullet_collision_detection_panda[0m
[86.793s] [ 74%] Built target test_bullet_collision_detection_panda
[88.373s] [ 75%] [32m[1mLinking CXX executable test_bullet_collision_detection[0m
[88.759s] [ 75%] Built target test_bullet_collision_detection
[88.772s] [ 76%] [32m[1mLinking CXX executable test_fcl_collision_env[0m
[89.063s] [ 77%] [32m[1mLinking CXX executable test_bullet_continuous_collision_checking[0m
[89.134s] [ 77%] Built target test_fcl_collision_env
[89.391s] [ 77%] Built target test_bullet_continuous_collision_checking
[89.587s] [ 78%] [32m[1mLinking CXX executable test_fcl_collision_detection_panda[0m
[89.883s] [ 78%] Built target test_fcl_collision_detection_panda
[90.795s] [ 79%] [32m[1mLinking CXX executable test_fcl_collision_detection[0m
[91.068s] [ 79%] Built target test_fcl_collision_detection
[93.550s] [ 80%] [32m[1mLinking CXX shared library libmoveit_kinematic_constraints.so[0m
[93.715s] [ 80%] Built target moveit_kinematic_constraints
[93.739s] [ 82%] [32mBuilding CXX object kinematic_constraints/CMakeFiles/test_constraints.dir/test/test_constraints.cpp.o[0m
[93.739s] [ 82%] [32mBuilding CXX object kinematic_constraints/CMakeFiles/test_orientation_constraints.dir/test/test_orientation_constraints.cpp.o[0m
[93.739s] [ 82%] [32mBuilding CXX object planning_scene/CMakeFiles/moveit_planning_scene.dir/src/planning_scene.cpp.o[0m
[101.706s] [ 82%] [32m[1mLinking CXX executable test_orientation_constraints[0m
[101.971s] [ 82%] Built target test_orientation_constraints
[102.850s] [ 82%] [32m[1mLinking CXX executable test_constraints[0m
[103.090s] [ 82%] Built target test_constraints
[107.627s] [ 83%] [32m[1mLinking CXX shared library libmoveit_planning_scene.so[0m
[107.778s] [ 83%] Built target moveit_planning_scene
[107.803s] [ 87%] [32mBuilding CXX object collision_distance_field/CMakeFiles/moveit_collision_distance_field.dir/src/collision_env_distance_field.cpp.o[0m
[107.803s] [ 87%] [32mBuilding CXX object planning_scene/CMakeFiles/test_planning_scene.dir/test/test_planning_scene.cpp.o[0m
[107.803s] [ 87%] [32mBuilding CXX object constraint_samplers/CMakeFiles/moveit_constraint_samplers.dir/src/constraint_sampler.cpp.o[0m
[107.803s] [ 87%] [32mBuilding CXX object planning_interface/CMakeFiles/moveit_planning_interface.dir/src/planning_response.cpp.o[0m
[107.803s] [ 87%] [32mBuilding CXX object constraint_samplers/CMakeFiles/moveit_constraint_samplers.dir/src/constraint_sampler_manager.cpp.o[0m
[107.803s] [ 87%] [32mBuilding CXX object collision_detection_fcl/CMakeFiles/collision_detector_fcl_plugin.dir/src/collision_detector_fcl_plugin_loader.cpp.o[0m
[107.803s] [ 87%] [32mBuilding CXX object collision_detection_bullet/CMakeFiles/collision_detector_bullet_plugin.dir/src/collision_detector_bullet_plugin_loader.cpp.o[0m
[107.803s] [ 87%] [32mBuilding CXX object collision_distance_field/CMakeFiles/moveit_collision_distance_field.dir/src/collision_common_distance_field.cpp.o[0m
[107.803s] [ 88%] [32mBuilding CXX object constraint_samplers/CMakeFiles/moveit_constraint_samplers.dir/src/default_constraint_samplers.cpp.o[0m
[107.803s] [ 87%] [32mBuilding CXX object collision_distance_field/CMakeFiles/moveit_collision_distance_field.dir/src/collision_distance_field_types.cpp.o[0m
[107.803s] [ 87%] [32mBuilding CXX object planning_interface/CMakeFiles/moveit_planning_interface.dir/src/planning_interface.cpp.o[0m
[107.804s] [ 91%] [32mBuilding CXX object planning_scene/CMakeFiles/test_collision_objects.dir/test/test_collision_objects.cpp.o[0m
[107.804s] [ 91%] [32mBuilding CXX object collision_distance_field/CMakeFiles/moveit_collision_distance_field.dir/src/collision_env_hybrid.cpp.o[0m
[107.804s] [ 91%] [32mBuilding CXX object constraint_samplers/CMakeFiles/moveit_constraint_samplers.dir/src/union_constraint_sampler.cpp.o[0m
[107.804s] [ 91%] [32mBuilding CXX object planning_scene/CMakeFiles/test_multi_threaded.dir/test/test_multi_threaded.cpp.o[0m
[107.804s] [ 91%] [32mBuilding CXX object constraint_samplers/CMakeFiles/moveit_constraint_samplers.dir/src/constraint_sampler_tools.cpp.o[0m
[122.010s] [ 92%] [32m[1mLinking CXX shared library libcollision_detector_bullet_plugin.so[0m
[122.454s] [ 92%] Built target collision_detector_bullet_plugin
[123.356s] [ 92%] [32m[1mLinking CXX executable test_multi_threaded[0m
[123.803s] [ 92%] Built target test_multi_threaded
[124.282s] [ 93%] [32m[1mLinking CXX shared library libmoveit_planning_interface.so[0m
[124.424s] [ 94%] [32m[1mLinking CXX shared library libcollision_detector_fcl_plugin.so[0m
[124.469s] [ 94%] Built target moveit_planning_interface
[124.597s] [ 94%] Built target collision_detector_fcl_plugin
[125.582s] [ 95%] [32m[1mLinking CXX shared library libmoveit_constraint_samplers.so[0m
[125.780s] [ 95%] Built target moveit_constraint_samplers
[125.807s] [ 96%] [32mBuilding CXX object constraint_samplers/CMakeFiles/test_constraint_samplers.dir/test/test_constraint_samplers.cpp.o[0m
[125.807s] [ 96%] [32mBuilding CXX object constraint_samplers/CMakeFiles/test_constraint_samplers.dir/test/pr2_arm_ik.cpp.o[0m
[125.807s] [ 96%] [32mBuilding CXX object constraint_samplers/CMakeFiles/test_constraint_samplers.dir/test/pr2_arm_kinematics_plugin.cpp.o[0m
[125.832s] [ 97%] [32m[1mLinking CXX executable test_collision_objects[0m
[126.156s] [ 97%] Built target test_collision_objects
[129.610s] [ 97%] [32m[1mLinking CXX executable test_planning_scene[0m
[129.803s] [ 98%] [32m[1mLinking CXX shared library libmoveit_collision_distance_field.so[0m
[129.992s] [ 98%] Built target test_planning_scene
[130.080s] [ 98%] Built target moveit_collision_distance_field
[130.108s] [ 99%] [32mBuilding CXX object collision_distance_field/CMakeFiles/test_collision_distance_field.dir/test/test_collision_distance_field.cpp.o[0m
[138.160s] [100%] [32m[1mLinking CXX executable test_constraint_samplers[0m
[138.488s] [100%] Built target test_constraint_samplers
[138.840s] [100%] [32m[1mLinking CXX executable test_collision_distance_field[0m
[139.072s] [100%] Built target test_collision_distance_field
[139.085s] Invoked command in '/home/moveit/build/moveit_core' returned '0': AMENT_PREFIX_PATH=/home/moveit/install/moveit_resources_panda_moveit_config:/home/moveit/install/moveit_resources_pr2_description:/home/moveit/install/moveit_resources_panda_description:/home/moveit/install/moveit_msgs:/home/moveit/install/moveit_common:${AMENT_PREFIX_PATH} CMAKE_PREFIX_PATH=/home/moveit/install/moveit_resources_panda_moveit_config:/home/moveit/install/moveit_resources_pr2_description:/home/moveit/install/moveit_resources_panda_description:/home/moveit/install/moveit_msgs:/home/moveit/install/moveit_common:/opt/ros/humble LD_LIBRARY_PATH=/home/moveit/install/moveit_msgs/lib:${LD_LIBRARY_PATH} PYTHONPATH=/home/moveit/install/moveit_msgs/local/lib/python3.10/dist-packages:${PYTHONPATH} /usr/bin/cmake --build /home/moveit/build/moveit_core -- -j16 -l16
[139.160s] Invoking command in '/home/moveit/build/moveit_core': AMENT_PREFIX_PATH=/home/moveit/install/moveit_resources_panda_moveit_config:/home/moveit/install/moveit_resources_pr2_description:/home/moveit/install/moveit_resources_panda_description:/home/moveit/install/moveit_msgs:/home/moveit/install/moveit_common:${AMENT_PREFIX_PATH} CMAKE_PREFIX_PATH=/home/moveit/install/moveit_resources_panda_moveit_config:/home/moveit/install/moveit_resources_pr2_description:/home/moveit/install/moveit_resources_panda_description:/home/moveit/install/moveit_msgs:/home/moveit/install/moveit_common:/opt/ros/humble LD_LIBRARY_PATH=/home/moveit/install/moveit_msgs/lib:${LD_LIBRARY_PATH} PYTHONPATH=/home/moveit/install/moveit_msgs/local/lib/python3.10/dist-packages:${PYTHONPATH} /usr/bin/cmake --install /home/moveit/build/moveit_core
[139.169s] -- Install configuration: "Release"
[139.169s] -- Installing: /home/moveit/install/moveit_core/include/moveit_core
[139.170s] -- Installing: /home/moveit/install/moveit_core/include/moveit_core/moveit
[139.170s] -- Installing: /home/moveit/install/moveit_core/include/moveit_core/moveit/collision_detection_bullet
[139.171s] -- Installing: /home/moveit/install/moveit_core/include/moveit_core/moveit/collision_detection_bullet/collision_detector_bullet_plugin_loader.h
[139.171s] -- Installing: /home/moveit/install/moveit_core/include/moveit_core/moveit/collision_detection_bullet/collision_env_bullet.h
[139.171s] -- Installing: /home/moveit/install/moveit_core/include/moveit_core/moveit/collision_detection_bullet/collision_detector_allocator_bullet.h
[139.171s] -- Installing: /home/moveit/install/moveit_core/include/moveit_core/moveit/collision_detection_bullet/bullet_integration
[139.172s] -- Installing: /home/moveit/install/moveit_core/include/moveit_core/moveit/collision_detection_bullet/bullet_integration/ros_bullet_utils.h
[139.172s] -- Installing: /home/moveit/install/moveit_core/include/moveit_core/moveit/collision_detection_bullet/bullet_integration/bullet_discrete_bvh_manager.h
[139.172s] -- Installing: /home/moveit/install/moveit_core/include/moveit_core/moveit/collision_detection_bullet/bullet_integration/bullet_utils.h
[139.173s] -- Installing: /home/moveit/install/moveit_core/include/moveit_core/moveit/collision_detection_bullet/bullet_integration/bullet_cast_bvh_manager.h
[139.173s] -- Installing: /home/moveit/install/moveit_core/include/moveit_core/moveit/collision_detection_bullet/bullet_integration/bullet_bvh_manager.h
[139.173s] -- Installing: /home/moveit/install/moveit_core/include/moveit_core/moveit/collision_detection_bullet/bullet_integration/contact_checker_common.h
[139.173s] -- Installing: /home/moveit/install/moveit_core/include/moveit_core/moveit/collision_detection_bullet/bullet_integration/basic_types.h
[139.174s] -- Installing: /home/moveit/install/moveit_core/include/moveit_core/moveit_collision_detection_bullet_export.h
[139.174s] -- Up-to-date: /home/moveit/install/moveit_core/include/moveit_core
[139.174s] -- Up-to-date: /home/moveit/install/moveit_core/include/moveit_core/moveit
[139.175s] -- Installing: /home/moveit/install/moveit_core/include/moveit_core/moveit/collision_detection_fcl
[139.175s] -- Installing: /home/moveit/install/moveit_core/include/moveit_core/moveit/collision_detection_fcl/fcl_compat.h
[139.175s] -- Installing: /home/moveit/install/moveit_core/include/moveit_core/moveit/collision_detection_fcl/collision_detector_fcl_plugin_loader.h
[139.175s] -- Installing: /home/moveit/install/moveit_core/include/moveit_core/moveit/collision_detection_fcl/collision_common.h
[139.175s] -- Installing: /home/moveit/install/moveit_core/include/moveit_core/moveit/collision_detection_fcl/collision_detector_allocator_fcl.h
[139.176s] -- Installing: /home/moveit/install/moveit_core/include/moveit_core/moveit/collision_detection_fcl/collision_env_fcl.h
[139.176s] -- Installing: /home/moveit/install/moveit_core/include/moveit_core/moveit_collision_detection_fcl_export.h
[139.176s] -- Up-to-date: /home/moveit/install/moveit_core/include/moveit_core
[139.176s] -- Up-to-date: /home/moveit/install/moveit_core/include/moveit_core/moveit
[139.176s] -- Installing: /home/moveit/install/moveit_core/include/moveit_core/moveit/collision_detection
[139.176s] -- Installing: /home/moveit/install/moveit_core/include/moveit_core/moveit/collision_detection/collision_plugin_cache.h
[139.177s] -- Installing: /home/moveit/install/moveit_core/include/moveit_core/moveit/collision_detection/test_collision_common_pr2.h
[139.177s] -- Installing: /home/moveit/install/moveit_core/include/moveit_core/moveit/collision_detection/test_collision_common_panda.h
[139.178s] -- Installing: /home/moveit/install/moveit_core/include/moveit_core/moveit/collision_detection/collision_tools.h
[139.178s] -- Installing: /home/moveit/install/moveit_core/include/moveit_core/moveit/collision_detection/collision_plugin.h
[139.178s] -- Installing: /home/moveit/install/moveit_core/include/moveit_core/moveit/collision_detection/allvalid
[139.178s] -- Installing: /home/moveit/install/moveit_core/include/moveit_core/moveit/collision_detection/allvalid/collision_detector_allocator_allvalid.h
[139.179s] -- Installing: /home/moveit/install/moveit_core/include/moveit_core/moveit/collision_detection/allvalid/collision_env_allvalid.h
[139.179s] -- Installing: /home/moveit/install/moveit_core/include/moveit_core/moveit/collision_detection/collision_common.h
[139.179s] -- Installing: /home/moveit/install/moveit_core/include/moveit_core/moveit/collision_detection/collision_octomap_filter.h
[139.179s] -- Installing: /home/moveit/install/moveit_core/include/moveit_core/moveit/collision_detection/occupancy_map.h
[139.179s] -- Installing: /home/moveit/install/moveit_core/include/moveit_core/moveit/collision_detection/collision_detector_allocator.h
[139.180s] -- Installing: /home/moveit/install/moveit_core/include/moveit_core/moveit/collision_detection/collision_matrix.h
[139.180s] -- Installing: /home/moveit/install/moveit_core/include/moveit_core/moveit/collision_detection/world_diff.h
[139.180s] -- Installing: /home/moveit/install/moveit_core/include/moveit_core/moveit/collision_detection/world.h
[139.180s] -- Installing: /home/moveit/install/moveit_core/include/moveit_core/moveit/collision_detection/collision_env.h
[139.180s] -- Installing: /home/moveit/install/moveit_core/include/moveit_core/moveit_collision_detection_export.h
[139.181s] -- Up-to-date: /home/moveit/install/moveit_core/include/moveit_core
[139.181s] -- Up-to-date: /home/moveit/install/moveit_core/include/moveit_core/moveit
[139.181s] -- Installing: /home/moveit/install/moveit_core/include/moveit_core/moveit/collision_distance_field
[139.181s] -- Installing: /home/moveit/install/moveit_core/include/moveit_core/moveit/collision_distance_field/collision_distance_field_types.h
[139.181s] -- Installing: /home/moveit/install/moveit_core/include/moveit_core/moveit/collision_distance_field/collision_detector_allocator_hybrid.h
[139.182s] -- Installing: /home/moveit/install/moveit_core/include/moveit_core/moveit/collision_distance_field/collision_common_distance_field.h
[139.182s] -- Installing: /home/moveit/install/moveit_core/include/moveit_core/moveit/collision_distance_field/collision_env_distance_field.h
[139.182s] -- Installing: /home/moveit/install/moveit_core/include/moveit_core/moveit/collision_distance_field/collision_env_hybrid.h
[139.182s] -- Installing: /home/moveit/install/moveit_core/include/moveit_core/moveit/collision_distance_field/collision_detector_allocator_distance_field.h
[139.182s] -- Installing: /home/moveit/install/moveit_core/include/moveit_core/moveit_collision_distance_field_export.h
[139.183s] -- Up-to-date: /home/moveit/install/moveit_core/include/moveit_core
[139.183s] -- Up-to-date: /home/moveit/install/moveit_core/include/moveit_core/moveit
[139.183s] -- Installing: /home/moveit/install/moveit_core/include/moveit_core/moveit/constraint_samplers
[139.183s] -- Installing: /home/moveit/install/moveit_core/include/moveit_core/moveit/constraint_samplers/constraint_sampler.h
[139.183s] -- Installing: /home/moveit/install/moveit_core/include/moveit_core/moveit/constraint_samplers/default_constraint_samplers.h
[139.183s] -- Installing: /home/moveit/install/moveit_core/include/moveit_core/moveit/constraint_samplers/constraint_sampler_allocator.h
[139.183s] -- Installing: /home/moveit/install/moveit_core/include/moveit_core/moveit/constraint_samplers/constraint_sampler_tools.h
[139.184s] -- Installing: /home/moveit/install/moveit_core/include/moveit_core/moveit/constraint_samplers/union_constraint_sampler.h
[139.184s] -- Installing: /home/moveit/install/moveit_core/include/moveit_core/moveit/constraint_samplers/constraint_sampler_manager.h
[139.184s] -- Up-to-date: /home/moveit/install/moveit_core/include/moveit_core
[139.185s] -- Up-to-date: /home/moveit/install/moveit_core/include/moveit_core/moveit
[139.185s] -- Installing: /home/moveit/install/moveit_core/include/moveit_core/moveit/controller_manager
[139.185s] -- Installing: /home/moveit/install/moveit_core/include/moveit_core/moveit/controller_manager/controller_manager.h
[139.186s] -- Up-to-date: /home/moveit/install/moveit_core/include/moveit_core
[139.186s] -- Up-to-date: /home/moveit/install/moveit_core/include/moveit_core/moveit
[139.186s] -- Installing: /home/moveit/install/moveit_core/include/moveit_core/moveit/distance_field
[139.186s] -- Installing: /home/moveit/install/moveit_core/include/moveit_core/moveit/distance_field/distance_field.h
[139.186s] -- Installing: /home/moveit/install/moveit_core/include/moveit_core/moveit/distance_field/voxel_grid.h
[139.186s] -- Installing: /home/moveit/install/moveit_core/include/moveit_core/moveit/distance_field/propagation_distance_field.h
[139.187s] -- Installing: /home/moveit/install/moveit_core/include/moveit_core/moveit/distance_field/find_internal_points.h
[139.187s] -- Up-to-date: /home/moveit/install/moveit_core/include/moveit_core
[139.187s] -- Up-to-date: /home/moveit/install/moveit_core/include/moveit_core/moveit
[139.188s] -- Installing: /home/moveit/install/moveit_core/include/moveit_core/moveit/dynamics_solver
[139.188s] -- Installing: /home/moveit/install/moveit_core/include/moveit_core/moveit/dynamics_solver/dynamics_solver.h
[139.189s] -- Up-to-date: /home/moveit/install/moveit_core/include/moveit_core
[139.189s] -- Up-to-date: /home/moveit/install/moveit_core/include/moveit_core/moveit
[139.189s] -- Installing: /home/moveit/install/moveit_core/include/moveit_core/moveit/exceptions
[139.189s] -- Installing: /home/moveit/install/moveit_core/include/moveit_core/moveit/exceptions/exceptions.h
[139.189s] -- Up-to-date: /home/moveit/install/moveit_core/include/moveit_core
[139.190s] -- Up-to-date: /home/moveit/install/moveit_core/include/moveit_core/moveit
[139.190s] -- Installing: /home/moveit/install/moveit_core/include/moveit_core/moveit/kinematic_constraints
[139.190s] -- Installing: /home/moveit/install/moveit_core/include/moveit_core/moveit/kinematic_constraints/utils.h
[139.190s] -- Installing: /home/moveit/install/moveit_core/include/moveit_core/moveit/kinematic_constraints/kinematic_constraint.h
[139.190s] -- Up-to-date: /home/moveit/install/moveit_core/include/moveit_core
[139.190s] -- Up-to-date: /home/moveit/install/moveit_core/include/moveit_core/moveit
[139.191s] -- Installing: /home/moveit/install/moveit_core/include/moveit_core/moveit/kinematics_base
[139.191s] -- Installing: /home/moveit/install/moveit_core/include/moveit_core/moveit/kinematics_base/kinematics_base.h
[139.191s] -- Installing: /home/moveit/install/moveit_core/include/moveit_core/moveit_kinematics_base_export.h
[139.191s] -- Up-to-date: /home/moveit/install/moveit_core/include/moveit_core
[139.191s] -- Up-to-date: /home/moveit/install/moveit_core/include/moveit_core/moveit
[139.192s] -- Installing: /home/moveit/install/moveit_core/include/moveit_core/moveit/kinematics_metrics
[139.192s] -- Installing: /home/moveit/install/moveit_core/include/moveit_core/moveit/kinematics_metrics/kinematics_metrics.h
[139.192s] -- Up-to-date: /home/moveit/install/moveit_core/include/moveit_core
[139.192s] -- Up-to-date: /home/moveit/install/moveit_core/include/moveit_core/moveit
[139.192s] -- Installing: /home/moveit/install/moveit_core/include/moveit_core/moveit/macros
[139.192s] -- Installing: /home/moveit/install/moveit_core/include/moveit_core/moveit/macros/class_forward.h
[139.192s] -- Installing: /home/moveit/install/moveit_core/include/moveit_core/moveit/macros/declare_ptr.h
[139.193s] -- Installing: /home/moveit/install/moveit_core/include/moveit_core/moveit/macros/console_colors.h
[139.193s] -- Installing: /home/moveit/install/moveit_core/include/moveit_core/moveit/macros/deprecation.h
[139.193s] -- Installing: /home/moveit/install/moveit_core/include/moveit_butterworth_parameters
[139.193s] -- Installing: /home/moveit/install/moveit_core/include/moveit_butterworth_parameters/moveit_butterworth_parameters.hpp
[139.194s] -- Up-to-date: /home/moveit/install/moveit_core/include/moveit_core
[139.194s] -- Up-to-date: /home/moveit/install/moveit_core/include/moveit_core/moveit
[139.194s] -- Installing: /home/moveit/install/moveit_core/include/moveit_core/moveit/online_signal_smoothing
[139.194s] -- Installing: /home/moveit/install/moveit_core/include/moveit_core/moveit/online_signal_smoothing/smoothing_base_class.h
[139.195s] -- Installing: /home/moveit/install/moveit_core/include/moveit_core/moveit/online_signal_smoothing/butterworth_filter.h
[139.195s] -- Installing: /home/moveit/install/moveit_core/include/moveit_core/moveit_smoothing_base_export.h
[139.195s] -- Installing: /home/moveit/install/moveit_core/include/moveit_core/moveit_butterworth_filter_export.h
[139.196s] -- Up-to-date: /home/moveit/install/moveit_core/include/moveit_core
[139.196s] -- Up-to-date: /home/moveit/install/moveit_core/include/moveit_core/moveit
[139.196s] -- Installing: /home/moveit/install/moveit_core/include/moveit_core/moveit/planning_interface
[139.196s] -- Installing: /home/moveit/install/moveit_core/include/moveit_core/moveit/planning_interface/planning_response.h
[139.196s] -- Installing: /home/moveit/install/moveit_core/include/moveit_core/moveit/planning_interface/planning_request.h
[139.196s] -- Installing: /home/moveit/install/moveit_core/include/moveit_core/moveit/planning_interface/planning_response_adapter.h
[139.197s] -- Installing: /home/moveit/install/moveit_core/include/moveit_core/moveit/planning_interface/planning_request_adapter.h
[139.197s] -- Installing: /home/moveit/install/moveit_core/include/moveit_core/moveit/planning_interface/planning_interface.h
[139.197s] -- Up-to-date: /home/moveit/install/moveit_core/include/moveit_core
[139.197s] -- Up-to-date: /home/moveit/install/moveit_core/include/moveit_core/moveit
[139.197s] -- Installing: /home/moveit/install/moveit_core/include/moveit_core/moveit/planning_scene
[139.198s] -- Installing: /home/moveit/install/moveit_core/include/moveit_core/moveit/planning_scene/planning_scene.h
[139.198s] -- Installing: /home/moveit/install/moveit_core/include/moveit_core/moveit_planning_scene_export.h
[139.198s] -- Up-to-date: /home/moveit/install/moveit_core/include/moveit_core
[139.198s] -- Up-to-date: /home/moveit/install/moveit_core/include/moveit_core/moveit
[139.198s] -- Installing: /home/moveit/install/moveit_core/include/moveit_core/moveit/robot_model
[139.198s] -- Installing: /home/moveit/install/moveit_core/include/moveit_core/moveit/robot_model/joint_model_group.h
[139.198s] -- Installing: /home/moveit/install/moveit_core/include/moveit_core/moveit/robot_model/revolute_joint_model.h
[139.199s] -- Installing: /home/moveit/install/moveit_core/include/moveit_core/moveit/robot_model/floating_joint_model.h
[139.199s] -- Installing: /home/moveit/install/moveit_core/include/moveit_core/moveit/robot_model/fixed_joint_model.h
[139.199s] -- Installing: /home/moveit/install/moveit_core/include/moveit_core/moveit/robot_model/aabb.h
[139.199s] -- Installing: /home/moveit/install/moveit_core/include/moveit_core/moveit/robot_model/prismatic_joint_model.h
[139.199s] -- Installing: /home/moveit/install/moveit_core/include/moveit_core/moveit/robot_model/robot_model.h
[139.199s] -- Installing: /home/moveit/install/moveit_core/include/moveit_core/moveit/robot_model/planar_joint_model.h
[139.200s] -- Installing: /home/moveit/install/moveit_core/include/moveit_core/moveit/robot_model/joint_model.h
[139.200s] -- Installing: /home/moveit/install/moveit_core/include/moveit_core/moveit/robot_model/link_model.h
[139.200s] -- Up-to-date: /home/moveit/install/moveit_core/include/moveit_core
[139.200s] -- Up-to-date: /home/moveit/install/moveit_core/include/moveit_core/moveit
[139.200s] -- Installing: /home/moveit/install/moveit_core/include/moveit_core/moveit/robot_state
[139.200s] -- Installing: /home/moveit/install/moveit_core/include/moveit_core/moveit/robot_state/attached_body.h
[139.200s] -- Installing: /home/moveit/install/moveit_core/include/moveit_core/moveit/robot_state/cartesian_interpolator.h
[139.201s] -- Installing: /home/moveit/install/moveit_core/include/moveit_core/moveit/robot_state/robot_state.h
[139.201s] -- Installing: /home/moveit/install/moveit_core/include/moveit_core/moveit/robot_state/conversions.h
[139.201s] -- Up-to-date: /home/moveit/install/moveit_core/include/moveit_core
[139.201s] -- Up-to-date: /home/moveit/install/moveit_core/include/moveit_core/moveit
[139.201s] -- Installing: /home/moveit/install/moveit_core/include/moveit_core/moveit/robot_trajectory
[139.201s] -- Installing: /home/moveit/install/moveit_core/include/moveit_core/moveit/robot_trajectory/robot_trajectory.h
[139.202s] -- Up-to-date: /home/moveit/install/moveit_core/include/moveit_core
[139.202s] -- Up-to-date: /home/moveit/install/moveit_core/include/moveit_core/moveit
[139.202s] -- Installing: /home/moveit/install/moveit_core/include/moveit_core/moveit/trajectory_processing
[139.202s] -- Installing: /home/moveit/install/moveit_core/include/moveit_core/moveit/trajectory_processing/time_optimal_trajectory_generation.h
[139.202s] -- Installing: /home/moveit/install/moveit_core/include/moveit_core/moveit/trajectory_processing/time_parameterization.h
[139.202s] -- Installing: /home/moveit/install/moveit_core/include/moveit_core/moveit/trajectory_processing/trajectory_tools.h
[139.203s] -- Installing: /home/moveit/install/moveit_core/include/moveit_core/moveit/trajectory_processing/ruckig_traj_smoothing.h
[139.203s] -- Up-to-date: /home/moveit/install/moveit_core/include/moveit_core
[139.203s] -- Up-to-date: /home/moveit/install/moveit_core/include/moveit_core/moveit
[139.203s] -- Installing: /home/moveit/install/moveit_core/include/moveit_core/moveit/transforms
[139.203s] -- Installing: /home/moveit/install/moveit_core/include/moveit_core/moveit/transforms/transforms.h
[139.203s] -- Up-to-date: /home/moveit/install/moveit_core/include/moveit_core
[139.204s] -- Up-to-date: /home/moveit/install/moveit_core/include/moveit_core/moveit
[139.204s] -- Installing: /home/moveit/install/moveit_core/include/moveit_core/moveit/utils
[139.204s] -- Installing: /home/moveit/install/moveit_core/include/moveit_core/moveit/utils/robot_model_test_utils.h
[139.204s] -- Installing: /home/moveit/install/moveit_core/include/moveit_core/moveit/utils/moveit_error_code.h
[139.204s] -- Installing: /home/moveit/install/moveit_core/include/moveit_core/moveit/utils/lexical_casts.h
[139.204s] -- Installing: /home/moveit/install/moveit_core/include/moveit_core/moveit/utils/eigen_test_utils.h
[139.204s] -- Installing: /home/moveit/install/moveit_core/include/moveit_core/moveit/utils/rclcpp_utils.h
[139.205s] -- Installing: /home/moveit/install/moveit_core/include/moveit_core/moveit/utils/logger.hpp
[139.205s] -- Installing: /home/moveit/install/moveit_core/include/moveit_core/moveit/utils/message_checks.h
[139.205s] -- Installing: /home/moveit/install/moveit_core/lib/moveit_core/logger_dut
[139.206s] -- Set runtime path of "/home/moveit/install/moveit_core/lib/moveit_core/logger_dut" to ""
[139.206s] -- Installing: /home/moveit/install/moveit_core/include/moveit_core/moveit/version.h
[139.206s] -- Installing: /home/moveit/install/moveit_core/bin/moveit_version
[139.207s] -- Installing: /home/moveit/install/moveit_core/lib/libcollision_detector_bullet_plugin.so.2.9.0
[139.207s] -- Set runtime path of "/home/moveit/install/moveit_core/lib/libcollision_detector_bullet_plugin.so.2.9.0" to ""
[139.207s] -- Installing: /home/moveit/install/moveit_core/lib/libcollision_detector_bullet_plugin.so
[139.207s] -- Installing: /home/moveit/install/moveit_core/lib/libmoveit_butterworth_filter.so.2.9.0
[139.208s] -- Set runtime path of "/home/moveit/install/moveit_core/lib/libmoveit_butterworth_filter.so.2.9.0" to ""
[139.208s] -- Installing: /home/moveit/install/moveit_core/lib/libmoveit_butterworth_filter.so
[139.208s] -- Installing: /home/moveit/install/moveit_core/lib/libmoveit_collision_detection.so.2.9.0
[139.210s] -- Set runtime path of "/home/moveit/install/moveit_core/lib/libmoveit_collision_detection.so.2.9.0" to ""
[139.210s] -- Installing: /home/moveit/install/moveit_core/lib/libmoveit_collision_detection.so
[139.210s] -- Installing: /home/moveit/install/moveit_core/lib/libmoveit_collision_detection_bullet.so.2.9.0
[139.211s] -- Set runtime path of "/home/moveit/install/moveit_core/lib/libmoveit_collision_detection_bullet.so.2.9.0" to ""
[139.211s] -- Installing: /home/moveit/install/moveit_core/lib/libmoveit_collision_detection_bullet.so
[139.211s] -- Installing: /home/moveit/install/moveit_core/lib/libmoveit_collision_detection_fcl.so.2.9.0
[139.212s] -- Set runtime path of "/home/moveit/install/moveit_core/lib/libmoveit_collision_detection_fcl.so.2.9.0" to ""
[139.212s] -- Installing: /home/moveit/install/moveit_core/lib/libmoveit_collision_detection_fcl.so
[139.212s] -- Installing: /home/moveit/install/moveit_core/lib/libmoveit_collision_distance_field.so.2.9.0
[139.214s] -- Set runtime path of "/home/moveit/install/moveit_core/lib/libmoveit_collision_distance_field.so.2.9.0" to ""
[139.214s] -- Installing: /home/moveit/install/moveit_core/lib/libmoveit_collision_distance_field.so
[139.214s] -- Installing: /home/moveit/install/moveit_core/lib/libmoveit_constraint_samplers.so.2.9.0
[139.215s] -- Set runtime path of "/home/moveit/install/moveit_core/lib/libmoveit_constraint_samplers.so.2.9.0" to ""
[139.215s] -- Installing: /home/moveit/install/moveit_core/lib/libmoveit_constraint_samplers.so
[139.215s] -- Installing: /home/moveit/install/moveit_core/lib/libmoveit_distance_field.so.2.9.0
[139.216s] -- Set runtime path of "/home/moveit/install/moveit_core/lib/libmoveit_distance_field.so.2.9.0" to ""
[139.216s] -- Installing: /home/moveit/install/moveit_core/lib/libmoveit_distance_field.so
[139.216s] -- Installing: /home/moveit/install/moveit_core/lib/libmoveit_dynamics_solver.so.2.9.0
[139.217s] -- Set runtime path of "/home/moveit/install/moveit_core/lib/libmoveit_dynamics_solver.so.2.9.0" to ""
[139.217s] -- Installing: /home/moveit/install/moveit_core/lib/libmoveit_dynamics_solver.so
[139.217s] -- Installing: /home/moveit/install/moveit_core/lib/libmoveit_exceptions.so.2.9.0
[139.217s] -- Set runtime path of "/home/moveit/install/moveit_core/lib/libmoveit_exceptions.so.2.9.0" to ""
[139.217s] -- Installing: /home/moveit/install/moveit_core/lib/libmoveit_exceptions.so
[139.217s] -- Installing: /home/moveit/install/moveit_core/lib/libmoveit_kinematic_constraints.so.2.9.0
[139.218s] -- Set runtime path of "/home/moveit/install/moveit_core/lib/libmoveit_kinematic_constraints.so.2.9.0" to ""
[139.218s] -- Installing: /home/moveit/install/moveit_core/lib/libmoveit_kinematic_constraints.so
[139.218s] -- Installing: /home/moveit/install/moveit_core/lib/libmoveit_kinematics_base.so
[139.219s] -- Set runtime path of "/home/moveit/install/moveit_core/lib/libmoveit_kinematics_base.so" to ""
[139.219s] -- Installing: /home/moveit/install/moveit_core/lib/libmoveit_kinematics_metrics.so.2.9.0
[139.220s] -- Set runtime path of "/home/moveit/install/moveit_core/lib/libmoveit_kinematics_metrics.so.2.9.0" to ""
[139.220s] -- Installing: /home/moveit/install/moveit_core/lib/libmoveit_kinematics_metrics.so
[139.220s] -- Installing: /home/moveit/install/moveit_core/lib/libmoveit_planning_interface.so.2.9.0
[139.221s] -- Set runtime path of "/home/moveit/install/moveit_core/lib/libmoveit_planning_interface.so.2.9.0" to ""
[139.221s] -- Installing: /home/moveit/install/moveit_core/lib/libmoveit_planning_interface.so
[139.221s] -- Installing: /home/moveit/install/moveit_core/lib/libmoveit_planning_scene.so.2.9.0
[139.223s] -- Set runtime path of "/home/moveit/install/moveit_core/lib/libmoveit_planning_scene.so.2.9.0" to ""
[139.223s] -- Installing: /home/moveit/install/moveit_core/lib/libmoveit_planning_scene.so
[139.223s] -- Installing: /home/moveit/install/moveit_core/lib/libmoveit_robot_model.so.2.9.0
[139.224s] -- Set runtime path of "/home/moveit/install/moveit_core/lib/libmoveit_robot_model.so.2.9.0" to ""
[139.224s] -- Installing: /home/moveit/install/moveit_core/lib/libmoveit_robot_model.so
[139.224s] -- Installing: /home/moveit/install/moveit_core/lib/libmoveit_robot_state.so.2.9.0
[139.226s] -- Set runtime path of "/home/moveit/install/moveit_core/lib/libmoveit_robot_state.so.2.9.0" to ""
[139.226s] -- Installing: /home/moveit/install/moveit_core/lib/libmoveit_robot_state.so
[139.226s] -- Installing: /home/moveit/install/moveit_core/lib/libmoveit_robot_trajectory.so.2.9.0
[139.227s] -- Set runtime path of "/home/moveit/install/moveit_core/lib/libmoveit_robot_trajectory.so.2.9.0" to ""
[139.227s] -- Installing: /home/moveit/install/moveit_core/lib/libmoveit_robot_trajectory.so
[139.227s] -- Installing: /home/moveit/install/moveit_core/lib/libmoveit_smoothing_base.so.2.9.0
[139.227s] -- Set runtime path of "/home/moveit/install/moveit_core/lib/libmoveit_smoothing_base.so.2.9.0" to ""
[139.227s] -- Installing: /home/moveit/install/moveit_core/lib/libmoveit_smoothing_base.so
[139.227s] -- Installing: /home/moveit/install/moveit_core/lib/libmoveit_test_utils.so.2.9.0
[139.229s] -- Set runtime path of "/home/moveit/install/moveit_core/lib/libmoveit_test_utils.so.2.9.0" to ""
[139.229s] -- Installing: /home/moveit/install/moveit_core/lib/libmoveit_test_utils.so
[139.229s] -- Installing: /home/moveit/install/moveit_core/lib/libmoveit_trajectory_processing.so.2.9.0
[139.230s] -- Set runtime path of "/home/moveit/install/moveit_core/lib/libmoveit_trajectory_processing.so.2.9.0" to ""
[139.230s] -- Installing: /home/moveit/install/moveit_core/lib/libmoveit_trajectory_processing.so
[139.230s] -- Installing: /home/moveit/install/moveit_core/lib/libmoveit_transforms.so.2.9.0
[139.231s] -- Set runtime path of "/home/moveit/install/moveit_core/lib/libmoveit_transforms.so.2.9.0" to ""
[139.231s] -- Installing: /home/moveit/install/moveit_core/lib/libmoveit_transforms.so
[139.231s] -- Installing: /home/moveit/install/moveit_core/lib/libmoveit_utils.so.2.9.0
[139.231s] -- Set runtime path of "/home/moveit/install/moveit_core/lib/libmoveit_utils.so.2.9.0" to ""
[139.232s] -- Installing: /home/moveit/install/moveit_core/lib/libmoveit_utils.so
[139.232s] -- Installing: /home/moveit/install/moveit_core/share/moveit_core/environment/library_path.sh
[139.232s] -- Installing: /home/moveit/install/moveit_core/share/moveit_core/environment/library_path.dsv
[139.232s] -- Installing: /home/moveit/install/moveit_core/share/moveit_core/collision_detector_fcl_description.xml
[139.232s] -- Installing: /home/moveit/install/moveit_core/share/moveit_core/collision_detector_bullet_description.xml
[139.233s] -- Installing: /home/moveit/install/moveit_core/share/moveit_core/filter_plugin_butterworth.xml
[139.233s] -- Installing: /home/moveit/install/moveit_core/share/ament_index/resource_index/package_run_dependencies/moveit_core
[139.233s] -- Installing: /home/moveit/install/moveit_core/share/ament_index/resource_index/parent_prefix_path/moveit_core
[139.234s] -- Installing: /home/moveit/install/moveit_core/share/moveit_core/environment/ament_prefix_path.sh
[139.235s] -- Installing: /home/moveit/install/moveit_core/share/moveit_core/environment/ament_prefix_path.dsv
[139.235s] -- Installing: /home/moveit/install/moveit_core/share/moveit_core/environment/path.sh
[139.235s] -- Installing: /home/moveit/install/moveit_core/share/moveit_core/environment/path.dsv
[139.235s] -- Installing: /home/moveit/install/moveit_core/share/moveit_core/local_setup.bash
[139.236s] -- Installing: /home/moveit/install/moveit_core/share/moveit_core/local_setup.sh
[139.236s] -- Installing: /home/moveit/install/moveit_core/share/moveit_core/local_setup.zsh
[139.236s] -- Installing: /home/moveit/install/moveit_core/share/moveit_core/local_setup.dsv
[139.236s] -- Installing: /home/moveit/install/moveit_core/share/moveit_core/package.dsv
[139.237s] -- Installing: /home/moveit/install/moveit_core/share/ament_index/resource_index/packages/moveit_core
[139.237s] -- Installing: /home/moveit/install/moveit_core/share/ament_index/resource_index/moveit_core__pluginlib__plugin/moveit_core
[139.237s] -- Installing: /home/moveit/install/moveit_core/share/moveit_core/cmake/moveit_coreTargetsExport.cmake
[139.237s] -- Installing: /home/moveit/install/moveit_core/share/moveit_core/cmake/moveit_coreTargetsExport-release.cmake
[139.238s] -- Installing: /home/moveit/install/moveit_core/share/moveit_core/cmake/ConfigExtras.cmake
[139.238s] -- Installing: /home/moveit/install/moveit_core/share/moveit_core/cmake/ament_cmake_export_targets-extras.cmake
[139.238s] -- Installing: /home/moveit/install/moveit_core/share/moveit_core/cmake/ament_cmake_export_dependencies-extras.cmake
[139.238s] -- Installing: /home/moveit/install/moveit_core/share/moveit_core/cmake/moveit_coreConfig.cmake
[139.239s] -- Installing: /home/moveit/install/moveit_core/share/moveit_core/cmake/moveit_coreConfig-version.cmake
[139.239s] -- Installing: /home/moveit/install/moveit_core/share/moveit_core/package.xml
[139.242s] Invoked command in '/home/moveit/build/moveit_core' returned '0': AMENT_PREFIX_PATH=/home/moveit/install/moveit_resources_panda_moveit_config:/home/moveit/install/moveit_resources_pr2_description:/home/moveit/install/moveit_resources_panda_description:/home/moveit/install/moveit_msgs:/home/moveit/install/moveit_common:${AMENT_PREFIX_PATH} CMAKE_PREFIX_PATH=/home/moveit/install/moveit_resources_panda_moveit_config:/home/moveit/install/moveit_resources_pr2_description:/home/moveit/install/moveit_resources_panda_description:/home/moveit/install/moveit_msgs:/home/moveit/install/moveit_common:/opt/ros/humble LD_LIBRARY_PATH=/home/moveit/install/moveit_msgs/lib:${LD_LIBRARY_PATH} PYTHONPATH=/home/moveit/install/moveit_msgs/local/lib/python3.10/dist-packages:${PYTHONPATH} /usr/bin/cmake --install /home/moveit/build/moveit_core
