[0.096s] DEBUG:colcon:Command line arguments: ['/usr/bin/colcon', 'build']
[0.096s] DEBUG:colcon:Parsed command line arguments: Namespace(log_base=None, log_level=None, verb_name='build', build_base='build', install_base='install', merge_install=False, symlink_install=False, test_result_base=None, continue_on_error=False, executor='parallel', parallel_workers=16, event_handlers=None, ignore_user_meta=False, metas=['./colcon.meta'], base_paths=['.'], packages_ignore=None, packages_ignore_regex=None, paths=None, packages_up_to=None, packages_up_to_regex=None, packages_above=None, packages_above_and_dependencies=None, packages_above_depth=None, packages_select_by_dep=None, packages_skip_by_dep=None, packages_skip_up_to=None, packages_select_build_failed=False, packages_skip_build_finished=False, packages_select_test_failures=False, packages_skip_test_passed=False, packages_select=None, packages_skip=None, packages_select_regex=None, packages_skip_regex=None, packages_start=None, packages_end=None, cmake_args=None, cmake_target=None, cmake_target_skip_unavailable=False, cmake_clean_cache=False, cmake_clean_first=False, cmake_force_configure=False, ament_cmake_args=None, catkin_cmake_args=None, catkin_skip_building_tests=False, mixin_files=None, mixin=None, verb_parser=<colcon_mixin.mixin.mixin_argument.MixinArgumentDecorator object at 0x7cfa724a72b0>, verb_extension=<colcon_core.verb.build.BuildVerb object at 0x7cfa727dfa00>, main=<bound method BuildVerb.main of <colcon_core.verb.build.BuildVerb object at 0x7cfa727dfa00>>, mixin_verb=('build',))
[0.198s] Level 1:colcon.colcon_core.package_discovery:discover_packages(colcon_meta) check parameters
[0.199s] INFO:colcon.colcon_metadata.package_discovery.colcon_meta:Using configuration from '/root/.colcon/metadata/default/Gazebo.meta'
[0.199s] INFO:colcon.colcon_metadata.package_discovery.colcon_meta:Using configuration from '/root/.colcon/metadata/default/fastrtps.meta'
[0.199s] Level 1:colcon.colcon_core.package_discovery:discover_packages(recursive) check parameters
[0.199s] Level 1:colcon.colcon_core.package_discovery:discover_packages(ignore) check parameters
[0.199s] Level 1:colcon.colcon_core.package_discovery:discover_packages(path) check parameters
[0.199s] Level 1:colcon.colcon_core.package_discovery:discover_packages(colcon_meta) discover
[0.200s] Level 1:colcon.colcon_core.package_discovery:discover_packages(recursive) discover
[0.200s] INFO:colcon.colcon_core.package_discovery:Crawling recursively for packages in '/home/humble_ws'
[0.200s] Level 1:colcon.colcon_core.package_identification:_identify(.) by extensions ['ignore', 'ignore_ament_install']
[0.200s] Level 1:colcon.colcon_core.package_identification:_identify(.) by extension 'ignore'
[0.200s] Level 1:colcon.colcon_core.package_identification:_identify(.) by extension 'ignore_ament_install'
[0.200s] Level 1:colcon.colcon_core.package_identification:_identify(.) by extensions ['colcon_pkg']
[0.200s] Level 1:colcon.colcon_core.package_identification:_identify(.) by extension 'colcon_pkg'
[0.200s] Level 1:colcon.colcon_core.package_identification:_identify(.) by extensions ['colcon_meta']
[0.200s] Level 1:colcon.colcon_core.package_identification:_identify(.) by extension 'colcon_meta'
[0.200s] Level 1:colcon.colcon_core.package_identification:_identify(.) by extensions ['ros']
[0.200s] Level 1:colcon.colcon_core.package_identification:_identify(.) by extension 'ros'
[0.209s] Level 1:colcon.colcon_core.package_identification:_identify(.) by extensions ['cmake', 'python']
[0.209s] Level 1:colcon.colcon_core.package_identification:_identify(.) by extension 'cmake'
[0.209s] Level 1:colcon.colcon_core.package_identification:_identify(.) by extension 'python'
[0.209s] Level 1:colcon.colcon_core.package_identification:_identify(.) by extensions ['python_setup_py']
[0.209s] Level 1:colcon.colcon_core.package_identification:_identify(.) by extension 'python_setup_py'
[0.209s] Level 1:colcon.colcon_core.package_identification:_identify(build) by extensions ['ignore', 'ignore_ament_install']
[0.209s] Level 1:colcon.colcon_core.package_identification:_identify(build) by extension 'ignore'
[0.209s] Level 1:colcon.colcon_core.package_identification:_identify(build) ignored
[0.209s] Level 1:colcon.colcon_core.package_identification:_identify(install) by extensions ['ignore', 'ignore_ament_install']
[0.209s] Level 1:colcon.colcon_core.package_identification:_identify(install) by extension 'ignore'
[0.209s] Level 1:colcon.colcon_core.package_identification:_identify(install) ignored
[0.209s] Level 1:colcon.colcon_core.package_identification:_identify(log) by extensions ['ignore', 'ignore_ament_install']
[0.209s] Level 1:colcon.colcon_core.package_identification:_identify(log) by extension 'ignore'
[0.209s] Level 1:colcon.colcon_core.package_identification:_identify(log) ignored
[0.210s] Level 1:colcon.colcon_core.package_identification:_identify(src) by extensions ['ignore', 'ignore_ament_install']
[0.210s] Level 1:colcon.colcon_core.package_identification:_identify(src) by extension 'ignore'
[0.210s] Level 1:colcon.colcon_core.package_identification:_identify(src) by extension 'ignore_ament_install'
[0.210s] Level 1:colcon.colcon_core.package_identification:_identify(src) by extensions ['colcon_pkg']
[0.210s] Level 1:colcon.colcon_core.package_identification:_identify(src) by extension 'colcon_pkg'
[0.210s] Level 1:colcon.colcon_core.package_identification:_identify(src) by extensions ['colcon_meta']
[0.210s] Level 1:colcon.colcon_core.package_identification:_identify(src) by extension 'colcon_meta'
[0.210s] Level 1:colcon.colcon_core.package_identification:_identify(src) by extensions ['ros']
[0.210s] Level 1:colcon.colcon_core.package_identification:_identify(src) by extension 'ros'
[0.210s] Level 1:colcon.colcon_core.package_identification:_identify(src) by extensions ['cmake', 'python']
[0.210s] Level 1:colcon.colcon_core.package_identification:_identify(src) by extension 'cmake'
[0.210s] Level 1:colcon.colcon_core.package_identification:_identify(src) by extension 'python'
[0.210s] Level 1:colcon.colcon_core.package_identification:_identify(src) by extensions ['python_setup_py']
[0.210s] Level 1:colcon.colcon_core.package_identification:_identify(src) by extension 'python_setup_py'
[0.210s] Level 1:colcon.colcon_core.package_identification:_identify(src/__pycache__) by extensions ['ignore', 'ignore_ament_install']
[0.210s] Level 1:colcon.colcon_core.package_identification:_identify(src/__pycache__) by extension 'ignore'
[0.210s] Level 1:colcon.colcon_core.package_identification:_identify(src/__pycache__) by extension 'ignore_ament_install'
[0.210s] Level 1:colcon.colcon_core.package_identification:_identify(src/__pycache__) by extensions ['colcon_pkg']
[0.210s] Level 1:colcon.colcon_core.package_identification:_identify(src/__pycache__) by extension 'colcon_pkg'
[0.210s] Level 1:colcon.colcon_core.package_identification:_identify(src/__pycache__) by extensions ['colcon_meta']
[0.210s] Level 1:colcon.colcon_core.package_identification:_identify(src/__pycache__) by extension 'colcon_meta'
[0.210s] Level 1:colcon.colcon_core.package_identification:_identify(src/__pycache__) by extensions ['ros']
[0.210s] Level 1:colcon.colcon_core.package_identification:_identify(src/__pycache__) by extension 'ros'
[0.211s] Level 1:colcon.colcon_core.package_identification:_identify(src/__pycache__) by extensions ['cmake', 'python']
[0.211s] Level 1:colcon.colcon_core.package_identification:_identify(src/__pycache__) by extension 'cmake'
[0.211s] Level 1:colcon.colcon_core.package_identification:_identify(src/__pycache__) by extension 'python'
[0.211s] Level 1:colcon.colcon_core.package_identification:_identify(src/__pycache__) by extensions ['python_setup_py']
[0.211s] Level 1:colcon.colcon_core.package_identification:_identify(src/__pycache__) by extension 'python_setup_py'
[0.211s] Level 1:colcon.colcon_core.package_identification:_identify(src/antworker_description) by extensions ['ignore', 'ignore_ament_install']
[0.211s] Level 1:colcon.colcon_core.package_identification:_identify(src/antworker_description) by extension 'ignore'
[0.211s] Level 1:colcon.colcon_core.package_identification:_identify(src/antworker_description) by extension 'ignore_ament_install'
[0.211s] Level 1:colcon.colcon_core.package_identification:_identify(src/antworker_description) by extensions ['colcon_pkg']
[0.211s] Level 1:colcon.colcon_core.package_identification:_identify(src/antworker_description) by extension 'colcon_pkg'
[0.211s] Level 1:colcon.colcon_core.package_identification:_identify(src/antworker_description) by extensions ['colcon_meta']
[0.211s] Level 1:colcon.colcon_core.package_identification:_identify(src/antworker_description) by extension 'colcon_meta'
[0.211s] Level 1:colcon.colcon_core.package_identification:_identify(src/antworker_description) by extensions ['ros']
[0.211s] Level 1:colcon.colcon_core.package_identification:_identify(src/antworker_description) by extension 'ros'
[0.213s] DEBUG:colcon.colcon_core.package_identification:Package 'src/antworker_description' with type 'ros.ament_python' and name 'antworker_description'
[0.213s] Level 1:colcon.colcon_core.package_identification:_identify(src/antworker_isaacsim_world) by extensions ['ignore', 'ignore_ament_install']
[0.213s] Level 1:colcon.colcon_core.package_identification:_identify(src/antworker_isaacsim_world) by extension 'ignore'
[0.213s] Level 1:colcon.colcon_core.package_identification:_identify(src/antworker_isaacsim_world) by extension 'ignore_ament_install'
[0.213s] Level 1:colcon.colcon_core.package_identification:_identify(src/antworker_isaacsim_world) by extensions ['colcon_pkg']
[0.213s] Level 1:colcon.colcon_core.package_identification:_identify(src/antworker_isaacsim_world) by extension 'colcon_pkg'
[0.213s] Level 1:colcon.colcon_core.package_identification:_identify(src/antworker_isaacsim_world) by extensions ['colcon_meta']
[0.213s] Level 1:colcon.colcon_core.package_identification:_identify(src/antworker_isaacsim_world) by extension 'colcon_meta'
[0.213s] Level 1:colcon.colcon_core.package_identification:_identify(src/antworker_isaacsim_world) by extensions ['ros']
[0.213s] Level 1:colcon.colcon_core.package_identification:_identify(src/antworker_isaacsim_world) by extension 'ros'
[0.213s] DEBUG:colcon.colcon_core.package_identification:Package 'src/antworker_isaacsim_world' with type 'ros.ament_python' and name 'antworker_isaacsim_world'
[0.214s] Level 1:colcon.colcon_core.package_identification:_identify(src/antworker_moveit_bringup) by extensions ['ignore', 'ignore_ament_install']
[0.214s] Level 1:colcon.colcon_core.package_identification:_identify(src/antworker_moveit_bringup) by extension 'ignore'
[0.214s] Level 1:colcon.colcon_core.package_identification:_identify(src/antworker_moveit_bringup) by extension 'ignore_ament_install'
[0.214s] Level 1:colcon.colcon_core.package_identification:_identify(src/antworker_moveit_bringup) by extensions ['colcon_pkg']
[0.214s] Level 1:colcon.colcon_core.package_identification:_identify(src/antworker_moveit_bringup) by extension 'colcon_pkg'
[0.214s] Level 1:colcon.colcon_core.package_identification:_identify(src/antworker_moveit_bringup) by extensions ['colcon_meta']
[0.214s] Level 1:colcon.colcon_core.package_identification:_identify(src/antworker_moveit_bringup) by extension 'colcon_meta'
[0.214s] Level 1:colcon.colcon_core.package_identification:_identify(src/antworker_moveit_bringup) by extensions ['ros']
[0.214s] Level 1:colcon.colcon_core.package_identification:_identify(src/antworker_moveit_bringup) by extension 'ros'
[0.215s] DEBUG:colcon.colcon_core.package_identification:Package 'src/antworker_moveit_bringup' with type 'ros.ament_python' and name 'antworker_moveit_bringup'
[0.215s] Level 1:colcon.colcon_core.package_identification:_identify(src/antworker_moveit_description) by extensions ['ignore', 'ignore_ament_install']
[0.215s] Level 1:colcon.colcon_core.package_identification:_identify(src/antworker_moveit_description) by extension 'ignore'
[0.215s] Level 1:colcon.colcon_core.package_identification:_identify(src/antworker_moveit_description) by extension 'ignore_ament_install'
[0.215s] Level 1:colcon.colcon_core.package_identification:_identify(src/antworker_moveit_description) by extensions ['colcon_pkg']
[0.215s] Level 1:colcon.colcon_core.package_identification:_identify(src/antworker_moveit_description) by extension 'colcon_pkg'
[0.215s] Level 1:colcon.colcon_core.package_identification:_identify(src/antworker_moveit_description) by extensions ['colcon_meta']
[0.215s] Level 1:colcon.colcon_core.package_identification:_identify(src/antworker_moveit_description) by extension 'colcon_meta'
[0.215s] Level 1:colcon.colcon_core.package_identification:_identify(src/antworker_moveit_description) by extensions ['ros']
[0.215s] Level 1:colcon.colcon_core.package_identification:_identify(src/antworker_moveit_description) by extension 'ros'
[0.215s] DEBUG:colcon.colcon_core.package_identification:Package 'src/antworker_moveit_description' with type 'ros.ament_cmake' and name 'antworker_moveit_description'
[0.216s] Level 1:colcon.colcon_core.package_identification:_identify(src/antworker_navigation) by extensions ['ignore', 'ignore_ament_install']
[0.216s] Level 1:colcon.colcon_core.package_identification:_identify(src/antworker_navigation) by extension 'ignore'
[0.216s] Level 1:colcon.colcon_core.package_identification:_identify(src/antworker_navigation) by extension 'ignore_ament_install'
[0.216s] Level 1:colcon.colcon_core.package_identification:_identify(src/antworker_navigation) by extensions ['colcon_pkg']
[0.216s] Level 1:colcon.colcon_core.package_identification:_identify(src/antworker_navigation) by extension 'colcon_pkg'
[0.216s] Level 1:colcon.colcon_core.package_identification:_identify(src/antworker_navigation) by extensions ['colcon_meta']
[0.216s] Level 1:colcon.colcon_core.package_identification:_identify(src/antworker_navigation) by extension 'colcon_meta'
[0.216s] Level 1:colcon.colcon_core.package_identification:_identify(src/antworker_navigation) by extensions ['ros']
[0.216s] Level 1:colcon.colcon_core.package_identification:_identify(src/antworker_navigation) by extension 'ros'
[0.216s] DEBUG:colcon.colcon_core.package_identification:Package 'src/antworker_navigation' with type 'ros.ament_python' and name 'antworker_navigation'
[0.216s] Level 1:colcon.colcon_core.package_identification:_identify(src/moveit_interface) by extensions ['ignore', 'ignore_ament_install']
[0.216s] Level 1:colcon.colcon_core.package_identification:_identify(src/moveit_interface) by extension 'ignore'
[0.216s] Level 1:colcon.colcon_core.package_identification:_identify(src/moveit_interface) by extension 'ignore_ament_install'
[0.216s] Level 1:colcon.colcon_core.package_identification:_identify(src/moveit_interface) by extensions ['colcon_pkg']
[0.217s] Level 1:colcon.colcon_core.package_identification:_identify(src/moveit_interface) by extension 'colcon_pkg'
[0.217s] Level 1:colcon.colcon_core.package_identification:_identify(src/moveit_interface) by extensions ['colcon_meta']
[0.217s] Level 1:colcon.colcon_core.package_identification:_identify(src/moveit_interface) by extension 'colcon_meta'
[0.217s] Level 1:colcon.colcon_core.package_identification:_identify(src/moveit_interface) by extensions ['ros']
[0.217s] Level 1:colcon.colcon_core.package_identification:_identify(src/moveit_interface) by extension 'ros'
[0.217s] DEBUG:colcon.colcon_core.package_identification:Package 'src/moveit_interface' with type 'ros.ament_cmake' and name 'moveit_interface'
[0.217s] Level 1:colcon.colcon_core.package_discovery:discover_packages(recursive) using defaults
[0.217s] Level 1:colcon.colcon_core.package_discovery:discover_packages(ignore) discover
[0.217s] Level 1:colcon.colcon_core.package_discovery:discover_packages(ignore) using defaults
[0.217s] Level 1:colcon.colcon_core.package_discovery:discover_packages(path) discover
[0.217s] Level 1:colcon.colcon_core.package_discovery:discover_packages(path) using defaults
[0.234s] Level 5:colcon.colcon_core.verb:set package 'antworker_description' build argument 'cmake_args' from command line to 'None'
[0.234s] Level 5:colcon.colcon_core.verb:set package 'antworker_description' build argument 'cmake_target' from command line to 'None'
[0.235s] Level 5:colcon.colcon_core.verb:set package 'antworker_description' build argument 'cmake_target_skip_unavailable' from command line to 'False'
[0.235s] Level 5:colcon.colcon_core.verb:set package 'antworker_description' build argument 'cmake_clean_cache' from command line to 'False'
[0.235s] Level 5:colcon.colcon_core.verb:set package 'antworker_description' build argument 'cmake_clean_first' from command line to 'False'
[0.235s] Level 5:colcon.colcon_core.verb:set package 'antworker_description' build argument 'cmake_force_configure' from command line to 'False'
[0.235s] Level 5:colcon.colcon_core.verb:set package 'antworker_description' build argument 'ament_cmake_args' from command line to 'None'
[0.235s] Level 5:colcon.colcon_core.verb:set package 'antworker_description' build argument 'catkin_cmake_args' from command line to 'None'
[0.235s] Level 5:colcon.colcon_core.verb:set package 'antworker_description' build argument 'catkin_skip_building_tests' from command line to 'False'
[0.235s] DEBUG:colcon.colcon_core.verb:Building package 'antworker_description' with the following arguments: {'ament_cmake_args': None, 'build_base': '/home/humble_ws/build/antworker_description', 'catkin_cmake_args': None, 'catkin_skip_building_tests': False, 'cmake_args': None, 'cmake_clean_cache': False, 'cmake_clean_first': False, 'cmake_force_configure': False, 'cmake_target': None, 'cmake_target_skip_unavailable': False, 'install_base': '/home/humble_ws/install/antworker_description', 'merge_install': False, 'path': '/home/humble_ws/src/antworker_description', 'symlink_install': False, 'test_result_base': None}
[0.235s] Level 5:colcon.colcon_core.verb:set package 'antworker_isaacsim_world' build argument 'cmake_args' from command line to 'None'
[0.235s] Level 5:colcon.colcon_core.verb:set package 'antworker_isaacsim_world' build argument 'cmake_target' from command line to 'None'
[0.235s] Level 5:colcon.colcon_core.verb:set package 'antworker_isaacsim_world' build argument 'cmake_target_skip_unavailable' from command line to 'False'
[0.235s] Level 5:colcon.colcon_core.verb:set package 'antworker_isaacsim_world' build argument 'cmake_clean_cache' from command line to 'False'
[0.235s] Level 5:colcon.colcon_core.verb:set package 'antworker_isaacsim_world' build argument 'cmake_clean_first' from command line to 'False'
[0.235s] Level 5:colcon.colcon_core.verb:set package 'antworker_isaacsim_world' build argument 'cmake_force_configure' from command line to 'False'
[0.235s] Level 5:colcon.colcon_core.verb:set package 'antworker_isaacsim_world' build argument 'ament_cmake_args' from command line to 'None'
[0.235s] Level 5:colcon.colcon_core.verb:set package 'antworker_isaacsim_world' build argument 'catkin_cmake_args' from command line to 'None'
[0.235s] Level 5:colcon.colcon_core.verb:set package 'antworker_isaacsim_world' build argument 'catkin_skip_building_tests' from command line to 'False'
[0.235s] DEBUG:colcon.colcon_core.verb:Building package 'antworker_isaacsim_world' with the following arguments: {'ament_cmake_args': None, 'build_base': '/home/humble_ws/build/antworker_isaacsim_world', 'catkin_cmake_args': None, 'catkin_skip_building_tests': False, 'cmake_args': None, 'cmake_clean_cache': False, 'cmake_clean_first': False, 'cmake_force_configure': False, 'cmake_target': None, 'cmake_target_skip_unavailable': False, 'install_base': '/home/humble_ws/install/antworker_isaacsim_world', 'merge_install': False, 'path': '/home/humble_ws/src/antworker_isaacsim_world', 'symlink_install': False, 'test_result_base': None}
[0.235s] Level 5:colcon.colcon_core.verb:set package 'antworker_moveit_bringup' build argument 'cmake_args' from command line to 'None'
[0.235s] Level 5:colcon.colcon_core.verb:set package 'antworker_moveit_bringup' build argument 'cmake_target' from command line to 'None'
[0.236s] Level 5:colcon.colcon_core.verb:set package 'antworker_moveit_bringup' build argument 'cmake_target_skip_unavailable' from command line to 'False'
[0.236s] Level 5:colcon.colcon_core.verb:set package 'antworker_moveit_bringup' build argument 'cmake_clean_cache' from command line to 'False'
[0.236s] Level 5:colcon.colcon_core.verb:set package 'antworker_moveit_bringup' build argument 'cmake_clean_first' from command line to 'False'
[0.236s] Level 5:colcon.colcon_core.verb:set package 'antworker_moveit_bringup' build argument 'cmake_force_configure' from command line to 'False'
[0.236s] Level 5:colcon.colcon_core.verb:set package 'antworker_moveit_bringup' build argument 'ament_cmake_args' from command line to 'None'
[0.236s] Level 5:colcon.colcon_core.verb:set package 'antworker_moveit_bringup' build argument 'catkin_cmake_args' from command line to 'None'
[0.236s] Level 5:colcon.colcon_core.verb:set package 'antworker_moveit_bringup' build argument 'catkin_skip_building_tests' from command line to 'False'
[0.236s] DEBUG:colcon.colcon_core.verb:Building package 'antworker_moveit_bringup' with the following arguments: {'ament_cmake_args': None, 'build_base': '/home/humble_ws/build/antworker_moveit_bringup', 'catkin_cmake_args': None, 'catkin_skip_building_tests': False, 'cmake_args': None, 'cmake_clean_cache': False, 'cmake_clean_first': False, 'cmake_force_configure': False, 'cmake_target': None, 'cmake_target_skip_unavailable': False, 'install_base': '/home/humble_ws/install/antworker_moveit_bringup', 'merge_install': False, 'path': '/home/humble_ws/src/antworker_moveit_bringup', 'symlink_install': False, 'test_result_base': None}
[0.236s] Level 5:colcon.colcon_core.verb:set package 'antworker_navigation' build argument 'cmake_args' from command line to 'None'
[0.236s] Level 5:colcon.colcon_core.verb:set package 'antworker_navigation' build argument 'cmake_target' from command line to 'None'
[0.236s] Level 5:colcon.colcon_core.verb:set package 'antworker_navigation' build argument 'cmake_target_skip_unavailable' from command line to 'False'
[0.236s] Level 5:colcon.colcon_core.verb:set package 'antworker_navigation' build argument 'cmake_clean_cache' from command line to 'False'
[0.236s] Level 5:colcon.colcon_core.verb:set package 'antworker_navigation' build argument 'cmake_clean_first' from command line to 'False'
[0.236s] Level 5:colcon.colcon_core.verb:set package 'antworker_navigation' build argument 'cmake_force_configure' from command line to 'False'
[0.236s] Level 5:colcon.colcon_core.verb:set package 'antworker_navigation' build argument 'ament_cmake_args' from command line to 'None'
[0.236s] Level 5:colcon.colcon_core.verb:set package 'antworker_navigation' build argument 'catkin_cmake_args' from command line to 'None'
[0.236s] Level 5:colcon.colcon_core.verb:set package 'antworker_navigation' build argument 'catkin_skip_building_tests' from command line to 'False'
[0.236s] DEBUG:colcon.colcon_core.verb:Building package 'antworker_navigation' with the following arguments: {'ament_cmake_args': None, 'build_base': '/home/humble_ws/build/antworker_navigation', 'catkin_cmake_args': None, 'catkin_skip_building_tests': False, 'cmake_args': None, 'cmake_clean_cache': False, 'cmake_clean_first': False, 'cmake_force_configure': False, 'cmake_target': None, 'cmake_target_skip_unavailable': False, 'install_base': '/home/humble_ws/install/antworker_navigation', 'merge_install': False, 'path': '/home/humble_ws/src/antworker_navigation', 'symlink_install': False, 'test_result_base': None}
[0.236s] Level 5:colcon.colcon_core.verb:set package 'moveit_interface' build argument 'cmake_args' from command line to 'None'
[0.236s] Level 5:colcon.colcon_core.verb:set package 'moveit_interface' build argument 'cmake_target' from command line to 'None'
[0.236s] Level 5:colcon.colcon_core.verb:set package 'moveit_interface' build argument 'cmake_target_skip_unavailable' from command line to 'False'
[0.236s] Level 5:colcon.colcon_core.verb:set package 'moveit_interface' build argument 'cmake_clean_cache' from command line to 'False'
[0.237s] Level 5:colcon.colcon_core.verb:set package 'moveit_interface' build argument 'cmake_clean_first' from command line to 'False'
[0.237s] Level 5:colcon.colcon_core.verb:set package 'moveit_interface' build argument 'cmake_force_configure' from command line to 'False'
[0.237s] Level 5:colcon.colcon_core.verb:set package 'moveit_interface' build argument 'ament_cmake_args' from command line to 'None'
[0.237s] Level 5:colcon.colcon_core.verb:set package 'moveit_interface' build argument 'catkin_cmake_args' from command line to 'None'
[0.237s] Level 5:colcon.colcon_core.verb:set package 'moveit_interface' build argument 'catkin_skip_building_tests' from command line to 'False'
[0.237s] DEBUG:colcon.colcon_core.verb:Building package 'moveit_interface' with the following arguments: {'ament_cmake_args': None, 'build_base': '/home/humble_ws/build/moveit_interface', 'catkin_cmake_args': None, 'catkin_skip_building_tests': False, 'cmake_args': None, 'cmake_clean_cache': False, 'cmake_clean_first': False, 'cmake_force_configure': False, 'cmake_target': None, 'cmake_target_skip_unavailable': False, 'install_base': '/home/humble_ws/install/moveit_interface', 'merge_install': False, 'path': '/home/humble_ws/src/moveit_interface', 'symlink_install': False, 'test_result_base': None}
[0.237s] Level 5:colcon.colcon_core.verb:set package 'antworker_moveit_description' build argument 'cmake_args' from command line to 'None'
[0.237s] Level 5:colcon.colcon_core.verb:set package 'antworker_moveit_description' build argument 'cmake_target' from command line to 'None'
[0.237s] Level 5:colcon.colcon_core.verb:set package 'antworker_moveit_description' build argument 'cmake_target_skip_unavailable' from command line to 'False'
[0.237s] Level 5:colcon.colcon_core.verb:set package 'antworker_moveit_description' build argument 'cmake_clean_cache' from command line to 'False'
[0.237s] Level 5:colcon.colcon_core.verb:set package 'antworker_moveit_description' build argument 'cmake_clean_first' from command line to 'False'
[0.237s] Level 5:colcon.colcon_core.verb:set package 'antworker_moveit_description' build argument 'cmake_force_configure' from command line to 'False'
[0.237s] Level 5:colcon.colcon_core.verb:set package 'antworker_moveit_description' build argument 'ament_cmake_args' from command line to 'None'
[0.237s] Level 5:colcon.colcon_core.verb:set package 'antworker_moveit_description' build argument 'catkin_cmake_args' from command line to 'None'
[0.237s] Level 5:colcon.colcon_core.verb:set package 'antworker_moveit_description' build argument 'catkin_skip_building_tests' from command line to 'False'
[0.237s] DEBUG:colcon.colcon_core.verb:Building package 'antworker_moveit_description' with the following arguments: {'ament_cmake_args': None, 'build_base': '/home/humble_ws/build/antworker_moveit_description', 'catkin_cmake_args': None, 'catkin_skip_building_tests': False, 'cmake_args': None, 'cmake_clean_cache': False, 'cmake_clean_first': False, 'cmake_force_configure': False, 'cmake_target': None, 'cmake_target_skip_unavailable': False, 'install_base': '/home/humble_ws/install/antworker_moveit_description', 'merge_install': False, 'path': '/home/humble_ws/src/antworker_moveit_description', 'symlink_install': False, 'test_result_base': None}
[0.237s] INFO:colcon.colcon_core.executor:Executing jobs using 'parallel' executor
[0.238s] DEBUG:colcon.colcon_parallel_executor.executor.parallel:run_until_complete
[0.238s] INFO:colcon.colcon_ros.task.ament_python.build:Building ROS package in '/home/humble_ws/src/antworker_description' with build type 'ament_python'
[0.239s] Level 1:colcon.colcon_core.shell:create_environment_hook('antworker_description', 'ament_prefix_path')
[0.240s] INFO:colcon.colcon_core.plugin_system:Skipping extension 'colcon_core.shell.bat': Not used on non-Windows systems
[0.241s] INFO:colcon.colcon_core.shell:Creating environment hook '/home/humble_ws/install/antworker_description/share/antworker_description/hook/ament_prefix_path.ps1'
[0.241s] INFO:colcon.colcon_core.shell:Creating environment descriptor '/home/humble_ws/install/antworker_description/share/antworker_description/hook/ament_prefix_path.dsv'
[0.241s] INFO:colcon.colcon_core.shell:Creating environment hook '/home/humble_ws/install/antworker_description/share/antworker_description/hook/ament_prefix_path.sh'
[0.242s] INFO:colcon.colcon_core.shell:Skip shell extension 'powershell' for command environment: Not usable outside of PowerShell
[0.242s] DEBUG:colcon.colcon_core.shell:Skip shell extension 'dsv' for command environment
[0.246s] INFO:colcon.colcon_ros.task.ament_python.build:Building ROS package in '/home/humble_ws/src/antworker_isaacsim_world' with build type 'ament_python'
[0.247s] Level 1:colcon.colcon_core.shell:create_environment_hook('antworker_isaacsim_world', 'ament_prefix_path')
[0.247s] INFO:colcon.colcon_core.shell:Creating environment hook '/home/humble_ws/install/antworker_isaacsim_world/share/antworker_isaacsim_world/hook/ament_prefix_path.ps1'
[0.247s] INFO:colcon.colcon_core.shell:Creating environment descriptor '/home/humble_ws/install/antworker_isaacsim_world/share/antworker_isaacsim_world/hook/ament_prefix_path.dsv'
[0.248s] INFO:colcon.colcon_core.shell:Creating environment hook '/home/humble_ws/install/antworker_isaacsim_world/share/antworker_isaacsim_world/hook/ament_prefix_path.sh'
[0.248s] INFO:colcon.colcon_core.shell:Skip shell extension 'powershell' for command environment: Not usable outside of PowerShell
[0.248s] DEBUG:colcon.colcon_core.shell:Skip shell extension 'dsv' for command environment
[0.251s] INFO:colcon.colcon_ros.task.ament_python.build:Building ROS package in '/home/humble_ws/src/antworker_moveit_bringup' with build type 'ament_python'
[0.251s] Level 1:colcon.colcon_core.shell:create_environment_hook('antworker_moveit_bringup', 'ament_prefix_path')
[0.252s] INFO:colcon.colcon_core.shell:Creating environment hook '/home/humble_ws/install/antworker_moveit_bringup/share/antworker_moveit_bringup/hook/ament_prefix_path.ps1'
[0.252s] INFO:colcon.colcon_core.shell:Creating environment descriptor '/home/humble_ws/install/antworker_moveit_bringup/share/antworker_moveit_bringup/hook/ament_prefix_path.dsv'
[0.252s] INFO:colcon.colcon_core.shell:Creating environment hook '/home/humble_ws/install/antworker_moveit_bringup/share/antworker_moveit_bringup/hook/ament_prefix_path.sh'
[0.253s] INFO:colcon.colcon_core.shell:Skip shell extension 'powershell' for command environment: Not usable outside of PowerShell
[0.253s] DEBUG:colcon.colcon_core.shell:Skip shell extension 'dsv' for command environment
[0.256s] INFO:colcon.colcon_ros.task.ament_python.build:Building ROS package in '/home/humble_ws/src/antworker_navigation' with build type 'ament_python'
[0.256s] Level 1:colcon.colcon_core.shell:create_environment_hook('antworker_navigation', 'ament_prefix_path')
[0.256s] INFO:colcon.colcon_core.shell:Creating environment hook '/home/humble_ws/install/antworker_navigation/share/antworker_navigation/hook/ament_prefix_path.ps1'
[0.256s] INFO:colcon.colcon_core.shell:Creating environment descriptor '/home/humble_ws/install/antworker_navigation/share/antworker_navigation/hook/ament_prefix_path.dsv'
[0.257s] INFO:colcon.colcon_core.shell:Creating environment hook '/home/humble_ws/install/antworker_navigation/share/antworker_navigation/hook/ament_prefix_path.sh'
[0.257s] INFO:colcon.colcon_core.shell:Skip shell extension 'powershell' for command environment: Not usable outside of PowerShell
[0.257s] DEBUG:colcon.colcon_core.shell:Skip shell extension 'dsv' for command environment
[0.260s] INFO:colcon.colcon_ros.task.ament_cmake.build:Building ROS package in '/home/humble_ws/src/moveit_interface' with build type 'ament_cmake'
[0.260s] INFO:colcon.colcon_cmake.task.cmake.build:Building CMake package in '/home/humble_ws/src/moveit_interface'
[0.260s] INFO:colcon.colcon_core.shell:Skip shell extension 'powershell' for command environment: Not usable outside of PowerShell
[0.260s] DEBUG:colcon.colcon_core.shell:Skip shell extension 'dsv' for command environment
[0.438s] INFO:colcon.colcon_core.task.python.build:Building Python package in '/home/humble_ws/src/antworker_description'
[0.438s] INFO:colcon.colcon_core.shell:Skip shell extension 'powershell' for command environment: Not usable outside of PowerShell
[0.438s] DEBUG:colcon.colcon_core.shell:Skip shell extension 'dsv' for command environment
[0.622s] INFO:colcon.colcon_core.task.python.build:Building Python package in '/home/humble_ws/src/antworker_isaacsim_world'
[0.622s] INFO:colcon.colcon_core.shell:Skip shell extension 'powershell' for command environment: Not usable outside of PowerShell
[0.622s] DEBUG:colcon.colcon_core.shell:Skip shell extension 'dsv' for command environment
[0.803s] INFO:colcon.colcon_core.task.python.build:Building Python package in '/home/humble_ws/src/antworker_moveit_bringup'
[0.803s] INFO:colcon.colcon_core.shell:Skip shell extension 'powershell' for command environment: Not usable outside of PowerShell
[0.803s] DEBUG:colcon.colcon_core.shell:Skip shell extension 'dsv' for command environment
[0.992s] INFO:colcon.colcon_core.task.python.build:Building Python package in '/home/humble_ws/src/antworker_navigation'
[0.992s] INFO:colcon.colcon_core.shell:Skip shell extension 'powershell' for command environment: Not usable outside of PowerShell
[0.992s] DEBUG:colcon.colcon_core.shell:Skip shell extension 'dsv' for command environment
[1.000s] DEBUG:colcon.colcon_core.event_handler.log_command:Invoking command in '/home/humble_ws/build/moveit_interface': CMAKE_PREFIX_PATH=${CMAKE_PREFIX_PATH}:/home/humble_ws/install/antworker_navigation:/home/humble_ws/install/antworker_moveit_bringup:/home/humble_ws/install/antworker_isaacsim_world:/home/humble_ws/install/antworker_description:/opt/ros/humble /usr/bin/cmake --build /home/humble_ws/build/moveit_interface -- -j16 -l16
[1.098s] DEBUG:colcon.colcon_core.event_handler.log_command:Invoked command in '/home/humble_ws/build/moveit_interface' returned '0': CMAKE_PREFIX_PATH=${CMAKE_PREFIX_PATH}:/home/humble_ws/install/antworker_navigation:/home/humble_ws/install/antworker_moveit_bringup:/home/humble_ws/install/antworker_isaacsim_world:/home/humble_ws/install/antworker_description:/opt/ros/humble /usr/bin/cmake --build /home/humble_ws/build/moveit_interface -- -j16 -l16
[1.155s] DEBUG:colcon.colcon_core.event_handler.log_command:Invoking command in '/home/humble_ws/build/moveit_interface': CMAKE_PREFIX_PATH=${CMAKE_PREFIX_PATH}:/home/humble_ws/install/antworker_navigation:/home/humble_ws/install/antworker_moveit_bringup:/home/humble_ws/install/antworker_isaacsim_world:/home/humble_ws/install/antworker_description:/opt/ros/humble /usr/bin/cmake --install /home/humble_ws/build/moveit_interface
[1.172s] Level 1:colcon.colcon_core.environment:create_environment_scripts_only(moveit_interface)
[1.173s] DEBUG:colcon.colcon_core.event_handler.log_command:Invoked command in '/home/humble_ws/build/moveit_interface' returned '0': CMAKE_PREFIX_PATH=${CMAKE_PREFIX_PATH}:/home/humble_ws/install/antworker_navigation:/home/humble_ws/install/antworker_moveit_bringup:/home/humble_ws/install/antworker_isaacsim_world:/home/humble_ws/install/antworker_description:/opt/ros/humble /usr/bin/cmake --install /home/humble_ws/build/moveit_interface
[1.175s] Level 1:colcon.colcon_core.environment:checking '/home/humble_ws/install/moveit_interface' for CMake module files
[1.175s] Level 1:colcon.colcon_core.environment:checking '/home/humble_ws/install/moveit_interface' for CMake config files
[1.175s] Level 1:colcon.colcon_core.shell:create_environment_hook('moveit_interface', 'cmake_prefix_path')
[1.175s] INFO:colcon.colcon_core.shell:Creating environment hook '/home/humble_ws/install/moveit_interface/share/moveit_interface/hook/cmake_prefix_path.ps1'
[1.176s] INFO:colcon.colcon_core.shell:Creating environment descriptor '/home/humble_ws/install/moveit_interface/share/moveit_interface/hook/cmake_prefix_path.dsv'
[1.176s] INFO:colcon.colcon_core.shell:Creating environment hook '/home/humble_ws/install/moveit_interface/share/moveit_interface/hook/cmake_prefix_path.sh'
[1.177s] Level 1:colcon.colcon_core.environment:checking '/home/humble_ws/install/moveit_interface/lib'
[1.177s] Level 1:colcon.colcon_core.environment:checking '/home/humble_ws/install/moveit_interface/bin'
[1.177s] Level 1:colcon.colcon_core.environment:checking '/home/humble_ws/install/moveit_interface/lib/pkgconfig/moveit_interface.pc'
[1.177s] Level 1:colcon.colcon_core.environment:checking '/home/humble_ws/install/moveit_interface/lib/python3.10/site-packages'
[1.178s] Level 1:colcon.colcon_core.environment:checking '/home/humble_ws/install/moveit_interface/bin'
[1.178s] INFO:colcon.colcon_core.shell:Creating package script '/home/humble_ws/install/moveit_interface/share/moveit_interface/package.ps1'
[1.179s] INFO:colcon.colcon_core.shell:Creating package descriptor '/home/humble_ws/install/moveit_interface/share/moveit_interface/package.dsv'
[1.179s] INFO:colcon.colcon_core.shell:Creating package script '/home/humble_ws/install/moveit_interface/share/moveit_interface/package.sh'
[1.180s] INFO:colcon.colcon_core.shell:Creating package script '/home/humble_ws/install/moveit_interface/share/moveit_interface/package.bash'
[1.181s] INFO:colcon.colcon_core.shell:Creating package script '/home/humble_ws/install/moveit_interface/share/moveit_interface/package.zsh'
[1.181s] Level 1:colcon.colcon_core.environment:create_file_with_runtime_dependencies(/home/humble_ws/install/moveit_interface/share/colcon-core/packages/moveit_interface)
[1.212s] Level 1:colcon.colcon_core.environment:create_environment_scripts_only(moveit_interface)
[1.213s] Level 1:colcon.colcon_core.environment:checking '/home/humble_ws/install/moveit_interface' for CMake module files
[1.213s] Level 1:colcon.colcon_core.environment:checking '/home/humble_ws/install/moveit_interface' for CMake config files
[1.213s] Level 1:colcon.colcon_core.shell:create_environment_hook('moveit_interface', 'cmake_prefix_path')
[1.214s] INFO:colcon.colcon_core.shell:Creating environment hook '/home/humble_ws/install/moveit_interface/share/moveit_interface/hook/cmake_prefix_path.ps1'
[1.214s] INFO:colcon.colcon_core.shell:Creating environment descriptor '/home/humble_ws/install/moveit_interface/share/moveit_interface/hook/cmake_prefix_path.dsv'
[1.214s] INFO:colcon.colcon_core.shell:Creating environment hook '/home/humble_ws/install/moveit_interface/share/moveit_interface/hook/cmake_prefix_path.sh'
[1.215s] Level 1:colcon.colcon_core.environment:checking '/home/humble_ws/install/moveit_interface/lib'
[1.215s] Level 1:colcon.colcon_core.environment:checking '/home/humble_ws/install/moveit_interface/bin'
[1.215s] Level 1:colcon.colcon_core.environment:checking '/home/humble_ws/install/moveit_interface/lib/pkgconfig/moveit_interface.pc'
[1.215s] Level 1:colcon.colcon_core.environment:checking '/home/humble_ws/install/moveit_interface/lib/python3.10/site-packages'
[1.215s] Level 1:colcon.colcon_core.environment:checking '/home/humble_ws/install/moveit_interface/bin'
[1.216s] INFO:colcon.colcon_core.shell:Creating package script '/home/humble_ws/install/moveit_interface/share/moveit_interface/package.ps1'
[1.216s] INFO:colcon.colcon_core.shell:Creating package descriptor '/home/humble_ws/install/moveit_interface/share/moveit_interface/package.dsv'
[1.217s] INFO:colcon.colcon_core.shell:Creating package script '/home/humble_ws/install/moveit_interface/share/moveit_interface/package.sh'
[1.217s] INFO:colcon.colcon_core.shell:Creating package script '/home/humble_ws/install/moveit_interface/share/moveit_interface/package.bash'
[1.217s] INFO:colcon.colcon_core.shell:Creating package script '/home/humble_ws/install/moveit_interface/share/moveit_interface/package.zsh'
[1.218s] Level 1:colcon.colcon_core.environment:create_file_with_runtime_dependencies(/home/humble_ws/install/moveit_interface/share/colcon-core/packages/moveit_interface)
[1.382s] DEBUG:colcon.colcon_core.event_handler.log_command:Invoking command in '/home/humble_ws/src/antworker_isaacsim_world': PYTHONPATH=/home/humble_ws/build/antworker_isaacsim_world/prefix_override:/home/humble_ws/install/antworker_isaacsim_world/lib/python3.10/site-packages:${PYTHONPATH} /usr/bin/python3 -W ignore:setup.py install is deprecated setup.py egg_info --egg-base ../../build/antworker_isaacsim_world build --build-base /home/humble_ws/build/antworker_isaacsim_world/build install --record /home/humble_ws/build/antworker_isaacsim_world/install.log --single-version-externally-managed install_data
[1.383s] DEBUG:colcon.colcon_core.event_handler.log_command:Invoking command in '/home/humble_ws/src/antworker_description': PYTHONPATH=/home/humble_ws/build/antworker_description/prefix_override:/home/humble_ws/install/antworker_description/lib/python3.10/site-packages:${PYTHONPATH} /usr/bin/python3 -W ignore:setup.py install is deprecated setup.py egg_info --egg-base ../../build/antworker_description build --build-base /home/humble_ws/build/antworker_description/build install --record /home/humble_ws/build/antworker_description/install.log --single-version-externally-managed install_data
[1.396s] DEBUG:colcon.colcon_core.event_handler.log_command:Invoking command in '/home/humble_ws/src/antworker_moveit_bringup': PYTHONPATH=/home/humble_ws/build/antworker_moveit_bringup/prefix_override:/home/humble_ws/install/antworker_moveit_bringup/lib/python3.10/site-packages:${PYTHONPATH} /usr/bin/python3 -W ignore:setup.py install is deprecated setup.py egg_info --egg-base ../../build/antworker_moveit_bringup build --build-base /home/humble_ws/build/antworker_moveit_bringup/build install --record /home/humble_ws/build/antworker_moveit_bringup/install.log --single-version-externally-managed install_data
[1.427s] DEBUG:colcon.colcon_core.event_handler.log_command:Invoking command in '/home/humble_ws/src/antworker_navigation': PYTHONPATH=/home/humble_ws/build/antworker_navigation/prefix_override:/home/humble_ws/install/antworker_navigation/lib/python3.10/site-packages:${PYTHONPATH} /usr/bin/python3 -W ignore:setup.py install is deprecated setup.py egg_info --egg-base ../../build/antworker_navigation build --build-base /home/humble_ws/build/antworker_navigation/build install --record /home/humble_ws/build/antworker_navigation/install.log --single-version-externally-managed install_data
[1.642s] Level 1:colcon.colcon_core.environment:checking '/home/humble_ws/install/antworker_description' for CMake module files
[1.643s] Level 1:colcon.colcon_core.environment:checking '/home/humble_ws/install/antworker_description' for CMake config files
[1.643s] DEBUG:colcon.colcon_core.event_handler.log_command:Invoked command in '/home/humble_ws/src/antworker_description' returned '0': PYTHONPATH=/home/humble_ws/build/antworker_description/prefix_override:/home/humble_ws/install/antworker_description/lib/python3.10/site-packages:${PYTHONPATH} /usr/bin/python3 -W ignore:setup.py install is deprecated setup.py egg_info --egg-base ../../build/antworker_description build --build-base /home/humble_ws/build/antworker_description/build install --record /home/humble_ws/build/antworker_description/install.log --single-version-externally-managed install_data
[1.644s] Level 1:colcon.colcon_core.environment:checking '/home/humble_ws/install/antworker_description/lib'
[1.644s] Level 1:colcon.colcon_core.environment:checking '/home/humble_ws/install/antworker_description/bin'
[1.645s] Level 1:colcon.colcon_core.environment:checking '/home/humble_ws/install/antworker_description/lib/pkgconfig/antworker_description.pc'
[1.645s] Level 1:colcon.colcon_core.environment:checking '/home/humble_ws/install/antworker_description/lib/python3.10/site-packages'
[1.645s] Level 1:colcon.colcon_core.shell:create_environment_hook('antworker_description', 'pythonpath')
[1.645s] INFO:colcon.colcon_core.shell:Creating environment hook '/home/humble_ws/install/antworker_description/share/antworker_description/hook/pythonpath.ps1'
[1.646s] INFO:colcon.colcon_core.shell:Creating environment descriptor '/home/humble_ws/install/antworker_description/share/antworker_description/hook/pythonpath.dsv'
[1.646s] INFO:colcon.colcon_core.shell:Creating environment hook '/home/humble_ws/install/antworker_description/share/antworker_description/hook/pythonpath.sh'
[1.647s] Level 1:colcon.colcon_core.environment:checking '/home/humble_ws/install/antworker_description/bin'
[1.647s] Level 1:colcon.colcon_core.environment:create_environment_scripts_only(antworker_description)
[1.647s] INFO:colcon.colcon_core.shell:Creating package script '/home/humble_ws/install/antworker_description/share/antworker_description/package.ps1'
[1.648s] INFO:colcon.colcon_core.shell:Creating package descriptor '/home/humble_ws/install/antworker_description/share/antworker_description/package.dsv'
[1.648s] INFO:colcon.colcon_core.shell:Creating package script '/home/humble_ws/install/antworker_description/share/antworker_description/package.sh'
[1.648s] INFO:colcon.colcon_core.shell:Creating package script '/home/humble_ws/install/antworker_description/share/antworker_description/package.bash'
[1.649s] INFO:colcon.colcon_core.shell:Creating package script '/home/humble_ws/install/antworker_description/share/antworker_description/package.zsh'
[1.649s] Level 1:colcon.colcon_core.environment:create_file_with_runtime_dependencies(/home/humble_ws/install/antworker_description/share/colcon-core/packages/antworker_description)
[1.649s] INFO:colcon.colcon_ros.task.ament_cmake.build:Building ROS package in '/home/humble_ws/src/antworker_moveit_description' with build type 'ament_cmake'
[1.650s] INFO:colcon.colcon_cmake.task.cmake.build:Building CMake package in '/home/humble_ws/src/antworker_moveit_description'
[1.650s] INFO:colcon.colcon_core.shell:Skip shell extension 'powershell' for command environment: Not usable outside of PowerShell
[1.650s] DEBUG:colcon.colcon_core.shell:Skip shell extension 'dsv' for command environment
[1.656s] Level 1:colcon.colcon_core.environment:checking '/home/humble_ws/install/antworker_isaacsim_world' for CMake module files
[1.656s] DEBUG:colcon.colcon_core.event_handler.log_command:Invoked command in '/home/humble_ws/src/antworker_isaacsim_world' returned '0': PYTHONPATH=/home/humble_ws/build/antworker_isaacsim_world/prefix_override:/home/humble_ws/install/antworker_isaacsim_world/lib/python3.10/site-packages:${PYTHONPATH} /usr/bin/python3 -W ignore:setup.py install is deprecated setup.py egg_info --egg-base ../../build/antworker_isaacsim_world build --build-base /home/humble_ws/build/antworker_isaacsim_world/build install --record /home/humble_ws/build/antworker_isaacsim_world/install.log --single-version-externally-managed install_data
[1.657s] Level 1:colcon.colcon_core.environment:checking '/home/humble_ws/install/antworker_isaacsim_world' for CMake config files
[1.657s] Level 1:colcon.colcon_core.environment:checking '/home/humble_ws/install/antworker_isaacsim_world/lib'
[1.657s] Level 1:colcon.colcon_core.environment:checking '/home/humble_ws/install/antworker_isaacsim_world/bin'
[1.658s] Level 1:colcon.colcon_core.environment:checking '/home/humble_ws/install/antworker_isaacsim_world/lib/pkgconfig/antworker_isaacsim_world.pc'
[1.658s] Level 1:colcon.colcon_core.environment:checking '/home/humble_ws/install/antworker_isaacsim_world/lib/python3.10/site-packages'
[1.658s] Level 1:colcon.colcon_core.shell:create_environment_hook('antworker_isaacsim_world', 'pythonpath')
[1.658s] INFO:colcon.colcon_core.shell:Creating environment hook '/home/humble_ws/install/antworker_isaacsim_world/share/antworker_isaacsim_world/hook/pythonpath.ps1'
[1.659s] INFO:colcon.colcon_core.shell:Creating environment descriptor '/home/humble_ws/install/antworker_isaacsim_world/share/antworker_isaacsim_world/hook/pythonpath.dsv'
[1.660s] INFO:colcon.colcon_core.shell:Creating environment hook '/home/humble_ws/install/antworker_isaacsim_world/share/antworker_isaacsim_world/hook/pythonpath.sh'
[1.660s] Level 1:colcon.colcon_core.environment:checking '/home/humble_ws/install/antworker_isaacsim_world/bin'
[1.660s] Level 1:colcon.colcon_core.environment:create_environment_scripts_only(antworker_isaacsim_world)
[1.661s] INFO:colcon.colcon_core.shell:Creating package script '/home/humble_ws/install/antworker_isaacsim_world/share/antworker_isaacsim_world/package.ps1'
[1.661s] INFO:colcon.colcon_core.shell:Creating package descriptor '/home/humble_ws/install/antworker_isaacsim_world/share/antworker_isaacsim_world/package.dsv'
[1.662s] INFO:colcon.colcon_core.shell:Creating package script '/home/humble_ws/install/antworker_isaacsim_world/share/antworker_isaacsim_world/package.sh'
[1.662s] INFO:colcon.colcon_core.shell:Creating package script '/home/humble_ws/install/antworker_isaacsim_world/share/antworker_isaacsim_world/package.bash'
[1.662s] INFO:colcon.colcon_core.shell:Creating package script '/home/humble_ws/install/antworker_isaacsim_world/share/antworker_isaacsim_world/package.zsh'
[1.663s] Level 1:colcon.colcon_core.environment:create_file_with_runtime_dependencies(/home/humble_ws/install/antworker_isaacsim_world/share/colcon-core/packages/antworker_isaacsim_world)
[1.668s] DEBUG:colcon.colcon_core.event_handler.log_command:Invoking command in '/home/humble_ws/build/antworker_moveit_description': AMENT_PREFIX_PATH=/home/humble_ws/install/antworker_description:/home/humble_ws/install/moveit_interface:/home/humble_ws/install/antworker_navigation:/home/humble_ws/install/antworker_moveit_description:/home/humble_ws/install/antworker_moveit_bringup:/home/humble_ws/install/antworker_isaacsim_world:/opt/ros/humble CMAKE_PREFIX_PATH=${CMAKE_PREFIX_PATH}:/home/humble_ws/install/antworker_navigation:/home/humble_ws/install/antworker_moveit_bringup:/home/humble_ws/install/antworker_isaacsim_world:/home/humble_ws/install/antworker_description:/opt/ros/humble PYTHONPATH=/home/humble_ws/install/antworker_description/lib/python3.10/site-packages:/home/humble_ws/install/antworker_navigation/lib/python3.10/site-packages:/home/humble_ws/install/antworker_moveit_bringup/lib/python3.10/site-packages:/home/humble_ws/install/antworker_isaacsim_world/lib/python3.10/site-packages:/opt/ros/humble/lib/python3.10/site-packages:/opt/ros/humble/local/lib/python3.10/dist-packages /usr/bin/cmake --build /home/humble_ws/build/antworker_moveit_description -- -j16 -l16
[1.671s] Level 1:colcon.colcon_core.environment:checking '/home/humble_ws/install/antworker_moveit_bringup' for CMake module files
[1.671s] DEBUG:colcon.colcon_core.event_handler.log_command:Invoked command in '/home/humble_ws/src/antworker_moveit_bringup' returned '0': PYTHONPATH=/home/humble_ws/build/antworker_moveit_bringup/prefix_override:/home/humble_ws/install/antworker_moveit_bringup/lib/python3.10/site-packages:${PYTHONPATH} /usr/bin/python3 -W ignore:setup.py install is deprecated setup.py egg_info --egg-base ../../build/antworker_moveit_bringup build --build-base /home/humble_ws/build/antworker_moveit_bringup/build install --record /home/humble_ws/build/antworker_moveit_bringup/install.log --single-version-externally-managed install_data
[1.672s] Level 1:colcon.colcon_core.environment:checking '/home/humble_ws/install/antworker_moveit_bringup' for CMake config files
[1.673s] Level 1:colcon.colcon_core.environment:checking '/home/humble_ws/install/antworker_moveit_bringup/lib'
[1.673s] Level 1:colcon.colcon_core.environment:checking '/home/humble_ws/install/antworker_moveit_bringup/bin'
[1.673s] Level 1:colcon.colcon_core.environment:checking '/home/humble_ws/install/antworker_moveit_bringup/lib/pkgconfig/antworker_moveit_bringup.pc'
[1.673s] Level 1:colcon.colcon_core.environment:checking '/home/humble_ws/install/antworker_moveit_bringup/lib/python3.10/site-packages'
[1.673s] Level 1:colcon.colcon_core.shell:create_environment_hook('antworker_moveit_bringup', 'pythonpath')
[1.673s] INFO:colcon.colcon_core.shell:Creating environment hook '/home/humble_ws/install/antworker_moveit_bringup/share/antworker_moveit_bringup/hook/pythonpath.ps1'
[1.674s] INFO:colcon.colcon_core.shell:Creating environment descriptor '/home/humble_ws/install/antworker_moveit_bringup/share/antworker_moveit_bringup/hook/pythonpath.dsv'
[1.674s] INFO:colcon.colcon_core.shell:Creating environment hook '/home/humble_ws/install/antworker_moveit_bringup/share/antworker_moveit_bringup/hook/pythonpath.sh'
[1.675s] Level 1:colcon.colcon_core.environment:checking '/home/humble_ws/install/antworker_moveit_bringup/bin'
[1.675s] Level 1:colcon.colcon_core.environment:create_environment_scripts_only(antworker_moveit_bringup)
[1.675s] INFO:colcon.colcon_core.shell:Creating package script '/home/humble_ws/install/antworker_moveit_bringup/share/antworker_moveit_bringup/package.ps1'
[1.676s] INFO:colcon.colcon_core.shell:Creating package descriptor '/home/humble_ws/install/antworker_moveit_bringup/share/antworker_moveit_bringup/package.dsv'
[1.676s] INFO:colcon.colcon_core.shell:Creating package script '/home/humble_ws/install/antworker_moveit_bringup/share/antworker_moveit_bringup/package.sh'
[1.677s] INFO:colcon.colcon_core.shell:Creating package script '/home/humble_ws/install/antworker_moveit_bringup/share/antworker_moveit_bringup/package.bash'
[1.677s] INFO:colcon.colcon_core.shell:Creating package script '/home/humble_ws/install/antworker_moveit_bringup/share/antworker_moveit_bringup/package.zsh'
[1.677s] Level 1:colcon.colcon_core.environment:create_file_with_runtime_dependencies(/home/humble_ws/install/antworker_moveit_bringup/share/colcon-core/packages/antworker_moveit_bringup)
[1.708s] Level 1:colcon.colcon_core.environment:checking '/home/humble_ws/install/antworker_navigation' for CMake module files
[1.709s] DEBUG:colcon.colcon_core.event_handler.log_command:Invoked command in '/home/humble_ws/src/antworker_navigation' returned '0': PYTHONPATH=/home/humble_ws/build/antworker_navigation/prefix_override:/home/humble_ws/install/antworker_navigation/lib/python3.10/site-packages:${PYTHONPATH} /usr/bin/python3 -W ignore:setup.py install is deprecated setup.py egg_info --egg-base ../../build/antworker_navigation build --build-base /home/humble_ws/build/antworker_navigation/build install --record /home/humble_ws/build/antworker_navigation/install.log --single-version-externally-managed install_data
[1.709s] Level 1:colcon.colcon_core.environment:checking '/home/humble_ws/install/antworker_navigation' for CMake config files
[1.710s] Level 1:colcon.colcon_core.environment:checking '/home/humble_ws/install/antworker_navigation/lib'
[1.710s] Level 1:colcon.colcon_core.environment:checking '/home/humble_ws/install/antworker_navigation/bin'
[1.710s] Level 1:colcon.colcon_core.environment:checking '/home/humble_ws/install/antworker_navigation/lib/pkgconfig/antworker_navigation.pc'
[1.710s] Level 1:colcon.colcon_core.environment:checking '/home/humble_ws/install/antworker_navigation/lib/python3.10/site-packages'
[1.710s] Level 1:colcon.colcon_core.shell:create_environment_hook('antworker_navigation', 'pythonpath')
[1.711s] INFO:colcon.colcon_core.shell:Creating environment hook '/home/humble_ws/install/antworker_navigation/share/antworker_navigation/hook/pythonpath.ps1'
[1.711s] INFO:colcon.colcon_core.shell:Creating environment descriptor '/home/humble_ws/install/antworker_navigation/share/antworker_navigation/hook/pythonpath.dsv'
[1.711s] INFO:colcon.colcon_core.shell:Creating environment hook '/home/humble_ws/install/antworker_navigation/share/antworker_navigation/hook/pythonpath.sh'
[1.712s] Level 1:colcon.colcon_core.environment:checking '/home/humble_ws/install/antworker_navigation/bin'
[1.712s] Level 1:colcon.colcon_core.environment:create_environment_scripts_only(antworker_navigation)
[1.712s] INFO:colcon.colcon_core.shell:Creating package script '/home/humble_ws/install/antworker_navigation/share/antworker_navigation/package.ps1'
[1.713s] INFO:colcon.colcon_core.shell:Creating package descriptor '/home/humble_ws/install/antworker_navigation/share/antworker_navigation/package.dsv'
[1.713s] INFO:colcon.colcon_core.shell:Creating package script '/home/humble_ws/install/antworker_navigation/share/antworker_navigation/package.sh'
[1.713s] INFO:colcon.colcon_core.shell:Creating package script '/home/humble_ws/install/antworker_navigation/share/antworker_navigation/package.bash'
[1.714s] INFO:colcon.colcon_core.shell:Creating package script '/home/humble_ws/install/antworker_navigation/share/antworker_navigation/package.zsh'
[1.714s] Level 1:colcon.colcon_core.environment:create_file_with_runtime_dependencies(/home/humble_ws/install/antworker_navigation/share/colcon-core/packages/antworker_navigation)
[1.715s] DEBUG:colcon.colcon_core.event_handler.log_command:Invoked command in '/home/humble_ws/build/antworker_moveit_description' returned '0': AMENT_PREFIX_PATH=/home/humble_ws/install/antworker_description:/home/humble_ws/install/moveit_interface:/home/humble_ws/install/antworker_navigation:/home/humble_ws/install/antworker_moveit_description:/home/humble_ws/install/antworker_moveit_bringup:/home/humble_ws/install/antworker_isaacsim_world:/opt/ros/humble CMAKE_PREFIX_PATH=${CMAKE_PREFIX_PATH}:/home/humble_ws/install/antworker_navigation:/home/humble_ws/install/antworker_moveit_bringup:/home/humble_ws/install/antworker_isaacsim_world:/home/humble_ws/install/antworker_description:/opt/ros/humble PYTHONPATH=/home/humble_ws/install/antworker_description/lib/python3.10/site-packages:/home/humble_ws/install/antworker_navigation/lib/python3.10/site-packages:/home/humble_ws/install/antworker_moveit_bringup/lib/python3.10/site-packages:/home/humble_ws/install/antworker_isaacsim_world/lib/python3.10/site-packages:/opt/ros/humble/lib/python3.10/site-packages:/opt/ros/humble/local/lib/python3.10/dist-packages /usr/bin/cmake --build /home/humble_ws/build/antworker_moveit_description -- -j16 -l16
[1.739s] DEBUG:colcon.colcon_core.event_handler.log_command:Invoking command in '/home/humble_ws/build/antworker_moveit_description': AMENT_PREFIX_PATH=/home/humble_ws/install/antworker_description:/home/humble_ws/install/moveit_interface:/home/humble_ws/install/antworker_navigation:/home/humble_ws/install/antworker_moveit_description:/home/humble_ws/install/antworker_moveit_bringup:/home/humble_ws/install/antworker_isaacsim_world:/opt/ros/humble CMAKE_PREFIX_PATH=${CMAKE_PREFIX_PATH}:/home/humble_ws/install/antworker_navigation:/home/humble_ws/install/antworker_moveit_bringup:/home/humble_ws/install/antworker_isaacsim_world:/home/humble_ws/install/antworker_description:/opt/ros/humble PYTHONPATH=/home/humble_ws/install/antworker_description/lib/python3.10/site-packages:/home/humble_ws/install/antworker_navigation/lib/python3.10/site-packages:/home/humble_ws/install/antworker_moveit_bringup/lib/python3.10/site-packages:/home/humble_ws/install/antworker_isaacsim_world/lib/python3.10/site-packages:/opt/ros/humble/lib/python3.10/site-packages:/opt/ros/humble/local/lib/python3.10/dist-packages /usr/bin/cmake --install /home/humble_ws/build/antworker_moveit_description
[1.751s] Level 1:colcon.colcon_core.environment:create_environment_scripts_only(antworker_moveit_description)
[1.751s] Level 1:colcon.colcon_core.environment:checking '/home/humble_ws/install/antworker_moveit_description' for CMake module files
[1.752s] DEBUG:colcon.colcon_core.event_handler.log_command:Invoked command in '/home/humble_ws/build/antworker_moveit_description' returned '0': AMENT_PREFIX_PATH=/home/humble_ws/install/antworker_description:/home/humble_ws/install/moveit_interface:/home/humble_ws/install/antworker_navigation:/home/humble_ws/install/antworker_moveit_description:/home/humble_ws/install/antworker_moveit_bringup:/home/humble_ws/install/antworker_isaacsim_world:/opt/ros/humble CMAKE_PREFIX_PATH=${CMAKE_PREFIX_PATH}:/home/humble_ws/install/antworker_navigation:/home/humble_ws/install/antworker_moveit_bringup:/home/humble_ws/install/antworker_isaacsim_world:/home/humble_ws/install/antworker_description:/opt/ros/humble PYTHONPATH=/home/humble_ws/install/antworker_description/lib/python3.10/site-packages:/home/humble_ws/install/antworker_navigation/lib/python3.10/site-packages:/home/humble_ws/install/antworker_moveit_bringup/lib/python3.10/site-packages:/home/humble_ws/install/antworker_isaacsim_world/lib/python3.10/site-packages:/opt/ros/humble/lib/python3.10/site-packages:/opt/ros/humble/local/lib/python3.10/dist-packages /usr/bin/cmake --install /home/humble_ws/build/antworker_moveit_description
[1.753s] Level 1:colcon.colcon_core.environment:checking '/home/humble_ws/install/antworker_moveit_description' for CMake config files
[1.753s] Level 1:colcon.colcon_core.shell:create_environment_hook('antworker_moveit_description', 'cmake_prefix_path')
[1.753s] INFO:colcon.colcon_core.shell:Creating environment hook '/home/humble_ws/install/antworker_moveit_description/share/antworker_moveit_description/hook/cmake_prefix_path.ps1'
[1.754s] INFO:colcon.colcon_core.shell:Creating environment descriptor '/home/humble_ws/install/antworker_moveit_description/share/antworker_moveit_description/hook/cmake_prefix_path.dsv'
[1.754s] INFO:colcon.colcon_core.shell:Creating environment hook '/home/humble_ws/install/antworker_moveit_description/share/antworker_moveit_description/hook/cmake_prefix_path.sh'
[1.754s] Level 1:colcon.colcon_core.environment:checking '/home/humble_ws/install/antworker_moveit_description/bin'
[1.754s] Level 1:colcon.colcon_core.environment:checking '/home/humble_ws/install/antworker_moveit_description/lib/pkgconfig/antworker_moveit_description.pc'
[1.755s] Level 1:colcon.colcon_core.environment:checking '/home/humble_ws/install/antworker_moveit_description/lib/python3.10/site-packages'
[1.755s] Level 1:colcon.colcon_core.environment:checking '/home/humble_ws/install/antworker_moveit_description/bin'
[1.755s] INFO:colcon.colcon_core.shell:Creating package script '/home/humble_ws/install/antworker_moveit_description/share/antworker_moveit_description/package.ps1'
[1.755s] INFO:colcon.colcon_core.shell:Creating package descriptor '/home/humble_ws/install/antworker_moveit_description/share/antworker_moveit_description/package.dsv'
[1.756s] INFO:colcon.colcon_core.shell:Creating package script '/home/humble_ws/install/antworker_moveit_description/share/antworker_moveit_description/package.sh'
[1.756s] INFO:colcon.colcon_core.shell:Creating package script '/home/humble_ws/install/antworker_moveit_description/share/antworker_moveit_description/package.bash'
[1.756s] INFO:colcon.colcon_core.shell:Creating package script '/home/humble_ws/install/antworker_moveit_description/share/antworker_moveit_description/package.zsh'
[1.756s] Level 1:colcon.colcon_core.environment:create_file_with_runtime_dependencies(/home/humble_ws/install/antworker_moveit_description/share/colcon-core/packages/antworker_moveit_description)
[1.780s] Level 1:colcon.colcon_core.environment:create_environment_scripts_only(antworker_moveit_description)
[1.780s] Level 1:colcon.colcon_core.environment:checking '/home/humble_ws/install/antworker_moveit_description' for CMake module files
[1.781s] Level 1:colcon.colcon_core.environment:checking '/home/humble_ws/install/antworker_moveit_description' for CMake config files
[1.781s] Level 1:colcon.colcon_core.shell:create_environment_hook('antworker_moveit_description', 'cmake_prefix_path')
[1.782s] INFO:colcon.colcon_core.shell:Creating environment hook '/home/humble_ws/install/antworker_moveit_description/share/antworker_moveit_description/hook/cmake_prefix_path.ps1'
[1.782s] INFO:colcon.colcon_core.shell:Creating environment descriptor '/home/humble_ws/install/antworker_moveit_description/share/antworker_moveit_description/hook/cmake_prefix_path.dsv'
[1.782s] INFO:colcon.colcon_core.shell:Creating environment hook '/home/humble_ws/install/antworker_moveit_description/share/antworker_moveit_description/hook/cmake_prefix_path.sh'
[1.783s] Level 1:colcon.colcon_core.environment:checking '/home/humble_ws/install/antworker_moveit_description/bin'
[1.783s] Level 1:colcon.colcon_core.environment:checking '/home/humble_ws/install/antworker_moveit_description/lib/pkgconfig/antworker_moveit_description.pc'
[1.783s] Level 1:colcon.colcon_core.environment:checking '/home/humble_ws/install/antworker_moveit_description/lib/python3.10/site-packages'
[1.783s] Level 1:colcon.colcon_core.environment:checking '/home/humble_ws/install/antworker_moveit_description/bin'
[1.784s] INFO:colcon.colcon_core.shell:Creating package script '/home/humble_ws/install/antworker_moveit_description/share/antworker_moveit_description/package.ps1'
[1.784s] INFO:colcon.colcon_core.shell:Creating package descriptor '/home/humble_ws/install/antworker_moveit_description/share/antworker_moveit_description/package.dsv'
[1.785s] INFO:colcon.colcon_core.shell:Creating package script '/home/humble_ws/install/antworker_moveit_description/share/antworker_moveit_description/package.sh'
[1.785s] INFO:colcon.colcon_core.shell:Creating package script '/home/humble_ws/install/antworker_moveit_description/share/antworker_moveit_description/package.bash'
[1.785s] INFO:colcon.colcon_core.shell:Creating package script '/home/humble_ws/install/antworker_moveit_description/share/antworker_moveit_description/package.zsh'
[1.786s] Level 1:colcon.colcon_core.environment:create_file_with_runtime_dependencies(/home/humble_ws/install/antworker_moveit_description/share/colcon-core/packages/antworker_moveit_description)
[1.786s] DEBUG:colcon.colcon_parallel_executor.executor.parallel:closing loop
[1.787s] DEBUG:colcon.colcon_parallel_executor.executor.parallel:loop closed
[1.787s] DEBUG:colcon.colcon_parallel_executor.executor.parallel:run_until_complete finished with '0'
[1.787s] DEBUG:colcon.colcon_core.event_reactor:joining thread
[1.793s] INFO:colcon.colcon_core.plugin_system:Skipping extension 'colcon_notification.desktop_notification.notify_send': Could not find 'notify-send'
[1.793s] INFO:colcon.colcon_core.plugin_system:Skipping extension 'colcon_notification.desktop_notification.terminal_notifier': Not used on non-Darwin systems
[1.793s] INFO:colcon.colcon_core.plugin_system:Skipping extension 'colcon_notification.desktop_notification.win32': Not used on non-Windows systems
[1.794s] INFO:colcon.colcon_notification.desktop_notification:Sending desktop notification using 'notify2'
[1.804s] DEBUG:colcon.colcon_notification.desktop_notification.notify2:Failed to initialize notify2: org.freedesktop.DBus.Error.ServiceUnknown: The name org.freedesktop.Notifications was not provided by any .service files
[1.805s] DEBUG:colcon.colcon_core.event_reactor:joined thread
[1.805s] INFO:colcon.colcon_core.shell:Creating prefix script '/home/humble_ws/install/local_setup.ps1'
[1.806s] INFO:colcon.colcon_core.shell:Creating prefix util module '/home/humble_ws/install/_local_setup_util_ps1.py'
[1.807s] INFO:colcon.colcon_core.shell:Creating prefix chain script '/home/humble_ws/install/setup.ps1'
[1.808s] INFO:colcon.colcon_core.shell:Creating prefix script '/home/humble_ws/install/local_setup.sh'
[1.809s] INFO:colcon.colcon_core.shell:Creating prefix util module '/home/humble_ws/install/_local_setup_util_sh.py'
[1.809s] INFO:colcon.colcon_core.shell:Creating prefix chain script '/home/humble_ws/install/setup.sh'
[1.810s] INFO:colcon.colcon_core.shell:Creating prefix script '/home/humble_ws/install/local_setup.bash'
[1.812s] INFO:colcon.colcon_core.shell:Creating prefix chain script '/home/humble_ws/install/setup.bash'
[1.813s] INFO:colcon.colcon_core.shell:Creating prefix script '/home/humble_ws/install/local_setup.zsh'
[1.813s] INFO:colcon.colcon_core.shell:Creating prefix chain script '/home/humble_ws/install/setup.zsh'
