[0.223s] Invoking command in '/home/keenan/Downloads/isaacsim_ros2_greenhouse/humble_ws/build/moveit_interface': CMAKE_PREFIX_PATH=${CMAKE_PREFIX_PATH}:/home/keenan/Downloads/isaacsim_ros2_greenhouse/humble_ws/install/kinova_arm:/opt/ros/humble /usr/bin/cmake /home/keenan/Downloads/isaacsim_ros2_greenhouse/humble_ws/src/moveit_interface -DCMAKE_INSTALL_PREFIX=/home/keenan/Downloads/isaacsim_ros2_greenhouse/humble_ws/install/moveit_interface
[0.234s] -- Found ament_cmake: 1.3.8 (/opt/ros/humble/share/ament_cmake/cmake)
[0.359s] [31mCMake Error at CMakeLists.txt:10 (find_package):
[0.360s]   By not providing "Findmoveit_ros_planning_interface.cmake" in
[0.360s]   CMAKE_MODULE_PATH this project has asked CMake to find a package
[0.360s]   configuration file provided by "moveit_ros_planning_interface", but CMake
[0.360s]   did not find one.
[0.360s] 
[0.360s]   Could not find a package configuration file provided by
[0.360s]   "moveit_ros_planning_interface" with any of the following names:
[0.360s] 
[0.360s]     moveit_ros_planning_interfaceConfig.cmake
[0.360s]     moveit_ros_planning_interface-config.cmake
[0.360s] 
[0.360s]   Add the installation prefix of "moveit_ros_planning_interface" to
[0.360s]   CMAKE_PREFIX_PATH or set "moveit_ros_planning_interface_DIR" to a directory
[0.360s]   containing one of the above files.  If "moveit_ros_planning_interface"
[0.360s]   provides a separate development package or SDK, be sure it has been
[0.360s]   installed.
[0.361s] 
[0.361s] [0m
[0.361s] -- Configuring incomplete, errors occurred!
[0.361s] See also "/home/keenan/Downloads/isaacsim_ros2_greenhouse/humble_ws/build/moveit_interface/CMakeFiles/CMakeOutput.log".
[0.363s] Invoked command in '/home/keenan/Downloads/isaacsim_ros2_greenhouse/humble_ws/build/moveit_interface' returned '1': CMAKE_PREFIX_PATH=${CMAKE_PREFIX_PATH}:/home/keenan/Downloads/isaacsim_ros2_greenhouse/humble_ws/install/kinova_arm:/opt/ros/humble /usr/bin/cmake /home/keenan/Downloads/isaacsim_ros2_greenhouse/humble_ws/src/moveit_interface -DCMAKE_INSTALL_PREFIX=/home/keenan/Downloads/isaacsim_ros2_greenhouse/humble_ws/install/moveit_interface
