[0.879s] Invoking command in '/home/ros2_ws/src/attempt_py_moveit': PYTHONPATH=/home/ros2_ws/build/attempt_py_moveit/prefix_override:/home/ros2_ws/install/attempt_py_moveit/lib/python3.10/site-packages:${PYTHONPATH} /usr/bin/python3 setup.py egg_info --egg-base ../../build/attempt_py_moveit build --build-base /home/ros2_ws/build/attempt_py_moveit/build install --record /home/ros2_ws/build/attempt_py_moveit/install.log --single-version-externally-managed
[1.075s] running egg_info
[1.075s] writing ../../build/attempt_py_moveit/attempt_py_moveit.egg-info/PKG-INFO
[1.075s] writing dependency_links to ../../build/attempt_py_moveit/attempt_py_moveit.egg-info/dependency_links.txt
[1.076s] writing entry points to ../../build/attempt_py_moveit/attempt_py_moveit.egg-info/entry_points.txt
[1.076s] writing requirements to ../../build/attempt_py_moveit/attempt_py_moveit.egg-info/requires.txt
[1.076s] writing top-level names to ../../build/attempt_py_moveit/attempt_py_moveit.egg-info/top_level.txt
[1.077s] reading manifest file '../../build/attempt_py_moveit/attempt_py_moveit.egg-info/SOURCES.txt'
[1.078s] writing manifest file '../../build/attempt_py_moveit/attempt_py_moveit.egg-info/SOURCES.txt'
[1.078s] running build
[1.078s] running build_py
[1.078s] copying attempt_py_moveit/attempt_motion_planning.py -> /home/ros2_ws/build/attempt_py_moveit/build/lib/attempt_py_moveit
[1.078s] running install
[1.078s] running install_lib
[1.079s] copying /home/ros2_ws/build/attempt_py_moveit/build/lib/attempt_py_moveit/attempt_motion_planning.py -> /home/ros2_ws/install/attempt_py_moveit/lib/python3.10/site-packages/attempt_py_moveit
[1.079s] byte-compiling /home/ros2_ws/install/attempt_py_moveit/lib/python3.10/site-packages/attempt_py_moveit/attempt_motion_planning.py to attempt_motion_planning.cpython-310.pyc
[1.080s] running install_data
[1.080s] running install_egg_info
[1.081s] removing '/home/ros2_ws/install/attempt_py_moveit/lib/python3.10/site-packages/attempt_py_moveit-0.0.0-py3.10.egg-info' (and everything under it)
[1.082s] Copying ../../build/attempt_py_moveit/attempt_py_moveit.egg-info to /home/ros2_ws/install/attempt_py_moveit/lib/python3.10/site-packages/attempt_py_moveit-0.0.0-py3.10.egg-info
[1.083s] running install_scripts
[1.097s] Installing attempt_motion_planning script to /home/ros2_ws/install/attempt_py_moveit/lib/attempt_py_moveit
[1.097s] writing list of installed files to '/home/ros2_ws/build/attempt_py_moveit/install.log'
[1.226s] Invoked command in '/home/ros2_ws/src/attempt_py_moveit' returned '0': PYTHONPATH=/home/ros2_ws/build/attempt_py_moveit/prefix_override:/home/ros2_ws/install/attempt_py_moveit/lib/python3.10/site-packages:${PYTHONPATH} /usr/bin/python3 setup.py egg_info --egg-base ../../build/attempt_py_moveit build --build-base /home/ros2_ws/build/attempt_py_moveit/build install --record /home/ros2_ws/build/attempt_py_moveit/install.log --single-version-externally-managed
