[0.575s] Invoking command in '/home/humble_ws/src/kinova_arm': PYTHONPATH=/home/humble_ws/build/kinova_arm/prefix_override:/home/humble_ws/install/kinova_arm/lib/python3.10/site-packages:${PYTHONPATH} /usr/bin/python3 -W ignore:setup.py install is deprecated setup.py egg_info --egg-base ../../build/kinova_arm build --build-base /home/humble_ws/build/kinova_arm/build install --record /home/humble_ws/build/kinova_arm/install.log --single-version-externally-managed install_data
[0.779s] running egg_info
[0.779s] creating ../../build/kinova_arm/kinova_arm.egg-info
[0.779s] writing ../../build/kinova_arm/kinova_arm.egg-info/PKG-INFO
[0.779s] writing dependency_links to ../../build/kinova_arm/kinova_arm.egg-info/dependency_links.txt
[0.779s] writing entry points to ../../build/kinova_arm/kinova_arm.egg-info/entry_points.txt
[0.780s] writing requirements to ../../build/kinova_arm/kinova_arm.egg-info/requires.txt
[0.780s] writing top-level names to ../../build/kinova_arm/kinova_arm.egg-info/top_level.txt
[0.780s] writing manifest file '../../build/kinova_arm/kinova_arm.egg-info/SOURCES.txt'
[0.781s] reading manifest file '../../build/kinova_arm/kinova_arm.egg-info/SOURCES.txt'
[0.781s] writing manifest file '../../build/kinova_arm/kinova_arm.egg-info/SOURCES.txt'
[0.782s] running build
[0.782s] running build_py
[0.782s] creating /home/humble_ws/build/kinova_arm/build
[0.782s] creating /home/humble_ws/build/kinova_arm/build/lib
[0.782s] creating /home/humble_ws/build/kinova_arm/build/lib/kinova_arm
[0.782s] copying kinova_arm/__init__.py -> /home/humble_ws/build/kinova_arm/build/lib/kinova_arm
[0.782s] running install
[0.782s] running install_lib
[0.783s] creating /home/humble_ws/install/kinova_arm/lib/python3.10/site-packages/kinova_arm
[0.783s] copying /home/humble_ws/build/kinova_arm/build/lib/kinova_arm/__init__.py -> /home/humble_ws/install/kinova_arm/lib/python3.10/site-packages/kinova_arm
[0.783s] byte-compiling /home/humble_ws/install/kinova_arm/lib/python3.10/site-packages/kinova_arm/__init__.py to __init__.cpython-310.pyc
[0.783s] running install_data
[0.783s] creating /home/humble_ws/install/kinova_arm/share/ament_index
[0.783s] creating /home/humble_ws/install/kinova_arm/share/ament_index/resource_index
[0.784s] creating /home/humble_ws/install/kinova_arm/share/ament_index/resource_index/packages
[0.784s] copying resource/kinova_arm -> /home/humble_ws/install/kinova_arm/share/ament_index/resource_index/packages
[0.784s] copying package.xml -> /home/humble_ws/install/kinova_arm/share/kinova_arm
[0.784s] running install_egg_info
[0.785s] Copying ../../build/kinova_arm/kinova_arm.egg-info to /home/humble_ws/install/kinova_arm/lib/python3.10/site-packages/kinova_arm-0.0.0-py3.10.egg-info
[0.786s] running install_scripts
[0.802s] writing list of installed files to '/home/humble_ws/build/kinova_arm/install.log'
[0.821s] Invoked command in '/home/humble_ws/src/kinova_arm' returned '0': PYTHONPATH=/home/humble_ws/build/kinova_arm/prefix_override:/home/humble_ws/install/kinova_arm/lib/python3.10/site-packages:${PYTHONPATH} /usr/bin/python3 -W ignore:setup.py install is deprecated setup.py egg_info --egg-base ../../build/kinova_arm build --build-base /home/humble_ws/build/kinova_arm/build install --record /home/humble_ws/build/kinova_arm/install.log --single-version-externally-managed install_data
