running egg_info
creating ../../build/support_kinova_moveit/support_kinova_moveit.egg-info
writing ../../build/support_kinova_moveit/support_kinova_moveit.egg-info/PKG-INFO
writing dependency_links to ../../build/support_kinova_moveit/support_kinova_moveit.egg-info/dependency_links.txt
writing entry points to ../../build/support_kinova_moveit/support_kinova_moveit.egg-info/entry_points.txt
writing requirements to ../../build/support_kinova_moveit/support_kinova_moveit.egg-info/requires.txt
writing top-level names to ../../build/support_kinova_moveit/support_kinova_moveit.egg-info/top_level.txt
writing manifest file '../../build/support_kinova_moveit/support_kinova_moveit.egg-info/SOURCES.txt'
reading manifest file '../../build/support_kinova_moveit/support_kinova_moveit.egg-info/SOURCES.txt'
writing manifest file '../../build/support_kinova_moveit/support_kinova_moveit.egg-info/SOURCES.txt'
running build
running build_py
creating /home/humble_ws/build/support_kinova_moveit/build
creating /home/humble_ws/build/support_kinova_moveit/build/lib
creating /home/humble_ws/build/support_kinova_moveit/build/lib/support_kinova_moveit
copying support_kinova_moveit/joint_forwarder.py -> /home/humble_ws/build/support_kinova_moveit/build/lib/support_kinova_moveit
copying support_kinova_moveit/moveit_test.launch.py -> /home/humble_ws/build/support_kinova_moveit/build/lib/support_kinova_moveit
copying support_kinova_moveit/joint_command_forwarder.py -> /home/humble_ws/build/support_kinova_moveit/build/lib/support_kinova_moveit
copying support_kinova_moveit/__init__.py -> /home/humble_ws/build/support_kinova_moveit/build/lib/support_kinova_moveit
running install
running install_lib
creating /home/humble_ws/install/support_kinova_moveit/lib/python3.10/site-packages/support_kinova_moveit
copying /home/humble_ws/build/support_kinova_moveit/build/lib/support_kinova_moveit/joint_forwarder.py -> /home/humble_ws/install/support_kinova_moveit/lib/python3.10/site-packages/support_kinova_moveit
copying /home/humble_ws/build/support_kinova_moveit/build/lib/support_kinova_moveit/moveit_test.launch.py -> /home/humble_ws/install/support_kinova_moveit/lib/python3.10/site-packages/support_kinova_moveit
copying /home/humble_ws/build/support_kinova_moveit/build/lib/support_kinova_moveit/joint_command_forwarder.py -> /home/humble_ws/install/support_kinova_moveit/lib/python3.10/site-packages/support_kinova_moveit
copying /home/humble_ws/build/support_kinova_moveit/build/lib/support_kinova_moveit/__init__.py -> /home/humble_ws/install/support_kinova_moveit/lib/python3.10/site-packages/support_kinova_moveit
byte-compiling /home/humble_ws/install/support_kinova_moveit/lib/python3.10/site-packages/support_kinova_moveit/joint_forwarder.py to joint_forwarder.cpython-310.pyc
byte-compiling /home/humble_ws/install/support_kinova_moveit/lib/python3.10/site-packages/support_kinova_moveit/moveit_test.launch.py to moveit_test.launch.cpython-310.pyc
byte-compiling /home/humble_ws/install/support_kinova_moveit/lib/python3.10/site-packages/support_kinova_moveit/joint_command_forwarder.py to joint_command_forwarder.cpython-310.pyc
byte-compiling /home/humble_ws/install/support_kinova_moveit/lib/python3.10/site-packages/support_kinova_moveit/__init__.py to __init__.cpython-310.pyc
running install_data
creating /home/humble_ws/install/support_kinova_moveit/share/ament_index
creating /home/humble_ws/install/support_kinova_moveit/share/ament_index/resource_index
creating /home/humble_ws/install/support_kinova_moveit/share/ament_index/resource_index/packages
copying resource/support_kinova_moveit -> /home/humble_ws/install/support_kinova_moveit/share/ament_index/resource_index/packages
copying package.xml -> /home/humble_ws/install/support_kinova_moveit/share/support_kinova_moveit
creating /home/humble_ws/install/support_kinova_moveit/share/support_kinova_moveit/launch
copying launch/moveit_test.launch.py -> /home/humble_ws/install/support_kinova_moveit/share/support_kinova_moveit/launch
running install_egg_info
Copying ../../build/support_kinova_moveit/support_kinova_moveit.egg-info to /home/humble_ws/install/support_kinova_moveit/lib/python3.10/site-packages/support_kinova_moveit-0.0.0-py3.10.egg-info
running install_scripts
Installing joint_command_forwarder script to /home/humble_ws/install/support_kinova_moveit/lib/support_kinova_moveit
Installing joint_forwarder script to /home/humble_ws/install/support_kinova_moveit/lib/support_kinova_moveit
writing list of installed files to '/home/humble_ws/build/support_kinova_moveit/install.log'
