[0.055s] Invoking command in '/home/kortex_ws/build/control_msgs': CMAKE_PREFIX_PATH=${CMAKE_PREFIX_PATH}:/home/kortex_ws/install/rqt_joint_trajectory_controller:/home/kortex_ws/install/rqt_controller_manager:/home/kortex_ws/install/ros2controlcli:/home/kortex_ws/install/ros2_controllers_test_nodes:/home/humble_kortex_interface_ws/install/kortex_interface:/opt/ros/humble /usr/bin/cmake /home/kortex_ws/src/control_msgs/control_msgs -DCMAKE_INSTALL_PREFIX=/home/kortex_ws/install/control_msgs
[0.071s] -- Found action_msgs: 1.2.1 (/opt/ros/humble/share/action_msgs/cmake)
[0.224s] -- Found rosidl_generator_c: 3.1.5 (/opt/ros/humble/share/rosidl_generator_c/cmake)
[0.226s] -- Found rosidl_adapter: 3.1.5 (/opt/ros/humble/share/rosidl_adapter/cmake)
[0.231s] -- Found rosidl_generator_cpp: 3.1.5 (/opt/ros/humble/share/rosidl_generator_cpp/cmake)
[0.242s] -- Using all available rosidl_typesupport_c: rosidl_typesupport_fastrtps_c;rosidl_typesupport_introspection_c
[0.257s] -- Using all available rosidl_typesupport_cpp: rosidl_typesupport_fastrtps_cpp;rosidl_typesupport_introspection_cpp
[0.320s] -- Found geometry_msgs: 4.2.3 (/opt/ros/humble/share/geometry_msgs/cmake)
[0.406s] -- Found rosidl_default_generators: 1.2.0 (/opt/ros/humble/share/rosidl_default_generators/cmake)
[0.420s] -- Found sensor_msgs: 4.2.3 (/opt/ros/humble/share/sensor_msgs/cmake)
[0.494s] -- Found trajectory_msgs: 4.2.3 (/opt/ros/humble/share/trajectory_msgs/cmake)
[0.969s] -- Found ament_cmake_cppcheck: 0.12.10 (/opt/ros/humble/share/ament_cmake_cppcheck/cmake)
[0.970s] -- Found ament_cmake_cpplint: 0.12.10 (/opt/ros/humble/share/ament_cmake_cpplint/cmake)
[0.970s] -- Found ament_cmake_uncrustify: 0.12.10 (/opt/ros/humble/share/ament_cmake_uncrustify/cmake)
[0.971s] -- Found ament_cmake_ros: 0.10.0 (/opt/ros/humble/share/ament_cmake_ros/cmake)
[1.408s] -- Using all available rosidl_typesupport_c: rosidl_typesupport_fastrtps_c;rosidl_typesupport_introspection_c
[1.573s] -- Using all available rosidl_typesupport_cpp: rosidl_typesupport_fastrtps_cpp;rosidl_typesupport_introspection_cpp
[1.594s] -- Found python_cmake_module: 0.10.0 (/opt/ros/humble/share/python_cmake_module/cmake)
[1.614s] -- Using PYTHON_EXECUTABLE: /usr/bin/python3
[1.614s] -- Using PYTHON_INCLUDE_DIRS: /usr/include/python3.10
[1.614s] -- Using PYTHON_LIBRARIES: /usr/lib/x86_64-linux-gnu/libpython3.10.so
[1.692s] -- Found ament_cmake_flake8: 0.12.10 (/opt/ros/humble/share/ament_cmake_flake8/cmake)
[1.693s] -- Found ament_cmake_pep257: 0.12.10 (/opt/ros/humble/share/ament_cmake_pep257/cmake)
[1.699s] -- Configuring done
[1.766s] -- Generating done
[1.770s] -- Build files have been written to: /home/kortex_ws/build/control_msgs
[1.778s] Invoked command in '/home/kortex_ws/build/control_msgs' returned '0': CMAKE_PREFIX_PATH=${CMAKE_PREFIX_PATH}:/home/kortex_ws/install/rqt_joint_trajectory_controller:/home/kortex_ws/install/rqt_controller_manager:/home/kortex_ws/install/ros2controlcli:/home/kortex_ws/install/ros2_controllers_test_nodes:/home/humble_kortex_interface_ws/install/kortex_interface:/opt/ros/humble /usr/bin/cmake /home/kortex_ws/src/control_msgs/control_msgs -DCMAKE_INSTALL_PREFIX=/home/kortex_ws/install/control_msgs
[1.779s] Invoking command in '/home/kortex_ws/build/control_msgs': CMAKE_PREFIX_PATH=${CMAKE_PREFIX_PATH}:/home/kortex_ws/install/rqt_joint_trajectory_controller:/home/kortex_ws/install/rqt_controller_manager:/home/kortex_ws/install/ros2controlcli:/home/kortex_ws/install/ros2_controllers_test_nodes:/home/humble_kortex_interface_ws/install/kortex_interface:/opt/ros/humble /usr/bin/cmake --build /home/kortex_ws/build/control_msgs -- -j16 -l16
[1.844s] [35m[1mConsolidate compiler generated dependencies of target control_msgs__rosidl_generator_c[0m
[1.858s] [  0%] Built target control_msgs__cpp
[1.872s] [ 13%] Built target control_msgs__rosidl_generator_c
[1.873s] [ 13%] Built target ament_cmake_python_copy_control_msgs
[1.877s] [35m[1mConsolidate compiler generated dependencies of target control_msgs__rosidl_typesupport_cpp[0m
[1.877s] [35m[1mConsolidate compiler generated dependencies of target control_msgs__rosidl_typesupport_introspection_cpp[0m
[1.878s] [35m[1mConsolidate compiler generated dependencies of target control_msgs__rosidl_typesupport_fastrtps_cpp[0m
[1.893s] [35m[1mConsolidate compiler generated dependencies of target control_msgs__rosidl_typesupport_c[0m
[1.894s] [35m[1mConsolidate compiler generated dependencies of target control_msgs__rosidl_typesupport_introspection_c[0m
[1.901s] [35m[1mConsolidate compiler generated dependencies of target control_msgs__rosidl_typesupport_fastrtps_c[0m
[1.921s] [ 25%] Built target control_msgs__rosidl_typesupport_c
[1.926s] [ 37%] Built target control_msgs__rosidl_typesupport_introspection_c
[1.929s] [ 50%] Built target control_msgs__rosidl_typesupport_introspection_cpp
[1.933s] [ 69%] Built target control_msgs__rosidl_typesupport_cpp
[1.933s] [ 74%] Built target control_msgs__rosidl_typesupport_fastrtps_cpp
[1.954s] [ 86%] Built target control_msgs__rosidl_typesupport_fastrtps_c
[1.986s] [ 86%] Built target control_msgs
[2.018s] [ 86%] Built target control_msgs__py
[2.038s] [35m[1mConsolidate compiler generated dependencies of target control_msgs__rosidl_generator_py[0m
[2.083s] [ 97%] Built target control_msgs__rosidl_generator_py
[2.091s] running egg_info
[2.091s] writing control_msgs.egg-info/PKG-INFO
[2.091s] writing dependency_links to control_msgs.egg-info/dependency_links.txt
[2.092s] writing top-level names to control_msgs.egg-info/top_level.txt
[2.093s] reading manifest file 'control_msgs.egg-info/SOURCES.txt'
[2.094s] writing manifest file 'control_msgs.egg-info/SOURCES.txt'
[2.099s] [35m[1mConsolidate compiler generated dependencies of target control_msgs__rosidl_typesupport_introspection_c__pyext[0m
[2.099s] [35m[1mConsolidate compiler generated dependencies of target control_msgs__rosidl_typesupport_fastrtps_c__pyext[0m
[2.099s] [35m[1mConsolidate compiler generated dependencies of target control_msgs__rosidl_typesupport_c__pyext[0m
[2.120s] [ 99%] Built target control_msgs__rosidl_typesupport_introspection_c__pyext
[2.120s] [ 99%] Built target control_msgs__rosidl_typesupport_c__pyext
[2.120s] [100%] Built target control_msgs__rosidl_typesupport_fastrtps_c__pyext
[2.124s] [100%] Built target ament_cmake_python_build_control_msgs_egg
[2.141s] Invoked command in '/home/kortex_ws/build/control_msgs' returned '0': CMAKE_PREFIX_PATH=${CMAKE_PREFIX_PATH}:/home/kortex_ws/install/rqt_joint_trajectory_controller:/home/kortex_ws/install/rqt_controller_manager:/home/kortex_ws/install/ros2controlcli:/home/kortex_ws/install/ros2_controllers_test_nodes:/home/humble_kortex_interface_ws/install/kortex_interface:/opt/ros/humble /usr/bin/cmake --build /home/kortex_ws/build/control_msgs -- -j16 -l16
[3.239s] Invoking command in '/home/kortex_ws/build/control_msgs': CMAKE_PREFIX_PATH=${CMAKE_PREFIX_PATH}:/home/kortex_ws/install/rqt_joint_trajectory_controller:/home/kortex_ws/install/rqt_controller_manager:/home/kortex_ws/install/ros2controlcli:/home/kortex_ws/install/ros2_controllers_test_nodes:/home/humble_kortex_interface_ws/install/kortex_interface:/opt/ros/humble /usr/bin/cmake --install /home/kortex_ws/build/control_msgs
[3.250s] -- Install configuration: "Release"
[3.250s] -- Up-to-date: /home/kortex_ws/install/control_msgs/share/ament_index/resource_index/rosidl_interfaces/control_msgs
[3.250s] -- Up-to-date: /home/kortex_ws/install/control_msgs/include/control_msgs/control_msgs
[3.250s] -- Up-to-date: /home/kortex_ws/install/control_msgs/include/control_msgs/control_msgs/msg
[3.250s] -- Up-to-date: /home/kortex_ws/install/control_msgs/include/control_msgs/control_msgs/msg/joint_tolerance.h
[3.250s] -- Up-to-date: /home/kortex_ws/install/control_msgs/include/control_msgs/control_msgs/msg/multi_dof_command.h
[3.250s] -- Up-to-date: /home/kortex_ws/install/control_msgs/include/control_msgs/control_msgs/msg/rosidl_generator_c__visibility_control.h
[3.250s] -- Up-to-date: /home/kortex_ws/install/control_msgs/include/control_msgs/control_msgs/msg/detail
[3.250s] -- Up-to-date: /home/kortex_ws/install/control_msgs/include/control_msgs/control_msgs/msg/detail/multi_dof_state_stamped__functions.c
[3.250s] -- Up-to-date: /home/kortex_ws/install/control_msgs/include/control_msgs/control_msgs/msg/detail/single_dof_state__type_support.h
[3.251s] -- Up-to-date: /home/kortex_ws/install/control_msgs/include/control_msgs/control_msgs/msg/detail/dynamic_joint_state__functions.h
[3.251s] -- Up-to-date: /home/kortex_ws/install/control_msgs/include/control_msgs/control_msgs/msg/detail/joint_jog__type_support.h
[3.251s] -- Up-to-date: /home/kortex_ws/install/control_msgs/include/control_msgs/control_msgs/msg/detail/joint_component_tolerance__functions.c
[3.251s] -- Up-to-date: /home/kortex_ws/install/control_msgs/include/control_msgs/control_msgs/msg/detail/steering_controller_status__functions.h
[3.251s] -- Up-to-date: /home/kortex_ws/install/control_msgs/include/control_msgs/control_msgs/msg/detail/steering_controller_status__functions.c
[3.251s] -- Up-to-date: /home/kortex_ws/install/control_msgs/include/control_msgs/control_msgs/msg/detail/single_dof_state__functions.h
[3.251s] -- Up-to-date: /home/kortex_ws/install/control_msgs/include/control_msgs/control_msgs/msg/detail/joint_tolerance__type_support.h
[3.251s] -- Up-to-date: /home/kortex_ws/install/control_msgs/include/control_msgs/control_msgs/msg/detail/pid_state__functions.h
[3.251s] -- Up-to-date: /home/kortex_ws/install/control_msgs/include/control_msgs/control_msgs/msg/detail/joint_trajectory_controller_state__type_support.h
[3.251s] -- Up-to-date: /home/kortex_ws/install/control_msgs/include/control_msgs/control_msgs/msg/detail/dynamic_joint_state__type_support.h
[3.251s] -- Up-to-date: /home/kortex_ws/install/control_msgs/include/control_msgs/control_msgs/msg/detail/pid_state__struct.h
[3.251s] -- Up-to-date: /home/kortex_ws/install/control_msgs/include/control_msgs/control_msgs/msg/detail/single_dof_state__struct.h
[3.252s] -- Up-to-date: /home/kortex_ws/install/control_msgs/include/control_msgs/control_msgs/msg/detail/mecanum_drive_controller_state__functions.c
[3.252s] -- Up-to-date: /home/kortex_ws/install/control_msgs/include/control_msgs/control_msgs/msg/detail/joint_component_tolerance__type_support.h
[3.252s] -- Up-to-date: /home/kortex_ws/install/control_msgs/include/control_msgs/control_msgs/msg/detail/gripper_command__struct.h
[3.252s] -- Up-to-date: /home/kortex_ws/install/control_msgs/include/control_msgs/control_msgs/msg/detail/joint_jog__struct.h
[3.252s] -- Up-to-date: /home/kortex_ws/install/control_msgs/include/control_msgs/control_msgs/msg/detail/mecanum_drive_controller_state__type_support.h
[3.252s] -- Up-to-date: /home/kortex_ws/install/control_msgs/include/control_msgs/control_msgs/msg/detail/mecanum_drive_controller_state__struct.h
[3.252s] -- Up-to-date: /home/kortex_ws/install/control_msgs/include/control_msgs/control_msgs/msg/detail/joint_trajectory_controller_state__functions.c
[3.252s] -- Up-to-date: /home/kortex_ws/install/control_msgs/include/control_msgs/control_msgs/msg/detail/multi_dof_command__functions.c
[3.252s] -- Up-to-date: /home/kortex_ws/install/control_msgs/include/control_msgs/control_msgs/msg/detail/multi_dof_state_stamped__type_support.h
[3.252s] -- Up-to-date: /home/kortex_ws/install/control_msgs/include/control_msgs/control_msgs/msg/detail/admittance_controller_state__type_support.h
[3.252s] -- Up-to-date: /home/kortex_ws/install/control_msgs/include/control_msgs/control_msgs/msg/detail/multi_dof_command__struct.h
[3.252s] -- Up-to-date: /home/kortex_ws/install/control_msgs/include/control_msgs/control_msgs/msg/detail/admittance_controller_state__functions.h
[3.252s] -- Up-to-date: /home/kortex_ws/install/control_msgs/include/control_msgs/control_msgs/msg/detail/admittance_controller_state__struct.h
[3.252s] -- Up-to-date: /home/kortex_ws/install/control_msgs/include/control_msgs/control_msgs/msg/detail/steering_controller_status__struct.h
[3.252s] -- Up-to-date: /home/kortex_ws/install/control_msgs/include/control_msgs/control_msgs/msg/detail/multi_dof_state_stamped__functions.h
[3.253s] -- Up-to-date: /home/kortex_ws/install/control_msgs/include/control_msgs/control_msgs/msg/detail/joint_controller_state__functions.c
[3.253s] -- Up-to-date: /home/kortex_ws/install/control_msgs/include/control_msgs/control_msgs/msg/detail/mecanum_drive_controller_state__functions.h
[3.253s] -- Up-to-date: /home/kortex_ws/install/control_msgs/include/control_msgs/control_msgs/msg/detail/single_dof_state__functions.c
[3.253s] -- Up-to-date: /home/kortex_ws/install/control_msgs/include/control_msgs/control_msgs/msg/detail/joint_trajectory_controller_state__struct.h
[3.253s] -- Up-to-date: /home/kortex_ws/install/control_msgs/include/control_msgs/control_msgs/msg/detail/pid_state__type_support.h
[3.253s] -- Up-to-date: /home/kortex_ws/install/control_msgs/include/control_msgs/control_msgs/msg/detail/joint_component_tolerance__struct.h
[3.253s] -- Up-to-date: /home/kortex_ws/install/control_msgs/include/control_msgs/control_msgs/msg/detail/interface_value__functions.h
[3.253s] -- Up-to-date: /home/kortex_ws/install/control_msgs/include/control_msgs/control_msgs/msg/detail/gripper_command__functions.c
[3.253s] -- Up-to-date: /home/kortex_ws/install/control_msgs/include/control_msgs/control_msgs/msg/detail/single_dof_state_stamped__type_support.h
[3.253s] -- Up-to-date: /home/kortex_ws/install/control_msgs/include/control_msgs/control_msgs/msg/detail/gripper_command__functions.h
[3.253s] -- Up-to-date: /home/kortex_ws/install/control_msgs/include/control_msgs/control_msgs/msg/detail/joint_controller_state__type_support.h
[3.253s] -- Up-to-date: /home/kortex_ws/install/control_msgs/include/control_msgs/control_msgs/msg/detail/multi_dof_command__type_support.h
[3.253s] -- Up-to-date: /home/kortex_ws/install/control_msgs/include/control_msgs/control_msgs/msg/detail/single_dof_state_stamped__struct.h
[3.253s] -- Up-to-date: /home/kortex_ws/install/control_msgs/include/control_msgs/control_msgs/msg/detail/single_dof_state_stamped__functions.c
[3.253s] -- Up-to-date: /home/kortex_ws/install/control_msgs/include/control_msgs/control_msgs/msg/detail/joint_tolerance__functions.h
[3.253s] -- Up-to-date: /home/kortex_ws/install/control_msgs/include/control_msgs/control_msgs/msg/detail/interface_value__struct.h
[3.253s] -- Up-to-date: /home/kortex_ws/install/control_msgs/include/control_msgs/control_msgs/msg/detail/joint_controller_state__functions.h
[3.254s] -- Up-to-date: /home/kortex_ws/install/control_msgs/include/control_msgs/control_msgs/msg/detail/gripper_command__type_support.h
[3.254s] -- Up-to-date: /home/kortex_ws/install/control_msgs/include/control_msgs/control_msgs/msg/detail/joint_jog__functions.c
[3.254s] -- Up-to-date: /home/kortex_ws/install/control_msgs/include/control_msgs/control_msgs/msg/detail/joint_tolerance__struct.h
[3.254s] -- Up-to-date: /home/kortex_ws/install/control_msgs/include/control_msgs/control_msgs/msg/detail/joint_trajectory_controller_state__functions.h
[3.254s] -- Up-to-date: /home/kortex_ws/install/control_msgs/include/control_msgs/control_msgs/msg/detail/multi_dof_command__functions.h
[3.254s] -- Up-to-date: /home/kortex_ws/install/control_msgs/include/control_msgs/control_msgs/msg/detail/joint_tolerance__functions.c
[3.254s] -- Up-to-date: /home/kortex_ws/install/control_msgs/include/control_msgs/control_msgs/msg/detail/joint_controller_state__struct.h
[3.254s] -- Up-to-date: /home/kortex_ws/install/control_msgs/include/control_msgs/control_msgs/msg/detail/interface_value__type_support.h
[3.254s] -- Up-to-date: /home/kortex_ws/install/control_msgs/include/control_msgs/control_msgs/msg/detail/admittance_controller_state__functions.c
[3.254s] -- Up-to-date: /home/kortex_ws/install/control_msgs/include/control_msgs/control_msgs/msg/detail/single_dof_state_stamped__functions.h
[3.254s] -- Up-to-date: /home/kortex_ws/install/control_msgs/include/control_msgs/control_msgs/msg/detail/multi_dof_state_stamped__struct.h
[3.254s] -- Up-to-date: /home/kortex_ws/install/control_msgs/include/control_msgs/control_msgs/msg/detail/dynamic_joint_state__struct.h
[3.254s] -- Up-to-date: /home/kortex_ws/install/control_msgs/include/control_msgs/control_msgs/msg/detail/dynamic_joint_state__functions.c
[3.254s] -- Up-to-date: /home/kortex_ws/install/control_msgs/include/control_msgs/control_msgs/msg/detail/interface_value__functions.c
[3.254s] -- Up-to-date: /home/kortex_ws/install/control_msgs/include/control_msgs/control_msgs/msg/detail/joint_jog__functions.h
[3.255s] -- Up-to-date: /home/kortex_ws/install/control_msgs/include/control_msgs/control_msgs/msg/detail/pid_state__functions.c
[3.255s] -- Up-to-date: /home/kortex_ws/install/control_msgs/include/control_msgs/control_msgs/msg/detail/joint_component_tolerance__functions.h
[3.255s] -- Up-to-date: /home/kortex_ws/install/control_msgs/include/control_msgs/control_msgs/msg/detail/steering_controller_status__type_support.h
[3.255s] -- Up-to-date: /home/kortex_ws/install/control_msgs/include/control_msgs/control_msgs/msg/multi_dof_state_stamped.h
[3.255s] -- Up-to-date: /home/kortex_ws/install/control_msgs/include/control_msgs/control_msgs/msg/steering_controller_status.h
[3.255s] -- Up-to-date: /home/kortex_ws/install/control_msgs/include/control_msgs/control_msgs/msg/gripper_command.h
[3.255s] -- Up-to-date: /home/kortex_ws/install/control_msgs/include/control_msgs/control_msgs/msg/admittance_controller_state.h
[3.255s] -- Up-to-date: /home/kortex_ws/install/control_msgs/include/control_msgs/control_msgs/msg/single_dof_state_stamped.h
[3.255s] -- Up-to-date: /home/kortex_ws/install/control_msgs/include/control_msgs/control_msgs/msg/joint_jog.h
[3.255s] -- Up-to-date: /home/kortex_ws/install/control_msgs/include/control_msgs/control_msgs/msg/mecanum_drive_controller_state.h
[3.255s] -- Up-to-date: /home/kortex_ws/install/control_msgs/include/control_msgs/control_msgs/msg/pid_state.h
[3.255s] -- Up-to-date: /home/kortex_ws/install/control_msgs/include/control_msgs/control_msgs/msg/joint_controller_state.h
[3.255s] -- Up-to-date: /home/kortex_ws/install/control_msgs/include/control_msgs/control_msgs/msg/single_dof_state.h
[3.256s] -- Up-to-date: /home/kortex_ws/install/control_msgs/include/control_msgs/control_msgs/msg/interface_value.h
[3.256s] -- Up-to-date: /home/kortex_ws/install/control_msgs/include/control_msgs/control_msgs/msg/joint_component_tolerance.h
[3.256s] -- Up-to-date: /home/kortex_ws/install/control_msgs/include/control_msgs/control_msgs/msg/joint_trajectory_controller_state.h
[3.256s] -- Up-to-date: /home/kortex_ws/install/control_msgs/include/control_msgs/control_msgs/msg/dynamic_joint_state.h
[3.256s] -- Up-to-date: /home/kortex_ws/install/control_msgs/include/control_msgs/control_msgs/srv
[3.256s] -- Up-to-date: /home/kortex_ws/install/control_msgs/include/control_msgs/control_msgs/srv/detail
[3.256s] -- Up-to-date: /home/kortex_ws/install/control_msgs/include/control_msgs/control_msgs/srv/detail/query_trajectory_state__type_support.h
[3.256s] -- Up-to-date: /home/kortex_ws/install/control_msgs/include/control_msgs/control_msgs/srv/detail/query_trajectory_state__functions.h
[3.256s] -- Up-to-date: /home/kortex_ws/install/control_msgs/include/control_msgs/control_msgs/srv/detail/query_trajectory_state__functions.c
[3.256s] -- Up-to-date: /home/kortex_ws/install/control_msgs/include/control_msgs/control_msgs/srv/detail/query_calibration_state__functions.c
[3.256s] -- Up-to-date: /home/kortex_ws/install/control_msgs/include/control_msgs/control_msgs/srv/detail/query_trajectory_state__struct.h
[3.256s] -- Up-to-date: /home/kortex_ws/install/control_msgs/include/control_msgs/control_msgs/srv/detail/query_calibration_state__functions.h
[3.256s] -- Up-to-date: /home/kortex_ws/install/control_msgs/include/control_msgs/control_msgs/srv/detail/query_calibration_state__struct.h
[3.256s] -- Up-to-date: /home/kortex_ws/install/control_msgs/include/control_msgs/control_msgs/srv/detail/query_calibration_state__type_support.h
[3.257s] -- Up-to-date: /home/kortex_ws/install/control_msgs/include/control_msgs/control_msgs/srv/query_trajectory_state.h
[3.257s] -- Up-to-date: /home/kortex_ws/install/control_msgs/include/control_msgs/control_msgs/srv/query_calibration_state.h
[3.257s] -- Up-to-date: /home/kortex_ws/install/control_msgs/include/control_msgs/control_msgs/action
[3.257s] -- Up-to-date: /home/kortex_ws/install/control_msgs/include/control_msgs/control_msgs/action/parallel_gripper_command.h
[3.257s] -- Up-to-date: /home/kortex_ws/install/control_msgs/include/control_msgs/control_msgs/action/detail
[3.257s] -- Up-to-date: /home/kortex_ws/install/control_msgs/include/control_msgs/control_msgs/action/detail/follow_joint_trajectory__struct.h
[3.257s] -- Up-to-date: /home/kortex_ws/install/control_msgs/include/control_msgs/control_msgs/action/detail/single_joint_position__type_support.h
[3.257s] -- Up-to-date: /home/kortex_ws/install/control_msgs/include/control_msgs/control_msgs/action/detail/follow_joint_trajectory__functions.h
[3.257s] -- Up-to-date: /home/kortex_ws/install/control_msgs/include/control_msgs/control_msgs/action/detail/parallel_gripper_command__functions.c
[3.257s] -- Up-to-date: /home/kortex_ws/install/control_msgs/include/control_msgs/control_msgs/action/detail/joint_trajectory__type_support.h
[3.257s] -- Up-to-date: /home/kortex_ws/install/control_msgs/include/control_msgs/control_msgs/action/detail/gripper_command__struct.h
[3.257s] -- Up-to-date: /home/kortex_ws/install/control_msgs/include/control_msgs/control_msgs/action/detail/single_joint_position__functions.c
[3.257s] -- Up-to-date: /home/kortex_ws/install/control_msgs/include/control_msgs/control_msgs/action/detail/follow_joint_trajectory__functions.c
[3.257s] -- Up-to-date: /home/kortex_ws/install/control_msgs/include/control_msgs/control_msgs/action/detail/single_joint_position__functions.h
[3.257s] -- Up-to-date: /home/kortex_ws/install/control_msgs/include/control_msgs/control_msgs/action/detail/follow_joint_trajectory__type_support.h
[3.258s] -- Up-to-date: /home/kortex_ws/install/control_msgs/include/control_msgs/control_msgs/action/detail/joint_trajectory__functions.c
[3.258s] -- Up-to-date: /home/kortex_ws/install/control_msgs/include/control_msgs/control_msgs/action/detail/gripper_command__functions.c
[3.258s] -- Up-to-date: /home/kortex_ws/install/control_msgs/include/control_msgs/control_msgs/action/detail/gripper_command__functions.h
[3.258s] -- Up-to-date: /home/kortex_ws/install/control_msgs/include/control_msgs/control_msgs/action/detail/joint_trajectory__struct.h
[3.258s] -- Up-to-date: /home/kortex_ws/install/control_msgs/include/control_msgs/control_msgs/action/detail/point_head__functions.c
[3.258s] -- Up-to-date: /home/kortex_ws/install/control_msgs/include/control_msgs/control_msgs/action/detail/joint_trajectory__functions.h
[3.258s] -- Up-to-date: /home/kortex_ws/install/control_msgs/include/control_msgs/control_msgs/action/detail/parallel_gripper_command__functions.h
[3.258s] -- Up-to-date: /home/kortex_ws/install/control_msgs/include/control_msgs/control_msgs/action/detail/parallel_gripper_command__struct.h
[3.258s] -- Up-to-date: /home/kortex_ws/install/control_msgs/include/control_msgs/control_msgs/action/detail/point_head__type_support.h
[3.258s] -- Up-to-date: /home/kortex_ws/install/control_msgs/include/control_msgs/control_msgs/action/detail/gripper_command__type_support.h
[3.258s] -- Up-to-date: /home/kortex_ws/install/control_msgs/include/control_msgs/control_msgs/action/detail/parallel_gripper_command__type_support.h
[3.258s] -- Up-to-date: /home/kortex_ws/install/control_msgs/include/control_msgs/control_msgs/action/detail/single_joint_position__struct.h
[3.258s] -- Up-to-date: /home/kortex_ws/install/control_msgs/include/control_msgs/control_msgs/action/detail/point_head__struct.h
[3.258s] -- Up-to-date: /home/kortex_ws/install/control_msgs/include/control_msgs/control_msgs/action/detail/point_head__functions.h
[3.258s] -- Up-to-date: /home/kortex_ws/install/control_msgs/include/control_msgs/control_msgs/action/gripper_command.h
[3.258s] -- Up-to-date: /home/kortex_ws/install/control_msgs/include/control_msgs/control_msgs/action/point_head.h
[3.259s] -- Up-to-date: /home/kortex_ws/install/control_msgs/include/control_msgs/control_msgs/action/single_joint_position.h
[3.259s] -- Up-to-date: /home/kortex_ws/install/control_msgs/include/control_msgs/control_msgs/action/follow_joint_trajectory.h
[3.259s] -- Up-to-date: /home/kortex_ws/install/control_msgs/include/control_msgs/control_msgs/action/joint_trajectory.h
[3.259s] -- Up-to-date: /home/kortex_ws/install/control_msgs/share/control_msgs/environment/library_path.sh
[3.259s] -- Installing: /home/kortex_ws/install/control_msgs/share/control_msgs/environment/library_path.dsv
[3.259s] -- Up-to-date: /home/kortex_ws/install/control_msgs/lib/libcontrol_msgs__rosidl_generator_c.so
[3.259s] -- Up-to-date: /home/kortex_ws/install/control_msgs/include/control_msgs/control_msgs
[3.259s] -- Up-to-date: /home/kortex_ws/install/control_msgs/include/control_msgs/control_msgs/msg
[3.259s] -- Up-to-date: /home/kortex_ws/install/control_msgs/include/control_msgs/control_msgs/msg/detail
[3.259s] -- Up-to-date: /home/kortex_ws/install/control_msgs/include/control_msgs/control_msgs/msg/detail/joint_controller_state__rosidl_typesupport_fastrtps_c.h
[3.259s] -- Up-to-date: /home/kortex_ws/install/control_msgs/include/control_msgs/control_msgs/msg/detail/mecanum_drive_controller_state__rosidl_typesupport_fastrtps_c.h
[3.259s] -- Up-to-date: /home/kortex_ws/install/control_msgs/include/control_msgs/control_msgs/msg/detail/joint_trajectory_controller_state__rosidl_typesupport_fastrtps_c.h
[3.259s] -- Up-to-date: /home/kortex_ws/install/control_msgs/include/control_msgs/control_msgs/msg/detail/gripper_command__rosidl_typesupport_fastrtps_c.h
[3.260s] -- Up-to-date: /home/kortex_ws/install/control_msgs/include/control_msgs/control_msgs/msg/detail/joint_tolerance__rosidl_typesupport_fastrtps_c.h
[3.260s] -- Up-to-date: /home/kortex_ws/install/control_msgs/include/control_msgs/control_msgs/msg/detail/pid_state__rosidl_typesupport_fastrtps_c.h
[3.260s] -- Up-to-date: /home/kortex_ws/install/control_msgs/include/control_msgs/control_msgs/msg/detail/admittance_controller_state__rosidl_typesupport_fastrtps_c.h
[3.260s] -- Up-to-date: /home/kortex_ws/install/control_msgs/include/control_msgs/control_msgs/msg/detail/joint_jog__rosidl_typesupport_fastrtps_c.h
[3.260s] -- Up-to-date: /home/kortex_ws/install/control_msgs/include/control_msgs/control_msgs/msg/detail/single_dof_state__rosidl_typesupport_fastrtps_c.h
[3.260s] -- Up-to-date: /home/kortex_ws/install/control_msgs/include/control_msgs/control_msgs/msg/detail/multi_dof_command__rosidl_typesupport_fastrtps_c.h
[3.260s] -- Up-to-date: /home/kortex_ws/install/control_msgs/include/control_msgs/control_msgs/msg/detail/interface_value__rosidl_typesupport_fastrtps_c.h
[3.260s] -- Up-to-date: /home/kortex_ws/install/control_msgs/include/control_msgs/control_msgs/msg/detail/joint_component_tolerance__rosidl_typesupport_fastrtps_c.h
[3.260s] -- Up-to-date: /home/kortex_ws/install/control_msgs/include/control_msgs/control_msgs/msg/detail/multi_dof_state_stamped__rosidl_typesupport_fastrtps_c.h
[3.260s] -- Up-to-date: /home/kortex_ws/install/control_msgs/include/control_msgs/control_msgs/msg/detail/steering_controller_status__rosidl_typesupport_fastrtps_c.h
[3.260s] -- Up-to-date: /home/kortex_ws/install/control_msgs/include/control_msgs/control_msgs/msg/detail/dynamic_joint_state__rosidl_typesupport_fastrtps_c.h
[3.260s] -- Up-to-date: /home/kortex_ws/install/control_msgs/include/control_msgs/control_msgs/msg/detail/single_dof_state_stamped__rosidl_typesupport_fastrtps_c.h
[3.260s] -- Up-to-date: /home/kortex_ws/install/control_msgs/include/control_msgs/control_msgs/msg/rosidl_typesupport_fastrtps_c__visibility_control.h
[3.260s] -- Up-to-date: /home/kortex_ws/install/control_msgs/include/control_msgs/control_msgs/srv
[3.260s] -- Up-to-date: /home/kortex_ws/install/control_msgs/include/control_msgs/control_msgs/srv/detail
[3.260s] -- Up-to-date: /home/kortex_ws/install/control_msgs/include/control_msgs/control_msgs/srv/detail/query_trajectory_state__rosidl_typesupport_fastrtps_c.h
[3.260s] -- Up-to-date: /home/kortex_ws/install/control_msgs/include/control_msgs/control_msgs/srv/detail/query_calibration_state__rosidl_typesupport_fastrtps_c.h
[3.261s] -- Up-to-date: /home/kortex_ws/install/control_msgs/include/control_msgs/control_msgs/action
[3.261s] -- Up-to-date: /home/kortex_ws/install/control_msgs/include/control_msgs/control_msgs/action/detail
[3.261s] -- Up-to-date: /home/kortex_ws/install/control_msgs/include/control_msgs/control_msgs/action/detail/joint_trajectory__rosidl_typesupport_fastrtps_c.h
[3.261s] -- Up-to-date: /home/kortex_ws/install/control_msgs/include/control_msgs/control_msgs/action/detail/parallel_gripper_command__rosidl_typesupport_fastrtps_c.h
[3.261s] -- Up-to-date: /home/kortex_ws/install/control_msgs/include/control_msgs/control_msgs/action/detail/follow_joint_trajectory__rosidl_typesupport_fastrtps_c.h
[3.261s] -- Up-to-date: /home/kortex_ws/install/control_msgs/include/control_msgs/control_msgs/action/detail/gripper_command__rosidl_typesupport_fastrtps_c.h
[3.261s] -- Up-to-date: /home/kortex_ws/install/control_msgs/include/control_msgs/control_msgs/action/detail/single_joint_position__rosidl_typesupport_fastrtps_c.h
[3.261s] -- Up-to-date: /home/kortex_ws/install/control_msgs/include/control_msgs/control_msgs/action/detail/point_head__rosidl_typesupport_fastrtps_c.h
[3.261s] -- Up-to-date: /home/kortex_ws/install/control_msgs/lib/libcontrol_msgs__rosidl_typesupport_fastrtps_c.so
[3.261s] -- Up-to-date: /home/kortex_ws/install/control_msgs/include/control_msgs/control_msgs
[3.261s] -- Up-to-date: /home/kortex_ws/install/control_msgs/include/control_msgs/control_msgs/msg
[3.261s] -- Up-to-date: /home/kortex_ws/install/control_msgs/include/control_msgs/control_msgs/msg/dynamic_joint_state.hpp
[3.261s] -- Up-to-date: /home/kortex_ws/install/control_msgs/include/control_msgs/control_msgs/msg/joint_controller_state.hpp
[3.261s] -- Up-to-date: /home/kortex_ws/install/control_msgs/include/control_msgs/control_msgs/msg/joint_jog.hpp
[3.261s] -- Up-to-date: /home/kortex_ws/install/control_msgs/include/control_msgs/control_msgs/msg/joint_component_tolerance.hpp
[3.262s] -- Up-to-date: /home/kortex_ws/install/control_msgs/include/control_msgs/control_msgs/msg/detail
[3.262s] -- Up-to-date: /home/kortex_ws/install/control_msgs/include/control_msgs/control_msgs/msg/detail/joint_jog__struct.hpp
[3.262s] -- Up-to-date: /home/kortex_ws/install/control_msgs/include/control_msgs/control_msgs/msg/detail/joint_trajectory_controller_state__builder.hpp
[3.262s] -- Up-to-date: /home/kortex_ws/install/control_msgs/include/control_msgs/control_msgs/msg/detail/joint_jog__traits.hpp
[3.262s] -- Up-to-date: /home/kortex_ws/install/control_msgs/include/control_msgs/control_msgs/msg/detail/dynamic_joint_state__builder.hpp
[3.262s] -- Up-to-date: /home/kortex_ws/install/control_msgs/include/control_msgs/control_msgs/msg/detail/multi_dof_command__builder.hpp
[3.262s] -- Up-to-date: /home/kortex_ws/install/control_msgs/include/control_msgs/control_msgs/msg/detail/mecanum_drive_controller_state__builder.hpp
[3.262s] -- Up-to-date: /home/kortex_ws/install/control_msgs/include/control_msgs/control_msgs/msg/detail/admittance_controller_state__traits.hpp
[3.262s] -- Up-to-date: /home/kortex_ws/install/control_msgs/include/control_msgs/control_msgs/msg/detail/multi_dof_command__struct.hpp
[3.262s] -- Up-to-date: /home/kortex_ws/install/control_msgs/include/control_msgs/control_msgs/msg/detail/mecanum_drive_controller_state__traits.hpp
[3.262s] -- Up-to-date: /home/kortex_ws/install/control_msgs/include/control_msgs/control_msgs/msg/detail/gripper_command__struct.hpp
[3.262s] -- Up-to-date: /home/kortex_ws/install/control_msgs/include/control_msgs/control_msgs/msg/detail/steering_controller_status__traits.hpp
[3.262s] -- Up-to-date: /home/kortex_ws/install/control_msgs/include/control_msgs/control_msgs/msg/detail/pid_state__builder.hpp
[3.262s] -- Up-to-date: /home/kortex_ws/install/control_msgs/include/control_msgs/control_msgs/msg/detail/joint_trajectory_controller_state__traits.hpp
[3.262s] -- Up-to-date: /home/kortex_ws/install/control_msgs/include/control_msgs/control_msgs/msg/detail/mecanum_drive_controller_state__struct.hpp
[3.262s] -- Up-to-date: /home/kortex_ws/install/control_msgs/include/control_msgs/control_msgs/msg/detail/steering_controller_status__struct.hpp
[3.262s] -- Up-to-date: /home/kortex_ws/install/control_msgs/include/control_msgs/control_msgs/msg/detail/steering_controller_status__builder.hpp
[3.263s] -- Up-to-date: /home/kortex_ws/install/control_msgs/include/control_msgs/control_msgs/msg/detail/gripper_command__builder.hpp
[3.263s] -- Up-to-date: /home/kortex_ws/install/control_msgs/include/control_msgs/control_msgs/msg/detail/single_dof_state_stamped__traits.hpp
[3.263s] -- Up-to-date: /home/kortex_ws/install/control_msgs/include/control_msgs/control_msgs/msg/detail/admittance_controller_state__struct.hpp
[3.263s] -- Up-to-date: /home/kortex_ws/install/control_msgs/include/control_msgs/control_msgs/msg/detail/pid_state__struct.hpp
[3.263s] -- Up-to-date: /home/kortex_ws/install/control_msgs/include/control_msgs/control_msgs/msg/detail/joint_component_tolerance__builder.hpp
[3.263s] -- Up-to-date: /home/kortex_ws/install/control_msgs/include/control_msgs/control_msgs/msg/detail/multi_dof_state_stamped__traits.hpp
[3.263s] -- Up-to-date: /home/kortex_ws/install/control_msgs/include/control_msgs/control_msgs/msg/detail/admittance_controller_state__builder.hpp
[3.263s] -- Up-to-date: /home/kortex_ws/install/control_msgs/include/control_msgs/control_msgs/msg/detail/gripper_command__traits.hpp
[3.263s] -- Up-to-date: /home/kortex_ws/install/control_msgs/include/control_msgs/control_msgs/msg/detail/single_dof_state__builder.hpp
[3.263s] -- Up-to-date: /home/kortex_ws/install/control_msgs/include/control_msgs/control_msgs/msg/detail/single_dof_state__struct.hpp
[3.263s] -- Up-to-date: /home/kortex_ws/install/control_msgs/include/control_msgs/control_msgs/msg/detail/joint_controller_state__traits.hpp
[3.263s] -- Up-to-date: /home/kortex_ws/install/control_msgs/include/control_msgs/control_msgs/msg/detail/pid_state__traits.hpp
[3.263s] -- Up-to-date: /home/kortex_ws/install/control_msgs/include/control_msgs/control_msgs/msg/detail/joint_tolerance__traits.hpp
[3.263s] -- Up-to-date: /home/kortex_ws/install/control_msgs/include/control_msgs/control_msgs/msg/detail/dynamic_joint_state__traits.hpp
[3.264s] -- Up-to-date: /home/kortex_ws/install/control_msgs/include/control_msgs/control_msgs/msg/detail/multi_dof_state_stamped__builder.hpp
[3.264s] -- Up-to-date: /home/kortex_ws/install/control_msgs/include/control_msgs/control_msgs/msg/detail/interface_value__struct.hpp
[3.264s] -- Up-to-date: /home/kortex_ws/install/control_msgs/include/control_msgs/control_msgs/msg/detail/joint_tolerance__struct.hpp
[3.264s] -- Up-to-date: /home/kortex_ws/install/control_msgs/include/control_msgs/control_msgs/msg/detail/interface_value__builder.hpp
[3.264s] -- Up-to-date: /home/kortex_ws/install/control_msgs/include/control_msgs/control_msgs/msg/detail/joint_component_tolerance__struct.hpp
[3.264s] -- Up-to-date: /home/kortex_ws/install/control_msgs/include/control_msgs/control_msgs/msg/detail/joint_component_tolerance__traits.hpp
[3.264s] -- Up-to-date: /home/kortex_ws/install/control_msgs/include/control_msgs/control_msgs/msg/detail/joint_trajectory_controller_state__struct.hpp
[3.264s] -- Up-to-date: /home/kortex_ws/install/control_msgs/include/control_msgs/control_msgs/msg/detail/single_dof_state__traits.hpp
[3.264s] -- Up-to-date: /home/kortex_ws/install/control_msgs/include/control_msgs/control_msgs/msg/detail/joint_tolerance__builder.hpp
[3.264s] -- Up-to-date: /home/kortex_ws/install/control_msgs/include/control_msgs/control_msgs/msg/detail/single_dof_state_stamped__struct.hpp
[3.264s] -- Up-to-date: /home/kortex_ws/install/control_msgs/include/control_msgs/control_msgs/msg/detail/joint_jog__builder.hpp
[3.264s] -- Up-to-date: /home/kortex_ws/install/control_msgs/include/control_msgs/control_msgs/msg/detail/multi_dof_state_stamped__struct.hpp
[3.264s] -- Up-to-date: /home/kortex_ws/install/control_msgs/include/control_msgs/control_msgs/msg/detail/multi_dof_command__traits.hpp
[3.264s] -- Up-to-date: /home/kortex_ws/install/control_msgs/include/control_msgs/control_msgs/msg/detail/joint_controller_state__struct.hpp
[3.264s] -- Up-to-date: /home/kortex_ws/install/control_msgs/include/control_msgs/control_msgs/msg/detail/joint_controller_state__builder.hpp
[3.264s] -- Up-to-date: /home/kortex_ws/install/control_msgs/include/control_msgs/control_msgs/msg/detail/dynamic_joint_state__struct.hpp
[3.265s] -- Up-to-date: /home/kortex_ws/install/control_msgs/include/control_msgs/control_msgs/msg/detail/interface_value__traits.hpp
[3.265s] -- Up-to-date: /home/kortex_ws/install/control_msgs/include/control_msgs/control_msgs/msg/detail/single_dof_state_stamped__builder.hpp
[3.265s] -- Up-to-date: /home/kortex_ws/install/control_msgs/include/control_msgs/control_msgs/msg/interface_value.hpp
[3.265s] -- Up-to-date: /home/kortex_ws/install/control_msgs/include/control_msgs/control_msgs/msg/single_dof_state.hpp
[3.265s] -- Up-to-date: /home/kortex_ws/install/control_msgs/include/control_msgs/control_msgs/msg/single_dof_state_stamped.hpp
[3.265s] -- Up-to-date: /home/kortex_ws/install/control_msgs/include/control_msgs/control_msgs/msg/admittance_controller_state.hpp
[3.265s] -- Up-to-date: /home/kortex_ws/install/control_msgs/include/control_msgs/control_msgs/msg/joint_trajectory_controller_state.hpp
[3.265s] -- Up-to-date: /home/kortex_ws/install/control_msgs/include/control_msgs/control_msgs/msg/mecanum_drive_controller_state.hpp
[3.265s] -- Up-to-date: /home/kortex_ws/install/control_msgs/include/control_msgs/control_msgs/msg/multi_dof_state_stamped.hpp
[3.265s] -- Up-to-date: /home/kortex_ws/install/control_msgs/include/control_msgs/control_msgs/msg/gripper_command.hpp
[3.265s] -- Up-to-date: /home/kortex_ws/install/control_msgs/include/control_msgs/control_msgs/msg/pid_state.hpp
[3.265s] -- Up-to-date: /home/kortex_ws/install/control_msgs/include/control_msgs/control_msgs/msg/steering_controller_status.hpp
[3.265s] -- Up-to-date: /home/kortex_ws/install/control_msgs/include/control_msgs/control_msgs/msg/multi_dof_command.hpp
[3.265s] -- Up-to-date: /home/kortex_ws/install/control_msgs/include/control_msgs/control_msgs/msg/joint_tolerance.hpp
[3.265s] -- Up-to-date: /home/kortex_ws/install/control_msgs/include/control_msgs/control_msgs/srv
[3.265s] -- Up-to-date: /home/kortex_ws/install/control_msgs/include/control_msgs/control_msgs/srv/detail
[3.265s] -- Up-to-date: /home/kortex_ws/install/control_msgs/include/control_msgs/control_msgs/srv/detail/query_calibration_state__struct.hpp
[3.265s] -- Up-to-date: /home/kortex_ws/install/control_msgs/include/control_msgs/control_msgs/srv/detail/query_calibration_state__builder.hpp
[3.265s] -- Up-to-date: /home/kortex_ws/install/control_msgs/include/control_msgs/control_msgs/srv/detail/query_trajectory_state__struct.hpp
[3.265s] -- Up-to-date: /home/kortex_ws/install/control_msgs/include/control_msgs/control_msgs/srv/detail/query_calibration_state__traits.hpp
[3.266s] -- Up-to-date: /home/kortex_ws/install/control_msgs/include/control_msgs/control_msgs/srv/detail/query_trajectory_state__builder.hpp
[3.266s] -- Up-to-date: /home/kortex_ws/install/control_msgs/include/control_msgs/control_msgs/srv/detail/query_trajectory_state__traits.hpp
[3.266s] -- Up-to-date: /home/kortex_ws/install/control_msgs/include/control_msgs/control_msgs/srv/query_trajectory_state.hpp
[3.266s] -- Up-to-date: /home/kortex_ws/install/control_msgs/include/control_msgs/control_msgs/srv/query_calibration_state.hpp
[3.266s] -- Up-to-date: /home/kortex_ws/install/control_msgs/include/control_msgs/control_msgs/action
[3.266s] -- Up-to-date: /home/kortex_ws/install/control_msgs/include/control_msgs/control_msgs/action/joint_trajectory.hpp
[3.266s] -- Up-to-date: /home/kortex_ws/install/control_msgs/include/control_msgs/control_msgs/action/single_joint_position.hpp
[3.266s] -- Up-to-date: /home/kortex_ws/install/control_msgs/include/control_msgs/control_msgs/action/parallel_gripper_command.hpp
[3.266s] -- Up-to-date: /home/kortex_ws/install/control_msgs/include/control_msgs/control_msgs/action/detail
[3.266s] -- Up-to-date: /home/kortex_ws/install/control_msgs/include/control_msgs/control_msgs/action/detail/follow_joint_trajectory__traits.hpp
[3.266s] -- Up-to-date: /home/kortex_ws/install/control_msgs/include/control_msgs/control_msgs/action/detail/gripper_command__struct.hpp
[3.266s] -- Up-to-date: /home/kortex_ws/install/control_msgs/include/control_msgs/control_msgs/action/detail/point_head__builder.hpp
[3.266s] -- Up-to-date: /home/kortex_ws/install/control_msgs/include/control_msgs/control_msgs/action/detail/parallel_gripper_command__builder.hpp
[3.266s] -- Up-to-date: /home/kortex_ws/install/control_msgs/include/control_msgs/control_msgs/action/detail/point_head__traits.hpp
[3.266s] -- Up-to-date: /home/kortex_ws/install/control_msgs/include/control_msgs/control_msgs/action/detail/gripper_command__builder.hpp
[3.266s] -- Up-to-date: /home/kortex_ws/install/control_msgs/include/control_msgs/control_msgs/action/detail/parallel_gripper_command__traits.hpp
[3.266s] -- Up-to-date: /home/kortex_ws/install/control_msgs/include/control_msgs/control_msgs/action/detail/joint_trajectory__traits.hpp
[3.266s] -- Up-to-date: /home/kortex_ws/install/control_msgs/include/control_msgs/control_msgs/action/detail/gripper_command__traits.hpp
[3.266s] -- Up-to-date: /home/kortex_ws/install/control_msgs/include/control_msgs/control_msgs/action/detail/joint_trajectory__struct.hpp
[3.266s] -- Up-to-date: /home/kortex_ws/install/control_msgs/include/control_msgs/control_msgs/action/detail/single_joint_position__struct.hpp
[3.266s] -- Up-to-date: /home/kortex_ws/install/control_msgs/include/control_msgs/control_msgs/action/detail/point_head__struct.hpp
[3.267s] -- Up-to-date: /home/kortex_ws/install/control_msgs/include/control_msgs/control_msgs/action/detail/single_joint_position__builder.hpp
[3.267s] -- Up-to-date: /home/kortex_ws/install/control_msgs/include/control_msgs/control_msgs/action/detail/joint_trajectory__builder.hpp
[3.267s] -- Up-to-date: /home/kortex_ws/install/control_msgs/include/control_msgs/control_msgs/action/detail/follow_joint_trajectory__builder.hpp
[3.267s] -- Up-to-date: /home/kortex_ws/install/control_msgs/include/control_msgs/control_msgs/action/detail/single_joint_position__traits.hpp
[3.267s] -- Up-to-date: /home/kortex_ws/install/control_msgs/include/control_msgs/control_msgs/action/detail/parallel_gripper_command__struct.hpp
[3.267s] -- Up-to-date: /home/kortex_ws/install/control_msgs/include/control_msgs/control_msgs/action/detail/follow_joint_trajectory__struct.hpp
[3.267s] -- Up-to-date: /home/kortex_ws/install/control_msgs/include/control_msgs/control_msgs/action/point_head.hpp
[3.267s] -- Up-to-date: /home/kortex_ws/install/control_msgs/include/control_msgs/control_msgs/action/follow_joint_trajectory.hpp
[3.267s] -- Up-to-date: /home/kortex_ws/install/control_msgs/include/control_msgs/control_msgs/action/gripper_command.hpp
[3.267s] -- Up-to-date: /home/kortex_ws/install/control_msgs/include/control_msgs/control_msgs
[3.267s] -- Up-to-date: /home/kortex_ws/install/control_msgs/include/control_msgs/control_msgs/msg
[3.267s] -- Up-to-date: /home/kortex_ws/install/control_msgs/include/control_msgs/control_msgs/msg/detail
[3.267s] -- Up-to-date: /home/kortex_ws/install/control_msgs/include/control_msgs/control_msgs/msg/detail/mecanum_drive_controller_state__rosidl_typesupport_fastrtps_cpp.hpp
[3.267s] -- Up-to-date: /home/kortex_ws/install/control_msgs/include/control_msgs/control_msgs/msg/detail/dynamic_joint_state__rosidl_typesupport_fastrtps_cpp.hpp
[3.267s] -- Up-to-date: /home/kortex_ws/install/control_msgs/include/control_msgs/control_msgs/msg/detail/multi_dof_state_stamped__rosidl_typesupport_fastrtps_cpp.hpp
[3.267s] -- Up-to-date: /home/kortex_ws/install/control_msgs/include/control_msgs/control_msgs/msg/detail/multi_dof_command__rosidl_typesupport_fastrtps_cpp.hpp
[3.267s] -- Up-to-date: /home/kortex_ws/install/control_msgs/include/control_msgs/control_msgs/msg/detail/steering_controller_status__rosidl_typesupport_fastrtps_cpp.hpp
[3.267s] -- Up-to-date: /home/kortex_ws/install/control_msgs/include/control_msgs/control_msgs/msg/detail/single_dof_state__rosidl_typesupport_fastrtps_cpp.hpp
[3.267s] -- Up-to-date: /home/kortex_ws/install/control_msgs/include/control_msgs/control_msgs/msg/detail/joint_jog__rosidl_typesupport_fastrtps_cpp.hpp
[3.268s] -- Up-to-date: /home/kortex_ws/install/control_msgs/include/control_msgs/control_msgs/msg/detail/joint_controller_state__rosidl_typesupport_fastrtps_cpp.hpp
[3.268s] -- Up-to-date: /home/kortex_ws/install/control_msgs/include/control_msgs/control_msgs/msg/detail/joint_tolerance__rosidl_typesupport_fastrtps_cpp.hpp
[3.268s] -- Up-to-date: /home/kortex_ws/install/control_msgs/include/control_msgs/control_msgs/msg/detail/single_dof_state_stamped__rosidl_typesupport_fastrtps_cpp.hpp
[3.268s] -- Up-to-date: /home/kortex_ws/install/control_msgs/include/control_msgs/control_msgs/msg/detail/interface_value__rosidl_typesupport_fastrtps_cpp.hpp
[3.268s] -- Up-to-date: /home/kortex_ws/install/control_msgs/include/control_msgs/control_msgs/msg/detail/dds_fastrtps
[3.268s] -- Up-to-date: /home/kortex_ws/install/control_msgs/include/control_msgs/control_msgs/msg/detail/pid_state__rosidl_typesupport_fastrtps_cpp.hpp
[3.268s] -- Up-to-date: /home/kortex_ws/install/control_msgs/include/control_msgs/control_msgs/msg/detail/joint_trajectory_controller_state__rosidl_typesupport_fastrtps_cpp.hpp
[3.268s] -- Up-to-date: /home/kortex_ws/install/control_msgs/include/control_msgs/control_msgs/msg/detail/joint_component_tolerance__rosidl_typesupport_fastrtps_cpp.hpp
[3.268s] -- Up-to-date: /home/kortex_ws/install/control_msgs/include/control_msgs/control_msgs/msg/detail/admittance_controller_state__rosidl_typesupport_fastrtps_cpp.hpp
[3.268s] -- Up-to-date: /home/kortex_ws/install/control_msgs/include/control_msgs/control_msgs/msg/detail/gripper_command__rosidl_typesupport_fastrtps_cpp.hpp
[3.268s] -- Up-to-date: /home/kortex_ws/install/control_msgs/include/control_msgs/control_msgs/msg/rosidl_typesupport_fastrtps_cpp__visibility_control.h
[3.268s] -- Up-to-date: /home/kortex_ws/install/control_msgs/include/control_msgs/control_msgs/srv
[3.268s] -- Up-to-date: /home/kortex_ws/install/control_msgs/include/control_msgs/control_msgs/srv/detail
[3.268s] -- Up-to-date: /home/kortex_ws/install/control_msgs/include/control_msgs/control_msgs/srv/detail/query_calibration_state__rosidl_typesupport_fastrtps_cpp.hpp
[3.268s] -- Up-to-date: /home/kortex_ws/install/control_msgs/include/control_msgs/control_msgs/srv/detail/dds_fastrtps
[3.268s] -- Up-to-date: /home/kortex_ws/install/control_msgs/include/control_msgs/control_msgs/srv/detail/query_trajectory_state__rosidl_typesupport_fastrtps_cpp.hpp
[3.268s] -- Up-to-date: /home/kortex_ws/install/control_msgs/include/control_msgs/control_msgs/action
[3.268s] -- Up-to-date: /home/kortex_ws/install/control_msgs/include/control_msgs/control_msgs/action/detail
[3.268s] -- Up-to-date: /home/kortex_ws/install/control_msgs/include/control_msgs/control_msgs/action/detail/follow_joint_trajectory__rosidl_typesupport_fastrtps_cpp.hpp
[3.268s] -- Up-to-date: /home/kortex_ws/install/control_msgs/include/control_msgs/control_msgs/action/detail/point_head__rosidl_typesupport_fastrtps_cpp.hpp
[3.269s] -- Up-to-date: /home/kortex_ws/install/control_msgs/include/control_msgs/control_msgs/action/detail/single_joint_position__rosidl_typesupport_fastrtps_cpp.hpp
[3.269s] -- Up-to-date: /home/kortex_ws/install/control_msgs/include/control_msgs/control_msgs/action/detail/joint_trajectory__rosidl_typesupport_fastrtps_cpp.hpp
[3.269s] -- Up-to-date: /home/kortex_ws/install/control_msgs/include/control_msgs/control_msgs/action/detail/parallel_gripper_command__rosidl_typesupport_fastrtps_cpp.hpp
[3.269s] -- Up-to-date: /home/kortex_ws/install/control_msgs/include/control_msgs/control_msgs/action/detail/dds_fastrtps
[3.269s] -- Up-to-date: /home/kortex_ws/install/control_msgs/include/control_msgs/control_msgs/action/detail/gripper_command__rosidl_typesupport_fastrtps_cpp.hpp
[3.269s] -- Up-to-date: /home/kortex_ws/install/control_msgs/lib/libcontrol_msgs__rosidl_typesupport_fastrtps_cpp.so
[3.269s] -- Up-to-date: /home/kortex_ws/install/control_msgs/include/control_msgs/control_msgs
[3.269s] -- Up-to-date: /home/kortex_ws/install/control_msgs/include/control_msgs/control_msgs/msg
[3.269s] -- Up-to-date: /home/kortex_ws/install/control_msgs/include/control_msgs/control_msgs/msg/detail
[3.269s] -- Up-to-date: /home/kortex_ws/install/control_msgs/include/control_msgs/control_msgs/msg/detail/dynamic_joint_state__rosidl_typesupport_introspection_c.h
[3.269s] -- Up-to-date: /home/kortex_ws/install/control_msgs/include/control_msgs/control_msgs/msg/detail/pid_state__type_support.c
[3.269s] -- Up-to-date: /home/kortex_ws/install/control_msgs/include/control_msgs/control_msgs/msg/detail/steering_controller_status__type_support.c
[3.269s] -- Up-to-date: /home/kortex_ws/install/control_msgs/include/control_msgs/control_msgs/msg/detail/gripper_command__type_support.c
[3.269s] -- Up-to-date: /home/kortex_ws/install/control_msgs/include/control_msgs/control_msgs/msg/detail/gripper_command__rosidl_typesupport_introspection_c.h
[3.269s] -- Up-to-date: /home/kortex_ws/install/control_msgs/include/control_msgs/control_msgs/msg/detail/single_dof_state__type_support.c
[3.269s] -- Up-to-date: /home/kortex_ws/install/control_msgs/include/control_msgs/control_msgs/msg/detail/single_dof_state_stamped__rosidl_typesupport_introspection_c.h
[3.269s] -- Up-to-date: /home/kortex_ws/install/control_msgs/include/control_msgs/control_msgs/msg/detail/mecanum_drive_controller_state__rosidl_typesupport_introspection_c.h
[3.269s] -- Up-to-date: /home/kortex_ws/install/control_msgs/include/control_msgs/control_msgs/msg/detail/joint_tolerance__type_support.c
[3.269s] -- Up-to-date: /home/kortex_ws/install/control_msgs/include/control_msgs/control_msgs/msg/detail/multi_dof_state_stamped__rosidl_typesupport_introspection_c.h
[3.270s] -- Up-to-date: /home/kortex_ws/install/control_msgs/include/control_msgs/control_msgs/msg/detail/joint_component_tolerance__rosidl_typesupport_introspection_c.h
[3.270s] -- Up-to-date: /home/kortex_ws/install/control_msgs/include/control_msgs/control_msgs/msg/detail/single_dof_state_stamped__type_support.c
[3.270s] -- Up-to-date: /home/kortex_ws/install/control_msgs/include/control_msgs/control_msgs/msg/detail/joint_trajectory_controller_state__rosidl_typesupport_introspection_c.h
[3.270s] -- Up-to-date: /home/kortex_ws/install/control_msgs/include/control_msgs/control_msgs/msg/detail/interface_value__type_support.c
[3.270s] -- Up-to-date: /home/kortex_ws/install/control_msgs/include/control_msgs/control_msgs/msg/detail/joint_jog__type_support.c
[3.270s] -- Up-to-date: /home/kortex_ws/install/control_msgs/include/control_msgs/control_msgs/msg/detail/admittance_controller_state__type_support.c
[3.270s] -- Up-to-date: /home/kortex_ws/install/control_msgs/include/control_msgs/control_msgs/msg/detail/joint_trajectory_controller_state__type_support.c
[3.270s] -- Up-to-date: /home/kortex_ws/install/control_msgs/include/control_msgs/control_msgs/msg/detail/steering_controller_status__rosidl_typesupport_introspection_c.h
[3.270s] -- Up-to-date: /home/kortex_ws/install/control_msgs/include/control_msgs/control_msgs/msg/detail/interface_value__rosidl_typesupport_introspection_c.h
[3.270s] -- Up-to-date: /home/kortex_ws/install/control_msgs/include/control_msgs/control_msgs/msg/detail/multi_dof_command__rosidl_typesupport_introspection_c.h
[3.270s] -- Up-to-date: /home/kortex_ws/install/control_msgs/include/control_msgs/control_msgs/msg/detail/multi_dof_state_stamped__type_support.c
[3.270s] -- Up-to-date: /home/kortex_ws/install/control_msgs/include/control_msgs/control_msgs/msg/detail/mecanum_drive_controller_state__type_support.c
[3.270s] -- Up-to-date: /home/kortex_ws/install/control_msgs/include/control_msgs/control_msgs/msg/detail/joint_component_tolerance__type_support.c
[3.270s] -- Up-to-date: /home/kortex_ws/install/control_msgs/include/control_msgs/control_msgs/msg/detail/joint_controller_state__rosidl_typesupport_introspection_c.h
[3.270s] -- Up-to-date: /home/kortex_ws/install/control_msgs/include/control_msgs/control_msgs/msg/detail/joint_jog__rosidl_typesupport_introspection_c.h
[3.270s] -- Up-to-date: /home/kortex_ws/install/control_msgs/include/control_msgs/control_msgs/msg/detail/pid_state__rosidl_typesupport_introspection_c.h
[3.270s] -- Up-to-date: /home/kortex_ws/install/control_msgs/include/control_msgs/control_msgs/msg/detail/joint_controller_state__type_support.c
[3.270s] -- Up-to-date: /home/kortex_ws/install/control_msgs/include/control_msgs/control_msgs/msg/detail/admittance_controller_state__rosidl_typesupport_introspection_c.h
[3.270s] -- Up-to-date: /home/kortex_ws/install/control_msgs/include/control_msgs/control_msgs/msg/detail/joint_tolerance__rosidl_typesupport_introspection_c.h
[3.270s] -- Up-to-date: /home/kortex_ws/install/control_msgs/include/control_msgs/control_msgs/msg/detail/multi_dof_command__type_support.c
[3.270s] -- Up-to-date: /home/kortex_ws/install/control_msgs/include/control_msgs/control_msgs/msg/detail/dynamic_joint_state__type_support.c
[3.271s] -- Up-to-date: /home/kortex_ws/install/control_msgs/include/control_msgs/control_msgs/msg/detail/single_dof_state__rosidl_typesupport_introspection_c.h
[3.271s] -- Up-to-date: /home/kortex_ws/install/control_msgs/include/control_msgs/control_msgs/msg/rosidl_typesupport_introspection_c__visibility_control.h
[3.271s] -- Up-to-date: /home/kortex_ws/install/control_msgs/include/control_msgs/control_msgs/srv
[3.271s] -- Up-to-date: /home/kortex_ws/install/control_msgs/include/control_msgs/control_msgs/srv/detail
[3.271s] -- Up-to-date: /home/kortex_ws/install/control_msgs/include/control_msgs/control_msgs/srv/detail/query_trajectory_state__type_support.c
[3.271s] -- Up-to-date: /home/kortex_ws/install/control_msgs/include/control_msgs/control_msgs/srv/detail/query_calibration_state__rosidl_typesupport_introspection_c.h
[3.271s] -- Up-to-date: /home/kortex_ws/install/control_msgs/include/control_msgs/control_msgs/srv/detail/query_trajectory_state__rosidl_typesupport_introspection_c.h
[3.271s] -- Up-to-date: /home/kortex_ws/install/control_msgs/include/control_msgs/control_msgs/srv/detail/query_calibration_state__type_support.c
[3.271s] -- Up-to-date: /home/kortex_ws/install/control_msgs/include/control_msgs/control_msgs/action
[3.271s] -- Up-to-date: /home/kortex_ws/install/control_msgs/include/control_msgs/control_msgs/action/detail
[3.271s] -- Up-to-date: /home/kortex_ws/install/control_msgs/include/control_msgs/control_msgs/action/detail/gripper_command__type_support.c
[3.271s] -- Up-to-date: /home/kortex_ws/install/control_msgs/include/control_msgs/control_msgs/action/detail/gripper_command__rosidl_typesupport_introspection_c.h
[3.271s] -- Up-to-date: /home/kortex_ws/install/control_msgs/include/control_msgs/control_msgs/action/detail/joint_trajectory__rosidl_typesupport_introspection_c.h
[3.271s] -- Up-to-date: /home/kortex_ws/install/control_msgs/include/control_msgs/control_msgs/action/detail/single_joint_position__type_support.c
[3.271s] -- Up-to-date: /home/kortex_ws/install/control_msgs/include/control_msgs/control_msgs/action/detail/point_head__type_support.c
[3.271s] -- Up-to-date: /home/kortex_ws/install/control_msgs/include/control_msgs/control_msgs/action/detail/follow_joint_trajectory__rosidl_typesupport_introspection_c.h
[3.271s] -- Up-to-date: /home/kortex_ws/install/control_msgs/include/control_msgs/control_msgs/action/detail/parallel_gripper_command__rosidl_typesupport_introspection_c.h
[3.271s] -- Up-to-date: /home/kortex_ws/install/control_msgs/include/control_msgs/control_msgs/action/detail/single_joint_position__rosidl_typesupport_introspection_c.h
[3.271s] -- Up-to-date: /home/kortex_ws/install/control_msgs/include/control_msgs/control_msgs/action/detail/joint_trajectory__type_support.c
[3.271s] -- Up-to-date: /home/kortex_ws/install/control_msgs/include/control_msgs/control_msgs/action/detail/parallel_gripper_command__type_support.c
[3.272s] -- Up-to-date: /home/kortex_ws/install/control_msgs/include/control_msgs/control_msgs/action/detail/follow_joint_trajectory__type_support.c
[3.272s] -- Up-to-date: /home/kortex_ws/install/control_msgs/include/control_msgs/control_msgs/action/detail/point_head__rosidl_typesupport_introspection_c.h
[3.272s] -- Up-to-date: /home/kortex_ws/install/control_msgs/lib/libcontrol_msgs__rosidl_typesupport_introspection_c.so
[3.272s] -- Up-to-date: /home/kortex_ws/install/control_msgs/lib/libcontrol_msgs__rosidl_typesupport_c.so
[3.272s] -- Up-to-date: /home/kortex_ws/install/control_msgs/include/control_msgs/control_msgs
[3.272s] -- Up-to-date: /home/kortex_ws/install/control_msgs/include/control_msgs/control_msgs/msg
[3.272s] -- Up-to-date: /home/kortex_ws/install/control_msgs/include/control_msgs/control_msgs/msg/detail
[3.272s] -- Up-to-date: /home/kortex_ws/install/control_msgs/include/control_msgs/control_msgs/msg/detail/gripper_command__type_support.cpp
[3.272s] -- Up-to-date: /home/kortex_ws/install/control_msgs/include/control_msgs/control_msgs/msg/detail/single_dof_state_stamped__type_support.cpp
[3.272s] -- Up-to-date: /home/kortex_ws/install/control_msgs/include/control_msgs/control_msgs/msg/detail/multi_dof_state_stamped__type_support.cpp
[3.272s] -- Up-to-date: /home/kortex_ws/install/control_msgs/include/control_msgs/control_msgs/msg/detail/joint_tolerance__type_support.cpp
[3.272s] -- Up-to-date: /home/kortex_ws/install/control_msgs/include/control_msgs/control_msgs/msg/detail/single_dof_state__type_support.cpp
[3.272s] -- Up-to-date: /home/kortex_ws/install/control_msgs/include/control_msgs/control_msgs/msg/detail/dynamic_joint_state__type_support.cpp
[3.272s] -- Up-to-date: /home/kortex_ws/install/control_msgs/include/control_msgs/control_msgs/msg/detail/joint_trajectory_controller_state__rosidl_typesupport_introspection_cpp.hpp
[3.272s] -- Up-to-date: /home/kortex_ws/install/control_msgs/include/control_msgs/control_msgs/msg/detail/multi_dof_command__type_support.cpp
[3.272s] -- Up-to-date: /home/kortex_ws/install/control_msgs/include/control_msgs/control_msgs/msg/detail/gripper_command__rosidl_typesupport_introspection_cpp.hpp
[3.272s] -- Up-to-date: /home/kortex_ws/install/control_msgs/include/control_msgs/control_msgs/msg/detail/joint_component_tolerance__type_support.cpp
[3.272s] -- Up-to-date: /home/kortex_ws/install/control_msgs/include/control_msgs/control_msgs/msg/detail/pid_state__rosidl_typesupport_introspection_cpp.hpp
[3.272s] -- Up-to-date: /home/kortex_ws/install/control_msgs/include/control_msgs/control_msgs/msg/detail/multi_dof_state_stamped__rosidl_typesupport_introspection_cpp.hpp
[3.272s] -- Up-to-date: /home/kortex_ws/install/control_msgs/include/control_msgs/control_msgs/msg/detail/joint_component_tolerance__rosidl_typesupport_introspection_cpp.hpp
[3.273s] -- Up-to-date: /home/kortex_ws/install/control_msgs/include/control_msgs/control_msgs/msg/detail/mecanum_drive_controller_state__type_support.cpp
[3.273s] -- Up-to-date: /home/kortex_ws/install/control_msgs/include/control_msgs/control_msgs/msg/detail/steering_controller_status__rosidl_typesupport_introspection_cpp.hpp
[3.273s] -- Up-to-date: /home/kortex_ws/install/control_msgs/include/control_msgs/control_msgs/msg/detail/admittance_controller_state__type_support.cpp
[3.273s] -- Up-to-date: /home/kortex_ws/install/control_msgs/include/control_msgs/control_msgs/msg/detail/steering_controller_status__type_support.cpp
[3.273s] -- Up-to-date: /home/kortex_ws/install/control_msgs/include/control_msgs/control_msgs/msg/detail/joint_controller_state__rosidl_typesupport_introspection_cpp.hpp
[3.273s] -- Up-to-date: /home/kortex_ws/install/control_msgs/include/control_msgs/control_msgs/msg/detail/interface_value__type_support.cpp
[3.273s] -- Up-to-date: /home/kortex_ws/install/control_msgs/include/control_msgs/control_msgs/msg/detail/interface_value__rosidl_typesupport_introspection_cpp.hpp
[3.273s] -- Up-to-date: /home/kortex_ws/install/control_msgs/include/control_msgs/control_msgs/msg/detail/multi_dof_command__rosidl_typesupport_introspection_cpp.hpp
[3.273s] -- Up-to-date: /home/kortex_ws/install/control_msgs/include/control_msgs/control_msgs/msg/detail/joint_controller_state__type_support.cpp
[3.273s] -- Up-to-date: /home/kortex_ws/install/control_msgs/include/control_msgs/control_msgs/msg/detail/joint_tolerance__rosidl_typesupport_introspection_cpp.hpp
[3.273s] -- Up-to-date: /home/kortex_ws/install/control_msgs/include/control_msgs/control_msgs/msg/detail/joint_trajectory_controller_state__type_support.cpp
[3.273s] -- Up-to-date: /home/kortex_ws/install/control_msgs/include/control_msgs/control_msgs/msg/detail/single_dof_state__rosidl_typesupport_introspection_cpp.hpp
[3.273s] -- Up-to-date: /home/kortex_ws/install/control_msgs/include/control_msgs/control_msgs/msg/detail/single_dof_state_stamped__rosidl_typesupport_introspection_cpp.hpp
[3.273s] -- Up-to-date: /home/kortex_ws/install/control_msgs/include/control_msgs/control_msgs/msg/detail/joint_jog__type_support.cpp
[3.273s] -- Up-to-date: /home/kortex_ws/install/control_msgs/include/control_msgs/control_msgs/msg/detail/dynamic_joint_state__rosidl_typesupport_introspection_cpp.hpp
[3.273s] -- Up-to-date: /home/kortex_ws/install/control_msgs/include/control_msgs/control_msgs/msg/detail/mecanum_drive_controller_state__rosidl_typesupport_introspection_cpp.hpp
[3.273s] -- Up-to-date: /home/kortex_ws/install/control_msgs/include/control_msgs/control_msgs/msg/detail/admittance_controller_state__rosidl_typesupport_introspection_cpp.hpp
[3.273s] -- Up-to-date: /home/kortex_ws/install/control_msgs/include/control_msgs/control_msgs/msg/detail/joint_jog__rosidl_typesupport_introspection_cpp.hpp
[3.273s] -- Up-to-date: /home/kortex_ws/install/control_msgs/include/control_msgs/control_msgs/msg/detail/pid_state__type_support.cpp
[3.273s] -- Up-to-date: /home/kortex_ws/install/control_msgs/include/control_msgs/control_msgs/srv
[3.273s] -- Up-to-date: /home/kortex_ws/install/control_msgs/include/control_msgs/control_msgs/srv/detail
[3.274s] -- Up-to-date: /home/kortex_ws/install/control_msgs/include/control_msgs/control_msgs/srv/detail/query_calibration_state__rosidl_typesupport_introspection_cpp.hpp
[3.274s] -- Up-to-date: /home/kortex_ws/install/control_msgs/include/control_msgs/control_msgs/srv/detail/query_trajectory_state__type_support.cpp
[3.274s] -- Up-to-date: /home/kortex_ws/install/control_msgs/include/control_msgs/control_msgs/srv/detail/query_trajectory_state__rosidl_typesupport_introspection_cpp.hpp
[3.274s] -- Up-to-date: /home/kortex_ws/install/control_msgs/include/control_msgs/control_msgs/srv/detail/query_calibration_state__type_support.cpp
[3.274s] -- Up-to-date: /home/kortex_ws/install/control_msgs/include/control_msgs/control_msgs/action
[3.274s] -- Up-to-date: /home/kortex_ws/install/control_msgs/include/control_msgs/control_msgs/action/detail
[3.274s] -- Up-to-date: /home/kortex_ws/install/control_msgs/include/control_msgs/control_msgs/action/detail/gripper_command__type_support.cpp
[3.274s] -- Up-to-date: /home/kortex_ws/install/control_msgs/include/control_msgs/control_msgs/action/detail/parallel_gripper_command__rosidl_typesupport_introspection_cpp.hpp
[3.274s] -- Up-to-date: /home/kortex_ws/install/control_msgs/include/control_msgs/control_msgs/action/detail/follow_joint_trajectory__rosidl_typesupport_introspection_cpp.hpp
[3.274s] -- Up-to-date: /home/kortex_ws/install/control_msgs/include/control_msgs/control_msgs/action/detail/joint_trajectory__rosidl_typesupport_introspection_cpp.hpp
[3.274s] -- Up-to-date: /home/kortex_ws/install/control_msgs/include/control_msgs/control_msgs/action/detail/joint_trajectory__type_support.cpp
[3.274s] -- Up-to-date: /home/kortex_ws/install/control_msgs/include/control_msgs/control_msgs/action/detail/gripper_command__rosidl_typesupport_introspection_cpp.hpp
[3.274s] -- Up-to-date: /home/kortex_ws/install/control_msgs/include/control_msgs/control_msgs/action/detail/follow_joint_trajectory__type_support.cpp
[3.274s] -- Up-to-date: /home/kortex_ws/install/control_msgs/include/control_msgs/control_msgs/action/detail/parallel_gripper_command__type_support.cpp
[3.274s] -- Up-to-date: /home/kortex_ws/install/control_msgs/include/control_msgs/control_msgs/action/detail/single_joint_position__rosidl_typesupport_introspection_cpp.hpp
[3.274s] -- Up-to-date: /home/kortex_ws/install/control_msgs/include/control_msgs/control_msgs/action/detail/point_head__type_support.cpp
[3.274s] -- Up-to-date: /home/kortex_ws/install/control_msgs/include/control_msgs/control_msgs/action/detail/single_joint_position__type_support.cpp
[3.274s] -- Up-to-date: /home/kortex_ws/install/control_msgs/include/control_msgs/control_msgs/action/detail/point_head__rosidl_typesupport_introspection_cpp.hpp
[3.274s] -- Up-to-date: /home/kortex_ws/install/control_msgs/lib/libcontrol_msgs__rosidl_typesupport_introspection_cpp.so
[3.274s] -- Up-to-date: /home/kortex_ws/install/control_msgs/lib/libcontrol_msgs__rosidl_typesupport_cpp.so
[3.275s] -- Up-to-date: /home/kortex_ws/install/control_msgs/share/control_msgs/environment/pythonpath.sh
[3.275s] -- Installing: /home/kortex_ws/install/control_msgs/share/control_msgs/environment/pythonpath.dsv
[3.275s] -- Up-to-date: /home/kortex_ws/install/control_msgs/local/lib/python3.10/dist-packages/control_msgs-4.6.0-py3.10.egg-info
[3.275s] -- Installing: /home/kortex_ws/install/control_msgs/local/lib/python3.10/dist-packages/control_msgs-4.6.0-py3.10.egg-info/SOURCES.txt
[3.275s] -- Installing: /home/kortex_ws/install/control_msgs/local/lib/python3.10/dist-packages/control_msgs-4.6.0-py3.10.egg-info/dependency_links.txt
[3.275s] -- Installing: /home/kortex_ws/install/control_msgs/local/lib/python3.10/dist-packages/control_msgs-4.6.0-py3.10.egg-info/top_level.txt
[3.275s] -- Installing: /home/kortex_ws/install/control_msgs/local/lib/python3.10/dist-packages/control_msgs-4.6.0-py3.10.egg-info/PKG-INFO
[3.275s] -- Up-to-date: /home/kortex_ws/install/control_msgs/local/lib/python3.10/dist-packages/control_msgs
[3.275s] -- Up-to-date: /home/kortex_ws/install/control_msgs/local/lib/python3.10/dist-packages/control_msgs/_control_msgs_s.ep.rosidl_typesupport_fastrtps_c.c
[3.275s] -- Up-to-date: /home/kortex_ws/install/control_msgs/local/lib/python3.10/dist-packages/control_msgs/libcontrol_msgs__rosidl_generator_py.so
[3.275s] -- Up-to-date: /home/kortex_ws/install/control_msgs/local/lib/python3.10/dist-packages/control_msgs/control_msgs_s__rosidl_typesupport_c.cpython-310-x86_64-linux-gnu.so
[3.275s] -- Up-to-date: /home/kortex_ws/install/control_msgs/local/lib/python3.10/dist-packages/control_msgs/_control_msgs_s.ep.rosidl_typesupport_c.c
[3.275s] -- Up-to-date: /home/kortex_ws/install/control_msgs/local/lib/python3.10/dist-packages/control_msgs/control_msgs_s__rosidl_typesupport_introspection_c.cpython-310-x86_64-linux-gnu.so
[3.275s] -- Up-to-date: /home/kortex_ws/install/control_msgs/local/lib/python3.10/dist-packages/control_msgs/msg
[3.275s] -- Up-to-date: /home/kortex_ws/install/control_msgs/local/lib/python3.10/dist-packages/control_msgs/msg/_joint_trajectory_controller_state_s.c
[3.275s] -- Up-to-date: /home/kortex_ws/install/control_msgs/local/lib/python3.10/dist-packages/control_msgs/msg/_dynamic_joint_state.py
[3.275s] -- Up-to-date: /home/kortex_ws/install/control_msgs/local/lib/python3.10/dist-packages/control_msgs/msg/_steering_controller_status_s.c
[3.275s] -- Up-to-date: /home/kortex_ws/install/control_msgs/local/lib/python3.10/dist-packages/control_msgs/msg/_joint_component_tolerance.py
[3.275s] -- Up-to-date: /home/kortex_ws/install/control_msgs/local/lib/python3.10/dist-packages/control_msgs/msg/_single_dof_state.py
[3.275s] -- Up-to-date: /home/kortex_ws/install/control_msgs/local/lib/python3.10/dist-packages/control_msgs/msg/_joint_controller_state_s.c
[3.276s] -- Up-to-date: /home/kortex_ws/install/control_msgs/local/lib/python3.10/dist-packages/control_msgs/msg/_interface_value.py
[3.276s] -- Up-to-date: /home/kortex_ws/install/control_msgs/local/lib/python3.10/dist-packages/control_msgs/msg/_single_dof_state_stamped_s.c
[3.276s] -- Up-to-date: /home/kortex_ws/install/control_msgs/local/lib/python3.10/dist-packages/control_msgs/msg/_joint_tolerance.py
[3.276s] -- Up-to-date: /home/kortex_ws/install/control_msgs/local/lib/python3.10/dist-packages/control_msgs/msg/_single_dof_state_s.c
[3.276s] -- Up-to-date: /home/kortex_ws/install/control_msgs/local/lib/python3.10/dist-packages/control_msgs/msg/_joint_tolerance_s.c
[3.276s] -- Up-to-date: /home/kortex_ws/install/control_msgs/local/lib/python3.10/dist-packages/control_msgs/msg/_mecanum_drive_controller_state.py
[3.276s] -- Up-to-date: /home/kortex_ws/install/control_msgs/local/lib/python3.10/dist-packages/control_msgs/msg/_single_dof_state_stamped.py
[3.276s] -- Up-to-date: /home/kortex_ws/install/control_msgs/local/lib/python3.10/dist-packages/control_msgs/msg/_joint_controller_state.py
[3.276s] -- Up-to-date: /home/kortex_ws/install/control_msgs/local/lib/python3.10/dist-packages/control_msgs/msg/_admittance_controller_state_s.c
[3.276s] -- Up-to-date: /home/kortex_ws/install/control_msgs/local/lib/python3.10/dist-packages/control_msgs/msg/_joint_trajectory_controller_state.py
[3.276s] -- Up-to-date: /home/kortex_ws/install/control_msgs/local/lib/python3.10/dist-packages/control_msgs/msg/_multi_dof_command_s.c
[3.276s] -- Up-to-date: /home/kortex_ws/install/control_msgs/local/lib/python3.10/dist-packages/control_msgs/msg/_interface_value_s.c
[3.276s] -- Up-to-date: /home/kortex_ws/install/control_msgs/local/lib/python3.10/dist-packages/control_msgs/msg/_gripper_command.py
[3.276s] -- Up-to-date: /home/kortex_ws/install/control_msgs/local/lib/python3.10/dist-packages/control_msgs/msg/_admittance_controller_state.py
[3.276s] -- Up-to-date: /home/kortex_ws/install/control_msgs/local/lib/python3.10/dist-packages/control_msgs/msg/_multi_dof_state_stamped.py
[3.276s] -- Up-to-date: /home/kortex_ws/install/control_msgs/local/lib/python3.10/dist-packages/control_msgs/msg/_multi_dof_command.py
[3.276s] -- Up-to-date: /home/kortex_ws/install/control_msgs/local/lib/python3.10/dist-packages/control_msgs/msg/_pid_state_s.c
[3.276s] -- Up-to-date: /home/kortex_ws/install/control_msgs/local/lib/python3.10/dist-packages/control_msgs/msg/_joint_jog_s.c
[3.276s] -- Up-to-date: /home/kortex_ws/install/control_msgs/local/lib/python3.10/dist-packages/control_msgs/msg/_joint_component_tolerance_s.c
[3.276s] -- Up-to-date: /home/kortex_ws/install/control_msgs/local/lib/python3.10/dist-packages/control_msgs/msg/_mecanum_drive_controller_state_s.c
[3.276s] -- Up-to-date: /home/kortex_ws/install/control_msgs/local/lib/python3.10/dist-packages/control_msgs/msg/_multi_dof_state_stamped_s.c
[3.277s] -- Up-to-date: /home/kortex_ws/install/control_msgs/local/lib/python3.10/dist-packages/control_msgs/msg/_joint_jog.py
[3.277s] -- Up-to-date: /home/kortex_ws/install/control_msgs/local/lib/python3.10/dist-packages/control_msgs/msg/_pid_state.py
[3.277s] -- Up-to-date: /home/kortex_ws/install/control_msgs/local/lib/python3.10/dist-packages/control_msgs/msg/_dynamic_joint_state_s.c
[3.277s] -- Up-to-date: /home/kortex_ws/install/control_msgs/local/lib/python3.10/dist-packages/control_msgs/msg/__init__.py
[3.277s] -- Up-to-date: /home/kortex_ws/install/control_msgs/local/lib/python3.10/dist-packages/control_msgs/msg/_steering_controller_status.py
[3.277s] -- Up-to-date: /home/kortex_ws/install/control_msgs/local/lib/python3.10/dist-packages/control_msgs/msg/_gripper_command_s.c
[3.277s] -- Up-to-date: /home/kortex_ws/install/control_msgs/local/lib/python3.10/dist-packages/control_msgs/srv
[3.277s] -- Up-to-date: /home/kortex_ws/install/control_msgs/local/lib/python3.10/dist-packages/control_msgs/srv/_query_trajectory_state.py
[3.277s] -- Up-to-date: /home/kortex_ws/install/control_msgs/local/lib/python3.10/dist-packages/control_msgs/srv/_query_calibration_state_s.c
[3.277s] -- Up-to-date: /home/kortex_ws/install/control_msgs/local/lib/python3.10/dist-packages/control_msgs/srv/_query_calibration_state.py
[3.277s] -- Up-to-date: /home/kortex_ws/install/control_msgs/local/lib/python3.10/dist-packages/control_msgs/srv/_query_trajectory_state_s.c
[3.277s] -- Up-to-date: /home/kortex_ws/install/control_msgs/local/lib/python3.10/dist-packages/control_msgs/srv/__init__.py
[3.277s] -- Up-to-date: /home/kortex_ws/install/control_msgs/local/lib/python3.10/dist-packages/control_msgs/action
[3.277s] -- Up-to-date: /home/kortex_ws/install/control_msgs/local/lib/python3.10/dist-packages/control_msgs/action/_single_joint_position.py
[3.277s] -- Up-to-date: /home/kortex_ws/install/control_msgs/local/lib/python3.10/dist-packages/control_msgs/action/_point_head.py
[3.277s] -- Up-to-date: /home/kortex_ws/install/control_msgs/local/lib/python3.10/dist-packages/control_msgs/action/_point_head_s.c
[3.277s] -- Up-to-date: /home/kortex_ws/install/control_msgs/local/lib/python3.10/dist-packages/control_msgs/action/_single_joint_position_s.c
[3.277s] -- Up-to-date: /home/kortex_ws/install/control_msgs/local/lib/python3.10/dist-packages/control_msgs/action/_parallel_gripper_command_s.c
[3.277s] -- Up-to-date: /home/kortex_ws/install/control_msgs/local/lib/python3.10/dist-packages/control_msgs/action/_gripper_command.py
[3.277s] -- Up-to-date: /home/kortex_ws/install/control_msgs/local/lib/python3.10/dist-packages/control_msgs/action/_joint_trajectory_s.c
[3.278s] -- Up-to-date: /home/kortex_ws/install/control_msgs/local/lib/python3.10/dist-packages/control_msgs/action/_parallel_gripper_command.py
[3.278s] -- Up-to-date: /home/kortex_ws/install/control_msgs/local/lib/python3.10/dist-packages/control_msgs/action/_follow_joint_trajectory_s.c
[3.278s] -- Up-to-date: /home/kortex_ws/install/control_msgs/local/lib/python3.10/dist-packages/control_msgs/action/_follow_joint_trajectory.py
[3.278s] -- Up-to-date: /home/kortex_ws/install/control_msgs/local/lib/python3.10/dist-packages/control_msgs/action/_joint_trajectory.py
[3.278s] -- Up-to-date: /home/kortex_ws/install/control_msgs/local/lib/python3.10/dist-packages/control_msgs/action/__init__.py
[3.278s] -- Up-to-date: /home/kortex_ws/install/control_msgs/local/lib/python3.10/dist-packages/control_msgs/action/_gripper_command_s.c
[3.278s] -- Up-to-date: /home/kortex_ws/install/control_msgs/local/lib/python3.10/dist-packages/control_msgs/_control_msgs_s.ep.rosidl_typesupport_introspection_c.c
[3.278s] -- Installing: /home/kortex_ws/install/control_msgs/local/lib/python3.10/dist-packages/control_msgs/__init__.py
[3.278s] -- Up-to-date: /home/kortex_ws/install/control_msgs/local/lib/python3.10/dist-packages/control_msgs/control_msgs_s__rosidl_typesupport_fastrtps_c.cpython-310-x86_64-linux-gnu.so
[3.293s] Listing '/home/kortex_ws/install/control_msgs/local/lib/python3.10/dist-packages/control_msgs'...
[3.293s] Compiling '/home/kortex_ws/install/control_msgs/local/lib/python3.10/dist-packages/control_msgs/__init__.py'...
[3.293s] Listing '/home/kortex_ws/install/control_msgs/local/lib/python3.10/dist-packages/control_msgs/action'...
[3.294s] Listing '/home/kortex_ws/install/control_msgs/local/lib/python3.10/dist-packages/control_msgs/msg'...
[3.294s] Listing '/home/kortex_ws/install/control_msgs/local/lib/python3.10/dist-packages/control_msgs/srv'...
[3.296s] -- Up-to-date: /home/kortex_ws/install/control_msgs/local/lib/python3.10/dist-packages/control_msgs/control_msgs_s__rosidl_typesupport_fastrtps_c.cpython-310-x86_64-linux-gnu.so
[3.296s] -- Up-to-date: /home/kortex_ws/install/control_msgs/local/lib/python3.10/dist-packages/control_msgs/control_msgs_s__rosidl_typesupport_introspection_c.cpython-310-x86_64-linux-gnu.so
[3.297s] -- Up-to-date: /home/kortex_ws/install/control_msgs/local/lib/python3.10/dist-packages/control_msgs/control_msgs_s__rosidl_typesupport_c.cpython-310-x86_64-linux-gnu.so
[3.297s] -- Up-to-date: /home/kortex_ws/install/control_msgs/lib/libcontrol_msgs__rosidl_generator_py.so
[3.297s] -- Up-to-date: /home/kortex_ws/install/control_msgs/share/control_msgs/action/ParallelGripperCommand.idl
[3.297s] -- Up-to-date: /home/kortex_ws/install/control_msgs/share/control_msgs/action/FollowJointTrajectory.idl
[3.297s] -- Up-to-date: /home/kortex_ws/install/control_msgs/share/control_msgs/action/GripperCommand.idl
[3.298s] -- Up-to-date: /home/kortex_ws/install/control_msgs/share/control_msgs/action/JointTrajectory.idl
[3.298s] -- Up-to-date: /home/kortex_ws/install/control_msgs/share/control_msgs/action/PointHead.idl
[3.298s] -- Up-to-date: /home/kortex_ws/install/control_msgs/share/control_msgs/action/SingleJointPosition.idl
[3.298s] -- Up-to-date: /home/kortex_ws/install/control_msgs/share/control_msgs/msg/AdmittanceControllerState.idl
[3.298s] -- Up-to-date: /home/kortex_ws/install/control_msgs/share/control_msgs/msg/DynamicJointState.idl
[3.298s] -- Up-to-date: /home/kortex_ws/install/control_msgs/share/control_msgs/msg/GripperCommand.idl
[3.298s] -- Up-to-date: /home/kortex_ws/install/control_msgs/share/control_msgs/msg/InterfaceValue.idl
[3.298s] -- Up-to-date: /home/kortex_ws/install/control_msgs/share/control_msgs/msg/JointComponentTolerance.idl
[3.298s] -- Up-to-date: /home/kortex_ws/install/control_msgs/share/control_msgs/msg/JointControllerState.idl
[3.298s] -- Up-to-date: /home/kortex_ws/install/control_msgs/share/control_msgs/msg/JointJog.idl
[3.298s] -- Up-to-date: /home/kortex_ws/install/control_msgs/share/control_msgs/msg/JointTolerance.idl
[3.298s] -- Up-to-date: /home/kortex_ws/install/control_msgs/share/control_msgs/msg/JointTrajectoryControllerState.idl
[3.298s] -- Up-to-date: /home/kortex_ws/install/control_msgs/share/control_msgs/msg/MecanumDriveControllerState.idl
[3.298s] -- Up-to-date: /home/kortex_ws/install/control_msgs/share/control_msgs/msg/MultiDOFCommand.idl
[3.299s] -- Up-to-date: /home/kortex_ws/install/control_msgs/share/control_msgs/msg/MultiDOFStateStamped.idl
[3.299s] -- Up-to-date: /home/kortex_ws/install/control_msgs/share/control_msgs/msg/PidState.idl
[3.299s] -- Up-to-date: /home/kortex_ws/install/control_msgs/share/control_msgs/msg/SingleDOFState.idl
[3.299s] -- Up-to-date: /home/kortex_ws/install/control_msgs/share/control_msgs/msg/SingleDOFStateStamped.idl
[3.299s] -- Up-to-date: /home/kortex_ws/install/control_msgs/share/control_msgs/msg/SteeringControllerStatus.idl
[3.299s] -- Up-to-date: /home/kortex_ws/install/control_msgs/share/control_msgs/srv/QueryCalibrationState.idl
[3.299s] -- Up-to-date: /home/kortex_ws/install/control_msgs/share/control_msgs/srv/QueryTrajectoryState.idl
[3.299s] -- Up-to-date: /home/kortex_ws/install/control_msgs/share/control_msgs/action/ParallelGripperCommand.action
[3.299s] -- Up-to-date: /home/kortex_ws/install/control_msgs/share/control_msgs/action/FollowJointTrajectory.action
[3.299s] -- Up-to-date: /home/kortex_ws/install/control_msgs/share/control_msgs/action/GripperCommand.action
[3.299s] -- Up-to-date: /home/kortex_ws/install/control_msgs/share/control_msgs/action/JointTrajectory.action
[3.299s] -- Up-to-date: /home/kortex_ws/install/control_msgs/share/control_msgs/action/PointHead.action
[3.299s] -- Up-to-date: /home/kortex_ws/install/control_msgs/share/control_msgs/action/SingleJointPosition.action
[3.299s] -- Up-to-date: /home/kortex_ws/install/control_msgs/share/control_msgs/msg/AdmittanceControllerState.msg
[3.299s] -- Up-to-date: /home/kortex_ws/install/control_msgs/share/control_msgs/msg/DynamicJointState.msg
[3.299s] -- Up-to-date: /home/kortex_ws/install/control_msgs/share/control_msgs/msg/GripperCommand.msg
[3.300s] -- Up-to-date: /home/kortex_ws/install/control_msgs/share/control_msgs/msg/InterfaceValue.msg
[3.300s] -- Up-to-date: /home/kortex_ws/install/control_msgs/share/control_msgs/msg/JointComponentTolerance.msg
[3.300s] -- Up-to-date: /home/kortex_ws/install/control_msgs/share/control_msgs/msg/JointControllerState.msg
[3.300s] -- Up-to-date: /home/kortex_ws/install/control_msgs/share/control_msgs/msg/JointJog.msg
[3.300s] -- Up-to-date: /home/kortex_ws/install/control_msgs/share/control_msgs/msg/JointTolerance.msg
[3.300s] -- Up-to-date: /home/kortex_ws/install/control_msgs/share/control_msgs/msg/JointTrajectoryControllerState.msg
[3.300s] -- Up-to-date: /home/kortex_ws/install/control_msgs/share/control_msgs/msg/MecanumDriveControllerState.msg
[3.300s] -- Up-to-date: /home/kortex_ws/install/control_msgs/share/control_msgs/msg/MultiDOFCommand.msg
[3.300s] -- Up-to-date: /home/kortex_ws/install/control_msgs/share/control_msgs/msg/MultiDOFStateStamped.msg
[3.300s] -- Up-to-date: /home/kortex_ws/install/control_msgs/share/control_msgs/msg/PidState.msg
[3.300s] -- Up-to-date: /home/kortex_ws/install/control_msgs/share/control_msgs/msg/SingleDOFState.msg
[3.300s] -- Up-to-date: /home/kortex_ws/install/control_msgs/share/control_msgs/msg/SingleDOFStateStamped.msg
[3.300s] -- Up-to-date: /home/kortex_ws/install/control_msgs/share/control_msgs/msg/SteeringControllerStatus.msg
[3.300s] -- Up-to-date: /home/kortex_ws/install/control_msgs/share/control_msgs/srv/QueryCalibrationState.srv
[3.300s] -- Up-to-date: /home/kortex_ws/install/control_msgs/share/control_msgs/srv/QueryCalibrationState_Request.msg
[3.301s] -- Up-to-date: /home/kortex_ws/install/control_msgs/share/control_msgs/srv/QueryCalibrationState_Response.msg
[3.301s] -- Up-to-date: /home/kortex_ws/install/control_msgs/share/control_msgs/srv/QueryTrajectoryState.srv
[3.301s] -- Up-to-date: /home/kortex_ws/install/control_msgs/share/control_msgs/srv/QueryTrajectoryState_Request.msg
[3.301s] -- Up-to-date: /home/kortex_ws/install/control_msgs/share/control_msgs/srv/QueryTrajectoryState_Response.msg
[3.301s] -- Up-to-date: /home/kortex_ws/install/control_msgs/share/ament_index/resource_index/package_run_dependencies/control_msgs
[3.301s] -- Installing: /home/kortex_ws/install/control_msgs/share/ament_index/resource_index/parent_prefix_path/control_msgs
[3.301s] -- Up-to-date: /home/kortex_ws/install/control_msgs/share/control_msgs/environment/ament_prefix_path.sh
[3.301s] -- Installing: /home/kortex_ws/install/control_msgs/share/control_msgs/environment/ament_prefix_path.dsv
[3.301s] -- Up-to-date: /home/kortex_ws/install/control_msgs/share/control_msgs/environment/path.sh
[3.301s] -- Installing: /home/kortex_ws/install/control_msgs/share/control_msgs/environment/path.dsv
[3.301s] -- Up-to-date: /home/kortex_ws/install/control_msgs/share/control_msgs/local_setup.bash
[3.301s] -- Up-to-date: /home/kortex_ws/install/control_msgs/share/control_msgs/local_setup.sh
[3.301s] -- Up-to-date: /home/kortex_ws/install/control_msgs/share/control_msgs/local_setup.zsh
[3.301s] -- Installing: /home/kortex_ws/install/control_msgs/share/control_msgs/local_setup.dsv
[3.301s] -- Installing: /home/kortex_ws/install/control_msgs/share/control_msgs/package.dsv
[3.302s] -- Up-to-date: /home/kortex_ws/install/control_msgs/share/ament_index/resource_index/packages/control_msgs
[3.302s] -- Up-to-date: /home/kortex_ws/install/control_msgs/share/control_msgs/cmake/export_control_msgs__rosidl_generator_cExport.cmake
[3.302s] -- Up-to-date: /home/kortex_ws/install/control_msgs/share/control_msgs/cmake/export_control_msgs__rosidl_generator_cExport-release.cmake
[3.302s] -- Up-to-date: /home/kortex_ws/install/control_msgs/share/control_msgs/cmake/export_control_msgs__rosidl_typesupport_fastrtps_cExport.cmake
[3.302s] -- Up-to-date: /home/kortex_ws/install/control_msgs/share/control_msgs/cmake/export_control_msgs__rosidl_typesupport_fastrtps_cExport-release.cmake
[3.302s] -- Up-to-date: /home/kortex_ws/install/control_msgs/share/control_msgs/cmake/export_control_msgs__rosidl_generator_cppExport.cmake
[3.302s] -- Up-to-date: /home/kortex_ws/install/control_msgs/share/control_msgs/cmake/export_control_msgs__rosidl_typesupport_fastrtps_cppExport.cmake
[3.302s] -- Up-to-date: /home/kortex_ws/install/control_msgs/share/control_msgs/cmake/export_control_msgs__rosidl_typesupport_fastrtps_cppExport-release.cmake
[3.302s] -- Up-to-date: /home/kortex_ws/install/control_msgs/share/control_msgs/cmake/control_msgs__rosidl_typesupport_introspection_cExport.cmake
[3.302s] -- Up-to-date: /home/kortex_ws/install/control_msgs/share/control_msgs/cmake/control_msgs__rosidl_typesupport_introspection_cExport-release.cmake
[3.302s] -- Up-to-date: /home/kortex_ws/install/control_msgs/share/control_msgs/cmake/control_msgs__rosidl_typesupport_cExport.cmake
[3.303s] -- Up-to-date: /home/kortex_ws/install/control_msgs/share/control_msgs/cmake/control_msgs__rosidl_typesupport_cExport-release.cmake
[3.303s] -- Up-to-date: /home/kortex_ws/install/control_msgs/share/control_msgs/cmake/control_msgs__rosidl_typesupport_introspection_cppExport.cmake
[3.303s] -- Up-to-date: /home/kortex_ws/install/control_msgs/share/control_msgs/cmake/control_msgs__rosidl_typesupport_introspection_cppExport-release.cmake
[3.303s] -- Up-to-date: /home/kortex_ws/install/control_msgs/share/control_msgs/cmake/control_msgs__rosidl_typesupport_cppExport.cmake
[3.303s] -- Up-to-date: /home/kortex_ws/install/control_msgs/share/control_msgs/cmake/control_msgs__rosidl_typesupport_cppExport-release.cmake
[3.303s] -- Up-to-date: /home/kortex_ws/install/control_msgs/share/control_msgs/cmake/export_control_msgs__rosidl_generator_pyExport.cmake
[3.303s] -- Up-to-date: /home/kortex_ws/install/control_msgs/share/control_msgs/cmake/export_control_msgs__rosidl_generator_pyExport-release.cmake
[3.303s] -- Up-to-date: /home/kortex_ws/install/control_msgs/share/control_msgs/cmake/rosidl_cmake-extras.cmake
[3.303s] -- Up-to-date: /home/kortex_ws/install/control_msgs/share/control_msgs/cmake/ament_cmake_export_dependencies-extras.cmake
[3.303s] -- Up-to-date: /home/kortex_ws/install/control_msgs/share/control_msgs/cmake/ament_cmake_export_include_directories-extras.cmake
[3.303s] -- Up-to-date: /home/kortex_ws/install/control_msgs/share/control_msgs/cmake/ament_cmake_export_libraries-extras.cmake
[3.304s] -- Up-to-date: /home/kortex_ws/install/control_msgs/share/control_msgs/cmake/ament_cmake_export_targets-extras.cmake
[3.304s] -- Up-to-date: /home/kortex_ws/install/control_msgs/share/control_msgs/cmake/rosidl_cmake_export_typesupport_targets-extras.cmake
[3.304s] -- Up-to-date: /home/kortex_ws/install/control_msgs/share/control_msgs/cmake/rosidl_cmake_export_typesupport_libraries-extras.cmake
[3.304s] -- Up-to-date: /home/kortex_ws/install/control_msgs/share/control_msgs/cmake/control_msgsConfig.cmake
[3.304s] -- Up-to-date: /home/kortex_ws/install/control_msgs/share/control_msgs/cmake/control_msgsConfig-version.cmake
[3.304s] -- Up-to-date: /home/kortex_ws/install/control_msgs/share/control_msgs/package.xml
[3.306s] Invoked command in '/home/kortex_ws/build/control_msgs' returned '0': CMAKE_PREFIX_PATH=${CMAKE_PREFIX_PATH}:/home/kortex_ws/install/rqt_joint_trajectory_controller:/home/kortex_ws/install/rqt_controller_manager:/home/kortex_ws/install/ros2controlcli:/home/kortex_ws/install/ros2_controllers_test_nodes:/home/humble_kortex_interface_ws/install/kortex_interface:/opt/ros/humble /usr/bin/cmake --install /home/kortex_ws/build/control_msgs
