[0.521s] Invoking command in '/home/humble_ws/src/support_kinova_moveit': PYTHONPATH=/home/humble_ws/build/support_kinova_moveit/prefix_override:/home/humble_ws/install/support_kinova_moveit/lib/python3.10/site-packages:${PYTHONPATH} /usr/bin/python3 -W ignore:setup.py install is deprecated setup.py egg_info --egg-base ../../build/support_kinova_moveit build --build-base /home/humble_ws/build/support_kinova_moveit/build install --record /home/humble_ws/build/support_kinova_moveit/install.log --single-version-externally-managed install_data
[0.724s] running egg_info
[0.724s] creating ../../build/support_kinova_moveit/support_kinova_moveit.egg-info
[0.724s] writing ../../build/support_kinova_moveit/support_kinova_moveit.egg-info/PKG-INFO
[0.724s] writing dependency_links to ../../build/support_kinova_moveit/support_kinova_moveit.egg-info/dependency_links.txt
[0.724s] writing entry points to ../../build/support_kinova_moveit/support_kinova_moveit.egg-info/entry_points.txt
[0.725s] writing requirements to ../../build/support_kinova_moveit/support_kinova_moveit.egg-info/requires.txt
[0.725s] writing top-level names to ../../build/support_kinova_moveit/support_kinova_moveit.egg-info/top_level.txt
[0.725s] writing manifest file '../../build/support_kinova_moveit/support_kinova_moveit.egg-info/SOURCES.txt'
[0.726s] reading manifest file '../../build/support_kinova_moveit/support_kinova_moveit.egg-info/SOURCES.txt'
[0.727s] writing manifest file '../../build/support_kinova_moveit/support_kinova_moveit.egg-info/SOURCES.txt'
[0.727s] running build
[0.727s] running build_py
[0.727s] creating /home/humble_ws/build/support_kinova_moveit/build
[0.727s] creating /home/humble_ws/build/support_kinova_moveit/build/lib
[0.727s] creating /home/humble_ws/build/support_kinova_moveit/build/lib/support_kinova_moveit
[0.727s] copying support_kinova_moveit/joint_forwarder.py -> /home/humble_ws/build/support_kinova_moveit/build/lib/support_kinova_moveit
[0.727s] copying support_kinova_moveit/moveit_test.launch.py -> /home/humble_ws/build/support_kinova_moveit/build/lib/support_kinova_moveit
[0.728s] copying support_kinova_moveit/joint_command_forwarder.py -> /home/humble_ws/build/support_kinova_moveit/build/lib/support_kinova_moveit
[0.728s] copying support_kinova_moveit/__init__.py -> /home/humble_ws/build/support_kinova_moveit/build/lib/support_kinova_moveit
[0.728s] running install
[0.728s] running install_lib
[0.729s] creating /home/humble_ws/install/support_kinova_moveit/lib/python3.10/site-packages/support_kinova_moveit
[0.729s] copying /home/humble_ws/build/support_kinova_moveit/build/lib/support_kinova_moveit/joint_forwarder.py -> /home/humble_ws/install/support_kinova_moveit/lib/python3.10/site-packages/support_kinova_moveit
[0.729s] copying /home/humble_ws/build/support_kinova_moveit/build/lib/support_kinova_moveit/moveit_test.launch.py -> /home/humble_ws/install/support_kinova_moveit/lib/python3.10/site-packages/support_kinova_moveit
[0.729s] copying /home/humble_ws/build/support_kinova_moveit/build/lib/support_kinova_moveit/joint_command_forwarder.py -> /home/humble_ws/install/support_kinova_moveit/lib/python3.10/site-packages/support_kinova_moveit
[0.729s] copying /home/humble_ws/build/support_kinova_moveit/build/lib/support_kinova_moveit/__init__.py -> /home/humble_ws/install/support_kinova_moveit/lib/python3.10/site-packages/support_kinova_moveit
[0.730s] byte-compiling /home/humble_ws/install/support_kinova_moveit/lib/python3.10/site-packages/support_kinova_moveit/joint_forwarder.py to joint_forwarder.cpython-310.pyc
[0.730s] byte-compiling /home/humble_ws/install/support_kinova_moveit/lib/python3.10/site-packages/support_kinova_moveit/moveit_test.launch.py to moveit_test.launch.cpython-310.pyc
[0.731s] byte-compiling /home/humble_ws/install/support_kinova_moveit/lib/python3.10/site-packages/support_kinova_moveit/joint_command_forwarder.py to joint_command_forwarder.cpython-310.pyc
[0.731s] byte-compiling /home/humble_ws/install/support_kinova_moveit/lib/python3.10/site-packages/support_kinova_moveit/__init__.py to __init__.cpython-310.pyc
[0.731s] running install_data
[0.731s] creating /home/humble_ws/install/support_kinova_moveit/share/ament_index
[0.731s] creating /home/humble_ws/install/support_kinova_moveit/share/ament_index/resource_index
[0.732s] creating /home/humble_ws/install/support_kinova_moveit/share/ament_index/resource_index/packages
[0.732s] copying resource/support_kinova_moveit -> /home/humble_ws/install/support_kinova_moveit/share/ament_index/resource_index/packages
[0.732s] copying package.xml -> /home/humble_ws/install/support_kinova_moveit/share/support_kinova_moveit
[0.732s] creating /home/humble_ws/install/support_kinova_moveit/share/support_kinova_moveit/launch
[0.732s] copying launch/moveit_test.launch.py -> /home/humble_ws/install/support_kinova_moveit/share/support_kinova_moveit/launch
[0.732s] running install_egg_info
[0.733s] Copying ../../build/support_kinova_moveit/support_kinova_moveit.egg-info to /home/humble_ws/install/support_kinova_moveit/lib/python3.10/site-packages/support_kinova_moveit-0.0.0-py3.10.egg-info
[0.734s] running install_scripts
[0.753s] Installing joint_command_forwarder script to /home/humble_ws/install/support_kinova_moveit/lib/support_kinova_moveit
[0.753s] Installing joint_forwarder script to /home/humble_ws/install/support_kinova_moveit/lib/support_kinova_moveit
[0.753s] writing list of installed files to '/home/humble_ws/build/support_kinova_moveit/install.log'
[0.774s] Invoked command in '/home/humble_ws/src/support_kinova_moveit' returned '0': PYTHONPATH=/home/humble_ws/build/support_kinova_moveit/prefix_override:/home/humble_ws/install/support_kinova_moveit/lib/python3.10/site-packages:${PYTHONPATH} /usr/bin/python3 -W ignore:setup.py install is deprecated setup.py egg_info --egg-base ../../build/support_kinova_moveit build --build-base /home/humble_ws/build/support_kinova_moveit/build install --record /home/humble_ws/build/support_kinova_moveit/install.log --single-version-externally-managed install_data
