[0.022s] Invoking command in '/home/moveit/build/moveit_ros_planning': AMENT_PREFIX_PATH=/home/moveit/install/moveit_ros_occupancy_map_monitor:/home/moveit/install/moveit_core:/home/moveit/install/moveit_resources_panda_moveit_config:/home/moveit/install/moveit_resources_panda_description:/home/moveit/install/moveit_msgs:/home/moveit/install/moveit_common:${AMENT_PREFIX_PATH} CMAKE_PREFIX_PATH=/home/moveit/install/moveit_ros_occupancy_map_monitor:/home/moveit/install/moveit_core:/home/moveit/install/moveit_resources_panda_moveit_config:/home/moveit/install/moveit_resources_panda_description:/home/moveit/install/moveit_msgs:/home/moveit/install/moveit_common:/opt/ros/humble LD_LIBRARY_PATH=/home/moveit/install/moveit_ros_occupancy_map_monitor/lib:/home/moveit/install/moveit_core/lib:/home/moveit/install/moveit_msgs/lib:${LD_LIBRARY_PATH} PATH=/home/moveit/install/moveit_core/bin:${PATH} PYTHONPATH=/home/moveit/install/moveit_msgs/local/lib/python3.10/dist-packages:${PYTHONPATH} /usr/bin/cmake /home/moveit/src/moveit2/moveit_ros/planning -DCMAKE_BUILD_TYPE=Release -DCMAKE_INSTALL_PREFIX=/home/moveit/install/moveit_ros_planning
[0.087s] -- The CXX compiler identification is GNU 11.4.0
[0.094s] -- Detecting CXX compiler ABI info
[0.175s] -- Detecting CXX compiler ABI info - done
[0.181s] -- Check for working CXX compiler: /usr/bin/c++ - skipped
[0.181s] -- Detecting CXX compile features
[0.181s] -- Detecting CXX compile features - done
[0.183s] -- Found moveit_common: 2.9.0 (/home/moveit/install/moveit_common/share/moveit_common/cmake)
[0.188s] -- Found ament_cmake: 1.3.9 (/opt/ros/humble/share/ament_cmake/cmake)
[0.326s] -- Found Python3: /usr/bin/python3 (found version "3.10.12") found components: Interpreter 
[0.501s] -- Found libdw: /usr/lib/x86_64-linux-gnu/libdw.so  
[0.506s] -- Could NOT find libbfd (missing: LIBBFD_LIBRARY LIBBFD_INCLUDE_DIR) 
[0.506s] -- BACKWARD_HAS_UNWIND=1
[0.506s] -- BACKWARD_HAS_BACKTRACE=0
[0.506s] -- BACKWARD_HAS_BACKTRACE_SYMBOL=0
[0.506s] -- BACKWARD_HAS_DW=1
[0.506s] -- BACKWARD_HAS_BFD=0
[0.506s] -- Found Backward: /opt/ros/humble/share/backward_ros/cmake  
[0.515s] -- Found generate_parameter_library: 0.3.8 (/opt/ros/humble/share/generate_parameter_library/cmake)
[0.519s] -- Found parameter_traits: 0.3.8 (/opt/ros/humble/share/parameter_traits/cmake)
[0.576s] -- Found rosidl_generator_c: 3.1.5 (/opt/ros/humble/share/rosidl_generator_c/cmake)
[0.585s] -- Found rosidl_adapter: 3.1.5 (/opt/ros/humble/share/rosidl_adapter/cmake)
[0.597s] -- Found rosidl_generator_cpp: 3.1.5 (/opt/ros/humble/share/rosidl_generator_cpp/cmake)
[0.613s] -- Using all available rosidl_typesupport_c: rosidl_typesupport_fastrtps_c;rosidl_typesupport_introspection_c
[0.635s] -- Using all available rosidl_typesupport_cpp: rosidl_typesupport_fastrtps_cpp;rosidl_typesupport_introspection_cpp
[0.711s] -- Found rmw_implementation_cmake: 6.1.2 (/opt/ros/humble/share/rmw_implementation_cmake/cmake)
[0.715s] -- Found rmw_fastrtps_cpp: 6.2.6 (/opt/ros/humble/share/rmw_fastrtps_cpp/cmake)
[0.827s] -- Found OpenSSL: /usr/lib/x86_64-linux-gnu/libcrypto.so (found version "3.0.2")  
[0.853s] -- Found FastRTPS: /opt/ros/humble/include  
[0.906s] -- Using RMW implementation 'rmw_fastrtps_cpp' as default
[0.921s] -- Looking for C++ include pthread.h
[1.017s] -- Looking for C++ include pthread.h - found
[1.017s] -- Performing Test CMAKE_HAVE_LIBC_PTHREAD
[1.116s] -- Performing Test CMAKE_HAVE_LIBC_PTHREAD - Success
[1.118s] -- Found Threads: TRUE  
[1.281s] -- Found rclcpp_lifecycle: 16.0.9 (/opt/ros/humble/share/rclcpp_lifecycle/cmake)
[1.318s] -- Found moveit_msgs: 2.4.0 (/home/moveit/install/moveit_msgs/share/moveit_msgs/cmake)
[1.936s] -- Found pluginlib: 5.1.0 (/opt/ros/humble/share/pluginlib/cmake)
[1.976s] -- Found message_filters: 4.3.4 (/opt/ros/humble/share/message_filters/cmake)
[1.983s] -- Found srdfdom: 2.0.4 (/opt/ros/humble/share/srdfdom/cmake)
[2.005s] -- Found tf2: 0.25.6 (/opt/ros/humble/share/tf2/cmake)
[2.014s] -- Found tf2_geometry_msgs: 0.25.6 (/opt/ros/humble/share/tf2_geometry_msgs/cmake)
[2.029s] -- Found eigen3_cmake_module: 0.1.1 (/opt/ros/humble/share/eigen3_cmake_module/cmake)
[2.030s] -- Found Eigen3: TRUE (found version "3.4.0") 
[2.030s] -- Ensuring Eigen3 include directory is part of orocos-kdl CMake target
[2.261s] -- Found tf2_eigen: 0.25.6 (/opt/ros/humble/share/tf2_eigen/cmake)
[2.266s] -- Found moveit_core: 2.9.0 (/home/moveit/install/moveit_core/share/moveit_core/cmake)
[2.324s] -- Found Boost: /usr/lib/x86_64-linux-gnu/cmake/Boost-1.74.0/BoostConfig.cmake (found version "1.74.0") found components: chrono date_time filesystem iostreams program_options regex serialization system thread 
[2.365s] -- Found Boost: /usr/lib/x86_64-linux-gnu/cmake/Boost-1.74.0/BoostConfig.cmake (found version "1.74.0") found components: filesystem 
[2.470s] -- library: /usr/lib/x86_64-linux-gnu/libcurl.so
[2.764s] -- Found moveit_ros_occupancy_map_monitor: 2.9.0 (/home/moveit/install/moveit_ros_occupancy_map_monitor/share/moveit_ros_occupancy_map_monitor/cmake)
[2.922s] -- Found Boost: /usr/lib/x86_64-linux-gnu/cmake/Boost-1.74.0/BoostConfig.cmake (found version "1.74.0") found components: system filesystem date_time program_options thread chrono 
[2.949s] -- Performing Test COMPILER_HAS_HIDDEN_VISIBILITY
[3.041s] -- Performing Test COMPILER_HAS_HIDDEN_VISIBILITY - Success
[3.042s] -- Performing Test COMPILER_HAS_HIDDEN_INLINE_VISIBILITY
[3.133s] -- Performing Test COMPILER_HAS_HIDDEN_INLINE_VISIBILITY - Success
[3.134s] -- Performing Test COMPILER_HAS_DEPRECATED_ATTR
[3.227s] -- Performing Test COMPILER_HAS_DEPRECATED_ATTR - Success
[3.234s] -- Found ament_cmake_gtest: 1.3.9 (/opt/ros/humble/share/ament_cmake_gtest/cmake)
[3.240s] -- Found gtest sources under '/opt/ros/humble/src/gtest_vendor': C++ tests using 'Google Test' will be built
[3.279s] -- The C compiler identification is GNU 11.4.0
[3.286s] -- Detecting C compiler ABI info
[3.371s] -- Detecting C compiler ABI info - done
[3.376s] -- Check for working C compiler: /usr/bin/cc - skipped
[3.376s] -- Detecting C compile features
[3.377s] -- Detecting C compile features - done
[3.400s] -- Found ament_cmake_gtest: 1.3.9 (/opt/ros/humble/share/ament_cmake_gtest/cmake)
[3.404s] -- Found ament_cmake_gmock: 1.3.9 (/opt/ros/humble/share/ament_cmake_gmock/cmake)
[3.408s] -- Found gmock sources under '/opt/ros/humble/src/gmock_vendor': C++ tests using 'Google Mock' will be built
[3.411s] -- Found gtest sources under '/opt/ros/humble/src/gtest_vendor': C++ tests using 'Google Test' will be built
[3.431s] -- Found ament_lint_auto: 0.12.11 (/opt/ros/humble/share/ament_lint_auto/cmake)
[3.460s] -- Found launch_testing_ament_cmake: 1.0.6 (/opt/ros/humble/share/launch_testing_ament_cmake/cmake)
[3.464s] -- Found python_cmake_module: 0.10.0 (/opt/ros/humble/share/python_cmake_module/cmake)
[3.483s] -- Found PythonInterp: /usr/bin/python3 (found suitable version "3.10.12", minimum required is "3.6") 
[3.487s] -- Found PythonLibs: /usr/lib/x86_64-linux-gnu/libpython3.10.so (found suitable version "3.10.12", minimum required is "3.5") 
[3.487s] -- Using PYTHON_EXECUTABLE: /usr/bin/python3
[3.488s] -- Using PYTHON_INCLUDE_DIRS: /usr/include/python3.10
[3.488s] -- Using PYTHON_LIBRARIES: /usr/lib/x86_64-linux-gnu/libpython3.10.so
[3.506s] -- Found PythonExtra: .so  
[3.536s] -- Added test 'cppcheck' to perform static code analysis on C / C++ code
[3.536s] -- Configured cppcheck include dirs: /home/moveit/src/moveit2/moveit_ros/planning/rdf_loader/include;/home/moveit/src/moveit2/moveit_ros/planning/kinematics_plugin_loader/include;/home/moveit/src/moveit2/moveit_ros/planning/robot_model_loader/include;/home/moveit/src/moveit2/moveit_ros/planning/constraint_sampler_manager_loader/include;/home/moveit/src/moveit2/moveit_ros/planning/planning_pipeline/include;/home/moveit/src/moveit2/moveit_ros/planning/planning_pipeline_interfaces/include;/home/moveit/src/moveit2/moveit_ros/planning/planning_scene_monitor/include;/home/moveit/src/moveit2/moveit_ros/planning/trajectory_execution_manager/include;/home/moveit/src/moveit2/moveit_ros/planning/plan_execution/include;/home/moveit/src/moveit2/moveit_ros/planning/collision_plugin_loader/include;/home/moveit/src/moveit2/moveit_ros/planning/moveit_cpp/include
[3.536s] -- Configured cppcheck exclude dirs and/or files: 
[3.540s] -- Added test 'lint_cmake' to check CMake code style
[3.543s] -- Added test 'pep257' to check Python code against some of the docstring style conventions in PEP 257
[3.546s] -- Added test 'xmllint' to check XML markup files
[3.548s] -- Configuring done
[3.918s] -- Generating done
[3.925s] -- Build files have been written to: /home/moveit/build/moveit_ros_planning
[3.953s] Invoked command in '/home/moveit/build/moveit_ros_planning' returned '0': AMENT_PREFIX_PATH=/home/moveit/install/moveit_ros_occupancy_map_monitor:/home/moveit/install/moveit_core:/home/moveit/install/moveit_resources_panda_moveit_config:/home/moveit/install/moveit_resources_panda_description:/home/moveit/install/moveit_msgs:/home/moveit/install/moveit_common:${AMENT_PREFIX_PATH} CMAKE_PREFIX_PATH=/home/moveit/install/moveit_ros_occupancy_map_monitor:/home/moveit/install/moveit_core:/home/moveit/install/moveit_resources_panda_moveit_config:/home/moveit/install/moveit_resources_panda_description:/home/moveit/install/moveit_msgs:/home/moveit/install/moveit_common:/opt/ros/humble LD_LIBRARY_PATH=/home/moveit/install/moveit_ros_occupancy_map_monitor/lib:/home/moveit/install/moveit_core/lib:/home/moveit/install/moveit_msgs/lib:${LD_LIBRARY_PATH} PATH=/home/moveit/install/moveit_core/bin:${PATH} PYTHONPATH=/home/moveit/install/moveit_msgs/local/lib/python3.10/dist-packages:${PYTHONPATH} /usr/bin/cmake /home/moveit/src/moveit2/moveit_ros/planning -DCMAKE_BUILD_TYPE=Release -DCMAKE_INSTALL_PREFIX=/home/moveit/install/moveit_ros_planning
[3.954s] Invoking command in '/home/moveit/build/moveit_ros_planning': AMENT_PREFIX_PATH=/home/moveit/install/moveit_ros_occupancy_map_monitor:/home/moveit/install/moveit_core:/home/moveit/install/moveit_resources_panda_moveit_config:/home/moveit/install/moveit_resources_panda_description:/home/moveit/install/moveit_msgs:/home/moveit/install/moveit_common:${AMENT_PREFIX_PATH} CMAKE_PREFIX_PATH=/home/moveit/install/moveit_ros_occupancy_map_monitor:/home/moveit/install/moveit_core:/home/moveit/install/moveit_resources_panda_moveit_config:/home/moveit/install/moveit_resources_panda_description:/home/moveit/install/moveit_msgs:/home/moveit/install/moveit_common:/opt/ros/humble LD_LIBRARY_PATH=/home/moveit/install/moveit_ros_occupancy_map_monitor/lib:/home/moveit/install/moveit_core/lib:/home/moveit/install/moveit_msgs/lib:${LD_LIBRARY_PATH} PATH=/home/moveit/install/moveit_core/bin:${PATH} PYTHONPATH=/home/moveit/install/moveit_msgs/local/lib/python3.10/dist-packages:${PYTHONPATH} /usr/bin/cmake --build /home/moveit/build/moveit_ros_planning -- -j16 -l16
[4.018s] [  1%] [34m[1mRunning `/opt/ros/humble/bin/generate_parameter_library_cpp /home/moveit/build/moveit_ros_planning/planning_response_adapter_plugins/default_response_adapter_parameters/include//default_response_adapter_parameters.hpp /home/moveit/src/moveit2/moveit_ros/planning/planning_response_adapter_plugins/res/default_response_adapter_params.yaml `[0m
[4.018s] [  3%] [32mBuilding CXX object gtest/CMakeFiles/gtest_main.dir/src/gtest_main.cc.o[0m
[4.018s] [  3%] [34m[1mRunning `/opt/ros/humble/bin/generate_parameter_library_cpp /home/moveit/build/moveit_ros_planning/planning_pipeline/planning_pipeline_parameters/include//planning_pipeline_parameters.hpp /home/moveit/src/moveit2/moveit_ros/planning/planning_pipeline/res/planning_pipeline_parameters.yaml `[0m
[4.019s] [  5%] [32mBuilding CXX object gmock/CMakeFiles/gmock_main.dir/src/gmock_main.cc.o[0m
[4.019s] [  6%] [34m[1mRunning `/opt/ros/humble/bin/generate_parameter_library_cpp /home/moveit/build/moveit_ros_planning/kinematics_plugin_loader/kinematics_parameters/include//kinematics_parameters.hpp /home/moveit/src/moveit2/moveit_ros/planning/kinematics_plugin_loader/src/kinematics_parameters.yaml `[0m
[4.020s] [  9%] [34m[1mRunning `/opt/ros/humble/bin/generate_parameter_library_cpp /home/moveit/build/moveit_ros_planning/planning_request_adapter_plugins/default_request_adapter_parameters/include//default_request_adapter_parameters.hpp /home/moveit/src/moveit2/moveit_ros/planning/planning_request_adapter_plugins/res/default_request_adapter_params.yaml `[0m
[4.020s] [  9%] [32mBuilding CXX object collision_plugin_loader/CMakeFiles/moveit_collision_plugin_loader.dir/src/collision_plugin_loader.cpp.o[0m
[4.020s] [ 10%] [32mBuilding CXX object gtest/CMakeFiles/gtest.dir/src/gtest-all.cc.o[0m
[4.021s] [ 11%] [32mBuilding CXX object rdf_loader/CMakeFiles/moveit_rdf_loader.dir/src/synchronized_string_parameter.cpp.o[0m
[4.021s] [ 12%] [32mBuilding CXX object rdf_loader/CMakeFiles/moveit_rdf_loader.dir/src/rdf_loader.cpp.o[0m
[4.021s] [ 14%] [32mBuilding CXX object planning_pipeline/CMakeFiles/moveit_pipeline_test_plugins.dir/test/planning_pipeline_test_plugins.cpp.o[0m
[4.022s] [ 15%] [32mBuilding CXX object gmock/CMakeFiles/gmock.dir/opt/ros/humble/src/gtest_vendor/src/gtest-all.cc.o[0m
[4.022s] [ 16%] [32mBuilding CXX object gmock/CMakeFiles/gmock.dir/src/gmock-all.cc.o[0m
[4.304s] [ 16%] Built target default_request_adapter_parameters
[4.353s] [ 18%] [32mBuilding CXX object planning_request_adapter_plugins/CMakeFiles/moveit_default_planning_request_adapter_plugins.dir/src/check_start_state_collision.cpp.o[0m
[4.355s] [ 19%] [32mBuilding CXX object planning_request_adapter_plugins/CMakeFiles/moveit_default_planning_request_adapter_plugins.dir/src/check_for_stacked_constraints.cpp.o[0m
[4.358s] [ 20%] [32mBuilding CXX object planning_request_adapter_plugins/CMakeFiles/moveit_default_planning_request_adapter_plugins.dir/src/check_start_state_bounds.cpp.o[0m
[4.387s] [ 22%] [32mBuilding CXX object planning_request_adapter_plugins/CMakeFiles/moveit_default_planning_request_adapter_plugins.dir/src/validate_workspace_bounds.cpp.o[0m
[4.388s] [ 22%] Built target default_response_adapter_parameters
[4.389s] [ 22%] Built target kinematics_parameters
[4.405s] [ 22%] Built target planning_pipeline_parameters
[4.417s] [ 23%] [32mBuilding CXX object planning_request_adapter_plugins/CMakeFiles/moveit_default_planning_request_adapter_plugins.dir/src/resolve_constraint_frames.cpp.o[0m
[4.478s] [ 24%] [32mBuilding CXX object planning_response_adapter_plugins/CMakeFiles/moveit_default_planning_response_adapter_plugins.dir/src/add_ruckig_traj_smoothing.cpp.o[0m
[4.514s] [ 25%] [32mBuilding CXX object planning_pipeline/CMakeFiles/moveit_planning_pipeline.dir/src/planning_pipeline.cpp.o[0m
[5.794s] [ 27%] [32m[1mLinking CXX static library libgtest_main.a[0m
[5.990s] [ 27%] Built target gtest_main
[6.019s] [ 28%] [32mBuilding CXX object planning_response_adapter_plugins/CMakeFiles/moveit_default_planning_response_adapter_plugins.dir/src/add_time_optimal_parameterization.cpp.o[0m
[6.346s] [ 29%] [32m[1mLinking CXX static library libgmock_main.a[0m
[6.503s] [ 29%] Built target gmock_main
[6.523s] [ 31%] [32mBuilding CXX object planning_response_adapter_plugins/CMakeFiles/moveit_default_planning_response_adapter_plugins.dir/src/display_motion_path.cpp.o[0m
[9.464s] [ 32%] [32mBuilding CXX object planning_response_adapter_plugins/CMakeFiles/moveit_default_planning_response_adapter_plugins.dir/src/validate_path.cpp.o[0m
[17.801s] [ 33%] [32m[1mLinking CXX static library libgtest.a[0m
[18.032s] [ 33%] Built target gtest
[18.212s] [ 35%] [32m[1mLinking CXX static library libgmock.a[0m
[18.334s] [ 35%] Built target gmock
[19.035s] [ 36%] [32m[1mLinking CXX shared library libmoveit_pipeline_test_plugins.so[0m
[19.411s] [ 36%] Built target moveit_pipeline_test_plugins
[19.452s] [ 37%] [32m[1mLinking CXX shared library libmoveit_collision_plugin_loader.so[0m
[19.751s] [ 37%] Built target moveit_collision_plugin_loader
[20.375s] [ 38%] [32m[1mLinking CXX shared library libmoveit_default_planning_request_adapter_plugins.so[0m
[20.607s] [ 38%] Built target moveit_default_planning_request_adapter_plugins
[22.707s] [ 40%] [32m[1mLinking CXX shared library libmoveit_rdf_loader.so[0m
[22.949s] [ 40%] Built target moveit_rdf_loader
[22.979s] [ 42%] [32mBuilding CXX object constraint_sampler_manager_loader/CMakeFiles/moveit_constraint_sampler_manager_loader.dir/src/constraint_sampler_manager_loader.cpp.o[0m
[22.979s] [ 42%] [32mBuilding CXX object kinematics_plugin_loader/CMakeFiles/moveit_kinematics_plugin_loader.dir/src/kinematics_plugin_loader.cpp.o[0m
[26.125s] [ 44%] [32m[1mLinking CXX shared library libmoveit_default_planning_response_adapter_plugins.so[0m
[26.359s] [ 44%] Built target moveit_default_planning_response_adapter_plugins
[30.965s] [ 45%] [32m[1mLinking CXX shared library libmoveit_planning_pipeline.so[0m
[31.216s] [ 45%] Built target moveit_planning_pipeline
[31.244s] [ 51%] [32mBuilding CXX object planning_pipeline_interfaces/CMakeFiles/moveit_planning_pipeline_interfaces.dir/src/planning_pipeline_interfaces.cpp.o[0m
[31.244s] [ 51%] [32mBuilding CXX object planning_pipeline_interfaces/CMakeFiles/moveit_planning_pipeline_interfaces.dir/src/plan_responses_container.cpp.o[0m
[31.244s] [ 51%] [32mBuilding CXX object planning_pipeline_interfaces/CMakeFiles/moveit_planning_pipeline_interfaces.dir/src/solution_selection_functions.cpp.o[0m
[31.244s] [ 51%] [32mBuilding CXX object planning_pipeline_interfaces/CMakeFiles/moveit_planning_pipeline_interfaces.dir/src/stopping_criterion_function.cpp.o[0m
[31.244s] [ 51%] [32mBuilding CXX object planning_pipeline/CMakeFiles/moveit_planning_pipeline_test.dir/test/planning_pipeline_tests.cpp.o[0m
[35.822s] [ 53%] [32m[1mLinking CXX shared library libmoveit_kinematics_plugin_loader.so[0m
[36.035s] [ 54%] [32m[1mLinking CXX shared library libmoveit_constraint_sampler_manager_loader.so[0m
[36.068s] [ 54%] Built target moveit_kinematics_plugin_loader
[36.100s] [ 55%] [32mBuilding CXX object robot_model_loader/CMakeFiles/moveit_robot_model_loader.dir/src/robot_model_loader.cpp.o[0m
[36.280s] [ 55%] Built target moveit_constraint_sampler_manager_loader
[42.812s] [ 57%] [32m[1mLinking CXX shared library libmoveit_robot_model_loader.so[0m
[43.011s] [ 57%] Built target moveit_robot_model_loader
[43.038s] [ 59%] [32mBuilding CXX object planning_scene_monitor/CMakeFiles/moveit_planning_scene_monitor.dir/src/trajectory_monitor.cpp.o[0m
[43.038s] [ 61%] [32mBuilding CXX object planning_scene_monitor/CMakeFiles/moveit_planning_scene_monitor.dir/src/planning_scene_monitor.cpp.o[0m
[43.038s] [ 61%] [32mBuilding CXX object planning_scene_monitor/CMakeFiles/moveit_planning_scene_monitor.dir/src/current_state_monitor.cpp.o[0m
[43.038s] [ 62%] [32mBuilding CXX object planning_components_tools/CMakeFiles/moveit_print_planning_model_info.dir/src/print_planning_model_info.cpp.o[0m
[43.039s] [ 63%] [32mBuilding CXX object planning_scene_monitor/CMakeFiles/moveit_planning_scene_monitor.dir/src/current_state_monitor_middleware_handle.cpp.o[0m
[43.040s] [ 64%] [32mBuilding CXX object planning_scene_monitor/CMakeFiles/moveit_planning_scene_monitor.dir/src/trajectory_monitor_middleware_handle.cpp.o[0m
[46.999s] [ 66%] [32m[1mLinking CXX shared library libmoveit_planning_pipeline_interfaces.so[0m
[47.257s] [ 66%] Built target moveit_planning_pipeline_interfaces
[48.138s] [ 67%] [32m[1mLinking CXX executable moveit_planning_pipeline_test[0m
[48.545s] [ 67%] Built target moveit_planning_pipeline_test
[49.816s] [ 68%] [32m[1mLinking CXX executable moveit_print_planning_model_info[0m
[50.276s] [ 68%] Built target moveit_print_planning_model_info
[74.210s] [ 70%] [32m[1mLinking CXX shared library libmoveit_planning_scene_monitor.so[0m
[74.654s] [ 70%] Built target moveit_planning_scene_monitor
[74.686s] [ 71%] [32mBuilding CXX object planning_components_tools/CMakeFiles/moveit_display_random_state.dir/src/display_random_state.cpp.o[0m
[74.686s] [ 72%] [32mBuilding CXX object planning_components_tools/CMakeFiles/moveit_print_planning_scene_info.dir/src/print_planning_scene_info.cpp.o[0m
[74.688s] [ 74%] [32mBuilding CXX object planning_scene_monitor/CMakeFiles/trajectory_monitor_tests.dir/test/trajectory_monitor_tests.cpp.o[0m
[74.689s] [ 76%] [32mBuilding CXX object planning_components_tools/CMakeFiles/moveit_evaluate_collision_checking_speed.dir/src/evaluate_collision_checking_speed.cpp.o[0m
[74.689s] [ 76%] [32mBuilding CXX object trajectory_execution_manager/CMakeFiles/moveit_trajectory_execution_manager.dir/src/trajectory_execution_manager.cpp.o[0m
[74.690s] [ 77%] [32mBuilding CXX object planning_components_tools/CMakeFiles/moveit_publish_scene_from_text.dir/src/publish_scene_from_text.cpp.o[0m
[74.693s] [ 80%] [32mBuilding CXX object planning_scene_monitor/CMakeFiles/demo_scene.dir/demos/demo_scene.cpp.o[0m
[74.693s] [ 80%] [32mBuilding CXX object planning_components_tools/CMakeFiles/moveit_visualize_robot_collision_volume.dir/src/visualize_robot_collision_volume.cpp.o[0m
[74.701s] [ 81%] [32mBuilding CXX object planning_scene_monitor/CMakeFiles/current_state_monitor_tests.dir/test/current_state_monitor_tests.cpp.o[0m
[90.125s] [ 83%] [32m[1mLinking CXX executable demo_scene[0m
[90.412s] [ 83%] Built target demo_scene
[90.521s] [ 84%] [32m[1mLinking CXX executable moveit_display_random_state[0m
[90.962s] [ 84%] Built target moveit_display_random_state
[91.237s] [ 85%] [32m[1mLinking CXX executable moveit_print_planning_scene_info[0m
[91.554s] [ 87%] [32m[1mLinking CXX executable moveit_evaluate_collision_checking_speed[0m
[91.632s] [ 87%] Built target moveit_print_planning_scene_info
[91.679s] [ 88%] [32m[1mLinking CXX executable moveit_publish_scene_from_text[0m
[91.848s] [ 89%] [32m[1mLinking CXX executable current_state_monitor_tests[0m
[91.983s] [ 89%] Built target moveit_evaluate_collision_checking_speed
[92.117s] [ 89%] Built target moveit_publish_scene_from_text
[92.306s] [ 89%] Built target current_state_monitor_tests
[92.313s] [ 90%] [32m[1mLinking CXX executable trajectory_monitor_tests[0m
[92.725s] [ 90%] Built target trajectory_monitor_tests
[93.751s] [ 92%] [32m[1mLinking CXX executable moveit_visualize_robot_collision_volume[0m
[94.094s] [ 92%] Built target moveit_visualize_robot_collision_volume
[100.549s] [ 93%] [32m[1mLinking CXX shared library libmoveit_trajectory_execution_manager.so[0m
[100.806s] [ 93%] Built target moveit_trajectory_execution_manager
[100.829s] [ 97%] [32mBuilding CXX object plan_execution/CMakeFiles/moveit_plan_execution.dir/src/plan_execution.cpp.o[0m
[100.829s] [ 97%] [32mBuilding CXX object moveit_cpp/CMakeFiles/moveit_cpp.dir/src/moveit_cpp.cpp.o[0m
[100.829s] [ 97%] [32mBuilding CXX object moveit_cpp/CMakeFiles/moveit_cpp.dir/src/planning_component.cpp.o[0m
[111.065s] [ 98%] [32m[1mLinking CXX shared library libmoveit_plan_execution.so[0m
[111.380s] [ 98%] Built target moveit_plan_execution
[112.107s] [100%] [32m[1mLinking CXX shared library libmoveit_cpp.so[0m
[112.390s] [100%] Built target moveit_cpp
[112.406s] Invoked command in '/home/moveit/build/moveit_ros_planning' returned '0': AMENT_PREFIX_PATH=/home/moveit/install/moveit_ros_occupancy_map_monitor:/home/moveit/install/moveit_core:/home/moveit/install/moveit_resources_panda_moveit_config:/home/moveit/install/moveit_resources_panda_description:/home/moveit/install/moveit_msgs:/home/moveit/install/moveit_common:${AMENT_PREFIX_PATH} CMAKE_PREFIX_PATH=/home/moveit/install/moveit_ros_occupancy_map_monitor:/home/moveit/install/moveit_core:/home/moveit/install/moveit_resources_panda_moveit_config:/home/moveit/install/moveit_resources_panda_description:/home/moveit/install/moveit_msgs:/home/moveit/install/moveit_common:/opt/ros/humble LD_LIBRARY_PATH=/home/moveit/install/moveit_ros_occupancy_map_monitor/lib:/home/moveit/install/moveit_core/lib:/home/moveit/install/moveit_msgs/lib:${LD_LIBRARY_PATH} PATH=/home/moveit/install/moveit_core/bin:${PATH} PYTHONPATH=/home/moveit/install/moveit_msgs/local/lib/python3.10/dist-packages:${PYTHONPATH} /usr/bin/cmake --build /home/moveit/build/moveit_ros_planning -- -j16 -l16
[112.464s] Invoking command in '/home/moveit/build/moveit_ros_planning': AMENT_PREFIX_PATH=/home/moveit/install/moveit_ros_occupancy_map_monitor:/home/moveit/install/moveit_core:/home/moveit/install/moveit_resources_panda_moveit_config:/home/moveit/install/moveit_resources_panda_description:/home/moveit/install/moveit_msgs:/home/moveit/install/moveit_common:${AMENT_PREFIX_PATH} CMAKE_PREFIX_PATH=/home/moveit/install/moveit_ros_occupancy_map_monitor:/home/moveit/install/moveit_core:/home/moveit/install/moveit_resources_panda_moveit_config:/home/moveit/install/moveit_resources_panda_description:/home/moveit/install/moveit_msgs:/home/moveit/install/moveit_common:/opt/ros/humble LD_LIBRARY_PATH=/home/moveit/install/moveit_ros_occupancy_map_monitor/lib:/home/moveit/install/moveit_core/lib:/home/moveit/install/moveit_msgs/lib:${LD_LIBRARY_PATH} PATH=/home/moveit/install/moveit_core/bin:${PATH} PYTHONPATH=/home/moveit/install/moveit_msgs/local/lib/python3.10/dist-packages:${PYTHONPATH} /usr/bin/cmake --install /home/moveit/build/moveit_ros_planning
[112.473s] -- Install configuration: "Release"
[112.473s] -- Installing: /home/moveit/install/moveit_ros_planning/include/moveit_ros_planning
[112.474s] -- Installing: /home/moveit/install/moveit_ros_planning/include/moveit_ros_planning/moveit
[112.474s] -- Installing: /home/moveit/install/moveit_ros_planning/include/moveit_ros_planning/moveit/collision_plugin_loader
[112.474s] -- Installing: /home/moveit/install/moveit_ros_planning/include/moveit_ros_planning/moveit/collision_plugin_loader/collision_plugin_loader.h
[112.474s] -- Up-to-date: /home/moveit/install/moveit_ros_planning/include/moveit_ros_planning
[112.474s] -- Up-to-date: /home/moveit/install/moveit_ros_planning/include/moveit_ros_planning/moveit
[112.474s] -- Installing: /home/moveit/install/moveit_ros_planning/include/moveit_ros_planning/moveit/constraint_sampler_manager_loader
[112.475s] -- Installing: /home/moveit/install/moveit_ros_planning/include/moveit_ros_planning/moveit/constraint_sampler_manager_loader/constraint_sampler_manager_loader.h
[112.475s] -- Installing: /home/moveit/install/moveit_ros_planning/include/kinematics_parameters
[112.475s] -- Installing: /home/moveit/install/moveit_ros_planning/include/kinematics_parameters/kinematics_parameters.hpp
[112.475s] -- Up-to-date: /home/moveit/install/moveit_ros_planning/include/moveit_ros_planning
[112.475s] -- Up-to-date: /home/moveit/install/moveit_ros_planning/include/moveit_ros_planning/moveit
[112.476s] -- Installing: /home/moveit/install/moveit_ros_planning/include/moveit_ros_planning/moveit/kinematics_plugin_loader
[112.476s] -- Installing: /home/moveit/install/moveit_ros_planning/include/moveit_ros_planning/moveit/kinematics_plugin_loader/kinematics_plugin_loader.h
[112.476s] -- Up-to-date: /home/moveit/install/moveit_ros_planning/include/moveit_ros_planning
[112.476s] -- Up-to-date: /home/moveit/install/moveit_ros_planning/include/moveit_ros_planning/moveit
[112.476s] -- Installing: /home/moveit/install/moveit_ros_planning/include/moveit_ros_planning/moveit/moveit_cpp
[112.476s] -- Installing: /home/moveit/install/moveit_ros_planning/include/moveit_ros_planning/moveit/moveit_cpp/moveit_cpp.h
[112.477s] -- Installing: /home/moveit/install/moveit_ros_planning/include/moveit_ros_planning/moveit/moveit_cpp/planning_component.h
[112.477s] -- Up-to-date: /home/moveit/install/moveit_ros_planning/include/moveit_ros_planning
[112.477s] -- Up-to-date: /home/moveit/install/moveit_ros_planning/include/moveit_ros_planning/moveit
[112.477s] -- Installing: /home/moveit/install/moveit_ros_planning/include/moveit_ros_planning/moveit/plan_execution
[112.477s] -- Installing: /home/moveit/install/moveit_ros_planning/include/moveit_ros_planning/moveit/plan_execution/plan_representation.h
[112.477s] -- Installing: /home/moveit/install/moveit_ros_planning/include/moveit_ros_planning/moveit/plan_execution/plan_execution.h
[112.478s] -- Installing: /home/moveit/install/moveit_ros_planning/lib/moveit_ros_planning/moveit_print_planning_model_info
[112.479s] -- Set runtime path of "/home/moveit/install/moveit_ros_planning/lib/moveit_ros_planning/moveit_print_planning_model_info" to ""
[112.479s] -- Installing: /home/moveit/install/moveit_ros_planning/lib/moveit_ros_planning/moveit_print_planning_scene_info
[112.479s] -- Set runtime path of "/home/moveit/install/moveit_ros_planning/lib/moveit_ros_planning/moveit_print_planning_scene_info" to ""
[112.480s] -- Installing: /home/moveit/install/moveit_ros_planning/lib/moveit_ros_planning/moveit_display_random_state
[112.480s] -- Set runtime path of "/home/moveit/install/moveit_ros_planning/lib/moveit_ros_planning/moveit_display_random_state" to ""
[112.481s] -- Installing: /home/moveit/install/moveit_ros_planning/lib/moveit_ros_planning/moveit_visualize_robot_collision_volume
[112.481s] -- Set runtime path of "/home/moveit/install/moveit_ros_planning/lib/moveit_ros_planning/moveit_visualize_robot_collision_volume" to ""
[112.482s] -- Installing: /home/moveit/install/moveit_ros_planning/lib/moveit_ros_planning/moveit_evaluate_collision_checking_speed
[112.482s] -- Set runtime path of "/home/moveit/install/moveit_ros_planning/lib/moveit_ros_planning/moveit_evaluate_collision_checking_speed" to ""
[112.482s] -- Installing: /home/moveit/install/moveit_ros_planning/lib/moveit_ros_planning/moveit_publish_scene_from_text
[112.483s] -- Set runtime path of "/home/moveit/install/moveit_ros_planning/lib/moveit_ros_planning/moveit_publish_scene_from_text" to ""
[112.484s] -- Installing: /home/moveit/install/moveit_ros_planning/include/planning_pipeline_parameters
[112.484s] -- Installing: /home/moveit/install/moveit_ros_planning/include/planning_pipeline_parameters/planning_pipeline_parameters.hpp
[112.484s] -- Installing: /home/moveit/install/moveit_ros_planning/lib/libmoveit_pipeline_test_plugins.so.2.9.0
[112.485s] -- Set runtime path of "/home/moveit/install/moveit_ros_planning/lib/libmoveit_pipeline_test_plugins.so.2.9.0" to ""
[112.485s] -- Installing: /home/moveit/install/moveit_ros_planning/lib/libmoveit_pipeline_test_plugins.so
[112.485s] -- Up-to-date: /home/moveit/install/moveit_ros_planning/include/moveit_ros_planning
[112.485s] -- Up-to-date: /home/moveit/install/moveit_ros_planning/include/moveit_ros_planning/moveit
[112.486s] -- Installing: /home/moveit/install/moveit_ros_planning/include/moveit_ros_planning/moveit/planning_pipeline
[112.486s] -- Installing: /home/moveit/install/moveit_ros_planning/include/moveit_ros_planning/moveit/planning_pipeline/planning_pipeline.h
[112.486s] -- Installing: /home/moveit/install/moveit_ros_planning/include/moveit_ros_planning/moveit_planning_pipeline_export.h
[112.486s] -- Up-to-date: /home/moveit/install/moveit_ros_planning/include/moveit_ros_planning
[112.486s] -- Up-to-date: /home/moveit/install/moveit_ros_planning/include/moveit_ros_planning/moveit
[112.486s] -- Installing: /home/moveit/install/moveit_ros_planning/include/moveit_ros_planning/moveit/planning_pipeline_interfaces
[112.487s] -- Installing: /home/moveit/install/moveit_ros_planning/include/moveit_ros_planning/moveit/planning_pipeline_interfaces/plan_responses_container.hpp
[112.487s] -- Installing: /home/moveit/install/moveit_ros_planning/include/moveit_ros_planning/moveit/planning_pipeline_interfaces/planning_pipeline_interfaces.hpp
[112.487s] -- Installing: /home/moveit/install/moveit_ros_planning/include/moveit_ros_planning/moveit/planning_pipeline_interfaces/solution_selection_functions.hpp
[112.487s] -- Installing: /home/moveit/install/moveit_ros_planning/include/moveit_ros_planning/moveit/planning_pipeline_interfaces/stopping_criterion_functions.hpp
[112.487s] -- Installing: /home/moveit/install/moveit_ros_planning/include/moveit_ros_planning/moveit_planning_pipeline_interfaces_export.h
[112.488s] -- Installing: /home/moveit/install/moveit_ros_planning/include/default_request_adapter_parameters
[112.488s] -- Installing: /home/moveit/install/moveit_ros_planning/include/default_request_adapter_parameters/default_request_adapter_parameters.hpp
[112.488s] -- Installing: /home/moveit/install/moveit_ros_planning/include/default_response_adapter_parameters
[112.488s] -- Installing: /home/moveit/install/moveit_ros_planning/include/default_response_adapter_parameters/default_response_adapter_parameters.hpp
[112.489s] -- Installing: /home/moveit/install/moveit_ros_planning/lib/moveit_ros_planning/demo_scene
[112.490s] -- Set runtime path of "/home/moveit/install/moveit_ros_planning/lib/moveit_ros_planning/demo_scene" to ""
[112.490s] -- Up-to-date: /home/moveit/install/moveit_ros_planning/include/moveit_ros_planning
[112.490s] -- Up-to-date: /home/moveit/install/moveit_ros_planning/include/moveit_ros_planning/moveit
[112.490s] -- Installing: /home/moveit/install/moveit_ros_planning/include/moveit_ros_planning/moveit/planning_scene_monitor
[112.490s] -- Installing: /home/moveit/install/moveit_ros_planning/include/moveit_ros_planning/moveit/planning_scene_monitor/planning_scene_monitor.h
[112.490s] -- Installing: /home/moveit/install/moveit_ros_planning/include/moveit_ros_planning/moveit/planning_scene_monitor/current_state_monitor_middleware_handle.hpp
[112.490s] -- Installing: /home/moveit/install/moveit_ros_planning/include/moveit_ros_planning/moveit/planning_scene_monitor/trajectory_monitor_middleware_handle.hpp
[112.490s] -- Installing: /home/moveit/install/moveit_ros_planning/include/moveit_ros_planning/moveit/planning_scene_monitor/current_state_monitor.h
[112.491s] -- Installing: /home/moveit/install/moveit_ros_planning/include/moveit_ros_planning/moveit/planning_scene_monitor/trajectory_monitor.h
[112.491s] -- Installing: /home/moveit/install/moveit_ros_planning/include/moveit_ros_planning/moveit_planning_scene_monitor_export.h
[112.491s] -- Up-to-date: /home/moveit/install/moveit_ros_planning/include/moveit_ros_planning
[112.491s] -- Up-to-date: /home/moveit/install/moveit_ros_planning/include/moveit_ros_planning/moveit
[112.491s] -- Installing: /home/moveit/install/moveit_ros_planning/include/moveit_ros_planning/moveit/rdf_loader
[112.491s] -- Installing: /home/moveit/install/moveit_ros_planning/include/moveit_ros_planning/moveit/rdf_loader/rdf_loader.h
[112.492s] -- Installing: /home/moveit/install/moveit_ros_planning/include/moveit_ros_planning/moveit/rdf_loader/synchronized_string_parameter.h
[112.492s] -- Installing: /home/moveit/install/moveit_ros_planning/share/moveit_ros_planning/rdf_loader/test/data
[112.492s] -- Installing: /home/moveit/install/moveit_ros_planning/share/moveit_ros_planning/rdf_loader/test/data/gonzo.urdf
[112.495s] -- Installing: /home/moveit/install/moveit_ros_planning/share/moveit_ros_planning/rdf_loader/test/data/gonzo.srdf
[112.495s] -- Installing: /home/moveit/install/moveit_ros_planning/share/moveit_ros_planning/rdf_loader/test/data/kermit.urdf
[112.496s] -- Installing: /home/moveit/install/moveit_ros_planning/share/moveit_ros_planning/rdf_loader/test/data/kermit.srdf
[112.496s] -- Installing: /home/moveit/install/moveit_ros_planning/share/moveit_ros_planning/rdf_loader/test/data/robin.srdf.xacro
[112.496s] -- Installing: /home/moveit/install/moveit_ros_planning/share/moveit_ros_planning/rdf_loader/test/launch
[112.496s] -- Installing: /home/moveit/install/moveit_ros_planning/share/moveit_ros_planning/rdf_loader/test/launch/test_rdf_integration.test.py
[112.497s] -- Up-to-date: /home/moveit/install/moveit_ros_planning/include/moveit_ros_planning
[112.497s] -- Up-to-date: /home/moveit/install/moveit_ros_planning/include/moveit_ros_planning/moveit
[112.497s] -- Installing: /home/moveit/install/moveit_ros_planning/include/moveit_ros_planning/moveit/robot_model_loader
[112.497s] -- Installing: /home/moveit/install/moveit_ros_planning/include/moveit_ros_planning/moveit/robot_model_loader/robot_model_loader.h
[112.497s] -- Up-to-date: /home/moveit/install/moveit_ros_planning/include/moveit_ros_planning
[112.497s] -- Up-to-date: /home/moveit/install/moveit_ros_planning/include/moveit_ros_planning/moveit
[112.497s] -- Installing: /home/moveit/install/moveit_ros_planning/include/moveit_ros_planning/moveit/trajectory_execution_manager
[112.497s] -- Installing: /home/moveit/install/moveit_ros_planning/include/moveit_ros_planning/moveit/trajectory_execution_manager/trajectory_execution_manager.h
[112.498s] -- Installing: /home/moveit/install/moveit_ros_planning/include/moveit_ros_planning/moveit_trajectory_execution_manager_export.h
[112.498s] -- Installing: /home/moveit/install/moveit_ros_planning/lib/libmoveit_rdf_loader.so.2.9.0
[112.501s] -- Set runtime path of "/home/moveit/install/moveit_ros_planning/lib/libmoveit_rdf_loader.so.2.9.0" to ""
[112.501s] -- Installing: /home/moveit/install/moveit_ros_planning/lib/libmoveit_rdf_loader.so
[112.501s] -- Installing: /home/moveit/install/moveit_ros_planning/lib/libmoveit_kinematics_plugin_loader.so.2.9.0
[112.502s] -- Set runtime path of "/home/moveit/install/moveit_ros_planning/lib/libmoveit_kinematics_plugin_loader.so.2.9.0" to ""
[112.502s] -- Installing: /home/moveit/install/moveit_ros_planning/lib/libmoveit_kinematics_plugin_loader.so
[112.502s] -- Installing: /home/moveit/install/moveit_ros_planning/lib/libmoveit_robot_model_loader.so.2.9.0
[112.503s] -- Set runtime path of "/home/moveit/install/moveit_ros_planning/lib/libmoveit_robot_model_loader.so.2.9.0" to ""
[112.503s] -- Installing: /home/moveit/install/moveit_ros_planning/lib/libmoveit_robot_model_loader.so
[112.503s] -- Installing: /home/moveit/install/moveit_ros_planning/lib/libmoveit_constraint_sampler_manager_loader.so.2.9.0
[112.505s] -- Set runtime path of "/home/moveit/install/moveit_ros_planning/lib/libmoveit_constraint_sampler_manager_loader.so.2.9.0" to ""
[112.505s] -- Installing: /home/moveit/install/moveit_ros_planning/lib/libmoveit_constraint_sampler_manager_loader.so
[112.505s] -- Installing: /home/moveit/install/moveit_ros_planning/lib/libmoveit_planning_pipeline.so.2.9.0
[112.507s] -- Set runtime path of "/home/moveit/install/moveit_ros_planning/lib/libmoveit_planning_pipeline.so.2.9.0" to ""
[112.507s] -- Installing: /home/moveit/install/moveit_ros_planning/lib/libmoveit_planning_pipeline.so
[112.507s] -- Installing: /home/moveit/install/moveit_ros_planning/lib/libmoveit_planning_pipeline_interfaces.so.2.9.0
[112.509s] -- Set runtime path of "/home/moveit/install/moveit_ros_planning/lib/libmoveit_planning_pipeline_interfaces.so.2.9.0" to ""
[112.509s] -- Installing: /home/moveit/install/moveit_ros_planning/lib/libmoveit_planning_pipeline_interfaces.so
[112.510s] -- Installing: /home/moveit/install/moveit_ros_planning/lib/libmoveit_trajectory_execution_manager.so.2.9.0
[112.513s] -- Set runtime path of "/home/moveit/install/moveit_ros_planning/lib/libmoveit_trajectory_execution_manager.so.2.9.0" to ""
[112.513s] -- Installing: /home/moveit/install/moveit_ros_planning/lib/libmoveit_trajectory_execution_manager.so
[112.513s] -- Installing: /home/moveit/install/moveit_ros_planning/lib/libmoveit_plan_execution.so.2.9.0
[112.514s] -- Set runtime path of "/home/moveit/install/moveit_ros_planning/lib/libmoveit_plan_execution.so.2.9.0" to ""
[112.514s] -- Installing: /home/moveit/install/moveit_ros_planning/lib/libmoveit_plan_execution.so
[112.514s] -- Installing: /home/moveit/install/moveit_ros_planning/lib/libmoveit_planning_scene_monitor.so.2.9.0
[112.523s] -- Set runtime path of "/home/moveit/install/moveit_ros_planning/lib/libmoveit_planning_scene_monitor.so.2.9.0" to ""
[112.523s] -- Installing: /home/moveit/install/moveit_ros_planning/lib/libmoveit_planning_scene_monitor.so
[112.523s] -- Installing: /home/moveit/install/moveit_ros_planning/lib/libmoveit_collision_plugin_loader.so.2.9.0
[112.524s] -- Set runtime path of "/home/moveit/install/moveit_ros_planning/lib/libmoveit_collision_plugin_loader.so.2.9.0" to ""
[112.524s] -- Installing: /home/moveit/install/moveit_ros_planning/lib/libmoveit_collision_plugin_loader.so
[112.524s] -- Installing: /home/moveit/install/moveit_ros_planning/lib/libmoveit_default_planning_request_adapter_plugins.so.2.9.0
[112.525s] -- Set runtime path of "/home/moveit/install/moveit_ros_planning/lib/libmoveit_default_planning_request_adapter_plugins.so.2.9.0" to ""
[112.525s] -- Installing: /home/moveit/install/moveit_ros_planning/lib/libmoveit_default_planning_request_adapter_plugins.so
[112.525s] -- Installing: /home/moveit/install/moveit_ros_planning/lib/libmoveit_default_planning_response_adapter_plugins.so.2.9.0
[112.527s] -- Set runtime path of "/home/moveit/install/moveit_ros_planning/lib/libmoveit_default_planning_response_adapter_plugins.so.2.9.0" to ""
[112.527s] -- Installing: /home/moveit/install/moveit_ros_planning/lib/libmoveit_default_planning_response_adapter_plugins.so
[112.527s] -- Installing: /home/moveit/install/moveit_ros_planning/lib/libmoveit_cpp.so.2.9.0
[112.528s] -- Set runtime path of "/home/moveit/install/moveit_ros_planning/lib/libmoveit_cpp.so.2.9.0" to ""
[112.528s] -- Installing: /home/moveit/install/moveit_ros_planning/lib/libmoveit_cpp.so
[112.528s] -- Installing: /home/moveit/install/moveit_ros_planning/share/moveit_ros_planning/environment/library_path.sh
[112.528s] -- Installing: /home/moveit/install/moveit_ros_planning/share/moveit_ros_planning/environment/library_path.dsv
[112.529s] -- Installing: /home/moveit/install/moveit_ros_planning/share/moveit_ros_planning/default_request_adapters_plugin_description.xml
[112.529s] -- Installing: /home/moveit/install/moveit_ros_planning/share/moveit_ros_planning/default_response_adapters_plugin_description.xml
[112.529s] -- Installing: /home/moveit/install/moveit_ros_planning/share/moveit_ros_planning/planning_pipeline_test_plugins_description.xml
[112.530s] -- Installing: /home/moveit/install/moveit_ros_planning/share/ament_index/resource_index/package_run_dependencies/moveit_ros_planning
[112.530s] -- Installing: /home/moveit/install/moveit_ros_planning/share/ament_index/resource_index/parent_prefix_path/moveit_ros_planning
[112.530s] -- Installing: /home/moveit/install/moveit_ros_planning/share/moveit_ros_planning/environment/ament_prefix_path.sh
[112.530s] -- Installing: /home/moveit/install/moveit_ros_planning/share/moveit_ros_planning/environment/ament_prefix_path.dsv
[112.531s] -- Installing: /home/moveit/install/moveit_ros_planning/share/moveit_ros_planning/environment/path.sh
[112.531s] -- Installing: /home/moveit/install/moveit_ros_planning/share/moveit_ros_planning/environment/path.dsv
[112.531s] -- Installing: /home/moveit/install/moveit_ros_planning/share/moveit_ros_planning/local_setup.bash
[112.531s] -- Installing: /home/moveit/install/moveit_ros_planning/share/moveit_ros_planning/local_setup.sh
[112.532s] -- Installing: /home/moveit/install/moveit_ros_planning/share/moveit_ros_planning/local_setup.zsh
[112.532s] -- Installing: /home/moveit/install/moveit_ros_planning/share/moveit_ros_planning/local_setup.dsv
[112.532s] -- Installing: /home/moveit/install/moveit_ros_planning/share/moveit_ros_planning/package.dsv
[112.532s] -- Installing: /home/moveit/install/moveit_ros_planning/share/ament_index/resource_index/packages/moveit_ros_planning
[112.533s] -- Installing: /home/moveit/install/moveit_ros_planning/share/ament_index/resource_index/moveit_core__pluginlib__plugin/moveit_ros_planning
[112.533s] -- Installing: /home/moveit/install/moveit_ros_planning/share/moveit_ros_planning/cmake/moveit_ros_planningTargetsExport.cmake
[112.533s] -- Installing: /home/moveit/install/moveit_ros_planning/share/moveit_ros_planning/cmake/moveit_ros_planningTargetsExport-release.cmake
[112.533s] -- Installing: /home/moveit/install/moveit_ros_planning/share/moveit_ros_planning/cmake/ConfigExtras.cmake
[112.534s] -- Installing: /home/moveit/install/moveit_ros_planning/share/moveit_ros_planning/cmake/ament_cmake_export_targets-extras.cmake
[112.534s] -- Installing: /home/moveit/install/moveit_ros_planning/share/moveit_ros_planning/cmake/ament_cmake_export_dependencies-extras.cmake
[112.534s] -- Installing: /home/moveit/install/moveit_ros_planning/share/moveit_ros_planning/cmake/moveit_ros_planningConfig.cmake
[112.534s] -- Installing: /home/moveit/install/moveit_ros_planning/share/moveit_ros_planning/cmake/moveit_ros_planningConfig-version.cmake
[112.534s] -- Installing: /home/moveit/install/moveit_ros_planning/share/moveit_ros_planning/package.xml
[112.538s] Invoked command in '/home/moveit/build/moveit_ros_planning' returned '0': AMENT_PREFIX_PATH=/home/moveit/install/moveit_ros_occupancy_map_monitor:/home/moveit/install/moveit_core:/home/moveit/install/moveit_resources_panda_moveit_config:/home/moveit/install/moveit_resources_panda_description:/home/moveit/install/moveit_msgs:/home/moveit/install/moveit_common:${AMENT_PREFIX_PATH} CMAKE_PREFIX_PATH=/home/moveit/install/moveit_ros_occupancy_map_monitor:/home/moveit/install/moveit_core:/home/moveit/install/moveit_resources_panda_moveit_config:/home/moveit/install/moveit_resources_panda_description:/home/moveit/install/moveit_msgs:/home/moveit/install/moveit_common:/opt/ros/humble LD_LIBRARY_PATH=/home/moveit/install/moveit_ros_occupancy_map_monitor/lib:/home/moveit/install/moveit_core/lib:/home/moveit/install/moveit_msgs/lib:${LD_LIBRARY_PATH} PATH=/home/moveit/install/moveit_core/bin:${PATH} PYTHONPATH=/home/moveit/install/moveit_msgs/local/lib/python3.10/dist-packages:${PYTHONPATH} /usr/bin/cmake --install /home/moveit/build/moveit_ros_planning
