[0.561s] Invoking command in '/home/humble_ws/src/antworker_description': PYTHONPATH=/home/humble_ws/build/antworker_description/prefix_override:/home/humble_ws/install/antworker_description/lib/python3.10/site-packages:${PYTHONPATH} /usr/bin/python3 -W ignore:setup.py install is deprecated setup.py egg_info --egg-base ../../build/antworker_description build --build-base /home/humble_ws/build/antworker_description/build install --record /home/humble_ws/build/antworker_description/install.log --single-version-externally-managed install_data
[0.752s] running egg_info
[0.752s] creating ../../build/antworker_description/antworker_description.egg-info
[0.753s] writing ../../build/antworker_description/antworker_description.egg-info/PKG-INFO
[0.753s] writing dependency_links to ../../build/antworker_description/antworker_description.egg-info/dependency_links.txt
[0.753s] writing entry points to ../../build/antworker_description/antworker_description.egg-info/entry_points.txt
[0.753s] writing requirements to ../../build/antworker_description/antworker_description.egg-info/requires.txt
[0.753s] writing top-level names to ../../build/antworker_description/antworker_description.egg-info/top_level.txt
[0.753s] writing manifest file '../../build/antworker_description/antworker_description.egg-info/SOURCES.txt'
[0.755s] reading manifest file '../../build/antworker_description/antworker_description.egg-info/SOURCES.txt'
[0.755s] writing manifest file '../../build/antworker_description/antworker_description.egg-info/SOURCES.txt'
[0.756s] running build
[0.756s] running build_py
[0.756s] creating /home/humble_ws/build/antworker_description/build
[0.756s] creating /home/humble_ws/build/antworker_description/build/lib
[0.756s] creating /home/humble_ws/build/antworker_description/build/lib/description
[0.756s] copying description/__init__.py -> /home/humble_ws/build/antworker_description/build/lib/description
[0.756s] running install
[0.756s] running install_lib
[0.757s] creating /home/humble_ws/install/antworker_description/lib/python3.10/site-packages/description
[0.757s] copying /home/humble_ws/build/antworker_description/build/lib/description/__init__.py -> /home/humble_ws/install/antworker_description/lib/python3.10/site-packages/description
[0.757s] byte-compiling /home/humble_ws/install/antworker_description/lib/python3.10/site-packages/description/__init__.py to __init__.cpython-310.pyc
[0.758s] running install_data
[0.758s] creating /home/humble_ws/install/antworker_description/share/ament_index
[0.758s] creating /home/humble_ws/install/antworker_description/share/ament_index/resource_index
[0.758s] creating /home/humble_ws/install/antworker_description/share/ament_index/resource_index/packages
[0.758s] copying resource/antworker_description -> /home/humble_ws/install/antworker_description/share/ament_index/resource_index/packages
[0.758s] copying package.xml -> /home/humble_ws/install/antworker_description/share/antworker_description
[0.758s] creating /home/humble_ws/install/antworker_description/share/antworker_description/description
[0.758s] creating /home/humble_ws/install/antworker_description/share/antworker_description/description/combined
[0.758s] copying description/combined/worker_with_arm.urdf -> /home/humble_ws/install/antworker_description/share/antworker_description/description/combined
[0.759s] creating /home/humble_ws/install/antworker_description/share/antworker_description/description/arm
[0.759s] creating /home/humble_ws/install/antworker_description/share/antworker_description/description/arm/meshes
[0.759s] copying description/arm/meshes/bracelet_with_vision_link.obj -> /home/humble_ws/install/antworker_description/share/antworker_description/description/arm/meshes
[0.765s] copying description/arm/meshes/bicep_link.STL -> /home/humble_ws/install/antworker_description/share/antworker_description/description/arm/meshes
[0.766s] copying description/arm/meshes/spherical_wrist_2_link.STL -> /home/humble_ws/install/antworker_description/share/antworker_description/description/arm/meshes
[0.766s] copying description/arm/meshes/bracelet_no_vision_link.obj -> /home/humble_ws/install/antworker_description/share/antworker_description/description/arm/meshes
[0.769s] copying description/arm/meshes/bracelet_with_vision_link.STL -> /home/humble_ws/install/antworker_description/share/antworker_description/description/arm/meshes
[0.772s] copying description/arm/meshes/base_link.obj -> /home/humble_ws/install/antworker_description/share/antworker_description/description/arm/meshes
[0.772s] copying description/arm/meshes/shoulder_link.obj -> /home/humble_ws/install/antworker_description/share/antworker_description/description/arm/meshes
[0.773s] copying description/arm/meshes/forearm_link.STL -> /home/humble_ws/install/antworker_description/share/antworker_description/description/arm/meshes
[0.774s] copying description/arm/meshes/spherical_wrist_2_link.obj -> /home/humble_ws/install/antworker_description/share/antworker_description/description/arm/meshes
[0.775s] copying description/arm/meshes/spherical_wrist_1_link.obj -> /home/humble_ws/install/antworker_description/share/antworker_description/description/arm/meshes
[0.776s] copying description/arm/meshes/forearm_link.obj -> /home/humble_ws/install/antworker_description/share/antworker_description/description/arm/meshes
[0.777s] copying description/arm/meshes/bicep_link.obj -> /home/humble_ws/install/antworker_description/share/antworker_description/description/arm/meshes
[0.778s] copying description/arm/meshes/shoulder_link.STL -> /home/humble_ws/install/antworker_description/share/antworker_description/description/arm/meshes
[0.779s] copying description/arm/meshes/bracelet_no_vision_link.STL -> /home/humble_ws/install/antworker_description/share/antworker_description/description/arm/meshes
[0.781s] copying description/arm/meshes/spherical_wrist_1_link.STL -> /home/humble_ws/install/antworker_description/share/antworker_description/description/arm/meshes
[0.781s] copying description/arm/meshes/base_link.STL -> /home/humble_ws/install/antworker_description/share/antworker_description/description/arm/meshes
[0.782s] creating /home/humble_ws/install/antworker_description/share/antworker_description/description/base
[0.782s] creating /home/humble_ws/install/antworker_description/share/antworker_description/description/base/meshes
[0.782s] copying description/base/meshes/body.stl -> /home/humble_ws/install/antworker_description/share/antworker_description/description/base/meshes
[0.783s] copying description/base/meshes/antworker_chassis_collision.stl -> /home/humble_ws/install/antworker_description/share/antworker_description/description/base/meshes
[0.783s] copying description/base/meshes/wheel_b.dae -> /home/humble_ws/install/antworker_description/share/antworker_description/description/base/meshes
[0.783s] copying description/base/meshes/antworker_chassis.dae -> /home/humble_ws/install/antworker_description/share/antworker_description/description/base/meshes
[0.786s] copying description/base/meshes/worker_chassis.stl -> /home/humble_ws/install/antworker_description/share/antworker_description/description/base/meshes
[0.788s] copying description/base/meshes/wheel_a.dae -> /home/humble_ws/install/antworker_description/share/antworker_description/description/base/meshes
[0.789s] running install_egg_info
[0.790s] Copying ../../build/antworker_description/antworker_description.egg-info to /home/humble_ws/install/antworker_description/lib/python3.10/site-packages/antworker_description-0.0.0-py3.10.egg-info
[0.791s] running install_scripts
[0.809s] writing list of installed files to '/home/humble_ws/build/antworker_description/install.log'
[0.828s] Invoked command in '/home/humble_ws/src/antworker_description' returned '0': PYTHONPATH=/home/humble_ws/build/antworker_description/prefix_override:/home/humble_ws/install/antworker_description/lib/python3.10/site-packages:${PYTHONPATH} /usr/bin/python3 -W ignore:setup.py install is deprecated setup.py egg_info --egg-base ../../build/antworker_description build --build-base /home/humble_ws/build/antworker_description/build install --record /home/humble_ws/build/antworker_description/install.log --single-version-externally-managed install_data
