[0.000000] (-) TimerEvent: {}
[0.000088] (gui) JobQueued: {'identifier': 'gui', 'dependencies': OrderedDict()}
[0.000120] (simulator) JobQueued: {'identifier': 'simulator', 'dependencies': OrderedDict()}
[0.000141] (gui) JobStarted: {'identifier': 'gui'}
[0.006627] (simulator) JobStarted: {'identifier': 'simulator'}
[0.099418] (-) TimerEvent: {}
[0.199600] (-) TimerEvent: {}
[0.300066] (-) TimerEvent: {}
[0.400250] (-) TimerEvent: {}
[0.500437] (-) TimerEvent: {}
[0.600626] (-) TimerEvent: {}
[0.602588] (simulator) Command: {'cmd': ['/usr/bin/python3', '-W', 'ignore:setup.py install is deprecated', 'setup.py', 'develop', '--editable', '--build-directory', '/ros2_ws/build/simulator/build', '--no-deps', 'symlink_data'], 'cwd': '/ros2_ws/build/simulator', 'env': {'HOSTNAME': 'keenan-Legion-5-15ACH6', 'SHLVL': '1', 'LD_LIBRARY_PATH': '/opt/ros/humble/lib/x86_64-linux-gnu:/opt/ros/humble/lib', 'HOME': '/root', 'ROS_PYTHON_VERSION': '3', 'ROS_DISTRO': 'humble', '_': '/usr/bin/colcon', 'ROS_VERSION': '2', 'ROS_LOCALHOST_ONLY': '0', 'PATH': '/opt/ros/humble/bin:/usr/local/sbin:/usr/local/bin:/usr/sbin:/usr/bin:/sbin:/bin', 'LANG': 'C.UTF-8', 'ROS_DOMAIN_ID': '1', 'AMENT_PREFIX_PATH': '/opt/ros/humble', 'PWD': '/ros2_ws/build/simulator', 'LC_ALL': 'C.UTF-8', 'PYTHONPATH': '/ros2_ws/build/simulator/prefix_override:/usr/lib/python3/dist-packages/colcon_core/task/python/colcon_distutils_commands:/ros2_ws/install/simulator/lib/python3.10/site-packages:/opt/ros/humble/lib/python3.10/site-packages:/opt/ros/humble/local/lib/python3.10/dist-packages', 'COLCON': '1'}, 'shell': False}
[0.603721] (gui) Command: {'cmd': ['/usr/bin/python3', '-W', 'ignore:setup.py install is deprecated', 'setup.py', 'develop', '--editable', '--build-directory', '/ros2_ws/build/gui/build', '--no-deps', 'symlink_data'], 'cwd': '/ros2_ws/build/gui', 'env': {'HOSTNAME': 'keenan-Legion-5-15ACH6', 'SHLVL': '1', 'LD_LIBRARY_PATH': '/opt/ros/humble/lib/x86_64-linux-gnu:/opt/ros/humble/lib', 'HOME': '/root', 'ROS_PYTHON_VERSION': '3', 'ROS_DISTRO': 'humble', '_': '/usr/bin/colcon', 'ROS_VERSION': '2', 'ROS_LOCALHOST_ONLY': '0', 'PATH': '/opt/ros/humble/bin:/usr/local/sbin:/usr/local/bin:/usr/sbin:/usr/bin:/sbin:/bin', 'LANG': 'C.UTF-8', 'ROS_DOMAIN_ID': '1', 'AMENT_PREFIX_PATH': '/opt/ros/humble', 'PWD': '/ros2_ws/build/gui', 'LC_ALL': 'C.UTF-8', 'PYTHONPATH': '/ros2_ws/build/gui/prefix_override:/usr/lib/python3/dist-packages/colcon_core/task/python/colcon_distutils_commands:/ros2_ws/install/gui/lib/python3.10/site-packages:/opt/ros/humble/lib/python3.10/site-packages:/opt/ros/humble/local/lib/python3.10/dist-packages', 'COLCON': '1'}, 'shell': False}
[0.700756] (-) TimerEvent: {}
[0.777400] (simulator) StdoutLine: {'line': b'running develop\n'}
[0.781024] (gui) StdoutLine: {'line': b'running develop\n'}
[0.800842] (-) TimerEvent: {}
[0.862365] (simulator) StdoutLine: {'line': b'running egg_info\n'}
[0.862667] (simulator) StdoutLine: {'line': b'writing simulator.egg-info/PKG-INFO\n'}
[0.862817] (simulator) StdoutLine: {'line': b'writing dependency_links to simulator.egg-info/dependency_links.txt\n'}
[0.862918] (simulator) StdoutLine: {'line': b'writing entry points to simulator.egg-info/entry_points.txt\n'}
[0.863039] (simulator) StdoutLine: {'line': b'writing requirements to simulator.egg-info/requires.txt\n'}
[0.863100] (simulator) StdoutLine: {'line': b'writing top-level names to simulator.egg-info/top_level.txt\n'}
[0.864253] (simulator) StdoutLine: {'line': b"reading manifest file 'simulator.egg-info/SOURCES.txt'\n"}
[0.864817] (simulator) StdoutLine: {'line': b"writing manifest file 'simulator.egg-info/SOURCES.txt'\n"}
[0.865762] (simulator) StdoutLine: {'line': b'running build_ext\n'}
[0.865924] (simulator) StdoutLine: {'line': b'Creating /ros2_ws/install/simulator/lib/python3.10/site-packages/simulator.egg-link (link to .)\n'}
[0.866455] (gui) StdoutLine: {'line': b'running egg_info\n'}
[0.866588] (simulator) StdoutLine: {'line': b'Installing simulator_node script to /ros2_ws/install/simulator/lib/simulator\n'}
[0.866714] (gui) StdoutLine: {'line': b'writing gui.egg-info/PKG-INFO\n'}
[0.866826] (simulator) StdoutLine: {'line': b'\n'}
[0.866894] (simulator) StdoutLine: {'line': b'Installed /ros2_ws/build/simulator\n'}
[0.867004] (gui) StdoutLine: {'line': b'writing dependency_links to gui.egg-info/dependency_links.txt\n'}
[0.867067] (simulator) StdoutLine: {'line': b'running symlink_data\n'}
[0.867173] (gui) StdoutLine: {'line': b'writing entry points to gui.egg-info/entry_points.txt\n'}
[0.867274] (gui) StdoutLine: {'line': b'writing requirements to gui.egg-info/requires.txt\n'}
[0.867323] (gui) StdoutLine: {'line': b'writing top-level names to gui.egg-info/top_level.txt\n'}
[0.868506] (gui) StdoutLine: {'line': b"reading manifest file 'gui.egg-info/SOURCES.txt'\n"}
[0.869204] (gui) StdoutLine: {'line': b"writing manifest file 'gui.egg-info/SOURCES.txt'\n"}
[0.870208] (gui) StdoutLine: {'line': b'running build_ext\n'}
[0.870361] (gui) StdoutLine: {'line': b'Creating /ros2_ws/install/gui/lib/python3.10/site-packages/gui.egg-link (link to .)\n'}
[0.870988] (gui) StdoutLine: {'line': b'Installing nicegui_node script to /ros2_ws/install/gui/lib/gui\n'}
[0.871201] (gui) StdoutLine: {'line': b'\n'}
[0.871308] (gui) StdoutLine: {'line': b'Installed /ros2_ws/build/gui\n'}
[0.871364] (gui) StdoutLine: {'line': b'running symlink_data\n'}
[0.891056] (simulator) CommandEnded: {'returncode': 0}
[0.900536] (simulator) JobEnded: {'identifier': 'simulator', 'rc': 0}
[0.901644] (-) TimerEvent: {}
[0.901709] (gui) CommandEnded: {'returncode': 0}
[0.906680] (gui) JobEnded: {'identifier': 'gui', 'rc': 0}
[0.907046] (-) EventReactorShutdown: {}
