[0.692s] Invoking command in '/home/humble_ws/src/support_kinova_moveit': PYTHONPATH=/home/humble_ws/build/support_kinova_moveit/prefix_override:/home/humble_ws/install/support_kinova_moveit/lib/python3.10/site-packages:${PYTHONPATH} /usr/bin/python3 -W ignore:setup.py install is deprecated setup.py egg_info --egg-base ../../build/support_kinova_moveit build --build-base /home/humble_ws/build/support_kinova_moveit/build install --record /home/humble_ws/build/support_kinova_moveit/install.log --single-version-externally-managed install_data
[0.864s] running egg_info
[0.864s] creating ../../build/support_kinova_moveit/support_kinova_moveit.egg-info
[0.865s] writing ../../build/support_kinova_moveit/support_kinova_moveit.egg-info/PKG-INFO
[0.865s] writing dependency_links to ../../build/support_kinova_moveit/support_kinova_moveit.egg-info/dependency_links.txt
[0.865s] writing entry points to ../../build/support_kinova_moveit/support_kinova_moveit.egg-info/entry_points.txt
[0.865s] writing requirements to ../../build/support_kinova_moveit/support_kinova_moveit.egg-info/requires.txt
[0.865s] writing top-level names to ../../build/support_kinova_moveit/support_kinova_moveit.egg-info/top_level.txt
[0.865s] writing manifest file '../../build/support_kinova_moveit/support_kinova_moveit.egg-info/SOURCES.txt'
[0.867s] reading manifest file '../../build/support_kinova_moveit/support_kinova_moveit.egg-info/SOURCES.txt'
[0.868s] writing manifest file '../../build/support_kinova_moveit/support_kinova_moveit.egg-info/SOURCES.txt'
[0.868s] running build
[0.868s] running build_py
[0.868s] creating /home/humble_ws/build/support_kinova_moveit/build
[0.868s] creating /home/humble_ws/build/support_kinova_moveit/build/lib
[0.868s] creating /home/humble_ws/build/support_kinova_moveit/build/lib/support_kinova_moveit
[0.868s] copying support_kinova_moveit/joint_forwarder.py -> /home/humble_ws/build/support_kinova_moveit/build/lib/support_kinova_moveit
[0.869s] copying support_kinova_moveit/moveit_test.launch.py -> /home/humble_ws/build/support_kinova_moveit/build/lib/support_kinova_moveit
[0.869s] copying support_kinova_moveit/joint_command_forwarder.py -> /home/humble_ws/build/support_kinova_moveit/build/lib/support_kinova_moveit
[0.869s] copying support_kinova_moveit/__init__.py -> /home/humble_ws/build/support_kinova_moveit/build/lib/support_kinova_moveit
[0.869s] running install
[0.869s] running install_lib
[0.870s] creating /home/humble_ws/install/support_kinova_moveit/lib/python3.10/site-packages/support_kinova_moveit
[0.870s] copying /home/humble_ws/build/support_kinova_moveit/build/lib/support_kinova_moveit/joint_forwarder.py -> /home/humble_ws/install/support_kinova_moveit/lib/python3.10/site-packages/support_kinova_moveit
[0.871s] copying /home/humble_ws/build/support_kinova_moveit/build/lib/support_kinova_moveit/moveit_test.launch.py -> /home/humble_ws/install/support_kinova_moveit/lib/python3.10/site-packages/support_kinova_moveit
[0.871s] copying /home/humble_ws/build/support_kinova_moveit/build/lib/support_kinova_moveit/joint_command_forwarder.py -> /home/humble_ws/install/support_kinova_moveit/lib/python3.10/site-packages/support_kinova_moveit
[0.871s] copying /home/humble_ws/build/support_kinova_moveit/build/lib/support_kinova_moveit/__init__.py -> /home/humble_ws/install/support_kinova_moveit/lib/python3.10/site-packages/support_kinova_moveit
[0.871s] byte-compiling /home/humble_ws/install/support_kinova_moveit/lib/python3.10/site-packages/support_kinova_moveit/joint_forwarder.py to joint_forwarder.cpython-310.pyc
[0.872s] byte-compiling /home/humble_ws/install/support_kinova_moveit/lib/python3.10/site-packages/support_kinova_moveit/moveit_test.launch.py to moveit_test.launch.cpython-310.pyc
[0.872s] byte-compiling /home/humble_ws/install/support_kinova_moveit/lib/python3.10/site-packages/support_kinova_moveit/joint_command_forwarder.py to joint_command_forwarder.cpython-310.pyc
[0.873s] byte-compiling /home/humble_ws/install/support_kinova_moveit/lib/python3.10/site-packages/support_kinova_moveit/__init__.py to __init__.cpython-310.pyc
[0.873s] running install_data
[0.873s] creating /home/humble_ws/install/support_kinova_moveit/share/ament_index
[0.873s] creating /home/humble_ws/install/support_kinova_moveit/share/ament_index/resource_index
[0.873s] creating /home/humble_ws/install/support_kinova_moveit/share/ament_index/resource_index/packages
[0.873s] copying resource/support_kinova_moveit -> /home/humble_ws/install/support_kinova_moveit/share/ament_index/resource_index/packages
[0.873s] copying package.xml -> /home/humble_ws/install/support_kinova_moveit/share/support_kinova_moveit
[0.874s] creating /home/humble_ws/install/support_kinova_moveit/share/support_kinova_moveit/launch
[0.874s] copying launch/moveit_test.launch.py -> /home/humble_ws/install/support_kinova_moveit/share/support_kinova_moveit/launch
[0.874s] running install_egg_info
[0.877s] Copying ../../build/support_kinova_moveit/support_kinova_moveit.egg-info to /home/humble_ws/install/support_kinova_moveit/lib/python3.10/site-packages/support_kinova_moveit-0.0.0-py3.10.egg-info
[0.878s] running install_scripts
[0.900s] Installing joint_command_forwarder script to /home/humble_ws/install/support_kinova_moveit/lib/support_kinova_moveit
[0.900s] Installing joint_forwarder script to /home/humble_ws/install/support_kinova_moveit/lib/support_kinova_moveit
[0.900s] writing list of installed files to '/home/humble_ws/build/support_kinova_moveit/install.log'
[0.923s] Invoked command in '/home/humble_ws/src/support_kinova_moveit' returned '0': PYTHONPATH=/home/humble_ws/build/support_kinova_moveit/prefix_override:/home/humble_ws/install/support_kinova_moveit/lib/python3.10/site-packages:${PYTHONPATH} /usr/bin/python3 -W ignore:setup.py install is deprecated setup.py egg_info --egg-base ../../build/support_kinova_moveit build --build-base /home/humble_ws/build/support_kinova_moveit/build install --record /home/humble_ws/build/support_kinova_moveit/install.log --single-version-externally-managed install_data
