[0.010s] Invoking command in '/home/kortex_ws/build/hardware_interface': AMENT_PREFIX_PATH=/home/kortex_ws/install/ros2_control_test_assets:/home/kortex_ws/install/control_msgs:${AMENT_PREFIX_PATH} CMAKE_PREFIX_PATH=/home/kortex_ws/install/ros2_control_test_assets:/home/kortex_ws/install/control_msgs:/opt/ros/humble LD_LIBRARY_PATH=/home/kortex_ws/install/control_msgs/lib:${LD_LIBRARY_PATH} PYTHONPATH=/home/kortex_ws/install/control_msgs/local/lib/python3.10/dist-packages:${PYTHONPATH} /usr/bin/cmake /home/kortex_ws/src/ros2_control/hardware_interface -DCMAKE_BUILD_TYPE=Release -DCMAKE_INSTALL_PREFIX=/home/kortex_ws/install/hardware_interface
[0.063s] -- The C compiler identification is GNU 11.4.0
[0.119s] -- The CXX compiler identification is GNU 11.4.0
[0.125s] -- Detecting C compiler ABI info
[0.191s] -- Detecting C compiler ABI info - done
[0.196s] -- Check for working C compiler: /usr/bin/cc - skipped
[0.196s] -- Detecting C compile features
[0.196s] -- Detecting C compile features - done
[0.199s] -- Detecting CXX compiler ABI info
[0.271s] -- Detecting CXX compiler ABI info - done
[0.277s] -- Check for working CXX compiler: /usr/bin/c++ - skipped
[0.277s] -- Detecting CXX compile features
[0.277s] -- Detecting CXX compile features - done
[0.281s] -- Found ament_cmake: 1.3.8 (/opt/ros/humble/share/ament_cmake/cmake)
[0.408s] -- Found Python3: /usr/bin/python3 (found version "3.10.12") found components: Interpreter 
[0.496s] -- Found control_msgs: 4.6.0 (/home/kortex_ws/install/control_msgs/share/control_msgs/cmake)
[0.545s] -- Found rosidl_generator_c: 3.1.5 (/opt/ros/humble/share/rosidl_generator_c/cmake)
[0.552s] -- Found rosidl_adapter: 3.1.5 (/opt/ros/humble/share/rosidl_adapter/cmake)
[0.562s] -- Found rosidl_generator_cpp: 3.1.5 (/opt/ros/humble/share/rosidl_generator_cpp/cmake)
[0.576s] -- Using all available rosidl_typesupport_c: rosidl_typesupport_fastrtps_c;rosidl_typesupport_introspection_c
[0.597s] -- Using all available rosidl_typesupport_cpp: rosidl_typesupport_fastrtps_cpp;rosidl_typesupport_introspection_cpp
[1.046s] -- Found lifecycle_msgs: 1.2.1 (/opt/ros/humble/share/lifecycle_msgs/cmake)
[1.062s] -- Found pluginlib: 5.1.0 (/opt/ros/humble/share/pluginlib/cmake)
[1.104s] -- Found rclcpp_lifecycle: 16.0.8 (/opt/ros/humble/share/rclcpp_lifecycle/cmake)
[1.169s] -- Found rmw_implementation_cmake: 6.1.1 (/opt/ros/humble/share/rmw_implementation_cmake/cmake)
[1.172s] -- Found rmw_fastrtps_cpp: 6.2.6 (/opt/ros/humble/share/rmw_fastrtps_cpp/cmake)
[1.210s] -- Found TinyXML2 via Config file: TinyXML2_DIR-NOTFOUND
[1.263s] -- Found OpenSSL: /usr/lib/x86_64-linux-gnu/libcrypto.so (found version "3.0.2")  
[1.265s] -- Found TinyXML2 via Config file: TinyXML2_DIR-NOTFOUND
[1.277s] -- Found FastRTPS: /opt/ros/humble/include  
[1.285s] -- Found TinyXML2 via Config file: TinyXML2_DIR-NOTFOUND
[1.293s] -- Found TinyXML2 via Config file: TinyXML2_DIR-NOTFOUND
[1.302s] -- Using RMW implementation 'rmw_fastrtps_cpp' as default
[1.315s] -- Looking for pthread.h
[1.381s] -- Looking for pthread.h - found
[1.381s] -- Performing Test CMAKE_HAVE_LIBC_PTHREAD
[1.446s] -- Performing Test CMAKE_HAVE_LIBC_PTHREAD - Success
[1.447s] -- Found Threads: TRUE  
[1.568s] -- Found TinyXML2 via Config file: TinyXML2_DIR-NOTFOUND
[1.573s] -- Found ament_cmake_gmock: 1.3.8 (/opt/ros/humble/share/ament_cmake_gmock/cmake)
[1.573s] -- Found ros2_control_test_assets: 2.41.0 (/home/kortex_ws/install/ros2_control_test_assets/share/ros2_control_test_assets/cmake)
[1.577s] -- Found gmock sources under '/opt/ros/humble/src/gmock_vendor': C++ tests using 'Google Mock' will be built
[1.584s] -- Found ament_cmake_gtest: 1.3.8 (/opt/ros/humble/share/ament_cmake_gtest/cmake)
[1.584s] -- Found gtest sources under '/opt/ros/humble/src/gtest_vendor': C++ tests using 'Google Test' will be built
[1.646s] -- Configuring done
[1.695s] -- Generating done
[1.698s] -- Build files have been written to: /home/kortex_ws/build/hardware_interface
[1.711s] Invoked command in '/home/kortex_ws/build/hardware_interface' returned '0': AMENT_PREFIX_PATH=/home/kortex_ws/install/ros2_control_test_assets:/home/kortex_ws/install/control_msgs:${AMENT_PREFIX_PATH} CMAKE_PREFIX_PATH=/home/kortex_ws/install/ros2_control_test_assets:/home/kortex_ws/install/control_msgs:/opt/ros/humble LD_LIBRARY_PATH=/home/kortex_ws/install/control_msgs/lib:${LD_LIBRARY_PATH} PYTHONPATH=/home/kortex_ws/install/control_msgs/local/lib/python3.10/dist-packages:${PYTHONPATH} /usr/bin/cmake /home/kortex_ws/src/ros2_control/hardware_interface -DCMAKE_BUILD_TYPE=Release -DCMAKE_INSTALL_PREFIX=/home/kortex_ws/install/hardware_interface
[1.712s] Invoking command in '/home/kortex_ws/build/hardware_interface': AMENT_PREFIX_PATH=/home/kortex_ws/install/ros2_control_test_assets:/home/kortex_ws/install/control_msgs:${AMENT_PREFIX_PATH} CMAKE_PREFIX_PATH=/home/kortex_ws/install/ros2_control_test_assets:/home/kortex_ws/install/control_msgs:/opt/ros/humble LD_LIBRARY_PATH=/home/kortex_ws/install/control_msgs/lib:${LD_LIBRARY_PATH} PYTHONPATH=/home/kortex_ws/install/control_msgs/local/lib/python3.10/dist-packages:${PYTHONPATH} /usr/bin/cmake --build /home/kortex_ws/build/hardware_interface -- -j16 -l16
[1.762s] [ 14%] [32mBuilding CXX object gmock/CMakeFiles/gmock.dir/opt/ros/humble/src/gtest_vendor/src/gtest-all.cc.o[0m
[1.762s] [ 14%] [32mBuilding CXX object CMakeFiles/hardware_interface.dir/src/sensor.cpp.o[0m
[1.762s] [ 14%] [32mBuilding CXX object CMakeFiles/hardware_interface.dir/src/component_parser.cpp.o[0m
[1.762s] [ 14%] [32mBuilding CXX object CMakeFiles/hardware_interface.dir/src/actuator.cpp.o[0m
[1.762s] [ 14%] [32mBuilding CXX object CMakeFiles/hardware_interface.dir/src/system.cpp.o[0m
[1.762s] [ 17%] [32mBuilding CXX object gmock/CMakeFiles/gmock_main.dir/src/gmock_main.cc.o[0m
[1.762s] [ 20%] [32mBuilding CXX object gmock/CMakeFiles/gmock.dir/src/gmock-all.cc.o[0m
[1.762s] [ 23%] [32mBuilding CXX object CMakeFiles/hardware_interface.dir/src/resource_manager.cpp.o[0m
[1.763s] [ 26%] [32mBuilding CXX object CMakeFiles/hardware_interface.dir/src/lexical_casts.cpp.o[0m
[3.501s] [ 29%] [32m[1mLinking CXX static library libgmock_main.a[0m
[3.595s] [ 29%] Built target gmock_main
[8.135s] [ 32%] [32m[1mLinking CXX static library libgmock.a[0m
[8.204s] [ 32%] Built target gmock
[8.224s] [ 35%] [32mBuilding CXX object CMakeFiles/test_macros.dir/test/test_macros.cpp.o[0m
[9.299s] [ 38%] [32m[1mLinking CXX executable test_macros[0m
[9.377s] [ 38%] Built target test_macros
[10.707s] [ 41%] [32m[1mLinking CXX shared library libhardware_interface.so[0m
[10.819s] [ 41%] Built target hardware_interface
[10.840s] [ 50%] [32mBuilding CXX object CMakeFiles/test_inst_hardwares.dir/test/test_inst_hardwares.cpp.o[0m
[10.841s] [ 50%] [32mBuilding CXX object CMakeFiles/fake_components.dir/src/mock_components/generic_system.cpp.o[0m
[10.841s] [ 50%] [32mBuilding CXX object CMakeFiles/mock_components.dir/src/mock_components/generic_system.cpp.o[0m
[10.841s] [ 55%] [32mBuilding CXX object CMakeFiles/test_component_parser.dir/test/test_component_parser.cpp.o[0m
[10.841s] [ 55%] [32mBuilding CXX object CMakeFiles/fake_components.dir/src/mock_components/fake_generic_system.cpp.o[0m
[10.841s] [ 58%] [32mBuilding CXX object CMakeFiles/test_joint_handle.dir/test/test_handle.cpp.o[0m
[10.841s] [ 61%] [32mBuilding CXX object CMakeFiles/test_generic_system.dir/test/mock_components/test_generic_system.cpp.o[0m
[10.843s] [ 67%] [32mBuilding CXX object CMakeFiles/test_hardware_components.dir/test/test_hardware_components/test_system_with_command_modes.cpp.o[0m
[10.843s] [ 67%] [32mBuilding CXX object CMakeFiles/test_hardware_components.dir/test/test_hardware_components/test_single_joint_actuator.cpp.o[0m
[10.843s] [ 70%] [32mBuilding CXX object CMakeFiles/test_component_interfaces.dir/test/test_component_interfaces.cpp.o[0m
[10.843s] [ 76%] [32mBuilding CXX object CMakeFiles/test_hardware_components.dir/test/test_hardware_components/test_two_joint_system.cpp.o[0m
[10.843s] [ 76%] [32mBuilding CXX object CMakeFiles/test_hardware_components.dir/test/test_hardware_components/test_force_torque_sensor.cpp.o[0m
[13.557s] [ 79%] [32m[1mLinking CXX executable test_inst_hardwares[0m
[13.749s] [ 82%] [32m[1mLinking CXX executable test_joint_handle[0m
[13.880s] [ 82%] Built target test_inst_hardwares
[14.055s] [ 82%] Built target test_joint_handle
[14.393s] [ 85%] [32m[1mLinking CXX shared library libtest_hardware_components.so[0m
[14.544s] [ 85%] Built target test_hardware_components
[14.639s] [ 88%] [32m[1mLinking CXX shared library libmock_components.so[0m
[14.707s] [ 91%] [32m[1mLinking CXX shared library libfake_components.so[0m
[14.781s] [ 91%] Built target mock_components
[14.841s] [ 91%] Built target fake_components
[17.363s] [ 94%] [32m[1mLinking CXX executable test_component_interfaces[0m
[17.509s] [ 94%] Built target test_component_interfaces
[18.749s] [ 97%] [32m[1mLinking CXX executable test_component_parser[0m
[18.895s] [ 97%] Built target test_component_parser
[21.458s] [100%] [32m[1mLinking CXX executable test_generic_system[0m
[21.582s] [100%] Built target test_generic_system
[21.593s] Invoked command in '/home/kortex_ws/build/hardware_interface' returned '0': AMENT_PREFIX_PATH=/home/kortex_ws/install/ros2_control_test_assets:/home/kortex_ws/install/control_msgs:${AMENT_PREFIX_PATH} CMAKE_PREFIX_PATH=/home/kortex_ws/install/ros2_control_test_assets:/home/kortex_ws/install/control_msgs:/opt/ros/humble LD_LIBRARY_PATH=/home/kortex_ws/install/control_msgs/lib:${LD_LIBRARY_PATH} PYTHONPATH=/home/kortex_ws/install/control_msgs/local/lib/python3.10/dist-packages:${PYTHONPATH} /usr/bin/cmake --build /home/kortex_ws/build/hardware_interface -- -j16 -l16
[21.664s] Invoking command in '/home/kortex_ws/build/hardware_interface': AMENT_PREFIX_PATH=/home/kortex_ws/install/ros2_control_test_assets:/home/kortex_ws/install/control_msgs:${AMENT_PREFIX_PATH} CMAKE_PREFIX_PATH=/home/kortex_ws/install/ros2_control_test_assets:/home/kortex_ws/install/control_msgs:/opt/ros/humble LD_LIBRARY_PATH=/home/kortex_ws/install/control_msgs/lib:${LD_LIBRARY_PATH} PYTHONPATH=/home/kortex_ws/install/control_msgs/local/lib/python3.10/dist-packages:${PYTHONPATH} /usr/bin/cmake --install /home/kortex_ws/build/hardware_interface
[21.671s] -- Install configuration: "Release"
[21.671s] -- Installing: /home/kortex_ws/install/hardware_interface/share/hardware_interface/mock_components_plugin_description.xml
[21.671s] -- Installing: /home/kortex_ws/install/hardware_interface/share/hardware_interface/fake_components_plugin_description.xml
[21.671s] -- Installing: /home/kortex_ws/install/hardware_interface/include
[21.671s] -- Installing: /home/kortex_ws/install/hardware_interface/include/fake_components
[21.671s] -- Installing: /home/kortex_ws/install/hardware_interface/include/fake_components/generic_system.hpp
[21.672s] -- Installing: /home/kortex_ws/install/hardware_interface/include/fake_components/visibility_control.h
[21.672s] -- Installing: /home/kortex_ws/install/hardware_interface/include/mock_components
[21.672s] -- Installing: /home/kortex_ws/install/hardware_interface/include/mock_components/generic_system.hpp
[21.672s] -- Installing: /home/kortex_ws/install/hardware_interface/include/mock_components/visibility_control.h
[21.672s] -- Installing: /home/kortex_ws/install/hardware_interface/include/hardware_interface
[21.672s] -- Installing: /home/kortex_ws/install/hardware_interface/include/hardware_interface/hardware_info.hpp
[21.672s] -- Installing: /home/kortex_ws/install/hardware_interface/include/hardware_interface/actuator.hpp
[21.672s] -- Installing: /home/kortex_ws/install/hardware_interface/include/hardware_interface/macros.hpp
[21.672s] -- Installing: /home/kortex_ws/install/hardware_interface/include/hardware_interface/component_parser.hpp
[21.672s] -- Installing: /home/kortex_ws/install/hardware_interface/include/hardware_interface/visibility_control.h
[21.672s] -- Installing: /home/kortex_ws/install/hardware_interface/include/hardware_interface/hardware_component_info.hpp
[21.673s] -- Installing: /home/kortex_ws/install/hardware_interface/include/hardware_interface/sensor.hpp
[21.673s] -- Installing: /home/kortex_ws/install/hardware_interface/include/hardware_interface/system_interface.hpp
[21.673s] -- Installing: /home/kortex_ws/install/hardware_interface/include/hardware_interface/resource_manager.hpp
[21.673s] -- Installing: /home/kortex_ws/install/hardware_interface/include/hardware_interface/controller_info.hpp
[21.673s] -- Installing: /home/kortex_ws/install/hardware_interface/include/hardware_interface/loaned_command_interface.hpp
[21.673s] -- Installing: /home/kortex_ws/install/hardware_interface/include/hardware_interface/types
[21.673s] -- Installing: /home/kortex_ws/install/hardware_interface/include/hardware_interface/types/hardware_interface_type_values.hpp
[21.673s] -- Installing: /home/kortex_ws/install/hardware_interface/include/hardware_interface/types/lifecycle_state_names.hpp
[21.673s] -- Installing: /home/kortex_ws/install/hardware_interface/include/hardware_interface/types/hardware_interface_return_values.hpp
[21.674s] -- Installing: /home/kortex_ws/install/hardware_interface/include/hardware_interface/handle.hpp
[21.674s] -- Installing: /home/kortex_ws/install/hardware_interface/include/hardware_interface/lexical_casts.hpp
[21.674s] -- Installing: /home/kortex_ws/install/hardware_interface/include/hardware_interface/actuator_interface.hpp
[21.674s] -- Installing: /home/kortex_ws/install/hardware_interface/include/hardware_interface/sensor_interface.hpp
[21.674s] -- Installing: /home/kortex_ws/install/hardware_interface/include/hardware_interface/system.hpp
[21.674s] -- Installing: /home/kortex_ws/install/hardware_interface/include/hardware_interface/loaned_state_interface.hpp
[21.674s] -- Installing: /home/kortex_ws/install/hardware_interface/lib/libfake_components.so
[21.675s] -- Set runtime path of "/home/kortex_ws/install/hardware_interface/lib/libfake_components.so" to ""
[21.675s] -- Installing: /home/kortex_ws/install/hardware_interface/lib/libmock_components.so
[21.675s] -- Set runtime path of "/home/kortex_ws/install/hardware_interface/lib/libmock_components.so" to ""
[21.676s] -- Installing: /home/kortex_ws/install/hardware_interface/lib/libhardware_interface.so
[21.677s] -- Set runtime path of "/home/kortex_ws/install/hardware_interface/lib/libhardware_interface.so" to ""
[21.677s] -- Installing: /home/kortex_ws/install/hardware_interface/lib/libtest_hardware_components.so
[21.677s] -- Set runtime path of "/home/kortex_ws/install/hardware_interface/lib/libtest_hardware_components.so" to ""
[21.678s] -- Installing: /home/kortex_ws/install/hardware_interface/share/hardware_interface/test/test_hardware_components/test_hardware_components.xml
[21.678s] -- Installing: /home/kortex_ws/install/hardware_interface/share/hardware_interface/environment/library_path.sh
[21.678s] -- Installing: /home/kortex_ws/install/hardware_interface/share/hardware_interface/environment/library_path.dsv
[21.678s] -- Installing: /home/kortex_ws/install/hardware_interface/share/ament_index/resource_index/package_run_dependencies/hardware_interface
[21.678s] -- Installing: /home/kortex_ws/install/hardware_interface/share/ament_index/resource_index/parent_prefix_path/hardware_interface
[21.678s] -- Installing: /home/kortex_ws/install/hardware_interface/share/hardware_interface/environment/ament_prefix_path.sh
[21.679s] -- Installing: /home/kortex_ws/install/hardware_interface/share/hardware_interface/environment/ament_prefix_path.dsv
[21.679s] -- Installing: /home/kortex_ws/install/hardware_interface/share/hardware_interface/environment/path.sh
[21.679s] -- Installing: /home/kortex_ws/install/hardware_interface/share/hardware_interface/environment/path.dsv
[21.679s] -- Installing: /home/kortex_ws/install/hardware_interface/share/hardware_interface/local_setup.bash
[21.679s] -- Installing: /home/kortex_ws/install/hardware_interface/share/hardware_interface/local_setup.sh
[21.679s] -- Installing: /home/kortex_ws/install/hardware_interface/share/hardware_interface/local_setup.zsh
[21.679s] -- Installing: /home/kortex_ws/install/hardware_interface/share/hardware_interface/local_setup.dsv
[21.679s] -- Installing: /home/kortex_ws/install/hardware_interface/share/hardware_interface/package.dsv
[21.680s] -- Installing: /home/kortex_ws/install/hardware_interface/share/ament_index/resource_index/packages/hardware_interface
[21.680s] -- Installing: /home/kortex_ws/install/hardware_interface/share/ament_index/resource_index/hardware_interface__pluginlib__plugin/hardware_interface
[21.680s] -- Installing: /home/kortex_ws/install/hardware_interface/share/hardware_interface/cmake/ament_cmake_export_include_directories-extras.cmake
[21.680s] -- Installing: /home/kortex_ws/install/hardware_interface/share/hardware_interface/cmake/ament_cmake_export_libraries-extras.cmake
[21.680s] -- Installing: /home/kortex_ws/install/hardware_interface/share/hardware_interface/cmake/ament_cmake_export_dependencies-extras.cmake
[21.680s] -- Installing: /home/kortex_ws/install/hardware_interface/share/hardware_interface/cmake/hardware_interfaceConfig.cmake
[21.680s] -- Installing: /home/kortex_ws/install/hardware_interface/share/hardware_interface/cmake/hardware_interfaceConfig-version.cmake
[21.681s] -- Installing: /home/kortex_ws/install/hardware_interface/share/hardware_interface/package.xml
[21.682s] Invoked command in '/home/kortex_ws/build/hardware_interface' returned '0': AMENT_PREFIX_PATH=/home/kortex_ws/install/ros2_control_test_assets:/home/kortex_ws/install/control_msgs:${AMENT_PREFIX_PATH} CMAKE_PREFIX_PATH=/home/kortex_ws/install/ros2_control_test_assets:/home/kortex_ws/install/control_msgs:/opt/ros/humble LD_LIBRARY_PATH=/home/kortex_ws/install/control_msgs/lib:${LD_LIBRARY_PATH} PYTHONPATH=/home/kortex_ws/install/control_msgs/local/lib/python3.10/dist-packages:${PYTHONPATH} /usr/bin/cmake --install /home/kortex_ws/build/hardware_interface
