/home/humble_ws/install/attempt_py_moveit/lib/python3.10/site-packages/attempt_py_moveit/ee_point_server.py
/home/humble_ws/install/attempt_py_moveit/lib/python3.10/site-packages/attempt_py_moveit/trajectory_server.py
/home/humble_ws/install/attempt_py_moveit/lib/python3.10/site-packages/attempt_py_moveit/__init__.py
/home/humble_ws/install/attempt_py_moveit/lib/python3.10/site-packages/attempt_py_moveit/__pycache__/ee_point_server.cpython-310.pyc
/home/humble_ws/install/attempt_py_moveit/lib/python3.10/site-packages/attempt_py_moveit/__pycache__/trajectory_server.cpython-310.pyc
/home/humble_ws/install/attempt_py_moveit/lib/python3.10/site-packages/attempt_py_moveit/__pycache__/__init__.cpython-310.pyc
/home/humble_ws/install/attempt_py_moveit/share/ament_index/resource_index/packages/attempt_py_moveit
/home/humble_ws/install/attempt_py_moveit/share/attempt_py_moveit/package.xml
/home/humble_ws/install/attempt_py_moveit/share/attempt_py_moveit/launch/tutorial.launch.py
/home/humble_ws/install/attempt_py_moveit/share/attempt_py_moveit/config/moveit_py_params.yaml
/home/humble_ws/install/attempt_py_moveit/share/attempt_py_moveit/config/rviz_config.rviz
/home/humble_ws/install/attempt_py_moveit/lib/python3.10/site-packages/attempt_py_moveit-0.0.0-py3.10.egg-info/requires.txt
/home/humble_ws/install/attempt_py_moveit/lib/python3.10/site-packages/attempt_py_moveit-0.0.0-py3.10.egg-info/SOURCES.txt
/home/humble_ws/install/attempt_py_moveit/lib/python3.10/site-packages/attempt_py_moveit-0.0.0-py3.10.egg-info/zip-safe
/home/humble_ws/install/attempt_py_moveit/lib/python3.10/site-packages/attempt_py_moveit-0.0.0-py3.10.egg-info/dependency_links.txt
/home/humble_ws/install/attempt_py_moveit/lib/python3.10/site-packages/attempt_py_moveit-0.0.0-py3.10.egg-info/top_level.txt
/home/humble_ws/install/attempt_py_moveit/lib/python3.10/site-packages/attempt_py_moveit-0.0.0-py3.10.egg-info/PKG-INFO
/home/humble_ws/install/attempt_py_moveit/lib/python3.10/site-packages/attempt_py_moveit-0.0.0-py3.10.egg-info/entry_points.txt
/home/humble_ws/install/attempt_py_moveit/lib/attempt_py_moveit/ee_point_server
/home/humble_ws/install/attempt_py_moveit/lib/attempt_py_moveit/trajectory_server
