running egg_info
creating ../../build/iron_moveit_ctrl/iron_moveit_ctrl.egg-info
writing ../../build/iron_moveit_ctrl/iron_moveit_ctrl.egg-info/PKG-INFO
writing dependency_links to ../../build/iron_moveit_ctrl/iron_moveit_ctrl.egg-info/dependency_links.txt
writing entry points to ../../build/iron_moveit_ctrl/iron_moveit_ctrl.egg-info/entry_points.txt
writing requirements to ../../build/iron_moveit_ctrl/iron_moveit_ctrl.egg-info/requires.txt
writing top-level names to ../../build/iron_moveit_ctrl/iron_moveit_ctrl.egg-info/top_level.txt
writing manifest file '../../build/iron_moveit_ctrl/iron_moveit_ctrl.egg-info/SOURCES.txt'
reading manifest file '../../build/iron_moveit_ctrl/iron_moveit_ctrl.egg-info/SOURCES.txt'
writing manifest file '../../build/iron_moveit_ctrl/iron_moveit_ctrl.egg-info/SOURCES.txt'
running build
running build_py
creating /home/humble_ws/build/iron_moveit_ctrl/build
creating /home/humble_ws/build/iron_moveit_ctrl/build/lib
creating /home/humble_ws/build/iron_moveit_ctrl/build/lib/iron_moveit_ctrl
copying iron_moveit_ctrl/test_interface.py -> /home/humble_ws/build/iron_moveit_ctrl/build/lib/iron_moveit_ctrl
copying iron_moveit_ctrl/__init__.py -> /home/humble_ws/build/iron_moveit_ctrl/build/lib/iron_moveit_ctrl
running install
running install_lib
creating /home/humble_ws/install/iron_moveit_ctrl/lib/python3.10/site-packages/iron_moveit_ctrl
copying /home/humble_ws/build/iron_moveit_ctrl/build/lib/iron_moveit_ctrl/test_interface.py -> /home/humble_ws/install/iron_moveit_ctrl/lib/python3.10/site-packages/iron_moveit_ctrl
copying /home/humble_ws/build/iron_moveit_ctrl/build/lib/iron_moveit_ctrl/__init__.py -> /home/humble_ws/install/iron_moveit_ctrl/lib/python3.10/site-packages/iron_moveit_ctrl
byte-compiling /home/humble_ws/install/iron_moveit_ctrl/lib/python3.10/site-packages/iron_moveit_ctrl/test_interface.py to test_interface.cpython-310.pyc
byte-compiling /home/humble_ws/install/iron_moveit_ctrl/lib/python3.10/site-packages/iron_moveit_ctrl/__init__.py to __init__.cpython-310.pyc
running install_data
creating /home/humble_ws/install/iron_moveit_ctrl/share/ament_index
creating /home/humble_ws/install/iron_moveit_ctrl/share/ament_index/resource_index
creating /home/humble_ws/install/iron_moveit_ctrl/share/ament_index/resource_index/packages
copying resource/iron_moveit_ctrl -> /home/humble_ws/install/iron_moveit_ctrl/share/ament_index/resource_index/packages
copying package.xml -> /home/humble_ws/install/iron_moveit_ctrl/share/iron_moveit_ctrl
running install_egg_info
Copying ../../build/iron_moveit_ctrl/iron_moveit_ctrl.egg-info to /home/humble_ws/install/iron_moveit_ctrl/lib/python3.10/site-packages/iron_moveit_ctrl-0.0.0-py3.10.egg-info
running install_scripts
writing list of installed files to '/home/humble_ws/build/iron_moveit_ctrl/install.log'
