[0.525s] Invoking command in '/home/humble_ws/src/iron_moveit_ctrl': PYTHONPATH=/home/humble_ws/build/iron_moveit_ctrl/prefix_override:/home/humble_ws/install/iron_moveit_ctrl/lib/python3.10/site-packages:${PYTHONPATH} /usr/bin/python3 -W ignore:setup.py install is deprecated setup.py egg_info --egg-base ../../build/iron_moveit_ctrl build --build-base /home/humble_ws/build/iron_moveit_ctrl/build install --record /home/humble_ws/build/iron_moveit_ctrl/install.log --single-version-externally-managed install_data
[0.711s] running egg_info
[0.711s] creating ../../build/iron_moveit_ctrl/iron_moveit_ctrl.egg-info
[0.711s] writing ../../build/iron_moveit_ctrl/iron_moveit_ctrl.egg-info/PKG-INFO
[0.712s] writing dependency_links to ../../build/iron_moveit_ctrl/iron_moveit_ctrl.egg-info/dependency_links.txt
[0.712s] writing entry points to ../../build/iron_moveit_ctrl/iron_moveit_ctrl.egg-info/entry_points.txt
[0.712s] writing requirements to ../../build/iron_moveit_ctrl/iron_moveit_ctrl.egg-info/requires.txt
[0.712s] writing top-level names to ../../build/iron_moveit_ctrl/iron_moveit_ctrl.egg-info/top_level.txt
[0.712s] writing manifest file '../../build/iron_moveit_ctrl/iron_moveit_ctrl.egg-info/SOURCES.txt'
[0.714s] reading manifest file '../../build/iron_moveit_ctrl/iron_moveit_ctrl.egg-info/SOURCES.txt'
[0.714s] writing manifest file '../../build/iron_moveit_ctrl/iron_moveit_ctrl.egg-info/SOURCES.txt'
[0.715s] running build
[0.715s] running build_py
[0.715s] creating /home/humble_ws/build/iron_moveit_ctrl/build
[0.715s] creating /home/humble_ws/build/iron_moveit_ctrl/build/lib
[0.715s] creating /home/humble_ws/build/iron_moveit_ctrl/build/lib/iron_moveit_ctrl
[0.715s] copying iron_moveit_ctrl/test_interface.py -> /home/humble_ws/build/iron_moveit_ctrl/build/lib/iron_moveit_ctrl
[0.716s] copying iron_moveit_ctrl/__init__.py -> /home/humble_ws/build/iron_moveit_ctrl/build/lib/iron_moveit_ctrl
[0.716s] running install
[0.716s] running install_lib
[0.717s] creating /home/humble_ws/install/iron_moveit_ctrl/lib/python3.10/site-packages/iron_moveit_ctrl
[0.717s] copying /home/humble_ws/build/iron_moveit_ctrl/build/lib/iron_moveit_ctrl/test_interface.py -> /home/humble_ws/install/iron_moveit_ctrl/lib/python3.10/site-packages/iron_moveit_ctrl
[0.717s] copying /home/humble_ws/build/iron_moveit_ctrl/build/lib/iron_moveit_ctrl/__init__.py -> /home/humble_ws/install/iron_moveit_ctrl/lib/python3.10/site-packages/iron_moveit_ctrl
[0.718s] byte-compiling /home/humble_ws/install/iron_moveit_ctrl/lib/python3.10/site-packages/iron_moveit_ctrl/test_interface.py to test_interface.cpython-310.pyc
[0.718s] byte-compiling /home/humble_ws/install/iron_moveit_ctrl/lib/python3.10/site-packages/iron_moveit_ctrl/__init__.py to __init__.cpython-310.pyc
[0.718s] running install_data
[0.718s] creating /home/humble_ws/install/iron_moveit_ctrl/share/ament_index
[0.718s] creating /home/humble_ws/install/iron_moveit_ctrl/share/ament_index/resource_index
[0.719s] creating /home/humble_ws/install/iron_moveit_ctrl/share/ament_index/resource_index/packages
[0.719s] copying resource/iron_moveit_ctrl -> /home/humble_ws/install/iron_moveit_ctrl/share/ament_index/resource_index/packages
[0.719s] copying package.xml -> /home/humble_ws/install/iron_moveit_ctrl/share/iron_moveit_ctrl
[0.719s] running install_egg_info
[0.720s] Copying ../../build/iron_moveit_ctrl/iron_moveit_ctrl.egg-info to /home/humble_ws/install/iron_moveit_ctrl/lib/python3.10/site-packages/iron_moveit_ctrl-0.0.0-py3.10.egg-info
[0.721s] running install_scripts
[0.739s] writing list of installed files to '/home/humble_ws/build/iron_moveit_ctrl/install.log'
[0.760s] Invoked command in '/home/humble_ws/src/iron_moveit_ctrl' returned '0': PYTHONPATH=/home/humble_ws/build/iron_moveit_ctrl/prefix_override:/home/humble_ws/install/iron_moveit_ctrl/lib/python3.10/site-packages:${PYTHONPATH} /usr/bin/python3 -W ignore:setup.py install is deprecated setup.py egg_info --egg-base ../../build/iron_moveit_ctrl build --build-base /home/humble_ws/build/iron_moveit_ctrl/build install --record /home/humble_ws/build/iron_moveit_ctrl/install.log --single-version-externally-managed install_data
