[0.522s] Invoking command in '/home/humble_ws/src/kinova_arm': PYTHONPATH=/home/humble_ws/build/kinova_arm/prefix_override:/home/humble_ws/install/kinova_arm/lib/python3.10/site-packages:${PYTHONPATH} /usr/bin/python3 -W ignore:setup.py install is deprecated setup.py egg_info --egg-base ../../build/kinova_arm build --build-base /home/humble_ws/build/kinova_arm/build install --record /home/humble_ws/build/kinova_arm/install.log --single-version-externally-managed install_data
[0.713s] running egg_info
[0.714s] writing ../../build/kinova_arm/kinova_arm.egg-info/PKG-INFO
[0.714s] writing dependency_links to ../../build/kinova_arm/kinova_arm.egg-info/dependency_links.txt
[0.714s] writing entry points to ../../build/kinova_arm/kinova_arm.egg-info/entry_points.txt
[0.714s] writing requirements to ../../build/kinova_arm/kinova_arm.egg-info/requires.txt
[0.714s] writing top-level names to ../../build/kinova_arm/kinova_arm.egg-info/top_level.txt
[0.715s] reading manifest file '../../build/kinova_arm/kinova_arm.egg-info/SOURCES.txt'
[0.716s] writing manifest file '../../build/kinova_arm/kinova_arm.egg-info/SOURCES.txt'
[0.716s] running build
[0.716s] running build_py
[0.716s] running install
[0.717s] running install_lib
[0.718s] running install_data
[0.718s] running install_egg_info
[0.719s] removing '/home/humble_ws/install/kinova_arm/lib/python3.10/site-packages/kinova_arm-0.0.0-py3.10.egg-info' (and everything under it)
[0.720s] Copying ../../build/kinova_arm/kinova_arm.egg-info to /home/humble_ws/install/kinova_arm/lib/python3.10/site-packages/kinova_arm-0.0.0-py3.10.egg-info
[0.720s] running install_scripts
[0.738s] writing list of installed files to '/home/humble_ws/build/kinova_arm/install.log'
[0.757s] Invoked command in '/home/humble_ws/src/kinova_arm' returned '0': PYTHONPATH=/home/humble_ws/build/kinova_arm/prefix_override:/home/humble_ws/install/kinova_arm/lib/python3.10/site-packages:${PYTHONPATH} /usr/bin/python3 -W ignore:setup.py install is deprecated setup.py egg_info --egg-base ../../build/kinova_arm build --build-base /home/humble_ws/build/kinova_arm/build install --record /home/humble_ws/build/kinova_arm/install.log --single-version-externally-managed install_data
