running egg_info
writing ../../build/attempt_py_moveit/attempt_py_moveit.egg-info/PKG-INFO
writing dependency_links to ../../build/attempt_py_moveit/attempt_py_moveit.egg-info/dependency_links.txt
writing entry points to ../../build/attempt_py_moveit/attempt_py_moveit.egg-info/entry_points.txt
writing requirements to ../../build/attempt_py_moveit/attempt_py_moveit.egg-info/requires.txt
writing top-level names to ../../build/attempt_py_moveit/attempt_py_moveit.egg-info/top_level.txt
reading manifest file '../../build/attempt_py_moveit/attempt_py_moveit.egg-info/SOURCES.txt'
writing manifest file '../../build/attempt_py_moveit/attempt_py_moveit.egg-info/SOURCES.txt'
running build
running build_py
running install
running install_lib
running install_data
copying launch/tutorial.launch.py -> /home/humble_ws/install/attempt_py_moveit/share/attempt_py_moveit/launch
running install_egg_info
removing '/home/humble_ws/install/attempt_py_moveit/lib/python3.10/site-packages/attempt_py_moveit-0.0.0-py3.10.egg-info' (and everything under it)
Copying ../../build/attempt_py_moveit/attempt_py_moveit.egg-info to /home/humble_ws/install/attempt_py_moveit/lib/python3.10/site-packages/attempt_py_moveit-0.0.0-py3.10.egg-info
running install_scripts
Installing attempt_motion_planning script to /home/humble_ws/install/attempt_py_moveit/lib/attempt_py_moveit
writing list of installed files to '/home/humble_ws/build/attempt_py_moveit/install.log'
