[0.010s] Invoking command in '/home/kortex_ws/build/transmission_interface': AMENT_PREFIX_PATH=/home/kortex_ws/install/hardware_interface:/home/kortex_ws/install/control_msgs:${AMENT_PREFIX_PATH} CMAKE_PREFIX_PATH=/home/kortex_ws/install/hardware_interface:/home/kortex_ws/install/control_msgs:/opt/ros/humble LD_LIBRARY_PATH=/home/kortex_ws/install/hardware_interface/lib:/home/kortex_ws/install/control_msgs/lib:${LD_LIBRARY_PATH} PYTHONPATH=/home/kortex_ws/install/control_msgs/local/lib/python3.10/dist-packages:${PYTHONPATH} /usr/bin/cmake /home/kortex_ws/src/ros2_control/transmission_interface -DCMAKE_BUILD_TYPE=Release -DCMAKE_INSTALL_PREFIX=/home/kortex_ws/install/transmission_interface
[0.060s] -- The C compiler identification is GNU 11.4.0
[0.108s] -- The CXX compiler identification is GNU 11.4.0
[0.114s] -- Detecting C compiler ABI info
[0.180s] -- Detecting C compiler ABI info - done
[0.185s] -- Check for working C compiler: /usr/bin/cc - skipped
[0.185s] -- Detecting C compile features
[0.185s] -- Detecting C compile features - done
[0.188s] -- Detecting CXX compiler ABI info
[0.260s] -- Detecting CXX compiler ABI info - done
[0.265s] -- Check for working CXX compiler: /usr/bin/c++ - skipped
[0.265s] -- Detecting CXX compile features
[0.266s] -- Detecting CXX compile features - done
[0.270s] -- Found ament_cmake: 1.3.8 (/opt/ros/humble/share/ament_cmake/cmake)
[0.396s] -- Found Python3: /usr/bin/python3 (found version "3.10.12") found components: Interpreter 
[0.487s] -- Found hardware_interface: 2.41.0 (/home/kortex_ws/install/hardware_interface/share/hardware_interface/cmake)
[0.532s] -- Found rosidl_generator_c: 3.1.5 (/opt/ros/humble/share/rosidl_generator_c/cmake)
[0.538s] -- Found rosidl_adapter: 3.1.5 (/opt/ros/humble/share/rosidl_adapter/cmake)
[0.547s] -- Found rosidl_generator_cpp: 3.1.5 (/opt/ros/humble/share/rosidl_generator_cpp/cmake)
[0.561s] -- Using all available rosidl_typesupport_c: rosidl_typesupport_fastrtps_c;rosidl_typesupport_introspection_c
[0.580s] -- Using all available rosidl_typesupport_cpp: rosidl_typesupport_fastrtps_cpp;rosidl_typesupport_introspection_cpp
[1.124s] -- Found rmw_implementation_cmake: 6.1.1 (/opt/ros/humble/share/rmw_implementation_cmake/cmake)
[1.127s] -- Found rmw_fastrtps_cpp: 6.2.6 (/opt/ros/humble/share/rmw_fastrtps_cpp/cmake)
[1.162s] -- Found TinyXML2 via Config file: TinyXML2_DIR-NOTFOUND
[1.214s] -- Found OpenSSL: /usr/lib/x86_64-linux-gnu/libcrypto.so (found version "3.0.2")  
[1.217s] -- Found TinyXML2 via Config file: TinyXML2_DIR-NOTFOUND
[1.229s] -- Found FastRTPS: /opt/ros/humble/include  
[1.236s] -- Found TinyXML2 via Config file: TinyXML2_DIR-NOTFOUND
[1.243s] -- Found TinyXML2 via Config file: TinyXML2_DIR-NOTFOUND
[1.251s] -- Using RMW implementation 'rmw_fastrtps_cpp' as default
[1.263s] -- Looking for pthread.h
[1.330s] -- Looking for pthread.h - found
[1.330s] -- Performing Test CMAKE_HAVE_LIBC_PTHREAD
[1.397s] -- Performing Test CMAKE_HAVE_LIBC_PTHREAD - Success
[1.397s] -- Found Threads: TRUE  
[1.561s] -- Found ament_cmake_gmock: 1.3.8 (/opt/ros/humble/share/ament_cmake_gmock/cmake)
[1.564s] -- Found gmock sources under '/opt/ros/humble/src/gmock_vendor': C++ tests using 'Google Mock' will be built
[1.570s] -- Found ament_cmake_gtest: 1.3.8 (/opt/ros/humble/share/ament_cmake_gtest/cmake)
[1.571s] -- Found gtest sources under '/opt/ros/humble/src/gtest_vendor': C++ tests using 'Google Test' will be built
[1.908s] -- Configuring done
[2.068s] -- Generating done
[2.071s] -- Build files have been written to: /home/kortex_ws/build/transmission_interface
[2.081s] Invoked command in '/home/kortex_ws/build/transmission_interface' returned '0': AMENT_PREFIX_PATH=/home/kortex_ws/install/hardware_interface:/home/kortex_ws/install/control_msgs:${AMENT_PREFIX_PATH} CMAKE_PREFIX_PATH=/home/kortex_ws/install/hardware_interface:/home/kortex_ws/install/control_msgs:/opt/ros/humble LD_LIBRARY_PATH=/home/kortex_ws/install/hardware_interface/lib:/home/kortex_ws/install/control_msgs/lib:${LD_LIBRARY_PATH} PYTHONPATH=/home/kortex_ws/install/control_msgs/local/lib/python3.10/dist-packages:${PYTHONPATH} /usr/bin/cmake /home/kortex_ws/src/ros2_control/transmission_interface -DCMAKE_BUILD_TYPE=Release -DCMAKE_INSTALL_PREFIX=/home/kortex_ws/install/transmission_interface
[2.083s] Invoking command in '/home/kortex_ws/build/transmission_interface': AMENT_PREFIX_PATH=/home/kortex_ws/install/hardware_interface:/home/kortex_ws/install/control_msgs:${AMENT_PREFIX_PATH} CMAKE_PREFIX_PATH=/home/kortex_ws/install/hardware_interface:/home/kortex_ws/install/control_msgs:/opt/ros/humble LD_LIBRARY_PATH=/home/kortex_ws/install/hardware_interface/lib:/home/kortex_ws/install/control_msgs/lib:${LD_LIBRARY_PATH} PYTHONPATH=/home/kortex_ws/install/control_msgs/local/lib/python3.10/dist-packages:${PYTHONPATH} /usr/bin/cmake --build /home/kortex_ws/build/transmission_interface -- -j16 -l16
[2.131s] [ 26%] [32mBuilding CXX object gmock/CMakeFiles/gmock.dir/opt/ros/humble/src/gtest_vendor/src/gtest-all.cc.o[0m
[2.131s] [ 26%] [32mBuilding CXX object CMakeFiles/transmission_interface.dir/src/four_bar_linkage_transmission_loader.cpp.o[0m
[2.131s] [ 26%] [32mBuilding CXX object gmock/CMakeFiles/gmock.dir/src/gmock-all.cc.o[0m
[2.131s] [ 26%] [32mBuilding CXX object gmock/CMakeFiles/gmock_main.dir/src/gmock_main.cc.o[0m
[2.132s] [ 26%] [32mBuilding CXX object CMakeFiles/transmission_interface.dir/src/differential_transmission_loader.cpp.o[0m
[2.132s] [ 26%] [32mBuilding CXX object CMakeFiles/transmission_interface.dir/src/simple_transmission_loader.cpp.o[0m
[3.224s] [ 30%] [32m[1mLinking CXX static library libgmock_main.a[0m
[3.294s] [ 30%] Built target gmock_main
[6.046s] [ 34%] [32m[1mLinking CXX shared library libtransmission_interface.so[0m
[6.187s] [ 34%] Built target transmission_interface
[8.527s] [ 39%] [32m[1mLinking CXX static library libgmock.a[0m
[8.604s] [ 39%] Built target gmock
[8.627s] [ 65%] [32mBuilding CXX object CMakeFiles/test_simple_transmission.dir/test/simple_transmission_test.cpp.o[0m
[8.628s] [ 65%] [32mBuilding CXX object CMakeFiles/test_differential_transmission.dir/test/differential_transmission_test.cpp.o[0m
[8.628s] [ 65%] [32mBuilding CXX object CMakeFiles/test_differential_transmission_loader.dir/test/differential_transmission_loader_test.cpp.o[0m
[8.628s] [ 65%] [32mBuilding CXX object CMakeFiles/test_four_bar_linkage_transmission.dir/test/four_bar_linkage_transmission_test.cpp.o[0m
[8.628s] [ 65%] [32mBuilding CXX object CMakeFiles/test_four_bar_linkage_transmission_loader.dir/test/four_bar_linkage_transmission_loader_test.cpp.o[0m
[8.628s] [ 65%] [32mBuilding CXX object CMakeFiles/test_utils.dir/test/utils_test.cpp.o[0m
[8.636s] [ 69%] [32mBuilding CXX object CMakeFiles/test_simple_transmission_loader.dir/test/simple_transmission_loader_test.cpp.o[0m
[10.450s] [ 73%] [32m[1mLinking CXX executable test_utils[0m
[10.738s] [ 73%] Built target test_utils
[12.017s] [ 78%] [32m[1mLinking CXX executable test_simple_transmission[0m
[12.296s] [ 78%] Built target test_simple_transmission
[12.648s] [ 82%] [32m[1mLinking CXX executable test_differential_transmission[0m
[12.742s] [ 86%] [32m[1mLinking CXX executable test_four_bar_linkage_transmission[0m
[12.898s] [ 86%] Built target test_differential_transmission
[12.977s] [ 86%] Built target test_four_bar_linkage_transmission
[15.500s] [ 91%] [32m[1mLinking CXX executable test_simple_transmission_loader[0m
[15.680s] [ 91%] Built target test_simple_transmission_loader
[15.883s] [ 95%] [32m[1mLinking CXX executable test_four_bar_linkage_transmission_loader[0m
[16.049s] [ 95%] Built target test_four_bar_linkage_transmission_loader
[16.484s] [100%] [32m[1mLinking CXX executable test_differential_transmission_loader[0m
[16.640s] [100%] Built target test_differential_transmission_loader
[16.651s] Invoked command in '/home/kortex_ws/build/transmission_interface' returned '0': AMENT_PREFIX_PATH=/home/kortex_ws/install/hardware_interface:/home/kortex_ws/install/control_msgs:${AMENT_PREFIX_PATH} CMAKE_PREFIX_PATH=/home/kortex_ws/install/hardware_interface:/home/kortex_ws/install/control_msgs:/opt/ros/humble LD_LIBRARY_PATH=/home/kortex_ws/install/hardware_interface/lib:/home/kortex_ws/install/control_msgs/lib:${LD_LIBRARY_PATH} PYTHONPATH=/home/kortex_ws/install/control_msgs/local/lib/python3.10/dist-packages:${PYTHONPATH} /usr/bin/cmake --build /home/kortex_ws/build/transmission_interface -- -j16 -l16
[16.707s] Invoking command in '/home/kortex_ws/build/transmission_interface': AMENT_PREFIX_PATH=/home/kortex_ws/install/hardware_interface:/home/kortex_ws/install/control_msgs:${AMENT_PREFIX_PATH} CMAKE_PREFIX_PATH=/home/kortex_ws/install/hardware_interface:/home/kortex_ws/install/control_msgs:/opt/ros/humble LD_LIBRARY_PATH=/home/kortex_ws/install/hardware_interface/lib:/home/kortex_ws/install/control_msgs/lib:${LD_LIBRARY_PATH} PYTHONPATH=/home/kortex_ws/install/control_msgs/local/lib/python3.10/dist-packages:${PYTHONPATH} /usr/bin/cmake --install /home/kortex_ws/build/transmission_interface
[16.714s] -- Install configuration: "Release"
[16.714s] -- Installing: /home/kortex_ws/install/transmission_interface/include
[16.714s] -- Installing: /home/kortex_ws/install/transmission_interface/include/transmission_interface
[16.714s] -- Installing: /home/kortex_ws/install/transmission_interface/include/transmission_interface/visibility_control.h
[16.714s] -- Installing: /home/kortex_ws/install/transmission_interface/include/transmission_interface/simple_transmission_loader.hpp
[16.714s] -- Installing: /home/kortex_ws/install/transmission_interface/include/transmission_interface/accessor.hpp
[16.715s] -- Installing: /home/kortex_ws/install/transmission_interface/include/transmission_interface/transmission_interface_exception.hpp
[16.715s] -- Installing: /home/kortex_ws/install/transmission_interface/include/transmission_interface/simple_transmission.hpp
[16.715s] -- Installing: /home/kortex_ws/install/transmission_interface/include/transmission_interface/transmission.hpp
[16.715s] -- Installing: /home/kortex_ws/install/transmission_interface/include/transmission_interface/differential_transmission_loader.hpp
[16.715s] -- Installing: /home/kortex_ws/install/transmission_interface/include/transmission_interface/exception.hpp
[16.715s] -- Installing: /home/kortex_ws/install/transmission_interface/include/transmission_interface/transmission_loader.hpp
[16.715s] -- Installing: /home/kortex_ws/install/transmission_interface/include/transmission_interface/four_bar_linkage_transmission.hpp
[16.715s] -- Installing: /home/kortex_ws/install/transmission_interface/include/transmission_interface/handle.hpp
[16.715s] -- Installing: /home/kortex_ws/install/transmission_interface/include/transmission_interface/differential_transmission.hpp
[16.715s] -- Installing: /home/kortex_ws/install/transmission_interface/include/transmission_interface/four_bar_linkage_transmission_loader.hpp
[16.716s] -- Installing: /home/kortex_ws/install/transmission_interface/share/transmission_interface/ros2_control_plugins.xml
[16.716s] -- Installing: /home/kortex_ws/install/transmission_interface/lib/libtransmission_interface.so
[16.717s] -- Set runtime path of "/home/kortex_ws/install/transmission_interface/lib/libtransmission_interface.so" to ""
[16.717s] -- Installing: /home/kortex_ws/install/transmission_interface/share/transmission_interface/environment/library_path.sh
[16.717s] -- Installing: /home/kortex_ws/install/transmission_interface/share/transmission_interface/environment/library_path.dsv
[16.717s] -- Installing: /home/kortex_ws/install/transmission_interface/share/ament_index/resource_index/package_run_dependencies/transmission_interface
[16.717s] -- Installing: /home/kortex_ws/install/transmission_interface/share/ament_index/resource_index/parent_prefix_path/transmission_interface
[16.717s] -- Installing: /home/kortex_ws/install/transmission_interface/share/transmission_interface/environment/ament_prefix_path.sh
[16.717s] -- Installing: /home/kortex_ws/install/transmission_interface/share/transmission_interface/environment/ament_prefix_path.dsv
[16.718s] -- Installing: /home/kortex_ws/install/transmission_interface/share/transmission_interface/environment/path.sh
[16.718s] -- Installing: /home/kortex_ws/install/transmission_interface/share/transmission_interface/environment/path.dsv
[16.718s] -- Installing: /home/kortex_ws/install/transmission_interface/share/transmission_interface/local_setup.bash
[16.718s] -- Installing: /home/kortex_ws/install/transmission_interface/share/transmission_interface/local_setup.sh
[16.718s] -- Installing: /home/kortex_ws/install/transmission_interface/share/transmission_interface/local_setup.zsh
[16.718s] -- Installing: /home/kortex_ws/install/transmission_interface/share/transmission_interface/local_setup.dsv
[16.718s] -- Installing: /home/kortex_ws/install/transmission_interface/share/transmission_interface/package.dsv
[16.719s] -- Installing: /home/kortex_ws/install/transmission_interface/share/ament_index/resource_index/packages/transmission_interface
[16.719s] -- Installing: /home/kortex_ws/install/transmission_interface/share/ament_index/resource_index/transmission_interface__pluginlib__plugin/transmission_interface
[16.719s] -- Installing: /home/kortex_ws/install/transmission_interface/share/transmission_interface/cmake/ament_cmake_export_include_directories-extras.cmake
[16.719s] -- Installing: /home/kortex_ws/install/transmission_interface/share/transmission_interface/cmake/ament_cmake_export_dependencies-extras.cmake
[16.719s] -- Installing: /home/kortex_ws/install/transmission_interface/share/transmission_interface/cmake/ament_cmake_export_libraries-extras.cmake
[16.719s] -- Installing: /home/kortex_ws/install/transmission_interface/share/transmission_interface/cmake/transmission_interfaceConfig.cmake
[16.719s] -- Installing: /home/kortex_ws/install/transmission_interface/share/transmission_interface/cmake/transmission_interfaceConfig-version.cmake
[16.720s] -- Installing: /home/kortex_ws/install/transmission_interface/share/transmission_interface/package.xml
[16.722s] Invoked command in '/home/kortex_ws/build/transmission_interface' returned '0': AMENT_PREFIX_PATH=/home/kortex_ws/install/hardware_interface:/home/kortex_ws/install/control_msgs:${AMENT_PREFIX_PATH} CMAKE_PREFIX_PATH=/home/kortex_ws/install/hardware_interface:/home/kortex_ws/install/control_msgs:/opt/ros/humble LD_LIBRARY_PATH=/home/kortex_ws/install/hardware_interface/lib:/home/kortex_ws/install/control_msgs/lib:${LD_LIBRARY_PATH} PYTHONPATH=/home/kortex_ws/install/control_msgs/local/lib/python3.10/dist-packages:${PYTHONPATH} /usr/bin/cmake --install /home/kortex_ws/build/transmission_interface
