[1.227s] Invoking command in '/home/rolling_ws/src/attempt_py_moveit': PYTHONPATH=/home/rolling_ws/build/attempt_py_moveit/prefix_override:/home/rolling_ws/install/attempt_py_moveit/lib/python3.10/site-packages:${PYTHONPATH} /usr/bin/python3 setup.py egg_info --egg-base ../../build/attempt_py_moveit build --build-base /home/rolling_ws/build/attempt_py_moveit/build install --record /home/rolling_ws/build/attempt_py_moveit/install.log --single-version-externally-managed
[1.478s] running egg_info
[1.479s] writing ../../build/attempt_py_moveit/attempt_py_moveit.egg-info/PKG-INFO
[1.479s] writing dependency_links to ../../build/attempt_py_moveit/attempt_py_moveit.egg-info/dependency_links.txt
[1.479s] writing entry points to ../../build/attempt_py_moveit/attempt_py_moveit.egg-info/entry_points.txt
[1.479s] writing requirements to ../../build/attempt_py_moveit/attempt_py_moveit.egg-info/requires.txt
[1.480s] writing top-level names to ../../build/attempt_py_moveit/attempt_py_moveit.egg-info/top_level.txt
[1.482s] reading manifest file '../../build/attempt_py_moveit/attempt_py_moveit.egg-info/SOURCES.txt'
[1.483s] writing manifest file '../../build/attempt_py_moveit/attempt_py_moveit.egg-info/SOURCES.txt'
[1.483s] running build
[1.483s] running build_py
[1.484s] running install
[1.484s] running install_lib
[1.486s] running install_data
[1.486s] copying launch/tutorial.launch.py -> /home/rolling_ws/install/attempt_py_moveit/share/attempt_py_moveit/launch
[1.486s] running install_egg_info
[1.489s] removing '/home/rolling_ws/install/attempt_py_moveit/lib/python3.10/site-packages/attempt_py_moveit-0.0.0-py3.10.egg-info' (and everything under it)
[1.490s] Copying ../../build/attempt_py_moveit/attempt_py_moveit.egg-info to /home/rolling_ws/install/attempt_py_moveit/lib/python3.10/site-packages/attempt_py_moveit-0.0.0-py3.10.egg-info
[1.491s] running install_scripts
[1.510s] Installing attempt_motion_planning script to /home/rolling_ws/install/attempt_py_moveit/lib/attempt_py_moveit
[1.511s] writing list of installed files to '/home/rolling_ws/build/attempt_py_moveit/install.log'
[1.629s] Invoked command in '/home/rolling_ws/src/attempt_py_moveit' returned '0': PYTHONPATH=/home/rolling_ws/build/attempt_py_moveit/prefix_override:/home/rolling_ws/install/attempt_py_moveit/lib/python3.10/site-packages:${PYTHONPATH} /usr/bin/python3 setup.py egg_info --egg-base ../../build/attempt_py_moveit build --build-base /home/rolling_ws/build/attempt_py_moveit/build install --record /home/rolling_ws/build/attempt_py_moveit/install.log --single-version-externally-managed
