running egg_info
creating ../../build/attempt_py_moveit/attempt_py_moveit.egg-info
writing ../../build/attempt_py_moveit/attempt_py_moveit.egg-info/PKG-INFO
writing dependency_links to ../../build/attempt_py_moveit/attempt_py_moveit.egg-info/dependency_links.txt
writing entry points to ../../build/attempt_py_moveit/attempt_py_moveit.egg-info/entry_points.txt
writing requirements to ../../build/attempt_py_moveit/attempt_py_moveit.egg-info/requires.txt
writing top-level names to ../../build/attempt_py_moveit/attempt_py_moveit.egg-info/top_level.txt
writing manifest file '../../build/attempt_py_moveit/attempt_py_moveit.egg-info/SOURCES.txt'
reading manifest file '../../build/attempt_py_moveit/attempt_py_moveit.egg-info/SOURCES.txt'
writing manifest file '../../build/attempt_py_moveit/attempt_py_moveit.egg-info/SOURCES.txt'
running build
running build_py
creating /home/ros2_ws/build/attempt_py_moveit/build
creating /home/ros2_ws/build/attempt_py_moveit/build/lib
creating /home/ros2_ws/build/attempt_py_moveit/build/lib/attempt_py_moveit
copying attempt_py_moveit/attempt_motion_planning.py -> /home/ros2_ws/build/attempt_py_moveit/build/lib/attempt_py_moveit
copying attempt_py_moveit/__init__.py -> /home/ros2_ws/build/attempt_py_moveit/build/lib/attempt_py_moveit
running install
running install_lib
creating /home/ros2_ws/install/attempt_py_moveit/lib/python3.10/site-packages/attempt_py_moveit
copying /home/ros2_ws/build/attempt_py_moveit/build/lib/attempt_py_moveit/attempt_motion_planning.py -> /home/ros2_ws/install/attempt_py_moveit/lib/python3.10/site-packages/attempt_py_moveit
copying /home/ros2_ws/build/attempt_py_moveit/build/lib/attempt_py_moveit/__init__.py -> /home/ros2_ws/install/attempt_py_moveit/lib/python3.10/site-packages/attempt_py_moveit
byte-compiling /home/ros2_ws/install/attempt_py_moveit/lib/python3.10/site-packages/attempt_py_moveit/attempt_motion_planning.py to attempt_motion_planning.cpython-310.pyc
byte-compiling /home/ros2_ws/install/attempt_py_moveit/lib/python3.10/site-packages/attempt_py_moveit/__init__.py to __init__.cpython-310.pyc
running install_data
creating /home/ros2_ws/install/attempt_py_moveit/share/ament_index
creating /home/ros2_ws/install/attempt_py_moveit/share/ament_index/resource_index
creating /home/ros2_ws/install/attempt_py_moveit/share/ament_index/resource_index/packages
copying resource/attempt_py_moveit -> /home/ros2_ws/install/attempt_py_moveit/share/ament_index/resource_index/packages
copying package.xml -> /home/ros2_ws/install/attempt_py_moveit/share/attempt_py_moveit
creating /home/ros2_ws/install/attempt_py_moveit/share/attempt_py_moveit/launch
copying launch/tutorial.launch.py -> /home/ros2_ws/install/attempt_py_moveit/share/attempt_py_moveit/launch
creating /home/ros2_ws/install/attempt_py_moveit/share/attempt_py_moveit/config
copying config/moveit_py_params.yaml -> /home/ros2_ws/install/attempt_py_moveit/share/attempt_py_moveit/config
copying config/rviz_config.rviz -> /home/ros2_ws/install/attempt_py_moveit/share/attempt_py_moveit/config
running install_egg_info
Copying ../../build/attempt_py_moveit/attempt_py_moveit.egg-info to /home/ros2_ws/install/attempt_py_moveit/lib/python3.10/site-packages/attempt_py_moveit-0.0.0-py3.10.egg-info
running install_scripts
Installing attempt_motion_planning script to /home/ros2_ws/install/attempt_py_moveit/lib/attempt_py_moveit
writing list of installed files to '/home/ros2_ws/build/attempt_py_moveit/install.log'
