[0.390s] Invoking command in '/home/ros2_ws/src/attempt_py_moveit': PYTHONPATH=/home/ros2_ws/build/attempt_py_moveit/prefix_override:/home/ros2_ws/install/attempt_py_moveit/lib/python3.10/site-packages:${PYTHONPATH} /usr/bin/python3 -W ignore:setup.py install is deprecated setup.py egg_info --egg-base ../../build/attempt_py_moveit build --build-base /home/ros2_ws/build/attempt_py_moveit/build install --record /home/ros2_ws/build/attempt_py_moveit/install.log --single-version-externally-managed install_data
[0.544s] running egg_info
[0.545s] creating ../../build/attempt_py_moveit/attempt_py_moveit.egg-info
[0.545s] writing ../../build/attempt_py_moveit/attempt_py_moveit.egg-info/PKG-INFO
[0.545s] writing dependency_links to ../../build/attempt_py_moveit/attempt_py_moveit.egg-info/dependency_links.txt
[0.545s] writing entry points to ../../build/attempt_py_moveit/attempt_py_moveit.egg-info/entry_points.txt
[0.545s] writing requirements to ../../build/attempt_py_moveit/attempt_py_moveit.egg-info/requires.txt
[0.545s] writing top-level names to ../../build/attempt_py_moveit/attempt_py_moveit.egg-info/top_level.txt
[0.545s] writing manifest file '../../build/attempt_py_moveit/attempt_py_moveit.egg-info/SOURCES.txt'
[0.546s] reading manifest file '../../build/attempt_py_moveit/attempt_py_moveit.egg-info/SOURCES.txt'
[0.547s] writing manifest file '../../build/attempt_py_moveit/attempt_py_moveit.egg-info/SOURCES.txt'
[0.547s] running build
[0.547s] running build_py
[0.547s] creating /home/ros2_ws/build/attempt_py_moveit/build
[0.547s] creating /home/ros2_ws/build/attempt_py_moveit/build/lib
[0.547s] creating /home/ros2_ws/build/attempt_py_moveit/build/lib/attempt_py_moveit
[0.547s] copying attempt_py_moveit/attempt_motion_planning.py -> /home/ros2_ws/build/attempt_py_moveit/build/lib/attempt_py_moveit
[0.547s] copying attempt_py_moveit/__init__.py -> /home/ros2_ws/build/attempt_py_moveit/build/lib/attempt_py_moveit
[0.548s] running install
[0.548s] running install_lib
[0.548s] creating /home/ros2_ws/install/attempt_py_moveit/lib/python3.10/site-packages/attempt_py_moveit
[0.548s] copying /home/ros2_ws/build/attempt_py_moveit/build/lib/attempt_py_moveit/attempt_motion_planning.py -> /home/ros2_ws/install/attempt_py_moveit/lib/python3.10/site-packages/attempt_py_moveit
[0.548s] copying /home/ros2_ws/build/attempt_py_moveit/build/lib/attempt_py_moveit/__init__.py -> /home/ros2_ws/install/attempt_py_moveit/lib/python3.10/site-packages/attempt_py_moveit
[0.549s] byte-compiling /home/ros2_ws/install/attempt_py_moveit/lib/python3.10/site-packages/attempt_py_moveit/attempt_motion_planning.py to attempt_motion_planning.cpython-310.pyc
[0.549s] byte-compiling /home/ros2_ws/install/attempt_py_moveit/lib/python3.10/site-packages/attempt_py_moveit/__init__.py to __init__.cpython-310.pyc
[0.549s] running install_data
[0.549s] creating /home/ros2_ws/install/attempt_py_moveit/share/ament_index
[0.550s] creating /home/ros2_ws/install/attempt_py_moveit/share/ament_index/resource_index
[0.550s] creating /home/ros2_ws/install/attempt_py_moveit/share/ament_index/resource_index/packages
[0.550s] copying resource/attempt_py_moveit -> /home/ros2_ws/install/attempt_py_moveit/share/ament_index/resource_index/packages
[0.550s] copying package.xml -> /home/ros2_ws/install/attempt_py_moveit/share/attempt_py_moveit
[0.550s] creating /home/ros2_ws/install/attempt_py_moveit/share/attempt_py_moveit/launch
[0.550s] copying launch/tutorial.launch.py -> /home/ros2_ws/install/attempt_py_moveit/share/attempt_py_moveit/launch
[0.550s] creating /home/ros2_ws/install/attempt_py_moveit/share/attempt_py_moveit/config
[0.550s] copying config/moveit_py_params.yaml -> /home/ros2_ws/install/attempt_py_moveit/share/attempt_py_moveit/config
[0.550s] copying config/rviz_config.rviz -> /home/ros2_ws/install/attempt_py_moveit/share/attempt_py_moveit/config
[0.550s] running install_egg_info
[0.551s] Copying ../../build/attempt_py_moveit/attempt_py_moveit.egg-info to /home/ros2_ws/install/attempt_py_moveit/lib/python3.10/site-packages/attempt_py_moveit-0.0.0-py3.10.egg-info
[0.552s] running install_scripts
[0.566s] Installing attempt_motion_planning script to /home/ros2_ws/install/attempt_py_moveit/lib/attempt_py_moveit
[0.567s] writing list of installed files to '/home/ros2_ws/build/attempt_py_moveit/install.log'
[0.582s] Invoked command in '/home/ros2_ws/src/attempt_py_moveit' returned '0': PYTHONPATH=/home/ros2_ws/build/attempt_py_moveit/prefix_override:/home/ros2_ws/install/attempt_py_moveit/lib/python3.10/site-packages:${PYTHONPATH} /usr/bin/python3 -W ignore:setup.py install is deprecated setup.py egg_info --egg-base ../../build/attempt_py_moveit build --build-base /home/ros2_ws/build/attempt_py_moveit/build install --record /home/ros2_ws/build/attempt_py_moveit/install.log --single-version-externally-managed install_data
