[35m[1mConsolidate compiler generated dependencies of target hybrid_planning_demo_node[0m
[ 50%] [32mBuilding CXX object CMakeFiles/hybrid_planning_demo_node.dir/src/hybrid_planning_demo_node.cpp.o[0m
[01m[K/home/humble_ws/src/moveit_interface/src/hybrid_planning_demo_node.cpp:[m[K In member function ‘[01m[Kvoid HybridPlanningDemo::run()[m[K’:
[01m[K/home/humble_ws/src/moveit_interface/src/hybrid_planning_demo_node.cpp:202:42:[m[K [01;35m[Kwarning: [m[Kunused variable ‘[01m[Kjoint_model_group[m[K’ [[01;35m[K-Wunused-variable[m[K]
  202 |     const moveit::core::JointModelGroup* [01;35m[Kjoint_model_group[m[K = robot_state->getJointModelGroup(planning_group);
      |                                          [01;35m[K^~~~~~~~~~~~~~~~~[m[K
[100%] [32m[1mLinking CXX executable hybrid_planning_demo_node[0m
[100%] Built target hybrid_planning_demo_node
-- Install configuration: ""
-- Installing: /home/humble_ws/install/moveit_interface/lib/moveit_interface/hybrid_planning_demo_node
-- Set runtime path of "/home/humble_ws/install/moveit_interface/lib/moveit_interface/hybrid_planning_demo_node" to ""
-- Up-to-date: /home/humble_ws/install/moveit_interface/share/ament_index/resource_index/package_run_dependencies/moveit_interface
-- Up-to-date: /home/humble_ws/install/moveit_interface/share/ament_index/resource_index/parent_prefix_path/moveit_interface
-- Up-to-date: /home/humble_ws/install/moveit_interface/share/moveit_interface/environment/ament_prefix_path.sh
-- Up-to-date: /home/humble_ws/install/moveit_interface/share/moveit_interface/environment/ament_prefix_path.dsv
-- Up-to-date: /home/humble_ws/install/moveit_interface/share/moveit_interface/environment/path.sh
-- Up-to-date: /home/humble_ws/install/moveit_interface/share/moveit_interface/environment/path.dsv
-- Up-to-date: /home/humble_ws/install/moveit_interface/share/moveit_interface/local_setup.bash
-- Up-to-date: /home/humble_ws/install/moveit_interface/share/moveit_interface/local_setup.sh
-- Up-to-date: /home/humble_ws/install/moveit_interface/share/moveit_interface/local_setup.zsh
-- Up-to-date: /home/humble_ws/install/moveit_interface/share/moveit_interface/local_setup.dsv
-- Installing: /home/humble_ws/install/moveit_interface/share/moveit_interface/package.dsv
-- Up-to-date: /home/humble_ws/install/moveit_interface/share/ament_index/resource_index/packages/moveit_interface
-- Up-to-date: /home/humble_ws/install/moveit_interface/share/moveit_interface/cmake/moveit_interfaceConfig.cmake
-- Up-to-date: /home/humble_ws/install/moveit_interface/share/moveit_interface/cmake/moveit_interfaceConfig-version.cmake
-- Up-to-date: /home/humble_ws/install/moveit_interface/share/moveit_interface/package.xml
