[0.809s] Invoking command in '/home/humble_ws/build/moveit_interface': CMAKE_PREFIX_PATH=${CMAKE_PREFIX_PATH}:/home/humble_ws/install/antworker_navigation:/home/humble_ws/install/antworker_moveit_bringup:/home/humble_ws/install/antworker_isaacsim_world:/home/humble_ws/install/antworker_description:/opt/ros/humble /usr/bin/cmake --build /home/humble_ws/build/moveit_interface -- -j16 -l16
[0.866s] [35m[1mConsolidate compiler generated dependencies of target hybrid_planning_demo_node[0m
[0.917s] [ 50%] [32mBuilding CXX object CMakeFiles/hybrid_planning_demo_node.dir/src/hybrid_planning_demo_node.cpp.o[0m
[7.910s] [01m[K/home/humble_ws/src/moveit_interface/src/hybrid_planning_demo_node.cpp:[m[K In member function ‘[01m[Kvoid HybridPlanningDemo::run()[m[K’:
[7.910s] [01m[K/home/humble_ws/src/moveit_interface/src/hybrid_planning_demo_node.cpp:202:42:[m[K [01;35m[Kwarning: [m[Kunused variable ‘[01m[Kjoint_model_group[m[K’ [[01;35m[K-Wunused-variable[m[K]
[7.910s]   202 |     const moveit::core::JointModelGroup* [01;35m[Kjoint_model_group[m[K = robot_state->getJointModelGroup(planning_group);
[7.910s]       |                                          [01;35m[K^~~~~~~~~~~~~~~~~[m[K
[15.063s] [100%] [32m[1mLinking CXX executable hybrid_planning_demo_node[0m
[15.763s] [100%] Built target hybrid_planning_demo_node
[15.776s] Invoked command in '/home/humble_ws/build/moveit_interface' returned '0': CMAKE_PREFIX_PATH=${CMAKE_PREFIX_PATH}:/home/humble_ws/install/antworker_navigation:/home/humble_ws/install/antworker_moveit_bringup:/home/humble_ws/install/antworker_isaacsim_world:/home/humble_ws/install/antworker_description:/opt/ros/humble /usr/bin/cmake --build /home/humble_ws/build/moveit_interface -- -j16 -l16
[15.805s] Invoking command in '/home/humble_ws/build/moveit_interface': CMAKE_PREFIX_PATH=${CMAKE_PREFIX_PATH}:/home/humble_ws/install/antworker_navigation:/home/humble_ws/install/antworker_moveit_bringup:/home/humble_ws/install/antworker_isaacsim_world:/home/humble_ws/install/antworker_description:/opt/ros/humble /usr/bin/cmake --install /home/humble_ws/build/moveit_interface
[15.812s] -- Install configuration: ""
[15.812s] -- Installing: /home/humble_ws/install/moveit_interface/lib/moveit_interface/hybrid_planning_demo_node
[15.820s] -- Set runtime path of "/home/humble_ws/install/moveit_interface/lib/moveit_interface/hybrid_planning_demo_node" to ""
[15.820s] -- Up-to-date: /home/humble_ws/install/moveit_interface/share/ament_index/resource_index/package_run_dependencies/moveit_interface
[15.820s] -- Up-to-date: /home/humble_ws/install/moveit_interface/share/ament_index/resource_index/parent_prefix_path/moveit_interface
[15.820s] -- Up-to-date: /home/humble_ws/install/moveit_interface/share/moveit_interface/environment/ament_prefix_path.sh
[15.820s] -- Up-to-date: /home/humble_ws/install/moveit_interface/share/moveit_interface/environment/ament_prefix_path.dsv
[15.820s] -- Up-to-date: /home/humble_ws/install/moveit_interface/share/moveit_interface/environment/path.sh
[15.821s] -- Up-to-date: /home/humble_ws/install/moveit_interface/share/moveit_interface/environment/path.dsv
[15.821s] -- Up-to-date: /home/humble_ws/install/moveit_interface/share/moveit_interface/local_setup.bash
[15.821s] -- Up-to-date: /home/humble_ws/install/moveit_interface/share/moveit_interface/local_setup.sh
[15.821s] -- Up-to-date: /home/humble_ws/install/moveit_interface/share/moveit_interface/local_setup.zsh
[15.821s] -- Up-to-date: /home/humble_ws/install/moveit_interface/share/moveit_interface/local_setup.dsv
[15.821s] -- Installing: /home/humble_ws/install/moveit_interface/share/moveit_interface/package.dsv
[15.821s] -- Up-to-date: /home/humble_ws/install/moveit_interface/share/ament_index/resource_index/packages/moveit_interface
[15.821s] -- Up-to-date: /home/humble_ws/install/moveit_interface/share/moveit_interface/cmake/moveit_interfaceConfig.cmake
[15.821s] -- Up-to-date: /home/humble_ws/install/moveit_interface/share/moveit_interface/cmake/moveit_interfaceConfig-version.cmake
[15.821s] -- Up-to-date: /home/humble_ws/install/moveit_interface/share/moveit_interface/package.xml
[15.823s] Invoked command in '/home/humble_ws/build/moveit_interface' returned '0': CMAKE_PREFIX_PATH=${CMAKE_PREFIX_PATH}:/home/humble_ws/install/antworker_navigation:/home/humble_ws/install/antworker_moveit_bringup:/home/humble_ws/install/antworker_isaacsim_world:/home/humble_ws/install/antworker_description:/opt/ros/humble /usr/bin/cmake --install /home/humble_ws/build/moveit_interface
