[0.014s] Invoking command in '/home/moveit/build/moveit_planners_stomp': AMENT_PREFIX_PATH=/home/moveit/install/moveit_core:/home/moveit/install/moveit_msgs:/home/moveit/install/moveit_common:${AMENT_PREFIX_PATH} CMAKE_PREFIX_PATH=/home/moveit/install/moveit_core:/home/moveit/install/moveit_msgs:/home/moveit/install/moveit_common:/opt/ros/humble LD_LIBRARY_PATH=/home/moveit/install/moveit_core/lib:/home/moveit/install/moveit_msgs/lib:${LD_LIBRARY_PATH} PATH=/home/moveit/install/moveit_core/bin:${PATH} PYTHONPATH=/home/moveit/install/moveit_msgs/local/lib/python3.10/dist-packages:${PYTHONPATH} /usr/bin/cmake /home/moveit/src/moveit2/moveit_planners/stomp -DCMAKE_BUILD_TYPE=Release -DCMAKE_INSTALL_PREFIX=/home/moveit/install/moveit_planners_stomp
[0.066s] -- The C compiler identification is GNU 11.4.0
[0.115s] -- The CXX compiler identification is GNU 11.4.0
[0.122s] -- Detecting C compiler ABI info
[0.190s] -- Detecting C compiler ABI info - done
[0.195s] -- Check for working C compiler: /usr/bin/cc - skipped
[0.195s] -- Detecting C compile features
[0.196s] -- Detecting C compile features - done
[0.198s] -- Detecting CXX compiler ABI info
[0.278s] -- Detecting CXX compiler ABI info - done
[0.284s] -- Check for working CXX compiler: /usr/bin/c++ - skipped
[0.284s] -- Detecting CXX compile features
[0.284s] -- Detecting CXX compile features - done
[0.286s] -- Found moveit_common: 2.9.0 (/home/moveit/install/moveit_common/share/moveit_common/cmake)
[0.290s] -- Found ament_cmake: 1.3.9 (/opt/ros/humble/share/ament_cmake/cmake)
[0.422s] -- Found Python3: /usr/bin/python3 (found version "3.10.12") found components: Interpreter 
[0.583s] -- Found libdw: /usr/lib/x86_64-linux-gnu/libdw.so  
[0.588s] -- Could NOT find libbfd (missing: LIBBFD_LIBRARY LIBBFD_INCLUDE_DIR) 
[0.588s] -- BACKWARD_HAS_UNWIND=1
[0.588s] -- BACKWARD_HAS_BACKTRACE=0
[0.588s] -- BACKWARD_HAS_BACKTRACE_SYMBOL=0
[0.588s] -- BACKWARD_HAS_DW=1
[0.588s] -- BACKWARD_HAS_BFD=0
[0.588s] -- Found Backward: /opt/ros/humble/share/backward_ros/cmake  
[0.592s] -- Found generate_parameter_library: 0.3.8 (/opt/ros/humble/share/generate_parameter_library/cmake)
[0.600s] -- Found parameter_traits: 0.3.8 (/opt/ros/humble/share/parameter_traits/cmake)
[0.656s] -- Found rosidl_generator_c: 3.1.5 (/opt/ros/humble/share/rosidl_generator_c/cmake)
[0.664s] -- Found rosidl_adapter: 3.1.5 (/opt/ros/humble/share/rosidl_adapter/cmake)
[0.676s] -- Found rosidl_generator_cpp: 3.1.5 (/opt/ros/humble/share/rosidl_generator_cpp/cmake)
[0.692s] -- Using all available rosidl_typesupport_c: rosidl_typesupport_fastrtps_c;rosidl_typesupport_introspection_c
[0.715s] -- Using all available rosidl_typesupport_cpp: rosidl_typesupport_fastrtps_cpp;rosidl_typesupport_introspection_cpp
[0.794s] -- Found rmw_implementation_cmake: 6.1.2 (/opt/ros/humble/share/rmw_implementation_cmake/cmake)
[0.798s] -- Found rmw_fastrtps_cpp: 6.2.6 (/opt/ros/humble/share/rmw_fastrtps_cpp/cmake)
[0.916s] -- Found OpenSSL: /usr/lib/x86_64-linux-gnu/libcrypto.so (found version "3.0.2")  
[0.945s] -- Found FastRTPS: /opt/ros/humble/include  
[1.003s] -- Using RMW implementation 'rmw_fastrtps_cpp' as default
[1.025s] -- Looking for pthread.h
[1.117s] -- Looking for pthread.h - found
[1.117s] -- Performing Test CMAKE_HAVE_LIBC_PTHREAD
[1.205s] -- Performing Test CMAKE_HAVE_LIBC_PTHREAD - Success
[1.206s] -- Found Threads: TRUE  
[1.376s] -- Found rclcpp_lifecycle: 16.0.9 (/opt/ros/humble/share/rclcpp_lifecycle/cmake)
[1.413s] -- Found moveit_core: 2.9.0 (/home/moveit/install/moveit_core/share/moveit_core/cmake)
[1.469s] -- Found Boost: /usr/lib/x86_64-linux-gnu/cmake/Boost-1.74.0/BoostConfig.cmake (found version "1.74.0") found components: chrono date_time filesystem iostreams program_options regex serialization system thread 
[1.510s] -- Found Boost: /usr/lib/x86_64-linux-gnu/cmake/Boost-1.74.0/BoostConfig.cmake (found version "1.74.0") found components: filesystem 
[1.660s] -- library: /usr/lib/x86_64-linux-gnu/libcurl.so
[1.922s] -- Found Eigen3: TRUE (found version "3.4.0") 
[1.922s] -- Ensuring Eigen3 include directory is part of orocos-kdl CMake target
[2.894s] -- Found ament_lint_auto: 0.12.11 (/opt/ros/humble/share/ament_lint_auto/cmake)
[2.915s] -- Added test 'cppcheck' to perform static code analysis on C / C++ code
[2.916s] -- Configured cppcheck include dirs: /home/moveit/src/moveit2/moveit_planners/stomp/include
[2.916s] -- Configured cppcheck exclude dirs and/or files: 
[2.916s] -- Added test 'xmllint' to check XML markup files
[2.918s] -- Configuring done
[2.947s] -- Generating done
[2.949s] -- Build files have been written to: /home/moveit/build/moveit_planners_stomp
[2.960s] Invoked command in '/home/moveit/build/moveit_planners_stomp' returned '0': AMENT_PREFIX_PATH=/home/moveit/install/moveit_core:/home/moveit/install/moveit_msgs:/home/moveit/install/moveit_common:${AMENT_PREFIX_PATH} CMAKE_PREFIX_PATH=/home/moveit/install/moveit_core:/home/moveit/install/moveit_msgs:/home/moveit/install/moveit_common:/opt/ros/humble LD_LIBRARY_PATH=/home/moveit/install/moveit_core/lib:/home/moveit/install/moveit_msgs/lib:${LD_LIBRARY_PATH} PATH=/home/moveit/install/moveit_core/bin:${PATH} PYTHONPATH=/home/moveit/install/moveit_msgs/local/lib/python3.10/dist-packages:${PYTHONPATH} /usr/bin/cmake /home/moveit/src/moveit2/moveit_planners/stomp -DCMAKE_BUILD_TYPE=Release -DCMAKE_INSTALL_PREFIX=/home/moveit/install/moveit_planners_stomp
[2.962s] Invoking command in '/home/moveit/build/moveit_planners_stomp': AMENT_PREFIX_PATH=/home/moveit/install/moveit_core:/home/moveit/install/moveit_msgs:/home/moveit/install/moveit_common:${AMENT_PREFIX_PATH} CMAKE_PREFIX_PATH=/home/moveit/install/moveit_core:/home/moveit/install/moveit_msgs:/home/moveit/install/moveit_common:/opt/ros/humble LD_LIBRARY_PATH=/home/moveit/install/moveit_core/lib:/home/moveit/install/moveit_msgs/lib:${LD_LIBRARY_PATH} PATH=/home/moveit/install/moveit_core/bin:${PATH} PYTHONPATH=/home/moveit/install/moveit_msgs/local/lib/python3.10/dist-packages:${PYTHONPATH} /usr/bin/cmake --build /home/moveit/build/moveit_planners_stomp -- -j16 -l16
[3.022s] [ 25%] [34m[1mRunning `/opt/ros/humble/bin/generate_parameter_library_cpp /home/moveit/build/moveit_planners_stomp/stomp_moveit_parameters/include//stomp_moveit_parameters.hpp /home/moveit/src/moveit2/moveit_planners/stomp/res/stomp_moveit.yaml `[0m
[3.285s] [ 25%] Built target stomp_moveit_parameters
[3.309s] [ 75%] [32mBuilding CXX object CMakeFiles/stomp_moveit_plugin.dir/src/stomp_moveit_planning_context.cpp.o[0m
[3.309s] [ 75%] [32mBuilding CXX object CMakeFiles/stomp_moveit_plugin.dir/src/stomp_moveit_planner_plugin.cpp.o[0m
[18.106s] [100%] [32m[1mLinking CXX shared library libstomp_moveit_plugin.so[0m
[18.659s] [100%] Built target stomp_moveit_plugin
[18.708s] Invoked command in '/home/moveit/build/moveit_planners_stomp' returned '0': AMENT_PREFIX_PATH=/home/moveit/install/moveit_core:/home/moveit/install/moveit_msgs:/home/moveit/install/moveit_common:${AMENT_PREFIX_PATH} CMAKE_PREFIX_PATH=/home/moveit/install/moveit_core:/home/moveit/install/moveit_msgs:/home/moveit/install/moveit_common:/opt/ros/humble LD_LIBRARY_PATH=/home/moveit/install/moveit_core/lib:/home/moveit/install/moveit_msgs/lib:${LD_LIBRARY_PATH} PATH=/home/moveit/install/moveit_core/bin:${PATH} PYTHONPATH=/home/moveit/install/moveit_msgs/local/lib/python3.10/dist-packages:${PYTHONPATH} /usr/bin/cmake --build /home/moveit/build/moveit_planners_stomp -- -j16 -l16
[19.070s] Invoking command in '/home/moveit/build/moveit_planners_stomp': AMENT_PREFIX_PATH=/home/moveit/install/moveit_core:/home/moveit/install/moveit_msgs:/home/moveit/install/moveit_common:${AMENT_PREFIX_PATH} CMAKE_PREFIX_PATH=/home/moveit/install/moveit_core:/home/moveit/install/moveit_msgs:/home/moveit/install/moveit_common:/opt/ros/humble LD_LIBRARY_PATH=/home/moveit/install/moveit_core/lib:/home/moveit/install/moveit_msgs/lib:${LD_LIBRARY_PATH} PATH=/home/moveit/install/moveit_core/bin:${PATH} PYTHONPATH=/home/moveit/install/moveit_msgs/local/lib/python3.10/dist-packages:${PYTHONPATH} /usr/bin/cmake --install /home/moveit/build/moveit_planners_stomp
[19.103s] -- Install configuration: "Release"
[19.103s] -- Installing: /home/moveit/install/moveit_planners_stomp/include/stomp_moveit_parameters
[19.106s] -- Installing: /home/moveit/install/moveit_planners_stomp/include/stomp_moveit_parameters/stomp_moveit_parameters.hpp
[19.110s] -- Installing: /home/moveit/install/moveit_planners_stomp/share/moveit_planners_stomp/stomp_moveit_plugin_description.xml
[19.120s] -- Installing: /home/moveit/install/moveit_planners_stomp/lib/libstomp_moveit_plugin.so
[19.153s] -- Set runtime path of "/home/moveit/install/moveit_planners_stomp/lib/libstomp_moveit_plugin.so" to ""
[19.154s] -- Installing: /home/moveit/install/moveit_planners_stomp/share/moveit_planners_stomp/environment/library_path.sh
[19.157s] -- Installing: /home/moveit/install/moveit_planners_stomp/share/moveit_planners_stomp/environment/library_path.dsv
[19.161s] -- Installing: /home/moveit/install/moveit_planners_stomp/share/ament_index/resource_index/package_run_dependencies/moveit_planners_stomp
[19.164s] -- Installing: /home/moveit/install/moveit_planners_stomp/share/ament_index/resource_index/parent_prefix_path/moveit_planners_stomp
[19.168s] -- Installing: /home/moveit/install/moveit_planners_stomp/share/moveit_planners_stomp/environment/ament_prefix_path.sh
[19.170s] -- Installing: /home/moveit/install/moveit_planners_stomp/share/moveit_planners_stomp/environment/ament_prefix_path.dsv
[19.173s] -- Installing: /home/moveit/install/moveit_planners_stomp/share/moveit_planners_stomp/environment/path.sh
[19.176s] -- Installing: /home/moveit/install/moveit_planners_stomp/share/moveit_planners_stomp/environment/path.dsv
[19.179s] -- Installing: /home/moveit/install/moveit_planners_stomp/share/moveit_planners_stomp/local_setup.bash
[19.182s] -- Installing: /home/moveit/install/moveit_planners_stomp/share/moveit_planners_stomp/local_setup.sh
[19.185s] -- Installing: /home/moveit/install/moveit_planners_stomp/share/moveit_planners_stomp/local_setup.zsh
[19.187s] -- Installing: /home/moveit/install/moveit_planners_stomp/share/moveit_planners_stomp/local_setup.dsv
[19.190s] -- Installing: /home/moveit/install/moveit_planners_stomp/share/moveit_planners_stomp/package.dsv
[19.193s] -- Installing: /home/moveit/install/moveit_planners_stomp/share/ament_index/resource_index/packages/moveit_planners_stomp
[19.196s] -- Installing: /home/moveit/install/moveit_planners_stomp/share/ament_index/resource_index/moveit_core__pluginlib__plugin/moveit_planners_stomp
[19.200s] -- Installing: /home/moveit/install/moveit_planners_stomp/share/moveit_planners_stomp/cmake/moveit_planners_stompTargetsExport.cmake
[19.203s] -- Installing: /home/moveit/install/moveit_planners_stomp/share/moveit_planners_stomp/cmake/moveit_planners_stompTargetsExport-release.cmake
[19.207s] -- Installing: /home/moveit/install/moveit_planners_stomp/share/moveit_planners_stomp/cmake/ament_cmake_export_targets-extras.cmake
[19.210s] -- Installing: /home/moveit/install/moveit_planners_stomp/share/moveit_planners_stomp/cmake/ament_cmake_export_dependencies-extras.cmake
[19.213s] -- Installing: /home/moveit/install/moveit_planners_stomp/share/moveit_planners_stomp/cmake/moveit_planners_stompConfig.cmake
[19.216s] -- Installing: /home/moveit/install/moveit_planners_stomp/share/moveit_planners_stomp/cmake/moveit_planners_stompConfig-version.cmake
[19.220s] -- Installing: /home/moveit/install/moveit_planners_stomp/share/moveit_planners_stomp/package.xml
[19.227s] Invoked command in '/home/moveit/build/moveit_planners_stomp' returned '0': AMENT_PREFIX_PATH=/home/moveit/install/moveit_core:/home/moveit/install/moveit_msgs:/home/moveit/install/moveit_common:${AMENT_PREFIX_PATH} CMAKE_PREFIX_PATH=/home/moveit/install/moveit_core:/home/moveit/install/moveit_msgs:/home/moveit/install/moveit_common:/opt/ros/humble LD_LIBRARY_PATH=/home/moveit/install/moveit_core/lib:/home/moveit/install/moveit_msgs/lib:${LD_LIBRARY_PATH} PATH=/home/moveit/install/moveit_core/bin:${PATH} PYTHONPATH=/home/moveit/install/moveit_msgs/local/lib/python3.10/dist-packages:${PYTHONPATH} /usr/bin/cmake --install /home/moveit/build/moveit_planners_stomp
