[1.403s] Invoking command in '/home/humble_ws/src/antworker_moveit_bringup': PYTHONPATH=/home/humble_ws/build/antworker_moveit_bringup/prefix_override:/home/humble_ws/install/antworker_moveit_bringup/lib/python3.10/site-packages:${PYTHONPATH} /usr/bin/python3 -W ignore:setup.py install is deprecated setup.py egg_info --egg-base ../../build/antworker_moveit_bringup build --build-base /home/humble_ws/build/antworker_moveit_bringup/build install --record /home/humble_ws/build/antworker_moveit_bringup/install.log --single-version-externally-managed install_data
[1.645s] running egg_info
[1.646s] writing ../../build/antworker_moveit_bringup/antworker_moveit_bringup.egg-info/PKG-INFO
[1.646s] writing dependency_links to ../../build/antworker_moveit_bringup/antworker_moveit_bringup.egg-info/dependency_links.txt
[1.646s] writing entry points to ../../build/antworker_moveit_bringup/antworker_moveit_bringup.egg-info/entry_points.txt
[1.646s] writing requirements to ../../build/antworker_moveit_bringup/antworker_moveit_bringup.egg-info/requires.txt
[1.647s] writing top-level names to ../../build/antworker_moveit_bringup/antworker_moveit_bringup.egg-info/top_level.txt
[1.649s] reading manifest file '../../build/antworker_moveit_bringup/antworker_moveit_bringup.egg-info/SOURCES.txt'
[1.650s] writing manifest file '../../build/antworker_moveit_bringup/antworker_moveit_bringup.egg-info/SOURCES.txt'
[1.650s] running build
[1.651s] running build_py
[1.651s] running install
[1.652s] running install_lib
[1.654s] running install_data
[1.654s] running install_egg_info
[1.656s] removing '/home/humble_ws/install/antworker_moveit_bringup/lib/python3.10/site-packages/antworker_moveit_bringup-0.0.0-py3.10.egg-info' (and everything under it)
[1.657s] Copying ../../build/antworker_moveit_bringup/antworker_moveit_bringup.egg-info to /home/humble_ws/install/antworker_moveit_bringup/lib/python3.10/site-packages/antworker_moveit_bringup-0.0.0-py3.10.egg-info
[1.658s] running install_scripts
[1.683s] Installing ee_point_server script to /home/humble_ws/install/antworker_moveit_bringup/lib/antworker_moveit_bringup
[1.683s] Installing joint_command_forwarder script to /home/humble_ws/install/antworker_moveit_bringup/lib/antworker_moveit_bringup
[1.683s] Installing joint_state_forwarder script to /home/humble_ws/install/antworker_moveit_bringup/lib/antworker_moveit_bringup
[1.683s] Installing trajectory_server script to /home/humble_ws/install/antworker_moveit_bringup/lib/antworker_moveit_bringup
[1.683s] Installing trajectory_server_sim script to /home/humble_ws/install/antworker_moveit_bringup/lib/antworker_moveit_bringup
[1.683s] writing list of installed files to '/home/humble_ws/build/antworker_moveit_bringup/install.log'
[1.726s] Invoked command in '/home/humble_ws/src/antworker_moveit_bringup' returned '0': PYTHONPATH=/home/humble_ws/build/antworker_moveit_bringup/prefix_override:/home/humble_ws/install/antworker_moveit_bringup/lib/python3.10/site-packages:${PYTHONPATH} /usr/bin/python3 -W ignore:setup.py install is deprecated setup.py egg_info --egg-base ../../build/antworker_moveit_bringup build --build-base /home/humble_ws/build/antworker_moveit_bringup/build install --record /home/humble_ws/build/antworker_moveit_bringup/install.log --single-version-externally-managed install_data
