[1.320s] Invoking command in '/home/humble_ws/src/antworker_moveit_bringup': PYTHONPATH=/home/humble_ws/build/antworker_moveit_bringup/prefix_override:/home/humble_ws/install/antworker_moveit_bringup/lib/python3.10/site-packages:${PYTHONPATH} /usr/bin/python3 -W ignore:setup.py install is deprecated setup.py egg_info --egg-base ../../build/antworker_moveit_bringup build --build-base /home/humble_ws/build/antworker_moveit_bringup/build install --record /home/humble_ws/build/antworker_moveit_bringup/install.log --single-version-externally-managed install_data
[1.517s] running egg_info
[1.518s] creating ../../build/antworker_moveit_bringup/antworker_moveit_bringup.egg-info
[1.518s] writing ../../build/antworker_moveit_bringup/antworker_moveit_bringup.egg-info/PKG-INFO
[1.518s] writing dependency_links to ../../build/antworker_moveit_bringup/antworker_moveit_bringup.egg-info/dependency_links.txt
[1.518s] writing entry points to ../../build/antworker_moveit_bringup/antworker_moveit_bringup.egg-info/entry_points.txt
[1.518s] writing requirements to ../../build/antworker_moveit_bringup/antworker_moveit_bringup.egg-info/requires.txt
[1.518s] writing top-level names to ../../build/antworker_moveit_bringup/antworker_moveit_bringup.egg-info/top_level.txt
[1.518s] writing manifest file '../../build/antworker_moveit_bringup/antworker_moveit_bringup.egg-info/SOURCES.txt'
[1.520s] reading manifest file '../../build/antworker_moveit_bringup/antworker_moveit_bringup.egg-info/SOURCES.txt'
[1.521s] writing manifest file '../../build/antworker_moveit_bringup/antworker_moveit_bringup.egg-info/SOURCES.txt'
[1.521s] running build
[1.521s] running build_py
[1.521s] creating /home/humble_ws/build/antworker_moveit_bringup/build
[1.521s] creating /home/humble_ws/build/antworker_moveit_bringup/build/lib
[1.521s] creating /home/humble_ws/build/antworker_moveit_bringup/build/lib/antworker_moveit_bringup
[1.521s] copying antworker_moveit_bringup/joint_state_forwarder.py -> /home/humble_ws/build/antworker_moveit_bringup/build/lib/antworker_moveit_bringup
[1.521s] copying antworker_moveit_bringup/target_ee_pose_isolator.py -> /home/humble_ws/build/antworker_moveit_bringup/build/lib/antworker_moveit_bringup
[1.522s] copying antworker_moveit_bringup/dummy_wheel_joint_publisher.py -> /home/humble_ws/build/antworker_moveit_bringup/build/lib/antworker_moveit_bringup
[1.522s] copying antworker_moveit_bringup/trajectory_server_sim.py -> /home/humble_ws/build/antworker_moveit_bringup/build/lib/antworker_moveit_bringup
[1.522s] copying antworker_moveit_bringup/ee_point_server.py -> /home/humble_ws/build/antworker_moveit_bringup/build/lib/antworker_moveit_bringup
[1.522s] copying antworker_moveit_bringup/move_action_interface.py -> /home/humble_ws/build/antworker_moveit_bringup/build/lib/antworker_moveit_bringup
[1.522s] copying antworker_moveit_bringup/trajectory_server.py -> /home/humble_ws/build/antworker_moveit_bringup/build/lib/antworker_moveit_bringup
[1.522s] copying antworker_moveit_bringup/joint_command_forwarder.py -> /home/humble_ws/build/antworker_moveit_bringup/build/lib/antworker_moveit_bringup
[1.522s] copying antworker_moveit_bringup/__init__.py -> /home/humble_ws/build/antworker_moveit_bringup/build/lib/antworker_moveit_bringup
[1.522s] running install
[1.523s] running install_lib
[1.523s] creating /home/humble_ws/install/antworker_moveit_bringup/lib/python3.10/site-packages/antworker_moveit_bringup
[1.524s] copying /home/humble_ws/build/antworker_moveit_bringup/build/lib/antworker_moveit_bringup/joint_state_forwarder.py -> /home/humble_ws/install/antworker_moveit_bringup/lib/python3.10/site-packages/antworker_moveit_bringup
[1.524s] copying /home/humble_ws/build/antworker_moveit_bringup/build/lib/antworker_moveit_bringup/target_ee_pose_isolator.py -> /home/humble_ws/install/antworker_moveit_bringup/lib/python3.10/site-packages/antworker_moveit_bringup
[1.524s] copying /home/humble_ws/build/antworker_moveit_bringup/build/lib/antworker_moveit_bringup/dummy_wheel_joint_publisher.py -> /home/humble_ws/install/antworker_moveit_bringup/lib/python3.10/site-packages/antworker_moveit_bringup
[1.524s] copying /home/humble_ws/build/antworker_moveit_bringup/build/lib/antworker_moveit_bringup/trajectory_server_sim.py -> /home/humble_ws/install/antworker_moveit_bringup/lib/python3.10/site-packages/antworker_moveit_bringup
[1.524s] copying /home/humble_ws/build/antworker_moveit_bringup/build/lib/antworker_moveit_bringup/ee_point_server.py -> /home/humble_ws/install/antworker_moveit_bringup/lib/python3.10/site-packages/antworker_moveit_bringup
[1.524s] copying /home/humble_ws/build/antworker_moveit_bringup/build/lib/antworker_moveit_bringup/move_action_interface.py -> /home/humble_ws/install/antworker_moveit_bringup/lib/python3.10/site-packages/antworker_moveit_bringup
[1.524s] copying /home/humble_ws/build/antworker_moveit_bringup/build/lib/antworker_moveit_bringup/trajectory_server.py -> /home/humble_ws/install/antworker_moveit_bringup/lib/python3.10/site-packages/antworker_moveit_bringup
[1.524s] copying /home/humble_ws/build/antworker_moveit_bringup/build/lib/antworker_moveit_bringup/joint_command_forwarder.py -> /home/humble_ws/install/antworker_moveit_bringup/lib/python3.10/site-packages/antworker_moveit_bringup
[1.524s] copying /home/humble_ws/build/antworker_moveit_bringup/build/lib/antworker_moveit_bringup/__init__.py -> /home/humble_ws/install/antworker_moveit_bringup/lib/python3.10/site-packages/antworker_moveit_bringup
[1.525s] byte-compiling /home/humble_ws/install/antworker_moveit_bringup/lib/python3.10/site-packages/antworker_moveit_bringup/joint_state_forwarder.py to joint_state_forwarder.cpython-310.pyc
[1.526s] byte-compiling /home/humble_ws/install/antworker_moveit_bringup/lib/python3.10/site-packages/antworker_moveit_bringup/target_ee_pose_isolator.py to target_ee_pose_isolator.cpython-310.pyc
[1.526s] byte-compiling /home/humble_ws/install/antworker_moveit_bringup/lib/python3.10/site-packages/antworker_moveit_bringup/dummy_wheel_joint_publisher.py to dummy_wheel_joint_publisher.cpython-310.pyc
[1.526s] byte-compiling /home/humble_ws/install/antworker_moveit_bringup/lib/python3.10/site-packages/antworker_moveit_bringup/trajectory_server_sim.py to trajectory_server_sim.cpython-310.pyc
[1.527s] byte-compiling /home/humble_ws/install/antworker_moveit_bringup/lib/python3.10/site-packages/antworker_moveit_bringup/ee_point_server.py to ee_point_server.cpython-310.pyc
[1.528s] byte-compiling /home/humble_ws/install/antworker_moveit_bringup/lib/python3.10/site-packages/antworker_moveit_bringup/move_action_interface.py to move_action_interface.cpython-310.pyc
[1.529s] byte-compiling /home/humble_ws/install/antworker_moveit_bringup/lib/python3.10/site-packages/antworker_moveit_bringup/trajectory_server.py to trajectory_server.cpython-310.pyc
[1.529s] byte-compiling /home/humble_ws/install/antworker_moveit_bringup/lib/python3.10/site-packages/antworker_moveit_bringup/joint_command_forwarder.py to joint_command_forwarder.cpython-310.pyc
[1.529s] byte-compiling /home/humble_ws/install/antworker_moveit_bringup/lib/python3.10/site-packages/antworker_moveit_bringup/__init__.py to __init__.cpython-310.pyc
[1.530s] running install_data
[1.530s] creating /home/humble_ws/install/antworker_moveit_bringup/share/ament_index
[1.530s] creating /home/humble_ws/install/antworker_moveit_bringup/share/ament_index/resource_index
[1.530s] creating /home/humble_ws/install/antworker_moveit_bringup/share/ament_index/resource_index/packages
[1.530s] copying resource/antworker_moveit_bringup -> /home/humble_ws/install/antworker_moveit_bringup/share/ament_index/resource_index/packages
[1.530s] copying package.xml -> /home/humble_ws/install/antworker_moveit_bringup/share/antworker_moveit_bringup
[1.530s] creating /home/humble_ws/install/antworker_moveit_bringup/share/antworker_moveit_bringup/launch
[1.530s] copying launch/old1_moveit_bringup.launch.py -> /home/humble_ws/install/antworker_moveit_bringup/share/antworker_moveit_bringup/launch
[1.530s] copying launch/moveit_bringup.launch.py -> /home/humble_ws/install/antworker_moveit_bringup/share/antworker_moveit_bringup/launch
[1.531s] creating /home/humble_ws/install/antworker_moveit_bringup/share/antworker_moveit_bringup/config
[1.531s] copying config/moveit_py_params.yaml -> /home/humble_ws/install/antworker_moveit_bringup/share/antworker_moveit_bringup/config
[1.531s] copying config/target_to_actual_bridge.yaml -> /home/humble_ws/install/antworker_moveit_bringup/share/antworker_moveit_bringup/config
[1.531s] copying config/rviz_config.rviz -> /home/humble_ws/install/antworker_moveit_bringup/share/antworker_moveit_bringup/config
[1.531s] running install_egg_info
[1.534s] Copying ../../build/antworker_moveit_bringup/antworker_moveit_bringup.egg-info to /home/humble_ws/install/antworker_moveit_bringup/lib/python3.10/site-packages/antworker_moveit_bringup-0.0.0-py3.10.egg-info
[1.535s] running install_scripts
[1.556s] Installing dummy_wheel_joint_publisher script to /home/humble_ws/install/antworker_moveit_bringup/lib/antworker_moveit_bringup
[1.556s] Installing ee_point_server script to /home/humble_ws/install/antworker_moveit_bringup/lib/antworker_moveit_bringup
[1.556s] Installing joint_command_forwarder script to /home/humble_ws/install/antworker_moveit_bringup/lib/antworker_moveit_bringup
[1.556s] Installing joint_state_forwarder script to /home/humble_ws/install/antworker_moveit_bringup/lib/antworker_moveit_bringup
[1.556s] Installing move_action_interface script to /home/humble_ws/install/antworker_moveit_bringup/lib/antworker_moveit_bringup
[1.557s] Installing trajectory_server script to /home/humble_ws/install/antworker_moveit_bringup/lib/antworker_moveit_bringup
[1.557s] Installing trajectory_server_sim script to /home/humble_ws/install/antworker_moveit_bringup/lib/antworker_moveit_bringup
[1.557s] writing list of installed files to '/home/humble_ws/build/antworker_moveit_bringup/install.log'
[1.594s] Invoked command in '/home/humble_ws/src/antworker_moveit_bringup' returned '0': PYTHONPATH=/home/humble_ws/build/antworker_moveit_bringup/prefix_override:/home/humble_ws/install/antworker_moveit_bringup/lib/python3.10/site-packages:${PYTHONPATH} /usr/bin/python3 -W ignore:setup.py install is deprecated setup.py egg_info --egg-base ../../build/antworker_moveit_bringup build --build-base /home/humble_ws/build/antworker_moveit_bringup/build install --record /home/humble_ws/build/antworker_moveit_bringup/install.log --single-version-externally-managed install_data
