[0.018s] Invoking command in '/home/kortex_ws/build/controller_manager': AMENT_PREFIX_PATH=/home/kortex_ws/install/hardware_interface_testing:/home/kortex_ws/install/controller_interface:/home/kortex_ws/install/hardware_interface:/home/kortex_ws/install/ros2_control_test_assets:/home/kortex_ws/install/controller_manager_msgs:/home/kortex_ws/install/control_msgs:${AMENT_PREFIX_PATH} CMAKE_PREFIX_PATH=/home/kortex_ws/install/hardware_interface_testing:/home/kortex_ws/install/controller_interface:/home/kortex_ws/install/hardware_interface:/home/kortex_ws/install/ros2_control_test_assets:/home/kortex_ws/install/controller_manager_msgs:/home/kortex_ws/install/control_msgs:/home/kortex_ws/install/serial:/home/kortex_ws/install/kortex_bringup:/home/kortex_ws/install/kinova_gen3_7dof_robotiq_2f_85_moveit_config:/home/kortex_ws/install/kinova_gen3_6dof_robotiq_2f_85_moveit_config:/home/kortex_ws/install/kortex_description:/home/kortex_ws/install/picknik_twist_controller:/home/kortex_ws/install/picknik_reset_fault_controller:/home/kortex_ws/install/kortex_driver:/home/kortex_ws/install/kortex_api:/opt/ros/humble LD_LIBRARY_PATH=/home/kortex_ws/install/hardware_interface_testing/lib:/home/kortex_ws/install/controller_interface/lib:/home/kortex_ws/install/hardware_interface/lib:/home/kortex_ws/install/controller_manager_msgs/lib:/home/kortex_ws/install/control_msgs/lib:${LD_LIBRARY_PATH} PYTHONPATH=/home/kortex_ws/install/controller_manager_msgs/local/lib/python3.10/dist-packages:/home/kortex_ws/install/control_msgs/local/lib/python3.10/dist-packages:${PYTHONPATH} /usr/bin/cmake /home/kortex_ws/src/ros2_control/controller_manager -DCMAKE_BUILD_TYPE=Release -DCMAKE_INSTALL_PREFIX=/home/kortex_ws/install/controller_manager
[0.077s] -- The C compiler identification is GNU 11.4.0
[0.133s] -- The CXX compiler identification is GNU 11.4.0
[0.144s] -- Detecting C compiler ABI info
[0.225s] -- Detecting C compiler ABI info - done
[0.235s] -- Check for working C compiler: /usr/bin/cc - skipped
[0.236s] -- Detecting C compile features
[0.236s] -- Detecting C compile features - done
[0.240s] -- Detecting CXX compiler ABI info
[0.326s] -- Detecting CXX compiler ABI info - done
[0.332s] -- Check for working CXX compiler: /usr/bin/c++ - skipped
[0.332s] -- Detecting CXX compile features
[0.333s] -- Detecting CXX compile features - done
[0.338s] -- Found ament_cmake: 1.3.8 (/opt/ros/humble/share/ament_cmake/cmake)
[0.475s] -- Found Python3: /usr/bin/python3 (found version "3.10.12") found components: Interpreter 
[0.589s] -- Found backward_ros: 1.0.2 (/opt/ros/humble/share/backward_ros/cmake)
[0.600s] -- Found libdw: /usr/lib/x86_64-linux-gnu/libdw.so  
[0.606s] -- Could NOT find libbfd (missing: LIBBFD_LIBRARY LIBBFD_INCLUDE_DIR) 
[0.606s] -- BACKWARD_HAS_UNWIND=1
[0.607s] -- BACKWARD_HAS_BACKTRACE=0
[0.607s] -- BACKWARD_HAS_BACKTRACE_SYMBOL=0
[0.607s] -- BACKWARD_HAS_DW=1
[0.607s] -- BACKWARD_HAS_BFD=0
[0.607s] -- Found Backward: /opt/ros/humble/share/backward_ros/cmake  
[0.611s] -- Found ament_index_cpp: 1.4.0 (/opt/ros/humble/share/ament_index_cpp/cmake)
[0.612s] -- Found controller_interface: 2.41.0 (/home/kortex_ws/install/controller_interface/share/controller_interface/cmake)
[0.668s] -- Found rosidl_generator_c: 3.1.5 (/opt/ros/humble/share/rosidl_generator_c/cmake)
[0.677s] -- Found rosidl_adapter: 3.1.5 (/opt/ros/humble/share/rosidl_adapter/cmake)
[0.690s] -- Found rosidl_generator_cpp: 3.1.5 (/opt/ros/humble/share/rosidl_generator_cpp/cmake)
[0.708s] -- Using all available rosidl_typesupport_c: rosidl_typesupport_fastrtps_c;rosidl_typesupport_introspection_c
[0.734s] -- Using all available rosidl_typesupport_cpp: rosidl_typesupport_fastrtps_cpp;rosidl_typesupport_introspection_cpp
[1.332s] -- Found rmw_implementation_cmake: 6.1.1 (/opt/ros/humble/share/rmw_implementation_cmake/cmake)
[1.336s] -- Found rmw_cyclonedds_cpp: 1.3.4 (/opt/ros/humble/share/rmw_cyclonedds_cpp/cmake)
[1.372s] -- Using RMW implementation 'rmw_cyclonedds_cpp' as default
[1.388s] -- Looking for pthread.h
[1.479s] -- Looking for pthread.h - found
[1.479s] -- Performing Test CMAKE_HAVE_LIBC_PTHREAD
[1.573s] -- Performing Test CMAKE_HAVE_LIBC_PTHREAD - Success
[1.574s] -- Found Threads: TRUE  
[1.782s] -- Found controller_manager_msgs: 2.41.0 (/home/kortex_ws/install/controller_manager_msgs/share/controller_manager_msgs/cmake)
[1.822s] -- Found realtime_tools: 2.5.0 (/opt/ros/humble/share/realtime_tools/cmake)
[2.212s] -- Found ament_cmake_gmock: 1.3.8 (/opt/ros/humble/share/ament_cmake_gmock/cmake)
[2.212s] -- Found ros2_control_test_assets: 2.41.0 (/home/kortex_ws/install/ros2_control_test_assets/share/ros2_control_test_assets/cmake)
[2.218s] -- Found gmock sources under '/opt/ros/humble/src/gmock_vendor': C++ tests using 'Google Mock' will be built
[2.227s] -- Found ament_cmake_gtest: 1.3.8 (/opt/ros/humble/share/ament_cmake_gtest/cmake)
[2.228s] -- Found gtest sources under '/opt/ros/humble/src/gtest_vendor': C++ tests using 'Google Test' will be built
[2.366s] -- Configuring done
[2.731s] -- Generating done
[2.735s] -- Build files have been written to: /home/kortex_ws/build/controller_manager
[2.749s] Invoked command in '/home/kortex_ws/build/controller_manager' returned '0': AMENT_PREFIX_PATH=/home/kortex_ws/install/hardware_interface_testing:/home/kortex_ws/install/controller_interface:/home/kortex_ws/install/hardware_interface:/home/kortex_ws/install/ros2_control_test_assets:/home/kortex_ws/install/controller_manager_msgs:/home/kortex_ws/install/control_msgs:${AMENT_PREFIX_PATH} CMAKE_PREFIX_PATH=/home/kortex_ws/install/hardware_interface_testing:/home/kortex_ws/install/controller_interface:/home/kortex_ws/install/hardware_interface:/home/kortex_ws/install/ros2_control_test_assets:/home/kortex_ws/install/controller_manager_msgs:/home/kortex_ws/install/control_msgs:/home/kortex_ws/install/serial:/home/kortex_ws/install/kortex_bringup:/home/kortex_ws/install/kinova_gen3_7dof_robotiq_2f_85_moveit_config:/home/kortex_ws/install/kinova_gen3_6dof_robotiq_2f_85_moveit_config:/home/kortex_ws/install/kortex_description:/home/kortex_ws/install/picknik_twist_controller:/home/kortex_ws/install/picknik_reset_fault_controller:/home/kortex_ws/install/kortex_driver:/home/kortex_ws/install/kortex_api:/opt/ros/humble LD_LIBRARY_PATH=/home/kortex_ws/install/hardware_interface_testing/lib:/home/kortex_ws/install/controller_interface/lib:/home/kortex_ws/install/hardware_interface/lib:/home/kortex_ws/install/controller_manager_msgs/lib:/home/kortex_ws/install/control_msgs/lib:${LD_LIBRARY_PATH} PYTHONPATH=/home/kortex_ws/install/controller_manager_msgs/local/lib/python3.10/dist-packages:/home/kortex_ws/install/control_msgs/local/lib/python3.10/dist-packages:${PYTHONPATH} /usr/bin/cmake /home/kortex_ws/src/ros2_control/controller_manager -DCMAKE_BUILD_TYPE=Release -DCMAKE_INSTALL_PREFIX=/home/kortex_ws/install/controller_manager
[2.750s] Invoking command in '/home/kortex_ws/build/controller_manager': AMENT_PREFIX_PATH=/home/kortex_ws/install/hardware_interface_testing:/home/kortex_ws/install/controller_interface:/home/kortex_ws/install/hardware_interface:/home/kortex_ws/install/ros2_control_test_assets:/home/kortex_ws/install/controller_manager_msgs:/home/kortex_ws/install/control_msgs:${AMENT_PREFIX_PATH} CMAKE_PREFIX_PATH=/home/kortex_ws/install/hardware_interface_testing:/home/kortex_ws/install/controller_interface:/home/kortex_ws/install/hardware_interface:/home/kortex_ws/install/ros2_control_test_assets:/home/kortex_ws/install/controller_manager_msgs:/home/kortex_ws/install/control_msgs:/home/kortex_ws/install/serial:/home/kortex_ws/install/kortex_bringup:/home/kortex_ws/install/kinova_gen3_7dof_robotiq_2f_85_moveit_config:/home/kortex_ws/install/kinova_gen3_6dof_robotiq_2f_85_moveit_config:/home/kortex_ws/install/kortex_description:/home/kortex_ws/install/picknik_twist_controller:/home/kortex_ws/install/picknik_reset_fault_controller:/home/kortex_ws/install/kortex_driver:/home/kortex_ws/install/kortex_api:/opt/ros/humble LD_LIBRARY_PATH=/home/kortex_ws/install/hardware_interface_testing/lib:/home/kortex_ws/install/controller_interface/lib:/home/kortex_ws/install/hardware_interface/lib:/home/kortex_ws/install/controller_manager_msgs/lib:/home/kortex_ws/install/control_msgs/lib:${LD_LIBRARY_PATH} PYTHONPATH=/home/kortex_ws/install/controller_manager_msgs/local/lib/python3.10/dist-packages:/home/kortex_ws/install/control_msgs/local/lib/python3.10/dist-packages:${PYTHONPATH} /usr/bin/cmake --build /home/kortex_ws/build/controller_manager -- -j16 -l16
[2.808s] [ 11%] [32mBuilding CXX object gmock/CMakeFiles/gmock.dir/opt/ros/humble/src/gtest_vendor/src/gtest-all.cc.o[0m
[2.809s] [ 11%] [32mBuilding CXX object gmock/CMakeFiles/gmock.dir/src/gmock-all.cc.o[0m
[2.809s] [ 11%] [32mBuilding CXX object CMakeFiles/controller_manager.dir/src/controller_manager.cpp.o[0m
[2.809s] [ 11%] [32mBuilding CXX object gmock/CMakeFiles/gmock_main.dir/src/gmock_main.cc.o[0m
[2.819s] [ 11%] Built target ament_cmake_python_copy_controller_manager_setup
[2.819s] [ 11%] Built target ament_cmake_python_copy_controller_manager
[3.054s] running install_scripts
[3.076s] running egg_info
[3.077s] creating controller_manager.egg-info
[3.077s] writing controller_manager.egg-info/PKG-INFO
[3.077s] writing dependency_links to controller_manager.egg-info/dependency_links.txt
[3.077s] writing entry points to controller_manager.egg-info/entry_points.txt
[3.078s] writing top-level names to controller_manager.egg-info/top_level.txt
[3.078s] writing manifest file 'controller_manager.egg-info/SOURCES.txt'
[3.079s] reading manifest file 'controller_manager.egg-info/SOURCES.txt'
[3.080s] writing manifest file 'controller_manager.egg-info/SOURCES.txt'
[3.081s] Installing hardware_spawner script to scripts
[3.081s] Installing spawner script to scripts
[3.081s] Installing unspawner script to scripts
[3.116s] running egg_info
[3.117s] writing controller_manager.egg-info/PKG-INFO
[3.117s] writing dependency_links to controller_manager.egg-info/dependency_links.txt
[3.117s] writing entry points to controller_manager.egg-info/entry_points.txt
[3.117s] writing top-level names to controller_manager.egg-info/top_level.txt
[3.120s] reading manifest file 'controller_manager.egg-info/SOURCES.txt'
[3.120s] writing manifest file 'controller_manager.egg-info/SOURCES.txt'
[3.130s] [ 11%] Built target ament_cmake_python_build_controller_manager_scripts
[3.159s] [ 11%] Built target ament_cmake_python_build_controller_manager_egg
[3.896s] [ 14%] [32m[1mLinking CXX static library libgmock_main.a[0m
[3.971s] [ 14%] Built target gmock_main
[8.674s] [ 17%] [32m[1mLinking CXX static library libgmock.a[0m
[8.756s] [ 17%] Built target gmock
[27.532s] [ 20%] [32m[1mLinking CXX shared library libcontroller_manager.so[0m
[27.745s] [ 20%] Built target controller_manager
[27.767s] [ 37%] [32mBuilding CXX object CMakeFiles/test_controller_failed_init.dir/test/test_controller_failed_init/test_controller_failed_init.cpp.o[0m
[27.767s] [ 37%] [32mBuilding CXX object CMakeFiles/test_chainable_controller.dir/test/test_chainable_controller/test_chainable_controller.cpp.o[0m
[27.768s] [ 37%] [32mBuilding CXX object CMakeFiles/test_controller.dir/test/test_controller/test_controller.cpp.o[0m
[27.768s] [ 37%] [32mBuilding CXX object CMakeFiles/test_controller_manager_urdf_passing.dir/test/test_controller_manager_urdf_passing.cpp.o[0m
[27.768s] [ 37%] [32mBuilding CXX object CMakeFiles/ros2_control_node.dir/src/ros2_control_node.cpp.o[0m
[27.768s] [ 37%] [32mBuilding CXX object CMakeFiles/test_controller_with_interfaces.dir/test/test_controller_with_interfaces/test_controller_with_interfaces.cpp.o[0m
[31.133s] [ 40%] [32m[1mLinking CXX shared library libtest_controller.so[0m
[31.269s] [ 40%] Built target test_controller
[31.297s] [ 45%] [32mBuilding CXX object CMakeFiles/test_hardware_management_srvs.dir/test/test_hardware_management_srvs.cpp.o[0m
[31.297s] [ 45%] [32mBuilding CXX object CMakeFiles/test_controller_manager.dir/test/test_controller_manager.cpp.o[0m
[31.297s] [ 48%] [32mBuilding CXX object CMakeFiles/test_spawner_unspawner.dir/test/test_spawner_unspawner.cpp.o[0m
[31.301s] [ 51%] [32mBuilding CXX object CMakeFiles/test_controller_manager_with_namespace.cpp.dir/test/test_controller_manager_with_namespace.cpp.o[0m
[31.899s] [ 54%] [32m[1mLinking CXX shared library libtest_controller_failed_init.so[0m
[31.904s] [ 57%] [32m[1mLinking CXX shared library libtest_controller_with_interfaces.so[0m
[32.076s] [ 57%] Built target test_controller_with_interfaces
[32.085s] [ 57%] Built target test_controller_failed_init
[32.108s] [ 60%] [32mBuilding CXX object CMakeFiles/test_release_interfaces.dir/test/test_release_interfaces.cpp.o[0m
[32.116s] [ 62%] [32mBuilding CXX object CMakeFiles/test_load_controller.dir/test/test_load_controller.cpp.o[0m
[32.234s] [ 65%] [32m[1mLinking CXX executable ros2_control_node[0m
[32.574s] [ 65%] Built target ros2_control_node
[34.790s] [ 68%] [32m[1mLinking CXX executable test_controller_manager_urdf_passing[0m
[35.099s] [ 68%] Built target test_controller_manager_urdf_passing
[38.230s] [ 71%] [32m[1mLinking CXX shared library libtest_chainable_controller.so[0m
[38.494s] [ 74%] [32m[1mLinking CXX executable test_controller_manager_with_namespace.cpp[0m
[38.518s] [ 74%] Built target test_chainable_controller
[38.553s] [ 77%] [32mBuilding CXX object CMakeFiles/test_controllers_chaining_with_controller_manager.dir/test/test_controllers_chaining_with_controller_manager.cpp.o[0m
[38.557s] [ 80%] [32mBuilding CXX object CMakeFiles/test_controller_manager_srvs.dir/test/test_controller_manager_srvs.cpp.o[0m
[38.808s] [ 80%] Built target test_controller_manager_with_namespace.cpp
[39.170s] [ 82%] [32m[1mLinking CXX executable test_spawner_unspawner[0m
[39.489s] [ 82%] Built target test_spawner_unspawner
[39.711s] [ 85%] [32m[1mLinking CXX executable test_release_interfaces[0m
[39.994s] [ 85%] Built target test_release_interfaces
[40.182s] [ 88%] [32m[1mLinking CXX executable test_hardware_management_srvs[0m
[40.443s] [ 88%] Built target test_hardware_management_srvs
[41.329s] [ 91%] [32m[1mLinking CXX executable test_controller_manager[0m
[41.577s] [ 91%] Built target test_controller_manager
[42.579s] [ 94%] [32m[1mLinking CXX executable test_load_controller[0m
[42.818s] [ 94%] Built target test_load_controller
[46.170s] [ 97%] [32m[1mLinking CXX executable test_controllers_chaining_with_controller_manager[0m
[46.398s] [ 97%] Built target test_controllers_chaining_with_controller_manager
[52.464s] [100%] [32m[1mLinking CXX executable test_controller_manager_srvs[0m
[52.675s] [100%] Built target test_controller_manager_srvs
[52.687s] Invoked command in '/home/kortex_ws/build/controller_manager' returned '0': AMENT_PREFIX_PATH=/home/kortex_ws/install/hardware_interface_testing:/home/kortex_ws/install/controller_interface:/home/kortex_ws/install/hardware_interface:/home/kortex_ws/install/ros2_control_test_assets:/home/kortex_ws/install/controller_manager_msgs:/home/kortex_ws/install/control_msgs:${AMENT_PREFIX_PATH} CMAKE_PREFIX_PATH=/home/kortex_ws/install/hardware_interface_testing:/home/kortex_ws/install/controller_interface:/home/kortex_ws/install/hardware_interface:/home/kortex_ws/install/ros2_control_test_assets:/home/kortex_ws/install/controller_manager_msgs:/home/kortex_ws/install/control_msgs:/home/kortex_ws/install/serial:/home/kortex_ws/install/kortex_bringup:/home/kortex_ws/install/kinova_gen3_7dof_robotiq_2f_85_moveit_config:/home/kortex_ws/install/kinova_gen3_6dof_robotiq_2f_85_moveit_config:/home/kortex_ws/install/kortex_description:/home/kortex_ws/install/picknik_twist_controller:/home/kortex_ws/install/picknik_reset_fault_controller:/home/kortex_ws/install/kortex_driver:/home/kortex_ws/install/kortex_api:/opt/ros/humble LD_LIBRARY_PATH=/home/kortex_ws/install/hardware_interface_testing/lib:/home/kortex_ws/install/controller_interface/lib:/home/kortex_ws/install/hardware_interface/lib:/home/kortex_ws/install/controller_manager_msgs/lib:/home/kortex_ws/install/control_msgs/lib:${LD_LIBRARY_PATH} PYTHONPATH=/home/kortex_ws/install/controller_manager_msgs/local/lib/python3.10/dist-packages:/home/kortex_ws/install/control_msgs/local/lib/python3.10/dist-packages:${PYTHONPATH} /usr/bin/cmake --build /home/kortex_ws/build/controller_manager -- -j16 -l16
[52.769s] Invoking command in '/home/kortex_ws/build/controller_manager': AMENT_PREFIX_PATH=/home/kortex_ws/install/hardware_interface_testing:/home/kortex_ws/install/controller_interface:/home/kortex_ws/install/hardware_interface:/home/kortex_ws/install/ros2_control_test_assets:/home/kortex_ws/install/controller_manager_msgs:/home/kortex_ws/install/control_msgs:${AMENT_PREFIX_PATH} CMAKE_PREFIX_PATH=/home/kortex_ws/install/hardware_interface_testing:/home/kortex_ws/install/controller_interface:/home/kortex_ws/install/hardware_interface:/home/kortex_ws/install/ros2_control_test_assets:/home/kortex_ws/install/controller_manager_msgs:/home/kortex_ws/install/control_msgs:/home/kortex_ws/install/serial:/home/kortex_ws/install/kortex_bringup:/home/kortex_ws/install/kinova_gen3_7dof_robotiq_2f_85_moveit_config:/home/kortex_ws/install/kinova_gen3_6dof_robotiq_2f_85_moveit_config:/home/kortex_ws/install/kortex_description:/home/kortex_ws/install/picknik_twist_controller:/home/kortex_ws/install/picknik_reset_fault_controller:/home/kortex_ws/install/kortex_driver:/home/kortex_ws/install/kortex_api:/opt/ros/humble LD_LIBRARY_PATH=/home/kortex_ws/install/hardware_interface_testing/lib:/home/kortex_ws/install/controller_interface/lib:/home/kortex_ws/install/hardware_interface/lib:/home/kortex_ws/install/controller_manager_msgs/lib:/home/kortex_ws/install/control_msgs/lib:${LD_LIBRARY_PATH} PYTHONPATH=/home/kortex_ws/install/controller_manager_msgs/local/lib/python3.10/dist-packages:/home/kortex_ws/install/control_msgs/local/lib/python3.10/dist-packages:${PYTHONPATH} /usr/bin/cmake --install /home/kortex_ws/build/controller_manager
[52.776s] -- Install configuration: "Release"
[52.777s] -- Installing: /home/kortex_ws/install/controller_manager/lib/libcontroller_manager.so
[52.780s] -- Set runtime path of "/home/kortex_ws/install/controller_manager/lib/libcontroller_manager.so" to ""
[52.780s] -- Installing: /home/kortex_ws/install/controller_manager/lib/controller_manager/ros2_control_node
[52.781s] -- Set runtime path of "/home/kortex_ws/install/controller_manager/lib/controller_manager/ros2_control_node" to ""
[52.781s] -- Installing: /home/kortex_ws/install/controller_manager/include
[52.781s] -- Installing: /home/kortex_ws/install/controller_manager/include/controller_manager
[52.781s] -- Installing: /home/kortex_ws/install/controller_manager/include/controller_manager/visibility_control.h
[52.781s] -- Installing: /home/kortex_ws/install/controller_manager/include/controller_manager/controller_manager.hpp
[52.781s] -- Installing: /home/kortex_ws/install/controller_manager/include/controller_manager/controller_spec.hpp
[52.781s] -- Installing: /home/kortex_ws/install/controller_manager/share/controller_manager/test/test_controller/test_controller.xml
[52.781s] -- Installing: /home/kortex_ws/install/controller_manager/lib/libtest_controller.so
[52.782s] -- Set runtime path of "/home/kortex_ws/install/controller_manager/lib/libtest_controller.so" to ""
[52.782s] -- Installing: /home/kortex_ws/install/controller_manager/share/controller_manager/test/test_controller_failed_init/test_controller_failed_init.xml
[52.782s] -- Installing: /home/kortex_ws/install/controller_manager/lib/libtest_controller_failed_init.so
[52.782s] -- Set runtime path of "/home/kortex_ws/install/controller_manager/lib/libtest_controller_failed_init.so" to ""
[52.783s] -- Installing: /home/kortex_ws/install/controller_manager/share/controller_manager/test/test_chainable_controller/test_chainable_controller.xml
[52.783s] -- Installing: /home/kortex_ws/install/controller_manager/lib/libtest_chainable_controller.so
[52.784s] -- Set runtime path of "/home/kortex_ws/install/controller_manager/lib/libtest_chainable_controller.so" to ""
[52.784s] -- Installing: /home/kortex_ws/install/controller_manager/share/controller_manager/test/test_controller_with_interfaces/test_controller_with_interfaces.xml
[52.784s] -- Installing: /home/kortex_ws/install/controller_manager/lib/libtest_controller_with_interfaces.so
[52.785s] -- Set runtime path of "/home/kortex_ws/install/controller_manager/lib/libtest_controller_with_interfaces.so" to ""
[52.785s] -- Installing: /home/kortex_ws/install/controller_manager/share/controller_manager/environment/pythonpath.sh
[52.785s] -- Installing: /home/kortex_ws/install/controller_manager/share/controller_manager/environment/pythonpath.dsv
[52.785s] -- Installing: /home/kortex_ws/install/controller_manager/local/lib/python3.10/dist-packages/controller_manager-2.41.0-py3.10.egg-info
[52.785s] -- Installing: /home/kortex_ws/install/controller_manager/local/lib/python3.10/dist-packages/controller_manager-2.41.0-py3.10.egg-info/SOURCES.txt
[52.785s] -- Installing: /home/kortex_ws/install/controller_manager/local/lib/python3.10/dist-packages/controller_manager-2.41.0-py3.10.egg-info/dependency_links.txt
[52.785s] -- Installing: /home/kortex_ws/install/controller_manager/local/lib/python3.10/dist-packages/controller_manager-2.41.0-py3.10.egg-info/top_level.txt
[52.786s] -- Installing: /home/kortex_ws/install/controller_manager/local/lib/python3.10/dist-packages/controller_manager-2.41.0-py3.10.egg-info/PKG-INFO
[52.786s] -- Installing: /home/kortex_ws/install/controller_manager/local/lib/python3.10/dist-packages/controller_manager-2.41.0-py3.10.egg-info/entry_points.txt
[52.786s] -- Up-to-date: /home/kortex_ws/install/controller_manager/lib/controller_manager/
[52.786s] -- Installing: /home/kortex_ws/install/controller_manager/lib/controller_manager//spawner
[52.786s] -- Installing: /home/kortex_ws/install/controller_manager/lib/controller_manager//hardware_spawner
[52.786s] -- Installing: /home/kortex_ws/install/controller_manager/lib/controller_manager//unspawner
[52.786s] -- Installing: /home/kortex_ws/install/controller_manager/local/lib/python3.10/dist-packages/controller_manager
[52.786s] -- Installing: /home/kortex_ws/install/controller_manager/local/lib/python3.10/dist-packages/controller_manager/controller_manager_services.py
[52.786s] -- Installing: /home/kortex_ws/install/controller_manager/local/lib/python3.10/dist-packages/controller_manager/unspawner.py
[52.787s] -- Installing: /home/kortex_ws/install/controller_manager/local/lib/python3.10/dist-packages/controller_manager/launch_utils.py
[52.787s] -- Installing: /home/kortex_ws/install/controller_manager/local/lib/python3.10/dist-packages/controller_manager/spawner.py
[52.787s] -- Installing: /home/kortex_ws/install/controller_manager/local/lib/python3.10/dist-packages/controller_manager/hardware_spawner.py
[52.787s] -- Installing: /home/kortex_ws/install/controller_manager/local/lib/python3.10/dist-packages/controller_manager/__init__.py
[52.815s] Listing '/home/kortex_ws/install/controller_manager/local/lib/python3.10/dist-packages/controller_manager'...
[52.815s] Compiling '/home/kortex_ws/install/controller_manager/local/lib/python3.10/dist-packages/controller_manager/__init__.py'...
[52.815s] Compiling '/home/kortex_ws/install/controller_manager/local/lib/python3.10/dist-packages/controller_manager/controller_manager_services.py'...
[52.815s] Compiling '/home/kortex_ws/install/controller_manager/local/lib/python3.10/dist-packages/controller_manager/hardware_spawner.py'...
[52.815s] Compiling '/home/kortex_ws/install/controller_manager/local/lib/python3.10/dist-packages/controller_manager/launch_utils.py'...
[52.815s] Compiling '/home/kortex_ws/install/controller_manager/local/lib/python3.10/dist-packages/controller_manager/spawner.py'...
[52.815s] Compiling '/home/kortex_ws/install/controller_manager/local/lib/python3.10/dist-packages/controller_manager/unspawner.py'...
[52.817s] -- Installing: /home/kortex_ws/install/controller_manager/share/controller_manager/environment/library_path.sh
[52.818s] -- Installing: /home/kortex_ws/install/controller_manager/share/controller_manager/environment/library_path.dsv
[52.818s] -- Installing: /home/kortex_ws/install/controller_manager/share/ament_index/resource_index/package_run_dependencies/controller_manager
[52.819s] -- Installing: /home/kortex_ws/install/controller_manager/share/ament_index/resource_index/parent_prefix_path/controller_manager
[52.819s] -- Installing: /home/kortex_ws/install/controller_manager/share/controller_manager/environment/ament_prefix_path.sh
[52.819s] -- Installing: /home/kortex_ws/install/controller_manager/share/controller_manager/environment/ament_prefix_path.dsv
[52.819s] -- Installing: /home/kortex_ws/install/controller_manager/share/controller_manager/environment/path.sh
[52.819s] -- Installing: /home/kortex_ws/install/controller_manager/share/controller_manager/environment/path.dsv
[52.819s] -- Installing: /home/kortex_ws/install/controller_manager/share/controller_manager/local_setup.bash
[52.820s] -- Installing: /home/kortex_ws/install/controller_manager/share/controller_manager/local_setup.sh
[52.820s] -- Installing: /home/kortex_ws/install/controller_manager/share/controller_manager/local_setup.zsh
[52.820s] -- Installing: /home/kortex_ws/install/controller_manager/share/controller_manager/local_setup.dsv
[52.820s] -- Installing: /home/kortex_ws/install/controller_manager/share/controller_manager/package.dsv
[52.820s] -- Installing: /home/kortex_ws/install/controller_manager/share/ament_index/resource_index/packages/controller_manager
[52.820s] -- Installing: /home/kortex_ws/install/controller_manager/share/ament_index/resource_index/controller_interface__pluginlib__plugin/controller_manager
[52.820s] -- Installing: /home/kortex_ws/install/controller_manager/share/controller_manager/cmake/ament_cmake_export_libraries-extras.cmake
[52.821s] -- Installing: /home/kortex_ws/install/controller_manager/share/controller_manager/cmake/ament_cmake_export_include_directories-extras.cmake
[52.821s] -- Installing: /home/kortex_ws/install/controller_manager/share/controller_manager/cmake/ament_cmake_export_dependencies-extras.cmake
[52.821s] -- Installing: /home/kortex_ws/install/controller_manager/share/controller_manager/cmake/controller_managerConfig.cmake
[52.821s] -- Installing: /home/kortex_ws/install/controller_manager/share/controller_manager/cmake/controller_managerConfig-version.cmake
[52.821s] -- Installing: /home/kortex_ws/install/controller_manager/share/controller_manager/package.xml
[52.823s] Invoked command in '/home/kortex_ws/build/controller_manager' returned '0': AMENT_PREFIX_PATH=/home/kortex_ws/install/hardware_interface_testing:/home/kortex_ws/install/controller_interface:/home/kortex_ws/install/hardware_interface:/home/kortex_ws/install/ros2_control_test_assets:/home/kortex_ws/install/controller_manager_msgs:/home/kortex_ws/install/control_msgs:${AMENT_PREFIX_PATH} CMAKE_PREFIX_PATH=/home/kortex_ws/install/hardware_interface_testing:/home/kortex_ws/install/controller_interface:/home/kortex_ws/install/hardware_interface:/home/kortex_ws/install/ros2_control_test_assets:/home/kortex_ws/install/controller_manager_msgs:/home/kortex_ws/install/control_msgs:/home/kortex_ws/install/serial:/home/kortex_ws/install/kortex_bringup:/home/kortex_ws/install/kinova_gen3_7dof_robotiq_2f_85_moveit_config:/home/kortex_ws/install/kinova_gen3_6dof_robotiq_2f_85_moveit_config:/home/kortex_ws/install/kortex_description:/home/kortex_ws/install/picknik_twist_controller:/home/kortex_ws/install/picknik_reset_fault_controller:/home/kortex_ws/install/kortex_driver:/home/kortex_ws/install/kortex_api:/opt/ros/humble LD_LIBRARY_PATH=/home/kortex_ws/install/hardware_interface_testing/lib:/home/kortex_ws/install/controller_interface/lib:/home/kortex_ws/install/hardware_interface/lib:/home/kortex_ws/install/controller_manager_msgs/lib:/home/kortex_ws/install/control_msgs/lib:${LD_LIBRARY_PATH} PYTHONPATH=/home/kortex_ws/install/controller_manager_msgs/local/lib/python3.10/dist-packages:/home/kortex_ws/install/control_msgs/local/lib/python3.10/dist-packages:${PYTHONPATH} /usr/bin/cmake --install /home/kortex_ws/build/controller_manager
