[0.565s] Invoking command in '/home/humble_ws/src/support_kinova_moveit': PYTHONPATH=/home/humble_ws/build/support_kinova_moveit/prefix_override:/home/humble_ws/install/support_kinova_moveit/lib/python3.10/site-packages:${PYTHONPATH} /usr/bin/python3 -W ignore:setup.py install is deprecated setup.py egg_info --egg-base ../../build/support_kinova_moveit build --build-base /home/humble_ws/build/support_kinova_moveit/build install --record /home/humble_ws/build/support_kinova_moveit/install.log --single-version-externally-managed install_data
[0.761s] running egg_info
[0.762s] writing ../../build/support_kinova_moveit/support_kinova_moveit.egg-info/PKG-INFO
[0.762s] writing dependency_links to ../../build/support_kinova_moveit/support_kinova_moveit.egg-info/dependency_links.txt
[0.762s] writing entry points to ../../build/support_kinova_moveit/support_kinova_moveit.egg-info/entry_points.txt
[0.762s] writing requirements to ../../build/support_kinova_moveit/support_kinova_moveit.egg-info/requires.txt
[0.762s] writing top-level names to ../../build/support_kinova_moveit/support_kinova_moveit.egg-info/top_level.txt
[0.764s] reading manifest file '../../build/support_kinova_moveit/support_kinova_moveit.egg-info/SOURCES.txt'
[0.765s] writing manifest file '../../build/support_kinova_moveit/support_kinova_moveit.egg-info/SOURCES.txt'
[0.765s] running build
[0.765s] running build_py
[0.765s] running install
[0.765s] running install_lib
[0.767s] running install_data
[0.767s] running install_egg_info
[0.769s] removing '/home/humble_ws/install/support_kinova_moveit/lib/python3.10/site-packages/support_kinova_moveit-0.0.0-py3.10.egg-info' (and everything under it)
[0.770s] Copying ../../build/support_kinova_moveit/support_kinova_moveit.egg-info to /home/humble_ws/install/support_kinova_moveit/lib/python3.10/site-packages/support_kinova_moveit-0.0.0-py3.10.egg-info
[0.771s] running install_scripts
[0.791s] Installing joint_command_forwarder script to /home/humble_ws/install/support_kinova_moveit/lib/support_kinova_moveit
[0.792s] Installing joint_forwarder script to /home/humble_ws/install/support_kinova_moveit/lib/support_kinova_moveit
[0.792s] Installing test_interface script to /home/humble_ws/install/support_kinova_moveit/lib/support_kinova_moveit
[0.792s] writing list of installed files to '/home/humble_ws/build/support_kinova_moveit/install.log'
[0.818s] Invoked command in '/home/humble_ws/src/support_kinova_moveit' returned '0': PYTHONPATH=/home/humble_ws/build/support_kinova_moveit/prefix_override:/home/humble_ws/install/support_kinova_moveit/lib/python3.10/site-packages:${PYTHONPATH} /usr/bin/python3 -W ignore:setup.py install is deprecated setup.py egg_info --egg-base ../../build/support_kinova_moveit build --build-base /home/humble_ws/build/support_kinova_moveit/build install --record /home/humble_ws/build/support_kinova_moveit/install.log --single-version-externally-managed install_data
