[0.000000] (-) TimerEvent: {}
[0.000096] (-) JobUnselected: {'identifier': 'simulator'}
[0.000178] (gui) JobQueued: {'identifier': 'gui', 'dependencies': OrderedDict()}
[0.000245] (gui) JobStarted: {'identifier': 'gui'}
[0.099548] (-) TimerEvent: {}
[0.199727] (-) TimerEvent: {}
[0.299906] (-) TimerEvent: {}
[0.400092] (-) TimerEvent: {}
[0.416238] (gui) Command: {'cmd': ['/usr/bin/python3', '-W', 'ignore:setup.py install is deprecated', 'setup.py', 'develop', '--editable', '--build-directory', '/ros2_ws/build/gui/build', '--no-deps', 'symlink_data', '--force'], 'cwd': '/ros2_ws/build/gui', 'env': {'HOSTNAME': 'edde2a92c8db', 'SHLVL': '1', 'LD_LIBRARY_PATH': '/opt/ros/humble/lib/x86_64-linux-gnu:/opt/ros/humble/lib', 'HOME': '/root', 'ROS_PYTHON_VERSION': '3', 'ROS_DISTRO': 'humble', '_': '/usr/bin/colcon', 'ROS_VERSION': '2', 'ROS_LOCALHOST_ONLY': '0', 'PATH': '/opt/ros/humble/bin:/usr/local/sbin:/usr/local/bin:/usr/sbin:/usr/bin:/sbin:/bin', 'LANG': 'C.UTF-8', 'ROS_DOMAIN_ID': '1', 'AMENT_PREFIX_PATH': '/opt/ros/humble', 'PWD': '/ros2_ws/build/gui', 'LC_ALL': 'C.UTF-8', 'PYTHONPATH': '/ros2_ws/build/gui/prefix_override:/usr/lib/python3/dist-packages/colcon_core/task/python/colcon_distutils_commands:/ros2_ws/install/gui/lib/python3.10/site-packages:/opt/ros/humble/lib/python3.10/site-packages:/opt/ros/humble/local/lib/python3.10/dist-packages', 'COLCON': '1'}, 'shell': False}
[0.500208] (-) TimerEvent: {}
[0.599846] (gui) StdoutLine: {'line': b'running develop\n'}
[0.600295] (-) TimerEvent: {}
[0.682955] (gui) StdoutLine: {'line': b'running egg_info\n'}
[0.683237] (gui) StdoutLine: {'line': b'writing gui.egg-info/PKG-INFO\n'}
[0.683345] (gui) StdoutLine: {'line': b'writing dependency_links to gui.egg-info/dependency_links.txt\n'}
[0.683421] (gui) StdoutLine: {'line': b'writing entry points to gui.egg-info/entry_points.txt\n'}
[0.683577] (gui) StdoutLine: {'line': b'writing requirements to gui.egg-info/requires.txt\n'}
[0.683677] (gui) StdoutLine: {'line': b'writing top-level names to gui.egg-info/top_level.txt\n'}
[0.684363] (gui) StdoutLine: {'line': b"reading manifest file 'gui.egg-info/SOURCES.txt'\n"}
[0.684909] (gui) StdoutLine: {'line': b"writing manifest file 'gui.egg-info/SOURCES.txt'\n"}
[0.685832] (gui) StdoutLine: {'line': b'running build_ext\n'}
[0.686079] (gui) StdoutLine: {'line': b'Creating /ros2_ws/install/gui/lib/python3.10/site-packages/gui.egg-link (link to .)\n'}
[0.686532] (gui) StdoutLine: {'line': b'Installing nicegui_node script to /ros2_ws/install/gui/lib/gui\n'}
[0.686723] (gui) StdoutLine: {'line': b'\n'}
[0.686823] (gui) StdoutLine: {'line': b'Installed /ros2_ws/build/gui\n'}
[0.686885] (gui) StdoutLine: {'line': b'running symlink_data\n'}
[0.687027] (gui) StdoutLine: {'line': b'symbolically linking /ros2_ws/build/gui/package.xml -> /ros2_ws/install/gui/share/gui\n'}
[0.687092] (gui) StdoutLine: {'line': b'symbolically linking /ros2_ws/build/gui/launch/main_launch.py -> /ros2_ws/install/gui/share/gui/launch\n'}
[0.700402] (-) TimerEvent: {}
[0.707984] (gui) CommandEnded: {'returncode': 0}
[0.717478] (gui) JobEnded: {'identifier': 'gui', 'rc': 0}
[0.718062] (-) EventReactorShutdown: {}
