[0.070s] Invoking command in '/home/kortex_ws/build/control_msgs': CMAKE_PREFIX_PATH=${CMAKE_PREFIX_PATH}:/home/kortex_ws/install/rqt_joint_trajectory_controller:/home/kortex_ws/install/rqt_controller_manager:/home/kortex_ws/install/ros2controlcli:/home/kortex_ws/install/ros2_controllers_test_nodes:/opt/ros/humble /usr/bin/cmake --build /home/kortex_ws/build/control_msgs -- -j16 -l16
[0.184s] [  0%] Built target control_msgs__cpp
[0.202s] [ 13%] Built target control_msgs__rosidl_generator_c
[0.226s] [ 13%] Built target ament_cmake_python_copy_control_msgs
[0.261s] [ 25%] Built target control_msgs__rosidl_typesupport_cpp
[0.277s] [ 50%] Built target control_msgs__rosidl_typesupport_fastrtps_cpp
[0.277s] [ 50%] Built target control_msgs__rosidl_typesupport_introspection_cpp
[0.281s] [ 62%] Built target control_msgs__rosidl_typesupport_c
[0.304s] [ 74%] Built target control_msgs__rosidl_typesupport_introspection_c
[0.314s] [ 86%] Built target control_msgs__rosidl_typesupport_fastrtps_c
[0.362s] [ 86%] Built target control_msgs
[0.405s] [ 86%] Built target control_msgs__py
[0.475s] [ 97%] Built target control_msgs__rosidl_generator_py
[0.528s] [ 98%] Built target control_msgs__rosidl_typesupport_fastrtps_c__pyext
[0.539s] [ 99%] Built target control_msgs__rosidl_typesupport_c__pyext
[0.539s] [100%] Built target control_msgs__rosidl_typesupport_introspection_c__pyext
[0.585s] running egg_info
[0.586s] writing control_msgs.egg-info/PKG-INFO
[0.586s] writing dependency_links to control_msgs.egg-info/dependency_links.txt
[0.586s] writing top-level names to control_msgs.egg-info/top_level.txt
[0.587s] reading manifest file 'control_msgs.egg-info/SOURCES.txt'
[0.589s] writing manifest file 'control_msgs.egg-info/SOURCES.txt'
[0.638s] [100%] Built target ament_cmake_python_build_control_msgs_egg
[0.679s] Invoked command in '/home/kortex_ws/build/control_msgs' returned '0': CMAKE_PREFIX_PATH=${CMAKE_PREFIX_PATH}:/home/kortex_ws/install/rqt_joint_trajectory_controller:/home/kortex_ws/install/rqt_controller_manager:/home/kortex_ws/install/ros2controlcli:/home/kortex_ws/install/ros2_controllers_test_nodes:/opt/ros/humble /usr/bin/cmake --build /home/kortex_ws/build/control_msgs -- -j16 -l16
[1.994s] Invoking command in '/home/kortex_ws/build/control_msgs': CMAKE_PREFIX_PATH=${CMAKE_PREFIX_PATH}:/home/kortex_ws/install/rqt_joint_trajectory_controller:/home/kortex_ws/install/rqt_controller_manager:/home/kortex_ws/install/ros2controlcli:/home/kortex_ws/install/ros2_controllers_test_nodes:/opt/ros/humble /usr/bin/cmake --install /home/kortex_ws/build/control_msgs
[2.007s] -- Install configuration: "Release"
[2.008s] -- Up-to-date: /home/kortex_ws/install/control_msgs/share/ament_index/resource_index/rosidl_interfaces/control_msgs
[2.008s] -- Up-to-date: /home/kortex_ws/install/control_msgs/include/control_msgs/control_msgs
[2.008s] -- Up-to-date: /home/kortex_ws/install/control_msgs/include/control_msgs/control_msgs/msg
[2.008s] -- Up-to-date: /home/kortex_ws/install/control_msgs/include/control_msgs/control_msgs/msg/joint_tolerance.h
[2.008s] -- Up-to-date: /home/kortex_ws/install/control_msgs/include/control_msgs/control_msgs/msg/multi_dof_command.h
[2.008s] -- Up-to-date: /home/kortex_ws/install/control_msgs/include/control_msgs/control_msgs/msg/rosidl_generator_c__visibility_control.h
[2.008s] -- Up-to-date: /home/kortex_ws/install/control_msgs/include/control_msgs/control_msgs/msg/detail
[2.008s] -- Up-to-date: /home/kortex_ws/install/control_msgs/include/control_msgs/control_msgs/msg/detail/multi_dof_state_stamped__functions.c
[2.008s] -- Up-to-date: /home/kortex_ws/install/control_msgs/include/control_msgs/control_msgs/msg/detail/single_dof_state__type_support.h
[2.008s] -- Up-to-date: /home/kortex_ws/install/control_msgs/include/control_msgs/control_msgs/msg/detail/dynamic_joint_state__functions.h
[2.008s] -- Up-to-date: /home/kortex_ws/install/control_msgs/include/control_msgs/control_msgs/msg/detail/joint_jog__type_support.h
[2.008s] -- Up-to-date: /home/kortex_ws/install/control_msgs/include/control_msgs/control_msgs/msg/detail/joint_component_tolerance__functions.c
[2.009s] -- Up-to-date: /home/kortex_ws/install/control_msgs/include/control_msgs/control_msgs/msg/detail/steering_controller_status__functions.h
[2.009s] -- Up-to-date: /home/kortex_ws/install/control_msgs/include/control_msgs/control_msgs/msg/detail/steering_controller_status__functions.c
[2.009s] -- Up-to-date: /home/kortex_ws/install/control_msgs/include/control_msgs/control_msgs/msg/detail/single_dof_state__functions.h
[2.009s] -- Up-to-date: /home/kortex_ws/install/control_msgs/include/control_msgs/control_msgs/msg/detail/joint_tolerance__type_support.h
[2.009s] -- Up-to-date: /home/kortex_ws/install/control_msgs/include/control_msgs/control_msgs/msg/detail/pid_state__functions.h
[2.009s] -- Up-to-date: /home/kortex_ws/install/control_msgs/include/control_msgs/control_msgs/msg/detail/joint_trajectory_controller_state__type_support.h
[2.009s] -- Up-to-date: /home/kortex_ws/install/control_msgs/include/control_msgs/control_msgs/msg/detail/dynamic_joint_state__type_support.h
[2.009s] -- Up-to-date: /home/kortex_ws/install/control_msgs/include/control_msgs/control_msgs/msg/detail/pid_state__struct.h
[2.009s] -- Up-to-date: /home/kortex_ws/install/control_msgs/include/control_msgs/control_msgs/msg/detail/single_dof_state__struct.h
[2.009s] -- Up-to-date: /home/kortex_ws/install/control_msgs/include/control_msgs/control_msgs/msg/detail/mecanum_drive_controller_state__functions.c
[2.010s] -- Up-to-date: /home/kortex_ws/install/control_msgs/include/control_msgs/control_msgs/msg/detail/joint_component_tolerance__type_support.h
[2.010s] -- Up-to-date: /home/kortex_ws/install/control_msgs/include/control_msgs/control_msgs/msg/detail/gripper_command__struct.h
[2.010s] -- Up-to-date: /home/kortex_ws/install/control_msgs/include/control_msgs/control_msgs/msg/detail/joint_jog__struct.h
[2.010s] -- Up-to-date: /home/kortex_ws/install/control_msgs/include/control_msgs/control_msgs/msg/detail/mecanum_drive_controller_state__type_support.h
[2.010s] -- Up-to-date: /home/kortex_ws/install/control_msgs/include/control_msgs/control_msgs/msg/detail/mecanum_drive_controller_state__struct.h
[2.010s] -- Up-to-date: /home/kortex_ws/install/control_msgs/include/control_msgs/control_msgs/msg/detail/joint_trajectory_controller_state__functions.c
[2.010s] -- Up-to-date: /home/kortex_ws/install/control_msgs/include/control_msgs/control_msgs/msg/detail/multi_dof_command__functions.c
[2.010s] -- Up-to-date: /home/kortex_ws/install/control_msgs/include/control_msgs/control_msgs/msg/detail/multi_dof_state_stamped__type_support.h
[2.010s] -- Up-to-date: /home/kortex_ws/install/control_msgs/include/control_msgs/control_msgs/msg/detail/admittance_controller_state__type_support.h
[2.010s] -- Up-to-date: /home/kortex_ws/install/control_msgs/include/control_msgs/control_msgs/msg/detail/multi_dof_command__struct.h
[2.010s] -- Up-to-date: /home/kortex_ws/install/control_msgs/include/control_msgs/control_msgs/msg/detail/admittance_controller_state__functions.h
[2.010s] -- Up-to-date: /home/kortex_ws/install/control_msgs/include/control_msgs/control_msgs/msg/detail/admittance_controller_state__struct.h
[2.011s] -- Up-to-date: /home/kortex_ws/install/control_msgs/include/control_msgs/control_msgs/msg/detail/steering_controller_status__struct.h
[2.011s] -- Up-to-date: /home/kortex_ws/install/control_msgs/include/control_msgs/control_msgs/msg/detail/multi_dof_state_stamped__functions.h
[2.011s] -- Up-to-date: /home/kortex_ws/install/control_msgs/include/control_msgs/control_msgs/msg/detail/joint_controller_state__functions.c
[2.011s] -- Up-to-date: /home/kortex_ws/install/control_msgs/include/control_msgs/control_msgs/msg/detail/mecanum_drive_controller_state__functions.h
[2.011s] -- Up-to-date: /home/kortex_ws/install/control_msgs/include/control_msgs/control_msgs/msg/detail/single_dof_state__functions.c
[2.011s] -- Up-to-date: /home/kortex_ws/install/control_msgs/include/control_msgs/control_msgs/msg/detail/joint_trajectory_controller_state__struct.h
[2.011s] -- Up-to-date: /home/kortex_ws/install/control_msgs/include/control_msgs/control_msgs/msg/detail/pid_state__type_support.h
[2.011s] -- Up-to-date: /home/kortex_ws/install/control_msgs/include/control_msgs/control_msgs/msg/detail/joint_component_tolerance__struct.h
[2.011s] -- Up-to-date: /home/kortex_ws/install/control_msgs/include/control_msgs/control_msgs/msg/detail/interface_value__functions.h
[2.011s] -- Up-to-date: /home/kortex_ws/install/control_msgs/include/control_msgs/control_msgs/msg/detail/gripper_command__functions.c
[2.011s] -- Up-to-date: /home/kortex_ws/install/control_msgs/include/control_msgs/control_msgs/msg/detail/single_dof_state_stamped__type_support.h
[2.011s] -- Up-to-date: /home/kortex_ws/install/control_msgs/include/control_msgs/control_msgs/msg/detail/gripper_command__functions.h
[2.011s] -- Up-to-date: /home/kortex_ws/install/control_msgs/include/control_msgs/control_msgs/msg/detail/joint_controller_state__type_support.h
[2.012s] -- Up-to-date: /home/kortex_ws/install/control_msgs/include/control_msgs/control_msgs/msg/detail/multi_dof_command__type_support.h
[2.012s] -- Up-to-date: /home/kortex_ws/install/control_msgs/include/control_msgs/control_msgs/msg/detail/single_dof_state_stamped__struct.h
[2.012s] -- Up-to-date: /home/kortex_ws/install/control_msgs/include/control_msgs/control_msgs/msg/detail/single_dof_state_stamped__functions.c
[2.012s] -- Up-to-date: /home/kortex_ws/install/control_msgs/include/control_msgs/control_msgs/msg/detail/joint_tolerance__functions.h
[2.012s] -- Up-to-date: /home/kortex_ws/install/control_msgs/include/control_msgs/control_msgs/msg/detail/interface_value__struct.h
[2.012s] -- Up-to-date: /home/kortex_ws/install/control_msgs/include/control_msgs/control_msgs/msg/detail/joint_controller_state__functions.h
[2.012s] -- Up-to-date: /home/kortex_ws/install/control_msgs/include/control_msgs/control_msgs/msg/detail/gripper_command__type_support.h
[2.012s] -- Up-to-date: /home/kortex_ws/install/control_msgs/include/control_msgs/control_msgs/msg/detail/joint_jog__functions.c
[2.012s] -- Up-to-date: /home/kortex_ws/install/control_msgs/include/control_msgs/control_msgs/msg/detail/joint_tolerance__struct.h
[2.013s] -- Up-to-date: /home/kortex_ws/install/control_msgs/include/control_msgs/control_msgs/msg/detail/joint_trajectory_controller_state__functions.h
[2.013s] -- Up-to-date: /home/kortex_ws/install/control_msgs/include/control_msgs/control_msgs/msg/detail/multi_dof_command__functions.h
[2.013s] -- Up-to-date: /home/kortex_ws/install/control_msgs/include/control_msgs/control_msgs/msg/detail/joint_tolerance__functions.c
[2.013s] -- Up-to-date: /home/kortex_ws/install/control_msgs/include/control_msgs/control_msgs/msg/detail/joint_controller_state__struct.h
[2.013s] -- Up-to-date: /home/kortex_ws/install/control_msgs/include/control_msgs/control_msgs/msg/detail/interface_value__type_support.h
[2.013s] -- Up-to-date: /home/kortex_ws/install/control_msgs/include/control_msgs/control_msgs/msg/detail/admittance_controller_state__functions.c
[2.013s] -- Up-to-date: /home/kortex_ws/install/control_msgs/include/control_msgs/control_msgs/msg/detail/single_dof_state_stamped__functions.h
[2.013s] -- Up-to-date: /home/kortex_ws/install/control_msgs/include/control_msgs/control_msgs/msg/detail/multi_dof_state_stamped__struct.h
[2.013s] -- Up-to-date: /home/kortex_ws/install/control_msgs/include/control_msgs/control_msgs/msg/detail/dynamic_joint_state__struct.h
[2.013s] -- Up-to-date: /home/kortex_ws/install/control_msgs/include/control_msgs/control_msgs/msg/detail/dynamic_joint_state__functions.c
[2.013s] -- Up-to-date: /home/kortex_ws/install/control_msgs/include/control_msgs/control_msgs/msg/detail/interface_value__functions.c
[2.013s] -- Up-to-date: /home/kortex_ws/install/control_msgs/include/control_msgs/control_msgs/msg/detail/joint_jog__functions.h
[2.013s] -- Up-to-date: /home/kortex_ws/install/control_msgs/include/control_msgs/control_msgs/msg/detail/pid_state__functions.c
[2.013s] -- Up-to-date: /home/kortex_ws/install/control_msgs/include/control_msgs/control_msgs/msg/detail/joint_component_tolerance__functions.h
[2.013s] -- Up-to-date: /home/kortex_ws/install/control_msgs/include/control_msgs/control_msgs/msg/detail/steering_controller_status__type_support.h
[2.014s] -- Up-to-date: /home/kortex_ws/install/control_msgs/include/control_msgs/control_msgs/msg/multi_dof_state_stamped.h
[2.014s] -- Up-to-date: /home/kortex_ws/install/control_msgs/include/control_msgs/control_msgs/msg/steering_controller_status.h
[2.014s] -- Up-to-date: /home/kortex_ws/install/control_msgs/include/control_msgs/control_msgs/msg/gripper_command.h
[2.014s] -- Up-to-date: /home/kortex_ws/install/control_msgs/include/control_msgs/control_msgs/msg/admittance_controller_state.h
[2.016s] -- Up-to-date: /home/kortex_ws/install/control_msgs/include/control_msgs/control_msgs/msg/single_dof_state_stamped.h
[2.016s] -- Up-to-date: /home/kortex_ws/install/control_msgs/include/control_msgs/control_msgs/msg/joint_jog.h
[2.016s] -- Up-to-date: /home/kortex_ws/install/control_msgs/include/control_msgs/control_msgs/msg/mecanum_drive_controller_state.h
[2.016s] -- Up-to-date: /home/kortex_ws/install/control_msgs/include/control_msgs/control_msgs/msg/pid_state.h
[2.016s] -- Up-to-date: /home/kortex_ws/install/control_msgs/include/control_msgs/control_msgs/msg/joint_controller_state.h
[2.016s] -- Up-to-date: /home/kortex_ws/install/control_msgs/include/control_msgs/control_msgs/msg/single_dof_state.h
[2.016s] -- Up-to-date: /home/kortex_ws/install/control_msgs/include/control_msgs/control_msgs/msg/interface_value.h
[2.016s] -- Up-to-date: /home/kortex_ws/install/control_msgs/include/control_msgs/control_msgs/msg/joint_component_tolerance.h
[2.017s] -- Up-to-date: /home/kortex_ws/install/control_msgs/include/control_msgs/control_msgs/msg/joint_trajectory_controller_state.h
[2.017s] -- Up-to-date: /home/kortex_ws/install/control_msgs/include/control_msgs/control_msgs/msg/dynamic_joint_state.h
[2.017s] -- Up-to-date: /home/kortex_ws/install/control_msgs/include/control_msgs/control_msgs/srv
[2.017s] -- Up-to-date: /home/kortex_ws/install/control_msgs/include/control_msgs/control_msgs/srv/detail
[2.017s] -- Up-to-date: /home/kortex_ws/install/control_msgs/include/control_msgs/control_msgs/srv/detail/query_trajectory_state__type_support.h
[2.017s] -- Up-to-date: /home/kortex_ws/install/control_msgs/include/control_msgs/control_msgs/srv/detail/query_trajectory_state__functions.h
[2.017s] -- Up-to-date: /home/kortex_ws/install/control_msgs/include/control_msgs/control_msgs/srv/detail/query_trajectory_state__functions.c
[2.018s] -- Up-to-date: /home/kortex_ws/install/control_msgs/include/control_msgs/control_msgs/srv/detail/query_calibration_state__functions.c
[2.018s] -- Up-to-date: /home/kortex_ws/install/control_msgs/include/control_msgs/control_msgs/srv/detail/query_trajectory_state__struct.h
[2.018s] -- Up-to-date: /home/kortex_ws/install/control_msgs/include/control_msgs/control_msgs/srv/detail/query_calibration_state__functions.h
[2.018s] -- Up-to-date: /home/kortex_ws/install/control_msgs/include/control_msgs/control_msgs/srv/detail/query_calibration_state__struct.h
[2.018s] -- Up-to-date: /home/kortex_ws/install/control_msgs/include/control_msgs/control_msgs/srv/detail/query_calibration_state__type_support.h
[2.018s] -- Up-to-date: /home/kortex_ws/install/control_msgs/include/control_msgs/control_msgs/srv/query_trajectory_state.h
[2.018s] -- Up-to-date: /home/kortex_ws/install/control_msgs/include/control_msgs/control_msgs/srv/query_calibration_state.h
[2.018s] -- Up-to-date: /home/kortex_ws/install/control_msgs/include/control_msgs/control_msgs/action
[2.018s] -- Up-to-date: /home/kortex_ws/install/control_msgs/include/control_msgs/control_msgs/action/parallel_gripper_command.h
[2.018s] -- Up-to-date: /home/kortex_ws/install/control_msgs/include/control_msgs/control_msgs/action/detail
[2.018s] -- Up-to-date: /home/kortex_ws/install/control_msgs/include/control_msgs/control_msgs/action/detail/follow_joint_trajectory__struct.h
[2.019s] -- Up-to-date: /home/kortex_ws/install/control_msgs/include/control_msgs/control_msgs/action/detail/single_joint_position__type_support.h
[2.019s] -- Up-to-date: /home/kortex_ws/install/control_msgs/include/control_msgs/control_msgs/action/detail/follow_joint_trajectory__functions.h
[2.019s] -- Up-to-date: /home/kortex_ws/install/control_msgs/include/control_msgs/control_msgs/action/detail/parallel_gripper_command__functions.c
[2.019s] -- Up-to-date: /home/kortex_ws/install/control_msgs/include/control_msgs/control_msgs/action/detail/joint_trajectory__type_support.h
[2.019s] -- Up-to-date: /home/kortex_ws/install/control_msgs/include/control_msgs/control_msgs/action/detail/gripper_command__struct.h
[2.019s] -- Up-to-date: /home/kortex_ws/install/control_msgs/include/control_msgs/control_msgs/action/detail/single_joint_position__functions.c
[2.019s] -- Up-to-date: /home/kortex_ws/install/control_msgs/include/control_msgs/control_msgs/action/detail/follow_joint_trajectory__functions.c
[2.019s] -- Up-to-date: /home/kortex_ws/install/control_msgs/include/control_msgs/control_msgs/action/detail/single_joint_position__functions.h
[2.019s] -- Up-to-date: /home/kortex_ws/install/control_msgs/include/control_msgs/control_msgs/action/detail/follow_joint_trajectory__type_support.h
[2.019s] -- Up-to-date: /home/kortex_ws/install/control_msgs/include/control_msgs/control_msgs/action/detail/joint_trajectory__functions.c
[2.020s] -- Up-to-date: /home/kortex_ws/install/control_msgs/include/control_msgs/control_msgs/action/detail/gripper_command__functions.c
[2.020s] -- Up-to-date: /home/kortex_ws/install/control_msgs/include/control_msgs/control_msgs/action/detail/gripper_command__functions.h
[2.020s] -- Up-to-date: /home/kortex_ws/install/control_msgs/include/control_msgs/control_msgs/action/detail/joint_trajectory__struct.h
[2.020s] -- Up-to-date: /home/kortex_ws/install/control_msgs/include/control_msgs/control_msgs/action/detail/point_head__functions.c
[2.020s] -- Up-to-date: /home/kortex_ws/install/control_msgs/include/control_msgs/control_msgs/action/detail/joint_trajectory__functions.h
[2.020s] -- Up-to-date: /home/kortex_ws/install/control_msgs/include/control_msgs/control_msgs/action/detail/parallel_gripper_command__functions.h
[2.020s] -- Up-to-date: /home/kortex_ws/install/control_msgs/include/control_msgs/control_msgs/action/detail/parallel_gripper_command__struct.h
[2.020s] -- Up-to-date: /home/kortex_ws/install/control_msgs/include/control_msgs/control_msgs/action/detail/point_head__type_support.h
[2.020s] -- Up-to-date: /home/kortex_ws/install/control_msgs/include/control_msgs/control_msgs/action/detail/gripper_command__type_support.h
[2.020s] -- Up-to-date: /home/kortex_ws/install/control_msgs/include/control_msgs/control_msgs/action/detail/parallel_gripper_command__type_support.h
[2.020s] -- Up-to-date: /home/kortex_ws/install/control_msgs/include/control_msgs/control_msgs/action/detail/single_joint_position__struct.h
[2.021s] -- Up-to-date: /home/kortex_ws/install/control_msgs/include/control_msgs/control_msgs/action/detail/point_head__struct.h
[2.021s] -- Up-to-date: /home/kortex_ws/install/control_msgs/include/control_msgs/control_msgs/action/detail/point_head__functions.h
[2.021s] -- Up-to-date: /home/kortex_ws/install/control_msgs/include/control_msgs/control_msgs/action/gripper_command.h
[2.021s] -- Up-to-date: /home/kortex_ws/install/control_msgs/include/control_msgs/control_msgs/action/point_head.h
[2.021s] -- Up-to-date: /home/kortex_ws/install/control_msgs/include/control_msgs/control_msgs/action/single_joint_position.h
[2.021s] -- Up-to-date: /home/kortex_ws/install/control_msgs/include/control_msgs/control_msgs/action/follow_joint_trajectory.h
[2.021s] -- Up-to-date: /home/kortex_ws/install/control_msgs/include/control_msgs/control_msgs/action/joint_trajectory.h
[2.021s] -- Up-to-date: /home/kortex_ws/install/control_msgs/share/control_msgs/environment/library_path.sh
[2.021s] -- Up-to-date: /home/kortex_ws/install/control_msgs/share/control_msgs/environment/library_path.dsv
[2.021s] -- Up-to-date: /home/kortex_ws/install/control_msgs/lib/libcontrol_msgs__rosidl_generator_c.so
[2.021s] -- Up-to-date: /home/kortex_ws/install/control_msgs/include/control_msgs/control_msgs
[2.021s] -- Up-to-date: /home/kortex_ws/install/control_msgs/include/control_msgs/control_msgs/msg
[2.022s] -- Up-to-date: /home/kortex_ws/install/control_msgs/include/control_msgs/control_msgs/msg/detail
[2.022s] -- Up-to-date: /home/kortex_ws/install/control_msgs/include/control_msgs/control_msgs/msg/detail/joint_controller_state__rosidl_typesupport_fastrtps_c.h
[2.022s] -- Up-to-date: /home/kortex_ws/install/control_msgs/include/control_msgs/control_msgs/msg/detail/mecanum_drive_controller_state__rosidl_typesupport_fastrtps_c.h
[2.022s] -- Up-to-date: /home/kortex_ws/install/control_msgs/include/control_msgs/control_msgs/msg/detail/joint_trajectory_controller_state__rosidl_typesupport_fastrtps_c.h
[2.022s] -- Up-to-date: /home/kortex_ws/install/control_msgs/include/control_msgs/control_msgs/msg/detail/gripper_command__rosidl_typesupport_fastrtps_c.h
[2.022s] -- Up-to-date: /home/kortex_ws/install/control_msgs/include/control_msgs/control_msgs/msg/detail/joint_tolerance__rosidl_typesupport_fastrtps_c.h
[2.022s] -- Up-to-date: /home/kortex_ws/install/control_msgs/include/control_msgs/control_msgs/msg/detail/pid_state__rosidl_typesupport_fastrtps_c.h
[2.022s] -- Up-to-date: /home/kortex_ws/install/control_msgs/include/control_msgs/control_msgs/msg/detail/admittance_controller_state__rosidl_typesupport_fastrtps_c.h
[2.022s] -- Up-to-date: /home/kortex_ws/install/control_msgs/include/control_msgs/control_msgs/msg/detail/joint_jog__rosidl_typesupport_fastrtps_c.h
[2.022s] -- Up-to-date: /home/kortex_ws/install/control_msgs/include/control_msgs/control_msgs/msg/detail/single_dof_state__rosidl_typesupport_fastrtps_c.h
[2.022s] -- Up-to-date: /home/kortex_ws/install/control_msgs/include/control_msgs/control_msgs/msg/detail/multi_dof_command__rosidl_typesupport_fastrtps_c.h
[2.022s] -- Up-to-date: /home/kortex_ws/install/control_msgs/include/control_msgs/control_msgs/msg/detail/interface_value__rosidl_typesupport_fastrtps_c.h
[2.023s] -- Up-to-date: /home/kortex_ws/install/control_msgs/include/control_msgs/control_msgs/msg/detail/joint_component_tolerance__rosidl_typesupport_fastrtps_c.h
[2.023s] -- Up-to-date: /home/kortex_ws/install/control_msgs/include/control_msgs/control_msgs/msg/detail/multi_dof_state_stamped__rosidl_typesupport_fastrtps_c.h
[2.023s] -- Up-to-date: /home/kortex_ws/install/control_msgs/include/control_msgs/control_msgs/msg/detail/steering_controller_status__rosidl_typesupport_fastrtps_c.h
[2.023s] -- Up-to-date: /home/kortex_ws/install/control_msgs/include/control_msgs/control_msgs/msg/detail/dynamic_joint_state__rosidl_typesupport_fastrtps_c.h
[2.023s] -- Up-to-date: /home/kortex_ws/install/control_msgs/include/control_msgs/control_msgs/msg/detail/single_dof_state_stamped__rosidl_typesupport_fastrtps_c.h
[2.023s] -- Up-to-date: /home/kortex_ws/install/control_msgs/include/control_msgs/control_msgs/msg/rosidl_typesupport_fastrtps_c__visibility_control.h
[2.023s] -- Up-to-date: /home/kortex_ws/install/control_msgs/include/control_msgs/control_msgs/srv
[2.023s] -- Up-to-date: /home/kortex_ws/install/control_msgs/include/control_msgs/control_msgs/srv/detail
[2.023s] -- Up-to-date: /home/kortex_ws/install/control_msgs/include/control_msgs/control_msgs/srv/detail/query_trajectory_state__rosidl_typesupport_fastrtps_c.h
[2.024s] -- Up-to-date: /home/kortex_ws/install/control_msgs/include/control_msgs/control_msgs/srv/detail/query_calibration_state__rosidl_typesupport_fastrtps_c.h
[2.024s] -- Up-to-date: /home/kortex_ws/install/control_msgs/include/control_msgs/control_msgs/action
[2.024s] -- Up-to-date: /home/kortex_ws/install/control_msgs/include/control_msgs/control_msgs/action/detail
[2.024s] -- Up-to-date: /home/kortex_ws/install/control_msgs/include/control_msgs/control_msgs/action/detail/joint_trajectory__rosidl_typesupport_fastrtps_c.h
[2.024s] -- Up-to-date: /home/kortex_ws/install/control_msgs/include/control_msgs/control_msgs/action/detail/parallel_gripper_command__rosidl_typesupport_fastrtps_c.h
[2.024s] -- Up-to-date: /home/kortex_ws/install/control_msgs/include/control_msgs/control_msgs/action/detail/follow_joint_trajectory__rosidl_typesupport_fastrtps_c.h
[2.024s] -- Up-to-date: /home/kortex_ws/install/control_msgs/include/control_msgs/control_msgs/action/detail/gripper_command__rosidl_typesupport_fastrtps_c.h
[2.024s] -- Up-to-date: /home/kortex_ws/install/control_msgs/include/control_msgs/control_msgs/action/detail/single_joint_position__rosidl_typesupport_fastrtps_c.h
[2.024s] -- Up-to-date: /home/kortex_ws/install/control_msgs/include/control_msgs/control_msgs/action/detail/point_head__rosidl_typesupport_fastrtps_c.h
[2.025s] -- Up-to-date: /home/kortex_ws/install/control_msgs/lib/libcontrol_msgs__rosidl_typesupport_fastrtps_c.so
[2.025s] -- Up-to-date: /home/kortex_ws/install/control_msgs/include/control_msgs/control_msgs
[2.025s] -- Up-to-date: /home/kortex_ws/install/control_msgs/include/control_msgs/control_msgs/msg
[2.025s] -- Up-to-date: /home/kortex_ws/install/control_msgs/include/control_msgs/control_msgs/msg/dynamic_joint_state.hpp
[2.025s] -- Up-to-date: /home/kortex_ws/install/control_msgs/include/control_msgs/control_msgs/msg/joint_controller_state.hpp
[2.025s] -- Up-to-date: /home/kortex_ws/install/control_msgs/include/control_msgs/control_msgs/msg/joint_jog.hpp
[2.025s] -- Up-to-date: /home/kortex_ws/install/control_msgs/include/control_msgs/control_msgs/msg/joint_component_tolerance.hpp
[2.025s] -- Up-to-date: /home/kortex_ws/install/control_msgs/include/control_msgs/control_msgs/msg/detail
[2.025s] -- Up-to-date: /home/kortex_ws/install/control_msgs/include/control_msgs/control_msgs/msg/detail/joint_jog__struct.hpp
[2.025s] -- Up-to-date: /home/kortex_ws/install/control_msgs/include/control_msgs/control_msgs/msg/detail/joint_trajectory_controller_state__builder.hpp
[2.025s] -- Up-to-date: /home/kortex_ws/install/control_msgs/include/control_msgs/control_msgs/msg/detail/joint_jog__traits.hpp
[2.025s] -- Up-to-date: /home/kortex_ws/install/control_msgs/include/control_msgs/control_msgs/msg/detail/dynamic_joint_state__builder.hpp
[2.025s] -- Up-to-date: /home/kortex_ws/install/control_msgs/include/control_msgs/control_msgs/msg/detail/multi_dof_command__builder.hpp
[2.025s] -- Up-to-date: /home/kortex_ws/install/control_msgs/include/control_msgs/control_msgs/msg/detail/mecanum_drive_controller_state__builder.hpp
[2.026s] -- Up-to-date: /home/kortex_ws/install/control_msgs/include/control_msgs/control_msgs/msg/detail/admittance_controller_state__traits.hpp
[2.026s] -- Up-to-date: /home/kortex_ws/install/control_msgs/include/control_msgs/control_msgs/msg/detail/multi_dof_command__struct.hpp
[2.026s] -- Up-to-date: /home/kortex_ws/install/control_msgs/include/control_msgs/control_msgs/msg/detail/mecanum_drive_controller_state__traits.hpp
[2.026s] -- Up-to-date: /home/kortex_ws/install/control_msgs/include/control_msgs/control_msgs/msg/detail/gripper_command__struct.hpp
[2.026s] -- Up-to-date: /home/kortex_ws/install/control_msgs/include/control_msgs/control_msgs/msg/detail/steering_controller_status__traits.hpp
[2.026s] -- Up-to-date: /home/kortex_ws/install/control_msgs/include/control_msgs/control_msgs/msg/detail/pid_state__builder.hpp
[2.026s] -- Up-to-date: /home/kortex_ws/install/control_msgs/include/control_msgs/control_msgs/msg/detail/joint_trajectory_controller_state__traits.hpp
[2.026s] -- Up-to-date: /home/kortex_ws/install/control_msgs/include/control_msgs/control_msgs/msg/detail/mecanum_drive_controller_state__struct.hpp
[2.026s] -- Up-to-date: /home/kortex_ws/install/control_msgs/include/control_msgs/control_msgs/msg/detail/steering_controller_status__struct.hpp
[2.027s] -- Up-to-date: /home/kortex_ws/install/control_msgs/include/control_msgs/control_msgs/msg/detail/steering_controller_status__builder.hpp
[2.027s] -- Up-to-date: /home/kortex_ws/install/control_msgs/include/control_msgs/control_msgs/msg/detail/gripper_command__builder.hpp
[2.027s] -- Up-to-date: /home/kortex_ws/install/control_msgs/include/control_msgs/control_msgs/msg/detail/single_dof_state_stamped__traits.hpp
[2.027s] -- Up-to-date: /home/kortex_ws/install/control_msgs/include/control_msgs/control_msgs/msg/detail/admittance_controller_state__struct.hpp
[2.027s] -- Up-to-date: /home/kortex_ws/install/control_msgs/include/control_msgs/control_msgs/msg/detail/pid_state__struct.hpp
[2.027s] -- Up-to-date: /home/kortex_ws/install/control_msgs/include/control_msgs/control_msgs/msg/detail/joint_component_tolerance__builder.hpp
[2.027s] -- Up-to-date: /home/kortex_ws/install/control_msgs/include/control_msgs/control_msgs/msg/detail/multi_dof_state_stamped__traits.hpp
[2.027s] -- Up-to-date: /home/kortex_ws/install/control_msgs/include/control_msgs/control_msgs/msg/detail/admittance_controller_state__builder.hpp
[2.027s] -- Up-to-date: /home/kortex_ws/install/control_msgs/include/control_msgs/control_msgs/msg/detail/gripper_command__traits.hpp
[2.027s] -- Up-to-date: /home/kortex_ws/install/control_msgs/include/control_msgs/control_msgs/msg/detail/single_dof_state__builder.hpp
[2.027s] -- Up-to-date: /home/kortex_ws/install/control_msgs/include/control_msgs/control_msgs/msg/detail/single_dof_state__struct.hpp
[2.028s] -- Up-to-date: /home/kortex_ws/install/control_msgs/include/control_msgs/control_msgs/msg/detail/joint_controller_state__traits.hpp
[2.028s] -- Up-to-date: /home/kortex_ws/install/control_msgs/include/control_msgs/control_msgs/msg/detail/pid_state__traits.hpp
[2.028s] -- Up-to-date: /home/kortex_ws/install/control_msgs/include/control_msgs/control_msgs/msg/detail/joint_tolerance__traits.hpp
[2.028s] -- Up-to-date: /home/kortex_ws/install/control_msgs/include/control_msgs/control_msgs/msg/detail/dynamic_joint_state__traits.hpp
[2.028s] -- Up-to-date: /home/kortex_ws/install/control_msgs/include/control_msgs/control_msgs/msg/detail/multi_dof_state_stamped__builder.hpp
[2.028s] -- Up-to-date: /home/kortex_ws/install/control_msgs/include/control_msgs/control_msgs/msg/detail/interface_value__struct.hpp
[2.028s] -- Up-to-date: /home/kortex_ws/install/control_msgs/include/control_msgs/control_msgs/msg/detail/joint_tolerance__struct.hpp
[2.028s] -- Up-to-date: /home/kortex_ws/install/control_msgs/include/control_msgs/control_msgs/msg/detail/interface_value__builder.hpp
[2.028s] -- Up-to-date: /home/kortex_ws/install/control_msgs/include/control_msgs/control_msgs/msg/detail/joint_component_tolerance__struct.hpp
[2.028s] -- Up-to-date: /home/kortex_ws/install/control_msgs/include/control_msgs/control_msgs/msg/detail/joint_component_tolerance__traits.hpp
[2.028s] -- Up-to-date: /home/kortex_ws/install/control_msgs/include/control_msgs/control_msgs/msg/detail/joint_trajectory_controller_state__struct.hpp
[2.029s] -- Up-to-date: /home/kortex_ws/install/control_msgs/include/control_msgs/control_msgs/msg/detail/single_dof_state__traits.hpp
[2.029s] -- Up-to-date: /home/kortex_ws/install/control_msgs/include/control_msgs/control_msgs/msg/detail/joint_tolerance__builder.hpp
[2.029s] -- Up-to-date: /home/kortex_ws/install/control_msgs/include/control_msgs/control_msgs/msg/detail/single_dof_state_stamped__struct.hpp
[2.029s] -- Up-to-date: /home/kortex_ws/install/control_msgs/include/control_msgs/control_msgs/msg/detail/joint_jog__builder.hpp
[2.029s] -- Up-to-date: /home/kortex_ws/install/control_msgs/include/control_msgs/control_msgs/msg/detail/multi_dof_state_stamped__struct.hpp
[2.029s] -- Up-to-date: /home/kortex_ws/install/control_msgs/include/control_msgs/control_msgs/msg/detail/multi_dof_command__traits.hpp
[2.029s] -- Up-to-date: /home/kortex_ws/install/control_msgs/include/control_msgs/control_msgs/msg/detail/joint_controller_state__struct.hpp
[2.029s] -- Up-to-date: /home/kortex_ws/install/control_msgs/include/control_msgs/control_msgs/msg/detail/joint_controller_state__builder.hpp
[2.029s] -- Up-to-date: /home/kortex_ws/install/control_msgs/include/control_msgs/control_msgs/msg/detail/dynamic_joint_state__struct.hpp
[2.029s] -- Up-to-date: /home/kortex_ws/install/control_msgs/include/control_msgs/control_msgs/msg/detail/interface_value__traits.hpp
[2.029s] -- Up-to-date: /home/kortex_ws/install/control_msgs/include/control_msgs/control_msgs/msg/detail/single_dof_state_stamped__builder.hpp
[2.029s] -- Up-to-date: /home/kortex_ws/install/control_msgs/include/control_msgs/control_msgs/msg/interface_value.hpp
[2.029s] -- Up-to-date: /home/kortex_ws/install/control_msgs/include/control_msgs/control_msgs/msg/single_dof_state.hpp
[2.030s] -- Up-to-date: /home/kortex_ws/install/control_msgs/include/control_msgs/control_msgs/msg/single_dof_state_stamped.hpp
[2.030s] -- Up-to-date: /home/kortex_ws/install/control_msgs/include/control_msgs/control_msgs/msg/admittance_controller_state.hpp
[2.030s] -- Up-to-date: /home/kortex_ws/install/control_msgs/include/control_msgs/control_msgs/msg/joint_trajectory_controller_state.hpp
[2.030s] -- Up-to-date: /home/kortex_ws/install/control_msgs/include/control_msgs/control_msgs/msg/mecanum_drive_controller_state.hpp
[2.030s] -- Up-to-date: /home/kortex_ws/install/control_msgs/include/control_msgs/control_msgs/msg/multi_dof_state_stamped.hpp
[2.030s] -- Up-to-date: /home/kortex_ws/install/control_msgs/include/control_msgs/control_msgs/msg/gripper_command.hpp
[2.030s] -- Up-to-date: /home/kortex_ws/install/control_msgs/include/control_msgs/control_msgs/msg/pid_state.hpp
[2.030s] -- Up-to-date: /home/kortex_ws/install/control_msgs/include/control_msgs/control_msgs/msg/steering_controller_status.hpp
[2.030s] -- Up-to-date: /home/kortex_ws/install/control_msgs/include/control_msgs/control_msgs/msg/multi_dof_command.hpp
[2.030s] -- Up-to-date: /home/kortex_ws/install/control_msgs/include/control_msgs/control_msgs/msg/joint_tolerance.hpp
[2.030s] -- Up-to-date: /home/kortex_ws/install/control_msgs/include/control_msgs/control_msgs/srv
[2.030s] -- Up-to-date: /home/kortex_ws/install/control_msgs/include/control_msgs/control_msgs/srv/detail
[2.030s] -- Up-to-date: /home/kortex_ws/install/control_msgs/include/control_msgs/control_msgs/srv/detail/query_calibration_state__struct.hpp
[2.030s] -- Up-to-date: /home/kortex_ws/install/control_msgs/include/control_msgs/control_msgs/srv/detail/query_calibration_state__builder.hpp
[2.031s] -- Up-to-date: /home/kortex_ws/install/control_msgs/include/control_msgs/control_msgs/srv/detail/query_trajectory_state__struct.hpp
[2.031s] -- Up-to-date: /home/kortex_ws/install/control_msgs/include/control_msgs/control_msgs/srv/detail/query_calibration_state__traits.hpp
[2.031s] -- Up-to-date: /home/kortex_ws/install/control_msgs/include/control_msgs/control_msgs/srv/detail/query_trajectory_state__builder.hpp
[2.031s] -- Up-to-date: /home/kortex_ws/install/control_msgs/include/control_msgs/control_msgs/srv/detail/query_trajectory_state__traits.hpp
[2.031s] -- Up-to-date: /home/kortex_ws/install/control_msgs/include/control_msgs/control_msgs/srv/query_trajectory_state.hpp
[2.031s] -- Up-to-date: /home/kortex_ws/install/control_msgs/include/control_msgs/control_msgs/srv/query_calibration_state.hpp
[2.031s] -- Up-to-date: /home/kortex_ws/install/control_msgs/include/control_msgs/control_msgs/action
[2.031s] -- Up-to-date: /home/kortex_ws/install/control_msgs/include/control_msgs/control_msgs/action/joint_trajectory.hpp
[2.032s] -- Up-to-date: /home/kortex_ws/install/control_msgs/include/control_msgs/control_msgs/action/single_joint_position.hpp
[2.032s] -- Up-to-date: /home/kortex_ws/install/control_msgs/include/control_msgs/control_msgs/action/parallel_gripper_command.hpp
[2.032s] -- Up-to-date: /home/kortex_ws/install/control_msgs/include/control_msgs/control_msgs/action/detail
[2.032s] -- Up-to-date: /home/kortex_ws/install/control_msgs/include/control_msgs/control_msgs/action/detail/follow_joint_trajectory__traits.hpp
[2.032s] -- Up-to-date: /home/kortex_ws/install/control_msgs/include/control_msgs/control_msgs/action/detail/gripper_command__struct.hpp
[2.032s] -- Up-to-date: /home/kortex_ws/install/control_msgs/include/control_msgs/control_msgs/action/detail/point_head__builder.hpp
[2.032s] -- Up-to-date: /home/kortex_ws/install/control_msgs/include/control_msgs/control_msgs/action/detail/parallel_gripper_command__builder.hpp
[2.032s] -- Up-to-date: /home/kortex_ws/install/control_msgs/include/control_msgs/control_msgs/action/detail/point_head__traits.hpp
[2.032s] -- Up-to-date: /home/kortex_ws/install/control_msgs/include/control_msgs/control_msgs/action/detail/gripper_command__builder.hpp
[2.032s] -- Up-to-date: /home/kortex_ws/install/control_msgs/include/control_msgs/control_msgs/action/detail/parallel_gripper_command__traits.hpp
[2.033s] -- Up-to-date: /home/kortex_ws/install/control_msgs/include/control_msgs/control_msgs/action/detail/joint_trajectory__traits.hpp
[2.033s] -- Up-to-date: /home/kortex_ws/install/control_msgs/include/control_msgs/control_msgs/action/detail/gripper_command__traits.hpp
[2.033s] -- Up-to-date: /home/kortex_ws/install/control_msgs/include/control_msgs/control_msgs/action/detail/joint_trajectory__struct.hpp
[2.033s] -- Up-to-date: /home/kortex_ws/install/control_msgs/include/control_msgs/control_msgs/action/detail/single_joint_position__struct.hpp
[2.033s] -- Up-to-date: /home/kortex_ws/install/control_msgs/include/control_msgs/control_msgs/action/detail/point_head__struct.hpp
[2.033s] -- Up-to-date: /home/kortex_ws/install/control_msgs/include/control_msgs/control_msgs/action/detail/single_joint_position__builder.hpp
[2.033s] -- Up-to-date: /home/kortex_ws/install/control_msgs/include/control_msgs/control_msgs/action/detail/joint_trajectory__builder.hpp
[2.033s] -- Up-to-date: /home/kortex_ws/install/control_msgs/include/control_msgs/control_msgs/action/detail/follow_joint_trajectory__builder.hpp
[2.033s] -- Up-to-date: /home/kortex_ws/install/control_msgs/include/control_msgs/control_msgs/action/detail/single_joint_position__traits.hpp
[2.033s] -- Up-to-date: /home/kortex_ws/install/control_msgs/include/control_msgs/control_msgs/action/detail/parallel_gripper_command__struct.hpp
[2.033s] -- Up-to-date: /home/kortex_ws/install/control_msgs/include/control_msgs/control_msgs/action/detail/follow_joint_trajectory__struct.hpp
[2.033s] -- Up-to-date: /home/kortex_ws/install/control_msgs/include/control_msgs/control_msgs/action/point_head.hpp
[2.033s] -- Up-to-date: /home/kortex_ws/install/control_msgs/include/control_msgs/control_msgs/action/follow_joint_trajectory.hpp
[2.033s] -- Up-to-date: /home/kortex_ws/install/control_msgs/include/control_msgs/control_msgs/action/gripper_command.hpp
[2.033s] -- Up-to-date: /home/kortex_ws/install/control_msgs/include/control_msgs/control_msgs
[2.034s] -- Up-to-date: /home/kortex_ws/install/control_msgs/include/control_msgs/control_msgs/msg
[2.034s] -- Up-to-date: /home/kortex_ws/install/control_msgs/include/control_msgs/control_msgs/msg/detail
[2.034s] -- Up-to-date: /home/kortex_ws/install/control_msgs/include/control_msgs/control_msgs/msg/detail/mecanum_drive_controller_state__rosidl_typesupport_fastrtps_cpp.hpp
[2.034s] -- Up-to-date: /home/kortex_ws/install/control_msgs/include/control_msgs/control_msgs/msg/detail/dynamic_joint_state__rosidl_typesupport_fastrtps_cpp.hpp
[2.034s] -- Up-to-date: /home/kortex_ws/install/control_msgs/include/control_msgs/control_msgs/msg/detail/multi_dof_state_stamped__rosidl_typesupport_fastrtps_cpp.hpp
[2.034s] -- Up-to-date: /home/kortex_ws/install/control_msgs/include/control_msgs/control_msgs/msg/detail/multi_dof_command__rosidl_typesupport_fastrtps_cpp.hpp
[2.034s] -- Up-to-date: /home/kortex_ws/install/control_msgs/include/control_msgs/control_msgs/msg/detail/steering_controller_status__rosidl_typesupport_fastrtps_cpp.hpp
[2.034s] -- Up-to-date: /home/kortex_ws/install/control_msgs/include/control_msgs/control_msgs/msg/detail/single_dof_state__rosidl_typesupport_fastrtps_cpp.hpp
[2.034s] -- Up-to-date: /home/kortex_ws/install/control_msgs/include/control_msgs/control_msgs/msg/detail/joint_jog__rosidl_typesupport_fastrtps_cpp.hpp
[2.034s] -- Up-to-date: /home/kortex_ws/install/control_msgs/include/control_msgs/control_msgs/msg/detail/joint_controller_state__rosidl_typesupport_fastrtps_cpp.hpp
[2.034s] -- Up-to-date: /home/kortex_ws/install/control_msgs/include/control_msgs/control_msgs/msg/detail/joint_tolerance__rosidl_typesupport_fastrtps_cpp.hpp
[2.034s] -- Up-to-date: /home/kortex_ws/install/control_msgs/include/control_msgs/control_msgs/msg/detail/single_dof_state_stamped__rosidl_typesupport_fastrtps_cpp.hpp
[2.034s] -- Up-to-date: /home/kortex_ws/install/control_msgs/include/control_msgs/control_msgs/msg/detail/interface_value__rosidl_typesupport_fastrtps_cpp.hpp
[2.034s] -- Up-to-date: /home/kortex_ws/install/control_msgs/include/control_msgs/control_msgs/msg/detail/dds_fastrtps
[2.035s] -- Up-to-date: /home/kortex_ws/install/control_msgs/include/control_msgs/control_msgs/msg/detail/pid_state__rosidl_typesupport_fastrtps_cpp.hpp
[2.035s] -- Up-to-date: /home/kortex_ws/install/control_msgs/include/control_msgs/control_msgs/msg/detail/joint_trajectory_controller_state__rosidl_typesupport_fastrtps_cpp.hpp
[2.035s] -- Up-to-date: /home/kortex_ws/install/control_msgs/include/control_msgs/control_msgs/msg/detail/joint_component_tolerance__rosidl_typesupport_fastrtps_cpp.hpp
[2.035s] -- Up-to-date: /home/kortex_ws/install/control_msgs/include/control_msgs/control_msgs/msg/detail/admittance_controller_state__rosidl_typesupport_fastrtps_cpp.hpp
[2.035s] -- Up-to-date: /home/kortex_ws/install/control_msgs/include/control_msgs/control_msgs/msg/detail/gripper_command__rosidl_typesupport_fastrtps_cpp.hpp
[2.035s] -- Up-to-date: /home/kortex_ws/install/control_msgs/include/control_msgs/control_msgs/msg/rosidl_typesupport_fastrtps_cpp__visibility_control.h
[2.035s] -- Up-to-date: /home/kortex_ws/install/control_msgs/include/control_msgs/control_msgs/srv
[2.035s] -- Up-to-date: /home/kortex_ws/install/control_msgs/include/control_msgs/control_msgs/srv/detail
[2.035s] -- Up-to-date: /home/kortex_ws/install/control_msgs/include/control_msgs/control_msgs/srv/detail/query_calibration_state__rosidl_typesupport_fastrtps_cpp.hpp
[2.035s] -- Up-to-date: /home/kortex_ws/install/control_msgs/include/control_msgs/control_msgs/srv/detail/dds_fastrtps
[2.035s] -- Up-to-date: /home/kortex_ws/install/control_msgs/include/control_msgs/control_msgs/srv/detail/query_trajectory_state__rosidl_typesupport_fastrtps_cpp.hpp
[2.035s] -- Up-to-date: /home/kortex_ws/install/control_msgs/include/control_msgs/control_msgs/action
[2.035s] -- Up-to-date: /home/kortex_ws/install/control_msgs/include/control_msgs/control_msgs/action/detail
[2.035s] -- Up-to-date: /home/kortex_ws/install/control_msgs/include/control_msgs/control_msgs/action/detail/follow_joint_trajectory__rosidl_typesupport_fastrtps_cpp.hpp
[2.035s] -- Up-to-date: /home/kortex_ws/install/control_msgs/include/control_msgs/control_msgs/action/detail/point_head__rosidl_typesupport_fastrtps_cpp.hpp
[2.036s] -- Up-to-date: /home/kortex_ws/install/control_msgs/include/control_msgs/control_msgs/action/detail/single_joint_position__rosidl_typesupport_fastrtps_cpp.hpp
[2.036s] -- Up-to-date: /home/kortex_ws/install/control_msgs/include/control_msgs/control_msgs/action/detail/joint_trajectory__rosidl_typesupport_fastrtps_cpp.hpp
[2.036s] -- Up-to-date: /home/kortex_ws/install/control_msgs/include/control_msgs/control_msgs/action/detail/parallel_gripper_command__rosidl_typesupport_fastrtps_cpp.hpp
[2.036s] -- Up-to-date: /home/kortex_ws/install/control_msgs/include/control_msgs/control_msgs/action/detail/dds_fastrtps
[2.036s] -- Up-to-date: /home/kortex_ws/install/control_msgs/include/control_msgs/control_msgs/action/detail/gripper_command__rosidl_typesupport_fastrtps_cpp.hpp
[2.036s] -- Up-to-date: /home/kortex_ws/install/control_msgs/lib/libcontrol_msgs__rosidl_typesupport_fastrtps_cpp.so
[2.036s] -- Up-to-date: /home/kortex_ws/install/control_msgs/include/control_msgs/control_msgs
[2.036s] -- Up-to-date: /home/kortex_ws/install/control_msgs/include/control_msgs/control_msgs/msg
[2.036s] -- Up-to-date: /home/kortex_ws/install/control_msgs/include/control_msgs/control_msgs/msg/detail
[2.036s] -- Up-to-date: /home/kortex_ws/install/control_msgs/include/control_msgs/control_msgs/msg/detail/dynamic_joint_state__rosidl_typesupport_introspection_c.h
[2.036s] -- Up-to-date: /home/kortex_ws/install/control_msgs/include/control_msgs/control_msgs/msg/detail/pid_state__type_support.c
[2.036s] -- Up-to-date: /home/kortex_ws/install/control_msgs/include/control_msgs/control_msgs/msg/detail/steering_controller_status__type_support.c
[2.036s] -- Up-to-date: /home/kortex_ws/install/control_msgs/include/control_msgs/control_msgs/msg/detail/gripper_command__type_support.c
[2.036s] -- Up-to-date: /home/kortex_ws/install/control_msgs/include/control_msgs/control_msgs/msg/detail/gripper_command__rosidl_typesupport_introspection_c.h
[2.036s] -- Up-to-date: /home/kortex_ws/install/control_msgs/include/control_msgs/control_msgs/msg/detail/single_dof_state__type_support.c
[2.037s] -- Up-to-date: /home/kortex_ws/install/control_msgs/include/control_msgs/control_msgs/msg/detail/single_dof_state_stamped__rosidl_typesupport_introspection_c.h
[2.037s] -- Up-to-date: /home/kortex_ws/install/control_msgs/include/control_msgs/control_msgs/msg/detail/mecanum_drive_controller_state__rosidl_typesupport_introspection_c.h
[2.037s] -- Up-to-date: /home/kortex_ws/install/control_msgs/include/control_msgs/control_msgs/msg/detail/joint_tolerance__type_support.c
[2.037s] -- Up-to-date: /home/kortex_ws/install/control_msgs/include/control_msgs/control_msgs/msg/detail/multi_dof_state_stamped__rosidl_typesupport_introspection_c.h
[2.037s] -- Up-to-date: /home/kortex_ws/install/control_msgs/include/control_msgs/control_msgs/msg/detail/joint_component_tolerance__rosidl_typesupport_introspection_c.h
[2.037s] -- Up-to-date: /home/kortex_ws/install/control_msgs/include/control_msgs/control_msgs/msg/detail/single_dof_state_stamped__type_support.c
[2.037s] -- Up-to-date: /home/kortex_ws/install/control_msgs/include/control_msgs/control_msgs/msg/detail/joint_trajectory_controller_state__rosidl_typesupport_introspection_c.h
[2.037s] -- Up-to-date: /home/kortex_ws/install/control_msgs/include/control_msgs/control_msgs/msg/detail/interface_value__type_support.c
[2.037s] -- Up-to-date: /home/kortex_ws/install/control_msgs/include/control_msgs/control_msgs/msg/detail/joint_jog__type_support.c
[2.037s] -- Up-to-date: /home/kortex_ws/install/control_msgs/include/control_msgs/control_msgs/msg/detail/admittance_controller_state__type_support.c
[2.037s] -- Up-to-date: /home/kortex_ws/install/control_msgs/include/control_msgs/control_msgs/msg/detail/joint_trajectory_controller_state__type_support.c
[2.037s] -- Up-to-date: /home/kortex_ws/install/control_msgs/include/control_msgs/control_msgs/msg/detail/steering_controller_status__rosidl_typesupport_introspection_c.h
[2.037s] -- Up-to-date: /home/kortex_ws/install/control_msgs/include/control_msgs/control_msgs/msg/detail/interface_value__rosidl_typesupport_introspection_c.h
[2.038s] -- Up-to-date: /home/kortex_ws/install/control_msgs/include/control_msgs/control_msgs/msg/detail/multi_dof_command__rosidl_typesupport_introspection_c.h
[2.038s] -- Up-to-date: /home/kortex_ws/install/control_msgs/include/control_msgs/control_msgs/msg/detail/multi_dof_state_stamped__type_support.c
[2.038s] -- Up-to-date: /home/kortex_ws/install/control_msgs/include/control_msgs/control_msgs/msg/detail/mecanum_drive_controller_state__type_support.c
[2.038s] -- Up-to-date: /home/kortex_ws/install/control_msgs/include/control_msgs/control_msgs/msg/detail/joint_component_tolerance__type_support.c
[2.038s] -- Up-to-date: /home/kortex_ws/install/control_msgs/include/control_msgs/control_msgs/msg/detail/joint_controller_state__rosidl_typesupport_introspection_c.h
[2.038s] -- Up-to-date: /home/kortex_ws/install/control_msgs/include/control_msgs/control_msgs/msg/detail/joint_jog__rosidl_typesupport_introspection_c.h
[2.038s] -- Up-to-date: /home/kortex_ws/install/control_msgs/include/control_msgs/control_msgs/msg/detail/pid_state__rosidl_typesupport_introspection_c.h
[2.038s] -- Up-to-date: /home/kortex_ws/install/control_msgs/include/control_msgs/control_msgs/msg/detail/joint_controller_state__type_support.c
[2.038s] -- Up-to-date: /home/kortex_ws/install/control_msgs/include/control_msgs/control_msgs/msg/detail/admittance_controller_state__rosidl_typesupport_introspection_c.h
[2.038s] -- Up-to-date: /home/kortex_ws/install/control_msgs/include/control_msgs/control_msgs/msg/detail/joint_tolerance__rosidl_typesupport_introspection_c.h
[2.038s] -- Up-to-date: /home/kortex_ws/install/control_msgs/include/control_msgs/control_msgs/msg/detail/multi_dof_command__type_support.c
[2.039s] -- Up-to-date: /home/kortex_ws/install/control_msgs/include/control_msgs/control_msgs/msg/detail/dynamic_joint_state__type_support.c
[2.039s] -- Up-to-date: /home/kortex_ws/install/control_msgs/include/control_msgs/control_msgs/msg/detail/single_dof_state__rosidl_typesupport_introspection_c.h
[2.039s] -- Up-to-date: /home/kortex_ws/install/control_msgs/include/control_msgs/control_msgs/msg/rosidl_typesupport_introspection_c__visibility_control.h
[2.039s] -- Up-to-date: /home/kortex_ws/install/control_msgs/include/control_msgs/control_msgs/srv
[2.039s] -- Up-to-date: /home/kortex_ws/install/control_msgs/include/control_msgs/control_msgs/srv/detail
[2.039s] -- Up-to-date: /home/kortex_ws/install/control_msgs/include/control_msgs/control_msgs/srv/detail/query_trajectory_state__type_support.c
[2.039s] -- Up-to-date: /home/kortex_ws/install/control_msgs/include/control_msgs/control_msgs/srv/detail/query_calibration_state__rosidl_typesupport_introspection_c.h
[2.039s] -- Up-to-date: /home/kortex_ws/install/control_msgs/include/control_msgs/control_msgs/srv/detail/query_trajectory_state__rosidl_typesupport_introspection_c.h
[2.039s] -- Up-to-date: /home/kortex_ws/install/control_msgs/include/control_msgs/control_msgs/srv/detail/query_calibration_state__type_support.c
[2.040s] -- Up-to-date: /home/kortex_ws/install/control_msgs/include/control_msgs/control_msgs/action
[2.040s] -- Up-to-date: /home/kortex_ws/install/control_msgs/include/control_msgs/control_msgs/action/detail
[2.040s] -- Up-to-date: /home/kortex_ws/install/control_msgs/include/control_msgs/control_msgs/action/detail/gripper_command__type_support.c
[2.040s] -- Up-to-date: /home/kortex_ws/install/control_msgs/include/control_msgs/control_msgs/action/detail/gripper_command__rosidl_typesupport_introspection_c.h
[2.040s] -- Up-to-date: /home/kortex_ws/install/control_msgs/include/control_msgs/control_msgs/action/detail/joint_trajectory__rosidl_typesupport_introspection_c.h
[2.040s] -- Up-to-date: /home/kortex_ws/install/control_msgs/include/control_msgs/control_msgs/action/detail/single_joint_position__type_support.c
[2.040s] -- Up-to-date: /home/kortex_ws/install/control_msgs/include/control_msgs/control_msgs/action/detail/point_head__type_support.c
[2.040s] -- Up-to-date: /home/kortex_ws/install/control_msgs/include/control_msgs/control_msgs/action/detail/follow_joint_trajectory__rosidl_typesupport_introspection_c.h
[2.040s] -- Up-to-date: /home/kortex_ws/install/control_msgs/include/control_msgs/control_msgs/action/detail/parallel_gripper_command__rosidl_typesupport_introspection_c.h
[2.040s] -- Up-to-date: /home/kortex_ws/install/control_msgs/include/control_msgs/control_msgs/action/detail/single_joint_position__rosidl_typesupport_introspection_c.h
[2.040s] -- Up-to-date: /home/kortex_ws/install/control_msgs/include/control_msgs/control_msgs/action/detail/joint_trajectory__type_support.c
[2.041s] -- Up-to-date: /home/kortex_ws/install/control_msgs/include/control_msgs/control_msgs/action/detail/parallel_gripper_command__type_support.c
[2.041s] -- Up-to-date: /home/kortex_ws/install/control_msgs/include/control_msgs/control_msgs/action/detail/follow_joint_trajectory__type_support.c
[2.041s] -- Up-to-date: /home/kortex_ws/install/control_msgs/include/control_msgs/control_msgs/action/detail/point_head__rosidl_typesupport_introspection_c.h
[2.041s] -- Up-to-date: /home/kortex_ws/install/control_msgs/lib/libcontrol_msgs__rosidl_typesupport_introspection_c.so
[2.041s] -- Up-to-date: /home/kortex_ws/install/control_msgs/lib/libcontrol_msgs__rosidl_typesupport_c.so
[2.041s] -- Up-to-date: /home/kortex_ws/install/control_msgs/include/control_msgs/control_msgs
[2.041s] -- Up-to-date: /home/kortex_ws/install/control_msgs/include/control_msgs/control_msgs/msg
[2.041s] -- Up-to-date: /home/kortex_ws/install/control_msgs/include/control_msgs/control_msgs/msg/detail
[2.041s] -- Up-to-date: /home/kortex_ws/install/control_msgs/include/control_msgs/control_msgs/msg/detail/gripper_command__type_support.cpp
[2.041s] -- Up-to-date: /home/kortex_ws/install/control_msgs/include/control_msgs/control_msgs/msg/detail/single_dof_state_stamped__type_support.cpp
[2.042s] -- Up-to-date: /home/kortex_ws/install/control_msgs/include/control_msgs/control_msgs/msg/detail/multi_dof_state_stamped__type_support.cpp
[2.042s] -- Up-to-date: /home/kortex_ws/install/control_msgs/include/control_msgs/control_msgs/msg/detail/joint_tolerance__type_support.cpp
[2.042s] -- Up-to-date: /home/kortex_ws/install/control_msgs/include/control_msgs/control_msgs/msg/detail/single_dof_state__type_support.cpp
[2.042s] -- Up-to-date: /home/kortex_ws/install/control_msgs/include/control_msgs/control_msgs/msg/detail/dynamic_joint_state__type_support.cpp
[2.042s] -- Up-to-date: /home/kortex_ws/install/control_msgs/include/control_msgs/control_msgs/msg/detail/joint_trajectory_controller_state__rosidl_typesupport_introspection_cpp.hpp
[2.042s] -- Up-to-date: /home/kortex_ws/install/control_msgs/include/control_msgs/control_msgs/msg/detail/multi_dof_command__type_support.cpp
[2.042s] -- Up-to-date: /home/kortex_ws/install/control_msgs/include/control_msgs/control_msgs/msg/detail/gripper_command__rosidl_typesupport_introspection_cpp.hpp
[2.042s] -- Up-to-date: /home/kortex_ws/install/control_msgs/include/control_msgs/control_msgs/msg/detail/joint_component_tolerance__type_support.cpp
[2.042s] -- Up-to-date: /home/kortex_ws/install/control_msgs/include/control_msgs/control_msgs/msg/detail/pid_state__rosidl_typesupport_introspection_cpp.hpp
[2.042s] -- Up-to-date: /home/kortex_ws/install/control_msgs/include/control_msgs/control_msgs/msg/detail/multi_dof_state_stamped__rosidl_typesupport_introspection_cpp.hpp
[2.042s] -- Up-to-date: /home/kortex_ws/install/control_msgs/include/control_msgs/control_msgs/msg/detail/joint_component_tolerance__rosidl_typesupport_introspection_cpp.hpp
[2.042s] -- Up-to-date: /home/kortex_ws/install/control_msgs/include/control_msgs/control_msgs/msg/detail/mecanum_drive_controller_state__type_support.cpp
[2.042s] -- Up-to-date: /home/kortex_ws/install/control_msgs/include/control_msgs/control_msgs/msg/detail/steering_controller_status__rosidl_typesupport_introspection_cpp.hpp
[2.042s] -- Up-to-date: /home/kortex_ws/install/control_msgs/include/control_msgs/control_msgs/msg/detail/admittance_controller_state__type_support.cpp
[2.042s] -- Up-to-date: /home/kortex_ws/install/control_msgs/include/control_msgs/control_msgs/msg/detail/steering_controller_status__type_support.cpp
[2.043s] -- Up-to-date: /home/kortex_ws/install/control_msgs/include/control_msgs/control_msgs/msg/detail/joint_controller_state__rosidl_typesupport_introspection_cpp.hpp
[2.043s] -- Up-to-date: /home/kortex_ws/install/control_msgs/include/control_msgs/control_msgs/msg/detail/interface_value__type_support.cpp
[2.043s] -- Up-to-date: /home/kortex_ws/install/control_msgs/include/control_msgs/control_msgs/msg/detail/interface_value__rosidl_typesupport_introspection_cpp.hpp
[2.043s] -- Up-to-date: /home/kortex_ws/install/control_msgs/include/control_msgs/control_msgs/msg/detail/multi_dof_command__rosidl_typesupport_introspection_cpp.hpp
[2.043s] -- Up-to-date: /home/kortex_ws/install/control_msgs/include/control_msgs/control_msgs/msg/detail/joint_controller_state__type_support.cpp
[2.043s] -- Up-to-date: /home/kortex_ws/install/control_msgs/include/control_msgs/control_msgs/msg/detail/joint_tolerance__rosidl_typesupport_introspection_cpp.hpp
[2.043s] -- Up-to-date: /home/kortex_ws/install/control_msgs/include/control_msgs/control_msgs/msg/detail/joint_trajectory_controller_state__type_support.cpp
[2.043s] -- Up-to-date: /home/kortex_ws/install/control_msgs/include/control_msgs/control_msgs/msg/detail/single_dof_state__rosidl_typesupport_introspection_cpp.hpp
[2.043s] -- Up-to-date: /home/kortex_ws/install/control_msgs/include/control_msgs/control_msgs/msg/detail/single_dof_state_stamped__rosidl_typesupport_introspection_cpp.hpp
[2.043s] -- Up-to-date: /home/kortex_ws/install/control_msgs/include/control_msgs/control_msgs/msg/detail/joint_jog__type_support.cpp
[2.043s] -- Up-to-date: /home/kortex_ws/install/control_msgs/include/control_msgs/control_msgs/msg/detail/dynamic_joint_state__rosidl_typesupport_introspection_cpp.hpp
[2.043s] -- Up-to-date: /home/kortex_ws/install/control_msgs/include/control_msgs/control_msgs/msg/detail/mecanum_drive_controller_state__rosidl_typesupport_introspection_cpp.hpp
[2.043s] -- Up-to-date: /home/kortex_ws/install/control_msgs/include/control_msgs/control_msgs/msg/detail/admittance_controller_state__rosidl_typesupport_introspection_cpp.hpp
[2.043s] -- Up-to-date: /home/kortex_ws/install/control_msgs/include/control_msgs/control_msgs/msg/detail/joint_jog__rosidl_typesupport_introspection_cpp.hpp
[2.043s] -- Up-to-date: /home/kortex_ws/install/control_msgs/include/control_msgs/control_msgs/msg/detail/pid_state__type_support.cpp
[2.043s] -- Up-to-date: /home/kortex_ws/install/control_msgs/include/control_msgs/control_msgs/srv
[2.044s] -- Up-to-date: /home/kortex_ws/install/control_msgs/include/control_msgs/control_msgs/srv/detail
[2.044s] -- Up-to-date: /home/kortex_ws/install/control_msgs/include/control_msgs/control_msgs/srv/detail/query_calibration_state__rosidl_typesupport_introspection_cpp.hpp
[2.044s] -- Up-to-date: /home/kortex_ws/install/control_msgs/include/control_msgs/control_msgs/srv/detail/query_trajectory_state__type_support.cpp
[2.044s] -- Up-to-date: /home/kortex_ws/install/control_msgs/include/control_msgs/control_msgs/srv/detail/query_trajectory_state__rosidl_typesupport_introspection_cpp.hpp
[2.044s] -- Up-to-date: /home/kortex_ws/install/control_msgs/include/control_msgs/control_msgs/srv/detail/query_calibration_state__type_support.cpp
[2.044s] -- Up-to-date: /home/kortex_ws/install/control_msgs/include/control_msgs/control_msgs/action
[2.044s] -- Up-to-date: /home/kortex_ws/install/control_msgs/include/control_msgs/control_msgs/action/detail
[2.044s] -- Up-to-date: /home/kortex_ws/install/control_msgs/include/control_msgs/control_msgs/action/detail/gripper_command__type_support.cpp
[2.044s] -- Up-to-date: /home/kortex_ws/install/control_msgs/include/control_msgs/control_msgs/action/detail/parallel_gripper_command__rosidl_typesupport_introspection_cpp.hpp
[2.045s] -- Up-to-date: /home/kortex_ws/install/control_msgs/include/control_msgs/control_msgs/action/detail/follow_joint_trajectory__rosidl_typesupport_introspection_cpp.hpp
[2.045s] -- Up-to-date: /home/kortex_ws/install/control_msgs/include/control_msgs/control_msgs/action/detail/joint_trajectory__rosidl_typesupport_introspection_cpp.hpp
[2.045s] -- Up-to-date: /home/kortex_ws/install/control_msgs/include/control_msgs/control_msgs/action/detail/joint_trajectory__type_support.cpp
[2.045s] -- Up-to-date: /home/kortex_ws/install/control_msgs/include/control_msgs/control_msgs/action/detail/gripper_command__rosidl_typesupport_introspection_cpp.hpp
[2.045s] -- Up-to-date: /home/kortex_ws/install/control_msgs/include/control_msgs/control_msgs/action/detail/follow_joint_trajectory__type_support.cpp
[2.045s] -- Up-to-date: /home/kortex_ws/install/control_msgs/include/control_msgs/control_msgs/action/detail/parallel_gripper_command__type_support.cpp
[2.045s] -- Up-to-date: /home/kortex_ws/install/control_msgs/include/control_msgs/control_msgs/action/detail/single_joint_position__rosidl_typesupport_introspection_cpp.hpp
[2.045s] -- Up-to-date: /home/kortex_ws/install/control_msgs/include/control_msgs/control_msgs/action/detail/point_head__type_support.cpp
[2.045s] -- Up-to-date: /home/kortex_ws/install/control_msgs/include/control_msgs/control_msgs/action/detail/single_joint_position__type_support.cpp
[2.045s] -- Up-to-date: /home/kortex_ws/install/control_msgs/include/control_msgs/control_msgs/action/detail/point_head__rosidl_typesupport_introspection_cpp.hpp
[2.045s] -- Up-to-date: /home/kortex_ws/install/control_msgs/lib/libcontrol_msgs__rosidl_typesupport_introspection_cpp.so
[2.046s] -- Up-to-date: /home/kortex_ws/install/control_msgs/lib/libcontrol_msgs__rosidl_typesupport_cpp.so
[2.046s] -- Up-to-date: /home/kortex_ws/install/control_msgs/share/control_msgs/environment/pythonpath.sh
[2.046s] -- Up-to-date: /home/kortex_ws/install/control_msgs/share/control_msgs/environment/pythonpath.dsv
[2.046s] -- Up-to-date: /home/kortex_ws/install/control_msgs/local/lib/python3.10/dist-packages/control_msgs-4.6.0-py3.10.egg-info
[2.046s] -- Installing: /home/kortex_ws/install/control_msgs/local/lib/python3.10/dist-packages/control_msgs-4.6.0-py3.10.egg-info/SOURCES.txt
[2.046s] -- Installing: /home/kortex_ws/install/control_msgs/local/lib/python3.10/dist-packages/control_msgs-4.6.0-py3.10.egg-info/dependency_links.txt
[2.046s] -- Installing: /home/kortex_ws/install/control_msgs/local/lib/python3.10/dist-packages/control_msgs-4.6.0-py3.10.egg-info/top_level.txt
[2.046s] -- Installing: /home/kortex_ws/install/control_msgs/local/lib/python3.10/dist-packages/control_msgs-4.6.0-py3.10.egg-info/PKG-INFO
[2.046s] -- Up-to-date: /home/kortex_ws/install/control_msgs/local/lib/python3.10/dist-packages/control_msgs
[2.047s] -- Up-to-date: /home/kortex_ws/install/control_msgs/local/lib/python3.10/dist-packages/control_msgs/_control_msgs_s.ep.rosidl_typesupport_fastrtps_c.c
[2.047s] -- Up-to-date: /home/kortex_ws/install/control_msgs/local/lib/python3.10/dist-packages/control_msgs/libcontrol_msgs__rosidl_generator_py.so
[2.047s] -- Up-to-date: /home/kortex_ws/install/control_msgs/local/lib/python3.10/dist-packages/control_msgs/control_msgs_s__rosidl_typesupport_c.cpython-310-x86_64-linux-gnu.so
[2.047s] -- Up-to-date: /home/kortex_ws/install/control_msgs/local/lib/python3.10/dist-packages/control_msgs/_control_msgs_s.ep.rosidl_typesupport_c.c
[2.047s] -- Up-to-date: /home/kortex_ws/install/control_msgs/local/lib/python3.10/dist-packages/control_msgs/control_msgs_s__rosidl_typesupport_introspection_c.cpython-310-x86_64-linux-gnu.so
[2.047s] -- Up-to-date: /home/kortex_ws/install/control_msgs/local/lib/python3.10/dist-packages/control_msgs/msg
[2.047s] -- Up-to-date: /home/kortex_ws/install/control_msgs/local/lib/python3.10/dist-packages/control_msgs/msg/_joint_trajectory_controller_state_s.c
[2.047s] -- Up-to-date: /home/kortex_ws/install/control_msgs/local/lib/python3.10/dist-packages/control_msgs/msg/_dynamic_joint_state.py
[2.047s] -- Up-to-date: /home/kortex_ws/install/control_msgs/local/lib/python3.10/dist-packages/control_msgs/msg/_steering_controller_status_s.c
[2.048s] -- Up-to-date: /home/kortex_ws/install/control_msgs/local/lib/python3.10/dist-packages/control_msgs/msg/_joint_component_tolerance.py
[2.048s] -- Up-to-date: /home/kortex_ws/install/control_msgs/local/lib/python3.10/dist-packages/control_msgs/msg/_single_dof_state.py
[2.048s] -- Up-to-date: /home/kortex_ws/install/control_msgs/local/lib/python3.10/dist-packages/control_msgs/msg/_joint_controller_state_s.c
[2.048s] -- Up-to-date: /home/kortex_ws/install/control_msgs/local/lib/python3.10/dist-packages/control_msgs/msg/_interface_value.py
[2.048s] -- Up-to-date: /home/kortex_ws/install/control_msgs/local/lib/python3.10/dist-packages/control_msgs/msg/_single_dof_state_stamped_s.c
[2.048s] -- Up-to-date: /home/kortex_ws/install/control_msgs/local/lib/python3.10/dist-packages/control_msgs/msg/_joint_tolerance.py
[2.048s] -- Up-to-date: /home/kortex_ws/install/control_msgs/local/lib/python3.10/dist-packages/control_msgs/msg/_single_dof_state_s.c
[2.048s] -- Up-to-date: /home/kortex_ws/install/control_msgs/local/lib/python3.10/dist-packages/control_msgs/msg/_joint_tolerance_s.c
[2.048s] -- Up-to-date: /home/kortex_ws/install/control_msgs/local/lib/python3.10/dist-packages/control_msgs/msg/_mecanum_drive_controller_state.py
[2.049s] -- Up-to-date: /home/kortex_ws/install/control_msgs/local/lib/python3.10/dist-packages/control_msgs/msg/_single_dof_state_stamped.py
[2.049s] -- Up-to-date: /home/kortex_ws/install/control_msgs/local/lib/python3.10/dist-packages/control_msgs/msg/_joint_controller_state.py
[2.049s] -- Up-to-date: /home/kortex_ws/install/control_msgs/local/lib/python3.10/dist-packages/control_msgs/msg/_admittance_controller_state_s.c
[2.049s] -- Up-to-date: /home/kortex_ws/install/control_msgs/local/lib/python3.10/dist-packages/control_msgs/msg/_joint_trajectory_controller_state.py
[2.049s] -- Up-to-date: /home/kortex_ws/install/control_msgs/local/lib/python3.10/dist-packages/control_msgs/msg/_multi_dof_command_s.c
[2.049s] -- Up-to-date: /home/kortex_ws/install/control_msgs/local/lib/python3.10/dist-packages/control_msgs/msg/_interface_value_s.c
[2.049s] -- Up-to-date: /home/kortex_ws/install/control_msgs/local/lib/python3.10/dist-packages/control_msgs/msg/_gripper_command.py
[2.049s] -- Up-to-date: /home/kortex_ws/install/control_msgs/local/lib/python3.10/dist-packages/control_msgs/msg/_admittance_controller_state.py
[2.050s] -- Up-to-date: /home/kortex_ws/install/control_msgs/local/lib/python3.10/dist-packages/control_msgs/msg/_multi_dof_state_stamped.py
[2.050s] -- Up-to-date: /home/kortex_ws/install/control_msgs/local/lib/python3.10/dist-packages/control_msgs/msg/_multi_dof_command.py
[2.050s] -- Up-to-date: /home/kortex_ws/install/control_msgs/local/lib/python3.10/dist-packages/control_msgs/msg/_pid_state_s.c
[2.050s] -- Up-to-date: /home/kortex_ws/install/control_msgs/local/lib/python3.10/dist-packages/control_msgs/msg/_joint_jog_s.c
[2.050s] -- Up-to-date: /home/kortex_ws/install/control_msgs/local/lib/python3.10/dist-packages/control_msgs/msg/_joint_component_tolerance_s.c
[2.050s] -- Up-to-date: /home/kortex_ws/install/control_msgs/local/lib/python3.10/dist-packages/control_msgs/msg/_mecanum_drive_controller_state_s.c
[2.050s] -- Up-to-date: /home/kortex_ws/install/control_msgs/local/lib/python3.10/dist-packages/control_msgs/msg/_multi_dof_state_stamped_s.c
[2.050s] -- Up-to-date: /home/kortex_ws/install/control_msgs/local/lib/python3.10/dist-packages/control_msgs/msg/_joint_jog.py
[2.050s] -- Up-to-date: /home/kortex_ws/install/control_msgs/local/lib/python3.10/dist-packages/control_msgs/msg/_pid_state.py
[2.051s] -- Up-to-date: /home/kortex_ws/install/control_msgs/local/lib/python3.10/dist-packages/control_msgs/msg/_dynamic_joint_state_s.c
[2.051s] -- Up-to-date: /home/kortex_ws/install/control_msgs/local/lib/python3.10/dist-packages/control_msgs/msg/__init__.py
[2.051s] -- Up-to-date: /home/kortex_ws/install/control_msgs/local/lib/python3.10/dist-packages/control_msgs/msg/_steering_controller_status.py
[2.051s] -- Up-to-date: /home/kortex_ws/install/control_msgs/local/lib/python3.10/dist-packages/control_msgs/msg/_gripper_command_s.c
[2.051s] -- Up-to-date: /home/kortex_ws/install/control_msgs/local/lib/python3.10/dist-packages/control_msgs/srv
[2.051s] -- Up-to-date: /home/kortex_ws/install/control_msgs/local/lib/python3.10/dist-packages/control_msgs/srv/_query_trajectory_state.py
[2.051s] -- Up-to-date: /home/kortex_ws/install/control_msgs/local/lib/python3.10/dist-packages/control_msgs/srv/_query_calibration_state_s.c
[2.051s] -- Up-to-date: /home/kortex_ws/install/control_msgs/local/lib/python3.10/dist-packages/control_msgs/srv/_query_calibration_state.py
[2.051s] -- Up-to-date: /home/kortex_ws/install/control_msgs/local/lib/python3.10/dist-packages/control_msgs/srv/_query_trajectory_state_s.c
[2.052s] -- Up-to-date: /home/kortex_ws/install/control_msgs/local/lib/python3.10/dist-packages/control_msgs/srv/__init__.py
[2.052s] -- Up-to-date: /home/kortex_ws/install/control_msgs/local/lib/python3.10/dist-packages/control_msgs/action
[2.052s] -- Up-to-date: /home/kortex_ws/install/control_msgs/local/lib/python3.10/dist-packages/control_msgs/action/_single_joint_position.py
[2.052s] -- Up-to-date: /home/kortex_ws/install/control_msgs/local/lib/python3.10/dist-packages/control_msgs/action/_point_head.py
[2.052s] -- Up-to-date: /home/kortex_ws/install/control_msgs/local/lib/python3.10/dist-packages/control_msgs/action/_point_head_s.c
[2.052s] -- Up-to-date: /home/kortex_ws/install/control_msgs/local/lib/python3.10/dist-packages/control_msgs/action/_single_joint_position_s.c
[2.052s] -- Up-to-date: /home/kortex_ws/install/control_msgs/local/lib/python3.10/dist-packages/control_msgs/action/_parallel_gripper_command_s.c
[2.052s] -- Up-to-date: /home/kortex_ws/install/control_msgs/local/lib/python3.10/dist-packages/control_msgs/action/_gripper_command.py
[2.053s] -- Up-to-date: /home/kortex_ws/install/control_msgs/local/lib/python3.10/dist-packages/control_msgs/action/_joint_trajectory_s.c
[2.053s] -- Up-to-date: /home/kortex_ws/install/control_msgs/local/lib/python3.10/dist-packages/control_msgs/action/_parallel_gripper_command.py
[2.053s] -- Up-to-date: /home/kortex_ws/install/control_msgs/local/lib/python3.10/dist-packages/control_msgs/action/_follow_joint_trajectory_s.c
[2.053s] -- Up-to-date: /home/kortex_ws/install/control_msgs/local/lib/python3.10/dist-packages/control_msgs/action/_follow_joint_trajectory.py
[2.053s] -- Up-to-date: /home/kortex_ws/install/control_msgs/local/lib/python3.10/dist-packages/control_msgs/action/_joint_trajectory.py
[2.053s] -- Up-to-date: /home/kortex_ws/install/control_msgs/local/lib/python3.10/dist-packages/control_msgs/action/__init__.py
[2.053s] -- Up-to-date: /home/kortex_ws/install/control_msgs/local/lib/python3.10/dist-packages/control_msgs/action/_gripper_command_s.c
[2.053s] -- Up-to-date: /home/kortex_ws/install/control_msgs/local/lib/python3.10/dist-packages/control_msgs/_control_msgs_s.ep.rosidl_typesupport_introspection_c.c
[2.053s] -- Up-to-date: /home/kortex_ws/install/control_msgs/local/lib/python3.10/dist-packages/control_msgs/__init__.py
[2.054s] -- Up-to-date: /home/kortex_ws/install/control_msgs/local/lib/python3.10/dist-packages/control_msgs/control_msgs_s__rosidl_typesupport_fastrtps_c.cpython-310-x86_64-linux-gnu.so
[2.075s] Listing '/home/kortex_ws/install/control_msgs/local/lib/python3.10/dist-packages/control_msgs'...
[2.075s] Listing '/home/kortex_ws/install/control_msgs/local/lib/python3.10/dist-packages/control_msgs/action'...
[2.075s] Listing '/home/kortex_ws/install/control_msgs/local/lib/python3.10/dist-packages/control_msgs/msg'...
[2.075s] Listing '/home/kortex_ws/install/control_msgs/local/lib/python3.10/dist-packages/control_msgs/srv'...
[2.080s] -- Up-to-date: /home/kortex_ws/install/control_msgs/local/lib/python3.10/dist-packages/control_msgs/control_msgs_s__rosidl_typesupport_fastrtps_c.cpython-310-x86_64-linux-gnu.so
[2.080s] -- Up-to-date: /home/kortex_ws/install/control_msgs/local/lib/python3.10/dist-packages/control_msgs/control_msgs_s__rosidl_typesupport_introspection_c.cpython-310-x86_64-linux-gnu.so
[2.081s] -- Up-to-date: /home/kortex_ws/install/control_msgs/local/lib/python3.10/dist-packages/control_msgs/control_msgs_s__rosidl_typesupport_c.cpython-310-x86_64-linux-gnu.so
[2.081s] -- Up-to-date: /home/kortex_ws/install/control_msgs/lib/libcontrol_msgs__rosidl_generator_py.so
[2.081s] -- Up-to-date: /home/kortex_ws/install/control_msgs/share/control_msgs/action/ParallelGripperCommand.idl
[2.082s] -- Up-to-date: /home/kortex_ws/install/control_msgs/share/control_msgs/action/FollowJointTrajectory.idl
[2.082s] -- Up-to-date: /home/kortex_ws/install/control_msgs/share/control_msgs/action/GripperCommand.idl
[2.082s] -- Up-to-date: /home/kortex_ws/install/control_msgs/share/control_msgs/action/JointTrajectory.idl
[2.082s] -- Up-to-date: /home/kortex_ws/install/control_msgs/share/control_msgs/action/PointHead.idl
[2.082s] -- Up-to-date: /home/kortex_ws/install/control_msgs/share/control_msgs/action/SingleJointPosition.idl
[2.082s] -- Up-to-date: /home/kortex_ws/install/control_msgs/share/control_msgs/msg/AdmittanceControllerState.idl
[2.083s] -- Up-to-date: /home/kortex_ws/install/control_msgs/share/control_msgs/msg/DynamicJointState.idl
[2.083s] -- Up-to-date: /home/kortex_ws/install/control_msgs/share/control_msgs/msg/GripperCommand.idl
[2.083s] -- Up-to-date: /home/kortex_ws/install/control_msgs/share/control_msgs/msg/InterfaceValue.idl
[2.083s] -- Up-to-date: /home/kortex_ws/install/control_msgs/share/control_msgs/msg/JointComponentTolerance.idl
[2.083s] -- Up-to-date: /home/kortex_ws/install/control_msgs/share/control_msgs/msg/JointControllerState.idl
[2.083s] -- Up-to-date: /home/kortex_ws/install/control_msgs/share/control_msgs/msg/JointJog.idl
[2.083s] -- Up-to-date: /home/kortex_ws/install/control_msgs/share/control_msgs/msg/JointTolerance.idl
[2.084s] -- Up-to-date: /home/kortex_ws/install/control_msgs/share/control_msgs/msg/JointTrajectoryControllerState.idl
[2.084s] -- Up-to-date: /home/kortex_ws/install/control_msgs/share/control_msgs/msg/MecanumDriveControllerState.idl
[2.084s] -- Up-to-date: /home/kortex_ws/install/control_msgs/share/control_msgs/msg/MultiDOFCommand.idl
[2.084s] -- Up-to-date: /home/kortex_ws/install/control_msgs/share/control_msgs/msg/MultiDOFStateStamped.idl
[2.084s] -- Up-to-date: /home/kortex_ws/install/control_msgs/share/control_msgs/msg/PidState.idl
[2.084s] -- Up-to-date: /home/kortex_ws/install/control_msgs/share/control_msgs/msg/SingleDOFState.idl
[2.084s] -- Up-to-date: /home/kortex_ws/install/control_msgs/share/control_msgs/msg/SingleDOFStateStamped.idl
[2.085s] -- Up-to-date: /home/kortex_ws/install/control_msgs/share/control_msgs/msg/SteeringControllerStatus.idl
[2.085s] -- Up-to-date: /home/kortex_ws/install/control_msgs/share/control_msgs/srv/QueryCalibrationState.idl
[2.085s] -- Up-to-date: /home/kortex_ws/install/control_msgs/share/control_msgs/srv/QueryTrajectoryState.idl
[2.085s] -- Up-to-date: /home/kortex_ws/install/control_msgs/share/control_msgs/action/ParallelGripperCommand.action
[2.085s] -- Up-to-date: /home/kortex_ws/install/control_msgs/share/control_msgs/action/FollowJointTrajectory.action
[2.085s] -- Up-to-date: /home/kortex_ws/install/control_msgs/share/control_msgs/action/GripperCommand.action
[2.085s] -- Up-to-date: /home/kortex_ws/install/control_msgs/share/control_msgs/action/JointTrajectory.action
[2.086s] -- Up-to-date: /home/kortex_ws/install/control_msgs/share/control_msgs/action/PointHead.action
[2.086s] -- Up-to-date: /home/kortex_ws/install/control_msgs/share/control_msgs/action/SingleJointPosition.action
[2.086s] -- Up-to-date: /home/kortex_ws/install/control_msgs/share/control_msgs/msg/AdmittanceControllerState.msg
[2.086s] -- Up-to-date: /home/kortex_ws/install/control_msgs/share/control_msgs/msg/DynamicJointState.msg
[2.086s] -- Up-to-date: /home/kortex_ws/install/control_msgs/share/control_msgs/msg/GripperCommand.msg
[2.086s] -- Up-to-date: /home/kortex_ws/install/control_msgs/share/control_msgs/msg/InterfaceValue.msg
[2.086s] -- Up-to-date: /home/kortex_ws/install/control_msgs/share/control_msgs/msg/JointComponentTolerance.msg
[2.086s] -- Up-to-date: /home/kortex_ws/install/control_msgs/share/control_msgs/msg/JointControllerState.msg
[2.087s] -- Up-to-date: /home/kortex_ws/install/control_msgs/share/control_msgs/msg/JointJog.msg
[2.087s] -- Up-to-date: /home/kortex_ws/install/control_msgs/share/control_msgs/msg/JointTolerance.msg
[2.087s] -- Up-to-date: /home/kortex_ws/install/control_msgs/share/control_msgs/msg/JointTrajectoryControllerState.msg
[2.087s] -- Up-to-date: /home/kortex_ws/install/control_msgs/share/control_msgs/msg/MecanumDriveControllerState.msg
[2.087s] -- Up-to-date: /home/kortex_ws/install/control_msgs/share/control_msgs/msg/MultiDOFCommand.msg
[2.087s] -- Up-to-date: /home/kortex_ws/install/control_msgs/share/control_msgs/msg/MultiDOFStateStamped.msg
[2.087s] -- Up-to-date: /home/kortex_ws/install/control_msgs/share/control_msgs/msg/PidState.msg
[2.088s] -- Up-to-date: /home/kortex_ws/install/control_msgs/share/control_msgs/msg/SingleDOFState.msg
[2.088s] -- Up-to-date: /home/kortex_ws/install/control_msgs/share/control_msgs/msg/SingleDOFStateStamped.msg
[2.088s] -- Up-to-date: /home/kortex_ws/install/control_msgs/share/control_msgs/msg/SteeringControllerStatus.msg
[2.088s] -- Up-to-date: /home/kortex_ws/install/control_msgs/share/control_msgs/srv/QueryCalibrationState.srv
[2.088s] -- Up-to-date: /home/kortex_ws/install/control_msgs/share/control_msgs/srv/QueryCalibrationState_Request.msg
[2.088s] -- Up-to-date: /home/kortex_ws/install/control_msgs/share/control_msgs/srv/QueryCalibrationState_Response.msg
[2.088s] -- Up-to-date: /home/kortex_ws/install/control_msgs/share/control_msgs/srv/QueryTrajectoryState.srv
[2.088s] -- Up-to-date: /home/kortex_ws/install/control_msgs/share/control_msgs/srv/QueryTrajectoryState_Request.msg
[2.088s] -- Up-to-date: /home/kortex_ws/install/control_msgs/share/control_msgs/srv/QueryTrajectoryState_Response.msg
[2.088s] -- Up-to-date: /home/kortex_ws/install/control_msgs/share/ament_index/resource_index/package_run_dependencies/control_msgs
[2.089s] -- Up-to-date: /home/kortex_ws/install/control_msgs/share/ament_index/resource_index/parent_prefix_path/control_msgs
[2.089s] -- Up-to-date: /home/kortex_ws/install/control_msgs/share/control_msgs/environment/ament_prefix_path.sh
[2.089s] -- Up-to-date: /home/kortex_ws/install/control_msgs/share/control_msgs/environment/ament_prefix_path.dsv
[2.089s] -- Up-to-date: /home/kortex_ws/install/control_msgs/share/control_msgs/environment/path.sh
[2.093s] -- Up-to-date: /home/kortex_ws/install/control_msgs/share/control_msgs/environment/path.dsv
[2.093s] -- Up-to-date: /home/kortex_ws/install/control_msgs/share/control_msgs/local_setup.bash
[2.093s] -- Up-to-date: /home/kortex_ws/install/control_msgs/share/control_msgs/local_setup.sh
[2.093s] -- Up-to-date: /home/kortex_ws/install/control_msgs/share/control_msgs/local_setup.zsh
[2.093s] -- Up-to-date: /home/kortex_ws/install/control_msgs/share/control_msgs/local_setup.dsv
[2.094s] -- Installing: /home/kortex_ws/install/control_msgs/share/control_msgs/package.dsv
[2.094s] -- Up-to-date: /home/kortex_ws/install/control_msgs/share/ament_index/resource_index/packages/control_msgs
[2.094s] -- Up-to-date: /home/kortex_ws/install/control_msgs/share/control_msgs/cmake/export_control_msgs__rosidl_generator_cExport.cmake
[2.094s] -- Up-to-date: /home/kortex_ws/install/control_msgs/share/control_msgs/cmake/export_control_msgs__rosidl_generator_cExport-release.cmake
[2.094s] -- Up-to-date: /home/kortex_ws/install/control_msgs/share/control_msgs/cmake/export_control_msgs__rosidl_typesupport_fastrtps_cExport.cmake
[2.094s] -- Up-to-date: /home/kortex_ws/install/control_msgs/share/control_msgs/cmake/export_control_msgs__rosidl_typesupport_fastrtps_cExport-release.cmake
[2.094s] -- Up-to-date: /home/kortex_ws/install/control_msgs/share/control_msgs/cmake/export_control_msgs__rosidl_generator_cppExport.cmake
[2.094s] -- Up-to-date: /home/kortex_ws/install/control_msgs/share/control_msgs/cmake/export_control_msgs__rosidl_typesupport_fastrtps_cppExport.cmake
[2.094s] -- Up-to-date: /home/kortex_ws/install/control_msgs/share/control_msgs/cmake/export_control_msgs__rosidl_typesupport_fastrtps_cppExport-release.cmake
[2.094s] -- Up-to-date: /home/kortex_ws/install/control_msgs/share/control_msgs/cmake/control_msgs__rosidl_typesupport_introspection_cExport.cmake
[2.094s] -- Up-to-date: /home/kortex_ws/install/control_msgs/share/control_msgs/cmake/control_msgs__rosidl_typesupport_introspection_cExport-release.cmake
[2.094s] -- Up-to-date: /home/kortex_ws/install/control_msgs/share/control_msgs/cmake/control_msgs__rosidl_typesupport_cExport.cmake
[2.094s] -- Up-to-date: /home/kortex_ws/install/control_msgs/share/control_msgs/cmake/control_msgs__rosidl_typesupport_cExport-release.cmake
[2.095s] -- Up-to-date: /home/kortex_ws/install/control_msgs/share/control_msgs/cmake/control_msgs__rosidl_typesupport_introspection_cppExport.cmake
[2.095s] -- Up-to-date: /home/kortex_ws/install/control_msgs/share/control_msgs/cmake/control_msgs__rosidl_typesupport_introspection_cppExport-release.cmake
[2.095s] -- Up-to-date: /home/kortex_ws/install/control_msgs/share/control_msgs/cmake/control_msgs__rosidl_typesupport_cppExport.cmake
[2.095s] -- Up-to-date: /home/kortex_ws/install/control_msgs/share/control_msgs/cmake/control_msgs__rosidl_typesupport_cppExport-release.cmake
[2.095s] -- Up-to-date: /home/kortex_ws/install/control_msgs/share/control_msgs/cmake/export_control_msgs__rosidl_generator_pyExport.cmake
[2.095s] -- Up-to-date: /home/kortex_ws/install/control_msgs/share/control_msgs/cmake/export_control_msgs__rosidl_generator_pyExport-release.cmake
[2.095s] -- Up-to-date: /home/kortex_ws/install/control_msgs/share/control_msgs/cmake/rosidl_cmake-extras.cmake
[2.095s] -- Up-to-date: /home/kortex_ws/install/control_msgs/share/control_msgs/cmake/ament_cmake_export_dependencies-extras.cmake
[2.095s] -- Up-to-date: /home/kortex_ws/install/control_msgs/share/control_msgs/cmake/ament_cmake_export_include_directories-extras.cmake
[2.095s] -- Up-to-date: /home/kortex_ws/install/control_msgs/share/control_msgs/cmake/ament_cmake_export_libraries-extras.cmake
[2.095s] -- Up-to-date: /home/kortex_ws/install/control_msgs/share/control_msgs/cmake/ament_cmake_export_targets-extras.cmake
[2.096s] -- Up-to-date: /home/kortex_ws/install/control_msgs/share/control_msgs/cmake/rosidl_cmake_export_typesupport_targets-extras.cmake
[2.096s] -- Up-to-date: /home/kortex_ws/install/control_msgs/share/control_msgs/cmake/rosidl_cmake_export_typesupport_libraries-extras.cmake
[2.096s] -- Up-to-date: /home/kortex_ws/install/control_msgs/share/control_msgs/cmake/control_msgsConfig.cmake
[2.096s] -- Up-to-date: /home/kortex_ws/install/control_msgs/share/control_msgs/cmake/control_msgsConfig-version.cmake
[2.096s] -- Up-to-date: /home/kortex_ws/install/control_msgs/share/control_msgs/package.xml
[2.098s] Invoked command in '/home/kortex_ws/build/control_msgs' returned '0': CMAKE_PREFIX_PATH=${CMAKE_PREFIX_PATH}:/home/kortex_ws/install/rqt_joint_trajectory_controller:/home/kortex_ws/install/rqt_controller_manager:/home/kortex_ws/install/ros2controlcli:/home/kortex_ws/install/ros2_controllers_test_nodes:/opt/ros/humble /usr/bin/cmake --install /home/kortex_ws/build/control_msgs
