[2.264s] Invoking command in '/home/humble_ws/src/realsense_bringup': PYTHONPATH=/home/humble_ws/build/realsense_bringup/prefix_override:/home/humble_ws/install/realsense_bringup/lib/python3.10/site-packages:${PYTHONPATH} /usr/bin/python3 -W ignore:setup.py install is deprecated setup.py egg_info --egg-base ../../build/realsense_bringup build --build-base /home/humble_ws/build/realsense_bringup/build install --record /home/humble_ws/build/realsense_bringup/install.log --single-version-externally-managed install_data
[2.579s] running egg_info
[2.580s] writing ../../build/realsense_bringup/realsense_bringup.egg-info/PKG-INFO
[2.581s] writing dependency_links to ../../build/realsense_bringup/realsense_bringup.egg-info/dependency_links.txt
[2.581s] writing entry points to ../../build/realsense_bringup/realsense_bringup.egg-info/entry_points.txt
[2.582s] writing requirements to ../../build/realsense_bringup/realsense_bringup.egg-info/requires.txt
[2.582s] writing top-level names to ../../build/realsense_bringup/realsense_bringup.egg-info/top_level.txt
[2.585s] reading manifest file '../../build/realsense_bringup/realsense_bringup.egg-info/SOURCES.txt'
[2.586s] writing manifest file '../../build/realsense_bringup/realsense_bringup.egg-info/SOURCES.txt'
[2.587s] running build
[2.587s] running build_py
[2.588s] running install
[2.589s] running install_lib
[2.591s] running install_data
[2.591s] running install_egg_info
[2.600s] removing '/home/humble_ws/install/realsense_bringup/lib/python3.10/site-packages/realsense_bringup-0.0.0-py3.10.egg-info' (and everything under it)
[2.601s] Copying ../../build/realsense_bringup/realsense_bringup.egg-info to /home/humble_ws/install/realsense_bringup/lib/python3.10/site-packages/realsense_bringup-0.0.0-py3.10.egg-info
[2.601s] running install_scripts
[2.631s] Installing tf_filter script to /home/humble_ws/install/realsense_bringup/lib/realsense_bringup
[2.635s] writing list of installed files to '/home/humble_ws/build/realsense_bringup/install.log'
[2.708s] Invoked command in '/home/humble_ws/src/realsense_bringup' returned '0': PYTHONPATH=/home/humble_ws/build/realsense_bringup/prefix_override:/home/humble_ws/install/realsense_bringup/lib/python3.10/site-packages:${PYTHONPATH} /usr/bin/python3 -W ignore:setup.py install is deprecated setup.py egg_info --egg-base ../../build/realsense_bringup build --build-base /home/humble_ws/build/realsense_bringup/build install --record /home/humble_ws/build/realsense_bringup/install.log --single-version-externally-managed install_data
