[0.065s] Invoking command in '/home/ros2_ws/build/antworker_moveit_description': AMENT_PREFIX_PATH=/home/ros2_ws/install/antworker_description:${AMENT_PREFIX_PATH} CMAKE_PREFIX_PATH=${CMAKE_PREFIX_PATH}:/root/ws_moveit/install/moveit_configs_utils:/opt/ros/rolling PYTHONPATH=/home/ros2_ws/install/antworker_description/lib/python3.10/site-packages:${PYTHONPATH} /usr/bin/cmake /home/ros2_ws/src/antworker_moveit_description -DCMAKE_INSTALL_PREFIX=/home/ros2_ws/install/antworker_moveit_description
[0.164s] -- The C compiler identification is GNU 11.4.0
[0.241s] -- The CXX compiler identification is GNU 11.4.0
[0.250s] -- Detecting C compiler ABI info
[0.345s] -- Detecting C compiler ABI info - done
[0.350s] -- Check for working C compiler: /usr/bin/cc - skipped
[0.351s] -- Detecting C compile features
[0.351s] -- Detecting C compile features - done
[0.354s] -- Detecting CXX compiler ABI info
[0.456s] -- Detecting CXX compiler ABI info - done
[0.461s] -- Check for working CXX compiler: /usr/bin/c++ - skipped
[0.461s] -- Detecting CXX compile features
[0.462s] -- Detecting CXX compile features - done
[0.476s] -- Found ament_cmake: 2.3.2 (/opt/ros/rolling/share/ament_cmake/cmake)
[0.698s] -- Found Python3: /usr/bin/python3.10 (found version "3.10.12") found components: Interpreter 
[0.987s] -- Configuring done
[0.991s] -- Generating done
[0.992s] -- Build files have been written to: /home/ros2_ws/build/antworker_moveit_description
[0.996s] Invoked command in '/home/ros2_ws/build/antworker_moveit_description' returned '0': AMENT_PREFIX_PATH=/home/ros2_ws/install/antworker_description:${AMENT_PREFIX_PATH} CMAKE_PREFIX_PATH=${CMAKE_PREFIX_PATH}:/root/ws_moveit/install/moveit_configs_utils:/opt/ros/rolling PYTHONPATH=/home/ros2_ws/install/antworker_description/lib/python3.10/site-packages:${PYTHONPATH} /usr/bin/cmake /home/ros2_ws/src/antworker_moveit_description -DCMAKE_INSTALL_PREFIX=/home/ros2_ws/install/antworker_moveit_description
[0.998s] Invoking command in '/home/ros2_ws/build/antworker_moveit_description': AMENT_PREFIX_PATH=/home/ros2_ws/install/antworker_description:${AMENT_PREFIX_PATH} CMAKE_PREFIX_PATH=${CMAKE_PREFIX_PATH}:/root/ws_moveit/install/moveit_configs_utils:/opt/ros/rolling PYTHONPATH=/home/ros2_ws/install/antworker_description/lib/python3.10/site-packages:${PYTHONPATH} /usr/bin/cmake --build /home/ros2_ws/build/antworker_moveit_description -- -j16 -l16
[1.057s] Invoked command in '/home/ros2_ws/build/antworker_moveit_description' returned '0': AMENT_PREFIX_PATH=/home/ros2_ws/install/antworker_description:${AMENT_PREFIX_PATH} CMAKE_PREFIX_PATH=${CMAKE_PREFIX_PATH}:/root/ws_moveit/install/moveit_configs_utils:/opt/ros/rolling PYTHONPATH=/home/ros2_ws/install/antworker_description/lib/python3.10/site-packages:${PYTHONPATH} /usr/bin/cmake --build /home/ros2_ws/build/antworker_moveit_description -- -j16 -l16
[1.120s] Invoking command in '/home/ros2_ws/build/antworker_moveit_description': AMENT_PREFIX_PATH=/home/ros2_ws/install/antworker_description:${AMENT_PREFIX_PATH} CMAKE_PREFIX_PATH=${CMAKE_PREFIX_PATH}:/root/ws_moveit/install/moveit_configs_utils:/opt/ros/rolling PYTHONPATH=/home/ros2_ws/install/antworker_description/lib/python3.10/site-packages:${PYTHONPATH} /usr/bin/cmake --install /home/ros2_ws/build/antworker_moveit_description
[1.133s] -- Install configuration: ""
[1.133s] -- Installing: /home/ros2_ws/install/antworker_moveit_description/share/ament_index/resource_index/package_run_dependencies/antworker_moveit_description
[1.133s] -- Installing: /home/ros2_ws/install/antworker_moveit_description/share/ament_index/resource_index/parent_prefix_path/antworker_moveit_description
[1.133s] -- Installing: /home/ros2_ws/install/antworker_moveit_description/share/antworker_moveit_description/environment/ament_prefix_path.sh
[1.133s] -- Installing: /home/ros2_ws/install/antworker_moveit_description/share/antworker_moveit_description/environment/ament_prefix_path.dsv
[1.133s] -- Installing: /home/ros2_ws/install/antworker_moveit_description/share/antworker_moveit_description/environment/path.sh
[1.134s] -- Installing: /home/ros2_ws/install/antworker_moveit_description/share/antworker_moveit_description/environment/path.dsv
[1.134s] -- Installing: /home/ros2_ws/install/antworker_moveit_description/share/antworker_moveit_description/local_setup.bash
[1.134s] -- Installing: /home/ros2_ws/install/antworker_moveit_description/share/antworker_moveit_description/local_setup.sh
[1.134s] -- Installing: /home/ros2_ws/install/antworker_moveit_description/share/antworker_moveit_description/local_setup.zsh
[1.134s] -- Installing: /home/ros2_ws/install/antworker_moveit_description/share/antworker_moveit_description/local_setup.dsv
[1.134s] -- Installing: /home/ros2_ws/install/antworker_moveit_description/share/antworker_moveit_description/package.dsv
[1.134s] -- Installing: /home/ros2_ws/install/antworker_moveit_description/share/ament_index/resource_index/packages/antworker_moveit_description
[1.134s] -- Installing: /home/ros2_ws/install/antworker_moveit_description/share/antworker_moveit_description/cmake/antworker_moveit_descriptionConfig.cmake
[1.135s] -- Installing: /home/ros2_ws/install/antworker_moveit_description/share/antworker_moveit_description/cmake/antworker_moveit_descriptionConfig-version.cmake
[1.135s] -- Installing: /home/ros2_ws/install/antworker_moveit_description/share/antworker_moveit_description/package.xml
[1.135s] -- Installing: /home/ros2_ws/install/antworker_moveit_description/share/antworker_moveit_description/launch
[1.135s] -- Installing: /home/ros2_ws/install/antworker_moveit_description/share/antworker_moveit_description/launch/demo.launch.py
[1.135s] -- Installing: /home/ros2_ws/install/antworker_moveit_description/share/antworker_moveit_description/launch/setup_assistant.launch.py
[1.135s] -- Installing: /home/ros2_ws/install/antworker_moveit_description/share/antworker_moveit_description/launch/move_group.launch.py
[1.135s] -- Installing: /home/ros2_ws/install/antworker_moveit_description/share/antworker_moveit_description/launch/__pycache__
[1.135s] -- Installing: /home/ros2_ws/install/antworker_moveit_description/share/antworker_moveit_description/launch/__pycache__/demo.launch.cpython-310.pyc
[1.135s] -- Installing: /home/ros2_ws/install/antworker_moveit_description/share/antworker_moveit_description/launch/__pycache__/move_group.launch.cpython-310.pyc
[1.135s] -- Installing: /home/ros2_ws/install/antworker_moveit_description/share/antworker_moveit_description/launch/warehouse_db.launch.py
[1.136s] -- Installing: /home/ros2_ws/install/antworker_moveit_description/share/antworker_moveit_description/launch/static_virtual_joint_tfs.launch.py
[1.136s] -- Installing: /home/ros2_ws/install/antworker_moveit_description/share/antworker_moveit_description/launch/spawn_controllers.launch.py
[1.136s] -- Installing: /home/ros2_ws/install/antworker_moveit_description/share/antworker_moveit_description/launch/rsp.launch.py
[1.136s] -- Installing: /home/ros2_ws/install/antworker_moveit_description/share/antworker_moveit_description/launch/moveit_rviz.launch.py
[1.136s] -- Installing: /home/ros2_ws/install/antworker_moveit_description/share/antworker_moveit_description/config
[1.136s] -- Installing: /home/ros2_ws/install/antworker_moveit_description/share/antworker_moveit_description/config/antworker.srdf
[1.136s] -- Installing: /home/ros2_ws/install/antworker_moveit_description/share/antworker_moveit_description/config/antworker.ros2_control.xacro
[1.136s] -- Installing: /home/ros2_ws/install/antworker_moveit_description/share/antworker_moveit_description/config/joint_limits.yaml
[1.136s] -- Installing: /home/ros2_ws/install/antworker_moveit_description/share/antworker_moveit_description/config/ros2_controllers.yaml
[1.137s] -- Installing: /home/ros2_ws/install/antworker_moveit_description/share/antworker_moveit_description/config/pilz_cartesian_limits.yaml
[1.137s] -- Installing: /home/ros2_ws/install/antworker_moveit_description/share/antworker_moveit_description/config/moveit.rviz
[1.137s] -- Installing: /home/ros2_ws/install/antworker_moveit_description/share/antworker_moveit_description/config/kinematics.yaml
[1.137s] -- Installing: /home/ros2_ws/install/antworker_moveit_description/share/antworker_moveit_description/config/initial_positions.yaml
[1.137s] -- Installing: /home/ros2_ws/install/antworker_moveit_description/share/antworker_moveit_description/config/antworker.urdf.xacro
[1.137s] -- Installing: /home/ros2_ws/install/antworker_moveit_description/share/antworker_moveit_description/config/moveit_controllers.yaml
[1.137s] -- Installing: /home/ros2_ws/install/antworker_moveit_description/share/antworker_moveit_description/.setup_assistant
[1.139s] Invoked command in '/home/ros2_ws/build/antworker_moveit_description' returned '0': AMENT_PREFIX_PATH=/home/ros2_ws/install/antworker_description:${AMENT_PREFIX_PATH} CMAKE_PREFIX_PATH=${CMAKE_PREFIX_PATH}:/root/ws_moveit/install/moveit_configs_utils:/opt/ros/rolling PYTHONPATH=/home/ros2_ws/install/antworker_description/lib/python3.10/site-packages:${PYTHONPATH} /usr/bin/cmake --install /home/ros2_ws/build/antworker_moveit_description
