[0.012s] Invoking command in '/home/humble_ws/build/moveit_interface': CMAKE_PREFIX_PATH=${CMAKE_PREFIX_PATH}:/home/humble_ws/install/antworker_navigation:/home/humble_ws/install/antworker_moveit_bringup:/home/humble_ws/install/antworker_isaacsim_world:/home/humble_ws/install/antworker_description:/opt/ros/humble /usr/bin/cmake --build /home/humble_ws/build/moveit_interface -- -j16 -l16
[0.040s] -- Found ament_cmake: 1.3.8 (/opt/ros/humble/share/ament_cmake/cmake)
[0.146s] -- Found moveit_ros_planning_interface: 2.5.5 (/opt/ros/humble/share/moveit_ros_planning_interface/cmake)
[0.156s] -- Found Boost: /usr/lib/x86_64-linux-gnu/cmake/Boost-1.74.0/BoostConfig.cmake (found version "1.74.0") found components: date_time filesystem program_options system thread 
[0.181s] -- Found rosidl_generator_c: 3.1.5 (/opt/ros/humble/share/rosidl_generator_c/cmake)
[0.183s] -- Found rosidl_adapter: 3.1.5 (/opt/ros/humble/share/rosidl_adapter/cmake)
[0.188s] -- Found rosidl_generator_cpp: 3.1.5 (/opt/ros/humble/share/rosidl_generator_cpp/cmake)
[0.198s] -- Using all available rosidl_typesupport_c: rosidl_typesupport_fastrtps_c;rosidl_typesupport_introspection_c
[0.211s] -- Using all available rosidl_typesupport_cpp: rosidl_typesupport_fastrtps_cpp;rosidl_typesupport_introspection_cpp
[1.046s] -- Found Boost: /usr/lib/x86_64-linux-gnu/cmake/Boost-1.74.0/BoostConfig.cmake (found version "1.74.0") found components: chrono date_time filesystem iostreams program_options regex serialization system thread 
[1.053s] -- Found parameter_traits: 0.3.8 (/opt/ros/humble/share/parameter_traits/cmake)
[1.098s] -- Found rmw_implementation_cmake: 6.1.1 (/opt/ros/humble/share/rmw_implementation_cmake/cmake)
[1.099s] -- Found rmw_cyclonedds_cpp: 1.3.4 (/opt/ros/humble/share/rmw_cyclonedds_cpp/cmake)
[1.126s] -- Using RMW implementation 'rmw_cyclonedds_cpp' as default
[1.253s] -- Found rclcpp_lifecycle: 16.0.8 (/opt/ros/humble/share/rclcpp_lifecycle/cmake)
[1.290s] -- Found Boost: /usr/lib/x86_64-linux-gnu/cmake/Boost-1.74.0/BoostConfig.cmake (found version "1.74.0") found components: filesystem 
[1.333s] -- library: /usr/lib/x86_64-linux-gnu/libcurl.so
[1.467s] -- Ensuring Eigen3 include directory is part of orocos-kdl CMake target
[1.935s] -- Found Boost: /usr/lib/x86_64-linux-gnu/cmake/Boost-1.74.0/BoostConfig.cmake (found version "1.74.0") found components: system filesystem date_time program_options thread chrono 
[2.415s] -- Found Boost: /usr/lib/x86_64-linux-gnu/cmake/Boost-1.74.0/BoostConfig.cmake (found version "1.74.0") found components: thread system filesystem regex date_time program_options 
[2.660s] -- Found Boost: /usr/lib/x86_64-linux-gnu/cmake/Boost-1.74.0/BoostConfig.cmake (found version "1.74.0") found components: system filesystem date_time program_options thread 
[3.026s] -- Found ament_lint_auto: 0.12.10 (/opt/ros/humble/share/ament_lint_auto/cmake)
[3.089s] -- Added test 'cppcheck' to perform static code analysis on C / C++ code
[3.089s] -- Configured cppcheck include dirs: 
[3.089s] -- Configured cppcheck exclude dirs and/or files: 
[3.089s] -- Added test 'flake8' to check Python code syntax and style conventions
[3.089s] -- Added test 'lint_cmake' to check CMake code style
[3.090s] -- Added test 'pep257' to check Python code against some of the docstring style conventions in PEP 257
[3.090s] -- Added test 'uncrustify' to check C / C++ code style
[3.090s] -- Configured uncrustify additional arguments: 
[3.091s] -- Added test 'xmllint' to check XML markup files
[3.091s] -- Configuring done
[3.124s] -- Generating done
[3.126s] -- Build files have been written to: /home/humble_ws/build/moveit_interface
[3.170s] [ 50%] [32mBuilding CXX object CMakeFiles/hybrid_planning_demo_node.dir/src/hybrid_planning_demo_node.cpp.o[0m
[18.623s] [100%] [32m[1mLinking CXX executable hybrid_planning_demo_node[0m
[19.334s] [100%] Built target hybrid_planning_demo_node
[19.346s] Invoked command in '/home/humble_ws/build/moveit_interface' returned '0': CMAKE_PREFIX_PATH=${CMAKE_PREFIX_PATH}:/home/humble_ws/install/antworker_navigation:/home/humble_ws/install/antworker_moveit_bringup:/home/humble_ws/install/antworker_isaacsim_world:/home/humble_ws/install/antworker_description:/opt/ros/humble /usr/bin/cmake --build /home/humble_ws/build/moveit_interface -- -j16 -l16
[19.383s] Invoking command in '/home/humble_ws/build/moveit_interface': CMAKE_PREFIX_PATH=${CMAKE_PREFIX_PATH}:/home/humble_ws/install/antworker_navigation:/home/humble_ws/install/antworker_moveit_bringup:/home/humble_ws/install/antworker_isaacsim_world:/home/humble_ws/install/antworker_description:/opt/ros/humble /usr/bin/cmake --install /home/humble_ws/build/moveit_interface
[19.391s] -- Install configuration: ""
[19.391s] -- Installing: /home/humble_ws/install/moveit_interface/lib/moveit_interface/hybrid_planning_demo_node
[19.400s] -- Set runtime path of "/home/humble_ws/install/moveit_interface/lib/moveit_interface/hybrid_planning_demo_node" to ""
[19.400s] -- Up-to-date: /home/humble_ws/install/moveit_interface/share/ament_index/resource_index/package_run_dependencies/moveit_interface
[19.400s] -- Up-to-date: /home/humble_ws/install/moveit_interface/share/ament_index/resource_index/parent_prefix_path/moveit_interface
[19.400s] -- Up-to-date: /home/humble_ws/install/moveit_interface/share/moveit_interface/environment/ament_prefix_path.sh
[19.400s] -- Installing: /home/humble_ws/install/moveit_interface/share/moveit_interface/environment/ament_prefix_path.dsv
[19.400s] -- Up-to-date: /home/humble_ws/install/moveit_interface/share/moveit_interface/environment/path.sh
[19.401s] -- Installing: /home/humble_ws/install/moveit_interface/share/moveit_interface/environment/path.dsv
[19.401s] -- Up-to-date: /home/humble_ws/install/moveit_interface/share/moveit_interface/local_setup.bash
[19.401s] -- Up-to-date: /home/humble_ws/install/moveit_interface/share/moveit_interface/local_setup.sh
[19.401s] -- Up-to-date: /home/humble_ws/install/moveit_interface/share/moveit_interface/local_setup.zsh
[19.401s] -- Installing: /home/humble_ws/install/moveit_interface/share/moveit_interface/local_setup.dsv
[19.401s] -- Installing: /home/humble_ws/install/moveit_interface/share/moveit_interface/package.dsv
[19.401s] -- Up-to-date: /home/humble_ws/install/moveit_interface/share/ament_index/resource_index/packages/moveit_interface
[19.401s] -- Up-to-date: /home/humble_ws/install/moveit_interface/share/moveit_interface/cmake/moveit_interfaceConfig.cmake
[19.401s] -- Up-to-date: /home/humble_ws/install/moveit_interface/share/moveit_interface/cmake/moveit_interfaceConfig-version.cmake
[19.401s] -- Up-to-date: /home/humble_ws/install/moveit_interface/share/moveit_interface/package.xml
[19.403s] Invoked command in '/home/humble_ws/build/moveit_interface' returned '0': CMAKE_PREFIX_PATH=${CMAKE_PREFIX_PATH}:/home/humble_ws/install/antworker_navigation:/home/humble_ws/install/antworker_moveit_bringup:/home/humble_ws/install/antworker_isaacsim_world:/home/humble_ws/install/antworker_description:/opt/ros/humble /usr/bin/cmake --install /home/humble_ws/build/moveit_interface
