[0.704s] Invoking command in '/home/rolling_ws/src/attempt_py_moveit': PYTHONPATH=/home/rolling_ws/build/attempt_py_moveit/prefix_override:/home/rolling_ws/install/attempt_py_moveit/lib/python3.12/site-packages:${PYTHONPATH} /usr/bin/python3 -W ignore:setup.py install is deprecated setup.py egg_info --egg-base ../../build/attempt_py_moveit build --build-base /home/rolling_ws/build/attempt_py_moveit/build install --record /home/rolling_ws/build/attempt_py_moveit/install.log --single-version-externally-managed install_data
[0.887s] running egg_info
[0.887s] creating ../../build/attempt_py_moveit/attempt_py_moveit.egg-info
[0.898s] writing ../../build/attempt_py_moveit/attempt_py_moveit.egg-info/PKG-INFO
[0.899s] writing dependency_links to ../../build/attempt_py_moveit/attempt_py_moveit.egg-info/dependency_links.txt
[0.899s] writing entry points to ../../build/attempt_py_moveit/attempt_py_moveit.egg-info/entry_points.txt
[0.899s] writing requirements to ../../build/attempt_py_moveit/attempt_py_moveit.egg-info/requires.txt
[0.899s] writing top-level names to ../../build/attempt_py_moveit/attempt_py_moveit.egg-info/top_level.txt
[0.899s] writing manifest file '../../build/attempt_py_moveit/attempt_py_moveit.egg-info/SOURCES.txt'
[0.923s] reading manifest file '../../build/attempt_py_moveit/attempt_py_moveit.egg-info/SOURCES.txt'
[0.924s] writing manifest file '../../build/attempt_py_moveit/attempt_py_moveit.egg-info/SOURCES.txt'
[0.924s] running build
[0.924s] running build_py
[0.924s] creating /home/rolling_ws/build/attempt_py_moveit/build
[0.924s] creating /home/rolling_ws/build/attempt_py_moveit/build/lib
[0.924s] creating /home/rolling_ws/build/attempt_py_moveit/build/lib/attempt_py_moveit
[0.924s] copying attempt_py_moveit/attempt_motion_planning.py -> /home/rolling_ws/build/attempt_py_moveit/build/lib/attempt_py_moveit
[0.924s] copying attempt_py_moveit/__init__.py -> /home/rolling_ws/build/attempt_py_moveit/build/lib/attempt_py_moveit
[0.924s] running install
[0.929s] running install_lib
[0.941s] creating /home/rolling_ws/install/attempt_py_moveit/lib/python3.12/site-packages/attempt_py_moveit
[0.941s] copying /home/rolling_ws/build/attempt_py_moveit/build/lib/attempt_py_moveit/attempt_motion_planning.py -> /home/rolling_ws/install/attempt_py_moveit/lib/python3.12/site-packages/attempt_py_moveit
[0.941s] copying /home/rolling_ws/build/attempt_py_moveit/build/lib/attempt_py_moveit/__init__.py -> /home/rolling_ws/install/attempt_py_moveit/lib/python3.12/site-packages/attempt_py_moveit
[0.941s] byte-compiling /home/rolling_ws/install/attempt_py_moveit/lib/python3.12/site-packages/attempt_py_moveit/attempt_motion_planning.py to attempt_motion_planning.cpython-312.pyc
[0.942s] byte-compiling /home/rolling_ws/install/attempt_py_moveit/lib/python3.12/site-packages/attempt_py_moveit/__init__.py to __init__.cpython-312.pyc
[0.942s] running install_data
[0.942s] creating /home/rolling_ws/install/attempt_py_moveit/share/ament_index
[0.942s] creating /home/rolling_ws/install/attempt_py_moveit/share/ament_index/resource_index
[0.943s] creating /home/rolling_ws/install/attempt_py_moveit/share/ament_index/resource_index/packages
[0.943s] copying resource/attempt_py_moveit -> /home/rolling_ws/install/attempt_py_moveit/share/ament_index/resource_index/packages
[0.943s] copying package.xml -> /home/rolling_ws/install/attempt_py_moveit/share/attempt_py_moveit
[0.943s] creating /home/rolling_ws/install/attempt_py_moveit/share/attempt_py_moveit/launch
[0.943s] copying launch/tutorial.launch.py -> /home/rolling_ws/install/attempt_py_moveit/share/attempt_py_moveit/launch
[0.943s] creating /home/rolling_ws/install/attempt_py_moveit/share/attempt_py_moveit/config
[0.943s] copying config/moveit_py_params.yaml -> /home/rolling_ws/install/attempt_py_moveit/share/attempt_py_moveit/config
[0.943s] copying config/rviz_config.rviz -> /home/rolling_ws/install/attempt_py_moveit/share/attempt_py_moveit/config
[0.944s] running install_egg_info
[0.956s] Copying ../../build/attempt_py_moveit/attempt_py_moveit.egg-info to /home/rolling_ws/install/attempt_py_moveit/lib/python3.12/site-packages/attempt_py_moveit-0.0.0-py3.12.egg-info
[0.957s] running install_scripts
[1.046s] Installing attempt_motion_planning script to /home/rolling_ws/install/attempt_py_moveit/lib/attempt_py_moveit
[1.047s] writing list of installed files to '/home/rolling_ws/build/attempt_py_moveit/install.log'
[1.067s] Invoked command in '/home/rolling_ws/src/attempt_py_moveit' returned '0': PYTHONPATH=/home/rolling_ws/build/attempt_py_moveit/prefix_override:/home/rolling_ws/install/attempt_py_moveit/lib/python3.12/site-packages:${PYTHONPATH} /usr/bin/python3 -W ignore:setup.py install is deprecated setup.py egg_info --egg-base ../../build/attempt_py_moveit build --build-base /home/rolling_ws/build/attempt_py_moveit/build install --record /home/rolling_ws/build/attempt_py_moveit/install.log --single-version-externally-managed install_data
