[0.035s] Invoking command in '/home/kortex_ws/build/joint_limits': CMAKE_PREFIX_PATH=${CMAKE_PREFIX_PATH}:/home/kortex_ws/install/rqt_joint_trajectory_controller:/home/kortex_ws/install/rqt_controller_manager:/home/kortex_ws/install/ros2controlcli:/home/kortex_ws/install/ros2_controllers_test_nodes:/opt/ros/humble /usr/bin/cmake --build /home/kortex_ws/build/joint_limits -- -j16 -l16
[0.113s] [ 33%] Built target gtest_main
[0.114s] [ 66%] Built target gtest
[0.168s] [100%] Built target joint_limits_rosparam_test
[0.359s] Invoked command in '/home/kortex_ws/build/joint_limits' returned '0': CMAKE_PREFIX_PATH=${CMAKE_PREFIX_PATH}:/home/kortex_ws/install/rqt_joint_trajectory_controller:/home/kortex_ws/install/rqt_controller_manager:/home/kortex_ws/install/ros2controlcli:/home/kortex_ws/install/ros2_controllers_test_nodes:/opt/ros/humble /usr/bin/cmake --build /home/kortex_ws/build/joint_limits -- -j16 -l16
[0.427s] Invoking command in '/home/kortex_ws/build/joint_limits': CMAKE_PREFIX_PATH=${CMAKE_PREFIX_PATH}:/home/kortex_ws/install/rqt_joint_trajectory_controller:/home/kortex_ws/install/rqt_controller_manager:/home/kortex_ws/install/ros2controlcli:/home/kortex_ws/install/ros2_controllers_test_nodes:/opt/ros/humble /usr/bin/cmake --install /home/kortex_ws/build/joint_limits
[0.450s] -- Install configuration: "Release"
[0.450s] -- Up-to-date: /home/kortex_ws/install/joint_limits/include
[0.451s] -- Up-to-date: /home/kortex_ws/install/joint_limits/include/joint_limits
[0.451s] -- Up-to-date: /home/kortex_ws/install/joint_limits/include/joint_limits/joint_limits_rosparam.hpp
[0.451s] -- Up-to-date: /home/kortex_ws/install/joint_limits/include/joint_limits/joint_limits.hpp
[0.452s] -- Up-to-date: /home/kortex_ws/install/joint_limits/lib/joint_limits/joint_limits_rosparam_test
[0.455s] -- Up-to-date: /home/kortex_ws/install/joint_limits/share/joint_limits/test/joint_limits_rosparam.yaml
[0.455s] -- Up-to-date: /home/kortex_ws/install/joint_limits/share/ament_index/resource_index/package_run_dependencies/joint_limits
[0.455s] -- Up-to-date: /home/kortex_ws/install/joint_limits/share/ament_index/resource_index/parent_prefix_path/joint_limits
[0.455s] -- Up-to-date: /home/kortex_ws/install/joint_limits/share/joint_limits/environment/ament_prefix_path.sh
[0.455s] -- Up-to-date: /home/kortex_ws/install/joint_limits/share/joint_limits/environment/ament_prefix_path.dsv
[0.455s] -- Up-to-date: /home/kortex_ws/install/joint_limits/share/joint_limits/environment/path.sh
[0.456s] -- Up-to-date: /home/kortex_ws/install/joint_limits/share/joint_limits/environment/path.dsv
[0.456s] -- Up-to-date: /home/kortex_ws/install/joint_limits/share/joint_limits/local_setup.bash
[0.456s] -- Up-to-date: /home/kortex_ws/install/joint_limits/share/joint_limits/local_setup.sh
[0.456s] -- Up-to-date: /home/kortex_ws/install/joint_limits/share/joint_limits/local_setup.zsh
[0.456s] -- Up-to-date: /home/kortex_ws/install/joint_limits/share/joint_limits/local_setup.dsv
[0.456s] -- Installing: /home/kortex_ws/install/joint_limits/share/joint_limits/package.dsv
[0.457s] -- Up-to-date: /home/kortex_ws/install/joint_limits/share/ament_index/resource_index/packages/joint_limits
[0.457s] -- Up-to-date: /home/kortex_ws/install/joint_limits/share/joint_limits/cmake/ament_cmake_export_dependencies-extras.cmake
[0.457s] -- Up-to-date: /home/kortex_ws/install/joint_limits/share/joint_limits/cmake/ament_cmake_export_include_directories-extras.cmake
[0.457s] -- Up-to-date: /home/kortex_ws/install/joint_limits/share/joint_limits/cmake/joint_limitsConfig.cmake
[0.457s] -- Up-to-date: /home/kortex_ws/install/joint_limits/share/joint_limits/cmake/joint_limitsConfig-version.cmake
[0.457s] -- Up-to-date: /home/kortex_ws/install/joint_limits/share/joint_limits/package.xml
[0.486s] Invoked command in '/home/kortex_ws/build/joint_limits' returned '0': CMAKE_PREFIX_PATH=${CMAKE_PREFIX_PATH}:/home/kortex_ws/install/rqt_joint_trajectory_controller:/home/kortex_ws/install/rqt_controller_manager:/home/kortex_ws/install/ros2controlcli:/home/kortex_ws/install/ros2_controllers_test_nodes:/opt/ros/humble /usr/bin/cmake --install /home/kortex_ws/build/joint_limits
