[1.074s] Invoking command in '/home/humble_ws/src/antworker_navigation': PYTHONPATH=/home/humble_ws/build/antworker_navigation/prefix_override:/home/humble_ws/install/antworker_navigation/lib/python3.10/site-packages:${PYTHONPATH} /usr/bin/python3 -W ignore:setup.py install is deprecated setup.py egg_info --egg-base ../../build/antworker_navigation build --build-base /home/humble_ws/build/antworker_navigation/build install --record /home/humble_ws/build/antworker_navigation/install.log --single-version-externally-managed install_data
[1.253s] running egg_info
[1.254s] writing ../../build/antworker_navigation/antworker_navigation.egg-info/PKG-INFO
[1.254s] writing dependency_links to ../../build/antworker_navigation/antworker_navigation.egg-info/dependency_links.txt
[1.255s] writing entry points to ../../build/antworker_navigation/antworker_navigation.egg-info/entry_points.txt
[1.256s] writing requirements to ../../build/antworker_navigation/antworker_navigation.egg-info/requires.txt
[1.256s] writing top-level names to ../../build/antworker_navigation/antworker_navigation.egg-info/top_level.txt
[1.256s] reading manifest file '../../build/antworker_navigation/antworker_navigation.egg-info/SOURCES.txt'
[1.257s] writing manifest file '../../build/antworker_navigation/antworker_navigation.egg-info/SOURCES.txt'
[1.257s] running build
[1.257s] running build_py
[1.257s] running install
[1.258s] running install_lib
[1.259s] running install_data
[1.259s] running install_egg_info
[1.262s] removing '/home/humble_ws/install/antworker_navigation/lib/python3.10/site-packages/antworker_navigation-0.0.0-py3.10.egg-info' (and everything under it)
[1.262s] Copying ../../build/antworker_navigation/antworker_navigation.egg-info to /home/humble_ws/install/antworker_navigation/lib/python3.10/site-packages/antworker_navigation-0.0.0-py3.10.egg-info
[1.263s] running install_scripts
[1.285s] writing list of installed files to '/home/humble_ws/build/antworker_navigation/install.log'
[1.330s] Invoked command in '/home/humble_ws/src/antworker_navigation' returned '0': PYTHONPATH=/home/humble_ws/build/antworker_navigation/prefix_override:/home/humble_ws/install/antworker_navigation/lib/python3.10/site-packages:${PYTHONPATH} /usr/bin/python3 -W ignore:setup.py install is deprecated setup.py egg_info --egg-base ../../build/antworker_navigation build --build-base /home/humble_ws/build/antworker_navigation/build install --record /home/humble_ws/build/antworker_navigation/install.log --single-version-externally-managed install_data
