[0.504s] Invoking command in '/home/humble_ws/src/kortex_interface': PYTHONPATH=/home/humble_ws/build/kortex_interface/prefix_override:/home/humble_ws/install/kortex_interface/lib/python3.10/site-packages:${PYTHONPATH} /usr/bin/python3 -W ignore:setup.py install is deprecated setup.py egg_info --egg-base ../../build/kortex_interface build --build-base /home/humble_ws/build/kortex_interface/build install --record /home/humble_ws/build/kortex_interface/install.log --single-version-externally-managed install_data
[0.682s] running egg_info
[0.682s] creating ../../build/kortex_interface/kortex_interface.egg-info
[0.682s] writing ../../build/kortex_interface/kortex_interface.egg-info/PKG-INFO
[0.683s] writing dependency_links to ../../build/kortex_interface/kortex_interface.egg-info/dependency_links.txt
[0.683s] writing entry points to ../../build/kortex_interface/kortex_interface.egg-info/entry_points.txt
[0.683s] writing requirements to ../../build/kortex_interface/kortex_interface.egg-info/requires.txt
[0.683s] writing top-level names to ../../build/kortex_interface/kortex_interface.egg-info/top_level.txt
[0.683s] writing manifest file '../../build/kortex_interface/kortex_interface.egg-info/SOURCES.txt'
[0.684s] reading manifest file '../../build/kortex_interface/kortex_interface.egg-info/SOURCES.txt'
[0.684s] writing manifest file '../../build/kortex_interface/kortex_interface.egg-info/SOURCES.txt'
[0.685s] running build
[0.685s] running build_py
[0.685s] creating /home/humble_ws/build/kortex_interface/build
[0.685s] creating /home/humble_ws/build/kortex_interface/build/lib
[0.685s] creating /home/humble_ws/build/kortex_interface/build/lib/kortex_interface
[0.685s] copying kortex_interface/__init__.py -> /home/humble_ws/build/kortex_interface/build/lib/kortex_interface
[0.685s] running install
[0.685s] running install_lib
[0.686s] creating /home/humble_ws/install/kortex_interface/lib/python3.10/site-packages/kortex_interface
[0.686s] copying /home/humble_ws/build/kortex_interface/build/lib/kortex_interface/__init__.py -> /home/humble_ws/install/kortex_interface/lib/python3.10/site-packages/kortex_interface
[0.686s] byte-compiling /home/humble_ws/install/kortex_interface/lib/python3.10/site-packages/kortex_interface/__init__.py to __init__.cpython-310.pyc
[0.686s] running install_data
[0.686s] creating /home/humble_ws/install/kortex_interface/share/ament_index
[0.687s] creating /home/humble_ws/install/kortex_interface/share/ament_index/resource_index
[0.687s] creating /home/humble_ws/install/kortex_interface/share/ament_index/resource_index/packages
[0.687s] copying resource/kortex_interface -> /home/humble_ws/install/kortex_interface/share/ament_index/resource_index/packages
[0.687s] copying package.xml -> /home/humble_ws/install/kortex_interface/share/kortex_interface
[0.687s] running install_egg_info
[0.688s] Copying ../../build/kortex_interface/kortex_interface.egg-info to /home/humble_ws/install/kortex_interface/lib/python3.10/site-packages/kortex_interface-0.0.0-py3.10.egg-info
[0.689s] running install_scripts
[0.704s] writing list of installed files to '/home/humble_ws/build/kortex_interface/install.log'
[0.728s] Invoked command in '/home/humble_ws/src/kortex_interface' returned '0': PYTHONPATH=/home/humble_ws/build/kortex_interface/prefix_override:/home/humble_ws/install/kortex_interface/lib/python3.10/site-packages:${PYTHONPATH} /usr/bin/python3 -W ignore:setup.py install is deprecated setup.py egg_info --egg-base ../../build/kortex_interface build --build-base /home/humble_ws/build/kortex_interface/build install --record /home/humble_ws/build/kortex_interface/install.log --single-version-externally-managed install_data
