[0.675s] Invoking command in '/home/humble_ws/src/antworker_description': PYTHONPATH=/home/humble_ws/build/antworker_description/prefix_override:/home/humble_ws/install/antworker_description/lib/python3.10/site-packages:${PYTHONPATH} /usr/bin/python3 -W ignore:setup.py install is deprecated setup.py egg_info --egg-base ../../build/antworker_description build --build-base /home/humble_ws/build/antworker_description/build install --record /home/humble_ws/build/antworker_description/install.log --single-version-externally-managed install_data
[0.848s] running egg_info
[0.848s] writing ../../build/antworker_description/antworker_description.egg-info/PKG-INFO
[0.848s] writing dependency_links to ../../build/antworker_description/antworker_description.egg-info/dependency_links.txt
[0.849s] writing entry points to ../../build/antworker_description/antworker_description.egg-info/entry_points.txt
[0.849s] writing requirements to ../../build/antworker_description/antworker_description.egg-info/requires.txt
[0.849s] writing top-level names to ../../build/antworker_description/antworker_description.egg-info/top_level.txt
[0.850s] reading manifest file '../../build/antworker_description/antworker_description.egg-info/SOURCES.txt'
[0.851s] writing manifest file '../../build/antworker_description/antworker_description.egg-info/SOURCES.txt'
[0.851s] running build
[0.851s] running build_py
[0.851s] running install
[0.852s] running install_lib
[0.852s] running install_data
[0.853s] running install_egg_info
[0.854s] removing '/home/humble_ws/install/antworker_description/lib/python3.10/site-packages/antworker_description-0.0.0-py3.10.egg-info' (and everything under it)
[0.855s] Copying ../../build/antworker_description/antworker_description.egg-info to /home/humble_ws/install/antworker_description/lib/python3.10/site-packages/antworker_description-0.0.0-py3.10.egg-info
[0.855s] running install_scripts
[0.871s] writing list of installed files to '/home/humble_ws/build/antworker_description/install.log'
[0.892s] Invoked command in '/home/humble_ws/src/antworker_description' returned '0': PYTHONPATH=/home/humble_ws/build/antworker_description/prefix_override:/home/humble_ws/install/antworker_description/lib/python3.10/site-packages:${PYTHONPATH} /usr/bin/python3 -W ignore:setup.py install is deprecated setup.py egg_info --egg-base ../../build/antworker_description build --build-base /home/humble_ws/build/antworker_description/build install --record /home/humble_ws/build/antworker_description/install.log --single-version-externally-managed install_data
