[0.406s] Invoking command in '/home/humble_ws/src/moveit_rolling_humble_interface': PYTHONPATH=/home/humble_ws/build/moveit_rolling_humble_interface/prefix_override:/home/humble_ws/install/moveit_rolling_humble_interface/lib/python3.10/site-packages:${PYTHONPATH} /usr/bin/python3 -W ignore:setup.py install is deprecated setup.py egg_info --egg-base ../../build/moveit_rolling_humble_interface build --build-base /home/humble_ws/build/moveit_rolling_humble_interface/build install --record /home/humble_ws/build/moveit_rolling_humble_interface/install.log --single-version-externally-managed install_data
[0.570s] running egg_info
[0.570s] writing ../../build/moveit_rolling_humble_interface/moveit_rolling_humble_interface.egg-info/PKG-INFO
[0.570s] writing dependency_links to ../../build/moveit_rolling_humble_interface/moveit_rolling_humble_interface.egg-info/dependency_links.txt
[0.570s] writing entry points to ../../build/moveit_rolling_humble_interface/moveit_rolling_humble_interface.egg-info/entry_points.txt
[0.570s] writing requirements to ../../build/moveit_rolling_humble_interface/moveit_rolling_humble_interface.egg-info/requires.txt
[0.571s] writing top-level names to ../../build/moveit_rolling_humble_interface/moveit_rolling_humble_interface.egg-info/top_level.txt
[0.572s] reading manifest file '../../build/moveit_rolling_humble_interface/moveit_rolling_humble_interface.egg-info/SOURCES.txt'
[0.572s] writing manifest file '../../build/moveit_rolling_humble_interface/moveit_rolling_humble_interface.egg-info/SOURCES.txt'
[0.572s] running build
[0.573s] running build_py
[0.573s] running install
[0.573s] running install_lib
[0.574s] running install_data
[0.574s] running install_egg_info
[0.575s] removing '/home/humble_ws/install/moveit_rolling_humble_interface/lib/python3.10/site-packages/moveit_rolling_humble_interface-0.0.0-py3.10.egg-info' (and everything under it)
[0.575s] Copying ../../build/moveit_rolling_humble_interface/moveit_rolling_humble_interface.egg-info to /home/humble_ws/install/moveit_rolling_humble_interface/lib/python3.10/site-packages/moveit_rolling_humble_interface-0.0.0-py3.10.egg-info
[0.576s] running install_scripts
[0.591s] Installing joint_state_translater script to /home/humble_ws/install/moveit_rolling_humble_interface/lib/moveit_rolling_humble_interface
[0.591s] writing list of installed files to '/home/humble_ws/build/moveit_rolling_humble_interface/install.log'
[0.608s] Invoked command in '/home/humble_ws/src/moveit_rolling_humble_interface' returned '0': PYTHONPATH=/home/humble_ws/build/moveit_rolling_humble_interface/prefix_override:/home/humble_ws/install/moveit_rolling_humble_interface/lib/python3.10/site-packages:${PYTHONPATH} /usr/bin/python3 -W ignore:setup.py install is deprecated setup.py egg_info --egg-base ../../build/moveit_rolling_humble_interface build --build-base /home/humble_ws/build/moveit_rolling_humble_interface/build install --record /home/humble_ws/build/moveit_rolling_humble_interface/install.log --single-version-externally-managed install_data
