-- Install configuration: ""
-- Up-to-date: /home/ros2_ws/install/antworker_moveit_description/share/ament_index/resource_index/package_run_dependencies/antworker_moveit_description
-- Up-to-date: /home/ros2_ws/install/antworker_moveit_description/share/ament_index/resource_index/parent_prefix_path/antworker_moveit_description
-- Up-to-date: /home/ros2_ws/install/antworker_moveit_description/share/antworker_moveit_description/environment/ament_prefix_path.sh
-- Up-to-date: /home/ros2_ws/install/antworker_moveit_description/share/antworker_moveit_description/environment/ament_prefix_path.dsv
-- Up-to-date: /home/ros2_ws/install/antworker_moveit_description/share/antworker_moveit_description/environment/path.sh
-- Up-to-date: /home/ros2_ws/install/antworker_moveit_description/share/antworker_moveit_description/environment/path.dsv
-- Up-to-date: /home/ros2_ws/install/antworker_moveit_description/share/antworker_moveit_description/local_setup.bash
-- Up-to-date: /home/ros2_ws/install/antworker_moveit_description/share/antworker_moveit_description/local_setup.sh
-- Up-to-date: /home/ros2_ws/install/antworker_moveit_description/share/antworker_moveit_description/local_setup.zsh
-- Up-to-date: /home/ros2_ws/install/antworker_moveit_description/share/antworker_moveit_description/local_setup.dsv
-- Up-to-date: /home/ros2_ws/install/antworker_moveit_description/share/antworker_moveit_description/package.dsv
-- Up-to-date: /home/ros2_ws/install/antworker_moveit_description/share/ament_index/resource_index/packages/antworker_moveit_description
-- Up-to-date: /home/ros2_ws/install/antworker_moveit_description/share/antworker_moveit_description/cmake/antworker_moveit_descriptionConfig.cmake
-- Up-to-date: /home/ros2_ws/install/antworker_moveit_description/share/antworker_moveit_description/cmake/antworker_moveit_descriptionConfig-version.cmake
-- Up-to-date: /home/ros2_ws/install/antworker_moveit_description/share/antworker_moveit_description/package.xml
-- Up-to-date: /home/ros2_ws/install/antworker_moveit_description/share/antworker_moveit_description/launch
-- Up-to-date: /home/ros2_ws/install/antworker_moveit_description/share/antworker_moveit_description/launch/demo.launch.py
-- Up-to-date: /home/ros2_ws/install/antworker_moveit_description/share/antworker_moveit_description/launch/setup_assistant.launch.py
-- Up-to-date: /home/ros2_ws/install/antworker_moveit_description/share/antworker_moveit_description/launch/move_group.launch.py
-- Up-to-date: /home/ros2_ws/install/antworker_moveit_description/share/antworker_moveit_description/launch/warehouse_db.launch.py
-- Up-to-date: /home/ros2_ws/install/antworker_moveit_description/share/antworker_moveit_description/launch/static_virtual_joint_tfs.launch.py
-- Up-to-date: /home/ros2_ws/install/antworker_moveit_description/share/antworker_moveit_description/launch/spawn_controllers.launch.py
-- Up-to-date: /home/ros2_ws/install/antworker_moveit_description/share/antworker_moveit_description/launch/rsp.launch.py
-- Up-to-date: /home/ros2_ws/install/antworker_moveit_description/share/antworker_moveit_description/launch/moveit_rviz.launch.py
-- Up-to-date: /home/ros2_ws/install/antworker_moveit_description/share/antworker_moveit_description/config
-- Up-to-date: /home/ros2_ws/install/antworker_moveit_description/share/antworker_moveit_description/config/antworker.srdf
-- Up-to-date: /home/ros2_ws/install/antworker_moveit_description/share/antworker_moveit_description/config/antworker.ros2_control.xacro
-- Up-to-date: /home/ros2_ws/install/antworker_moveit_description/share/antworker_moveit_description/config/joint_limits.yaml
-- Up-to-date: /home/ros2_ws/install/antworker_moveit_description/share/antworker_moveit_description/config/ros2_controllers.yaml
-- Up-to-date: /home/ros2_ws/install/antworker_moveit_description/share/antworker_moveit_description/config/pilz_cartesian_limits.yaml
-- Up-to-date: /home/ros2_ws/install/antworker_moveit_description/share/antworker_moveit_description/config/moveit.rviz
-- Up-to-date: /home/ros2_ws/install/antworker_moveit_description/share/antworker_moveit_description/config/kinematics.yaml
-- Up-to-date: /home/ros2_ws/install/antworker_moveit_description/share/antworker_moveit_description/config/initial_positions.yaml
-- Up-to-date: /home/ros2_ws/install/antworker_moveit_description/share/antworker_moveit_description/config/antworker.urdf.xacro
-- Up-to-date: /home/ros2_ws/install/antworker_moveit_description/share/antworker_moveit_description/config/moveit_controllers.yaml
-- Up-to-date: /home/ros2_ws/install/antworker_moveit_description/share/antworker_moveit_description/.setup_assistant
