[0.543s] Invoking command in '/home/humble_ws/src/support_kinova_moveit': PYTHONPATH=/home/humble_ws/build/support_kinova_moveit/prefix_override:/home/humble_ws/install/support_kinova_moveit/lib/python3.10/site-packages:${PYTHONPATH} /usr/bin/python3 -W ignore:setup.py install is deprecated setup.py egg_info --egg-base ../../build/support_kinova_moveit build --build-base /home/humble_ws/build/support_kinova_moveit/build install --record /home/humble_ws/build/support_kinova_moveit/install.log --single-version-externally-managed install_data
[0.717s] running egg_info
[0.718s] writing ../../build/support_kinova_moveit/support_kinova_moveit.egg-info/PKG-INFO
[0.718s] writing dependency_links to ../../build/support_kinova_moveit/support_kinova_moveit.egg-info/dependency_links.txt
[0.718s] writing entry points to ../../build/support_kinova_moveit/support_kinova_moveit.egg-info/entry_points.txt
[0.718s] writing requirements to ../../build/support_kinova_moveit/support_kinova_moveit.egg-info/requires.txt
[0.718s] writing top-level names to ../../build/support_kinova_moveit/support_kinova_moveit.egg-info/top_level.txt
[0.720s] reading manifest file '../../build/support_kinova_moveit/support_kinova_moveit.egg-info/SOURCES.txt'
[0.720s] writing manifest file '../../build/support_kinova_moveit/support_kinova_moveit.egg-info/SOURCES.txt'
[0.721s] running build
[0.721s] running build_py
[0.721s] running install
[0.721s] running install_lib
[0.722s] running install_data
[0.722s] running install_egg_info
[0.725s] removing '/home/humble_ws/install/support_kinova_moveit/lib/python3.10/site-packages/support_kinova_moveit-0.0.0-py3.10.egg-info' (and everything under it)
[0.725s] Copying ../../build/support_kinova_moveit/support_kinova_moveit.egg-info to /home/humble_ws/install/support_kinova_moveit/lib/python3.10/site-packages/support_kinova_moveit-0.0.0-py3.10.egg-info
[0.726s] running install_scripts
[0.745s] Installing joint_command_forwarder script to /home/humble_ws/install/support_kinova_moveit/lib/support_kinova_moveit
[0.745s] Installing joint_forwarder script to /home/humble_ws/install/support_kinova_moveit/lib/support_kinova_moveit
[0.745s] writing list of installed files to '/home/humble_ws/build/support_kinova_moveit/install.log'
[0.767s] Invoked command in '/home/humble_ws/src/support_kinova_moveit' returned '0': PYTHONPATH=/home/humble_ws/build/support_kinova_moveit/prefix_override:/home/humble_ws/install/support_kinova_moveit/lib/python3.10/site-packages:${PYTHONPATH} /usr/bin/python3 -W ignore:setup.py install is deprecated setup.py egg_info --egg-base ../../build/support_kinova_moveit build --build-base /home/humble_ws/build/support_kinova_moveit/build install --record /home/humble_ws/build/support_kinova_moveit/install.log --single-version-externally-managed install_data
