[0.008s] Invoking command in '/home/kortex_ws/build/serial': CMAKE_PREFIX_PATH=/opt/ros/humble /usr/bin/cmake /home/kortex_ws/src/serial -DCMAKE_BUILD_TYPE=Release -DCMAKE_INSTALL_PREFIX=/home/kortex_ws/install/serial
[0.105s] -- The C compiler identification is GNU 11.4.0
[0.192s] -- The CXX compiler identification is GNU 11.4.0
[0.205s] -- Detecting C compiler ABI info
[0.339s] -- Detecting C compiler ABI info - done
[0.352s] -- Check for working C compiler: /usr/bin/cc - skipped
[0.353s] -- Detecting C compile features
[0.353s] -- Detecting C compile features - done
[0.358s] -- Detecting CXX compiler ABI info
[0.507s] -- Detecting CXX compiler ABI info - done
[0.520s] -- Check for working CXX compiler: /usr/bin/c++ - skipped
[0.520s] -- Detecting CXX compile features
[0.521s] -- Detecting CXX compile features - done
[0.543s] -- Found ament_cmake: 1.3.8 (/opt/ros/humble/share/ament_cmake/cmake)
[0.788s] -- Found Python3: /usr/bin/python3 (found version "3.10.12") found components: Interpreter 
[1.130s] -- Configuring done
[1.170s] -- Generating done
[1.177s] -- Build files have been written to: /home/kortex_ws/build/serial
[1.190s] Invoked command in '/home/kortex_ws/build/serial' returned '0': CMAKE_PREFIX_PATH=/opt/ros/humble /usr/bin/cmake /home/kortex_ws/src/serial -DCMAKE_BUILD_TYPE=Release -DCMAKE_INSTALL_PREFIX=/home/kortex_ws/install/serial
[1.191s] Invoking command in '/home/kortex_ws/build/serial': CMAKE_PREFIX_PATH=/opt/ros/humble /usr/bin/cmake --build /home/kortex_ws/build/serial -- -j16 -l16
[1.285s] [ 75%] [32mBuilding CXX object CMakeFiles/serial.dir/src/serial.cc.o[0m
[1.285s] [ 75%] [32mBuilding CXX object CMakeFiles/serial.dir/src/impl/unix.cc.o[0m
[1.286s] [ 75%] [32mBuilding CXX object CMakeFiles/serial.dir/src/impl/list_ports/list_ports_linux.cc.o[0m
[2.691s] [100%] [32m[1mLinking CXX static library libserial.a[0m
[2.812s] [100%] Built target serial
[2.830s] Invoked command in '/home/kortex_ws/build/serial' returned '0': CMAKE_PREFIX_PATH=/opt/ros/humble /usr/bin/cmake --build /home/kortex_ws/build/serial -- -j16 -l16
[2.873s] Invoking command in '/home/kortex_ws/build/serial': CMAKE_PREFIX_PATH=/opt/ros/humble /usr/bin/cmake --install /home/kortex_ws/build/serial
[2.886s] -- Install configuration: "Release"
[2.887s] -- Installing: /home/kortex_ws/install/serial/lib/libserial.a
[2.888s] -- Installing: /home/kortex_ws/install/serial/include
[2.889s] -- Installing: /home/kortex_ws/install/serial/include/serial
[2.889s] -- Installing: /home/kortex_ws/install/serial/include/serial/serial.h
[2.890s] -- Installing: /home/kortex_ws/install/serial/include/serial/v8stdint.h
[2.890s] -- Installing: /home/kortex_ws/install/serial/include/serial/impl
[2.891s] -- Installing: /home/kortex_ws/install/serial/include/serial/impl/win.h
[2.891s] -- Installing: /home/kortex_ws/install/serial/include/serial/impl/unix.h
[2.892s] -- Installing: /home/kortex_ws/install/serial/share/serial/environment/library_path.sh
[2.892s] -- Installing: /home/kortex_ws/install/serial/share/serial/environment/library_path.dsv
[2.893s] -- Installing: /home/kortex_ws/install/serial/share/ament_index/resource_index/package_run_dependencies/serial
[2.893s] -- Installing: /home/kortex_ws/install/serial/share/ament_index/resource_index/parent_prefix_path/serial
[2.894s] -- Installing: /home/kortex_ws/install/serial/share/serial/environment/ament_prefix_path.sh
[2.894s] -- Installing: /home/kortex_ws/install/serial/share/serial/environment/ament_prefix_path.dsv
[2.894s] -- Installing: /home/kortex_ws/install/serial/share/serial/environment/path.sh
[2.895s] -- Installing: /home/kortex_ws/install/serial/share/serial/environment/path.dsv
[2.896s] -- Installing: /home/kortex_ws/install/serial/share/serial/local_setup.bash
[2.896s] -- Installing: /home/kortex_ws/install/serial/share/serial/local_setup.sh
[2.897s] -- Installing: /home/kortex_ws/install/serial/share/serial/local_setup.zsh
[2.897s] -- Installing: /home/kortex_ws/install/serial/share/serial/local_setup.dsv
[2.898s] -- Installing: /home/kortex_ws/install/serial/share/serial/package.dsv
[2.898s] -- Installing: /home/kortex_ws/install/serial/share/ament_index/resource_index/packages/serial
[2.899s] -- Installing: /home/kortex_ws/install/serial/share/serial/cmake/export_serialExport.cmake
[2.899s] -- Installing: /home/kortex_ws/install/serial/share/serial/cmake/export_serialExport-release.cmake
[2.899s] -- Installing: /home/kortex_ws/install/serial/share/serial/cmake/ament_cmake_export_include_directories-extras.cmake
[2.900s] -- Installing: /home/kortex_ws/install/serial/share/serial/cmake/ament_cmake_export_libraries-extras.cmake
[2.900s] -- Installing: /home/kortex_ws/install/serial/share/serial/cmake/ament_cmake_export_targets-extras.cmake
[2.901s] -- Installing: /home/kortex_ws/install/serial/share/serial/cmake/serialConfig.cmake
[2.901s] -- Installing: /home/kortex_ws/install/serial/share/serial/cmake/serialConfig-version.cmake
[2.902s] -- Installing: /home/kortex_ws/install/serial/share/serial/package.xml
[2.913s] Invoked command in '/home/kortex_ws/build/serial' returned '0': CMAKE_PREFIX_PATH=/opt/ros/humble /usr/bin/cmake --install /home/kortex_ws/build/serial
