running egg_info
creating ../../build/moveit_rolling_humble_interface/moveit_rolling_humble_interface.egg-info
writing ../../build/moveit_rolling_humble_interface/moveit_rolling_humble_interface.egg-info/PKG-INFO
writing dependency_links to ../../build/moveit_rolling_humble_interface/moveit_rolling_humble_interface.egg-info/dependency_links.txt
writing entry points to ../../build/moveit_rolling_humble_interface/moveit_rolling_humble_interface.egg-info/entry_points.txt
writing requirements to ../../build/moveit_rolling_humble_interface/moveit_rolling_humble_interface.egg-info/requires.txt
writing top-level names to ../../build/moveit_rolling_humble_interface/moveit_rolling_humble_interface.egg-info/top_level.txt
writing manifest file '../../build/moveit_rolling_humble_interface/moveit_rolling_humble_interface.egg-info/SOURCES.txt'
reading manifest file '../../build/moveit_rolling_humble_interface/moveit_rolling_humble_interface.egg-info/SOURCES.txt'
writing manifest file '../../build/moveit_rolling_humble_interface/moveit_rolling_humble_interface.egg-info/SOURCES.txt'
running build
running build_py
creating /home/humble_ws/build/moveit_rolling_humble_interface/build
creating /home/humble_ws/build/moveit_rolling_humble_interface/build/lib
creating /home/humble_ws/build/moveit_rolling_humble_interface/build/lib/moveit_rolling_humble_interface
copying moveit_rolling_humble_interface/__init__.py -> /home/humble_ws/build/moveit_rolling_humble_interface/build/lib/moveit_rolling_humble_interface
copying moveit_rolling_humble_interface/moveit_rolling_humble_interface.py -> /home/humble_ws/build/moveit_rolling_humble_interface/build/lib/moveit_rolling_humble_interface
running install
running install_lib
creating /home/humble_ws/install/moveit_rolling_humble_interface/lib/python3.10/site-packages/moveit_rolling_humble_interface
copying /home/humble_ws/build/moveit_rolling_humble_interface/build/lib/moveit_rolling_humble_interface/__init__.py -> /home/humble_ws/install/moveit_rolling_humble_interface/lib/python3.10/site-packages/moveit_rolling_humble_interface
copying /home/humble_ws/build/moveit_rolling_humble_interface/build/lib/moveit_rolling_humble_interface/moveit_rolling_humble_interface.py -> /home/humble_ws/install/moveit_rolling_humble_interface/lib/python3.10/site-packages/moveit_rolling_humble_interface
byte-compiling /home/humble_ws/install/moveit_rolling_humble_interface/lib/python3.10/site-packages/moveit_rolling_humble_interface/__init__.py to __init__.cpython-310.pyc
byte-compiling /home/humble_ws/install/moveit_rolling_humble_interface/lib/python3.10/site-packages/moveit_rolling_humble_interface/moveit_rolling_humble_interface.py to moveit_rolling_humble_interface.cpython-310.pyc
running install_data
creating /home/humble_ws/install/moveit_rolling_humble_interface/share/ament_index
creating /home/humble_ws/install/moveit_rolling_humble_interface/share/ament_index/resource_index
creating /home/humble_ws/install/moveit_rolling_humble_interface/share/ament_index/resource_index/packages
copying resource/moveit_rolling_humble_interface -> /home/humble_ws/install/moveit_rolling_humble_interface/share/ament_index/resource_index/packages
copying package.xml -> /home/humble_ws/install/moveit_rolling_humble_interface/share/moveit_rolling_humble_interface
running install_egg_info
Copying ../../build/moveit_rolling_humble_interface/moveit_rolling_humble_interface.egg-info to /home/humble_ws/install/moveit_rolling_humble_interface/lib/python3.10/site-packages/moveit_rolling_humble_interface-0.0.0-py3.10.egg-info
running install_scripts
writing list of installed files to '/home/humble_ws/build/moveit_rolling_humble_interface/install.log'
