running egg_info
creating ../../build/kortex_interface/kortex_interface.egg-info
writing ../../build/kortex_interface/kortex_interface.egg-info/PKG-INFO
writing dependency_links to ../../build/kortex_interface/kortex_interface.egg-info/dependency_links.txt
writing entry points to ../../build/kortex_interface/kortex_interface.egg-info/entry_points.txt
writing requirements to ../../build/kortex_interface/kortex_interface.egg-info/requires.txt
writing top-level names to ../../build/kortex_interface/kortex_interface.egg-info/top_level.txt
writing manifest file '../../build/kortex_interface/kortex_interface.egg-info/SOURCES.txt'
reading manifest file '../../build/kortex_interface/kortex_interface.egg-info/SOURCES.txt'
writing manifest file '../../build/kortex_interface/kortex_interface.egg-info/SOURCES.txt'
running build
running build_py
creating /home/humble_kortex_interface_ws/build/kortex_interface/build
creating /home/humble_kortex_interface_ws/build/kortex_interface/build/lib
creating /home/humble_kortex_interface_ws/build/kortex_interface/build/lib/kortex_interface
copying kortex_interface/__init__.py -> /home/humble_kortex_interface_ws/build/kortex_interface/build/lib/kortex_interface
copying kortex_interface/joint_pruner.py -> /home/humble_kortex_interface_ws/build/kortex_interface/build/lib/kortex_interface
running install
running install_lib
creating /home/humble_kortex_interface_ws/install/kortex_interface/lib/python3.10/site-packages/kortex_interface
copying /home/humble_kortex_interface_ws/build/kortex_interface/build/lib/kortex_interface/__init__.py -> /home/humble_kortex_interface_ws/install/kortex_interface/lib/python3.10/site-packages/kortex_interface
copying /home/humble_kortex_interface_ws/build/kortex_interface/build/lib/kortex_interface/joint_pruner.py -> /home/humble_kortex_interface_ws/install/kortex_interface/lib/python3.10/site-packages/kortex_interface
byte-compiling /home/humble_kortex_interface_ws/install/kortex_interface/lib/python3.10/site-packages/kortex_interface/__init__.py to __init__.cpython-310.pyc
byte-compiling /home/humble_kortex_interface_ws/install/kortex_interface/lib/python3.10/site-packages/kortex_interface/joint_pruner.py to joint_pruner.cpython-310.pyc
running install_data
creating /home/humble_kortex_interface_ws/install/kortex_interface/share/ament_index
creating /home/humble_kortex_interface_ws/install/kortex_interface/share/ament_index/resource_index
creating /home/humble_kortex_interface_ws/install/kortex_interface/share/ament_index/resource_index/packages
copying resource/kortex_interface -> /home/humble_kortex_interface_ws/install/kortex_interface/share/ament_index/resource_index/packages
copying package.xml -> /home/humble_kortex_interface_ws/install/kortex_interface/share/kortex_interface
creating /home/humble_kortex_interface_ws/install/kortex_interface/share/kortex_interface/launch
copying launch/kortex_interface.launch.py -> /home/humble_kortex_interface_ws/install/kortex_interface/share/kortex_interface/launch
creating /home/humble_kortex_interface_ws/install/kortex_interface/share/kortex_interface/config
copying config/kortex_domain_bridge.yaml -> /home/humble_kortex_interface_ws/install/kortex_interface/share/kortex_interface/config
running install_egg_info
Copying ../../build/kortex_interface/kortex_interface.egg-info to /home/humble_kortex_interface_ws/install/kortex_interface/lib/python3.10/site-packages/kortex_interface-0.0.0-py3.10.egg-info
running install_scripts
Installing joint_pruner script to /home/humble_kortex_interface_ws/install/kortex_interface/lib/kortex_interface
writing list of installed files to '/home/humble_kortex_interface_ws/build/kortex_interface/install.log'
