[0.017s] Invoking command in '/home/moveit/build/moveit_ros_control_interface': AMENT_PREFIX_PATH=/home/moveit/install/moveit_simple_controller_manager:/home/moveit/install/moveit_core:/home/moveit/install/moveit_msgs:/home/moveit/install/moveit_common:${AMENT_PREFIX_PATH} CMAKE_PREFIX_PATH=/home/moveit/install/moveit_simple_controller_manager:/home/moveit/install/moveit_core:/home/moveit/install/moveit_msgs:/home/moveit/install/moveit_common:/opt/ros/humble LD_LIBRARY_PATH=/home/moveit/install/moveit_simple_controller_manager/lib:/home/moveit/install/moveit_core/lib:/home/moveit/install/moveit_msgs/lib:${LD_LIBRARY_PATH} PATH=/home/moveit/install/moveit_core/bin:${PATH} PYTHONPATH=/home/moveit/install/moveit_msgs/local/lib/python3.10/dist-packages:${PYTHONPATH} /usr/bin/cmake /home/moveit/src/moveit2/moveit_plugins/moveit_ros_control_interface -DCMAKE_BUILD_TYPE=Release -DCMAKE_INSTALL_PREFIX=/home/moveit/install/moveit_ros_control_interface
[0.084s] -- The CXX compiler identification is GNU 11.4.0
[0.092s] -- Detecting CXX compiler ABI info
[0.176s] -- Detecting CXX compiler ABI info - done
[0.182s] -- Check for working CXX compiler: /usr/bin/c++ - skipped
[0.182s] -- Detecting CXX compile features
[0.182s] -- Detecting CXX compile features - done
[0.187s] -- Found ament_cmake: 1.3.9 (/opt/ros/humble/share/ament_cmake/cmake)
[0.330s] -- Found Python3: /usr/bin/python3 (found version "3.10.12") found components: Interpreter 
[0.441s] -- Found rclcpp_action: 16.0.9 (/opt/ros/humble/share/rclcpp_action/cmake)
[0.499s] -- Found rosidl_generator_c: 3.1.5 (/opt/ros/humble/share/rosidl_generator_c/cmake)
[0.508s] -- Found rosidl_adapter: 3.1.5 (/opt/ros/humble/share/rosidl_adapter/cmake)
[0.521s] -- Found rosidl_generator_cpp: 3.1.5 (/opt/ros/humble/share/rosidl_generator_cpp/cmake)
[0.538s] -- Using all available rosidl_typesupport_c: rosidl_typesupport_fastrtps_c;rosidl_typesupport_introspection_c
[0.563s] -- Using all available rosidl_typesupport_cpp: rosidl_typesupport_fastrtps_cpp;rosidl_typesupport_introspection_cpp
[0.715s] -- Found rmw_implementation_cmake: 6.1.2 (/opt/ros/humble/share/rmw_implementation_cmake/cmake)
[0.720s] -- Found rmw_fastrtps_cpp: 6.2.6 (/opt/ros/humble/share/rmw_fastrtps_cpp/cmake)
[0.845s] -- Found OpenSSL: /usr/lib/x86_64-linux-gnu/libcrypto.so (found version "3.0.2")  
[0.878s] -- Found FastRTPS: /opt/ros/humble/include  
[0.938s] -- Using RMW implementation 'rmw_fastrtps_cpp' as default
[0.955s] -- Looking for C++ include pthread.h
[1.045s] -- Looking for C++ include pthread.h - found
[1.045s] -- Performing Test CMAKE_HAVE_LIBC_PTHREAD
[1.136s] -- Performing Test CMAKE_HAVE_LIBC_PTHREAD - Success
[1.137s] -- Found Threads: TRUE  
[1.314s] -- Found controller_manager_msgs: 2.41.0 (/opt/ros/humble/share/controller_manager_msgs/cmake)
[1.372s] -- Found moveit_core: 2.9.0 (/home/moveit/install/moveit_core/share/moveit_core/cmake)
[1.434s] -- Found Boost: /usr/lib/x86_64-linux-gnu/cmake/Boost-1.74.0/BoostConfig.cmake (found version "1.74.0") found components: chrono date_time filesystem iostreams program_options regex serialization system thread 
[1.493s] -- Found parameter_traits: 0.3.8 (/opt/ros/humble/share/parameter_traits/cmake)
[1.520s] -- Found Eigen3: TRUE (found version "3.4.0") 
[1.526s] -- Found rclcpp_lifecycle: 16.0.9 (/opt/ros/humble/share/rclcpp_lifecycle/cmake)
[1.555s] -- Found Boost: /usr/lib/x86_64-linux-gnu/cmake/Boost-1.74.0/BoostConfig.cmake (found version "1.74.0") found components: filesystem 
[1.729s] -- library: /usr/lib/x86_64-linux-gnu/libcurl.so
[2.008s] -- Ensuring Eigen3 include directory is part of orocos-kdl CMake target
[2.911s] -- Found moveit_simple_controller_manager: 2.9.0 (/home/moveit/install/moveit_simple_controller_manager/share/moveit_simple_controller_manager/cmake)
[2.915s] -- Found Boost: /usr/lib/x86_64-linux-gnu/cmake/Boost-1.74.0/BoostConfig.cmake (found version "1.74.0") found components: thread 
[3.273s] -- Found moveit_common: 2.9.0 (/home/moveit/install/moveit_common/share/moveit_common/cmake)
[3.335s] -- Found libdw: /usr/lib/x86_64-linux-gnu/libdw.so  
[3.336s] -- Could NOT find libbfd (missing: LIBBFD_LIBRARY LIBBFD_INCLUDE_DIR) 
[3.336s] -- BACKWARD_HAS_UNWIND=1
[3.336s] -- BACKWARD_HAS_BACKTRACE=0
[3.337s] -- BACKWARD_HAS_BACKTRACE_SYMBOL=0
[3.337s] -- BACKWARD_HAS_DW=1
[3.337s] -- BACKWARD_HAS_BFD=0
[3.337s] -- Found Backward: /opt/ros/humble/share/backward_ros/cmake  
[3.341s] -- Found Boost: /usr/lib/x86_64-linux-gnu/cmake/Boost-1.74.0/BoostConfig.cmake (found version "1.74.0") found components: system thread 
[3.359s] -- Found ament_lint_auto: 0.12.11 (/opt/ros/humble/share/ament_lint_auto/cmake)
[3.390s] -- Added test 'cppcheck' to perform static code analysis on C / C++ code
[3.390s] -- Configured cppcheck include dirs: /home/moveit/src/moveit2/moveit_plugins/moveit_ros_control_interface/include
[3.391s] -- Configured cppcheck exclude dirs and/or files: 
[3.391s] -- Added test 'lint_cmake' to check CMake code style
[3.392s] -- Added test 'xmllint' to check XML markup files
[3.395s] -- Configuring done
[3.472s] -- Generating done
[3.475s] -- Build files have been written to: /home/moveit/build/moveit_ros_control_interface
[3.487s] Invoked command in '/home/moveit/build/moveit_ros_control_interface' returned '0': AMENT_PREFIX_PATH=/home/moveit/install/moveit_simple_controller_manager:/home/moveit/install/moveit_core:/home/moveit/install/moveit_msgs:/home/moveit/install/moveit_common:${AMENT_PREFIX_PATH} CMAKE_PREFIX_PATH=/home/moveit/install/moveit_simple_controller_manager:/home/moveit/install/moveit_core:/home/moveit/install/moveit_msgs:/home/moveit/install/moveit_common:/opt/ros/humble LD_LIBRARY_PATH=/home/moveit/install/moveit_simple_controller_manager/lib:/home/moveit/install/moveit_core/lib:/home/moveit/install/moveit_msgs/lib:${LD_LIBRARY_PATH} PATH=/home/moveit/install/moveit_core/bin:${PATH} PYTHONPATH=/home/moveit/install/moveit_msgs/local/lib/python3.10/dist-packages:${PYTHONPATH} /usr/bin/cmake /home/moveit/src/moveit2/moveit_plugins/moveit_ros_control_interface -DCMAKE_BUILD_TYPE=Release -DCMAKE_INSTALL_PREFIX=/home/moveit/install/moveit_ros_control_interface
[3.489s] Invoking command in '/home/moveit/build/moveit_ros_control_interface': AMENT_PREFIX_PATH=/home/moveit/install/moveit_simple_controller_manager:/home/moveit/install/moveit_core:/home/moveit/install/moveit_msgs:/home/moveit/install/moveit_common:${AMENT_PREFIX_PATH} CMAKE_PREFIX_PATH=/home/moveit/install/moveit_simple_controller_manager:/home/moveit/install/moveit_core:/home/moveit/install/moveit_msgs:/home/moveit/install/moveit_common:/opt/ros/humble LD_LIBRARY_PATH=/home/moveit/install/moveit_simple_controller_manager/lib:/home/moveit/install/moveit_core/lib:/home/moveit/install/moveit_msgs/lib:${LD_LIBRARY_PATH} PATH=/home/moveit/install/moveit_core/bin:${PATH} PYTHONPATH=/home/moveit/install/moveit_msgs/local/lib/python3.10/dist-packages:${PYTHONPATH} /usr/bin/cmake --build /home/moveit/build/moveit_ros_control_interface -- -j16 -l16
[3.555s] [ 37%] [32mBuilding CXX object CMakeFiles/moveit_ros_control_interface_empty_plugin.dir/src/empty_controller_plugin.cpp.o[0m
[3.555s] [ 37%] [32mBuilding CXX object CMakeFiles/moveit_ros_control_interface_trajectory_plugin.dir/src/joint_trajectory_controller_plugin.cpp.o[0m
[3.555s] [ 37%] [32mBuilding CXX object CMakeFiles/moveit_ros_control_interface_plugin.dir/src/controller_manager_plugin.cpp.o[0m
[3.558s] [ 50%] [32mBuilding CXX object CMakeFiles/moveit_ros_control_interface_gripper_plugin.dir/src/gripper_controller_plugin.cpp.o[0m
[6.812s] [ 62%] [32m[1mLinking CXX shared library libmoveit_ros_control_interface_empty_plugin.so[0m
[7.037s] [ 62%] Built target moveit_ros_control_interface_empty_plugin
[8.513s] [ 75%] [32m[1mLinking CXX shared library libmoveit_ros_control_interface_trajectory_plugin.so[0m
[8.575s] [ 87%] [32m[1mLinking CXX shared library libmoveit_ros_control_interface_gripper_plugin.so[0m
[8.715s] [ 87%] Built target moveit_ros_control_interface_trajectory_plugin
[8.788s] [ 87%] Built target moveit_ros_control_interface_gripper_plugin
[16.113s] [100%] [32m[1mLinking CXX shared library libmoveit_ros_control_interface_plugin.so[0m
[16.374s] [100%] Built target moveit_ros_control_interface_plugin
[16.389s] Invoked command in '/home/moveit/build/moveit_ros_control_interface' returned '0': AMENT_PREFIX_PATH=/home/moveit/install/moveit_simple_controller_manager:/home/moveit/install/moveit_core:/home/moveit/install/moveit_msgs:/home/moveit/install/moveit_common:${AMENT_PREFIX_PATH} CMAKE_PREFIX_PATH=/home/moveit/install/moveit_simple_controller_manager:/home/moveit/install/moveit_core:/home/moveit/install/moveit_msgs:/home/moveit/install/moveit_common:/opt/ros/humble LD_LIBRARY_PATH=/home/moveit/install/moveit_simple_controller_manager/lib:/home/moveit/install/moveit_core/lib:/home/moveit/install/moveit_msgs/lib:${LD_LIBRARY_PATH} PATH=/home/moveit/install/moveit_core/bin:${PATH} PYTHONPATH=/home/moveit/install/moveit_msgs/local/lib/python3.10/dist-packages:${PYTHONPATH} /usr/bin/cmake --build /home/moveit/build/moveit_ros_control_interface -- -j16 -l16
[16.435s] Invoking command in '/home/moveit/build/moveit_ros_control_interface': AMENT_PREFIX_PATH=/home/moveit/install/moveit_simple_controller_manager:/home/moveit/install/moveit_core:/home/moveit/install/moveit_msgs:/home/moveit/install/moveit_common:${AMENT_PREFIX_PATH} CMAKE_PREFIX_PATH=/home/moveit/install/moveit_simple_controller_manager:/home/moveit/install/moveit_core:/home/moveit/install/moveit_msgs:/home/moveit/install/moveit_common:/opt/ros/humble LD_LIBRARY_PATH=/home/moveit/install/moveit_simple_controller_manager/lib:/home/moveit/install/moveit_core/lib:/home/moveit/install/moveit_msgs/lib:${LD_LIBRARY_PATH} PATH=/home/moveit/install/moveit_core/bin:${PATH} PYTHONPATH=/home/moveit/install/moveit_msgs/local/lib/python3.10/dist-packages:${PYTHONPATH} /usr/bin/cmake --install /home/moveit/build/moveit_ros_control_interface
[16.445s] -- Install configuration: "Release"
[16.445s] -- Installing: /home/moveit/install/moveit_ros_control_interface/lib/libmoveit_ros_control_interface_plugin.so.2.9.0
[16.446s] -- Set runtime path of "/home/moveit/install/moveit_ros_control_interface/lib/libmoveit_ros_control_interface_plugin.so.2.9.0" to ""
[16.447s] -- Installing: /home/moveit/install/moveit_ros_control_interface/lib/libmoveit_ros_control_interface_plugin.so
[16.447s] -- Installing: /home/moveit/install/moveit_ros_control_interface/lib/libmoveit_ros_control_interface_trajectory_plugin.so.2.9.0
[16.447s] -- Set runtime path of "/home/moveit/install/moveit_ros_control_interface/lib/libmoveit_ros_control_interface_trajectory_plugin.so.2.9.0" to ""
[16.448s] -- Installing: /home/moveit/install/moveit_ros_control_interface/lib/libmoveit_ros_control_interface_trajectory_plugin.so
[16.448s] -- Installing: /home/moveit/install/moveit_ros_control_interface/lib/libmoveit_ros_control_interface_gripper_plugin.so.2.9.0
[16.449s] -- Set runtime path of "/home/moveit/install/moveit_ros_control_interface/lib/libmoveit_ros_control_interface_gripper_plugin.so.2.9.0" to ""
[16.449s] -- Installing: /home/moveit/install/moveit_ros_control_interface/lib/libmoveit_ros_control_interface_gripper_plugin.so
[16.449s] -- Installing: /home/moveit/install/moveit_ros_control_interface/lib/libmoveit_ros_control_interface_empty_plugin.so.2.9.0
[16.450s] -- Set runtime path of "/home/moveit/install/moveit_ros_control_interface/lib/libmoveit_ros_control_interface_empty_plugin.so.2.9.0" to ""
[16.450s] -- Installing: /home/moveit/install/moveit_ros_control_interface/lib/libmoveit_ros_control_interface_empty_plugin.so
[16.450s] -- Installing: /home/moveit/install/moveit_ros_control_interface/include/moveit_ros_control_interface
[16.450s] -- Installing: /home/moveit/install/moveit_ros_control_interface/include/moveit_ros_control_interface/moveit_ros_control_interface
[16.450s] -- Installing: /home/moveit/install/moveit_ros_control_interface/include/moveit_ros_control_interface/moveit_ros_control_interface/ControllerHandle.h
[16.451s] -- Installing: /home/moveit/install/moveit_ros_control_interface/share/moveit_ros_control_interface/moveit_core_plugins.xml
[16.451s] -- Installing: /home/moveit/install/moveit_ros_control_interface/share/moveit_ros_control_interface/moveit_ros_control_interface_plugins.xml
[16.451s] -- Installing: /home/moveit/install/moveit_ros_control_interface/share/moveit_ros_control_interface/environment/library_path.sh
[16.451s] -- Installing: /home/moveit/install/moveit_ros_control_interface/share/moveit_ros_control_interface/environment/library_path.dsv
[16.452s] -- Installing: /home/moveit/install/moveit_ros_control_interface/share/ament_index/resource_index/package_run_dependencies/moveit_ros_control_interface
[16.452s] -- Installing: /home/moveit/install/moveit_ros_control_interface/share/ament_index/resource_index/parent_prefix_path/moveit_ros_control_interface
[16.452s] -- Installing: /home/moveit/install/moveit_ros_control_interface/share/moveit_ros_control_interface/environment/ament_prefix_path.sh
[16.452s] -- Installing: /home/moveit/install/moveit_ros_control_interface/share/moveit_ros_control_interface/environment/ament_prefix_path.dsv
[16.453s] -- Installing: /home/moveit/install/moveit_ros_control_interface/share/moveit_ros_control_interface/environment/path.sh
[16.453s] -- Installing: /home/moveit/install/moveit_ros_control_interface/share/moveit_ros_control_interface/environment/path.dsv
[16.453s] -- Installing: /home/moveit/install/moveit_ros_control_interface/share/moveit_ros_control_interface/local_setup.bash
[16.453s] -- Installing: /home/moveit/install/moveit_ros_control_interface/share/moveit_ros_control_interface/local_setup.sh
[16.453s] -- Installing: /home/moveit/install/moveit_ros_control_interface/share/moveit_ros_control_interface/local_setup.zsh
[16.454s] -- Installing: /home/moveit/install/moveit_ros_control_interface/share/moveit_ros_control_interface/local_setup.dsv
[16.454s] -- Installing: /home/moveit/install/moveit_ros_control_interface/share/moveit_ros_control_interface/package.dsv
[16.454s] -- Installing: /home/moveit/install/moveit_ros_control_interface/share/ament_index/resource_index/packages/moveit_ros_control_interface
[16.454s] -- Installing: /home/moveit/install/moveit_ros_control_interface/share/ament_index/resource_index/moveit_core__pluginlib__plugin/moveit_ros_control_interface
[16.455s] -- Installing: /home/moveit/install/moveit_ros_control_interface/share/ament_index/resource_index/moveit_ros_control_interface__pluginlib__plugin/moveit_ros_control_interface
[16.455s] -- Installing: /home/moveit/install/moveit_ros_control_interface/share/moveit_ros_control_interface/cmake/moveit_ros_control_interfaceTargetsExport.cmake
[16.455s] -- Installing: /home/moveit/install/moveit_ros_control_interface/share/moveit_ros_control_interface/cmake/moveit_ros_control_interfaceTargetsExport-release.cmake
[16.455s] -- Installing: /home/moveit/install/moveit_ros_control_interface/share/moveit_ros_control_interface/cmake/ConfigExtras.cmake
[16.456s] -- Installing: /home/moveit/install/moveit_ros_control_interface/share/moveit_ros_control_interface/cmake/ament_cmake_export_targets-extras.cmake
[16.456s] -- Installing: /home/moveit/install/moveit_ros_control_interface/share/moveit_ros_control_interface/cmake/ament_cmake_export_dependencies-extras.cmake
[16.456s] -- Installing: /home/moveit/install/moveit_ros_control_interface/share/moveit_ros_control_interface/cmake/moveit_ros_control_interfaceConfig.cmake
[16.456s] -- Installing: /home/moveit/install/moveit_ros_control_interface/share/moveit_ros_control_interface/cmake/moveit_ros_control_interfaceConfig-version.cmake
[16.456s] -- Installing: /home/moveit/install/moveit_ros_control_interface/share/moveit_ros_control_interface/package.xml
[16.460s] Invoked command in '/home/moveit/build/moveit_ros_control_interface' returned '0': AMENT_PREFIX_PATH=/home/moveit/install/moveit_simple_controller_manager:/home/moveit/install/moveit_core:/home/moveit/install/moveit_msgs:/home/moveit/install/moveit_common:${AMENT_PREFIX_PATH} CMAKE_PREFIX_PATH=/home/moveit/install/moveit_simple_controller_manager:/home/moveit/install/moveit_core:/home/moveit/install/moveit_msgs:/home/moveit/install/moveit_common:/opt/ros/humble LD_LIBRARY_PATH=/home/moveit/install/moveit_simple_controller_manager/lib:/home/moveit/install/moveit_core/lib:/home/moveit/install/moveit_msgs/lib:${LD_LIBRARY_PATH} PATH=/home/moveit/install/moveit_core/bin:${PATH} PYTHONPATH=/home/moveit/install/moveit_msgs/local/lib/python3.10/dist-packages:${PYTHONPATH} /usr/bin/cmake --install /home/moveit/build/moveit_ros_control_interface
