[0.082s] Invoking command in '/home/rolling_ws/build/antworker_moveit_description': AMENT_PREFIX_PATH=/home/rolling_ws/install/antworker_description:${AMENT_PREFIX_PATH} CMAKE_PREFIX_PATH=${CMAKE_PREFIX_PATH}:/root/ws_moveit/install/moveit_configs_utils:/opt/ros/rolling PYTHONPATH=/home/rolling_ws/install/antworker_description/lib/python3.10/site-packages:${PYTHONPATH} /usr/bin/cmake /home/rolling_ws/src/antworker_moveit_description -DCMAKE_INSTALL_PREFIX=/home/rolling_ws/install/antworker_moveit_description
[0.264s] -- The C compiler identification is GNU 11.4.0
[0.366s] -- The CXX compiler identification is GNU 11.4.0
[0.379s] -- Detecting C compiler ABI info
[0.505s] -- Detecting C compiler ABI info - done
[0.510s] -- Check for working C compiler: /usr/bin/cc - skipped
[0.511s] -- Detecting C compile features
[0.512s] -- Detecting C compile features - done
[0.515s] -- Detecting CXX compiler ABI info
[0.649s] -- Detecting CXX compiler ABI info - done
[0.660s] -- Check for working CXX compiler: /usr/bin/c++ - skipped
[0.660s] -- Detecting CXX compile features
[0.660s] -- Detecting CXX compile features - done
[0.691s] -- Found ament_cmake: 2.3.2 (/opt/ros/rolling/share/ament_cmake/cmake)
[0.965s] -- Found Python3: /usr/bin/python3.10 (found version "3.10.12") found components: Interpreter 
[1.390s] -- Configuring done
[1.393s] -- Generating done
[1.394s] -- Build files have been written to: /home/rolling_ws/build/antworker_moveit_description
[1.399s] Invoked command in '/home/rolling_ws/build/antworker_moveit_description' returned '0': AMENT_PREFIX_PATH=/home/rolling_ws/install/antworker_description:${AMENT_PREFIX_PATH} CMAKE_PREFIX_PATH=${CMAKE_PREFIX_PATH}:/root/ws_moveit/install/moveit_configs_utils:/opt/ros/rolling PYTHONPATH=/home/rolling_ws/install/antworker_description/lib/python3.10/site-packages:${PYTHONPATH} /usr/bin/cmake /home/rolling_ws/src/antworker_moveit_description -DCMAKE_INSTALL_PREFIX=/home/rolling_ws/install/antworker_moveit_description
[1.401s] Invoking command in '/home/rolling_ws/build/antworker_moveit_description': AMENT_PREFIX_PATH=/home/rolling_ws/install/antworker_description:${AMENT_PREFIX_PATH} CMAKE_PREFIX_PATH=${CMAKE_PREFIX_PATH}:/root/ws_moveit/install/moveit_configs_utils:/opt/ros/rolling PYTHONPATH=/home/rolling_ws/install/antworker_description/lib/python3.10/site-packages:${PYTHONPATH} /usr/bin/cmake --build /home/rolling_ws/build/antworker_moveit_description -- -j16 -l16
[1.485s] Invoked command in '/home/rolling_ws/build/antworker_moveit_description' returned '0': AMENT_PREFIX_PATH=/home/rolling_ws/install/antworker_description:${AMENT_PREFIX_PATH} CMAKE_PREFIX_PATH=${CMAKE_PREFIX_PATH}:/root/ws_moveit/install/moveit_configs_utils:/opt/ros/rolling PYTHONPATH=/home/rolling_ws/install/antworker_description/lib/python3.10/site-packages:${PYTHONPATH} /usr/bin/cmake --build /home/rolling_ws/build/antworker_moveit_description -- -j16 -l16
[1.566s] Invoking command in '/home/rolling_ws/build/antworker_moveit_description': AMENT_PREFIX_PATH=/home/rolling_ws/install/antworker_description:${AMENT_PREFIX_PATH} CMAKE_PREFIX_PATH=${CMAKE_PREFIX_PATH}:/root/ws_moveit/install/moveit_configs_utils:/opt/ros/rolling PYTHONPATH=/home/rolling_ws/install/antworker_description/lib/python3.10/site-packages:${PYTHONPATH} /usr/bin/cmake --install /home/rolling_ws/build/antworker_moveit_description
[1.582s] -- Install configuration: ""
[1.582s] -- Installing: /home/rolling_ws/install/antworker_moveit_description/share/ament_index/resource_index/package_run_dependencies/antworker_moveit_description
[1.582s] -- Installing: /home/rolling_ws/install/antworker_moveit_description/share/ament_index/resource_index/parent_prefix_path/antworker_moveit_description
[1.582s] -- Installing: /home/rolling_ws/install/antworker_moveit_description/share/antworker_moveit_description/environment/ament_prefix_path.sh
[1.583s] -- Installing: /home/rolling_ws/install/antworker_moveit_description/share/antworker_moveit_description/environment/ament_prefix_path.dsv
[1.583s] -- Installing: /home/rolling_ws/install/antworker_moveit_description/share/antworker_moveit_description/environment/path.sh
[1.583s] -- Installing: /home/rolling_ws/install/antworker_moveit_description/share/antworker_moveit_description/environment/path.dsv
[1.583s] -- Installing: /home/rolling_ws/install/antworker_moveit_description/share/antworker_moveit_description/local_setup.bash
[1.583s] -- Installing: /home/rolling_ws/install/antworker_moveit_description/share/antworker_moveit_description/local_setup.sh
[1.584s] -- Installing: /home/rolling_ws/install/antworker_moveit_description/share/antworker_moveit_description/local_setup.zsh
[1.584s] -- Installing: /home/rolling_ws/install/antworker_moveit_description/share/antworker_moveit_description/local_setup.dsv
[1.584s] -- Installing: /home/rolling_ws/install/antworker_moveit_description/share/antworker_moveit_description/package.dsv
[1.584s] -- Installing: /home/rolling_ws/install/antworker_moveit_description/share/ament_index/resource_index/packages/antworker_moveit_description
[1.584s] -- Installing: /home/rolling_ws/install/antworker_moveit_description/share/antworker_moveit_description/cmake/antworker_moveit_descriptionConfig.cmake
[1.585s] -- Installing: /home/rolling_ws/install/antworker_moveit_description/share/antworker_moveit_description/cmake/antworker_moveit_descriptionConfig-version.cmake
[1.585s] -- Installing: /home/rolling_ws/install/antworker_moveit_description/share/antworker_moveit_description/package.xml
[1.585s] -- Installing: /home/rolling_ws/install/antworker_moveit_description/share/antworker_moveit_description/launch
[1.585s] -- Installing: /home/rolling_ws/install/antworker_moveit_description/share/antworker_moveit_description/launch/demo.launch.py
[1.585s] -- Installing: /home/rolling_ws/install/antworker_moveit_description/share/antworker_moveit_description/launch/setup_assistant.launch.py
[1.586s] -- Installing: /home/rolling_ws/install/antworker_moveit_description/share/antworker_moveit_description/launch/move_group.launch.py
[1.586s] -- Installing: /home/rolling_ws/install/antworker_moveit_description/share/antworker_moveit_description/launch/__pycache__
[1.586s] -- Installing: /home/rolling_ws/install/antworker_moveit_description/share/antworker_moveit_description/launch/__pycache__/demo.launch.cpython-310.pyc
[1.586s] -- Installing: /home/rolling_ws/install/antworker_moveit_description/share/antworker_moveit_description/launch/__pycache__/move_group.launch.cpython-310.pyc
[1.586s] -- Installing: /home/rolling_ws/install/antworker_moveit_description/share/antworker_moveit_description/launch/warehouse_db.launch.py
[1.587s] -- Installing: /home/rolling_ws/install/antworker_moveit_description/share/antworker_moveit_description/launch/static_virtual_joint_tfs.launch.py
[1.587s] -- Installing: /home/rolling_ws/install/antworker_moveit_description/share/antworker_moveit_description/launch/spawn_controllers.launch.py
[1.587s] -- Installing: /home/rolling_ws/install/antworker_moveit_description/share/antworker_moveit_description/launch/rsp.launch.py
[1.587s] -- Installing: /home/rolling_ws/install/antworker_moveit_description/share/antworker_moveit_description/launch/moveit_rviz.launch.py
[1.587s] -- Installing: /home/rolling_ws/install/antworker_moveit_description/share/antworker_moveit_description/config
[1.587s] -- Installing: /home/rolling_ws/install/antworker_moveit_description/share/antworker_moveit_description/config/antworker.srdf
[1.587s] -- Installing: /home/rolling_ws/install/antworker_moveit_description/share/antworker_moveit_description/config/antworker.ros2_control.xacro
[1.587s] -- Installing: /home/rolling_ws/install/antworker_moveit_description/share/antworker_moveit_description/config/joint_limits.yaml
[1.588s] -- Installing: /home/rolling_ws/install/antworker_moveit_description/share/antworker_moveit_description/config/ros2_controllers.yaml
[1.588s] -- Installing: /home/rolling_ws/install/antworker_moveit_description/share/antworker_moveit_description/config/pilz_cartesian_limits.yaml
[1.588s] -- Installing: /home/rolling_ws/install/antworker_moveit_description/share/antworker_moveit_description/config/moveit.rviz
[1.588s] -- Installing: /home/rolling_ws/install/antworker_moveit_description/share/antworker_moveit_description/config/kinematics.yaml
[1.588s] -- Installing: /home/rolling_ws/install/antworker_moveit_description/share/antworker_moveit_description/config/initial_positions.yaml
[1.588s] -- Installing: /home/rolling_ws/install/antworker_moveit_description/share/antworker_moveit_description/config/antworker.urdf.xacro
[1.589s] -- Installing: /home/rolling_ws/install/antworker_moveit_description/share/antworker_moveit_description/config/moveit_controllers.yaml
[1.589s] -- Installing: /home/rolling_ws/install/antworker_moveit_description/share/antworker_moveit_description/.setup_assistant
[1.591s] Invoked command in '/home/rolling_ws/build/antworker_moveit_description' returned '0': AMENT_PREFIX_PATH=/home/rolling_ws/install/antworker_description:${AMENT_PREFIX_PATH} CMAKE_PREFIX_PATH=${CMAKE_PREFIX_PATH}:/root/ws_moveit/install/moveit_configs_utils:/opt/ros/rolling PYTHONPATH=/home/rolling_ws/install/antworker_description/lib/python3.10/site-packages:${PYTHONPATH} /usr/bin/cmake --install /home/rolling_ws/build/antworker_moveit_description
