[0.928s] Invoking command in '/home/ros2_ws/src/antworker_description': PYTHONPATH=/home/ros2_ws/build/antworker_description/prefix_override:/home/ros2_ws/install/antworker_description/lib/python3.10/site-packages:${PYTHONPATH} /usr/bin/python3 setup.py egg_info --egg-base ../../build/antworker_description build --build-base /home/ros2_ws/build/antworker_description/build install --record /home/ros2_ws/build/antworker_description/install.log --single-version-externally-managed
[1.107s] running egg_info
[1.107s] creating ../../build/antworker_description/antworker_description.egg-info
[1.107s] writing ../../build/antworker_description/antworker_description.egg-info/PKG-INFO
[1.107s] writing dependency_links to ../../build/antworker_description/antworker_description.egg-info/dependency_links.txt
[1.108s] writing entry points to ../../build/antworker_description/antworker_description.egg-info/entry_points.txt
[1.108s] writing requirements to ../../build/antworker_description/antworker_description.egg-info/requires.txt
[1.108s] writing top-level names to ../../build/antworker_description/antworker_description.egg-info/top_level.txt
[1.108s] writing manifest file '../../build/antworker_description/antworker_description.egg-info/SOURCES.txt'
[1.109s] reading manifest file '../../build/antworker_description/antworker_description.egg-info/SOURCES.txt'
[1.109s] writing manifest file '../../build/antworker_description/antworker_description.egg-info/SOURCES.txt'
[1.109s] running build
[1.110s] running build_py
[1.110s] creating /home/ros2_ws/build/antworker_description/build
[1.110s] creating /home/ros2_ws/build/antworker_description/build/lib
[1.110s] creating /home/ros2_ws/build/antworker_description/build/lib/description
[1.110s] copying description/__init__.py -> /home/ros2_ws/build/antworker_description/build/lib/description
[1.110s] running install
[1.110s] running install_lib
[1.111s] creating /home/ros2_ws/install/antworker_description/lib/python3.10/site-packages/description
[1.111s] copying /home/ros2_ws/build/antworker_description/build/lib/description/__init__.py -> /home/ros2_ws/install/antworker_description/lib/python3.10/site-packages/description
[1.111s] byte-compiling /home/ros2_ws/install/antworker_description/lib/python3.10/site-packages/description/__init__.py to __init__.cpython-310.pyc
[1.111s] running install_data
[1.111s] creating /home/ros2_ws/install/antworker_description/share/ament_index
[1.111s] creating /home/ros2_ws/install/antworker_description/share/ament_index/resource_index
[1.111s] creating /home/ros2_ws/install/antworker_description/share/ament_index/resource_index/packages
[1.112s] copying resource/antworker_description -> /home/ros2_ws/install/antworker_description/share/ament_index/resource_index/packages
[1.112s] copying package.xml -> /home/ros2_ws/install/antworker_description/share/antworker_description
[1.112s] creating /home/ros2_ws/install/antworker_description/share/antworker_description/description
[1.112s] creating /home/ros2_ws/install/antworker_description/share/antworker_description/description/combined
[1.112s] copying description/combined/worker_with_arm.urdf -> /home/ros2_ws/install/antworker_description/share/antworker_description/description/combined
[1.112s] creating /home/ros2_ws/install/antworker_description/share/antworker_description/description/arm
[1.112s] creating /home/ros2_ws/install/antworker_description/share/antworker_description/description/arm/meshes
[1.113s] copying description/arm/meshes/bracelet_with_vision_link.obj -> /home/ros2_ws/install/antworker_description/share/antworker_description/description/arm/meshes
[1.117s] copying description/arm/meshes/bicep_link.STL -> /home/ros2_ws/install/antworker_description/share/antworker_description/description/arm/meshes
[1.117s] copying description/arm/meshes/spherical_wrist_2_link.STL -> /home/ros2_ws/install/antworker_description/share/antworker_description/description/arm/meshes
[1.118s] copying description/arm/meshes/bracelet_no_vision_link.obj -> /home/ros2_ws/install/antworker_description/share/antworker_description/description/arm/meshes
[1.120s] copying description/arm/meshes/bracelet_with_vision_link.STL -> /home/ros2_ws/install/antworker_description/share/antworker_description/description/arm/meshes
[1.123s] copying description/arm/meshes/base_link.obj -> /home/ros2_ws/install/antworker_description/share/antworker_description/description/arm/meshes
[1.124s] copying description/arm/meshes/shoulder_link.obj -> /home/ros2_ws/install/antworker_description/share/antworker_description/description/arm/meshes
[1.124s] copying description/arm/meshes/forearm_link.STL -> /home/ros2_ws/install/antworker_description/share/antworker_description/description/arm/meshes
[1.125s] copying description/arm/meshes/spherical_wrist_2_link.obj -> /home/ros2_ws/install/antworker_description/share/antworker_description/description/arm/meshes
[1.126s] copying description/arm/meshes/spherical_wrist_1_link.obj -> /home/ros2_ws/install/antworker_description/share/antworker_description/description/arm/meshes
[1.127s] copying description/arm/meshes/forearm_link.obj -> /home/ros2_ws/install/antworker_description/share/antworker_description/description/arm/meshes
[1.127s] copying description/arm/meshes/bicep_link.obj -> /home/ros2_ws/install/antworker_description/share/antworker_description/description/arm/meshes
[1.129s] copying description/arm/meshes/shoulder_link.STL -> /home/ros2_ws/install/antworker_description/share/antworker_description/description/arm/meshes
[1.129s] copying description/arm/meshes/bracelet_no_vision_link.STL -> /home/ros2_ws/install/antworker_description/share/antworker_description/description/arm/meshes
[1.131s] copying description/arm/meshes/spherical_wrist_1_link.STL -> /home/ros2_ws/install/antworker_description/share/antworker_description/description/arm/meshes
[1.132s] copying description/arm/meshes/base_link.STL -> /home/ros2_ws/install/antworker_description/share/antworker_description/description/arm/meshes
[1.132s] creating /home/ros2_ws/install/antworker_description/share/antworker_description/description/base
[1.132s] creating /home/ros2_ws/install/antworker_description/share/antworker_description/description/base/meshes
[1.132s] copying description/base/meshes/body.stl -> /home/ros2_ws/install/antworker_description/share/antworker_description/description/base/meshes
[1.133s] copying description/base/meshes/antworker_chassis_collision.stl -> /home/ros2_ws/install/antworker_description/share/antworker_description/description/base/meshes
[1.133s] copying description/base/meshes/wheel_b.dae -> /home/ros2_ws/install/antworker_description/share/antworker_description/description/base/meshes
[1.133s] copying description/base/meshes/antworker_chassis.dae -> /home/ros2_ws/install/antworker_description/share/antworker_description/description/base/meshes
[1.136s] copying description/base/meshes/worker_chassis.stl -> /home/ros2_ws/install/antworker_description/share/antworker_description/description/base/meshes
[1.138s] copying description/base/meshes/wheel_a.dae -> /home/ros2_ws/install/antworker_description/share/antworker_description/description/base/meshes
[1.138s] running install_egg_info
[1.140s] Copying ../../build/antworker_description/antworker_description.egg-info to /home/ros2_ws/install/antworker_description/lib/python3.10/site-packages/antworker_description-0.0.0-py3.10.egg-info
[1.141s] running install_scripts
[1.156s] writing list of installed files to '/home/ros2_ws/build/antworker_description/install.log'
[1.198s] Invoked command in '/home/ros2_ws/src/antworker_description' returned '0': PYTHONPATH=/home/ros2_ws/build/antworker_description/prefix_override:/home/ros2_ws/install/antworker_description/lib/python3.10/site-packages:${PYTHONPATH} /usr/bin/python3 setup.py egg_info --egg-base ../../build/antworker_description build --build-base /home/ros2_ws/build/antworker_description/build install --record /home/ros2_ws/build/antworker_description/install.log --single-version-externally-managed
