[0.012s] Invoking command in '/home/humble_ws/build/kinova_moveit': AMENT_PREFIX_PATH=/home/humble_ws/install/antworker_description:/home/humble_ws/install/moveit_interface:/home/humble_ws/install/kinova_moveit:/opt/ros/humble CMAKE_PREFIX_PATH=${CMAKE_PREFIX_PATH}:/home/humble_ws/install/antworker_description:/opt/ros/humble /usr/bin/cmake /home/humble_ws/src/kinova_moveit -DCMAKE_INSTALL_PREFIX=/home/humble_ws/install/kinova_moveit
[0.063s] -- The C compiler identification is GNU 11.4.0
[0.113s] -- The CXX compiler identification is GNU 11.4.0
[0.120s] -- Detecting C compiler ABI info
[0.189s] -- Detecting C compiler ABI info - done
[0.195s] -- Check for working C compiler: /usr/bin/cc - skipped
[0.195s] -- Detecting C compile features
[0.195s] -- Detecting C compile features - done
[0.198s] -- Detecting CXX compiler ABI info
[0.273s] -- Detecting CXX compiler ABI info - done
[0.279s] -- Check for working CXX compiler: /usr/bin/c++ - skipped
[0.279s] -- Detecting CXX compile features
[0.279s] -- Detecting CXX compile features - done
[0.283s] -- Found ament_cmake: 1.3.8 (/opt/ros/humble/share/ament_cmake/cmake)
[0.394s] -- Found Python3: /usr/bin/python3 (found version "3.10.12") found components: Interpreter 
[0.539s] -- Configuring done
[0.542s] -- Generating done
[0.543s] -- Build files have been written to: /home/humble_ws/build/kinova_moveit
[0.548s] Invoked command in '/home/humble_ws/build/kinova_moveit' returned '0': AMENT_PREFIX_PATH=/home/humble_ws/install/antworker_description:/home/humble_ws/install/moveit_interface:/home/humble_ws/install/kinova_moveit:/opt/ros/humble CMAKE_PREFIX_PATH=${CMAKE_PREFIX_PATH}:/home/humble_ws/install/antworker_description:/opt/ros/humble /usr/bin/cmake /home/humble_ws/src/kinova_moveit -DCMAKE_INSTALL_PREFIX=/home/humble_ws/install/kinova_moveit
[0.550s] Invoking command in '/home/humble_ws/build/kinova_moveit': AMENT_PREFIX_PATH=/home/humble_ws/install/antworker_description:/home/humble_ws/install/moveit_interface:/home/humble_ws/install/kinova_moveit:/opt/ros/humble CMAKE_PREFIX_PATH=${CMAKE_PREFIX_PATH}:/home/humble_ws/install/antworker_description:/opt/ros/humble /usr/bin/cmake --build /home/humble_ws/build/kinova_moveit -- -j16 -l16
[0.589s] Invoked command in '/home/humble_ws/build/kinova_moveit' returned '0': AMENT_PREFIX_PATH=/home/humble_ws/install/antworker_description:/home/humble_ws/install/moveit_interface:/home/humble_ws/install/kinova_moveit:/opt/ros/humble CMAKE_PREFIX_PATH=${CMAKE_PREFIX_PATH}:/home/humble_ws/install/antworker_description:/opt/ros/humble /usr/bin/cmake --build /home/humble_ws/build/kinova_moveit -- -j16 -l16
[0.620s] Invoking command in '/home/humble_ws/build/kinova_moveit': AMENT_PREFIX_PATH=/home/humble_ws/install/antworker_description:/home/humble_ws/install/moveit_interface:/home/humble_ws/install/kinova_moveit:/opt/ros/humble CMAKE_PREFIX_PATH=${CMAKE_PREFIX_PATH}:/home/humble_ws/install/antworker_description:/opt/ros/humble /usr/bin/cmake --install /home/humble_ws/build/kinova_moveit
[0.627s] -- Install configuration: ""
[0.627s] -- Installing: /home/humble_ws/install/kinova_moveit/share/ament_index/resource_index/package_run_dependencies/kinova_moveit
[0.628s] -- Installing: /home/humble_ws/install/kinova_moveit/share/ament_index/resource_index/parent_prefix_path/kinova_moveit
[0.628s] -- Installing: /home/humble_ws/install/kinova_moveit/share/kinova_moveit/environment/ament_prefix_path.sh
[0.628s] -- Installing: /home/humble_ws/install/kinova_moveit/share/kinova_moveit/environment/ament_prefix_path.dsv
[0.628s] -- Installing: /home/humble_ws/install/kinova_moveit/share/kinova_moveit/environment/path.sh
[0.628s] -- Installing: /home/humble_ws/install/kinova_moveit/share/kinova_moveit/environment/path.dsv
[0.629s] -- Installing: /home/humble_ws/install/kinova_moveit/share/kinova_moveit/local_setup.bash
[0.629s] -- Installing: /home/humble_ws/install/kinova_moveit/share/kinova_moveit/local_setup.sh
[0.629s] -- Installing: /home/humble_ws/install/kinova_moveit/share/kinova_moveit/local_setup.zsh
[0.629s] -- Installing: /home/humble_ws/install/kinova_moveit/share/kinova_moveit/local_setup.dsv
[0.629s] -- Installing: /home/humble_ws/install/kinova_moveit/share/kinova_moveit/package.dsv
[0.630s] -- Installing: /home/humble_ws/install/kinova_moveit/share/ament_index/resource_index/packages/kinova_moveit
[0.630s] -- Installing: /home/humble_ws/install/kinova_moveit/share/kinova_moveit/cmake/kinova_moveitConfig.cmake
[0.630s] -- Installing: /home/humble_ws/install/kinova_moveit/share/kinova_moveit/cmake/kinova_moveitConfig-version.cmake
[0.630s] -- Installing: /home/humble_ws/install/kinova_moveit/share/kinova_moveit/package.xml
[0.630s] -- Installing: /home/humble_ws/install/kinova_moveit/share/kinova_moveit/launch
[0.630s] -- Installing: /home/humble_ws/install/kinova_moveit/share/kinova_moveit/launch/demo.launch.py
[0.631s] -- Installing: /home/humble_ws/install/kinova_moveit/share/kinova_moveit/launch/setup_assistant.launch.py
[0.631s] -- Installing: /home/humble_ws/install/kinova_moveit/share/kinova_moveit/launch/move_group.launch.py
[0.631s] -- Installing: /home/humble_ws/install/kinova_moveit/share/kinova_moveit/launch/warehouse_db.launch.py
[0.631s] -- Installing: /home/humble_ws/install/kinova_moveit/share/kinova_moveit/launch/static_virtual_joint_tfs.launch.py
[0.631s] -- Installing: /home/humble_ws/install/kinova_moveit/share/kinova_moveit/launch/spawn_controllers.launch.py
[0.631s] -- Installing: /home/humble_ws/install/kinova_moveit/share/kinova_moveit/launch/rsp.launch.py
[0.632s] -- Installing: /home/humble_ws/install/kinova_moveit/share/kinova_moveit/launch/moveit_rviz.launch.py
[0.632s] -- Installing: /home/humble_ws/install/kinova_moveit/share/kinova_moveit/config
[0.632s] -- Installing: /home/humble_ws/install/kinova_moveit/share/kinova_moveit/config/joint_limits.yaml
[0.632s] -- Installing: /home/humble_ws/install/kinova_moveit/share/kinova_moveit/config/ros2_controllers.yaml
[0.632s] -- Installing: /home/humble_ws/install/kinova_moveit/share/kinova_moveit/config/pilz_cartesian_limits.yaml
[0.632s] -- Installing: /home/humble_ws/install/kinova_moveit/share/kinova_moveit/config/GEN3_6DOF_VISION_URDF_ARM_V01.srdf
[0.632s] -- Installing: /home/humble_ws/install/kinova_moveit/share/kinova_moveit/config/GEN3_6DOF_VISION_URDF_ARM_V01.ros2_control.xacro
[0.633s] -- Installing: /home/humble_ws/install/kinova_moveit/share/kinova_moveit/config/moveit.rviz
[0.633s] -- Installing: /home/humble_ws/install/kinova_moveit/share/kinova_moveit/config/kinematics.yaml
[0.633s] -- Installing: /home/humble_ws/install/kinova_moveit/share/kinova_moveit/config/GEN3_6DOF_VISION_URDF_ARM_V01.urdf.xacro
[0.633s] -- Installing: /home/humble_ws/install/kinova_moveit/share/kinova_moveit/config/initial_positions.yaml
[0.633s] -- Installing: /home/humble_ws/install/kinova_moveit/share/kinova_moveit/config/moveit_controllers.yaml
[0.633s] -- Installing: /home/humble_ws/install/kinova_moveit/share/kinova_moveit/.setup_assistant
[0.636s] Invoked command in '/home/humble_ws/build/kinova_moveit' returned '0': AMENT_PREFIX_PATH=/home/humble_ws/install/antworker_description:/home/humble_ws/install/moveit_interface:/home/humble_ws/install/kinova_moveit:/opt/ros/humble CMAKE_PREFIX_PATH=${CMAKE_PREFIX_PATH}:/home/humble_ws/install/antworker_description:/opt/ros/humble /usr/bin/cmake --install /home/humble_ws/build/kinova_moveit
