[1.201s] Invoking command in '/home/humble_ws/src/antworker_moveit_bringup': PYTHONPATH=/home/humble_ws/build/antworker_moveit_bringup/prefix_override:/home/humble_ws/install/antworker_moveit_bringup/lib/python3.10/site-packages:${PYTHONPATH} /usr/bin/python3 -W ignore:setup.py install is deprecated setup.py egg_info --egg-base ../../build/antworker_moveit_bringup build --build-base /home/humble_ws/build/antworker_moveit_bringup/build install --record /home/humble_ws/build/antworker_moveit_bringup/install.log --single-version-externally-managed install_data
[1.374s] running egg_info
[1.375s] writing ../../build/antworker_moveit_bringup/antworker_moveit_bringup.egg-info/PKG-INFO
[1.375s] writing dependency_links to ../../build/antworker_moveit_bringup/antworker_moveit_bringup.egg-info/dependency_links.txt
[1.375s] writing entry points to ../../build/antworker_moveit_bringup/antworker_moveit_bringup.egg-info/entry_points.txt
[1.375s] writing requirements to ../../build/antworker_moveit_bringup/antworker_moveit_bringup.egg-info/requires.txt
[1.376s] writing top-level names to ../../build/antworker_moveit_bringup/antworker_moveit_bringup.egg-info/top_level.txt
[1.377s] reading manifest file '../../build/antworker_moveit_bringup/antworker_moveit_bringup.egg-info/SOURCES.txt'
[1.378s] writing manifest file '../../build/antworker_moveit_bringup/antworker_moveit_bringup.egg-info/SOURCES.txt'
[1.378s] running build
[1.378s] running build_py
[1.379s] running install
[1.379s] running install_lib
[1.380s] running install_data
[1.380s] copying launch/obstacle_avoidance_k_demo.launch.py -> /home/humble_ws/install/antworker_moveit_bringup/share/antworker_moveit_bringup/launch
[1.380s] copying config/rviz_config.rviz -> /home/humble_ws/install/antworker_moveit_bringup/share/antworker_moveit_bringup/config
[1.381s] running install_egg_info
[1.382s] removing '/home/humble_ws/install/antworker_moveit_bringup/lib/python3.10/site-packages/antworker_moveit_bringup-0.0.0-py3.10.egg-info' (and everything under it)
[1.383s] Copying ../../build/antworker_moveit_bringup/antworker_moveit_bringup.egg-info to /home/humble_ws/install/antworker_moveit_bringup/lib/python3.10/site-packages/antworker_moveit_bringup-0.0.0-py3.10.egg-info
[1.384s] running install_scripts
[1.399s] Installing dummy_wheel_joint_publisher script to /home/humble_ws/install/antworker_moveit_bringup/lib/antworker_moveit_bringup
[1.399s] Installing ee_point_server script to /home/humble_ws/install/antworker_moveit_bringup/lib/antworker_moveit_bringup
[1.400s] Installing joint_command_forwarder script to /home/humble_ws/install/antworker_moveit_bringup/lib/antworker_moveit_bringup
[1.400s] Installing joint_state_forwarder script to /home/humble_ws/install/antworker_moveit_bringup/lib/antworker_moveit_bringup
[1.400s] Installing trajectory_server script to /home/humble_ws/install/antworker_moveit_bringup/lib/antworker_moveit_bringup
[1.400s] Installing trajectory_server_sim script to /home/humble_ws/install/antworker_moveit_bringup/lib/antworker_moveit_bringup
[1.400s] writing list of installed files to '/home/humble_ws/build/antworker_moveit_bringup/install.log'
[1.448s] Invoked command in '/home/humble_ws/src/antworker_moveit_bringup' returned '0': PYTHONPATH=/home/humble_ws/build/antworker_moveit_bringup/prefix_override:/home/humble_ws/install/antworker_moveit_bringup/lib/python3.10/site-packages:${PYTHONPATH} /usr/bin/python3 -W ignore:setup.py install is deprecated setup.py egg_info --egg-base ../../build/antworker_moveit_bringup build --build-base /home/humble_ws/build/antworker_moveit_bringup/build install --record /home/humble_ws/build/antworker_moveit_bringup/install.log --single-version-externally-managed install_data
