[1.248s] Invoking command in '/home/humble_ws/src/antworker_isaacsim_world': PYTHONPATH=/home/humble_ws/build/antworker_isaacsim_world/prefix_override:/home/humble_ws/install/antworker_isaacsim_world/lib/python3.10/site-packages:${PYTHONPATH} /usr/bin/python3 -W ignore:setup.py install is deprecated setup.py egg_info --egg-base ../../build/antworker_isaacsim_world build --build-base /home/humble_ws/build/antworker_isaacsim_world/build install --record /home/humble_ws/build/antworker_isaacsim_world/install.log --single-version-externally-managed install_data
[1.433s] running egg_info
[1.438s] creating ../../build/antworker_isaacsim_world/antworker_isaacsim_world.egg-info
[1.438s] writing ../../build/antworker_isaacsim_world/antworker_isaacsim_world.egg-info/PKG-INFO
[1.439s] writing dependency_links to ../../build/antworker_isaacsim_world/antworker_isaacsim_world.egg-info/dependency_links.txt
[1.439s] writing entry points to ../../build/antworker_isaacsim_world/antworker_isaacsim_world.egg-info/entry_points.txt
[1.439s] writing requirements to ../../build/antworker_isaacsim_world/antworker_isaacsim_world.egg-info/requires.txt
[1.439s] writing top-level names to ../../build/antworker_isaacsim_world/antworker_isaacsim_world.egg-info/top_level.txt
[1.439s] writing manifest file '../../build/antworker_isaacsim_world/antworker_isaacsim_world.egg-info/SOURCES.txt'
[1.441s] reading manifest file '../../build/antworker_isaacsim_world/antworker_isaacsim_world.egg-info/SOURCES.txt'
[1.442s] writing manifest file '../../build/antworker_isaacsim_world/antworker_isaacsim_world.egg-info/SOURCES.txt'
[1.442s] running build
[1.443s] running build_py
[1.443s] creating /home/humble_ws/build/antworker_isaacsim_world/build
[1.443s] creating /home/humble_ws/build/antworker_isaacsim_world/build/lib
[1.443s] creating /home/humble_ws/build/antworker_isaacsim_world/build/lib/antworker_isaacsim_world
[1.443s] copying antworker_isaacsim_world/__init__.py -> /home/humble_ws/build/antworker_isaacsim_world/build/lib/antworker_isaacsim_world
[1.443s] running install
[1.443s] running install_lib
[1.444s] creating /home/humble_ws/install/antworker_isaacsim_world/lib/python3.10/site-packages/antworker_isaacsim_world
[1.444s] copying /home/humble_ws/build/antworker_isaacsim_world/build/lib/antworker_isaacsim_world/__init__.py -> /home/humble_ws/install/antworker_isaacsim_world/lib/python3.10/site-packages/antworker_isaacsim_world
[1.445s] byte-compiling /home/humble_ws/install/antworker_isaacsim_world/lib/python3.10/site-packages/antworker_isaacsim_world/__init__.py to __init__.cpython-310.pyc
[1.445s] running install_data
[1.445s] creating /home/humble_ws/install/antworker_isaacsim_world/share/ament_index
[1.446s] creating /home/humble_ws/install/antworker_isaacsim_world/share/ament_index/resource_index
[1.446s] creating /home/humble_ws/install/antworker_isaacsim_world/share/ament_index/resource_index/packages
[1.446s] copying resource/antworker_isaacsim_world -> /home/humble_ws/install/antworker_isaacsim_world/share/ament_index/resource_index/packages
[1.446s] copying package.xml -> /home/humble_ws/install/antworker_isaacsim_world/share/antworker_isaacsim_world
[1.446s] running install_egg_info
[1.448s] Copying ../../build/antworker_isaacsim_world/antworker_isaacsim_world.egg-info to /home/humble_ws/install/antworker_isaacsim_world/lib/python3.10/site-packages/antworker_isaacsim_world-0.0.0-py3.10.egg-info
[1.449s] running install_scripts
[1.472s] writing list of installed files to '/home/humble_ws/build/antworker_isaacsim_world/install.log'
[1.503s] Invoked command in '/home/humble_ws/src/antworker_isaacsim_world' returned '0': PYTHONPATH=/home/humble_ws/build/antworker_isaacsim_world/prefix_override:/home/humble_ws/install/antworker_isaacsim_world/lib/python3.10/site-packages:${PYTHONPATH} /usr/bin/python3 -W ignore:setup.py install is deprecated setup.py egg_info --egg-base ../../build/antworker_isaacsim_world build --build-base /home/humble_ws/build/antworker_isaacsim_world/build install --record /home/humble_ws/build/antworker_isaacsim_world/install.log --single-version-externally-managed install_data
