[0.466s] Invoking command in '/home/humble_ws/src/kinova_arm': PYTHONPATH=/home/humble_ws/build/kinova_arm/prefix_override:/home/humble_ws/install/kinova_arm/lib/python3.10/site-packages:${PYTHONPATH} /usr/bin/python3 -W ignore:setup.py install is deprecated setup.py egg_info --egg-base ../../build/kinova_arm build --build-base /home/humble_ws/build/kinova_arm/build install --record /home/humble_ws/build/kinova_arm/install.log --single-version-externally-managed install_data
[0.643s] running egg_info
[0.644s] writing ../../build/kinova_arm/kinova_arm.egg-info/PKG-INFO
[0.644s] writing dependency_links to ../../build/kinova_arm/kinova_arm.egg-info/dependency_links.txt
[0.644s] writing entry points to ../../build/kinova_arm/kinova_arm.egg-info/entry_points.txt
[0.644s] writing requirements to ../../build/kinova_arm/kinova_arm.egg-info/requires.txt
[0.644s] writing top-level names to ../../build/kinova_arm/kinova_arm.egg-info/top_level.txt
[0.646s] reading manifest file '../../build/kinova_arm/kinova_arm.egg-info/SOURCES.txt'
[0.647s] writing manifest file '../../build/kinova_arm/kinova_arm.egg-info/SOURCES.txt'
[0.647s] running build
[0.647s] running build_py
[0.647s] running install
[0.647s] running install_lib
[0.648s] running install_data
[0.648s] copying description/urdf/GEN3_6DOF_VISION_URDF_ARM_V01.urdf -> /home/humble_ws/install/kinova_arm/share/kinova_arm/description/urdf
[0.649s] running install_egg_info
[0.650s] removing '/home/humble_ws/install/kinova_arm/lib/python3.10/site-packages/kinova_arm-0.0.0-py3.10.egg-info' (and everything under it)
[0.650s] Copying ../../build/kinova_arm/kinova_arm.egg-info to /home/humble_ws/install/kinova_arm/lib/python3.10/site-packages/kinova_arm-0.0.0-py3.10.egg-info
[0.651s] running install_scripts
[0.667s] writing list of installed files to '/home/humble_ws/build/kinova_arm/install.log'
[0.685s] Invoked command in '/home/humble_ws/src/kinova_arm' returned '0': PYTHONPATH=/home/humble_ws/build/kinova_arm/prefix_override:/home/humble_ws/install/kinova_arm/lib/python3.10/site-packages:${PYTHONPATH} /usr/bin/python3 -W ignore:setup.py install is deprecated setup.py egg_info --egg-base ../../build/kinova_arm build --build-base /home/humble_ws/build/kinova_arm/build install --record /home/humble_ws/build/kinova_arm/install.log --single-version-externally-managed install_data
