[1.462s] Invoking command in '/home/humble_ws/src/realsense_bringup': PYTHONPATH=/home/humble_ws/build/realsense_bringup/prefix_override:/home/humble_ws/install/realsense_bringup/lib/python3.10/site-packages:${PYTHONPATH} /usr/bin/python3 -W ignore:setup.py install is deprecated setup.py egg_info --egg-base ../../build/realsense_bringup build --build-base /home/humble_ws/build/realsense_bringup/build install --record /home/humble_ws/build/realsense_bringup/install.log --single-version-externally-managed install_data
[1.699s] running egg_info
[1.700s] writing ../../build/realsense_bringup/realsense_bringup.egg-info/PKG-INFO
[1.700s] writing dependency_links to ../../build/realsense_bringup/realsense_bringup.egg-info/dependency_links.txt
[1.701s] writing entry points to ../../build/realsense_bringup/realsense_bringup.egg-info/entry_points.txt
[1.701s] writing requirements to ../../build/realsense_bringup/realsense_bringup.egg-info/requires.txt
[1.701s] writing top-level names to ../../build/realsense_bringup/realsense_bringup.egg-info/top_level.txt
[1.703s] reading manifest file '../../build/realsense_bringup/realsense_bringup.egg-info/SOURCES.txt'
[1.703s] writing manifest file '../../build/realsense_bringup/realsense_bringup.egg-info/SOURCES.txt'
[1.704s] running build
[1.704s] running build_py
[1.704s] copying realsense_bringup/tf_filter.py -> /home/humble_ws/build/realsense_bringup/build/lib/realsense_bringup
[1.704s] running install
[1.705s] running install_lib
[1.706s] copying /home/humble_ws/build/realsense_bringup/build/lib/realsense_bringup/tf_filter.py -> /home/humble_ws/install/realsense_bringup/lib/python3.10/site-packages/realsense_bringup
[1.706s] byte-compiling /home/humble_ws/install/realsense_bringup/lib/python3.10/site-packages/realsense_bringup/tf_filter.py to tf_filter.cpython-310.pyc
[1.708s] running install_data
[1.708s] running install_egg_info
[1.710s] removing '/home/humble_ws/install/realsense_bringup/lib/python3.10/site-packages/realsense_bringup-0.0.0-py3.10.egg-info' (and everything under it)
[1.714s] Copying ../../build/realsense_bringup/realsense_bringup.egg-info to /home/humble_ws/install/realsense_bringup/lib/python3.10/site-packages/realsense_bringup-0.0.0-py3.10.egg-info
[1.714s] running install_scripts
[1.734s] Installing tf_filter script to /home/humble_ws/install/realsense_bringup/lib/realsense_bringup
[1.735s] writing list of installed files to '/home/humble_ws/build/realsense_bringup/install.log'
[1.763s] Invoked command in '/home/humble_ws/src/realsense_bringup' returned '0': PYTHONPATH=/home/humble_ws/build/realsense_bringup/prefix_override:/home/humble_ws/install/realsense_bringup/lib/python3.10/site-packages:${PYTHONPATH} /usr/bin/python3 -W ignore:setup.py install is deprecated setup.py egg_info --egg-base ../../build/realsense_bringup build --build-base /home/humble_ws/build/realsense_bringup/build install --record /home/humble_ws/build/realsense_bringup/install.log --single-version-externally-managed install_data
