[0.027s] Invoking command in '/home/kortex_ws/build/range_sensor_broadcaster': AMENT_PREFIX_PATH=/home/kortex_ws/install/controller_manager:/home/kortex_ws/install/hardware_interface_testing:/home/kortex_ws/install/controller_interface:/home/kortex_ws/install/hardware_interface:/home/kortex_ws/install/ros2_control_test_assets:/home/kortex_ws/install/controller_manager_msgs:/home/kortex_ws/install/control_msgs:${AMENT_PREFIX_PATH} CMAKE_PREFIX_PATH=/home/kortex_ws/install/controller_manager:/home/kortex_ws/install/hardware_interface_testing:/home/kortex_ws/install/controller_interface:/home/kortex_ws/install/hardware_interface:/home/kortex_ws/install/ros2_control_test_assets:/home/kortex_ws/install/controller_manager_msgs:/home/kortex_ws/install/control_msgs:/home/kortex_ws/install/serial:/home/kortex_ws/install/kortex_bringup:/home/kortex_ws/install/kinova_gen3_7dof_robotiq_2f_85_moveit_config:/home/kortex_ws/install/kinova_gen3_6dof_robotiq_2f_85_moveit_config:/home/kortex_ws/install/kortex_description:/home/kortex_ws/install/picknik_twist_controller:/home/kortex_ws/install/picknik_reset_fault_controller:/home/kortex_ws/install/kortex_driver:/home/kortex_ws/install/kortex_api:/opt/ros/humble LD_LIBRARY_PATH=/home/kortex_ws/install/controller_manager/lib:/home/kortex_ws/install/hardware_interface_testing/lib:/home/kortex_ws/install/controller_interface/lib:/home/kortex_ws/install/hardware_interface/lib:/home/kortex_ws/install/controller_manager_msgs/lib:/home/kortex_ws/install/control_msgs/lib:${LD_LIBRARY_PATH} PYTHONPATH=/home/kortex_ws/install/controller_manager/local/lib/python3.10/dist-packages:/home/kortex_ws/install/controller_manager_msgs/local/lib/python3.10/dist-packages:/home/kortex_ws/install/control_msgs/local/lib/python3.10/dist-packages:${PYTHONPATH} /usr/bin/cmake /home/kortex_ws/src/ros2_controllers/range_sensor_broadcaster -DCMAKE_BUILD_TYPE=Release -DCMAKE_INSTALL_PREFIX=/home/kortex_ws/install/range_sensor_broadcaster
[0.085s] -- The C compiler identification is GNU 11.4.0
[0.139s] -- The CXX compiler identification is GNU 11.4.0
[0.146s] -- Detecting C compiler ABI info
[0.222s] -- Detecting C compiler ABI info - done
[0.233s] -- Check for working C compiler: /usr/bin/cc - skipped
[0.234s] -- Detecting C compile features
[0.234s] -- Detecting C compile features - done
[0.238s] -- Detecting CXX compiler ABI info
[0.325s] -- Detecting CXX compiler ABI info - done
[0.336s] -- Check for working CXX compiler: /usr/bin/c++ - skipped
[0.336s] -- Detecting CXX compile features
[0.337s] -- Detecting CXX compile features - done
[0.344s] -- Found ament_cmake: 1.3.8 (/opt/ros/humble/share/ament_cmake/cmake)
[0.486s] -- Found Python3: /usr/bin/python3 (found version "3.10.12") found components: Interpreter 
[0.608s] -- Found backward_ros: 1.0.2 (/opt/ros/humble/share/backward_ros/cmake)
[0.620s] -- Found libdw: /usr/lib/x86_64-linux-gnu/libdw.so  
[0.627s] -- Could NOT find libbfd (missing: LIBBFD_LIBRARY LIBBFD_INCLUDE_DIR) 
[0.627s] -- BACKWARD_HAS_UNWIND=1
[0.627s] -- BACKWARD_HAS_BACKTRACE=0
[0.627s] -- BACKWARD_HAS_BACKTRACE_SYMBOL=0
[0.627s] -- BACKWARD_HAS_DW=1
[0.627s] -- BACKWARD_HAS_BFD=0
[0.627s] -- Found Backward: /opt/ros/humble/share/backward_ros/cmake  
[0.628s] -- Found controller_interface: 2.41.0 (/home/kortex_ws/install/controller_interface/share/controller_interface/cmake)
[0.691s] -- Found rosidl_generator_c: 3.1.5 (/opt/ros/humble/share/rosidl_generator_c/cmake)
[0.702s] -- Found rosidl_adapter: 3.1.5 (/opt/ros/humble/share/rosidl_adapter/cmake)
[0.715s] -- Found rosidl_generator_cpp: 3.1.5 (/opt/ros/humble/share/rosidl_generator_cpp/cmake)
[0.734s] -- Using all available rosidl_typesupport_c: rosidl_typesupport_fastrtps_c;rosidl_typesupport_introspection_c
[0.761s] -- Using all available rosidl_typesupport_cpp: rosidl_typesupport_fastrtps_cpp;rosidl_typesupport_introspection_cpp
[1.435s] -- Found rmw_implementation_cmake: 6.1.1 (/opt/ros/humble/share/rmw_implementation_cmake/cmake)
[1.441s] -- Found rmw_cyclonedds_cpp: 1.3.4 (/opt/ros/humble/share/rmw_cyclonedds_cpp/cmake)
[1.482s] -- Using RMW implementation 'rmw_cyclonedds_cpp' as default
[1.501s] -- Looking for pthread.h
[1.605s] -- Looking for pthread.h - found
[1.606s] -- Performing Test CMAKE_HAVE_LIBC_PTHREAD
[1.712s] -- Performing Test CMAKE_HAVE_LIBC_PTHREAD - Success
[1.713s] -- Found Threads: TRUE  
[1.942s] -- Found generate_parameter_library: 0.3.8 (/opt/ros/humble/share/generate_parameter_library/cmake)
[1.947s] -- Found parameter_traits: 0.3.8 (/opt/ros/humble/share/parameter_traits/cmake)
[1.989s] -- Found realtime_tools: 2.5.0 (/opt/ros/humble/share/realtime_tools/cmake)
[2.223s] -- Found ament_cmake_gmock: 1.3.8 (/opt/ros/humble/share/ament_cmake_gmock/cmake)
[2.224s] -- Found controller_manager: 2.41.0 (/home/kortex_ws/install/controller_manager/share/controller_manager/cmake)
[2.479s] -- Found ros2_control_test_assets: 2.41.0 (/home/kortex_ws/install/ros2_control_test_assets/share/ros2_control_test_assets/cmake)
[2.485s] -- Found gmock sources under '/opt/ros/humble/src/gmock_vendor': C++ tests using 'Google Mock' will be built
[2.496s] -- Found ament_cmake_gtest: 1.3.8 (/opt/ros/humble/share/ament_cmake_gtest/cmake)
[2.497s] -- Found gtest sources under '/opt/ros/humble/src/gtest_vendor': C++ tests using 'Google Test' will be built
[3.057s] -- Found gmock sources under '/opt/ros/humble/src/gmock_vendor': C++ tests using 'Google Mock' will be built
[3.057s] -- Found ament_cmake_gtest: 1.3.8 (/opt/ros/humble/share/ament_cmake_gtest/cmake)
[3.058s] -- Found gtest sources under '/opt/ros/humble/src/gtest_vendor': C++ tests using 'Google Test' will be built
[3.180s] -- Configuring done
[3.297s] -- Generating done
[3.300s] -- Build files have been written to: /home/kortex_ws/build/range_sensor_broadcaster
[3.316s] Invoked command in '/home/kortex_ws/build/range_sensor_broadcaster' returned '0': AMENT_PREFIX_PATH=/home/kortex_ws/install/controller_manager:/home/kortex_ws/install/hardware_interface_testing:/home/kortex_ws/install/controller_interface:/home/kortex_ws/install/hardware_interface:/home/kortex_ws/install/ros2_control_test_assets:/home/kortex_ws/install/controller_manager_msgs:/home/kortex_ws/install/control_msgs:${AMENT_PREFIX_PATH} CMAKE_PREFIX_PATH=/home/kortex_ws/install/controller_manager:/home/kortex_ws/install/hardware_interface_testing:/home/kortex_ws/install/controller_interface:/home/kortex_ws/install/hardware_interface:/home/kortex_ws/install/ros2_control_test_assets:/home/kortex_ws/install/controller_manager_msgs:/home/kortex_ws/install/control_msgs:/home/kortex_ws/install/serial:/home/kortex_ws/install/kortex_bringup:/home/kortex_ws/install/kinova_gen3_7dof_robotiq_2f_85_moveit_config:/home/kortex_ws/install/kinova_gen3_6dof_robotiq_2f_85_moveit_config:/home/kortex_ws/install/kortex_description:/home/kortex_ws/install/picknik_twist_controller:/home/kortex_ws/install/picknik_reset_fault_controller:/home/kortex_ws/install/kortex_driver:/home/kortex_ws/install/kortex_api:/opt/ros/humble LD_LIBRARY_PATH=/home/kortex_ws/install/controller_manager/lib:/home/kortex_ws/install/hardware_interface_testing/lib:/home/kortex_ws/install/controller_interface/lib:/home/kortex_ws/install/hardware_interface/lib:/home/kortex_ws/install/controller_manager_msgs/lib:/home/kortex_ws/install/control_msgs/lib:${LD_LIBRARY_PATH} PYTHONPATH=/home/kortex_ws/install/controller_manager/local/lib/python3.10/dist-packages:/home/kortex_ws/install/controller_manager_msgs/local/lib/python3.10/dist-packages:/home/kortex_ws/install/control_msgs/local/lib/python3.10/dist-packages:${PYTHONPATH} /usr/bin/cmake /home/kortex_ws/src/ros2_controllers/range_sensor_broadcaster -DCMAKE_BUILD_TYPE=Release -DCMAKE_INSTALL_PREFIX=/home/kortex_ws/install/range_sensor_broadcaster
[3.318s] Invoking command in '/home/kortex_ws/build/range_sensor_broadcaster': AMENT_PREFIX_PATH=/home/kortex_ws/install/controller_manager:/home/kortex_ws/install/hardware_interface_testing:/home/kortex_ws/install/controller_interface:/home/kortex_ws/install/hardware_interface:/home/kortex_ws/install/ros2_control_test_assets:/home/kortex_ws/install/controller_manager_msgs:/home/kortex_ws/install/control_msgs:${AMENT_PREFIX_PATH} CMAKE_PREFIX_PATH=/home/kortex_ws/install/controller_manager:/home/kortex_ws/install/hardware_interface_testing:/home/kortex_ws/install/controller_interface:/home/kortex_ws/install/hardware_interface:/home/kortex_ws/install/ros2_control_test_assets:/home/kortex_ws/install/controller_manager_msgs:/home/kortex_ws/install/control_msgs:/home/kortex_ws/install/serial:/home/kortex_ws/install/kortex_bringup:/home/kortex_ws/install/kinova_gen3_7dof_robotiq_2f_85_moveit_config:/home/kortex_ws/install/kinova_gen3_6dof_robotiq_2f_85_moveit_config:/home/kortex_ws/install/kortex_description:/home/kortex_ws/install/picknik_twist_controller:/home/kortex_ws/install/picknik_reset_fault_controller:/home/kortex_ws/install/kortex_driver:/home/kortex_ws/install/kortex_api:/opt/ros/humble LD_LIBRARY_PATH=/home/kortex_ws/install/controller_manager/lib:/home/kortex_ws/install/hardware_interface_testing/lib:/home/kortex_ws/install/controller_interface/lib:/home/kortex_ws/install/hardware_interface/lib:/home/kortex_ws/install/controller_manager_msgs/lib:/home/kortex_ws/install/control_msgs/lib:${LD_LIBRARY_PATH} PYTHONPATH=/home/kortex_ws/install/controller_manager/local/lib/python3.10/dist-packages:/home/kortex_ws/install/controller_manager_msgs/local/lib/python3.10/dist-packages:/home/kortex_ws/install/control_msgs/local/lib/python3.10/dist-packages:${PYTHONPATH} /usr/bin/cmake --build /home/kortex_ws/build/range_sensor_broadcaster -- -j16 -l16
[3.387s] [ 10%] [32mBuilding CXX object gmock/CMakeFiles/gmock.dir/src/gmock-all.cc.o[0m
[3.387s] [ 20%] [32mBuilding CXX object gmock/CMakeFiles/gmock.dir/opt/ros/humble/src/gtest_vendor/src/gtest-all.cc.o[0m
[3.390s] [ 30%] [34m[1mRunning `/opt/ros/humble/bin/generate_parameter_library_cpp /home/kortex_ws/build/range_sensor_broadcaster/range_sensor_broadcaster_parameters/include//range_sensor_broadcaster_parameters.hpp /home/kortex_ws/src/ros2_controllers/range_sensor_broadcaster/src/range_sensor_broadcaster_parameters.yaml `[0m
[3.635s] [ 30%] Built target range_sensor_broadcaster_parameters
[3.666s] [ 40%] [32mBuilding CXX object CMakeFiles/range_sensor_broadcaster.dir/src/range_sensor_broadcaster.cpp.o[0m
[9.926s] [ 50%] [32m[1mLinking CXX static library libgmock.a[0m
[10.022s] [ 50%] Built target gmock
[10.079s] [ 60%] [32m[1mLinking CXX shared library librange_sensor_broadcaster.so[0m
[10.236s] [ 60%] Built target range_sensor_broadcaster
[10.263s] [ 80%] [32mBuilding CXX object CMakeFiles/test_load_range_sensor_broadcaster.dir/test/test_load_range_sensor_broadcaster.cpp.o[0m
[10.263s] [ 80%] [32mBuilding CXX object CMakeFiles/test_range_sensor_broadcaster.dir/test/test_range_sensor_broadcaster.cpp.o[0m
[15.241s] [ 90%] [32m[1mLinking CXX executable test_load_range_sensor_broadcaster[0m
[15.492s] [ 90%] Built target test_load_range_sensor_broadcaster
[21.808s] [100%] [32m[1mLinking CXX executable test_range_sensor_broadcaster[0m
[22.102s] [100%] Built target test_range_sensor_broadcaster
[22.116s] Invoked command in '/home/kortex_ws/build/range_sensor_broadcaster' returned '0': AMENT_PREFIX_PATH=/home/kortex_ws/install/controller_manager:/home/kortex_ws/install/hardware_interface_testing:/home/kortex_ws/install/controller_interface:/home/kortex_ws/install/hardware_interface:/home/kortex_ws/install/ros2_control_test_assets:/home/kortex_ws/install/controller_manager_msgs:/home/kortex_ws/install/control_msgs:${AMENT_PREFIX_PATH} CMAKE_PREFIX_PATH=/home/kortex_ws/install/controller_manager:/home/kortex_ws/install/hardware_interface_testing:/home/kortex_ws/install/controller_interface:/home/kortex_ws/install/hardware_interface:/home/kortex_ws/install/ros2_control_test_assets:/home/kortex_ws/install/controller_manager_msgs:/home/kortex_ws/install/control_msgs:/home/kortex_ws/install/serial:/home/kortex_ws/install/kortex_bringup:/home/kortex_ws/install/kinova_gen3_7dof_robotiq_2f_85_moveit_config:/home/kortex_ws/install/kinova_gen3_6dof_robotiq_2f_85_moveit_config:/home/kortex_ws/install/kortex_description:/home/kortex_ws/install/picknik_twist_controller:/home/kortex_ws/install/picknik_reset_fault_controller:/home/kortex_ws/install/kortex_driver:/home/kortex_ws/install/kortex_api:/opt/ros/humble LD_LIBRARY_PATH=/home/kortex_ws/install/controller_manager/lib:/home/kortex_ws/install/hardware_interface_testing/lib:/home/kortex_ws/install/controller_interface/lib:/home/kortex_ws/install/hardware_interface/lib:/home/kortex_ws/install/controller_manager_msgs/lib:/home/kortex_ws/install/control_msgs/lib:${LD_LIBRARY_PATH} PYTHONPATH=/home/kortex_ws/install/controller_manager/local/lib/python3.10/dist-packages:/home/kortex_ws/install/controller_manager_msgs/local/lib/python3.10/dist-packages:/home/kortex_ws/install/control_msgs/local/lib/python3.10/dist-packages:${PYTHONPATH} /usr/bin/cmake --build /home/kortex_ws/build/range_sensor_broadcaster -- -j16 -l16
[22.160s] Invoking command in '/home/kortex_ws/build/range_sensor_broadcaster': AMENT_PREFIX_PATH=/home/kortex_ws/install/controller_manager:/home/kortex_ws/install/hardware_interface_testing:/home/kortex_ws/install/controller_interface:/home/kortex_ws/install/hardware_interface:/home/kortex_ws/install/ros2_control_test_assets:/home/kortex_ws/install/controller_manager_msgs:/home/kortex_ws/install/control_msgs:${AMENT_PREFIX_PATH} CMAKE_PREFIX_PATH=/home/kortex_ws/install/controller_manager:/home/kortex_ws/install/hardware_interface_testing:/home/kortex_ws/install/controller_interface:/home/kortex_ws/install/hardware_interface:/home/kortex_ws/install/ros2_control_test_assets:/home/kortex_ws/install/controller_manager_msgs:/home/kortex_ws/install/control_msgs:/home/kortex_ws/install/serial:/home/kortex_ws/install/kortex_bringup:/home/kortex_ws/install/kinova_gen3_7dof_robotiq_2f_85_moveit_config:/home/kortex_ws/install/kinova_gen3_6dof_robotiq_2f_85_moveit_config:/home/kortex_ws/install/kortex_description:/home/kortex_ws/install/picknik_twist_controller:/home/kortex_ws/install/picknik_reset_fault_controller:/home/kortex_ws/install/kortex_driver:/home/kortex_ws/install/kortex_api:/opt/ros/humble LD_LIBRARY_PATH=/home/kortex_ws/install/controller_manager/lib:/home/kortex_ws/install/hardware_interface_testing/lib:/home/kortex_ws/install/controller_interface/lib:/home/kortex_ws/install/hardware_interface/lib:/home/kortex_ws/install/controller_manager_msgs/lib:/home/kortex_ws/install/control_msgs/lib:${LD_LIBRARY_PATH} PYTHONPATH=/home/kortex_ws/install/controller_manager/local/lib/python3.10/dist-packages:/home/kortex_ws/install/controller_manager_msgs/local/lib/python3.10/dist-packages:/home/kortex_ws/install/control_msgs/local/lib/python3.10/dist-packages:${PYTHONPATH} /usr/bin/cmake --install /home/kortex_ws/build/range_sensor_broadcaster
[22.168s] -- Install configuration: "Release"
[22.168s] -- Installing: /home/kortex_ws/install/range_sensor_broadcaster/include/range_sensor_broadcaster_parameters
[22.169s] -- Installing: /home/kortex_ws/install/range_sensor_broadcaster/include/range_sensor_broadcaster_parameters/range_sensor_broadcaster_parameters.hpp
[22.169s] -- Installing: /home/kortex_ws/install/range_sensor_broadcaster/share/range_sensor_broadcaster/range_sensor_broadcaster.xml
[22.169s] -- Up-to-date: /home/kortex_ws/install/range_sensor_broadcaster/include
[22.169s] -- Installing: /home/kortex_ws/install/range_sensor_broadcaster/include/range_sensor_broadcaster
[22.169s] -- Installing: /home/kortex_ws/install/range_sensor_broadcaster/include/range_sensor_broadcaster/range_sensor_broadcaster.hpp
[22.169s] -- Installing: /home/kortex_ws/install/range_sensor_broadcaster/include/range_sensor_broadcaster/visibility_control.h
[22.169s] -- Installing: /home/kortex_ws/install/range_sensor_broadcaster/lib/librange_sensor_broadcaster.so
[22.170s] -- Set runtime path of "/home/kortex_ws/install/range_sensor_broadcaster/lib/librange_sensor_broadcaster.so" to ""
[22.171s] -- Installing: /home/kortex_ws/install/range_sensor_broadcaster/share/range_sensor_broadcaster/environment/library_path.sh
[22.171s] -- Installing: /home/kortex_ws/install/range_sensor_broadcaster/share/range_sensor_broadcaster/environment/library_path.dsv
[22.171s] -- Installing: /home/kortex_ws/install/range_sensor_broadcaster/share/ament_index/resource_index/package_run_dependencies/range_sensor_broadcaster
[22.171s] -- Installing: /home/kortex_ws/install/range_sensor_broadcaster/share/ament_index/resource_index/parent_prefix_path/range_sensor_broadcaster
[22.171s] -- Installing: /home/kortex_ws/install/range_sensor_broadcaster/share/range_sensor_broadcaster/environment/ament_prefix_path.sh
[22.171s] -- Installing: /home/kortex_ws/install/range_sensor_broadcaster/share/range_sensor_broadcaster/environment/ament_prefix_path.dsv
[22.171s] -- Installing: /home/kortex_ws/install/range_sensor_broadcaster/share/range_sensor_broadcaster/environment/path.sh
[22.172s] -- Installing: /home/kortex_ws/install/range_sensor_broadcaster/share/range_sensor_broadcaster/environment/path.dsv
[22.172s] -- Installing: /home/kortex_ws/install/range_sensor_broadcaster/share/range_sensor_broadcaster/local_setup.bash
[22.172s] -- Installing: /home/kortex_ws/install/range_sensor_broadcaster/share/range_sensor_broadcaster/local_setup.sh
[22.172s] -- Installing: /home/kortex_ws/install/range_sensor_broadcaster/share/range_sensor_broadcaster/local_setup.zsh
[22.172s] -- Installing: /home/kortex_ws/install/range_sensor_broadcaster/share/range_sensor_broadcaster/local_setup.dsv
[22.172s] -- Installing: /home/kortex_ws/install/range_sensor_broadcaster/share/range_sensor_broadcaster/package.dsv
[22.173s] -- Installing: /home/kortex_ws/install/range_sensor_broadcaster/share/ament_index/resource_index/packages/range_sensor_broadcaster
[22.173s] -- Installing: /home/kortex_ws/install/range_sensor_broadcaster/share/ament_index/resource_index/controller_interface__pluginlib__plugin/range_sensor_broadcaster
[22.173s] -- Installing: /home/kortex_ws/install/range_sensor_broadcaster/share/range_sensor_broadcaster/cmake/export_range_sensor_broadcasterExport.cmake
[22.173s] -- Installing: /home/kortex_ws/install/range_sensor_broadcaster/share/range_sensor_broadcaster/cmake/export_range_sensor_broadcasterExport-release.cmake
[22.173s] -- Installing: /home/kortex_ws/install/range_sensor_broadcaster/share/range_sensor_broadcaster/cmake/ament_cmake_export_targets-extras.cmake
[22.173s] -- Installing: /home/kortex_ws/install/range_sensor_broadcaster/share/range_sensor_broadcaster/cmake/ament_cmake_export_dependencies-extras.cmake
[22.174s] -- Installing: /home/kortex_ws/install/range_sensor_broadcaster/share/range_sensor_broadcaster/cmake/range_sensor_broadcasterConfig.cmake
[22.174s] -- Installing: /home/kortex_ws/install/range_sensor_broadcaster/share/range_sensor_broadcaster/cmake/range_sensor_broadcasterConfig-version.cmake
[22.174s] -- Installing: /home/kortex_ws/install/range_sensor_broadcaster/share/range_sensor_broadcaster/package.xml
[22.177s] Invoked command in '/home/kortex_ws/build/range_sensor_broadcaster' returned '0': AMENT_PREFIX_PATH=/home/kortex_ws/install/controller_manager:/home/kortex_ws/install/hardware_interface_testing:/home/kortex_ws/install/controller_interface:/home/kortex_ws/install/hardware_interface:/home/kortex_ws/install/ros2_control_test_assets:/home/kortex_ws/install/controller_manager_msgs:/home/kortex_ws/install/control_msgs:${AMENT_PREFIX_PATH} CMAKE_PREFIX_PATH=/home/kortex_ws/install/controller_manager:/home/kortex_ws/install/hardware_interface_testing:/home/kortex_ws/install/controller_interface:/home/kortex_ws/install/hardware_interface:/home/kortex_ws/install/ros2_control_test_assets:/home/kortex_ws/install/controller_manager_msgs:/home/kortex_ws/install/control_msgs:/home/kortex_ws/install/serial:/home/kortex_ws/install/kortex_bringup:/home/kortex_ws/install/kinova_gen3_7dof_robotiq_2f_85_moveit_config:/home/kortex_ws/install/kinova_gen3_6dof_robotiq_2f_85_moveit_config:/home/kortex_ws/install/kortex_description:/home/kortex_ws/install/picknik_twist_controller:/home/kortex_ws/install/picknik_reset_fault_controller:/home/kortex_ws/install/kortex_driver:/home/kortex_ws/install/kortex_api:/opt/ros/humble LD_LIBRARY_PATH=/home/kortex_ws/install/controller_manager/lib:/home/kortex_ws/install/hardware_interface_testing/lib:/home/kortex_ws/install/controller_interface/lib:/home/kortex_ws/install/hardware_interface/lib:/home/kortex_ws/install/controller_manager_msgs/lib:/home/kortex_ws/install/control_msgs/lib:${LD_LIBRARY_PATH} PYTHONPATH=/home/kortex_ws/install/controller_manager/local/lib/python3.10/dist-packages:/home/kortex_ws/install/controller_manager_msgs/local/lib/python3.10/dist-packages:/home/kortex_ws/install/control_msgs/local/lib/python3.10/dist-packages:${PYTHONPATH} /usr/bin/cmake --install /home/kortex_ws/build/range_sensor_broadcaster
