[0.929s] Invoking command in '/home/ros2_ws/src/antworker_description': PYTHONPATH=/home/ros2_ws/build/antworker_description/prefix_override:/home/ros2_ws/install/antworker_description/lib/python3.10/site-packages:${PYTHONPATH} /usr/bin/python3 setup.py egg_info --egg-base ../../build/antworker_description build --build-base /home/ros2_ws/build/antworker_description/build install --record /home/ros2_ws/build/antworker_description/install.log --single-version-externally-managed
[1.109s] running egg_info
[1.110s] writing ../../build/antworker_description/antworker_description.egg-info/PKG-INFO
[1.110s] writing dependency_links to ../../build/antworker_description/antworker_description.egg-info/dependency_links.txt
[1.111s] writing entry points to ../../build/antworker_description/antworker_description.egg-info/entry_points.txt
[1.111s] writing requirements to ../../build/antworker_description/antworker_description.egg-info/requires.txt
[1.111s] writing top-level names to ../../build/antworker_description/antworker_description.egg-info/top_level.txt
[1.112s] reading manifest file '../../build/antworker_description/antworker_description.egg-info/SOURCES.txt'
[1.112s] writing manifest file '../../build/antworker_description/antworker_description.egg-info/SOURCES.txt'
[1.112s] running build
[1.113s] running build_py
[1.113s] running install
[1.113s] running install_lib
[1.114s] running install_data
[1.114s] running install_egg_info
[1.115s] removing '/home/ros2_ws/install/antworker_description/lib/python3.10/site-packages/antworker_description-0.0.0-py3.10.egg-info' (and everything under it)
[1.116s] Copying ../../build/antworker_description/antworker_description.egg-info to /home/ros2_ws/install/antworker_description/lib/python3.10/site-packages/antworker_description-0.0.0-py3.10.egg-info
[1.117s] running install_scripts
[1.131s] writing list of installed files to '/home/ros2_ws/build/antworker_description/install.log'
[1.197s] Invoked command in '/home/ros2_ws/src/antworker_description' returned '0': PYTHONPATH=/home/ros2_ws/build/antworker_description/prefix_override:/home/ros2_ws/install/antworker_description/lib/python3.10/site-packages:${PYTHONPATH} /usr/bin/python3 setup.py egg_info --egg-base ../../build/antworker_description build --build-base /home/ros2_ws/build/antworker_description/build install --record /home/ros2_ws/build/antworker_description/install.log --single-version-externally-managed
