[0.012s] Invoking command in '/home/humble_ws/build/kinova_moveit': CMAKE_PREFIX_PATH=${CMAKE_PREFIX_PATH}:/home/humble_ws/install/kinova_arm:/opt/ros/humble /usr/bin/cmake /home/humble_ws/src/kinova_moveit -DCMAKE_INSTALL_PREFIX=/home/humble_ws/install/kinova_moveit
[0.122s] -- The C compiler identification is GNU 11.4.0
[0.211s] -- The CXX compiler identification is GNU 11.4.0
[0.221s] -- Detecting C compiler ABI info
[0.300s] -- Detecting C compiler ABI info - done
[0.307s] -- Check for working C compiler: /usr/bin/cc - skipped
[0.307s] -- Detecting C compile features
[0.308s] -- Detecting C compile features - done
[0.311s] -- Detecting CXX compiler ABI info
[0.404s] -- Detecting CXX compiler ABI info - done
[0.414s] -- Check for working CXX compiler: /usr/bin/c++ - skipped
[0.414s] -- Detecting CXX compile features
[0.414s] -- Detecting CXX compile features - done
[0.422s] -- Found ament_cmake: 1.3.8 (/opt/ros/humble/share/ament_cmake/cmake)
[0.556s] -- Found Python3: /usr/bin/python3 (found version "3.10.12") found components: Interpreter 
[0.728s] -- Configuring done
[0.732s] -- Generating done
[0.733s] -- Build files have been written to: /home/humble_ws/build/kinova_moveit
[0.739s] Invoked command in '/home/humble_ws/build/kinova_moveit' returned '0': CMAKE_PREFIX_PATH=${CMAKE_PREFIX_PATH}:/home/humble_ws/install/kinova_arm:/opt/ros/humble /usr/bin/cmake /home/humble_ws/src/kinova_moveit -DCMAKE_INSTALL_PREFIX=/home/humble_ws/install/kinova_moveit
[0.740s] Invoking command in '/home/humble_ws/build/kinova_moveit': CMAKE_PREFIX_PATH=${CMAKE_PREFIX_PATH}:/home/humble_ws/install/kinova_arm:/opt/ros/humble /usr/bin/cmake --build /home/humble_ws/build/kinova_moveit -- -j16 -l16
[0.785s] Invoked command in '/home/humble_ws/build/kinova_moveit' returned '0': CMAKE_PREFIX_PATH=${CMAKE_PREFIX_PATH}:/home/humble_ws/install/kinova_arm:/opt/ros/humble /usr/bin/cmake --build /home/humble_ws/build/kinova_moveit -- -j16 -l16
[0.821s] Invoking command in '/home/humble_ws/build/kinova_moveit': CMAKE_PREFIX_PATH=${CMAKE_PREFIX_PATH}:/home/humble_ws/install/kinova_arm:/opt/ros/humble /usr/bin/cmake --install /home/humble_ws/build/kinova_moveit
[0.829s] -- Install configuration: ""
[0.829s] -- Installing: /home/humble_ws/install/kinova_moveit/share/ament_index/resource_index/package_run_dependencies/kinova_moveit
[0.829s] -- Installing: /home/humble_ws/install/kinova_moveit/share/ament_index/resource_index/parent_prefix_path/kinova_moveit
[0.829s] -- Installing: /home/humble_ws/install/kinova_moveit/share/kinova_moveit/environment/ament_prefix_path.sh
[0.830s] -- Installing: /home/humble_ws/install/kinova_moveit/share/kinova_moveit/environment/ament_prefix_path.dsv
[0.830s] -- Installing: /home/humble_ws/install/kinova_moveit/share/kinova_moveit/environment/path.sh
[0.830s] -- Installing: /home/humble_ws/install/kinova_moveit/share/kinova_moveit/environment/path.dsv
[0.830s] -- Installing: /home/humble_ws/install/kinova_moveit/share/kinova_moveit/local_setup.bash
[0.830s] -- Installing: /home/humble_ws/install/kinova_moveit/share/kinova_moveit/local_setup.sh
[0.831s] -- Installing: /home/humble_ws/install/kinova_moveit/share/kinova_moveit/local_setup.zsh
[0.831s] -- Installing: /home/humble_ws/install/kinova_moveit/share/kinova_moveit/local_setup.dsv
[0.831s] -- Installing: /home/humble_ws/install/kinova_moveit/share/kinova_moveit/package.dsv
[0.831s] -- Installing: /home/humble_ws/install/kinova_moveit/share/ament_index/resource_index/packages/kinova_moveit
[0.831s] -- Installing: /home/humble_ws/install/kinova_moveit/share/kinova_moveit/cmake/kinova_moveitConfig.cmake
[0.831s] -- Installing: /home/humble_ws/install/kinova_moveit/share/kinova_moveit/cmake/kinova_moveitConfig-version.cmake
[0.831s] -- Installing: /home/humble_ws/install/kinova_moveit/share/kinova_moveit/package.xml
[0.832s] -- Installing: /home/humble_ws/install/kinova_moveit/share/kinova_moveit/launch
[0.832s] -- Installing: /home/humble_ws/install/kinova_moveit/share/kinova_moveit/launch/demo.launch.py
[0.832s] -- Installing: /home/humble_ws/install/kinova_moveit/share/kinova_moveit/launch/setup_assistant.launch.py
[0.832s] -- Installing: /home/humble_ws/install/kinova_moveit/share/kinova_moveit/launch/move_group.launch.py
[0.832s] -- Installing: /home/humble_ws/install/kinova_moveit/share/kinova_moveit/launch/__pycache__
[0.832s] -- Installing: /home/humble_ws/install/kinova_moveit/share/kinova_moveit/launch/__pycache__/demo.launch.cpython-310.pyc
[0.833s] -- Installing: /home/humble_ws/install/kinova_moveit/share/kinova_moveit/launch/__pycache__/move_group.launch.cpython-310.pyc
[0.833s] -- Installing: /home/humble_ws/install/kinova_moveit/share/kinova_moveit/launch/__pycache__/keenan_test_moveit.launch.cpython-310.pyc
[0.833s] -- Installing: /home/humble_ws/install/kinova_moveit/share/kinova_moveit/launch/__pycache__/rsp.launch.cpython-310.pyc
[0.833s] -- Installing: /home/humble_ws/install/kinova_moveit/share/kinova_moveit/launch/__pycache__/setup_assistant.launch.cpython-310.pyc
[0.833s] -- Installing: /home/humble_ws/install/kinova_moveit/share/kinova_moveit/launch/warehouse_db.launch.py
[0.834s] -- Installing: /home/humble_ws/install/kinova_moveit/share/kinova_moveit/launch/keenan_test_moveit.launch.py
[0.834s] -- Installing: /home/humble_ws/install/kinova_moveit/share/kinova_moveit/launch/static_virtual_joint_tfs.launch.py
[0.834s] -- Installing: /home/humble_ws/install/kinova_moveit/share/kinova_moveit/launch/spawn_controllers.launch.py
[0.834s] -- Installing: /home/humble_ws/install/kinova_moveit/share/kinova_moveit/launch/rsp.launch.py
[0.834s] -- Installing: /home/humble_ws/install/kinova_moveit/share/kinova_moveit/launch/moveit_rviz.launch.py
[0.834s] -- Installing: /home/humble_ws/install/kinova_moveit/share/kinova_moveit/config
[0.835s] -- Installing: /home/humble_ws/install/kinova_moveit/share/kinova_moveit/config/joint_limits.yaml
[0.835s] -- Installing: /home/humble_ws/install/kinova_moveit/share/kinova_moveit/config/ros2_controllers.yaml
[0.835s] -- Installing: /home/humble_ws/install/kinova_moveit/share/kinova_moveit/config/pilz_cartesian_limits.yaml
[0.835s] -- Installing: /home/humble_ws/install/kinova_moveit/share/kinova_moveit/config/GEN3_6DOF_VISION_URDF_ARM_V01.srdf
[0.836s] -- Installing: /home/humble_ws/install/kinova_moveit/share/kinova_moveit/config/robot_state_publisher.yaml
[0.836s] -- Installing: /home/humble_ws/install/kinova_moveit/share/kinova_moveit/config/GEN3_6DOF_VISION_URDF_ARM_V01.ros2_control.xacro
[0.836s] -- Installing: /home/humble_ws/install/kinova_moveit/share/kinova_moveit/config/moveit.rviz
[0.836s] -- Installing: /home/humble_ws/install/kinova_moveit/share/kinova_moveit/config/kinematics.yaml
[0.836s] -- Installing: /home/humble_ws/install/kinova_moveit/share/kinova_moveit/config/GEN3_6DOF_VISION_URDF_ARM_V01.urdf.xacro
[0.837s] -- Installing: /home/humble_ws/install/kinova_moveit/share/kinova_moveit/config/sensors_3d.yaml
[0.837s] -- Installing: /home/humble_ws/install/kinova_moveit/share/kinova_moveit/config/initial_positions.yaml
[0.837s] -- Installing: /home/humble_ws/install/kinova_moveit/share/kinova_moveit/config/moveit_controllers.yaml
[0.837s] -- Installing: /home/humble_ws/install/kinova_moveit/share/kinova_moveit/.setup_assistant
[0.840s] Invoked command in '/home/humble_ws/build/kinova_moveit' returned '0': CMAKE_PREFIX_PATH=${CMAKE_PREFIX_PATH}:/home/humble_ws/install/kinova_arm:/opt/ros/humble /usr/bin/cmake --install /home/humble_ws/build/kinova_moveit
