[0.041s] Invoking command in '/home/moveit/build/moveit_setup_controllers': AMENT_PREFIX_PATH=/home/moveit/install/moveit_setup_framework:/home/moveit/install/moveit_ros_visualization:/home/moveit/install/moveit_ros_planning_interface:/home/moveit/install/moveit_ros_move_group:/home/moveit/install/moveit_ros_warehouse:/home/moveit/install/moveit_ros_robot_interaction:/home/moveit/install/moveit_kinematics:/home/moveit/install/moveit_ros_planning:/home/moveit/install/moveit_ros_occupancy_map_monitor:/home/moveit/install/moveit_core:/home/moveit/install/moveit_resources_panda_moveit_config:/home/moveit/install/moveit_resources_fanuc_moveit_config:/home/moveit/install/moveit_resources_panda_description:/home/moveit/install/moveit_resources_fanuc_description:/home/moveit/install/moveit_msgs:/home/moveit/install/moveit_configs_utils:/home/moveit/install/moveit_common:${AMENT_PREFIX_PATH} CMAKE_PREFIX_PATH=/home/moveit/install/moveit_setup_framework:/home/moveit/install/moveit_ros_visualization:/home/moveit/install/moveit_ros_planning_interface:/home/moveit/install/moveit_ros_move_group:/home/moveit/install/moveit_ros_warehouse:/home/moveit/install/moveit_ros_robot_interaction:/home/moveit/install/moveit_kinematics:/home/moveit/install/moveit_ros_planning:/home/moveit/install/moveit_ros_occupancy_map_monitor:/home/moveit/install/moveit_core:/home/moveit/install/moveit_resources_panda_moveit_config:/home/moveit/install/moveit_resources_fanuc_moveit_config:/home/moveit/install/moveit_resources_panda_description:/home/moveit/install/moveit_resources_fanuc_description:/home/moveit/install/moveit_msgs:/home/moveit/install/moveit_common:/opt/ros/humble LD_LIBRARY_PATH=/home/moveit/install/moveit_setup_framework/lib:/home/moveit/install/moveit_ros_visualization/lib:/home/moveit/install/moveit_ros_planning_interface/lib:/home/moveit/install/moveit_ros_move_group/lib:/home/moveit/install/moveit_ros_warehouse/lib:/home/moveit/install/moveit_ros_robot_interaction/lib:/home/moveit/install/moveit_kinematics/lib:/home/moveit/install/moveit_ros_planning/lib:/home/moveit/install/moveit_ros_occupancy_map_monitor/lib:/home/moveit/install/moveit_core/lib:/home/moveit/install/moveit_msgs/lib:${LD_LIBRARY_PATH} PATH=/home/moveit/install/moveit_core/bin:${PATH} PYTHONPATH=/home/moveit/install/moveit_msgs/local/lib/python3.10/dist-packages:/home/moveit/install/moveit_configs_utils/lib/python3.10/site-packages:${PYTHONPATH} /usr/bin/cmake /home/moveit/src/moveit2/moveit_setup_assistant/moveit_setup_controllers -DCMAKE_BUILD_TYPE=Release -DCMAKE_INSTALL_PREFIX=/home/moveit/install/moveit_setup_controllers
[0.101s] -- The CXX compiler identification is GNU 11.4.0
[0.107s] -- Detecting CXX compiler ABI info
[0.183s] -- Detecting CXX compiler ABI info - done
[0.188s] -- Check for working CXX compiler: /usr/bin/c++ - skipped
[0.188s] -- Detecting CXX compile features
[0.189s] -- Detecting CXX compile features - done
[0.192s] -- Found moveit_common: 2.9.0 (/home/moveit/install/moveit_common/share/moveit_common/cmake)
[0.197s] -- Found ament_cmake: 1.3.9 (/opt/ros/humble/share/ament_cmake/cmake)
[0.325s] -- Found Python3: /usr/bin/python3 (found version "3.10.12") found components: Interpreter 
[0.499s] -- Found libdw: /usr/lib/x86_64-linux-gnu/libdw.so  
[0.504s] -- Could NOT find libbfd (missing: LIBBFD_LIBRARY LIBBFD_INCLUDE_DIR) 
[0.504s] -- BACKWARD_HAS_UNWIND=1
[0.504s] -- BACKWARD_HAS_BACKTRACE=0
[0.504s] -- BACKWARD_HAS_BACKTRACE_SYMBOL=0
[0.504s] -- BACKWARD_HAS_DW=1
[0.504s] -- BACKWARD_HAS_BFD=0
[0.504s] -- Found Backward: /opt/ros/humble/share/backward_ros/cmake  
[0.509s] -- Found ament_cmake_ros: 0.10.0 (/opt/ros/humble/share/ament_cmake_ros/cmake)
[0.530s] -- Found ament_index_cpp: 1.4.0 (/opt/ros/humble/share/ament_index_cpp/cmake)
[0.531s] -- Found moveit_setup_framework: 2.9.0 (/home/moveit/install/moveit_setup_framework/share/moveit_setup_framework/cmake)
[0.605s] -- Found rosidl_generator_c: 3.1.5 (/opt/ros/humble/share/rosidl_generator_c/cmake)
[0.616s] -- Found rosidl_adapter: 3.1.5 (/opt/ros/humble/share/rosidl_adapter/cmake)
[0.630s] -- Found rosidl_generator_cpp: 3.1.5 (/opt/ros/humble/share/rosidl_generator_cpp/cmake)
[0.656s] -- Using all available rosidl_typesupport_c: rosidl_typesupport_fastrtps_c;rosidl_typesupport_introspection_c
[0.683s] -- Using all available rosidl_typesupport_cpp: rosidl_typesupport_fastrtps_cpp;rosidl_typesupport_introspection_cpp
[0.770s] -- Found rmw_implementation_cmake: 6.1.2 (/opt/ros/humble/share/rmw_implementation_cmake/cmake)
[0.776s] -- Found rmw_fastrtps_cpp: 6.2.6 (/opt/ros/humble/share/rmw_fastrtps_cpp/cmake)
[0.899s] -- Found OpenSSL: /usr/lib/x86_64-linux-gnu/libcrypto.so (found version "3.0.2")  
[0.928s] -- Found FastRTPS: /opt/ros/humble/include  
[0.982s] -- Using RMW implementation 'rmw_fastrtps_cpp' as default
[1.001s] -- Looking for C++ include pthread.h
[1.099s] -- Looking for C++ include pthread.h - found
[1.099s] -- Performing Test CMAKE_HAVE_LIBC_PTHREAD
[1.200s] -- Performing Test CMAKE_HAVE_LIBC_PTHREAD - Success
[1.201s] -- Found Threads: TRUE  
[1.432s] -- Found Boost: /usr/lib/x86_64-linux-gnu/cmake/Boost-1.74.0/BoostConfig.cmake (found version "1.74.0") found components: chrono date_time filesystem iostreams program_options regex serialization system thread 
[1.500s] -- Found parameter_traits: 0.3.8 (/opt/ros/humble/share/parameter_traits/cmake)
[1.523s] -- Found Eigen3: TRUE (found version "3.4.0") 
[1.529s] -- Found rclcpp_lifecycle: 16.0.9 (/opt/ros/humble/share/rclcpp_lifecycle/cmake)
[1.576s] -- Found Boost: /usr/lib/x86_64-linux-gnu/cmake/Boost-1.74.0/BoostConfig.cmake (found version "1.74.0") found components: filesystem 
[1.741s] -- library: /usr/lib/x86_64-linux-gnu/libcurl.so
[1.993s] -- Ensuring Eigen3 include directory is part of orocos-kdl CMake target
[2.953s] -- Found Boost: /usr/lib/x86_64-linux-gnu/cmake/Boost-1.74.0/BoostConfig.cmake (found version "1.74.0") found components: system filesystem date_time program_options thread chrono 
[3.350s] -- Found Boost: /usr/lib/x86_64-linux-gnu/cmake/Boost-1.74.0/BoostConfig.cmake (found version "1.74.0") found components: thread date_time system filesystem 
[3.423s] -- Found Boost: /usr/lib/x86_64-linux-gnu/cmake/Boost-1.74.0/BoostConfig.cmake (found version "1.74.0") found components: date_time filesystem program_options system thread 
[3.572s] -- Found Boost: /usr/lib/x86_64-linux-gnu/cmake/Boost-1.74.0/BoostConfig.cmake (found version "1.74.0") found components: thread system filesystem regex date_time program_options 
[3.755s] -- Found Boost: /usr/lib/x86_64-linux-gnu/cmake/Boost-1.74.0/BoostConfig.cmake (found version "1.74.0") found components: system filesystem date_time program_options thread 
[4.427s] -- Setting OGRE_DIR to: '/opt/ros/humble/share/rviz_ogre_vendor/cmake/../../../opt/rviz_ogre_vendor/lib/OGRE/cmake'
[4.427s] -- Found OGRE
[4.427s] --   static     : OFF
[4.428s] --   components : HLMS;MeshLodGenerator;Overlay;Paging;Property;RTShaderSystem;Terrain;Volume
[4.428s] --   plugins    : Plugin_BSPSceneManager;Plugin_OctreeSceneManager;Plugin_PCZSceneManager;Plugin_ParticleFX;RenderSystem_GL;RenderSystem_GL3Plus;Codec_STBI
[4.428s] --   media      : /opt/ros/humble/opt/rviz_ogre_vendor/share/OGRE/Media
[4.428s] -- OGRE_LIBRARIES: OgreHLMS;OgreMeshLodGenerator;OgreOverlay;OgrePaging;OgreProperty;OgreRTShaderSystem;OgreTerrain;OgreVolume;OgreMain
[4.428s] -- OGRE_LIBRARY_DIRS: /opt/ros/humble/opt/rviz_ogre_vendor/lib
[4.428s] -- OGRE_PLUGINS: Plugin_BSPSceneManager;Plugin_OctreeSceneManager;Plugin_PCZSceneManager;Plugin_ParticleFX;RenderSystem_GL;RenderSystem_GL3Plus;Codec_STBI
[4.428s] -- OGRE_PLUGIN_DIR: /opt/ros/humble/opt/rviz_ogre_vendor/lib/OGRE
[4.428s] -- rviz_ogre_vendor::OgreOverlay for IMPORTED_LOCATION_RELEASE: /opt/ros/humble/opt/rviz_ogre_vendor/lib/libOgreOverlay.so
[4.428s] -- rviz_ogre_vendor::OgreOverlay for IMPORTED_LOCATION_DEBUG: /opt/ros/humble/opt/rviz_ogre_vendor/lib/libOgreOverlay.so
[4.428s] -- rviz_ogre_vendor::OgreMain for IMPORTED_LOCATION_RELEASE: /opt/ros/humble/opt/rviz_ogre_vendor/lib/libOgreMain.so
[4.428s] -- rviz_ogre_vendor::OgreMain for IMPORTED_LOCATION_DEBUG: /opt/ros/humble/opt/rviz_ogre_vendor/lib/libOgreMain.so
[4.429s] -- Could not find freeimage library
[4.443s] -- Found ZLIB: /usr/lib/x86_64-linux-gnu/libz.so (found version "1.2.11") 
[4.447s] -- Found OpenGL: /usr/lib/x86_64-linux-gnu/libOpenGL.so   
[4.539s] -- Found X11: /usr/include   
[4.539s] -- Looking for XOpenDisplay in /usr/lib/x86_64-linux-gnu/libX11.so;/usr/lib/x86_64-linux-gnu/libXext.so
[4.637s] -- Looking for XOpenDisplay in /usr/lib/x86_64-linux-gnu/libX11.so;/usr/lib/x86_64-linux-gnu/libXext.so - found
[4.637s] -- Looking for gethostbyname
[4.730s] -- Looking for gethostbyname - found
[4.730s] -- Looking for connect
[4.824s] -- Looking for connect - found
[4.824s] -- Looking for remove
[4.918s] -- Looking for remove - found
[4.918s] -- Looking for shmat
[5.015s] -- Looking for shmat - found
[5.015s] -- Looking for IceConnectionNumber in ICE
[5.111s] -- Looking for IceConnectionNumber in ICE - found
[5.112s] -- rviz_ogre_vendor::RenderSystem_GL for IMPORTED_LOCATION_RELEASE: _render_system_gl_static_library_abs-NOTFOUND
[5.112s] -- rviz_ogre_vendor::RenderSystem_GL for IMPORTED_LOCATION_DEBUG: _render_system_gl_static_library_abs-NOTFOUND
[5.670s] -- Found ament_lint_auto: 0.12.11 (/opt/ros/humble/share/ament_lint_auto/cmake)
[5.730s] -- Found gtest sources under '/opt/ros/humble/src/gtest_vendor': C++ tests using 'Google Test' will be built
[5.767s] -- The C compiler identification is GNU 11.4.0
[5.774s] -- Detecting C compiler ABI info
[5.858s] -- Detecting C compiler ABI info - done
[5.863s] -- Check for working C compiler: /usr/bin/cc - skipped
[5.864s] -- Detecting C compile features
[5.864s] -- Detecting C compile features - done
[5.873s] -- Added test 'lint_cmake' to check CMake code style
[5.874s] -- Added test 'xmllint' to check XML markup files
[5.876s] -- Configuring done
[5.969s] -- Generating done
[5.972s] -- Build files have been written to: /home/moveit/build/moveit_setup_controllers
[5.985s] Invoked command in '/home/moveit/build/moveit_setup_controllers' returned '0': AMENT_PREFIX_PATH=/home/moveit/install/moveit_setup_framework:/home/moveit/install/moveit_ros_visualization:/home/moveit/install/moveit_ros_planning_interface:/home/moveit/install/moveit_ros_move_group:/home/moveit/install/moveit_ros_warehouse:/home/moveit/install/moveit_ros_robot_interaction:/home/moveit/install/moveit_kinematics:/home/moveit/install/moveit_ros_planning:/home/moveit/install/moveit_ros_occupancy_map_monitor:/home/moveit/install/moveit_core:/home/moveit/install/moveit_resources_panda_moveit_config:/home/moveit/install/moveit_resources_fanuc_moveit_config:/home/moveit/install/moveit_resources_panda_description:/home/moveit/install/moveit_resources_fanuc_description:/home/moveit/install/moveit_msgs:/home/moveit/install/moveit_configs_utils:/home/moveit/install/moveit_common:${AMENT_PREFIX_PATH} CMAKE_PREFIX_PATH=/home/moveit/install/moveit_setup_framework:/home/moveit/install/moveit_ros_visualization:/home/moveit/install/moveit_ros_planning_interface:/home/moveit/install/moveit_ros_move_group:/home/moveit/install/moveit_ros_warehouse:/home/moveit/install/moveit_ros_robot_interaction:/home/moveit/install/moveit_kinematics:/home/moveit/install/moveit_ros_planning:/home/moveit/install/moveit_ros_occupancy_map_monitor:/home/moveit/install/moveit_core:/home/moveit/install/moveit_resources_panda_moveit_config:/home/moveit/install/moveit_resources_fanuc_moveit_config:/home/moveit/install/moveit_resources_panda_description:/home/moveit/install/moveit_resources_fanuc_description:/home/moveit/install/moveit_msgs:/home/moveit/install/moveit_common:/opt/ros/humble LD_LIBRARY_PATH=/home/moveit/install/moveit_setup_framework/lib:/home/moveit/install/moveit_ros_visualization/lib:/home/moveit/install/moveit_ros_planning_interface/lib:/home/moveit/install/moveit_ros_move_group/lib:/home/moveit/install/moveit_ros_warehouse/lib:/home/moveit/install/moveit_ros_robot_interaction/lib:/home/moveit/install/moveit_kinematics/lib:/home/moveit/install/moveit_ros_planning/lib:/home/moveit/install/moveit_ros_occupancy_map_monitor/lib:/home/moveit/install/moveit_core/lib:/home/moveit/install/moveit_msgs/lib:${LD_LIBRARY_PATH} PATH=/home/moveit/install/moveit_core/bin:${PATH} PYTHONPATH=/home/moveit/install/moveit_msgs/local/lib/python3.10/dist-packages:/home/moveit/install/moveit_configs_utils/lib/python3.10/site-packages:${PYTHONPATH} /usr/bin/cmake /home/moveit/src/moveit2/moveit_setup_assistant/moveit_setup_controllers -DCMAKE_BUILD_TYPE=Release -DCMAKE_INSTALL_PREFIX=/home/moveit/install/moveit_setup_controllers
[5.988s] Invoking command in '/home/moveit/build/moveit_setup_controllers': AMENT_PREFIX_PATH=/home/moveit/install/moveit_setup_framework:/home/moveit/install/moveit_ros_visualization:/home/moveit/install/moveit_ros_planning_interface:/home/moveit/install/moveit_ros_move_group:/home/moveit/install/moveit_ros_warehouse:/home/moveit/install/moveit_ros_robot_interaction:/home/moveit/install/moveit_kinematics:/home/moveit/install/moveit_ros_planning:/home/moveit/install/moveit_ros_occupancy_map_monitor:/home/moveit/install/moveit_core:/home/moveit/install/moveit_resources_panda_moveit_config:/home/moveit/install/moveit_resources_fanuc_moveit_config:/home/moveit/install/moveit_resources_panda_description:/home/moveit/install/moveit_resources_fanuc_description:/home/moveit/install/moveit_msgs:/home/moveit/install/moveit_configs_utils:/home/moveit/install/moveit_common:${AMENT_PREFIX_PATH} CMAKE_PREFIX_PATH=/home/moveit/install/moveit_setup_framework:/home/moveit/install/moveit_ros_visualization:/home/moveit/install/moveit_ros_planning_interface:/home/moveit/install/moveit_ros_move_group:/home/moveit/install/moveit_ros_warehouse:/home/moveit/install/moveit_ros_robot_interaction:/home/moveit/install/moveit_kinematics:/home/moveit/install/moveit_ros_planning:/home/moveit/install/moveit_ros_occupancy_map_monitor:/home/moveit/install/moveit_core:/home/moveit/install/moveit_resources_panda_moveit_config:/home/moveit/install/moveit_resources_fanuc_moveit_config:/home/moveit/install/moveit_resources_panda_description:/home/moveit/install/moveit_resources_fanuc_description:/home/moveit/install/moveit_msgs:/home/moveit/install/moveit_common:/opt/ros/humble LD_LIBRARY_PATH=/home/moveit/install/moveit_setup_framework/lib:/home/moveit/install/moveit_ros_visualization/lib:/home/moveit/install/moveit_ros_planning_interface/lib:/home/moveit/install/moveit_ros_move_group/lib:/home/moveit/install/moveit_ros_warehouse/lib:/home/moveit/install/moveit_ros_robot_interaction/lib:/home/moveit/install/moveit_kinematics/lib:/home/moveit/install/moveit_ros_planning/lib:/home/moveit/install/moveit_ros_occupancy_map_monitor/lib:/home/moveit/install/moveit_core/lib:/home/moveit/install/moveit_msgs/lib:${LD_LIBRARY_PATH} PATH=/home/moveit/install/moveit_core/bin:${PATH} PYTHONPATH=/home/moveit/install/moveit_msgs/local/lib/python3.10/dist-packages:/home/moveit/install/moveit_configs_utils/lib/python3.10/site-packages:${PYTHONPATH} /usr/bin/cmake --build /home/moveit/build/moveit_setup_controllers -- -j16 -l16
[6.048s] [  9%] [34m[1mAutomatic MOC for target gtest_main[0m
[6.048s] [  9%] [34m[1mAutomatic MOC for target gtest[0m
[6.048s] [  9%] [34m[1mAutomatic MOC for target moveit_setup_controllers[0m
[6.077s] [  9%] Built target gtest_main_autogen
[6.078s] [  9%] Built target gtest_autogen
[6.079s] [  9%] Built target moveit_setup_controllers_autogen
[6.091s] [ 12%] [34m[1mGenerating include/moveit_setup_controllers/moc_urdf_modifications_widget.cpp[0m
[6.091s] [ 15%] [34m[1mGenerating include/moveit_setup_controllers/moc_controller_edit_widget.cpp[0m
[6.091s] [ 18%] [34m[1mGenerating include/moveit_setup_controllers/moc_controllers_widget.cpp[0m
[6.101s] [ 24%] [32mBuilding CXX object gtest/CMakeFiles/gtest_main.dir/gtest_main_autogen/mocs_compilation.cpp.o[0m
[6.101s] [ 24%] [32mBuilding CXX object gtest/CMakeFiles/gtest.dir/src/gtest-all.cc.o[0m
[6.101s] [ 27%] [32mBuilding CXX object gtest/CMakeFiles/gtest_main.dir/src/gtest_main.cc.o[0m
[6.101s] [ 30%] [32mBuilding CXX object gtest/CMakeFiles/gtest.dir/gtest_autogen/mocs_compilation.cpp.o[0m
[6.120s] [ 48%] [32mBuilding CXX object CMakeFiles/moveit_setup_controllers.dir/src/controllers_config.cpp.o[0m
[6.120s] [ 48%] [32mBuilding CXX object CMakeFiles/moveit_setup_controllers.dir/moveit_setup_controllers_autogen/mocs_compilation.cpp.o[0m
[6.120s] [ 48%] [32mBuilding CXX object CMakeFiles/moveit_setup_controllers.dir/src/controller_edit_widget.cpp.o[0m
[6.120s] [ 48%] [32mBuilding CXX object CMakeFiles/moveit_setup_controllers.dir/src/controllers_widget.cpp.o[0m
[6.120s] [ 48%] [32mBuilding CXX object CMakeFiles/moveit_setup_controllers.dir/src/control_xacro_config.cpp.o[0m
[6.120s] [ 51%] [32mBuilding CXX object CMakeFiles/moveit_setup_controllers.dir/src/moveit_controllers_widget.cpp.o[0m
[6.120s] [ 48%] [32mBuilding CXX object CMakeFiles/moveit_setup_controllers.dir/src/controllers.cpp.o[0m
[6.120s] [ 57%] [32mBuilding CXX object CMakeFiles/moveit_setup_controllers.dir/src/moveit_controllers_config.cpp.o[0m
[6.120s] [ 57%] [32mBuilding CXX object CMakeFiles/moveit_setup_controllers.dir/src/modified_urdf_config.cpp.o[0m
[6.120s] [ 60%] [32mBuilding CXX object CMakeFiles/moveit_setup_controllers.dir/src/ros2_controllers_config.cpp.o[0m
[6.121s] [ 63%] [32mBuilding CXX object CMakeFiles/moveit_setup_controllers.dir/src/ros2_controllers_widget.cpp.o[0m
[6.121s] [ 66%] [32mBuilding CXX object CMakeFiles/moveit_setup_controllers.dir/src/urdf_modifications.cpp.o[0m
[6.126s] [ 69%] [32mBuilding CXX object CMakeFiles/moveit_setup_controllers.dir/src/urdf_modifications_widget.cpp.o[0m
[6.127s] [ 72%] [32mBuilding CXX object CMakeFiles/moveit_setup_controllers.dir/include/moveit_setup_controllers/moc_controller_edit_widget.cpp.o[0m
[6.152s] [ 75%] [32mBuilding CXX object CMakeFiles/moveit_setup_controllers.dir/include/moveit_setup_controllers/moc_controllers_widget.cpp.o[0m
[7.299s] [ 78%] [32m[1mLinking CXX static library libgtest_main.a[0m
[7.362s] [ 78%] Built target gtest_main
[7.383s] [ 81%] [32mBuilding CXX object CMakeFiles/moveit_setup_controllers.dir/include/moveit_setup_controllers/moc_urdf_modifications_widget.cpp.o[0m
[16.744s] [ 84%] [32m[1mLinking CXX static library libgtest.a[0m
[16.830s] [ 84%] Built target gtest
[27.215s] [ 87%] [32m[1mLinking CXX shared library libmoveit_setup_controllers.so[0m
[27.588s] [ 87%] Built target moveit_setup_controllers
[27.610s] [ 90%] [34m[1mAutomatic MOC for target test_controllers[0m
[27.642s] [ 90%] Built target test_controllers_autogen
[27.665s] [ 96%] [32mBuilding CXX object CMakeFiles/test_controllers.dir/test_controllers_autogen/mocs_compilation.cpp.o[0m
[27.665s] [ 96%] [32mBuilding CXX object CMakeFiles/test_controllers.dir/test/test_controllers.cpp.o[0m
[38.136s] [100%] [32m[1mLinking CXX executable test_controllers[0m
[38.631s] [100%] Built target test_controllers
[38.643s] Invoked command in '/home/moveit/build/moveit_setup_controllers' returned '0': AMENT_PREFIX_PATH=/home/moveit/install/moveit_setup_framework:/home/moveit/install/moveit_ros_visualization:/home/moveit/install/moveit_ros_planning_interface:/home/moveit/install/moveit_ros_move_group:/home/moveit/install/moveit_ros_warehouse:/home/moveit/install/moveit_ros_robot_interaction:/home/moveit/install/moveit_kinematics:/home/moveit/install/moveit_ros_planning:/home/moveit/install/moveit_ros_occupancy_map_monitor:/home/moveit/install/moveit_core:/home/moveit/install/moveit_resources_panda_moveit_config:/home/moveit/install/moveit_resources_fanuc_moveit_config:/home/moveit/install/moveit_resources_panda_description:/home/moveit/install/moveit_resources_fanuc_description:/home/moveit/install/moveit_msgs:/home/moveit/install/moveit_configs_utils:/home/moveit/install/moveit_common:${AMENT_PREFIX_PATH} CMAKE_PREFIX_PATH=/home/moveit/install/moveit_setup_framework:/home/moveit/install/moveit_ros_visualization:/home/moveit/install/moveit_ros_planning_interface:/home/moveit/install/moveit_ros_move_group:/home/moveit/install/moveit_ros_warehouse:/home/moveit/install/moveit_ros_robot_interaction:/home/moveit/install/moveit_kinematics:/home/moveit/install/moveit_ros_planning:/home/moveit/install/moveit_ros_occupancy_map_monitor:/home/moveit/install/moveit_core:/home/moveit/install/moveit_resources_panda_moveit_config:/home/moveit/install/moveit_resources_fanuc_moveit_config:/home/moveit/install/moveit_resources_panda_description:/home/moveit/install/moveit_resources_fanuc_description:/home/moveit/install/moveit_msgs:/home/moveit/install/moveit_common:/opt/ros/humble LD_LIBRARY_PATH=/home/moveit/install/moveit_setup_framework/lib:/home/moveit/install/moveit_ros_visualization/lib:/home/moveit/install/moveit_ros_planning_interface/lib:/home/moveit/install/moveit_ros_move_group/lib:/home/moveit/install/moveit_ros_warehouse/lib:/home/moveit/install/moveit_ros_robot_interaction/lib:/home/moveit/install/moveit_kinematics/lib:/home/moveit/install/moveit_ros_planning/lib:/home/moveit/install/moveit_ros_occupancy_map_monitor/lib:/home/moveit/install/moveit_core/lib:/home/moveit/install/moveit_msgs/lib:${LD_LIBRARY_PATH} PATH=/home/moveit/install/moveit_core/bin:${PATH} PYTHONPATH=/home/moveit/install/moveit_msgs/local/lib/python3.10/dist-packages:/home/moveit/install/moveit_configs_utils/lib/python3.10/site-packages:${PYTHONPATH} /usr/bin/cmake --build /home/moveit/build/moveit_setup_controllers -- -j16 -l16
[38.713s] Invoking command in '/home/moveit/build/moveit_setup_controllers': AMENT_PREFIX_PATH=/home/moveit/install/moveit_setup_framework:/home/moveit/install/moveit_ros_visualization:/home/moveit/install/moveit_ros_planning_interface:/home/moveit/install/moveit_ros_move_group:/home/moveit/install/moveit_ros_warehouse:/home/moveit/install/moveit_ros_robot_interaction:/home/moveit/install/moveit_kinematics:/home/moveit/install/moveit_ros_planning:/home/moveit/install/moveit_ros_occupancy_map_monitor:/home/moveit/install/moveit_core:/home/moveit/install/moveit_resources_panda_moveit_config:/home/moveit/install/moveit_resources_fanuc_moveit_config:/home/moveit/install/moveit_resources_panda_description:/home/moveit/install/moveit_resources_fanuc_description:/home/moveit/install/moveit_msgs:/home/moveit/install/moveit_configs_utils:/home/moveit/install/moveit_common:${AMENT_PREFIX_PATH} CMAKE_PREFIX_PATH=/home/moveit/install/moveit_setup_framework:/home/moveit/install/moveit_ros_visualization:/home/moveit/install/moveit_ros_planning_interface:/home/moveit/install/moveit_ros_move_group:/home/moveit/install/moveit_ros_warehouse:/home/moveit/install/moveit_ros_robot_interaction:/home/moveit/install/moveit_kinematics:/home/moveit/install/moveit_ros_planning:/home/moveit/install/moveit_ros_occupancy_map_monitor:/home/moveit/install/moveit_core:/home/moveit/install/moveit_resources_panda_moveit_config:/home/moveit/install/moveit_resources_fanuc_moveit_config:/home/moveit/install/moveit_resources_panda_description:/home/moveit/install/moveit_resources_fanuc_description:/home/moveit/install/moveit_msgs:/home/moveit/install/moveit_common:/opt/ros/humble LD_LIBRARY_PATH=/home/moveit/install/moveit_setup_framework/lib:/home/moveit/install/moveit_ros_visualization/lib:/home/moveit/install/moveit_ros_planning_interface/lib:/home/moveit/install/moveit_ros_move_group/lib:/home/moveit/install/moveit_ros_warehouse/lib:/home/moveit/install/moveit_ros_robot_interaction/lib:/home/moveit/install/moveit_kinematics/lib:/home/moveit/install/moveit_ros_planning/lib:/home/moveit/install/moveit_ros_occupancy_map_monitor/lib:/home/moveit/install/moveit_core/lib:/home/moveit/install/moveit_msgs/lib:${LD_LIBRARY_PATH} PATH=/home/moveit/install/moveit_core/bin:${PATH} PYTHONPATH=/home/moveit/install/moveit_msgs/local/lib/python3.10/dist-packages:/home/moveit/install/moveit_configs_utils/lib/python3.10/site-packages:${PYTHONPATH} /usr/bin/cmake --install /home/moveit/build/moveit_setup_controllers
[38.721s] -- Install configuration: "Release"
[38.721s] -- Installing: /home/moveit/install/moveit_setup_controllers/share/moveit_setup_controllers/templates
[38.721s] -- Installing: /home/moveit/install/moveit_setup_controllers/share/moveit_setup_controllers/templates/config
[38.721s] -- Installing: /home/moveit/install/moveit_setup_controllers/share/moveit_setup_controllers/templates/config/modified.urdf.xacro
[38.722s] -- Installing: /home/moveit/install/moveit_setup_controllers/share/moveit_setup_controllers/templates/config/ros2_control.xacro
[38.722s] -- Installing: /home/moveit/install/moveit_setup_controllers/share/moveit_setup_controllers/templates/config/gazebo_controllers.yaml
[38.722s] -- Installing: /home/moveit/install/moveit_setup_controllers/lib/libmoveit_setup_controllers.so
[38.724s] -- Set runtime path of "/home/moveit/install/moveit_setup_controllers/lib/libmoveit_setup_controllers.so" to ""
[38.724s] -- Installing: /home/moveit/install/moveit_setup_controllers/share/moveit_setup_controllers/moveit_setup_framework_plugins.xml
[38.724s] -- Installing: /home/moveit/install/moveit_setup_controllers/include/moveit_setup_controllers
[38.724s] -- Installing: /home/moveit/install/moveit_setup_controllers/include/moveit_setup_controllers/moveit_setup_controllers
[38.724s] -- Installing: /home/moveit/install/moveit_setup_controllers/include/moveit_setup_controllers/moveit_setup_controllers/ros2_controllers_config.hpp
[38.724s] -- Installing: /home/moveit/install/moveit_setup_controllers/include/moveit_setup_controllers/moveit_setup_controllers/urdf_modifications_widget.hpp
[38.725s] -- Installing: /home/moveit/install/moveit_setup_controllers/include/moveit_setup_controllers/moveit_setup_controllers/moveit_controllers.hpp
[38.725s] -- Installing: /home/moveit/install/moveit_setup_controllers/include/moveit_setup_controllers/moveit_setup_controllers/included_xacro_config.hpp
[38.725s] -- Installing: /home/moveit/install/moveit_setup_controllers/include/moveit_setup_controllers/moveit_setup_controllers/ros2_controllers.hpp
[38.725s] -- Installing: /home/moveit/install/moveit_setup_controllers/include/moveit_setup_controllers/moveit_setup_controllers/moveit_controllers_config.hpp
[38.725s] -- Installing: /home/moveit/install/moveit_setup_controllers/include/moveit_setup_controllers/moveit_setup_controllers/controllers_config.hpp
[38.725s] -- Installing: /home/moveit/install/moveit_setup_controllers/include/moveit_setup_controllers/moveit_setup_controllers/controller_edit_widget.hpp
[38.725s] -- Installing: /home/moveit/install/moveit_setup_controllers/include/moveit_setup_controllers/moveit_setup_controllers/controllers_widget.hpp
[38.725s] -- Installing: /home/moveit/install/moveit_setup_controllers/include/moveit_setup_controllers/moveit_setup_controllers/controllers.hpp
[38.726s] -- Installing: /home/moveit/install/moveit_setup_controllers/include/moveit_setup_controllers/moveit_setup_controllers/modified_urdf_config.hpp
[38.726s] -- Installing: /home/moveit/install/moveit_setup_controllers/include/moveit_setup_controllers/moveit_setup_controllers/control_xacro_config.hpp
[38.726s] -- Installing: /home/moveit/install/moveit_setup_controllers/include/moveit_setup_controllers/moveit_setup_controllers/urdf_modifications.hpp
[38.726s] -- Installing: /home/moveit/install/moveit_setup_controllers/share/moveit_setup_controllers/launch
[38.726s] -- Installing: /home/moveit/install/moveit_setup_controllers/share/moveit_setup_controllers/launch/control.launch.py
[38.726s] -- Installing: /home/moveit/install/moveit_setup_controllers/share/moveit_setup_controllers/environment/library_path.sh
[38.727s] -- Installing: /home/moveit/install/moveit_setup_controllers/share/moveit_setup_controllers/environment/library_path.dsv
[38.727s] -- Up-to-date: /home/moveit/install/moveit_setup_controllers/share/moveit_setup_controllers/moveit_setup_framework_plugins.xml
[38.727s] -- Installing: /home/moveit/install/moveit_setup_controllers/share/ament_index/resource_index/package_run_dependencies/moveit_setup_controllers
[38.727s] -- Installing: /home/moveit/install/moveit_setup_controllers/share/ament_index/resource_index/parent_prefix_path/moveit_setup_controllers
[38.727s] -- Installing: /home/moveit/install/moveit_setup_controllers/share/moveit_setup_controllers/environment/ament_prefix_path.sh
[38.727s] -- Installing: /home/moveit/install/moveit_setup_controllers/share/moveit_setup_controllers/environment/ament_prefix_path.dsv
[38.728s] -- Installing: /home/moveit/install/moveit_setup_controllers/share/moveit_setup_controllers/environment/path.sh
[38.728s] -- Installing: /home/moveit/install/moveit_setup_controllers/share/moveit_setup_controllers/environment/path.dsv
[38.728s] -- Installing: /home/moveit/install/moveit_setup_controllers/share/moveit_setup_controllers/local_setup.bash
[38.728s] -- Installing: /home/moveit/install/moveit_setup_controllers/share/moveit_setup_controllers/local_setup.sh
[38.728s] -- Installing: /home/moveit/install/moveit_setup_controllers/share/moveit_setup_controllers/local_setup.zsh
[38.728s] -- Installing: /home/moveit/install/moveit_setup_controllers/share/moveit_setup_controllers/local_setup.dsv
[38.728s] -- Installing: /home/moveit/install/moveit_setup_controllers/share/moveit_setup_controllers/package.dsv
[38.729s] -- Installing: /home/moveit/install/moveit_setup_controllers/share/ament_index/resource_index/packages/moveit_setup_controllers
[38.729s] -- Installing: /home/moveit/install/moveit_setup_controllers/share/ament_index/resource_index/moveit_setup_framework__pluginlib__plugin/moveit_setup_controllers
[38.729s] -- Installing: /home/moveit/install/moveit_setup_controllers/share/moveit_setup_controllers/cmake/moveit_setup_controllersTargetsExport.cmake
[38.729s] -- Installing: /home/moveit/install/moveit_setup_controllers/share/moveit_setup_controllers/cmake/moveit_setup_controllersTargetsExport-release.cmake
[38.729s] -- Installing: /home/moveit/install/moveit_setup_controllers/share/moveit_setup_controllers/cmake/ament_cmake_export_targets-extras.cmake
[38.730s] -- Installing: /home/moveit/install/moveit_setup_controllers/share/moveit_setup_controllers/cmake/moveit_setup_controllersConfig.cmake
[38.730s] -- Installing: /home/moveit/install/moveit_setup_controllers/share/moveit_setup_controllers/cmake/moveit_setup_controllersConfig-version.cmake
[38.730s] -- Installing: /home/moveit/install/moveit_setup_controllers/share/moveit_setup_controllers/package.xml
[38.732s] Invoked command in '/home/moveit/build/moveit_setup_controllers' returned '0': AMENT_PREFIX_PATH=/home/moveit/install/moveit_setup_framework:/home/moveit/install/moveit_ros_visualization:/home/moveit/install/moveit_ros_planning_interface:/home/moveit/install/moveit_ros_move_group:/home/moveit/install/moveit_ros_warehouse:/home/moveit/install/moveit_ros_robot_interaction:/home/moveit/install/moveit_kinematics:/home/moveit/install/moveit_ros_planning:/home/moveit/install/moveit_ros_occupancy_map_monitor:/home/moveit/install/moveit_core:/home/moveit/install/moveit_resources_panda_moveit_config:/home/moveit/install/moveit_resources_fanuc_moveit_config:/home/moveit/install/moveit_resources_panda_description:/home/moveit/install/moveit_resources_fanuc_description:/home/moveit/install/moveit_msgs:/home/moveit/install/moveit_configs_utils:/home/moveit/install/moveit_common:${AMENT_PREFIX_PATH} CMAKE_PREFIX_PATH=/home/moveit/install/moveit_setup_framework:/home/moveit/install/moveit_ros_visualization:/home/moveit/install/moveit_ros_planning_interface:/home/moveit/install/moveit_ros_move_group:/home/moveit/install/moveit_ros_warehouse:/home/moveit/install/moveit_ros_robot_interaction:/home/moveit/install/moveit_kinematics:/home/moveit/install/moveit_ros_planning:/home/moveit/install/moveit_ros_occupancy_map_monitor:/home/moveit/install/moveit_core:/home/moveit/install/moveit_resources_panda_moveit_config:/home/moveit/install/moveit_resources_fanuc_moveit_config:/home/moveit/install/moveit_resources_panda_description:/home/moveit/install/moveit_resources_fanuc_description:/home/moveit/install/moveit_msgs:/home/moveit/install/moveit_common:/opt/ros/humble LD_LIBRARY_PATH=/home/moveit/install/moveit_setup_framework/lib:/home/moveit/install/moveit_ros_visualization/lib:/home/moveit/install/moveit_ros_planning_interface/lib:/home/moveit/install/moveit_ros_move_group/lib:/home/moveit/install/moveit_ros_warehouse/lib:/home/moveit/install/moveit_ros_robot_interaction/lib:/home/moveit/install/moveit_kinematics/lib:/home/moveit/install/moveit_ros_planning/lib:/home/moveit/install/moveit_ros_occupancy_map_monitor/lib:/home/moveit/install/moveit_core/lib:/home/moveit/install/moveit_msgs/lib:${LD_LIBRARY_PATH} PATH=/home/moveit/install/moveit_core/bin:${PATH} PYTHONPATH=/home/moveit/install/moveit_msgs/local/lib/python3.10/dist-packages:/home/moveit/install/moveit_configs_utils/lib/python3.10/site-packages:${PYTHONPATH} /usr/bin/cmake --install /home/moveit/build/moveit_setup_controllers
