[0.007s] Invoking command in '/home/kortex_ws/build/joint_limits': CMAKE_PREFIX_PATH=${CMAKE_PREFIX_PATH}:/opt/ros/humble /usr/bin/cmake /home/kortex_ws/src/ros2_control/joint_limits -DCMAKE_BUILD_TYPE=Release -DCMAKE_INSTALL_PREFIX=/home/kortex_ws/install/joint_limits
[0.058s] -- The C compiler identification is GNU 11.4.0
[0.107s] -- The CXX compiler identification is GNU 11.4.0
[0.113s] -- Detecting C compiler ABI info
[0.179s] -- Detecting C compiler ABI info - done
[0.188s] -- Check for working C compiler: /usr/bin/cc - skipped
[0.189s] -- Detecting C compile features
[0.189s] -- Detecting C compile features - done
[0.192s] -- Detecting CXX compiler ABI info
[0.268s] -- Detecting CXX compiler ABI info - done
[0.273s] -- Check for working CXX compiler: /usr/bin/c++ - skipped
[0.273s] -- Detecting CXX compile features
[0.274s] -- Detecting CXX compile features - done
[0.278s] -- Found ament_cmake: 1.3.8 (/opt/ros/humble/share/ament_cmake/cmake)
[0.398s] -- Found Python3: /usr/bin/python3 (found version "3.10.12") found components: Interpreter 
[0.485s] -- Found rclcpp: 16.0.8 (/opt/ros/humble/share/rclcpp/cmake)
[0.536s] -- Found rosidl_generator_c: 3.1.5 (/opt/ros/humble/share/rosidl_generator_c/cmake)
[0.544s] -- Found rosidl_adapter: 3.1.5 (/opt/ros/humble/share/rosidl_adapter/cmake)
[0.553s] -- Found rosidl_generator_cpp: 3.1.5 (/opt/ros/humble/share/rosidl_generator_cpp/cmake)
[0.568s] -- Using all available rosidl_typesupport_c: rosidl_typesupport_fastrtps_c;rosidl_typesupport_introspection_c
[0.590s] -- Using all available rosidl_typesupport_cpp: rosidl_typesupport_fastrtps_cpp;rosidl_typesupport_introspection_cpp
[0.659s] -- Found rmw_implementation_cmake: 6.1.1 (/opt/ros/humble/share/rmw_implementation_cmake/cmake)
[0.663s] -- Found rmw_cyclonedds_cpp: 1.3.4 (/opt/ros/humble/share/rmw_cyclonedds_cpp/cmake)
[0.696s] -- Using RMW implementation 'rmw_cyclonedds_cpp' as default
[0.709s] -- Looking for pthread.h
[0.776s] -- Looking for pthread.h - found
[0.776s] -- Performing Test CMAKE_HAVE_LIBC_PTHREAD
[0.842s] -- Performing Test CMAKE_HAVE_LIBC_PTHREAD - Success
[0.843s] -- Found Threads: TRUE  
[0.977s] -- Found rclcpp_lifecycle: 16.0.8 (/opt/ros/humble/share/rclcpp_lifecycle/cmake)
[1.019s] -- Found ament_cmake_gtest: 1.3.8 (/opt/ros/humble/share/ament_cmake_gtest/cmake)
[1.029s] -- Found launch_testing_ament_cmake: 1.0.5 (/opt/ros/humble/share/launch_testing_ament_cmake/cmake)
[1.032s] -- Found python_cmake_module: 0.10.0 (/opt/ros/humble/share/python_cmake_module/cmake)
[1.050s] -- Found PythonInterp: /usr/bin/python3 (found suitable version "3.10.12", minimum required is "3.6") 
[1.054s] -- Found PythonLibs: /usr/lib/x86_64-linux-gnu/libpython3.10.so (found suitable version "3.10.12", minimum required is "3.5") 
[1.055s] -- Using PYTHON_EXECUTABLE: /usr/bin/python3
[1.055s] -- Using PYTHON_INCLUDE_DIRS: /usr/include/python3.10
[1.055s] -- Using PYTHON_LIBRARIES: /usr/lib/x86_64-linux-gnu/libpython3.10.so
[1.073s] -- Found PythonExtra: .so  
[1.077s] -- Found gtest sources under '/opt/ros/humble/src/gtest_vendor': C++ tests using 'Google Test' will be built
[1.135s] -- Configuring done
[1.146s] -- Generating done
[1.148s] -- Build files have been written to: /home/kortex_ws/build/joint_limits
[1.156s] Invoked command in '/home/kortex_ws/build/joint_limits' returned '0': CMAKE_PREFIX_PATH=${CMAKE_PREFIX_PATH}:/opt/ros/humble /usr/bin/cmake /home/kortex_ws/src/ros2_control/joint_limits -DCMAKE_BUILD_TYPE=Release -DCMAKE_INSTALL_PREFIX=/home/kortex_ws/install/joint_limits
[1.158s] Invoking command in '/home/kortex_ws/build/joint_limits': CMAKE_PREFIX_PATH=${CMAKE_PREFIX_PATH}:/opt/ros/humble /usr/bin/cmake --build /home/kortex_ws/build/joint_limits -- -j16 -l16
[1.208s] [ 33%] [32mBuilding CXX object gtest/CMakeFiles/gtest_main.dir/src/gtest_main.cc.o[0m
[1.209s] [ 33%] [32mBuilding CXX object gtest/CMakeFiles/gtest.dir/src/gtest-all.cc.o[0m
[1.749s] [ 50%] [32m[1mLinking CXX static library libgtest_main.a[0m
[1.819s] [ 50%] Built target gtest_main
[10.002s] [ 66%] [32m[1mLinking CXX static library libgtest.a[0m
[10.152s] [ 66%] Built target gtest
[10.213s] [ 83%] [32mBuilding CXX object CMakeFiles/joint_limits_rosparam_test.dir/test/joint_limits_rosparam_test.cpp.o[0m
[18.900s] [100%] [32m[1mLinking CXX executable joint_limits_rosparam_test[0m
[19.035s] [100%] Built target joint_limits_rosparam_test
[19.048s] Invoked command in '/home/kortex_ws/build/joint_limits' returned '0': CMAKE_PREFIX_PATH=${CMAKE_PREFIX_PATH}:/opt/ros/humble /usr/bin/cmake --build /home/kortex_ws/build/joint_limits -- -j16 -l16
[19.078s] Invoking command in '/home/kortex_ws/build/joint_limits': CMAKE_PREFIX_PATH=${CMAKE_PREFIX_PATH}:/opt/ros/humble /usr/bin/cmake --install /home/kortex_ws/build/joint_limits
[19.086s] -- Install configuration: "Release"
[19.086s] -- Installing: /home/kortex_ws/install/joint_limits/include
[19.086s] -- Installing: /home/kortex_ws/install/joint_limits/include/joint_limits
[19.086s] -- Installing: /home/kortex_ws/install/joint_limits/include/joint_limits/joint_limits_rosparam.hpp
[19.086s] -- Installing: /home/kortex_ws/install/joint_limits/include/joint_limits/joint_limits.hpp
[19.086s] -- Installing: /home/kortex_ws/install/joint_limits/lib/joint_limits/joint_limits_rosparam_test
[19.087s] -- Set runtime path of "/home/kortex_ws/install/joint_limits/lib/joint_limits/joint_limits_rosparam_test" to ""
[19.088s] -- Installing: /home/kortex_ws/install/joint_limits/share/joint_limits/test/joint_limits_rosparam.yaml
[19.088s] -- Installing: /home/kortex_ws/install/joint_limits/share/ament_index/resource_index/package_run_dependencies/joint_limits
[19.088s] -- Installing: /home/kortex_ws/install/joint_limits/share/ament_index/resource_index/parent_prefix_path/joint_limits
[19.088s] -- Installing: /home/kortex_ws/install/joint_limits/share/joint_limits/environment/ament_prefix_path.sh
[19.088s] -- Installing: /home/kortex_ws/install/joint_limits/share/joint_limits/environment/ament_prefix_path.dsv
[19.089s] -- Installing: /home/kortex_ws/install/joint_limits/share/joint_limits/environment/path.sh
[19.089s] -- Installing: /home/kortex_ws/install/joint_limits/share/joint_limits/environment/path.dsv
[19.089s] -- Installing: /home/kortex_ws/install/joint_limits/share/joint_limits/local_setup.bash
[19.089s] -- Installing: /home/kortex_ws/install/joint_limits/share/joint_limits/local_setup.sh
[19.089s] -- Installing: /home/kortex_ws/install/joint_limits/share/joint_limits/local_setup.zsh
[19.089s] -- Installing: /home/kortex_ws/install/joint_limits/share/joint_limits/local_setup.dsv
[19.089s] -- Installing: /home/kortex_ws/install/joint_limits/share/joint_limits/package.dsv
[19.090s] -- Installing: /home/kortex_ws/install/joint_limits/share/ament_index/resource_index/packages/joint_limits
[19.090s] -- Installing: /home/kortex_ws/install/joint_limits/share/joint_limits/cmake/ament_cmake_export_dependencies-extras.cmake
[19.090s] -- Installing: /home/kortex_ws/install/joint_limits/share/joint_limits/cmake/ament_cmake_export_include_directories-extras.cmake
[19.090s] -- Installing: /home/kortex_ws/install/joint_limits/share/joint_limits/cmake/joint_limitsConfig.cmake
[19.090s] -- Installing: /home/kortex_ws/install/joint_limits/share/joint_limits/cmake/joint_limitsConfig-version.cmake
[19.091s] -- Installing: /home/kortex_ws/install/joint_limits/share/joint_limits/package.xml
[19.093s] Invoked command in '/home/kortex_ws/build/joint_limits' returned '0': CMAKE_PREFIX_PATH=${CMAKE_PREFIX_PATH}:/opt/ros/humble /usr/bin/cmake --install /home/kortex_ws/build/joint_limits
