[0.856s] Invoking command in '/home/ros2_ws/src/attempt_py_moveit': PYTHONPATH=/home/ros2_ws/build/attempt_py_moveit/prefix_override:/home/ros2_ws/install/attempt_py_moveit/lib/python3.10/site-packages:${PYTHONPATH} /usr/bin/python3 setup.py egg_info --egg-base ../../build/attempt_py_moveit build --build-base /home/ros2_ws/build/attempt_py_moveit/build install --record /home/ros2_ws/build/attempt_py_moveit/install.log --single-version-externally-managed
[1.037s] running egg_info
[1.037s] creating ../../build/attempt_py_moveit/attempt_py_moveit.egg-info
[1.038s] writing ../../build/attempt_py_moveit/attempt_py_moveit.egg-info/PKG-INFO
[1.038s] writing dependency_links to ../../build/attempt_py_moveit/attempt_py_moveit.egg-info/dependency_links.txt
[1.038s] writing entry points to ../../build/attempt_py_moveit/attempt_py_moveit.egg-info/entry_points.txt
[1.038s] writing requirements to ../../build/attempt_py_moveit/attempt_py_moveit.egg-info/requires.txt
[1.038s] writing top-level names to ../../build/attempt_py_moveit/attempt_py_moveit.egg-info/top_level.txt
[1.038s] writing manifest file '../../build/attempt_py_moveit/attempt_py_moveit.egg-info/SOURCES.txt'
[1.039s] reading manifest file '../../build/attempt_py_moveit/attempt_py_moveit.egg-info/SOURCES.txt'
[1.039s] writing manifest file '../../build/attempt_py_moveit/attempt_py_moveit.egg-info/SOURCES.txt'
[1.040s] running build
[1.040s] running build_py
[1.040s] creating /home/ros2_ws/build/attempt_py_moveit/build
[1.041s] creating /home/ros2_ws/build/attempt_py_moveit/build/lib
[1.041s] creating /home/ros2_ws/build/attempt_py_moveit/build/lib/attempt_py_moveit
[1.041s] copying attempt_py_moveit/attempt_motion_planning.py -> /home/ros2_ws/build/attempt_py_moveit/build/lib/attempt_py_moveit
[1.041s] copying attempt_py_moveit/__init__.py -> /home/ros2_ws/build/attempt_py_moveit/build/lib/attempt_py_moveit
[1.041s] running install
[1.041s] running install_lib
[1.041s] creating /home/ros2_ws/install/attempt_py_moveit/lib/python3.10/site-packages/attempt_py_moveit
[1.041s] copying /home/ros2_ws/build/attempt_py_moveit/build/lib/attempt_py_moveit/attempt_motion_planning.py -> /home/ros2_ws/install/attempt_py_moveit/lib/python3.10/site-packages/attempt_py_moveit
[1.041s] copying /home/ros2_ws/build/attempt_py_moveit/build/lib/attempt_py_moveit/__init__.py -> /home/ros2_ws/install/attempt_py_moveit/lib/python3.10/site-packages/attempt_py_moveit
[1.041s] byte-compiling /home/ros2_ws/install/attempt_py_moveit/lib/python3.10/site-packages/attempt_py_moveit/attempt_motion_planning.py to attempt_motion_planning.cpython-310.pyc
[1.042s] byte-compiling /home/ros2_ws/install/attempt_py_moveit/lib/python3.10/site-packages/attempt_py_moveit/__init__.py to __init__.cpython-310.pyc
[1.042s] running install_data
[1.042s] creating /home/ros2_ws/install/attempt_py_moveit/share/ament_index
[1.042s] creating /home/ros2_ws/install/attempt_py_moveit/share/ament_index/resource_index
[1.043s] creating /home/ros2_ws/install/attempt_py_moveit/share/ament_index/resource_index/packages
[1.043s] copying resource/attempt_py_moveit -> /home/ros2_ws/install/attempt_py_moveit/share/ament_index/resource_index/packages
[1.043s] copying package.xml -> /home/ros2_ws/install/attempt_py_moveit/share/attempt_py_moveit
[1.043s] creating /home/ros2_ws/install/attempt_py_moveit/share/attempt_py_moveit/launch
[1.043s] copying launch/tutorial.launch.py -> /home/ros2_ws/install/attempt_py_moveit/share/attempt_py_moveit/launch
[1.043s] creating /home/ros2_ws/install/attempt_py_moveit/share/attempt_py_moveit/config
[1.043s] copying config/moveit_py_params.yaml -> /home/ros2_ws/install/attempt_py_moveit/share/attempt_py_moveit/config
[1.043s] running install_egg_info
[1.044s] Copying ../../build/attempt_py_moveit/attempt_py_moveit.egg-info to /home/ros2_ws/install/attempt_py_moveit/lib/python3.10/site-packages/attempt_py_moveit-0.0.0-py3.10.egg-info
[1.045s] running install_scripts
[1.059s] Installing attempt_motion_planning script to /home/ros2_ws/install/attempt_py_moveit/lib/attempt_py_moveit
[1.060s] writing list of installed files to '/home/ros2_ws/build/attempt_py_moveit/install.log'
[1.082s] Invoked command in '/home/ros2_ws/src/attempt_py_moveit' returned '0': PYTHONPATH=/home/ros2_ws/build/attempt_py_moveit/prefix_override:/home/ros2_ws/install/attempt_py_moveit/lib/python3.10/site-packages:${PYTHONPATH} /usr/bin/python3 setup.py egg_info --egg-base ../../build/attempt_py_moveit build --build-base /home/ros2_ws/build/attempt_py_moveit/build install --record /home/ros2_ws/build/attempt_py_moveit/install.log --single-version-externally-managed
