[0.098s] DEBUG:colcon:Command line arguments: ['/usr/bin/colcon', 'build']
[0.098s] DEBUG:colcon:Parsed command line arguments: Namespace(log_base=None, log_level=None, verb_name='build', build_base='build', install_base='install', merge_install=False, symlink_install=False, test_result_base=None, continue_on_error=False, executor='parallel', parallel_workers=16, event_handlers=None, ignore_user_meta=False, metas=['./colcon.meta'], base_paths=['.'], packages_ignore=None, packages_ignore_regex=None, paths=None, packages_up_to=None, packages_up_to_regex=None, packages_above=None, packages_above_and_dependencies=None, packages_above_depth=None, packages_select_by_dep=None, packages_skip_by_dep=None, packages_skip_up_to=None, packages_select_build_failed=False, packages_skip_build_finished=False, packages_select_test_failures=False, packages_skip_test_passed=False, packages_select=None, packages_skip=None, packages_select_regex=None, packages_skip_regex=None, packages_start=None, packages_end=None, cmake_args=None, cmake_target=None, cmake_target_skip_unavailable=False, cmake_clean_cache=False, cmake_clean_first=False, cmake_force_configure=False, ament_cmake_args=None, catkin_cmake_args=None, catkin_skip_building_tests=False, mixin_files=None, mixin=None, verb_parser=<colcon_mixin.mixin.mixin_argument.MixinArgumentDecorator object at 0x75024c156740>, verb_extension=<colcon_core.verb.build.BuildVerb object at 0x75024c2aaf20>, main=<bound method BuildVerb.main of <colcon_core.verb.build.BuildVerb object at 0x75024c2aaf20>>, mixin_verb=('build',))
[0.205s] Level 1:colcon.colcon_core.package_discovery:discover_packages(colcon_meta) check parameters
[0.206s] INFO:colcon.colcon_metadata.package_discovery.colcon_meta:Using configuration from '/root/.colcon/metadata/default/Gazebo.meta'
[0.206s] INFO:colcon.colcon_metadata.package_discovery.colcon_meta:Using configuration from '/root/.colcon/metadata/default/fastrtps.meta'
[0.206s] Level 1:colcon.colcon_core.package_discovery:discover_packages(recursive) check parameters
[0.206s] Level 1:colcon.colcon_core.package_discovery:discover_packages(ignore) check parameters
[0.206s] Level 1:colcon.colcon_core.package_discovery:discover_packages(path) check parameters
[0.206s] Level 1:colcon.colcon_core.package_discovery:discover_packages(colcon_meta) discover
[0.206s] Level 1:colcon.colcon_core.package_discovery:discover_packages(recursive) discover
[0.206s] INFO:colcon.colcon_core.package_discovery:Crawling recursively for packages in '/home/humble_ws'
[0.206s] Level 1:colcon.colcon_core.package_identification:_identify(.) by extensions ['ignore', 'ignore_ament_install']
[0.206s] Level 1:colcon.colcon_core.package_identification:_identify(.) by extension 'ignore'
[0.207s] Level 1:colcon.colcon_core.package_identification:_identify(.) by extension 'ignore_ament_install'
[0.207s] Level 1:colcon.colcon_core.package_identification:_identify(.) by extensions ['colcon_pkg']
[0.207s] Level 1:colcon.colcon_core.package_identification:_identify(.) by extension 'colcon_pkg'
[0.207s] Level 1:colcon.colcon_core.package_identification:_identify(.) by extensions ['colcon_meta']
[0.207s] Level 1:colcon.colcon_core.package_identification:_identify(.) by extension 'colcon_meta'
[0.207s] Level 1:colcon.colcon_core.package_identification:_identify(.) by extensions ['ros']
[0.207s] Level 1:colcon.colcon_core.package_identification:_identify(.) by extension 'ros'
[0.218s] Level 1:colcon.colcon_core.package_identification:_identify(.) by extensions ['cmake', 'python']
[0.218s] Level 1:colcon.colcon_core.package_identification:_identify(.) by extension 'cmake'
[0.218s] Level 1:colcon.colcon_core.package_identification:_identify(.) by extension 'python'
[0.218s] Level 1:colcon.colcon_core.package_identification:_identify(.) by extensions ['python_setup_py']
[0.218s] Level 1:colcon.colcon_core.package_identification:_identify(.) by extension 'python_setup_py'
[0.218s] Level 1:colcon.colcon_core.package_identification:_identify(build) by extensions ['ignore', 'ignore_ament_install']
[0.218s] Level 1:colcon.colcon_core.package_identification:_identify(build) by extension 'ignore'
[0.218s] Level 1:colcon.colcon_core.package_identification:_identify(build) ignored
[0.218s] Level 1:colcon.colcon_core.package_identification:_identify(install) by extensions ['ignore', 'ignore_ament_install']
[0.218s] Level 1:colcon.colcon_core.package_identification:_identify(install) by extension 'ignore'
[0.218s] Level 1:colcon.colcon_core.package_identification:_identify(install) ignored
[0.218s] Level 1:colcon.colcon_core.package_identification:_identify(log) by extensions ['ignore', 'ignore_ament_install']
[0.218s] Level 1:colcon.colcon_core.package_identification:_identify(log) by extension 'ignore'
[0.218s] Level 1:colcon.colcon_core.package_identification:_identify(log) ignored
[0.218s] Level 1:colcon.colcon_core.package_identification:_identify(src) by extensions ['ignore', 'ignore_ament_install']
[0.219s] Level 1:colcon.colcon_core.package_identification:_identify(src) by extension 'ignore'
[0.219s] Level 1:colcon.colcon_core.package_identification:_identify(src) by extension 'ignore_ament_install'
[0.219s] Level 1:colcon.colcon_core.package_identification:_identify(src) by extensions ['colcon_pkg']
[0.219s] Level 1:colcon.colcon_core.package_identification:_identify(src) by extension 'colcon_pkg'
[0.219s] Level 1:colcon.colcon_core.package_identification:_identify(src) by extensions ['colcon_meta']
[0.219s] Level 1:colcon.colcon_core.package_identification:_identify(src) by extension 'colcon_meta'
[0.219s] Level 1:colcon.colcon_core.package_identification:_identify(src) by extensions ['ros']
[0.219s] Level 1:colcon.colcon_core.package_identification:_identify(src) by extension 'ros'
[0.219s] Level 1:colcon.colcon_core.package_identification:_identify(src) by extensions ['cmake', 'python']
[0.219s] Level 1:colcon.colcon_core.package_identification:_identify(src) by extension 'cmake'
[0.219s] Level 1:colcon.colcon_core.package_identification:_identify(src) by extension 'python'
[0.219s] Level 1:colcon.colcon_core.package_identification:_identify(src) by extensions ['python_setup_py']
[0.219s] Level 1:colcon.colcon_core.package_identification:_identify(src) by extension 'python_setup_py'
[0.219s] Level 1:colcon.colcon_core.package_identification:_identify(src/__pycache__) by extensions ['ignore', 'ignore_ament_install']
[0.219s] Level 1:colcon.colcon_core.package_identification:_identify(src/__pycache__) by extension 'ignore'
[0.219s] Level 1:colcon.colcon_core.package_identification:_identify(src/__pycache__) by extension 'ignore_ament_install'
[0.219s] Level 1:colcon.colcon_core.package_identification:_identify(src/__pycache__) by extensions ['colcon_pkg']
[0.219s] Level 1:colcon.colcon_core.package_identification:_identify(src/__pycache__) by extension 'colcon_pkg'
[0.219s] Level 1:colcon.colcon_core.package_identification:_identify(src/__pycache__) by extensions ['colcon_meta']
[0.219s] Level 1:colcon.colcon_core.package_identification:_identify(src/__pycache__) by extension 'colcon_meta'
[0.219s] Level 1:colcon.colcon_core.package_identification:_identify(src/__pycache__) by extensions ['ros']
[0.220s] Level 1:colcon.colcon_core.package_identification:_identify(src/__pycache__) by extension 'ros'
[0.220s] Level 1:colcon.colcon_core.package_identification:_identify(src/__pycache__) by extensions ['cmake', 'python']
[0.220s] Level 1:colcon.colcon_core.package_identification:_identify(src/__pycache__) by extension 'cmake'
[0.220s] Level 1:colcon.colcon_core.package_identification:_identify(src/__pycache__) by extension 'python'
[0.220s] Level 1:colcon.colcon_core.package_identification:_identify(src/__pycache__) by extensions ['python_setup_py']
[0.220s] Level 1:colcon.colcon_core.package_identification:_identify(src/__pycache__) by extension 'python_setup_py'
[0.220s] Level 1:colcon.colcon_core.package_identification:_identify(src/antworker_description) by extensions ['ignore', 'ignore_ament_install']
[0.220s] Level 1:colcon.colcon_core.package_identification:_identify(src/antworker_description) by extension 'ignore'
[0.220s] Level 1:colcon.colcon_core.package_identification:_identify(src/antworker_description) by extension 'ignore_ament_install'
[0.220s] Level 1:colcon.colcon_core.package_identification:_identify(src/antworker_description) by extensions ['colcon_pkg']
[0.220s] Level 1:colcon.colcon_core.package_identification:_identify(src/antworker_description) by extension 'colcon_pkg'
[0.220s] Level 1:colcon.colcon_core.package_identification:_identify(src/antworker_description) by extensions ['colcon_meta']
[0.220s] Level 1:colcon.colcon_core.package_identification:_identify(src/antworker_description) by extension 'colcon_meta'
[0.220s] Level 1:colcon.colcon_core.package_identification:_identify(src/antworker_description) by extensions ['ros']
[0.220s] Level 1:colcon.colcon_core.package_identification:_identify(src/antworker_description) by extension 'ros'
[0.222s] DEBUG:colcon.colcon_core.package_identification:Package 'src/antworker_description' with type 'ros.ament_python' and name 'antworker_description'
[0.222s] Level 1:colcon.colcon_core.package_identification:_identify(src/antworker_isaacsim_world) by extensions ['ignore', 'ignore_ament_install']
[0.222s] Level 1:colcon.colcon_core.package_identification:_identify(src/antworker_isaacsim_world) by extension 'ignore'
[0.222s] Level 1:colcon.colcon_core.package_identification:_identify(src/antworker_isaacsim_world) by extension 'ignore_ament_install'
[0.222s] Level 1:colcon.colcon_core.package_identification:_identify(src/antworker_isaacsim_world) by extensions ['colcon_pkg']
[0.222s] Level 1:colcon.colcon_core.package_identification:_identify(src/antworker_isaacsim_world) by extension 'colcon_pkg'
[0.222s] Level 1:colcon.colcon_core.package_identification:_identify(src/antworker_isaacsim_world) by extensions ['colcon_meta']
[0.223s] Level 1:colcon.colcon_core.package_identification:_identify(src/antworker_isaacsim_world) by extension 'colcon_meta'
[0.223s] Level 1:colcon.colcon_core.package_identification:_identify(src/antworker_isaacsim_world) by extensions ['ros']
[0.223s] Level 1:colcon.colcon_core.package_identification:_identify(src/antworker_isaacsim_world) by extension 'ros'
[0.223s] DEBUG:colcon.colcon_core.package_identification:Package 'src/antworker_isaacsim_world' with type 'ros.ament_python' and name 'antworker_isaacsim_world'
[0.223s] Level 1:colcon.colcon_core.package_identification:_identify(src/antworker_moveit_bringup) by extensions ['ignore', 'ignore_ament_install']
[0.223s] Level 1:colcon.colcon_core.package_identification:_identify(src/antworker_moveit_bringup) by extension 'ignore'
[0.223s] Level 1:colcon.colcon_core.package_identification:_identify(src/antworker_moveit_bringup) by extension 'ignore_ament_install'
[0.223s] Level 1:colcon.colcon_core.package_identification:_identify(src/antworker_moveit_bringup) by extensions ['colcon_pkg']
[0.223s] Level 1:colcon.colcon_core.package_identification:_identify(src/antworker_moveit_bringup) by extension 'colcon_pkg'
[0.223s] Level 1:colcon.colcon_core.package_identification:_identify(src/antworker_moveit_bringup) by extensions ['colcon_meta']
[0.223s] Level 1:colcon.colcon_core.package_identification:_identify(src/antworker_moveit_bringup) by extension 'colcon_meta'
[0.223s] Level 1:colcon.colcon_core.package_identification:_identify(src/antworker_moveit_bringup) by extensions ['ros']
[0.223s] Level 1:colcon.colcon_core.package_identification:_identify(src/antworker_moveit_bringup) by extension 'ros'
[0.224s] DEBUG:colcon.colcon_core.package_identification:Package 'src/antworker_moveit_bringup' with type 'ros.ament_python' and name 'antworker_moveit_bringup'
[0.224s] Level 1:colcon.colcon_core.package_identification:_identify(src/antworker_moveit_description) by extensions ['ignore', 'ignore_ament_install']
[0.224s] Level 1:colcon.colcon_core.package_identification:_identify(src/antworker_moveit_description) by extension 'ignore'
[0.224s] Level 1:colcon.colcon_core.package_identification:_identify(src/antworker_moveit_description) by extension 'ignore_ament_install'
[0.224s] Level 1:colcon.colcon_core.package_identification:_identify(src/antworker_moveit_description) by extensions ['colcon_pkg']
[0.224s] Level 1:colcon.colcon_core.package_identification:_identify(src/antworker_moveit_description) by extension 'colcon_pkg'
[0.224s] Level 1:colcon.colcon_core.package_identification:_identify(src/antworker_moveit_description) by extensions ['colcon_meta']
[0.224s] Level 1:colcon.colcon_core.package_identification:_identify(src/antworker_moveit_description) by extension 'colcon_meta'
[0.224s] Level 1:colcon.colcon_core.package_identification:_identify(src/antworker_moveit_description) by extensions ['ros']
[0.224s] Level 1:colcon.colcon_core.package_identification:_identify(src/antworker_moveit_description) by extension 'ros'
[0.225s] DEBUG:colcon.colcon_core.package_identification:Package 'src/antworker_moveit_description' with type 'ros.ament_cmake' and name 'antworker_moveit_description'
[0.225s] Level 1:colcon.colcon_core.package_identification:_identify(src/antworker_navigation) by extensions ['ignore', 'ignore_ament_install']
[0.225s] Level 1:colcon.colcon_core.package_identification:_identify(src/antworker_navigation) by extension 'ignore'
[0.225s] Level 1:colcon.colcon_core.package_identification:_identify(src/antworker_navigation) by extension 'ignore_ament_install'
[0.225s] Level 1:colcon.colcon_core.package_identification:_identify(src/antworker_navigation) by extensions ['colcon_pkg']
[0.225s] Level 1:colcon.colcon_core.package_identification:_identify(src/antworker_navigation) by extension 'colcon_pkg'
[0.225s] Level 1:colcon.colcon_core.package_identification:_identify(src/antworker_navigation) by extensions ['colcon_meta']
[0.225s] Level 1:colcon.colcon_core.package_identification:_identify(src/antworker_navigation) by extension 'colcon_meta'
[0.225s] Level 1:colcon.colcon_core.package_identification:_identify(src/antworker_navigation) by extensions ['ros']
[0.225s] Level 1:colcon.colcon_core.package_identification:_identify(src/antworker_navigation) by extension 'ros'
[0.226s] DEBUG:colcon.colcon_core.package_identification:Package 'src/antworker_navigation' with type 'ros.ament_python' and name 'antworker_navigation'
[0.226s] Level 1:colcon.colcon_core.package_discovery:discover_packages(recursive) using defaults
[0.226s] Level 1:colcon.colcon_core.package_discovery:discover_packages(ignore) discover
[0.226s] Level 1:colcon.colcon_core.package_discovery:discover_packages(ignore) using defaults
[0.226s] Level 1:colcon.colcon_core.package_discovery:discover_packages(path) discover
[0.226s] Level 1:colcon.colcon_core.package_discovery:discover_packages(path) using defaults
[0.243s] Level 5:colcon.colcon_core.verb:set package 'antworker_description' build argument 'cmake_args' from command line to 'None'
[0.244s] Level 5:colcon.colcon_core.verb:set package 'antworker_description' build argument 'cmake_target' from command line to 'None'
[0.244s] Level 5:colcon.colcon_core.verb:set package 'antworker_description' build argument 'cmake_target_skip_unavailable' from command line to 'False'
[0.244s] Level 5:colcon.colcon_core.verb:set package 'antworker_description' build argument 'cmake_clean_cache' from command line to 'False'
[0.244s] Level 5:colcon.colcon_core.verb:set package 'antworker_description' build argument 'cmake_clean_first' from command line to 'False'
[0.244s] Level 5:colcon.colcon_core.verb:set package 'antworker_description' build argument 'cmake_force_configure' from command line to 'False'
[0.244s] Level 5:colcon.colcon_core.verb:set package 'antworker_description' build argument 'ament_cmake_args' from command line to 'None'
[0.244s] Level 5:colcon.colcon_core.verb:set package 'antworker_description' build argument 'catkin_cmake_args' from command line to 'None'
[0.244s] Level 5:colcon.colcon_core.verb:set package 'antworker_description' build argument 'catkin_skip_building_tests' from command line to 'False'
[0.244s] DEBUG:colcon.colcon_core.verb:Building package 'antworker_description' with the following arguments: {'ament_cmake_args': None, 'build_base': '/home/humble_ws/build/antworker_description', 'catkin_cmake_args': None, 'catkin_skip_building_tests': False, 'cmake_args': None, 'cmake_clean_cache': False, 'cmake_clean_first': False, 'cmake_force_configure': False, 'cmake_target': None, 'cmake_target_skip_unavailable': False, 'install_base': '/home/humble_ws/install/antworker_description', 'merge_install': False, 'path': '/home/humble_ws/src/antworker_description', 'symlink_install': False, 'test_result_base': None}
[0.244s] Level 5:colcon.colcon_core.verb:set package 'antworker_isaacsim_world' build argument 'cmake_args' from command line to 'None'
[0.244s] Level 5:colcon.colcon_core.verb:set package 'antworker_isaacsim_world' build argument 'cmake_target' from command line to 'None'
[0.244s] Level 5:colcon.colcon_core.verb:set package 'antworker_isaacsim_world' build argument 'cmake_target_skip_unavailable' from command line to 'False'
[0.244s] Level 5:colcon.colcon_core.verb:set package 'antworker_isaacsim_world' build argument 'cmake_clean_cache' from command line to 'False'
[0.244s] Level 5:colcon.colcon_core.verb:set package 'antworker_isaacsim_world' build argument 'cmake_clean_first' from command line to 'False'
[0.244s] Level 5:colcon.colcon_core.verb:set package 'antworker_isaacsim_world' build argument 'cmake_force_configure' from command line to 'False'
[0.244s] Level 5:colcon.colcon_core.verb:set package 'antworker_isaacsim_world' build argument 'ament_cmake_args' from command line to 'None'
[0.244s] Level 5:colcon.colcon_core.verb:set package 'antworker_isaacsim_world' build argument 'catkin_cmake_args' from command line to 'None'
[0.244s] Level 5:colcon.colcon_core.verb:set package 'antworker_isaacsim_world' build argument 'catkin_skip_building_tests' from command line to 'False'
[0.244s] DEBUG:colcon.colcon_core.verb:Building package 'antworker_isaacsim_world' with the following arguments: {'ament_cmake_args': None, 'build_base': '/home/humble_ws/build/antworker_isaacsim_world', 'catkin_cmake_args': None, 'catkin_skip_building_tests': False, 'cmake_args': None, 'cmake_clean_cache': False, 'cmake_clean_first': False, 'cmake_force_configure': False, 'cmake_target': None, 'cmake_target_skip_unavailable': False, 'install_base': '/home/humble_ws/install/antworker_isaacsim_world', 'merge_install': False, 'path': '/home/humble_ws/src/antworker_isaacsim_world', 'symlink_install': False, 'test_result_base': None}
[0.244s] Level 5:colcon.colcon_core.verb:set package 'antworker_moveit_bringup' build argument 'cmake_args' from command line to 'None'
[0.244s] Level 5:colcon.colcon_core.verb:set package 'antworker_moveit_bringup' build argument 'cmake_target' from command line to 'None'
[0.244s] Level 5:colcon.colcon_core.verb:set package 'antworker_moveit_bringup' build argument 'cmake_target_skip_unavailable' from command line to 'False'
[0.245s] Level 5:colcon.colcon_core.verb:set package 'antworker_moveit_bringup' build argument 'cmake_clean_cache' from command line to 'False'
[0.245s] Level 5:colcon.colcon_core.verb:set package 'antworker_moveit_bringup' build argument 'cmake_clean_first' from command line to 'False'
[0.245s] Level 5:colcon.colcon_core.verb:set package 'antworker_moveit_bringup' build argument 'cmake_force_configure' from command line to 'False'
[0.245s] Level 5:colcon.colcon_core.verb:set package 'antworker_moveit_bringup' build argument 'ament_cmake_args' from command line to 'None'
[0.245s] Level 5:colcon.colcon_core.verb:set package 'antworker_moveit_bringup' build argument 'catkin_cmake_args' from command line to 'None'
[0.245s] Level 5:colcon.colcon_core.verb:set package 'antworker_moveit_bringup' build argument 'catkin_skip_building_tests' from command line to 'False'
[0.245s] DEBUG:colcon.colcon_core.verb:Building package 'antworker_moveit_bringup' with the following arguments: {'ament_cmake_args': None, 'build_base': '/home/humble_ws/build/antworker_moveit_bringup', 'catkin_cmake_args': None, 'catkin_skip_building_tests': False, 'cmake_args': None, 'cmake_clean_cache': False, 'cmake_clean_first': False, 'cmake_force_configure': False, 'cmake_target': None, 'cmake_target_skip_unavailable': False, 'install_base': '/home/humble_ws/install/antworker_moveit_bringup', 'merge_install': False, 'path': '/home/humble_ws/src/antworker_moveit_bringup', 'symlink_install': False, 'test_result_base': None}
[0.245s] Level 5:colcon.colcon_core.verb:set package 'antworker_navigation' build argument 'cmake_args' from command line to 'None'
[0.245s] Level 5:colcon.colcon_core.verb:set package 'antworker_navigation' build argument 'cmake_target' from command line to 'None'
[0.245s] Level 5:colcon.colcon_core.verb:set package 'antworker_navigation' build argument 'cmake_target_skip_unavailable' from command line to 'False'
[0.245s] Level 5:colcon.colcon_core.verb:set package 'antworker_navigation' build argument 'cmake_clean_cache' from command line to 'False'
[0.245s] Level 5:colcon.colcon_core.verb:set package 'antworker_navigation' build argument 'cmake_clean_first' from command line to 'False'
[0.245s] Level 5:colcon.colcon_core.verb:set package 'antworker_navigation' build argument 'cmake_force_configure' from command line to 'False'
[0.245s] Level 5:colcon.colcon_core.verb:set package 'antworker_navigation' build argument 'ament_cmake_args' from command line to 'None'
[0.245s] Level 5:colcon.colcon_core.verb:set package 'antworker_navigation' build argument 'catkin_cmake_args' from command line to 'None'
[0.245s] Level 5:colcon.colcon_core.verb:set package 'antworker_navigation' build argument 'catkin_skip_building_tests' from command line to 'False'
[0.245s] DEBUG:colcon.colcon_core.verb:Building package 'antworker_navigation' with the following arguments: {'ament_cmake_args': None, 'build_base': '/home/humble_ws/build/antworker_navigation', 'catkin_cmake_args': None, 'catkin_skip_building_tests': False, 'cmake_args': None, 'cmake_clean_cache': False, 'cmake_clean_first': False, 'cmake_force_configure': False, 'cmake_target': None, 'cmake_target_skip_unavailable': False, 'install_base': '/home/humble_ws/install/antworker_navigation', 'merge_install': False, 'path': '/home/humble_ws/src/antworker_navigation', 'symlink_install': False, 'test_result_base': None}
[0.245s] Level 5:colcon.colcon_core.verb:set package 'antworker_moveit_description' build argument 'cmake_args' from command line to 'None'
[0.245s] Level 5:colcon.colcon_core.verb:set package 'antworker_moveit_description' build argument 'cmake_target' from command line to 'None'
[0.245s] Level 5:colcon.colcon_core.verb:set package 'antworker_moveit_description' build argument 'cmake_target_skip_unavailable' from command line to 'False'
[0.245s] Level 5:colcon.colcon_core.verb:set package 'antworker_moveit_description' build argument 'cmake_clean_cache' from command line to 'False'
[0.245s] Level 5:colcon.colcon_core.verb:set package 'antworker_moveit_description' build argument 'cmake_clean_first' from command line to 'False'
[0.245s] Level 5:colcon.colcon_core.verb:set package 'antworker_moveit_description' build argument 'cmake_force_configure' from command line to 'False'
[0.246s] Level 5:colcon.colcon_core.verb:set package 'antworker_moveit_description' build argument 'ament_cmake_args' from command line to 'None'
[0.246s] Level 5:colcon.colcon_core.verb:set package 'antworker_moveit_description' build argument 'catkin_cmake_args' from command line to 'None'
[0.246s] Level 5:colcon.colcon_core.verb:set package 'antworker_moveit_description' build argument 'catkin_skip_building_tests' from command line to 'False'
[0.246s] DEBUG:colcon.colcon_core.verb:Building package 'antworker_moveit_description' with the following arguments: {'ament_cmake_args': None, 'build_base': '/home/humble_ws/build/antworker_moveit_description', 'catkin_cmake_args': None, 'catkin_skip_building_tests': False, 'cmake_args': None, 'cmake_clean_cache': False, 'cmake_clean_first': False, 'cmake_force_configure': False, 'cmake_target': None, 'cmake_target_skip_unavailable': False, 'install_base': '/home/humble_ws/install/antworker_moveit_description', 'merge_install': False, 'path': '/home/humble_ws/src/antworker_moveit_description', 'symlink_install': False, 'test_result_base': None}
[0.246s] INFO:colcon.colcon_core.executor:Executing jobs using 'parallel' executor
[0.247s] DEBUG:colcon.colcon_parallel_executor.executor.parallel:run_until_complete
[0.247s] INFO:colcon.colcon_ros.task.ament_python.build:Building ROS package in '/home/humble_ws/src/antworker_description' with build type 'ament_python'
[0.247s] Level 1:colcon.colcon_core.shell:create_environment_hook('antworker_description', 'ament_prefix_path')
[0.249s] INFO:colcon.colcon_core.plugin_system:Skipping extension 'colcon_core.shell.bat': Not used on non-Windows systems
[0.249s] INFO:colcon.colcon_core.shell:Creating environment hook '/home/humble_ws/install/antworker_description/share/antworker_description/hook/ament_prefix_path.ps1'
[0.250s] INFO:colcon.colcon_core.shell:Creating environment descriptor '/home/humble_ws/install/antworker_description/share/antworker_description/hook/ament_prefix_path.dsv'
[0.250s] INFO:colcon.colcon_core.shell:Creating environment hook '/home/humble_ws/install/antworker_description/share/antworker_description/hook/ament_prefix_path.sh'
[0.250s] INFO:colcon.colcon_core.shell:Skip shell extension 'powershell' for command environment: Not usable outside of PowerShell
[0.250s] DEBUG:colcon.colcon_core.shell:Skip shell extension 'dsv' for command environment
[0.254s] INFO:colcon.colcon_ros.task.ament_python.build:Building ROS package in '/home/humble_ws/src/antworker_isaacsim_world' with build type 'ament_python'
[0.254s] Level 1:colcon.colcon_core.shell:create_environment_hook('antworker_isaacsim_world', 'ament_prefix_path')
[0.254s] INFO:colcon.colcon_core.shell:Creating environment hook '/home/humble_ws/install/antworker_isaacsim_world/share/antworker_isaacsim_world/hook/ament_prefix_path.ps1'
[0.255s] INFO:colcon.colcon_core.shell:Creating environment descriptor '/home/humble_ws/install/antworker_isaacsim_world/share/antworker_isaacsim_world/hook/ament_prefix_path.dsv'
[0.255s] INFO:colcon.colcon_core.shell:Creating environment hook '/home/humble_ws/install/antworker_isaacsim_world/share/antworker_isaacsim_world/hook/ament_prefix_path.sh'
[0.255s] INFO:colcon.colcon_core.shell:Skip shell extension 'powershell' for command environment: Not usable outside of PowerShell
[0.255s] DEBUG:colcon.colcon_core.shell:Skip shell extension 'dsv' for command environment
[0.257s] INFO:colcon.colcon_ros.task.ament_python.build:Building ROS package in '/home/humble_ws/src/antworker_moveit_bringup' with build type 'ament_python'
[0.258s] Level 1:colcon.colcon_core.shell:create_environment_hook('antworker_moveit_bringup', 'ament_prefix_path')
[0.258s] INFO:colcon.colcon_core.shell:Creating environment hook '/home/humble_ws/install/antworker_moveit_bringup/share/antworker_moveit_bringup/hook/ament_prefix_path.ps1'
[0.258s] INFO:colcon.colcon_core.shell:Creating environment descriptor '/home/humble_ws/install/antworker_moveit_bringup/share/antworker_moveit_bringup/hook/ament_prefix_path.dsv'
[0.258s] INFO:colcon.colcon_core.shell:Creating environment hook '/home/humble_ws/install/antworker_moveit_bringup/share/antworker_moveit_bringup/hook/ament_prefix_path.sh'
[0.259s] INFO:colcon.colcon_core.shell:Skip shell extension 'powershell' for command environment: Not usable outside of PowerShell
[0.259s] DEBUG:colcon.colcon_core.shell:Skip shell extension 'dsv' for command environment
[0.261s] INFO:colcon.colcon_ros.task.ament_python.build:Building ROS package in '/home/humble_ws/src/antworker_navigation' with build type 'ament_python'
[0.261s] Level 1:colcon.colcon_core.shell:create_environment_hook('antworker_navigation', 'ament_prefix_path')
[0.261s] INFO:colcon.colcon_core.shell:Creating environment hook '/home/humble_ws/install/antworker_navigation/share/antworker_navigation/hook/ament_prefix_path.ps1'
[0.262s] INFO:colcon.colcon_core.shell:Creating environment descriptor '/home/humble_ws/install/antworker_navigation/share/antworker_navigation/hook/ament_prefix_path.dsv'
[0.262s] INFO:colcon.colcon_core.shell:Creating environment hook '/home/humble_ws/install/antworker_navigation/share/antworker_navigation/hook/ament_prefix_path.sh'
[0.262s] INFO:colcon.colcon_core.shell:Skip shell extension 'powershell' for command environment: Not usable outside of PowerShell
[0.263s] DEBUG:colcon.colcon_core.shell:Skip shell extension 'dsv' for command environment
[0.430s] INFO:colcon.colcon_core.task.python.build:Building Python package in '/home/humble_ws/src/antworker_description'
[0.430s] INFO:colcon.colcon_core.shell:Skip shell extension 'powershell' for command environment: Not usable outside of PowerShell
[0.430s] DEBUG:colcon.colcon_core.shell:Skip shell extension 'dsv' for command environment
[0.589s] INFO:colcon.colcon_core.task.python.build:Building Python package in '/home/humble_ws/src/antworker_isaacsim_world'
[0.589s] INFO:colcon.colcon_core.shell:Skip shell extension 'powershell' for command environment: Not usable outside of PowerShell
[0.589s] DEBUG:colcon.colcon_core.shell:Skip shell extension 'dsv' for command environment
[0.771s] INFO:colcon.colcon_core.task.python.build:Building Python package in '/home/humble_ws/src/antworker_moveit_bringup'
[0.771s] INFO:colcon.colcon_core.shell:Skip shell extension 'powershell' for command environment: Not usable outside of PowerShell
[0.772s] DEBUG:colcon.colcon_core.shell:Skip shell extension 'dsv' for command environment
[0.937s] INFO:colcon.colcon_core.task.python.build:Building Python package in '/home/humble_ws/src/antworker_navigation'
[0.938s] INFO:colcon.colcon_core.shell:Skip shell extension 'powershell' for command environment: Not usable outside of PowerShell
[0.938s] DEBUG:colcon.colcon_core.shell:Skip shell extension 'dsv' for command environment
[1.234s] DEBUG:colcon.colcon_core.event_handler.log_command:Invoking command in '/home/humble_ws/src/antworker_isaacsim_world': PYTHONPATH=/home/humble_ws/build/antworker_isaacsim_world/prefix_override:/home/humble_ws/install/antworker_isaacsim_world/lib/python3.10/site-packages:${PYTHONPATH} /usr/bin/python3 -W ignore:setup.py install is deprecated setup.py egg_info --egg-base ../../build/antworker_isaacsim_world build --build-base /home/humble_ws/build/antworker_isaacsim_world/build install --record /home/humble_ws/build/antworker_isaacsim_world/install.log --single-version-externally-managed install_data
[1.241s] DEBUG:colcon.colcon_core.event_handler.log_command:Invoking command in '/home/humble_ws/src/antworker_moveit_bringup': PYTHONPATH=/home/humble_ws/build/antworker_moveit_bringup/prefix_override:/home/humble_ws/install/antworker_moveit_bringup/lib/python3.10/site-packages:${PYTHONPATH} /usr/bin/python3 -W ignore:setup.py install is deprecated setup.py egg_info --egg-base ../../build/antworker_moveit_bringup build --build-base /home/humble_ws/build/antworker_moveit_bringup/build install --record /home/humble_ws/build/antworker_moveit_bringup/install.log --single-version-externally-managed install_data
[1.241s] DEBUG:colcon.colcon_core.event_handler.log_command:Invoking command in '/home/humble_ws/src/antworker_navigation': PYTHONPATH=/home/humble_ws/build/antworker_navigation/prefix_override:/home/humble_ws/install/antworker_navigation/lib/python3.10/site-packages:${PYTHONPATH} /usr/bin/python3 -W ignore:setup.py install is deprecated setup.py egg_info --egg-base ../../build/antworker_navigation build --build-base /home/humble_ws/build/antworker_navigation/build install --record /home/humble_ws/build/antworker_navigation/install.log --single-version-externally-managed install_data
[1.247s] DEBUG:colcon.colcon_core.event_handler.log_command:Invoking command in '/home/humble_ws/src/antworker_description': PYTHONPATH=/home/humble_ws/build/antworker_description/prefix_override:/home/humble_ws/install/antworker_description/lib/python3.10/site-packages:${PYTHONPATH} /usr/bin/python3 -W ignore:setup.py install is deprecated setup.py egg_info --egg-base ../../build/antworker_description build --build-base /home/humble_ws/build/antworker_description/build install --record /home/humble_ws/build/antworker_description/install.log --single-version-externally-managed install_data
[1.463s] DEBUG:colcon.colcon_core.event_handler.log_command:Invoked command in '/home/humble_ws/src/antworker_isaacsim_world' returned '0': PYTHONPATH=/home/humble_ws/build/antworker_isaacsim_world/prefix_override:/home/humble_ws/install/antworker_isaacsim_world/lib/python3.10/site-packages:${PYTHONPATH} /usr/bin/python3 -W ignore:setup.py install is deprecated setup.py egg_info --egg-base ../../build/antworker_isaacsim_world build --build-base /home/humble_ws/build/antworker_isaacsim_world/build install --record /home/humble_ws/build/antworker_isaacsim_world/install.log --single-version-externally-managed install_data
[1.465s] Level 1:colcon.colcon_core.environment:checking '/home/humble_ws/install/antworker_isaacsim_world' for CMake module files
[1.466s] Level 1:colcon.colcon_core.environment:checking '/home/humble_ws/install/antworker_isaacsim_world' for CMake config files
[1.467s] Level 1:colcon.colcon_core.environment:checking '/home/humble_ws/install/antworker_isaacsim_world/lib'
[1.467s] Level 1:colcon.colcon_core.environment:checking '/home/humble_ws/install/antworker_isaacsim_world/bin'
[1.467s] Level 1:colcon.colcon_core.environment:checking '/home/humble_ws/install/antworker_isaacsim_world/lib/pkgconfig/antworker_isaacsim_world.pc'
[1.467s] Level 1:colcon.colcon_core.environment:checking '/home/humble_ws/install/antworker_isaacsim_world/lib/python3.10/site-packages'
[1.467s] Level 1:colcon.colcon_core.shell:create_environment_hook('antworker_isaacsim_world', 'pythonpath')
[1.468s] INFO:colcon.colcon_core.shell:Creating environment hook '/home/humble_ws/install/antworker_isaacsim_world/share/antworker_isaacsim_world/hook/pythonpath.ps1'
[1.468s] INFO:colcon.colcon_core.shell:Creating environment descriptor '/home/humble_ws/install/antworker_isaacsim_world/share/antworker_isaacsim_world/hook/pythonpath.dsv'
[1.468s] INFO:colcon.colcon_core.shell:Creating environment hook '/home/humble_ws/install/antworker_isaacsim_world/share/antworker_isaacsim_world/hook/pythonpath.sh'
[1.468s] Level 1:colcon.colcon_core.environment:checking '/home/humble_ws/install/antworker_isaacsim_world/bin'
[1.469s] Level 1:colcon.colcon_core.environment:create_environment_scripts_only(antworker_isaacsim_world)
[1.469s] INFO:colcon.colcon_core.shell:Creating package script '/home/humble_ws/install/antworker_isaacsim_world/share/antworker_isaacsim_world/package.ps1'
[1.469s] INFO:colcon.colcon_core.shell:Creating package descriptor '/home/humble_ws/install/antworker_isaacsim_world/share/antworker_isaacsim_world/package.dsv'
[1.470s] INFO:colcon.colcon_core.shell:Creating package script '/home/humble_ws/install/antworker_isaacsim_world/share/antworker_isaacsim_world/package.sh'
[1.471s] INFO:colcon.colcon_core.shell:Creating package script '/home/humble_ws/install/antworker_isaacsim_world/share/antworker_isaacsim_world/package.bash'
[1.471s] INFO:colcon.colcon_core.shell:Creating package script '/home/humble_ws/install/antworker_isaacsim_world/share/antworker_isaacsim_world/package.zsh'
[1.472s] Level 1:colcon.colcon_core.environment:create_file_with_runtime_dependencies(/home/humble_ws/install/antworker_isaacsim_world/share/colcon-core/packages/antworker_isaacsim_world)
[1.473s] Level 1:colcon.colcon_core.environment:checking '/home/humble_ws/install/antworker_moveit_bringup' for CMake module files
[1.473s] DEBUG:colcon.colcon_core.event_handler.log_command:Invoked command in '/home/humble_ws/src/antworker_moveit_bringup' returned '0': PYTHONPATH=/home/humble_ws/build/antworker_moveit_bringup/prefix_override:/home/humble_ws/install/antworker_moveit_bringup/lib/python3.10/site-packages:${PYTHONPATH} /usr/bin/python3 -W ignore:setup.py install is deprecated setup.py egg_info --egg-base ../../build/antworker_moveit_bringup build --build-base /home/humble_ws/build/antworker_moveit_bringup/build install --record /home/humble_ws/build/antworker_moveit_bringup/install.log --single-version-externally-managed install_data
[1.474s] Level 1:colcon.colcon_core.environment:checking '/home/humble_ws/install/antworker_moveit_bringup' for CMake config files
[1.474s] Level 1:colcon.colcon_core.environment:checking '/home/humble_ws/install/antworker_moveit_bringup/lib'
[1.474s] Level 1:colcon.colcon_core.environment:checking '/home/humble_ws/install/antworker_moveit_bringup/bin'
[1.474s] Level 1:colcon.colcon_core.environment:checking '/home/humble_ws/install/antworker_moveit_bringup/lib/pkgconfig/antworker_moveit_bringup.pc'
[1.474s] Level 1:colcon.colcon_core.environment:checking '/home/humble_ws/install/antworker_moveit_bringup/lib/python3.10/site-packages'
[1.475s] Level 1:colcon.colcon_core.shell:create_environment_hook('antworker_moveit_bringup', 'pythonpath')
[1.475s] INFO:colcon.colcon_core.shell:Creating environment hook '/home/humble_ws/install/antworker_moveit_bringup/share/antworker_moveit_bringup/hook/pythonpath.ps1'
[1.475s] INFO:colcon.colcon_core.shell:Creating environment descriptor '/home/humble_ws/install/antworker_moveit_bringup/share/antworker_moveit_bringup/hook/pythonpath.dsv'
[1.475s] INFO:colcon.colcon_core.shell:Creating environment hook '/home/humble_ws/install/antworker_moveit_bringup/share/antworker_moveit_bringup/hook/pythonpath.sh'
[1.476s] Level 1:colcon.colcon_core.environment:checking '/home/humble_ws/install/antworker_moveit_bringup/bin'
[1.476s] Level 1:colcon.colcon_core.environment:create_environment_scripts_only(antworker_moveit_bringup)
[1.476s] INFO:colcon.colcon_core.shell:Creating package script '/home/humble_ws/install/antworker_moveit_bringup/share/antworker_moveit_bringup/package.ps1'
[1.476s] INFO:colcon.colcon_core.shell:Creating package descriptor '/home/humble_ws/install/antworker_moveit_bringup/share/antworker_moveit_bringup/package.dsv'
[1.476s] INFO:colcon.colcon_core.shell:Creating package script '/home/humble_ws/install/antworker_moveit_bringup/share/antworker_moveit_bringup/package.sh'
[1.477s] INFO:colcon.colcon_core.shell:Creating package script '/home/humble_ws/install/antworker_moveit_bringup/share/antworker_moveit_bringup/package.bash'
[1.477s] INFO:colcon.colcon_core.shell:Creating package script '/home/humble_ws/install/antworker_moveit_bringup/share/antworker_moveit_bringup/package.zsh'
[1.477s] Level 1:colcon.colcon_core.environment:create_file_with_runtime_dependencies(/home/humble_ws/install/antworker_moveit_bringup/share/colcon-core/packages/antworker_moveit_bringup)
[1.478s] Level 1:colcon.colcon_core.environment:checking '/home/humble_ws/install/antworker_navigation' for CMake module files
[1.479s] Level 1:colcon.colcon_core.environment:checking '/home/humble_ws/install/antworker_navigation' for CMake config files
[1.479s] DEBUG:colcon.colcon_core.event_handler.log_command:Invoked command in '/home/humble_ws/src/antworker_navigation' returned '0': PYTHONPATH=/home/humble_ws/build/antworker_navigation/prefix_override:/home/humble_ws/install/antworker_navigation/lib/python3.10/site-packages:${PYTHONPATH} /usr/bin/python3 -W ignore:setup.py install is deprecated setup.py egg_info --egg-base ../../build/antworker_navigation build --build-base /home/humble_ws/build/antworker_navigation/build install --record /home/humble_ws/build/antworker_navigation/install.log --single-version-externally-managed install_data
[1.479s] Level 1:colcon.colcon_core.environment:checking '/home/humble_ws/install/antworker_navigation/lib'
[1.479s] Level 1:colcon.colcon_core.environment:checking '/home/humble_ws/install/antworker_navigation/bin'
[1.479s] Level 1:colcon.colcon_core.environment:checking '/home/humble_ws/install/antworker_navigation/lib/pkgconfig/antworker_navigation.pc'
[1.479s] Level 1:colcon.colcon_core.environment:checking '/home/humble_ws/install/antworker_navigation/lib/python3.10/site-packages'
[1.479s] Level 1:colcon.colcon_core.shell:create_environment_hook('antworker_navigation', 'pythonpath')
[1.480s] INFO:colcon.colcon_core.shell:Creating environment hook '/home/humble_ws/install/antworker_navigation/share/antworker_navigation/hook/pythonpath.ps1'
[1.480s] INFO:colcon.colcon_core.shell:Creating environment descriptor '/home/humble_ws/install/antworker_navigation/share/antworker_navigation/hook/pythonpath.dsv'
[1.480s] INFO:colcon.colcon_core.shell:Creating environment hook '/home/humble_ws/install/antworker_navigation/share/antworker_navigation/hook/pythonpath.sh'
[1.481s] Level 1:colcon.colcon_core.environment:checking '/home/humble_ws/install/antworker_navigation/bin'
[1.481s] Level 1:colcon.colcon_core.environment:create_environment_scripts_only(antworker_navigation)
[1.481s] INFO:colcon.colcon_core.shell:Creating package script '/home/humble_ws/install/antworker_navigation/share/antworker_navigation/package.ps1'
[1.481s] INFO:colcon.colcon_core.shell:Creating package descriptor '/home/humble_ws/install/antworker_navigation/share/antworker_navigation/package.dsv'
[1.481s] INFO:colcon.colcon_core.shell:Creating package script '/home/humble_ws/install/antworker_navigation/share/antworker_navigation/package.sh'
[1.482s] INFO:colcon.colcon_core.shell:Creating package script '/home/humble_ws/install/antworker_navigation/share/antworker_navigation/package.bash'
[1.482s] INFO:colcon.colcon_core.shell:Creating package script '/home/humble_ws/install/antworker_navigation/share/antworker_navigation/package.zsh'
[1.482s] Level 1:colcon.colcon_core.environment:create_file_with_runtime_dependencies(/home/humble_ws/install/antworker_navigation/share/colcon-core/packages/antworker_navigation)
[1.512s] Level 1:colcon.colcon_core.environment:checking '/home/humble_ws/install/antworker_description' for CMake module files
[1.512s] DEBUG:colcon.colcon_core.event_handler.log_command:Invoked command in '/home/humble_ws/src/antworker_description' returned '0': PYTHONPATH=/home/humble_ws/build/antworker_description/prefix_override:/home/humble_ws/install/antworker_description/lib/python3.10/site-packages:${PYTHONPATH} /usr/bin/python3 -W ignore:setup.py install is deprecated setup.py egg_info --egg-base ../../build/antworker_description build --build-base /home/humble_ws/build/antworker_description/build install --record /home/humble_ws/build/antworker_description/install.log --single-version-externally-managed install_data
[1.513s] Level 1:colcon.colcon_core.environment:checking '/home/humble_ws/install/antworker_description' for CMake config files
[1.514s] Level 1:colcon.colcon_core.environment:checking '/home/humble_ws/install/antworker_description/lib'
[1.514s] Level 1:colcon.colcon_core.environment:checking '/home/humble_ws/install/antworker_description/bin'
[1.514s] Level 1:colcon.colcon_core.environment:checking '/home/humble_ws/install/antworker_description/lib/pkgconfig/antworker_description.pc'
[1.514s] Level 1:colcon.colcon_core.environment:checking '/home/humble_ws/install/antworker_description/lib/python3.10/site-packages'
[1.514s] Level 1:colcon.colcon_core.shell:create_environment_hook('antworker_description', 'pythonpath')
[1.514s] INFO:colcon.colcon_core.shell:Creating environment hook '/home/humble_ws/install/antworker_description/share/antworker_description/hook/pythonpath.ps1'
[1.514s] INFO:colcon.colcon_core.shell:Creating environment descriptor '/home/humble_ws/install/antworker_description/share/antworker_description/hook/pythonpath.dsv'
[1.515s] INFO:colcon.colcon_core.shell:Creating environment hook '/home/humble_ws/install/antworker_description/share/antworker_description/hook/pythonpath.sh'
[1.515s] Level 1:colcon.colcon_core.environment:checking '/home/humble_ws/install/antworker_description/bin'
[1.515s] Level 1:colcon.colcon_core.environment:create_environment_scripts_only(antworker_description)
[1.515s] INFO:colcon.colcon_core.shell:Creating package script '/home/humble_ws/install/antworker_description/share/antworker_description/package.ps1'
[1.516s] INFO:colcon.colcon_core.shell:Creating package descriptor '/home/humble_ws/install/antworker_description/share/antworker_description/package.dsv'
[1.516s] INFO:colcon.colcon_core.shell:Creating package script '/home/humble_ws/install/antworker_description/share/antworker_description/package.sh'
[1.516s] INFO:colcon.colcon_core.shell:Creating package script '/home/humble_ws/install/antworker_description/share/antworker_description/package.bash'
[1.516s] INFO:colcon.colcon_core.shell:Creating package script '/home/humble_ws/install/antworker_description/share/antworker_description/package.zsh'
[1.517s] Level 1:colcon.colcon_core.environment:create_file_with_runtime_dependencies(/home/humble_ws/install/antworker_description/share/colcon-core/packages/antworker_description)
[1.517s] INFO:colcon.colcon_ros.task.ament_cmake.build:Building ROS package in '/home/humble_ws/src/antworker_moveit_description' with build type 'ament_cmake'
[1.517s] INFO:colcon.colcon_cmake.task.cmake.build:Building CMake package in '/home/humble_ws/src/antworker_moveit_description'
[1.517s] INFO:colcon.colcon_core.shell:Skip shell extension 'powershell' for command environment: Not usable outside of PowerShell
[1.517s] DEBUG:colcon.colcon_core.shell:Skip shell extension 'dsv' for command environment
[1.524s] DEBUG:colcon.colcon_core.event_handler.log_command:Invoking command in '/home/humble_ws/build/antworker_moveit_description': AMENT_PREFIX_PATH=/home/humble_ws/install/antworker_description:${AMENT_PREFIX_PATH} CMAKE_PREFIX_PATH=/opt/ros/humble PYTHONPATH=/home/humble_ws/install/antworker_description/lib/python3.10/site-packages:${PYTHONPATH} /usr/bin/cmake /home/humble_ws/src/antworker_moveit_description -DCMAKE_INSTALL_PREFIX=/home/humble_ws/install/antworker_moveit_description
[2.129s] DEBUG:colcon.colcon_core.event_handler.log_command:Invoked command in '/home/humble_ws/build/antworker_moveit_description' returned '0': AMENT_PREFIX_PATH=/home/humble_ws/install/antworker_description:${AMENT_PREFIX_PATH} CMAKE_PREFIX_PATH=/opt/ros/humble PYTHONPATH=/home/humble_ws/install/antworker_description/lib/python3.10/site-packages:${PYTHONPATH} /usr/bin/cmake /home/humble_ws/src/antworker_moveit_description -DCMAKE_INSTALL_PREFIX=/home/humble_ws/install/antworker_moveit_description
[2.130s] DEBUG:colcon.colcon_core.event_handler.log_command:Invoking command in '/home/humble_ws/build/antworker_moveit_description': AMENT_PREFIX_PATH=/home/humble_ws/install/antworker_description:${AMENT_PREFIX_PATH} CMAKE_PREFIX_PATH=/opt/ros/humble PYTHONPATH=/home/humble_ws/install/antworker_description/lib/python3.10/site-packages:${PYTHONPATH} /usr/bin/cmake --build /home/humble_ws/build/antworker_moveit_description -- -j16 -l16
[2.168s] DEBUG:colcon.colcon_core.event_handler.log_command:Invoked command in '/home/humble_ws/build/antworker_moveit_description' returned '0': AMENT_PREFIX_PATH=/home/humble_ws/install/antworker_description:${AMENT_PREFIX_PATH} CMAKE_PREFIX_PATH=/opt/ros/humble PYTHONPATH=/home/humble_ws/install/antworker_description/lib/python3.10/site-packages:${PYTHONPATH} /usr/bin/cmake --build /home/humble_ws/build/antworker_moveit_description -- -j16 -l16
[2.198s] DEBUG:colcon.colcon_core.event_handler.log_command:Invoking command in '/home/humble_ws/build/antworker_moveit_description': AMENT_PREFIX_PATH=/home/humble_ws/install/antworker_description:${AMENT_PREFIX_PATH} CMAKE_PREFIX_PATH=/opt/ros/humble PYTHONPATH=/home/humble_ws/install/antworker_description/lib/python3.10/site-packages:${PYTHONPATH} /usr/bin/cmake --install /home/humble_ws/build/antworker_moveit_description
[2.213s] Level 1:colcon.colcon_core.environment:create_environment_scripts_only(antworker_moveit_description)
[2.213s] DEBUG:colcon.colcon_core.event_handler.log_command:Invoked command in '/home/humble_ws/build/antworker_moveit_description' returned '0': AMENT_PREFIX_PATH=/home/humble_ws/install/antworker_description:${AMENT_PREFIX_PATH} CMAKE_PREFIX_PATH=/opt/ros/humble PYTHONPATH=/home/humble_ws/install/antworker_description/lib/python3.10/site-packages:${PYTHONPATH} /usr/bin/cmake --install /home/humble_ws/build/antworker_moveit_description
[2.213s] Level 1:colcon.colcon_core.environment:checking '/home/humble_ws/install/antworker_moveit_description' for CMake module files
[2.214s] Level 1:colcon.colcon_core.environment:checking '/home/humble_ws/install/antworker_moveit_description' for CMake config files
[2.214s] Level 1:colcon.colcon_core.shell:create_environment_hook('antworker_moveit_description', 'cmake_prefix_path')
[2.214s] INFO:colcon.colcon_core.shell:Creating environment hook '/home/humble_ws/install/antworker_moveit_description/share/antworker_moveit_description/hook/cmake_prefix_path.ps1'
[2.215s] INFO:colcon.colcon_core.shell:Creating environment descriptor '/home/humble_ws/install/antworker_moveit_description/share/antworker_moveit_description/hook/cmake_prefix_path.dsv'
[2.215s] INFO:colcon.colcon_core.shell:Creating environment hook '/home/humble_ws/install/antworker_moveit_description/share/antworker_moveit_description/hook/cmake_prefix_path.sh'
[2.215s] Level 1:colcon.colcon_core.environment:checking '/home/humble_ws/install/antworker_moveit_description/bin'
[2.215s] Level 1:colcon.colcon_core.environment:checking '/home/humble_ws/install/antworker_moveit_description/lib/pkgconfig/antworker_moveit_description.pc'
[2.215s] Level 1:colcon.colcon_core.environment:checking '/home/humble_ws/install/antworker_moveit_description/lib/python3.10/site-packages'
[2.215s] Level 1:colcon.colcon_core.environment:checking '/home/humble_ws/install/antworker_moveit_description/bin'
[2.216s] INFO:colcon.colcon_core.shell:Creating package script '/home/humble_ws/install/antworker_moveit_description/share/antworker_moveit_description/package.ps1'
[2.216s] INFO:colcon.colcon_core.shell:Creating package descriptor '/home/humble_ws/install/antworker_moveit_description/share/antworker_moveit_description/package.dsv'
[2.216s] INFO:colcon.colcon_core.shell:Creating package script '/home/humble_ws/install/antworker_moveit_description/share/antworker_moveit_description/package.sh'
[2.217s] INFO:colcon.colcon_core.shell:Creating package script '/home/humble_ws/install/antworker_moveit_description/share/antworker_moveit_description/package.bash'
[2.217s] INFO:colcon.colcon_core.shell:Creating package script '/home/humble_ws/install/antworker_moveit_description/share/antworker_moveit_description/package.zsh'
[2.217s] Level 1:colcon.colcon_core.environment:create_file_with_runtime_dependencies(/home/humble_ws/install/antworker_moveit_description/share/colcon-core/packages/antworker_moveit_description)
[2.238s] Level 1:colcon.colcon_core.environment:create_environment_scripts_only(antworker_moveit_description)
[2.238s] Level 1:colcon.colcon_core.environment:checking '/home/humble_ws/install/antworker_moveit_description' for CMake module files
[2.239s] Level 1:colcon.colcon_core.environment:checking '/home/humble_ws/install/antworker_moveit_description' for CMake config files
[2.239s] Level 1:colcon.colcon_core.shell:create_environment_hook('antworker_moveit_description', 'cmake_prefix_path')
[2.239s] INFO:colcon.colcon_core.shell:Creating environment hook '/home/humble_ws/install/antworker_moveit_description/share/antworker_moveit_description/hook/cmake_prefix_path.ps1'
[2.240s] INFO:colcon.colcon_core.shell:Creating environment descriptor '/home/humble_ws/install/antworker_moveit_description/share/antworker_moveit_description/hook/cmake_prefix_path.dsv'
[2.240s] INFO:colcon.colcon_core.shell:Creating environment hook '/home/humble_ws/install/antworker_moveit_description/share/antworker_moveit_description/hook/cmake_prefix_path.sh'
[2.240s] Level 1:colcon.colcon_core.environment:checking '/home/humble_ws/install/antworker_moveit_description/bin'
[2.240s] Level 1:colcon.colcon_core.environment:checking '/home/humble_ws/install/antworker_moveit_description/lib/pkgconfig/antworker_moveit_description.pc'
[2.240s] Level 1:colcon.colcon_core.environment:checking '/home/humble_ws/install/antworker_moveit_description/lib/python3.10/site-packages'
[2.241s] Level 1:colcon.colcon_core.environment:checking '/home/humble_ws/install/antworker_moveit_description/bin'
[2.241s] INFO:colcon.colcon_core.shell:Creating package script '/home/humble_ws/install/antworker_moveit_description/share/antworker_moveit_description/package.ps1'
[2.241s] INFO:colcon.colcon_core.shell:Creating package descriptor '/home/humble_ws/install/antworker_moveit_description/share/antworker_moveit_description/package.dsv'
[2.241s] INFO:colcon.colcon_core.shell:Creating package script '/home/humble_ws/install/antworker_moveit_description/share/antworker_moveit_description/package.sh'
[2.242s] INFO:colcon.colcon_core.shell:Creating package script '/home/humble_ws/install/antworker_moveit_description/share/antworker_moveit_description/package.bash'
[2.242s] INFO:colcon.colcon_core.shell:Creating package script '/home/humble_ws/install/antworker_moveit_description/share/antworker_moveit_description/package.zsh'
[2.242s] Level 1:colcon.colcon_core.environment:create_file_with_runtime_dependencies(/home/humble_ws/install/antworker_moveit_description/share/colcon-core/packages/antworker_moveit_description)
[2.243s] DEBUG:colcon.colcon_parallel_executor.executor.parallel:closing loop
[2.243s] DEBUG:colcon.colcon_parallel_executor.executor.parallel:loop closed
[2.243s] DEBUG:colcon.colcon_parallel_executor.executor.parallel:run_until_complete finished with '0'
[2.243s] DEBUG:colcon.colcon_core.event_reactor:joining thread
[2.248s] INFO:colcon.colcon_core.plugin_system:Skipping extension 'colcon_notification.desktop_notification.notify_send': Could not find 'notify-send'
[2.248s] INFO:colcon.colcon_core.plugin_system:Skipping extension 'colcon_notification.desktop_notification.terminal_notifier': Not used on non-Darwin systems
[2.248s] INFO:colcon.colcon_core.plugin_system:Skipping extension 'colcon_notification.desktop_notification.win32': Not used on non-Windows systems
[2.248s] INFO:colcon.colcon_notification.desktop_notification:Sending desktop notification using 'notify2'
[2.276s] DEBUG:colcon.colcon_notification.desktop_notification.notify2:Failed to initialize notify2: org.freedesktop.DBus.Error.ServiceUnknown: The name org.freedesktop.Notifications was not provided by any .service files
[2.276s] DEBUG:colcon.colcon_core.event_reactor:joined thread
[2.277s] INFO:colcon.colcon_core.shell:Creating prefix script '/home/humble_ws/install/local_setup.ps1'
[2.277s] INFO:colcon.colcon_core.shell:Creating prefix util module '/home/humble_ws/install/_local_setup_util_ps1.py'
[2.278s] INFO:colcon.colcon_core.shell:Creating prefix chain script '/home/humble_ws/install/setup.ps1'
[2.279s] INFO:colcon.colcon_core.shell:Creating prefix script '/home/humble_ws/install/local_setup.sh'
[2.279s] INFO:colcon.colcon_core.shell:Creating prefix util module '/home/humble_ws/install/_local_setup_util_sh.py'
[2.280s] INFO:colcon.colcon_core.shell:Creating prefix chain script '/home/humble_ws/install/setup.sh'
[2.280s] INFO:colcon.colcon_core.shell:Creating prefix script '/home/humble_ws/install/local_setup.bash'
[2.281s] INFO:colcon.colcon_core.shell:Creating prefix chain script '/home/humble_ws/install/setup.bash'
[2.282s] INFO:colcon.colcon_core.shell:Creating prefix script '/home/humble_ws/install/local_setup.zsh'
[2.282s] INFO:colcon.colcon_core.shell:Creating prefix chain script '/home/humble_ws/install/setup.zsh'
