[0.011s] Invoking command in '/home/humble_ws/build/moveit_interface': CMAKE_PREFIX_PATH=${CMAKE_PREFIX_PATH}:/home/humble_ws/install/antworker_navigation:/home/humble_ws/install/antworker_moveit_bringup:/home/humble_ws/install/antworker_isaacsim_world:/home/humble_ws/install/antworker_description:/opt/ros/humble /usr/bin/cmake --build /home/humble_ws/build/moveit_interface -- -j16 -l16
[0.043s] -- Found ament_cmake: 1.3.8 (/opt/ros/humble/share/ament_cmake/cmake)
[0.155s] -- Found moveit_ros_planning_interface: 2.5.5 (/opt/ros/humble/share/moveit_ros_planning_interface/cmake)
[0.171s] -- Found Boost: /usr/lib/x86_64-linux-gnu/cmake/Boost-1.74.0/BoostConfig.cmake (found version "1.74.0") found components: date_time filesystem program_options system thread 
[0.202s] -- Found rosidl_generator_c: 3.1.5 (/opt/ros/humble/share/rosidl_generator_c/cmake)
[0.205s] -- Found rosidl_adapter: 3.1.5 (/opt/ros/humble/share/rosidl_adapter/cmake)
[0.212s] -- Found rosidl_generator_cpp: 3.1.5 (/opt/ros/humble/share/rosidl_generator_cpp/cmake)
[0.224s] -- Using all available rosidl_typesupport_c: rosidl_typesupport_fastrtps_c;rosidl_typesupport_introspection_c
[0.241s] -- Using all available rosidl_typesupport_cpp: rosidl_typesupport_fastrtps_cpp;rosidl_typesupport_introspection_cpp
[0.983s] -- Found Boost: /usr/lib/x86_64-linux-gnu/cmake/Boost-1.74.0/BoostConfig.cmake (found version "1.74.0") found components: chrono date_time filesystem iostreams program_options regex serialization system thread 
[0.991s] -- Found parameter_traits: 0.3.8 (/opt/ros/humble/share/parameter_traits/cmake)
[1.038s] -- Found rmw_implementation_cmake: 6.1.1 (/opt/ros/humble/share/rmw_implementation_cmake/cmake)
[1.040s] -- Found rmw_cyclonedds_cpp: 1.3.4 (/opt/ros/humble/share/rmw_cyclonedds_cpp/cmake)
[1.069s] -- Using RMW implementation 'rmw_cyclonedds_cpp' as default
[1.194s] -- Found rclcpp_lifecycle: 16.0.8 (/opt/ros/humble/share/rclcpp_lifecycle/cmake)
[1.232s] -- Found Boost: /usr/lib/x86_64-linux-gnu/cmake/Boost-1.74.0/BoostConfig.cmake (found version "1.74.0") found components: filesystem 
[1.279s] -- library: /usr/lib/x86_64-linux-gnu/libcurl.so
[1.402s] -- Ensuring Eigen3 include directory is part of orocos-kdl CMake target
[1.825s] -- Found Boost: /usr/lib/x86_64-linux-gnu/cmake/Boost-1.74.0/BoostConfig.cmake (found version "1.74.0") found components: system filesystem date_time program_options thread chrono 
[2.236s] -- Found Boost: /usr/lib/x86_64-linux-gnu/cmake/Boost-1.74.0/BoostConfig.cmake (found version "1.74.0") found components: thread system filesystem regex date_time program_options 
[2.433s] -- Found Boost: /usr/lib/x86_64-linux-gnu/cmake/Boost-1.74.0/BoostConfig.cmake (found version "1.74.0") found components: system filesystem date_time program_options thread 
[2.767s] -- Found ament_lint_auto: 0.12.10 (/opt/ros/humble/share/ament_lint_auto/cmake)
[2.834s] -- Added test 'cppcheck' to perform static code analysis on C / C++ code
[2.834s] -- Configured cppcheck include dirs: 
[2.835s] -- Configured cppcheck exclude dirs and/or files: 
[2.835s] -- Added test 'flake8' to check Python code syntax and style conventions
[2.835s] -- Added test 'lint_cmake' to check CMake code style
[2.836s] -- Added test 'pep257' to check Python code against some of the docstring style conventions in PEP 257
[2.837s] -- Added test 'uncrustify' to check C / C++ code style
[2.837s] -- Configured uncrustify additional arguments: 
[2.837s] -- Added test 'xmllint' to check XML markup files
[2.838s] -- Configuring done
[2.845s] [31mCMake Error at CMakeLists.txt:13 (add_executable):
[2.845s]   Cannot find source file:
[2.845s] 
[2.845s]     src/moveit_interface.cpp
[2.845s] 
[2.845s]   Tried extensions .c .C .c++ .cc .cpp .cxx .cu .mpp .m .M .mm .ixx .cppm .h
[2.845s]   .hh .h++ .hm .hpp .hxx .in .txx .f .F .for .f77 .f90 .f95 .f03 .hip .ispc
[2.845s] 
[2.845s] [0m
[2.848s] [31mCMake Error at CMakeLists.txt:13 (add_executable):
[2.848s]   No SOURCES given to target: hybrid_planning_demo_node
[2.848s] 
[2.848s] [0m
[2.848s] [0mCMake Generate step failed.  Build files cannot be regenerated correctly.[0m
[2.856s] gmake: *** [Makefile:267: cmake_check_build_system] Error 1
[2.858s] Invoked command in '/home/humble_ws/build/moveit_interface' returned '2': CMAKE_PREFIX_PATH=${CMAKE_PREFIX_PATH}:/home/humble_ws/install/antworker_navigation:/home/humble_ws/install/antworker_moveit_bringup:/home/humble_ws/install/antworker_isaacsim_world:/home/humble_ws/install/antworker_description:/opt/ros/humble /usr/bin/cmake --build /home/humble_ws/build/moveit_interface -- -j16 -l16
