[0.026s] Invoking command in '/home/kortex_ws/build/serial': CMAKE_PREFIX_PATH=${CMAKE_PREFIX_PATH}:/home/kortex_ws/install/rqt_joint_trajectory_controller:/home/kortex_ws/install/rqt_controller_manager:/home/kortex_ws/install/ros2controlcli:/home/kortex_ws/install/ros2_controllers_test_nodes:/home/humble_kortex_interface_ws/install/kortex_interface:/opt/ros/humble /usr/bin/cmake /home/kortex_ws/src/serial -DCMAKE_INSTALL_PREFIX=/home/kortex_ws/install/serial
[0.039s] -- Found ament_cmake: 1.3.8 (/opt/ros/humble/share/ament_cmake/cmake)
[0.230s] -- Configuring done
[0.235s] -- Generating done
[0.236s] -- Build files have been written to: /home/kortex_ws/build/serial
[0.275s] Invoked command in '/home/kortex_ws/build/serial' returned '0': CMAKE_PREFIX_PATH=${CMAKE_PREFIX_PATH}:/home/kortex_ws/install/rqt_joint_trajectory_controller:/home/kortex_ws/install/rqt_controller_manager:/home/kortex_ws/install/ros2controlcli:/home/kortex_ws/install/ros2_controllers_test_nodes:/home/humble_kortex_interface_ws/install/kortex_interface:/opt/ros/humble /usr/bin/cmake /home/kortex_ws/src/serial -DCMAKE_INSTALL_PREFIX=/home/kortex_ws/install/serial
[0.278s] Invoking command in '/home/kortex_ws/build/serial': CMAKE_PREFIX_PATH=${CMAKE_PREFIX_PATH}:/home/kortex_ws/install/rqt_joint_trajectory_controller:/home/kortex_ws/install/rqt_controller_manager:/home/kortex_ws/install/ros2controlcli:/home/kortex_ws/install/ros2_controllers_test_nodes:/home/humble_kortex_interface_ws/install/kortex_interface:/opt/ros/humble /usr/bin/cmake --build /home/kortex_ws/build/serial -- -j16 -l16
[0.340s] [35m[1mConsolidate compiler generated dependencies of target serial[0m
[0.366s] [100%] Built target serial
[0.404s] Invoked command in '/home/kortex_ws/build/serial' returned '0': CMAKE_PREFIX_PATH=${CMAKE_PREFIX_PATH}:/home/kortex_ws/install/rqt_joint_trajectory_controller:/home/kortex_ws/install/rqt_controller_manager:/home/kortex_ws/install/ros2controlcli:/home/kortex_ws/install/ros2_controllers_test_nodes:/home/humble_kortex_interface_ws/install/kortex_interface:/opt/ros/humble /usr/bin/cmake --build /home/kortex_ws/build/serial -- -j16 -l16
[0.468s] Invoking command in '/home/kortex_ws/build/serial': CMAKE_PREFIX_PATH=${CMAKE_PREFIX_PATH}:/home/kortex_ws/install/rqt_joint_trajectory_controller:/home/kortex_ws/install/rqt_controller_manager:/home/kortex_ws/install/ros2controlcli:/home/kortex_ws/install/ros2_controllers_test_nodes:/home/humble_kortex_interface_ws/install/kortex_interface:/opt/ros/humble /usr/bin/cmake --install /home/kortex_ws/build/serial
[0.480s] -- Install configuration: "Release"
[0.480s] -- Up-to-date: /home/kortex_ws/install/serial/lib/libserial.a
[0.481s] -- Up-to-date: /home/kortex_ws/install/serial/include
[0.481s] -- Up-to-date: /home/kortex_ws/install/serial/include/serial
[0.481s] -- Up-to-date: /home/kortex_ws/install/serial/include/serial/serial.h
[0.481s] -- Up-to-date: /home/kortex_ws/install/serial/include/serial/v8stdint.h
[0.481s] -- Up-to-date: /home/kortex_ws/install/serial/include/serial/impl
[0.481s] -- Up-to-date: /home/kortex_ws/install/serial/include/serial/impl/win.h
[0.481s] -- Up-to-date: /home/kortex_ws/install/serial/include/serial/impl/unix.h
[0.481s] -- Up-to-date: /home/kortex_ws/install/serial/share/serial/environment/library_path.sh
[0.481s] -- Installing: /home/kortex_ws/install/serial/share/serial/environment/library_path.dsv
[0.481s] -- Up-to-date: /home/kortex_ws/install/serial/share/ament_index/resource_index/package_run_dependencies/serial
[0.481s] -- Installing: /home/kortex_ws/install/serial/share/ament_index/resource_index/parent_prefix_path/serial
[0.481s] -- Up-to-date: /home/kortex_ws/install/serial/share/serial/environment/ament_prefix_path.sh
[0.482s] -- Installing: /home/kortex_ws/install/serial/share/serial/environment/ament_prefix_path.dsv
[0.482s] -- Up-to-date: /home/kortex_ws/install/serial/share/serial/environment/path.sh
[0.482s] -- Installing: /home/kortex_ws/install/serial/share/serial/environment/path.dsv
[0.482s] -- Up-to-date: /home/kortex_ws/install/serial/share/serial/local_setup.bash
[0.482s] -- Up-to-date: /home/kortex_ws/install/serial/share/serial/local_setup.sh
[0.482s] -- Up-to-date: /home/kortex_ws/install/serial/share/serial/local_setup.zsh
[0.482s] -- Installing: /home/kortex_ws/install/serial/share/serial/local_setup.dsv
[0.482s] -- Installing: /home/kortex_ws/install/serial/share/serial/package.dsv
[0.482s] -- Up-to-date: /home/kortex_ws/install/serial/share/ament_index/resource_index/packages/serial
[0.482s] -- Up-to-date: /home/kortex_ws/install/serial/share/serial/cmake/export_serialExport.cmake
[0.482s] -- Up-to-date: /home/kortex_ws/install/serial/share/serial/cmake/export_serialExport-release.cmake
[0.482s] -- Up-to-date: /home/kortex_ws/install/serial/share/serial/cmake/ament_cmake_export_include_directories-extras.cmake
[0.482s] -- Up-to-date: /home/kortex_ws/install/serial/share/serial/cmake/ament_cmake_export_libraries-extras.cmake
[0.483s] -- Up-to-date: /home/kortex_ws/install/serial/share/serial/cmake/ament_cmake_export_targets-extras.cmake
[0.483s] -- Up-to-date: /home/kortex_ws/install/serial/share/serial/cmake/serialConfig.cmake
[0.483s] -- Up-to-date: /home/kortex_ws/install/serial/share/serial/cmake/serialConfig-version.cmake
[0.483s] -- Up-to-date: /home/kortex_ws/install/serial/share/serial/package.xml
[0.484s] Invoked command in '/home/kortex_ws/build/serial' returned '0': CMAKE_PREFIX_PATH=${CMAKE_PREFIX_PATH}:/home/kortex_ws/install/rqt_joint_trajectory_controller:/home/kortex_ws/install/rqt_controller_manager:/home/kortex_ws/install/ros2controlcli:/home/kortex_ws/install/ros2_controllers_test_nodes:/home/humble_kortex_interface_ws/install/kortex_interface:/opt/ros/humble /usr/bin/cmake --install /home/kortex_ws/build/serial
