[0.516s] Invoking command in '/home/humble_ws/src/kinova_arm': PYTHONPATH=/home/humble_ws/build/kinova_arm/prefix_override:/home/humble_ws/install/kinova_arm/lib/python3.10/site-packages:${PYTHONPATH} /usr/bin/python3 -W ignore:setup.py install is deprecated setup.py egg_info --egg-base ../../build/kinova_arm build --build-base /home/humble_ws/build/kinova_arm/build install --record /home/humble_ws/build/kinova_arm/install.log --single-version-externally-managed install_data
[0.675s] running egg_info
[0.675s] writing ../../build/kinova_arm/kinova_arm.egg-info/PKG-INFO
[0.675s] writing dependency_links to ../../build/kinova_arm/kinova_arm.egg-info/dependency_links.txt
[0.676s] writing entry points to ../../build/kinova_arm/kinova_arm.egg-info/entry_points.txt
[0.676s] writing requirements to ../../build/kinova_arm/kinova_arm.egg-info/requires.txt
[0.676s] writing top-level names to ../../build/kinova_arm/kinova_arm.egg-info/top_level.txt
[0.677s] reading manifest file '../../build/kinova_arm/kinova_arm.egg-info/SOURCES.txt'
[0.682s] writing manifest file '../../build/kinova_arm/kinova_arm.egg-info/SOURCES.txt'
[0.682s] running build
[0.683s] running build_py
[0.683s] running install
[0.683s] running install_lib
[0.684s] running install_data
[0.684s] copying description/urdf/GEN3_6DOF_VISION_URDF_ARM_V01.urdf -> /home/humble_ws/install/kinova_arm/share/kinova_arm/description/urdf
[0.685s] running install_egg_info
[0.687s] removing '/home/humble_ws/install/kinova_arm/lib/python3.10/site-packages/kinova_arm-0.0.0-py3.10.egg-info' (and everything under it)
[0.687s] Copying ../../build/kinova_arm/kinova_arm.egg-info to /home/humble_ws/install/kinova_arm/lib/python3.10/site-packages/kinova_arm-0.0.0-py3.10.egg-info
[0.688s] running install_scripts
[0.705s] writing list of installed files to '/home/humble_ws/build/kinova_arm/install.log'
[0.724s] Invoked command in '/home/humble_ws/src/kinova_arm' returned '0': PYTHONPATH=/home/humble_ws/build/kinova_arm/prefix_override:/home/humble_ws/install/kinova_arm/lib/python3.10/site-packages:${PYTHONPATH} /usr/bin/python3 -W ignore:setup.py install is deprecated setup.py egg_info --egg-base ../../build/kinova_arm build --build-base /home/humble_ws/build/kinova_arm/build install --record /home/humble_ws/build/kinova_arm/install.log --single-version-externally-managed install_data
