[0.474s] Invoking command in '/home/humble_ws/src/attempt_py_moveit': PYTHONPATH=/home/humble_ws/build/attempt_py_moveit/prefix_override:/home/humble_ws/install/attempt_py_moveit/lib/python3.10/site-packages:${PYTHONPATH} /usr/bin/python3 -W ignore:setup.py install is deprecated setup.py egg_info --egg-base ../../build/attempt_py_moveit build --build-base /home/humble_ws/build/attempt_py_moveit/build install --record /home/humble_ws/build/attempt_py_moveit/install.log --single-version-externally-managed install_data
[0.647s] running egg_info
[0.647s] writing ../../build/attempt_py_moveit/attempt_py_moveit.egg-info/PKG-INFO
[0.648s] writing dependency_links to ../../build/attempt_py_moveit/attempt_py_moveit.egg-info/dependency_links.txt
[0.648s] writing entry points to ../../build/attempt_py_moveit/attempt_py_moveit.egg-info/entry_points.txt
[0.648s] writing requirements to ../../build/attempt_py_moveit/attempt_py_moveit.egg-info/requires.txt
[0.648s] writing top-level names to ../../build/attempt_py_moveit/attempt_py_moveit.egg-info/top_level.txt
[0.649s] reading manifest file '../../build/attempt_py_moveit/attempt_py_moveit.egg-info/SOURCES.txt'
[0.650s] writing manifest file '../../build/attempt_py_moveit/attempt_py_moveit.egg-info/SOURCES.txt'
[0.650s] running build
[0.650s] running build_py
[0.650s] running install
[0.650s] running install_lib
[0.651s] running install_data
[0.652s] running install_egg_info
[0.653s] removing '/home/humble_ws/install/attempt_py_moveit/lib/python3.10/site-packages/attempt_py_moveit-0.0.0-py3.10.egg-info' (and everything under it)
[0.653s] Copying ../../build/attempt_py_moveit/attempt_py_moveit.egg-info to /home/humble_ws/install/attempt_py_moveit/lib/python3.10/site-packages/attempt_py_moveit-0.0.0-py3.10.egg-info
[0.654s] running install_scripts
[0.670s] Installing ee_point_server script to /home/humble_ws/install/attempt_py_moveit/lib/attempt_py_moveit
[0.670s] Installing trajectory_server script to /home/humble_ws/install/attempt_py_moveit/lib/attempt_py_moveit
[0.670s] Installing trajectory_server_sim script to /home/humble_ws/install/attempt_py_moveit/lib/attempt_py_moveit
[0.670s] writing list of installed files to '/home/humble_ws/build/attempt_py_moveit/install.log'
[0.688s] Invoked command in '/home/humble_ws/src/attempt_py_moveit' returned '0': PYTHONPATH=/home/humble_ws/build/attempt_py_moveit/prefix_override:/home/humble_ws/install/attempt_py_moveit/lib/python3.10/site-packages:${PYTHONPATH} /usr/bin/python3 -W ignore:setup.py install is deprecated setup.py egg_info --egg-base ../../build/attempt_py_moveit build --build-base /home/humble_ws/build/attempt_py_moveit/build install --record /home/humble_ws/build/attempt_py_moveit/install.log --single-version-externally-managed install_data
