[0.000000] (-) TimerEvent: {}
[0.000106] (-) JobUnselected: {'identifier': 'antworker_isaacsim_world'}
[0.000141] (-) JobUnselected: {'identifier': 'antworker_navigation'}
[0.000225] (moveit_rolling_humble_interface) JobQueued: {'identifier': 'moveit_rolling_humble_interface', 'dependencies': OrderedDict()}
[0.000277] (moveit_rolling_humble_interface) JobStarted: {'identifier': 'moveit_rolling_humble_interface'}
[0.099303] (-) TimerEvent: {}
[0.199569] (-) TimerEvent: {}
[0.299816] (-) TimerEvent: {}
[0.400081] (-) TimerEvent: {}
[0.454994] (moveit_rolling_humble_interface) Command: {'cmd': ['/usr/bin/python3', '-W', 'ignore:setup.py install is deprecated', 'setup.py', 'egg_info', '--egg-base', '../../build/moveit_rolling_humble_interface', 'build', '--build-base', '/home/humble_ws/build/moveit_rolling_humble_interface/build', 'install', '--record', '/home/humble_ws/build/moveit_rolling_humble_interface/install.log', '--single-version-externally-managed', 'install_data'], 'cwd': '/home/humble_ws/src/moveit_rolling_humble_interface', 'env': {'HOSTNAME': '6a91b7ce6504', 'SHLVL': '1', 'LD_LIBRARY_PATH': '/opt/ros/humble/opt/rviz_ogre_vendor/lib:/opt/ros/humble/lib/x86_64-linux-gnu:/opt/ros/humble/lib', 'HOME': '/root', 'OLDPWD': '/home/humble_ws', 'ROS_PYTHON_VERSION': '3', 'ROS_DISTRO': 'humble', '_': '/usr/bin/colcon', 'ROS_VERSION': '2', 'TERM': 'xterm', 'ROS_LOCALHOST_ONLY': '0', 'PATH': '/opt/ros/humble/bin:/usr/local/sbin:/usr/local/bin:/usr/sbin:/usr/bin:/sbin:/bin', 'DISPLAY': ':1', 'LANG': 'C.UTF-8', 'AMENT_PREFIX_PATH': '/opt/ros/humble', 'PWD': '/home/humble_ws/build/moveit_rolling_humble_interface', 'LC_ALL': 'C.UTF-8', 'PYTHONPATH': '/home/humble_ws/build/moveit_rolling_humble_interface/prefix_override:/home/humble_ws/install/moveit_rolling_humble_interface/lib/python3.10/site-packages:/opt/ros/humble/lib/python3.10/site-packages:/opt/ros/humble/local/lib/python3.10/dist-packages', 'COLCON': '1'}, 'shell': False}
[0.500197] (-) TimerEvent: {}
[0.600460] (-) TimerEvent: {}
[0.648421] (moveit_rolling_humble_interface) StdoutLine: {'line': b'running egg_info\n'}
[0.649075] (moveit_rolling_humble_interface) StdoutLine: {'line': b'writing ../../build/moveit_rolling_humble_interface/moveit_rolling_humble_interface.egg-info/PKG-INFO\n'}
[0.649447] (moveit_rolling_humble_interface) StdoutLine: {'line': b'writing dependency_links to ../../build/moveit_rolling_humble_interface/moveit_rolling_humble_interface.egg-info/dependency_links.txt\n'}
[0.649727] (moveit_rolling_humble_interface) StdoutLine: {'line': b'writing entry points to ../../build/moveit_rolling_humble_interface/moveit_rolling_humble_interface.egg-info/entry_points.txt\n'}
[0.649961] (moveit_rolling_humble_interface) StdoutLine: {'line': b'writing requirements to ../../build/moveit_rolling_humble_interface/moveit_rolling_humble_interface.egg-info/requires.txt\n'}
[0.650136] (moveit_rolling_humble_interface) StdoutLine: {'line': b'writing top-level names to ../../build/moveit_rolling_humble_interface/moveit_rolling_humble_interface.egg-info/top_level.txt\n'}
[0.651750] (moveit_rolling_humble_interface) StdoutLine: {'line': b"reading manifest file '../../build/moveit_rolling_humble_interface/moveit_rolling_humble_interface.egg-info/SOURCES.txt'\n"}
[0.652684] (moveit_rolling_humble_interface) StdoutLine: {'line': b"writing manifest file '../../build/moveit_rolling_humble_interface/moveit_rolling_humble_interface.egg-info/SOURCES.txt'\n"}
[0.652790] (moveit_rolling_humble_interface) StdoutLine: {'line': b'running build\n'}
[0.652903] (moveit_rolling_humble_interface) StdoutLine: {'line': b'running build_py\n'}
[0.653068] (moveit_rolling_humble_interface) StdoutLine: {'line': b'running install\n'}
[0.653269] (moveit_rolling_humble_interface) StdoutLine: {'line': b'running install_lib\n'}
[0.654251] (moveit_rolling_humble_interface) StdoutLine: {'line': b'running install_data\n'}
[0.654387] (moveit_rolling_humble_interface) StdoutLine: {'line': b'running install_egg_info\n'}
[0.655522] (moveit_rolling_humble_interface) StdoutLine: {'line': b"removing '/home/humble_ws/install/moveit_rolling_humble_interface/lib/python3.10/site-packages/moveit_rolling_humble_interface-0.0.0-py3.10.egg-info' (and everything under it)\n"}
[0.655947] (moveit_rolling_humble_interface) StdoutLine: {'line': b'Copying ../../build/moveit_rolling_humble_interface/moveit_rolling_humble_interface.egg-info to /home/humble_ws/install/moveit_rolling_humble_interface/lib/python3.10/site-packages/moveit_rolling_humble_interface-0.0.0-py3.10.egg-info\n'}
[0.657649] (moveit_rolling_humble_interface) StdoutLine: {'line': b'running install_scripts\n'}
[0.674509] (moveit_rolling_humble_interface) StdoutLine: {'line': b'Installing joint_state_translater script to /home/humble_ws/install/moveit_rolling_humble_interface/lib/moveit_rolling_humble_interface\n'}
[0.674811] (moveit_rolling_humble_interface) StdoutLine: {'line': b"writing list of installed files to '/home/humble_ws/build/moveit_rolling_humble_interface/install.log'\n"}
[0.692389] (moveit_rolling_humble_interface) CommandEnded: {'returncode': 0}
[0.700573] (-) TimerEvent: {}
[0.702722] (moveit_rolling_humble_interface) JobEnded: {'identifier': 'moveit_rolling_humble_interface', 'rc': 0}
[0.703346] (-) EventReactorShutdown: {}
