[0.105s] DEBUG:colcon:Command line arguments: ['/usr/bin/colcon', 'build']
[0.105s] DEBUG:colcon:Parsed command line arguments: Namespace(log_base=None, log_level=None, verb_name='build', build_base='build', install_base='install', merge_install=False, symlink_install=False, test_result_base=None, continue_on_error=False, executor='parallel', parallel_workers=16, event_handlers=None, ignore_user_meta=False, metas=['./colcon.meta'], base_paths=['.'], packages_ignore=None, packages_ignore_regex=None, paths=None, packages_up_to=None, packages_up_to_regex=None, packages_above=None, packages_above_and_dependencies=None, packages_above_depth=None, packages_select_by_dep=None, packages_skip_by_dep=None, packages_skip_up_to=None, packages_select_build_failed=False, packages_skip_build_finished=False, packages_select_test_failures=False, packages_skip_test_passed=False, packages_select=None, packages_skip=None, packages_select_regex=None, packages_skip_regex=None, packages_start=None, packages_end=None, cmake_args=None, cmake_target=None, cmake_target_skip_unavailable=False, cmake_clean_cache=False, cmake_clean_first=False, cmake_force_configure=False, ament_cmake_args=None, catkin_cmake_args=None, catkin_skip_building_tests=False, mixin_files=None, mixin=None, verb_parser=<colcon_mixin.mixin.mixin_argument.MixinArgumentDecorator object at 0x7d4af14bb2b0>, verb_extension=<colcon_core.verb.build.BuildVerb object at 0x7d4af17f3a00>, main=<bound method BuildVerb.main of <colcon_core.verb.build.BuildVerb object at 0x7d4af17f3a00>>, mixin_verb=('build',))
[0.215s] Level 1:colcon.colcon_core.package_discovery:discover_packages(colcon_meta) check parameters
[0.216s] INFO:colcon.colcon_metadata.package_discovery.colcon_meta:Using configuration from '/root/.colcon/metadata/default/Gazebo.meta'
[0.216s] INFO:colcon.colcon_metadata.package_discovery.colcon_meta:Using configuration from '/root/.colcon/metadata/default/fastrtps.meta'
[0.216s] Level 1:colcon.colcon_core.package_discovery:discover_packages(recursive) check parameters
[0.216s] Level 1:colcon.colcon_core.package_discovery:discover_packages(ignore) check parameters
[0.216s] Level 1:colcon.colcon_core.package_discovery:discover_packages(path) check parameters
[0.217s] Level 1:colcon.colcon_core.package_discovery:discover_packages(colcon_meta) discover
[0.217s] Level 1:colcon.colcon_core.package_discovery:discover_packages(recursive) discover
[0.217s] INFO:colcon.colcon_core.package_discovery:Crawling recursively for packages in '/home/humble_ws'
[0.217s] Level 1:colcon.colcon_core.package_identification:_identify(.) by extensions ['ignore', 'ignore_ament_install']
[0.217s] Level 1:colcon.colcon_core.package_identification:_identify(.) by extension 'ignore'
[0.217s] Level 1:colcon.colcon_core.package_identification:_identify(.) by extension 'ignore_ament_install'
[0.217s] Level 1:colcon.colcon_core.package_identification:_identify(.) by extensions ['colcon_pkg']
[0.217s] Level 1:colcon.colcon_core.package_identification:_identify(.) by extension 'colcon_pkg'
[0.217s] Level 1:colcon.colcon_core.package_identification:_identify(.) by extensions ['colcon_meta']
[0.217s] Level 1:colcon.colcon_core.package_identification:_identify(.) by extension 'colcon_meta'
[0.217s] Level 1:colcon.colcon_core.package_identification:_identify(.) by extensions ['ros']
[0.217s] Level 1:colcon.colcon_core.package_identification:_identify(.) by extension 'ros'
[0.227s] Level 1:colcon.colcon_core.package_identification:_identify(.) by extensions ['cmake', 'python']
[0.227s] Level 1:colcon.colcon_core.package_identification:_identify(.) by extension 'cmake'
[0.227s] Level 1:colcon.colcon_core.package_identification:_identify(.) by extension 'python'
[0.227s] Level 1:colcon.colcon_core.package_identification:_identify(.) by extensions ['python_setup_py']
[0.227s] Level 1:colcon.colcon_core.package_identification:_identify(.) by extension 'python_setup_py'
[0.227s] Level 1:colcon.colcon_core.package_identification:_identify(build) by extensions ['ignore', 'ignore_ament_install']
[0.227s] Level 1:colcon.colcon_core.package_identification:_identify(build) by extension 'ignore'
[0.227s] Level 1:colcon.colcon_core.package_identification:_identify(build) ignored
[0.227s] Level 1:colcon.colcon_core.package_identification:_identify(install) by extensions ['ignore', 'ignore_ament_install']
[0.228s] Level 1:colcon.colcon_core.package_identification:_identify(install) by extension 'ignore'
[0.228s] Level 1:colcon.colcon_core.package_identification:_identify(install) ignored
[0.228s] Level 1:colcon.colcon_core.package_identification:_identify(log) by extensions ['ignore', 'ignore_ament_install']
[0.228s] Level 1:colcon.colcon_core.package_identification:_identify(log) by extension 'ignore'
[0.228s] Level 1:colcon.colcon_core.package_identification:_identify(log) ignored
[0.228s] Level 1:colcon.colcon_core.package_identification:_identify(src) by extensions ['ignore', 'ignore_ament_install']
[0.228s] Level 1:colcon.colcon_core.package_identification:_identify(src) by extension 'ignore'
[0.228s] Level 1:colcon.colcon_core.package_identification:_identify(src) by extension 'ignore_ament_install'
[0.228s] Level 1:colcon.colcon_core.package_identification:_identify(src) by extensions ['colcon_pkg']
[0.228s] Level 1:colcon.colcon_core.package_identification:_identify(src) by extension 'colcon_pkg'
[0.228s] Level 1:colcon.colcon_core.package_identification:_identify(src) by extensions ['colcon_meta']
[0.228s] Level 1:colcon.colcon_core.package_identification:_identify(src) by extension 'colcon_meta'
[0.228s] Level 1:colcon.colcon_core.package_identification:_identify(src) by extensions ['ros']
[0.228s] Level 1:colcon.colcon_core.package_identification:_identify(src) by extension 'ros'
[0.228s] Level 1:colcon.colcon_core.package_identification:_identify(src) by extensions ['cmake', 'python']
[0.228s] Level 1:colcon.colcon_core.package_identification:_identify(src) by extension 'cmake'
[0.228s] Level 1:colcon.colcon_core.package_identification:_identify(src) by extension 'python'
[0.228s] Level 1:colcon.colcon_core.package_identification:_identify(src) by extensions ['python_setup_py']
[0.228s] Level 1:colcon.colcon_core.package_identification:_identify(src) by extension 'python_setup_py'
[0.229s] Level 1:colcon.colcon_core.package_identification:_identify(src/__pycache__) by extensions ['ignore', 'ignore_ament_install']
[0.229s] Level 1:colcon.colcon_core.package_identification:_identify(src/__pycache__) by extension 'ignore'
[0.229s] Level 1:colcon.colcon_core.package_identification:_identify(src/__pycache__) by extension 'ignore_ament_install'
[0.229s] Level 1:colcon.colcon_core.package_identification:_identify(src/__pycache__) by extensions ['colcon_pkg']
[0.229s] Level 1:colcon.colcon_core.package_identification:_identify(src/__pycache__) by extension 'colcon_pkg'
[0.229s] Level 1:colcon.colcon_core.package_identification:_identify(src/__pycache__) by extensions ['colcon_meta']
[0.229s] Level 1:colcon.colcon_core.package_identification:_identify(src/__pycache__) by extension 'colcon_meta'
[0.229s] Level 1:colcon.colcon_core.package_identification:_identify(src/__pycache__) by extensions ['ros']
[0.229s] Level 1:colcon.colcon_core.package_identification:_identify(src/__pycache__) by extension 'ros'
[0.229s] Level 1:colcon.colcon_core.package_identification:_identify(src/__pycache__) by extensions ['cmake', 'python']
[0.229s] Level 1:colcon.colcon_core.package_identification:_identify(src/__pycache__) by extension 'cmake'
[0.229s] Level 1:colcon.colcon_core.package_identification:_identify(src/__pycache__) by extension 'python'
[0.229s] Level 1:colcon.colcon_core.package_identification:_identify(src/__pycache__) by extensions ['python_setup_py']
[0.229s] Level 1:colcon.colcon_core.package_identification:_identify(src/__pycache__) by extension 'python_setup_py'
[0.229s] Level 1:colcon.colcon_core.package_identification:_identify(src/antworker_description) by extensions ['ignore', 'ignore_ament_install']
[0.229s] Level 1:colcon.colcon_core.package_identification:_identify(src/antworker_description) by extension 'ignore'
[0.229s] Level 1:colcon.colcon_core.package_identification:_identify(src/antworker_description) by extension 'ignore_ament_install'
[0.229s] Level 1:colcon.colcon_core.package_identification:_identify(src/antworker_description) by extensions ['colcon_pkg']
[0.229s] Level 1:colcon.colcon_core.package_identification:_identify(src/antworker_description) by extension 'colcon_pkg'
[0.229s] Level 1:colcon.colcon_core.package_identification:_identify(src/antworker_description) by extensions ['colcon_meta']
[0.229s] Level 1:colcon.colcon_core.package_identification:_identify(src/antworker_description) by extension 'colcon_meta'
[0.229s] Level 1:colcon.colcon_core.package_identification:_identify(src/antworker_description) by extensions ['ros']
[0.229s] Level 1:colcon.colcon_core.package_identification:_identify(src/antworker_description) by extension 'ros'
[0.232s] DEBUG:colcon.colcon_core.package_identification:Package 'src/antworker_description' with type 'ros.ament_python' and name 'antworker_description'
[0.232s] Level 1:colcon.colcon_core.package_identification:_identify(src/antworker_isaacsim_world) by extensions ['ignore', 'ignore_ament_install']
[0.232s] Level 1:colcon.colcon_core.package_identification:_identify(src/antworker_isaacsim_world) by extension 'ignore'
[0.232s] Level 1:colcon.colcon_core.package_identification:_identify(src/antworker_isaacsim_world) by extension 'ignore_ament_install'
[0.232s] Level 1:colcon.colcon_core.package_identification:_identify(src/antworker_isaacsim_world) by extensions ['colcon_pkg']
[0.232s] Level 1:colcon.colcon_core.package_identification:_identify(src/antworker_isaacsim_world) by extension 'colcon_pkg'
[0.232s] Level 1:colcon.colcon_core.package_identification:_identify(src/antworker_isaacsim_world) by extensions ['colcon_meta']
[0.232s] Level 1:colcon.colcon_core.package_identification:_identify(src/antworker_isaacsim_world) by extension 'colcon_meta'
[0.232s] Level 1:colcon.colcon_core.package_identification:_identify(src/antworker_isaacsim_world) by extensions ['ros']
[0.232s] Level 1:colcon.colcon_core.package_identification:_identify(src/antworker_isaacsim_world) by extension 'ros'
[0.232s] DEBUG:colcon.colcon_core.package_identification:Package 'src/antworker_isaacsim_world' with type 'ros.ament_python' and name 'antworker_isaacsim_world'
[0.233s] Level 1:colcon.colcon_core.package_identification:_identify(src/antworker_moveit_bringup) by extensions ['ignore', 'ignore_ament_install']
[0.233s] Level 1:colcon.colcon_core.package_identification:_identify(src/antworker_moveit_bringup) by extension 'ignore'
[0.233s] Level 1:colcon.colcon_core.package_identification:_identify(src/antworker_moveit_bringup) by extension 'ignore_ament_install'
[0.233s] Level 1:colcon.colcon_core.package_identification:_identify(src/antworker_moveit_bringup) by extensions ['colcon_pkg']
[0.233s] Level 1:colcon.colcon_core.package_identification:_identify(src/antworker_moveit_bringup) by extension 'colcon_pkg'
[0.233s] Level 1:colcon.colcon_core.package_identification:_identify(src/antworker_moveit_bringup) by extensions ['colcon_meta']
[0.233s] Level 1:colcon.colcon_core.package_identification:_identify(src/antworker_moveit_bringup) by extension 'colcon_meta'
[0.233s] Level 1:colcon.colcon_core.package_identification:_identify(src/antworker_moveit_bringup) by extensions ['ros']
[0.233s] Level 1:colcon.colcon_core.package_identification:_identify(src/antworker_moveit_bringup) by extension 'ros'
[0.233s] DEBUG:colcon.colcon_core.package_identification:Package 'src/antworker_moveit_bringup' with type 'ros.ament_python' and name 'antworker_moveit_bringup'
[0.233s] Level 1:colcon.colcon_core.package_identification:_identify(src/antworker_moveit_description) by extensions ['ignore', 'ignore_ament_install']
[0.234s] Level 1:colcon.colcon_core.package_identification:_identify(src/antworker_moveit_description) by extension 'ignore'
[0.234s] Level 1:colcon.colcon_core.package_identification:_identify(src/antworker_moveit_description) by extension 'ignore_ament_install'
[0.234s] Level 1:colcon.colcon_core.package_identification:_identify(src/antworker_moveit_description) by extensions ['colcon_pkg']
[0.234s] Level 1:colcon.colcon_core.package_identification:_identify(src/antworker_moveit_description) by extension 'colcon_pkg'
[0.234s] Level 1:colcon.colcon_core.package_identification:_identify(src/antworker_moveit_description) by extensions ['colcon_meta']
[0.234s] Level 1:colcon.colcon_core.package_identification:_identify(src/antworker_moveit_description) by extension 'colcon_meta'
[0.234s] Level 1:colcon.colcon_core.package_identification:_identify(src/antworker_moveit_description) by extensions ['ros']
[0.234s] Level 1:colcon.colcon_core.package_identification:_identify(src/antworker_moveit_description) by extension 'ros'
[0.234s] DEBUG:colcon.colcon_core.package_identification:Package 'src/antworker_moveit_description' with type 'ros.ament_cmake' and name 'antworker_moveit_description'
[0.235s] Level 1:colcon.colcon_core.package_identification:_identify(src/antworker_navigation) by extensions ['ignore', 'ignore_ament_install']
[0.235s] Level 1:colcon.colcon_core.package_identification:_identify(src/antworker_navigation) by extension 'ignore'
[0.235s] Level 1:colcon.colcon_core.package_identification:_identify(src/antworker_navigation) by extension 'ignore_ament_install'
[0.235s] Level 1:colcon.colcon_core.package_identification:_identify(src/antworker_navigation) by extensions ['colcon_pkg']
[0.235s] Level 1:colcon.colcon_core.package_identification:_identify(src/antworker_navigation) by extension 'colcon_pkg'
[0.235s] Level 1:colcon.colcon_core.package_identification:_identify(src/antworker_navigation) by extensions ['colcon_meta']
[0.235s] Level 1:colcon.colcon_core.package_identification:_identify(src/antworker_navigation) by extension 'colcon_meta'
[0.235s] Level 1:colcon.colcon_core.package_identification:_identify(src/antworker_navigation) by extensions ['ros']
[0.235s] Level 1:colcon.colcon_core.package_identification:_identify(src/antworker_navigation) by extension 'ros'
[0.235s] DEBUG:colcon.colcon_core.package_identification:Package 'src/antworker_navigation' with type 'ros.ament_python' and name 'antworker_navigation'
[0.235s] Level 1:colcon.colcon_core.package_identification:_identify(src/moveit_interface) by extensions ['ignore', 'ignore_ament_install']
[0.235s] Level 1:colcon.colcon_core.package_identification:_identify(src/moveit_interface) by extension 'ignore'
[0.235s] Level 1:colcon.colcon_core.package_identification:_identify(src/moveit_interface) by extension 'ignore_ament_install'
[0.235s] Level 1:colcon.colcon_core.package_identification:_identify(src/moveit_interface) by extensions ['colcon_pkg']
[0.235s] Level 1:colcon.colcon_core.package_identification:_identify(src/moveit_interface) by extension 'colcon_pkg'
[0.236s] Level 1:colcon.colcon_core.package_identification:_identify(src/moveit_interface) by extensions ['colcon_meta']
[0.236s] Level 1:colcon.colcon_core.package_identification:_identify(src/moveit_interface) by extension 'colcon_meta'
[0.236s] Level 1:colcon.colcon_core.package_identification:_identify(src/moveit_interface) by extensions ['ros']
[0.236s] Level 1:colcon.colcon_core.package_identification:_identify(src/moveit_interface) by extension 'ros'
[0.236s] DEBUG:colcon.colcon_core.package_identification:Package 'src/moveit_interface' with type 'ros.ament_cmake' and name 'moveit_interface'
[0.236s] Level 1:colcon.colcon_core.package_discovery:discover_packages(recursive) using defaults
[0.236s] Level 1:colcon.colcon_core.package_discovery:discover_packages(ignore) discover
[0.236s] Level 1:colcon.colcon_core.package_discovery:discover_packages(ignore) using defaults
[0.236s] Level 1:colcon.colcon_core.package_discovery:discover_packages(path) discover
[0.236s] Level 1:colcon.colcon_core.package_discovery:discover_packages(path) using defaults
[0.254s] Level 5:colcon.colcon_core.verb:set package 'antworker_description' build argument 'cmake_args' from command line to 'None'
[0.254s] Level 5:colcon.colcon_core.verb:set package 'antworker_description' build argument 'cmake_target' from command line to 'None'
[0.254s] Level 5:colcon.colcon_core.verb:set package 'antworker_description' build argument 'cmake_target_skip_unavailable' from command line to 'False'
[0.254s] Level 5:colcon.colcon_core.verb:set package 'antworker_description' build argument 'cmake_clean_cache' from command line to 'False'
[0.254s] Level 5:colcon.colcon_core.verb:set package 'antworker_description' build argument 'cmake_clean_first' from command line to 'False'
[0.255s] Level 5:colcon.colcon_core.verb:set package 'antworker_description' build argument 'cmake_force_configure' from command line to 'False'
[0.255s] Level 5:colcon.colcon_core.verb:set package 'antworker_description' build argument 'ament_cmake_args' from command line to 'None'
[0.255s] Level 5:colcon.colcon_core.verb:set package 'antworker_description' build argument 'catkin_cmake_args' from command line to 'None'
[0.255s] Level 5:colcon.colcon_core.verb:set package 'antworker_description' build argument 'catkin_skip_building_tests' from command line to 'False'
[0.255s] DEBUG:colcon.colcon_core.verb:Building package 'antworker_description' with the following arguments: {'ament_cmake_args': None, 'build_base': '/home/humble_ws/build/antworker_description', 'catkin_cmake_args': None, 'catkin_skip_building_tests': False, 'cmake_args': None, 'cmake_clean_cache': False, 'cmake_clean_first': False, 'cmake_force_configure': False, 'cmake_target': None, 'cmake_target_skip_unavailable': False, 'install_base': '/home/humble_ws/install/antworker_description', 'merge_install': False, 'path': '/home/humble_ws/src/antworker_description', 'symlink_install': False, 'test_result_base': None}
[0.255s] Level 5:colcon.colcon_core.verb:set package 'antworker_isaacsim_world' build argument 'cmake_args' from command line to 'None'
[0.255s] Level 5:colcon.colcon_core.verb:set package 'antworker_isaacsim_world' build argument 'cmake_target' from command line to 'None'
[0.255s] Level 5:colcon.colcon_core.verb:set package 'antworker_isaacsim_world' build argument 'cmake_target_skip_unavailable' from command line to 'False'
[0.255s] Level 5:colcon.colcon_core.verb:set package 'antworker_isaacsim_world' build argument 'cmake_clean_cache' from command line to 'False'
[0.255s] Level 5:colcon.colcon_core.verb:set package 'antworker_isaacsim_world' build argument 'cmake_clean_first' from command line to 'False'
[0.255s] Level 5:colcon.colcon_core.verb:set package 'antworker_isaacsim_world' build argument 'cmake_force_configure' from command line to 'False'
[0.255s] Level 5:colcon.colcon_core.verb:set package 'antworker_isaacsim_world' build argument 'ament_cmake_args' from command line to 'None'
[0.255s] Level 5:colcon.colcon_core.verb:set package 'antworker_isaacsim_world' build argument 'catkin_cmake_args' from command line to 'None'
[0.255s] Level 5:colcon.colcon_core.verb:set package 'antworker_isaacsim_world' build argument 'catkin_skip_building_tests' from command line to 'False'
[0.255s] DEBUG:colcon.colcon_core.verb:Building package 'antworker_isaacsim_world' with the following arguments: {'ament_cmake_args': None, 'build_base': '/home/humble_ws/build/antworker_isaacsim_world', 'catkin_cmake_args': None, 'catkin_skip_building_tests': False, 'cmake_args': None, 'cmake_clean_cache': False, 'cmake_clean_first': False, 'cmake_force_configure': False, 'cmake_target': None, 'cmake_target_skip_unavailable': False, 'install_base': '/home/humble_ws/install/antworker_isaacsim_world', 'merge_install': False, 'path': '/home/humble_ws/src/antworker_isaacsim_world', 'symlink_install': False, 'test_result_base': None}
[0.255s] Level 5:colcon.colcon_core.verb:set package 'antworker_moveit_bringup' build argument 'cmake_args' from command line to 'None'
[0.255s] Level 5:colcon.colcon_core.verb:set package 'antworker_moveit_bringup' build argument 'cmake_target' from command line to 'None'
[0.256s] Level 5:colcon.colcon_core.verb:set package 'antworker_moveit_bringup' build argument 'cmake_target_skip_unavailable' from command line to 'False'
[0.256s] Level 5:colcon.colcon_core.verb:set package 'antworker_moveit_bringup' build argument 'cmake_clean_cache' from command line to 'False'
[0.256s] Level 5:colcon.colcon_core.verb:set package 'antworker_moveit_bringup' build argument 'cmake_clean_first' from command line to 'False'
[0.256s] Level 5:colcon.colcon_core.verb:set package 'antworker_moveit_bringup' build argument 'cmake_force_configure' from command line to 'False'
[0.256s] Level 5:colcon.colcon_core.verb:set package 'antworker_moveit_bringup' build argument 'ament_cmake_args' from command line to 'None'
[0.256s] Level 5:colcon.colcon_core.verb:set package 'antworker_moveit_bringup' build argument 'catkin_cmake_args' from command line to 'None'
[0.256s] Level 5:colcon.colcon_core.verb:set package 'antworker_moveit_bringup' build argument 'catkin_skip_building_tests' from command line to 'False'
[0.256s] DEBUG:colcon.colcon_core.verb:Building package 'antworker_moveit_bringup' with the following arguments: {'ament_cmake_args': None, 'build_base': '/home/humble_ws/build/antworker_moveit_bringup', 'catkin_cmake_args': None, 'catkin_skip_building_tests': False, 'cmake_args': None, 'cmake_clean_cache': False, 'cmake_clean_first': False, 'cmake_force_configure': False, 'cmake_target': None, 'cmake_target_skip_unavailable': False, 'install_base': '/home/humble_ws/install/antworker_moveit_bringup', 'merge_install': False, 'path': '/home/humble_ws/src/antworker_moveit_bringup', 'symlink_install': False, 'test_result_base': None}
[0.256s] Level 5:colcon.colcon_core.verb:set package 'antworker_navigation' build argument 'cmake_args' from command line to 'None'
[0.256s] Level 5:colcon.colcon_core.verb:set package 'antworker_navigation' build argument 'cmake_target' from command line to 'None'
[0.256s] Level 5:colcon.colcon_core.verb:set package 'antworker_navigation' build argument 'cmake_target_skip_unavailable' from command line to 'False'
[0.256s] Level 5:colcon.colcon_core.verb:set package 'antworker_navigation' build argument 'cmake_clean_cache' from command line to 'False'
[0.256s] Level 5:colcon.colcon_core.verb:set package 'antworker_navigation' build argument 'cmake_clean_first' from command line to 'False'
[0.256s] Level 5:colcon.colcon_core.verb:set package 'antworker_navigation' build argument 'cmake_force_configure' from command line to 'False'
[0.256s] Level 5:colcon.colcon_core.verb:set package 'antworker_navigation' build argument 'ament_cmake_args' from command line to 'None'
[0.256s] Level 5:colcon.colcon_core.verb:set package 'antworker_navigation' build argument 'catkin_cmake_args' from command line to 'None'
[0.256s] Level 5:colcon.colcon_core.verb:set package 'antworker_navigation' build argument 'catkin_skip_building_tests' from command line to 'False'
[0.256s] DEBUG:colcon.colcon_core.verb:Building package 'antworker_navigation' with the following arguments: {'ament_cmake_args': None, 'build_base': '/home/humble_ws/build/antworker_navigation', 'catkin_cmake_args': None, 'catkin_skip_building_tests': False, 'cmake_args': None, 'cmake_clean_cache': False, 'cmake_clean_first': False, 'cmake_force_configure': False, 'cmake_target': None, 'cmake_target_skip_unavailable': False, 'install_base': '/home/humble_ws/install/antworker_navigation', 'merge_install': False, 'path': '/home/humble_ws/src/antworker_navigation', 'symlink_install': False, 'test_result_base': None}
[0.256s] Level 5:colcon.colcon_core.verb:set package 'moveit_interface' build argument 'cmake_args' from command line to 'None'
[0.257s] Level 5:colcon.colcon_core.verb:set package 'moveit_interface' build argument 'cmake_target' from command line to 'None'
[0.257s] Level 5:colcon.colcon_core.verb:set package 'moveit_interface' build argument 'cmake_target_skip_unavailable' from command line to 'False'
[0.257s] Level 5:colcon.colcon_core.verb:set package 'moveit_interface' build argument 'cmake_clean_cache' from command line to 'False'
[0.257s] Level 5:colcon.colcon_core.verb:set package 'moveit_interface' build argument 'cmake_clean_first' from command line to 'False'
[0.257s] Level 5:colcon.colcon_core.verb:set package 'moveit_interface' build argument 'cmake_force_configure' from command line to 'False'
[0.257s] Level 5:colcon.colcon_core.verb:set package 'moveit_interface' build argument 'ament_cmake_args' from command line to 'None'
[0.257s] Level 5:colcon.colcon_core.verb:set package 'moveit_interface' build argument 'catkin_cmake_args' from command line to 'None'
[0.257s] Level 5:colcon.colcon_core.verb:set package 'moveit_interface' build argument 'catkin_skip_building_tests' from command line to 'False'
[0.257s] DEBUG:colcon.colcon_core.verb:Building package 'moveit_interface' with the following arguments: {'ament_cmake_args': None, 'build_base': '/home/humble_ws/build/moveit_interface', 'catkin_cmake_args': None, 'catkin_skip_building_tests': False, 'cmake_args': None, 'cmake_clean_cache': False, 'cmake_clean_first': False, 'cmake_force_configure': False, 'cmake_target': None, 'cmake_target_skip_unavailable': False, 'install_base': '/home/humble_ws/install/moveit_interface', 'merge_install': False, 'path': '/home/humble_ws/src/moveit_interface', 'symlink_install': False, 'test_result_base': None}
[0.257s] Level 5:colcon.colcon_core.verb:set package 'antworker_moveit_description' build argument 'cmake_args' from command line to 'None'
[0.257s] Level 5:colcon.colcon_core.verb:set package 'antworker_moveit_description' build argument 'cmake_target' from command line to 'None'
[0.257s] Level 5:colcon.colcon_core.verb:set package 'antworker_moveit_description' build argument 'cmake_target_skip_unavailable' from command line to 'False'
[0.257s] Level 5:colcon.colcon_core.verb:set package 'antworker_moveit_description' build argument 'cmake_clean_cache' from command line to 'False'
[0.257s] Level 5:colcon.colcon_core.verb:set package 'antworker_moveit_description' build argument 'cmake_clean_first' from command line to 'False'
[0.257s] Level 5:colcon.colcon_core.verb:set package 'antworker_moveit_description' build argument 'cmake_force_configure' from command line to 'False'
[0.257s] Level 5:colcon.colcon_core.verb:set package 'antworker_moveit_description' build argument 'ament_cmake_args' from command line to 'None'
[0.257s] Level 5:colcon.colcon_core.verb:set package 'antworker_moveit_description' build argument 'catkin_cmake_args' from command line to 'None'
[0.257s] Level 5:colcon.colcon_core.verb:set package 'antworker_moveit_description' build argument 'catkin_skip_building_tests' from command line to 'False'
[0.257s] DEBUG:colcon.colcon_core.verb:Building package 'antworker_moveit_description' with the following arguments: {'ament_cmake_args': None, 'build_base': '/home/humble_ws/build/antworker_moveit_description', 'catkin_cmake_args': None, 'catkin_skip_building_tests': False, 'cmake_args': None, 'cmake_clean_cache': False, 'cmake_clean_first': False, 'cmake_force_configure': False, 'cmake_target': None, 'cmake_target_skip_unavailable': False, 'install_base': '/home/humble_ws/install/antworker_moveit_description', 'merge_install': False, 'path': '/home/humble_ws/src/antworker_moveit_description', 'symlink_install': False, 'test_result_base': None}
[0.257s] INFO:colcon.colcon_core.executor:Executing jobs using 'parallel' executor
[0.258s] DEBUG:colcon.colcon_parallel_executor.executor.parallel:run_until_complete
[0.259s] INFO:colcon.colcon_ros.task.ament_python.build:Building ROS package in '/home/humble_ws/src/antworker_description' with build type 'ament_python'
[0.259s] Level 1:colcon.colcon_core.shell:create_environment_hook('antworker_description', 'ament_prefix_path')
[0.261s] INFO:colcon.colcon_core.plugin_system:Skipping extension 'colcon_core.shell.bat': Not used on non-Windows systems
[0.261s] INFO:colcon.colcon_core.shell:Creating environment hook '/home/humble_ws/install/antworker_description/share/antworker_description/hook/ament_prefix_path.ps1'
[0.262s] INFO:colcon.colcon_core.shell:Creating environment descriptor '/home/humble_ws/install/antworker_description/share/antworker_description/hook/ament_prefix_path.dsv'
[0.262s] INFO:colcon.colcon_core.shell:Creating environment hook '/home/humble_ws/install/antworker_description/share/antworker_description/hook/ament_prefix_path.sh'
[0.262s] INFO:colcon.colcon_core.shell:Skip shell extension 'powershell' for command environment: Not usable outside of PowerShell
[0.263s] DEBUG:colcon.colcon_core.shell:Skip shell extension 'dsv' for command environment
[0.267s] INFO:colcon.colcon_ros.task.ament_python.build:Building ROS package in '/home/humble_ws/src/antworker_isaacsim_world' with build type 'ament_python'
[0.267s] Level 1:colcon.colcon_core.shell:create_environment_hook('antworker_isaacsim_world', 'ament_prefix_path')
[0.267s] INFO:colcon.colcon_core.shell:Creating environment hook '/home/humble_ws/install/antworker_isaacsim_world/share/antworker_isaacsim_world/hook/ament_prefix_path.ps1'
[0.268s] INFO:colcon.colcon_core.shell:Creating environment descriptor '/home/humble_ws/install/antworker_isaacsim_world/share/antworker_isaacsim_world/hook/ament_prefix_path.dsv'
[0.268s] INFO:colcon.colcon_core.shell:Creating environment hook '/home/humble_ws/install/antworker_isaacsim_world/share/antworker_isaacsim_world/hook/ament_prefix_path.sh'
[0.269s] INFO:colcon.colcon_core.shell:Skip shell extension 'powershell' for command environment: Not usable outside of PowerShell
[0.269s] DEBUG:colcon.colcon_core.shell:Skip shell extension 'dsv' for command environment
[0.272s] INFO:colcon.colcon_ros.task.ament_python.build:Building ROS package in '/home/humble_ws/src/antworker_moveit_bringup' with build type 'ament_python'
[0.272s] Level 1:colcon.colcon_core.shell:create_environment_hook('antworker_moveit_bringup', 'ament_prefix_path')
[0.273s] INFO:colcon.colcon_core.shell:Creating environment hook '/home/humble_ws/install/antworker_moveit_bringup/share/antworker_moveit_bringup/hook/ament_prefix_path.ps1'
[0.273s] INFO:colcon.colcon_core.shell:Creating environment descriptor '/home/humble_ws/install/antworker_moveit_bringup/share/antworker_moveit_bringup/hook/ament_prefix_path.dsv'
[0.273s] INFO:colcon.colcon_core.shell:Creating environment hook '/home/humble_ws/install/antworker_moveit_bringup/share/antworker_moveit_bringup/hook/ament_prefix_path.sh'
[0.274s] INFO:colcon.colcon_core.shell:Skip shell extension 'powershell' for command environment: Not usable outside of PowerShell
[0.274s] DEBUG:colcon.colcon_core.shell:Skip shell extension 'dsv' for command environment
[0.277s] INFO:colcon.colcon_ros.task.ament_python.build:Building ROS package in '/home/humble_ws/src/antworker_navigation' with build type 'ament_python'
[0.277s] Level 1:colcon.colcon_core.shell:create_environment_hook('antworker_navigation', 'ament_prefix_path')
[0.277s] INFO:colcon.colcon_core.shell:Creating environment hook '/home/humble_ws/install/antworker_navigation/share/antworker_navigation/hook/ament_prefix_path.ps1'
[0.278s] INFO:colcon.colcon_core.shell:Creating environment descriptor '/home/humble_ws/install/antworker_navigation/share/antworker_navigation/hook/ament_prefix_path.dsv'
[0.278s] INFO:colcon.colcon_core.shell:Creating environment hook '/home/humble_ws/install/antworker_navigation/share/antworker_navigation/hook/ament_prefix_path.sh'
[0.278s] INFO:colcon.colcon_core.shell:Skip shell extension 'powershell' for command environment: Not usable outside of PowerShell
[0.278s] DEBUG:colcon.colcon_core.shell:Skip shell extension 'dsv' for command environment
[0.281s] INFO:colcon.colcon_ros.task.ament_cmake.build:Building ROS package in '/home/humble_ws/src/moveit_interface' with build type 'ament_cmake'
[0.281s] INFO:colcon.colcon_cmake.task.cmake.build:Building CMake package in '/home/humble_ws/src/moveit_interface'
[0.281s] INFO:colcon.colcon_core.shell:Skip shell extension 'powershell' for command environment: Not usable outside of PowerShell
[0.281s] DEBUG:colcon.colcon_core.shell:Skip shell extension 'dsv' for command environment
[0.473s] INFO:colcon.colcon_core.task.python.build:Building Python package in '/home/humble_ws/src/antworker_description'
[0.473s] INFO:colcon.colcon_core.shell:Skip shell extension 'powershell' for command environment: Not usable outside of PowerShell
[0.473s] DEBUG:colcon.colcon_core.shell:Skip shell extension 'dsv' for command environment
[0.679s] INFO:colcon.colcon_core.task.python.build:Building Python package in '/home/humble_ws/src/antworker_isaacsim_world'
[0.679s] INFO:colcon.colcon_core.shell:Skip shell extension 'powershell' for command environment: Not usable outside of PowerShell
[0.679s] DEBUG:colcon.colcon_core.shell:Skip shell extension 'dsv' for command environment
[0.884s] INFO:colcon.colcon_core.task.python.build:Building Python package in '/home/humble_ws/src/antworker_moveit_bringup'
[0.884s] INFO:colcon.colcon_core.shell:Skip shell extension 'powershell' for command environment: Not usable outside of PowerShell
[0.884s] DEBUG:colcon.colcon_core.shell:Skip shell extension 'dsv' for command environment
[1.080s] INFO:colcon.colcon_core.task.python.build:Building Python package in '/home/humble_ws/src/antworker_navigation'
[1.080s] INFO:colcon.colcon_core.shell:Skip shell extension 'powershell' for command environment: Not usable outside of PowerShell
[1.081s] DEBUG:colcon.colcon_core.shell:Skip shell extension 'dsv' for command environment
[1.090s] DEBUG:colcon.colcon_core.event_handler.log_command:Invoking command in '/home/humble_ws/build/moveit_interface': CMAKE_PREFIX_PATH=${CMAKE_PREFIX_PATH}:/home/humble_ws/install/antworker_navigation:/home/humble_ws/install/antworker_moveit_bringup:/home/humble_ws/install/antworker_isaacsim_world:/home/humble_ws/install/antworker_description:/opt/ros/humble /usr/bin/cmake --build /home/humble_ws/build/moveit_interface -- -j16 -l16
[1.431s] DEBUG:colcon.colcon_core.event_handler.log_command:Invoking command in '/home/humble_ws/src/antworker_isaacsim_world': PYTHONPATH=/home/humble_ws/build/antworker_isaacsim_world/prefix_override:/home/humble_ws/install/antworker_isaacsim_world/lib/python3.10/site-packages:${PYTHONPATH} /usr/bin/python3 -W ignore:setup.py install is deprecated setup.py egg_info --egg-base ../../build/antworker_isaacsim_world build --build-base /home/humble_ws/build/antworker_isaacsim_world/build install --record /home/humble_ws/build/antworker_isaacsim_world/install.log --single-version-externally-managed install_data
[1.432s] DEBUG:colcon.colcon_core.event_handler.log_command:Invoking command in '/home/humble_ws/src/antworker_moveit_bringup': PYTHONPATH=/home/humble_ws/build/antworker_moveit_bringup/prefix_override:/home/humble_ws/install/antworker_moveit_bringup/lib/python3.10/site-packages:${PYTHONPATH} /usr/bin/python3 -W ignore:setup.py install is deprecated setup.py egg_info --egg-base ../../build/antworker_moveit_bringup build --build-base /home/humble_ws/build/antworker_moveit_bringup/build install --record /home/humble_ws/build/antworker_moveit_bringup/install.log --single-version-externally-managed install_data
[1.441s] DEBUG:colcon.colcon_core.event_handler.log_command:Invoking command in '/home/humble_ws/src/antworker_description': PYTHONPATH=/home/humble_ws/build/antworker_description/prefix_override:/home/humble_ws/install/antworker_description/lib/python3.10/site-packages:${PYTHONPATH} /usr/bin/python3 -W ignore:setup.py install is deprecated setup.py egg_info --egg-base ../../build/antworker_description build --build-base /home/humble_ws/build/antworker_description/build install --record /home/humble_ws/build/antworker_description/install.log --single-version-externally-managed install_data
[1.448s] DEBUG:colcon.colcon_core.event_handler.log_command:Invoking command in '/home/humble_ws/src/antworker_navigation': PYTHONPATH=/home/humble_ws/build/antworker_navigation/prefix_override:/home/humble_ws/install/antworker_navigation/lib/python3.10/site-packages:${PYTHONPATH} /usr/bin/python3 -W ignore:setup.py install is deprecated setup.py egg_info --egg-base ../../build/antworker_navigation build --build-base /home/humble_ws/build/antworker_navigation/build install --record /home/humble_ws/build/antworker_navigation/install.log --single-version-externally-managed install_data
[1.694s] DEBUG:colcon.colcon_core.event_handler.log_command:Invoked command in '/home/humble_ws/src/antworker_isaacsim_world' returned '0': PYTHONPATH=/home/humble_ws/build/antworker_isaacsim_world/prefix_override:/home/humble_ws/install/antworker_isaacsim_world/lib/python3.10/site-packages:${PYTHONPATH} /usr/bin/python3 -W ignore:setup.py install is deprecated setup.py egg_info --egg-base ../../build/antworker_isaacsim_world build --build-base /home/humble_ws/build/antworker_isaacsim_world/build install --record /home/humble_ws/build/antworker_isaacsim_world/install.log --single-version-externally-managed install_data
[1.697s] Level 1:colcon.colcon_core.environment:checking '/home/humble_ws/install/antworker_isaacsim_world' for CMake module files
[1.698s] Level 1:colcon.colcon_core.environment:checking '/home/humble_ws/install/antworker_isaacsim_world' for CMake config files
[1.698s] Level 1:colcon.colcon_core.environment:checking '/home/humble_ws/install/antworker_isaacsim_world/lib'
[1.698s] Level 1:colcon.colcon_core.environment:checking '/home/humble_ws/install/antworker_isaacsim_world/bin'
[1.699s] Level 1:colcon.colcon_core.environment:checking '/home/humble_ws/install/antworker_isaacsim_world/lib/pkgconfig/antworker_isaacsim_world.pc'
[1.699s] Level 1:colcon.colcon_core.environment:checking '/home/humble_ws/install/antworker_isaacsim_world/lib/python3.10/site-packages'
[1.699s] Level 1:colcon.colcon_core.shell:create_environment_hook('antworker_isaacsim_world', 'pythonpath')
[1.699s] INFO:colcon.colcon_core.shell:Creating environment hook '/home/humble_ws/install/antworker_isaacsim_world/share/antworker_isaacsim_world/hook/pythonpath.ps1'
[1.700s] INFO:colcon.colcon_core.shell:Creating environment descriptor '/home/humble_ws/install/antworker_isaacsim_world/share/antworker_isaacsim_world/hook/pythonpath.dsv'
[1.700s] INFO:colcon.colcon_core.shell:Creating environment hook '/home/humble_ws/install/antworker_isaacsim_world/share/antworker_isaacsim_world/hook/pythonpath.sh'
[1.701s] Level 1:colcon.colcon_core.environment:checking '/home/humble_ws/install/antworker_isaacsim_world/bin'
[1.701s] Level 1:colcon.colcon_core.environment:create_environment_scripts_only(antworker_isaacsim_world)
[1.701s] INFO:colcon.colcon_core.shell:Creating package script '/home/humble_ws/install/antworker_isaacsim_world/share/antworker_isaacsim_world/package.ps1'
[1.702s] INFO:colcon.colcon_core.shell:Creating package descriptor '/home/humble_ws/install/antworker_isaacsim_world/share/antworker_isaacsim_world/package.dsv'
[1.702s] INFO:colcon.colcon_core.shell:Creating package script '/home/humble_ws/install/antworker_isaacsim_world/share/antworker_isaacsim_world/package.sh'
[1.703s] INFO:colcon.colcon_core.shell:Creating package script '/home/humble_ws/install/antworker_isaacsim_world/share/antworker_isaacsim_world/package.bash'
[1.704s] INFO:colcon.colcon_core.shell:Creating package script '/home/humble_ws/install/antworker_isaacsim_world/share/antworker_isaacsim_world/package.zsh'
[1.704s] Level 1:colcon.colcon_core.environment:create_file_with_runtime_dependencies(/home/humble_ws/install/antworker_isaacsim_world/share/colcon-core/packages/antworker_isaacsim_world)
[1.706s] Level 1:colcon.colcon_core.environment:checking '/home/humble_ws/install/antworker_moveit_bringup' for CMake module files
[1.706s] DEBUG:colcon.colcon_core.event_handler.log_command:Invoked command in '/home/humble_ws/src/antworker_moveit_bringup' returned '0': PYTHONPATH=/home/humble_ws/build/antworker_moveit_bringup/prefix_override:/home/humble_ws/install/antworker_moveit_bringup/lib/python3.10/site-packages:${PYTHONPATH} /usr/bin/python3 -W ignore:setup.py install is deprecated setup.py egg_info --egg-base ../../build/antworker_moveit_bringup build --build-base /home/humble_ws/build/antworker_moveit_bringup/build install --record /home/humble_ws/build/antworker_moveit_bringup/install.log --single-version-externally-managed install_data
[1.707s] Level 1:colcon.colcon_core.environment:checking '/home/humble_ws/install/antworker_moveit_bringup' for CMake config files
[1.707s] Level 1:colcon.colcon_core.environment:checking '/home/humble_ws/install/antworker_moveit_bringup/lib'
[1.707s] Level 1:colcon.colcon_core.environment:checking '/home/humble_ws/install/antworker_moveit_bringup/bin'
[1.707s] Level 1:colcon.colcon_core.environment:checking '/home/humble_ws/install/antworker_moveit_bringup/lib/pkgconfig/antworker_moveit_bringup.pc'
[1.708s] Level 1:colcon.colcon_core.environment:checking '/home/humble_ws/install/antworker_moveit_bringup/lib/python3.10/site-packages'
[1.708s] Level 1:colcon.colcon_core.shell:create_environment_hook('antworker_moveit_bringup', 'pythonpath')
[1.708s] INFO:colcon.colcon_core.shell:Creating environment hook '/home/humble_ws/install/antworker_moveit_bringup/share/antworker_moveit_bringup/hook/pythonpath.ps1'
[1.708s] INFO:colcon.colcon_core.shell:Creating environment descriptor '/home/humble_ws/install/antworker_moveit_bringup/share/antworker_moveit_bringup/hook/pythonpath.dsv'
[1.709s] INFO:colcon.colcon_core.shell:Creating environment hook '/home/humble_ws/install/antworker_moveit_bringup/share/antworker_moveit_bringup/hook/pythonpath.sh'
[1.709s] Level 1:colcon.colcon_core.environment:checking '/home/humble_ws/install/antworker_moveit_bringup/bin'
[1.709s] Level 1:colcon.colcon_core.environment:create_environment_scripts_only(antworker_moveit_bringup)
[1.709s] INFO:colcon.colcon_core.shell:Creating package script '/home/humble_ws/install/antworker_moveit_bringup/share/antworker_moveit_bringup/package.ps1'
[1.710s] INFO:colcon.colcon_core.shell:Creating package descriptor '/home/humble_ws/install/antworker_moveit_bringup/share/antworker_moveit_bringup/package.dsv'
[1.710s] INFO:colcon.colcon_core.shell:Creating package script '/home/humble_ws/install/antworker_moveit_bringup/share/antworker_moveit_bringup/package.sh'
[1.711s] INFO:colcon.colcon_core.shell:Creating package script '/home/humble_ws/install/antworker_moveit_bringup/share/antworker_moveit_bringup/package.bash'
[1.711s] INFO:colcon.colcon_core.shell:Creating package script '/home/humble_ws/install/antworker_moveit_bringup/share/antworker_moveit_bringup/package.zsh'
[1.711s] Level 1:colcon.colcon_core.environment:create_file_with_runtime_dependencies(/home/humble_ws/install/antworker_moveit_bringup/share/colcon-core/packages/antworker_moveit_bringup)
[1.712s] Level 1:colcon.colcon_core.environment:checking '/home/humble_ws/install/antworker_description' for CMake module files
[1.713s] DEBUG:colcon.colcon_core.event_handler.log_command:Invoked command in '/home/humble_ws/src/antworker_description' returned '0': PYTHONPATH=/home/humble_ws/build/antworker_description/prefix_override:/home/humble_ws/install/antworker_description/lib/python3.10/site-packages:${PYTHONPATH} /usr/bin/python3 -W ignore:setup.py install is deprecated setup.py egg_info --egg-base ../../build/antworker_description build --build-base /home/humble_ws/build/antworker_description/build install --record /home/humble_ws/build/antworker_description/install.log --single-version-externally-managed install_data
[1.713s] Level 1:colcon.colcon_core.environment:checking '/home/humble_ws/install/antworker_description' for CMake config files
[1.714s] Level 1:colcon.colcon_core.environment:checking '/home/humble_ws/install/antworker_description/lib'
[1.714s] Level 1:colcon.colcon_core.environment:checking '/home/humble_ws/install/antworker_description/bin'
[1.714s] Level 1:colcon.colcon_core.environment:checking '/home/humble_ws/install/antworker_description/lib/pkgconfig/antworker_description.pc'
[1.714s] Level 1:colcon.colcon_core.environment:checking '/home/humble_ws/install/antworker_description/lib/python3.10/site-packages'
[1.714s] Level 1:colcon.colcon_core.shell:create_environment_hook('antworker_description', 'pythonpath')
[1.714s] INFO:colcon.colcon_core.shell:Creating environment hook '/home/humble_ws/install/antworker_description/share/antworker_description/hook/pythonpath.ps1'
[1.715s] INFO:colcon.colcon_core.shell:Creating environment descriptor '/home/humble_ws/install/antworker_description/share/antworker_description/hook/pythonpath.dsv'
[1.715s] INFO:colcon.colcon_core.shell:Creating environment hook '/home/humble_ws/install/antworker_description/share/antworker_description/hook/pythonpath.sh'
[1.715s] Level 1:colcon.colcon_core.environment:checking '/home/humble_ws/install/antworker_description/bin'
[1.715s] Level 1:colcon.colcon_core.environment:create_environment_scripts_only(antworker_description)
[1.716s] INFO:colcon.colcon_core.shell:Creating package script '/home/humble_ws/install/antworker_description/share/antworker_description/package.ps1'
[1.716s] INFO:colcon.colcon_core.shell:Creating package descriptor '/home/humble_ws/install/antworker_description/share/antworker_description/package.dsv'
[1.716s] INFO:colcon.colcon_core.shell:Creating package script '/home/humble_ws/install/antworker_description/share/antworker_description/package.sh'
[1.717s] INFO:colcon.colcon_core.shell:Creating package script '/home/humble_ws/install/antworker_description/share/antworker_description/package.bash'
[1.717s] INFO:colcon.colcon_core.shell:Creating package script '/home/humble_ws/install/antworker_description/share/antworker_description/package.zsh'
[1.717s] Level 1:colcon.colcon_core.environment:create_file_with_runtime_dependencies(/home/humble_ws/install/antworker_description/share/colcon-core/packages/antworker_description)
[1.718s] INFO:colcon.colcon_ros.task.ament_cmake.build:Building ROS package in '/home/humble_ws/src/antworker_moveit_description' with build type 'ament_cmake'
[1.718s] INFO:colcon.colcon_cmake.task.cmake.build:Building CMake package in '/home/humble_ws/src/antworker_moveit_description'
[1.718s] INFO:colcon.colcon_core.shell:Skip shell extension 'powershell' for command environment: Not usable outside of PowerShell
[1.718s] DEBUG:colcon.colcon_core.shell:Skip shell extension 'dsv' for command environment
[1.723s] Level 1:colcon.colcon_core.environment:checking '/home/humble_ws/install/antworker_navigation' for CMake module files
[1.723s] DEBUG:colcon.colcon_core.event_handler.log_command:Invoked command in '/home/humble_ws/src/antworker_navigation' returned '0': PYTHONPATH=/home/humble_ws/build/antworker_navigation/prefix_override:/home/humble_ws/install/antworker_navigation/lib/python3.10/site-packages:${PYTHONPATH} /usr/bin/python3 -W ignore:setup.py install is deprecated setup.py egg_info --egg-base ../../build/antworker_navigation build --build-base /home/humble_ws/build/antworker_navigation/build install --record /home/humble_ws/build/antworker_navigation/install.log --single-version-externally-managed install_data
[1.723s] Level 1:colcon.colcon_core.environment:checking '/home/humble_ws/install/antworker_navigation' for CMake config files
[1.724s] Level 1:colcon.colcon_core.environment:checking '/home/humble_ws/install/antworker_navigation/lib'
[1.724s] Level 1:colcon.colcon_core.environment:checking '/home/humble_ws/install/antworker_navigation/bin'
[1.724s] Level 1:colcon.colcon_core.environment:checking '/home/humble_ws/install/antworker_navigation/lib/pkgconfig/antworker_navigation.pc'
[1.724s] Level 1:colcon.colcon_core.environment:checking '/home/humble_ws/install/antworker_navigation/lib/python3.10/site-packages'
[1.724s] Level 1:colcon.colcon_core.shell:create_environment_hook('antworker_navigation', 'pythonpath')
[1.724s] INFO:colcon.colcon_core.shell:Creating environment hook '/home/humble_ws/install/antworker_navigation/share/antworker_navigation/hook/pythonpath.ps1'
[1.725s] INFO:colcon.colcon_core.shell:Creating environment descriptor '/home/humble_ws/install/antworker_navigation/share/antworker_navigation/hook/pythonpath.dsv'
[1.725s] INFO:colcon.colcon_core.shell:Creating environment hook '/home/humble_ws/install/antworker_navigation/share/antworker_navigation/hook/pythonpath.sh'
[1.725s] Level 1:colcon.colcon_core.environment:checking '/home/humble_ws/install/antworker_navigation/bin'
[1.725s] Level 1:colcon.colcon_core.environment:create_environment_scripts_only(antworker_navigation)
[1.726s] INFO:colcon.colcon_core.shell:Creating package script '/home/humble_ws/install/antworker_navigation/share/antworker_navigation/package.ps1'
[1.726s] INFO:colcon.colcon_core.shell:Creating package descriptor '/home/humble_ws/install/antworker_navigation/share/antworker_navigation/package.dsv'
[1.726s] INFO:colcon.colcon_core.shell:Creating package script '/home/humble_ws/install/antworker_navigation/share/antworker_navigation/package.sh'
[1.727s] INFO:colcon.colcon_core.shell:Creating package script '/home/humble_ws/install/antworker_navigation/share/antworker_navigation/package.bash'
[1.727s] INFO:colcon.colcon_core.shell:Creating package script '/home/humble_ws/install/antworker_navigation/share/antworker_navigation/package.zsh'
[1.727s] Level 1:colcon.colcon_core.environment:create_file_with_runtime_dependencies(/home/humble_ws/install/antworker_navigation/share/colcon-core/packages/antworker_navigation)
[1.731s] DEBUG:colcon.colcon_core.event_handler.log_command:Invoking command in '/home/humble_ws/build/antworker_moveit_description': AMENT_PREFIX_PATH=/home/humble_ws/install/antworker_description:/home/humble_ws/install/moveit_interface:/home/humble_ws/install/antworker_navigation:/home/humble_ws/install/antworker_moveit_description:/home/humble_ws/install/antworker_moveit_bringup:/home/humble_ws/install/antworker_isaacsim_world:/opt/ros/humble CMAKE_PREFIX_PATH=${CMAKE_PREFIX_PATH}:/home/humble_ws/install/antworker_navigation:/home/humble_ws/install/antworker_moveit_bringup:/home/humble_ws/install/antworker_isaacsim_world:/home/humble_ws/install/antworker_description:/opt/ros/humble PYTHONPATH=/home/humble_ws/install/antworker_description/lib/python3.10/site-packages:/home/humble_ws/install/antworker_navigation/lib/python3.10/site-packages:/home/humble_ws/install/antworker_moveit_bringup/lib/python3.10/site-packages:/home/humble_ws/install/antworker_isaacsim_world/lib/python3.10/site-packages:/opt/ros/humble/lib/python3.10/site-packages:/opt/ros/humble/local/lib/python3.10/dist-packages /usr/bin/cmake --build /home/humble_ws/build/antworker_moveit_description -- -j16 -l16
[1.775s] DEBUG:colcon.colcon_core.event_handler.log_command:Invoked command in '/home/humble_ws/build/antworker_moveit_description' returned '0': AMENT_PREFIX_PATH=/home/humble_ws/install/antworker_description:/home/humble_ws/install/moveit_interface:/home/humble_ws/install/antworker_navigation:/home/humble_ws/install/antworker_moveit_description:/home/humble_ws/install/antworker_moveit_bringup:/home/humble_ws/install/antworker_isaacsim_world:/opt/ros/humble CMAKE_PREFIX_PATH=${CMAKE_PREFIX_PATH}:/home/humble_ws/install/antworker_navigation:/home/humble_ws/install/antworker_moveit_bringup:/home/humble_ws/install/antworker_isaacsim_world:/home/humble_ws/install/antworker_description:/opt/ros/humble PYTHONPATH=/home/humble_ws/install/antworker_description/lib/python3.10/site-packages:/home/humble_ws/install/antworker_navigation/lib/python3.10/site-packages:/home/humble_ws/install/antworker_moveit_bringup/lib/python3.10/site-packages:/home/humble_ws/install/antworker_isaacsim_world/lib/python3.10/site-packages:/opt/ros/humble/lib/python3.10/site-packages:/opt/ros/humble/local/lib/python3.10/dist-packages /usr/bin/cmake --build /home/humble_ws/build/antworker_moveit_description -- -j16 -l16
[1.809s] DEBUG:colcon.colcon_core.event_handler.log_command:Invoking command in '/home/humble_ws/build/antworker_moveit_description': AMENT_PREFIX_PATH=/home/humble_ws/install/antworker_description:/home/humble_ws/install/moveit_interface:/home/humble_ws/install/antworker_navigation:/home/humble_ws/install/antworker_moveit_description:/home/humble_ws/install/antworker_moveit_bringup:/home/humble_ws/install/antworker_isaacsim_world:/opt/ros/humble CMAKE_PREFIX_PATH=${CMAKE_PREFIX_PATH}:/home/humble_ws/install/antworker_navigation:/home/humble_ws/install/antworker_moveit_bringup:/home/humble_ws/install/antworker_isaacsim_world:/home/humble_ws/install/antworker_description:/opt/ros/humble PYTHONPATH=/home/humble_ws/install/antworker_description/lib/python3.10/site-packages:/home/humble_ws/install/antworker_navigation/lib/python3.10/site-packages:/home/humble_ws/install/antworker_moveit_bringup/lib/python3.10/site-packages:/home/humble_ws/install/antworker_isaacsim_world/lib/python3.10/site-packages:/opt/ros/humble/lib/python3.10/site-packages:/opt/ros/humble/local/lib/python3.10/dist-packages /usr/bin/cmake --install /home/humble_ws/build/antworker_moveit_description
[1.821s] Level 1:colcon.colcon_core.environment:create_environment_scripts_only(antworker_moveit_description)
[1.821s] Level 1:colcon.colcon_core.environment:checking '/home/humble_ws/install/antworker_moveit_description' for CMake module files
[1.822s] DEBUG:colcon.colcon_core.event_handler.log_command:Invoked command in '/home/humble_ws/build/antworker_moveit_description' returned '0': AMENT_PREFIX_PATH=/home/humble_ws/install/antworker_description:/home/humble_ws/install/moveit_interface:/home/humble_ws/install/antworker_navigation:/home/humble_ws/install/antworker_moveit_description:/home/humble_ws/install/antworker_moveit_bringup:/home/humble_ws/install/antworker_isaacsim_world:/opt/ros/humble CMAKE_PREFIX_PATH=${CMAKE_PREFIX_PATH}:/home/humble_ws/install/antworker_navigation:/home/humble_ws/install/antworker_moveit_bringup:/home/humble_ws/install/antworker_isaacsim_world:/home/humble_ws/install/antworker_description:/opt/ros/humble PYTHONPATH=/home/humble_ws/install/antworker_description/lib/python3.10/site-packages:/home/humble_ws/install/antworker_navigation/lib/python3.10/site-packages:/home/humble_ws/install/antworker_moveit_bringup/lib/python3.10/site-packages:/home/humble_ws/install/antworker_isaacsim_world/lib/python3.10/site-packages:/opt/ros/humble/lib/python3.10/site-packages:/opt/ros/humble/local/lib/python3.10/dist-packages /usr/bin/cmake --install /home/humble_ws/build/antworker_moveit_description
[1.822s] Level 1:colcon.colcon_core.environment:checking '/home/humble_ws/install/antworker_moveit_description' for CMake config files
[1.822s] Level 1:colcon.colcon_core.shell:create_environment_hook('antworker_moveit_description', 'cmake_prefix_path')
[1.823s] INFO:colcon.colcon_core.shell:Creating environment hook '/home/humble_ws/install/antworker_moveit_description/share/antworker_moveit_description/hook/cmake_prefix_path.ps1'
[1.823s] INFO:colcon.colcon_core.shell:Creating environment descriptor '/home/humble_ws/install/antworker_moveit_description/share/antworker_moveit_description/hook/cmake_prefix_path.dsv'
[1.823s] INFO:colcon.colcon_core.shell:Creating environment hook '/home/humble_ws/install/antworker_moveit_description/share/antworker_moveit_description/hook/cmake_prefix_path.sh'
[1.824s] Level 1:colcon.colcon_core.environment:checking '/home/humble_ws/install/antworker_moveit_description/bin'
[1.824s] Level 1:colcon.colcon_core.environment:checking '/home/humble_ws/install/antworker_moveit_description/lib/pkgconfig/antworker_moveit_description.pc'
[1.824s] Level 1:colcon.colcon_core.environment:checking '/home/humble_ws/install/antworker_moveit_description/lib/python3.10/site-packages'
[1.825s] Level 1:colcon.colcon_core.environment:checking '/home/humble_ws/install/antworker_moveit_description/bin'
[1.825s] INFO:colcon.colcon_core.shell:Creating package script '/home/humble_ws/install/antworker_moveit_description/share/antworker_moveit_description/package.ps1'
[1.825s] INFO:colcon.colcon_core.shell:Creating package descriptor '/home/humble_ws/install/antworker_moveit_description/share/antworker_moveit_description/package.dsv'
[1.826s] INFO:colcon.colcon_core.shell:Creating package script '/home/humble_ws/install/antworker_moveit_description/share/antworker_moveit_description/package.sh'
[1.826s] INFO:colcon.colcon_core.shell:Creating package script '/home/humble_ws/install/antworker_moveit_description/share/antworker_moveit_description/package.bash'
[1.826s] INFO:colcon.colcon_core.shell:Creating package script '/home/humble_ws/install/antworker_moveit_description/share/antworker_moveit_description/package.zsh'
[1.827s] Level 1:colcon.colcon_core.environment:create_file_with_runtime_dependencies(/home/humble_ws/install/antworker_moveit_description/share/colcon-core/packages/antworker_moveit_description)
[1.850s] Level 1:colcon.colcon_core.environment:create_environment_scripts_only(antworker_moveit_description)
[1.850s] Level 1:colcon.colcon_core.environment:checking '/home/humble_ws/install/antworker_moveit_description' for CMake module files
[1.851s] Level 1:colcon.colcon_core.environment:checking '/home/humble_ws/install/antworker_moveit_description' for CMake config files
[1.851s] Level 1:colcon.colcon_core.shell:create_environment_hook('antworker_moveit_description', 'cmake_prefix_path')
[1.851s] INFO:colcon.colcon_core.shell:Creating environment hook '/home/humble_ws/install/antworker_moveit_description/share/antworker_moveit_description/hook/cmake_prefix_path.ps1'
[1.851s] INFO:colcon.colcon_core.shell:Creating environment descriptor '/home/humble_ws/install/antworker_moveit_description/share/antworker_moveit_description/hook/cmake_prefix_path.dsv'
[1.852s] INFO:colcon.colcon_core.shell:Creating environment hook '/home/humble_ws/install/antworker_moveit_description/share/antworker_moveit_description/hook/cmake_prefix_path.sh'
[1.852s] Level 1:colcon.colcon_core.environment:checking '/home/humble_ws/install/antworker_moveit_description/bin'
[1.852s] Level 1:colcon.colcon_core.environment:checking '/home/humble_ws/install/antworker_moveit_description/lib/pkgconfig/antworker_moveit_description.pc'
[1.852s] Level 1:colcon.colcon_core.environment:checking '/home/humble_ws/install/antworker_moveit_description/lib/python3.10/site-packages'
[1.853s] Level 1:colcon.colcon_core.environment:checking '/home/humble_ws/install/antworker_moveit_description/bin'
[1.853s] INFO:colcon.colcon_core.shell:Creating package script '/home/humble_ws/install/antworker_moveit_description/share/antworker_moveit_description/package.ps1'
[1.853s] INFO:colcon.colcon_core.shell:Creating package descriptor '/home/humble_ws/install/antworker_moveit_description/share/antworker_moveit_description/package.dsv'
[1.854s] INFO:colcon.colcon_core.shell:Creating package script '/home/humble_ws/install/antworker_moveit_description/share/antworker_moveit_description/package.sh'
[1.854s] INFO:colcon.colcon_core.shell:Creating package script '/home/humble_ws/install/antworker_moveit_description/share/antworker_moveit_description/package.bash'
[1.854s] INFO:colcon.colcon_core.shell:Creating package script '/home/humble_ws/install/antworker_moveit_description/share/antworker_moveit_description/package.zsh'
[1.855s] Level 1:colcon.colcon_core.environment:create_file_with_runtime_dependencies(/home/humble_ws/install/antworker_moveit_description/share/colcon-core/packages/antworker_moveit_description)
[16.058s] DEBUG:colcon.colcon_core.event_handler.log_command:Invoked command in '/home/humble_ws/build/moveit_interface' returned '0': CMAKE_PREFIX_PATH=${CMAKE_PREFIX_PATH}:/home/humble_ws/install/antworker_navigation:/home/humble_ws/install/antworker_moveit_bringup:/home/humble_ws/install/antworker_isaacsim_world:/home/humble_ws/install/antworker_description:/opt/ros/humble /usr/bin/cmake --build /home/humble_ws/build/moveit_interface -- -j16 -l16
[16.086s] DEBUG:colcon.colcon_core.event_handler.log_command:Invoking command in '/home/humble_ws/build/moveit_interface': CMAKE_PREFIX_PATH=${CMAKE_PREFIX_PATH}:/home/humble_ws/install/antworker_navigation:/home/humble_ws/install/antworker_moveit_bringup:/home/humble_ws/install/antworker_isaacsim_world:/home/humble_ws/install/antworker_description:/opt/ros/humble /usr/bin/cmake --install /home/humble_ws/build/moveit_interface
[16.104s] Level 1:colcon.colcon_core.environment:create_environment_scripts_only(moveit_interface)
[16.105s] Level 1:colcon.colcon_core.environment:checking '/home/humble_ws/install/moveit_interface' for CMake module files
[16.105s] DEBUG:colcon.colcon_core.event_handler.log_command:Invoked command in '/home/humble_ws/build/moveit_interface' returned '0': CMAKE_PREFIX_PATH=${CMAKE_PREFIX_PATH}:/home/humble_ws/install/antworker_navigation:/home/humble_ws/install/antworker_moveit_bringup:/home/humble_ws/install/antworker_isaacsim_world:/home/humble_ws/install/antworker_description:/opt/ros/humble /usr/bin/cmake --install /home/humble_ws/build/moveit_interface
[16.105s] Level 1:colcon.colcon_core.environment:checking '/home/humble_ws/install/moveit_interface' for CMake config files
[16.106s] Level 1:colcon.colcon_core.shell:create_environment_hook('moveit_interface', 'cmake_prefix_path')
[16.106s] INFO:colcon.colcon_core.shell:Creating environment hook '/home/humble_ws/install/moveit_interface/share/moveit_interface/hook/cmake_prefix_path.ps1'
[16.106s] INFO:colcon.colcon_core.shell:Creating environment descriptor '/home/humble_ws/install/moveit_interface/share/moveit_interface/hook/cmake_prefix_path.dsv'
[16.107s] INFO:colcon.colcon_core.shell:Creating environment hook '/home/humble_ws/install/moveit_interface/share/moveit_interface/hook/cmake_prefix_path.sh'
[16.107s] Level 1:colcon.colcon_core.environment:checking '/home/humble_ws/install/moveit_interface/lib'
[16.107s] Level 1:colcon.colcon_core.environment:checking '/home/humble_ws/install/moveit_interface/bin'
[16.107s] Level 1:colcon.colcon_core.environment:checking '/home/humble_ws/install/moveit_interface/lib/pkgconfig/moveit_interface.pc'
[16.108s] Level 1:colcon.colcon_core.environment:checking '/home/humble_ws/install/moveit_interface/lib/python3.10/site-packages'
[16.108s] Level 1:colcon.colcon_core.environment:checking '/home/humble_ws/install/moveit_interface/bin'
[16.108s] INFO:colcon.colcon_core.shell:Creating package script '/home/humble_ws/install/moveit_interface/share/moveit_interface/package.ps1'
[16.109s] INFO:colcon.colcon_core.shell:Creating package descriptor '/home/humble_ws/install/moveit_interface/share/moveit_interface/package.dsv'
[16.109s] INFO:colcon.colcon_core.shell:Creating package script '/home/humble_ws/install/moveit_interface/share/moveit_interface/package.sh'
[16.109s] INFO:colcon.colcon_core.shell:Creating package script '/home/humble_ws/install/moveit_interface/share/moveit_interface/package.bash'
[16.110s] INFO:colcon.colcon_core.shell:Creating package script '/home/humble_ws/install/moveit_interface/share/moveit_interface/package.zsh'
[16.110s] Level 1:colcon.colcon_core.environment:create_file_with_runtime_dependencies(/home/humble_ws/install/moveit_interface/share/colcon-core/packages/moveit_interface)
[16.139s] Level 1:colcon.colcon_core.environment:create_environment_scripts_only(moveit_interface)
[16.140s] Level 1:colcon.colcon_core.environment:checking '/home/humble_ws/install/moveit_interface' for CMake module files
[16.140s] Level 1:colcon.colcon_core.environment:checking '/home/humble_ws/install/moveit_interface' for CMake config files
[16.140s] Level 1:colcon.colcon_core.shell:create_environment_hook('moveit_interface', 'cmake_prefix_path')
[16.140s] INFO:colcon.colcon_core.shell:Creating environment hook '/home/humble_ws/install/moveit_interface/share/moveit_interface/hook/cmake_prefix_path.ps1'
[16.141s] INFO:colcon.colcon_core.shell:Creating environment descriptor '/home/humble_ws/install/moveit_interface/share/moveit_interface/hook/cmake_prefix_path.dsv'
[16.141s] INFO:colcon.colcon_core.shell:Creating environment hook '/home/humble_ws/install/moveit_interface/share/moveit_interface/hook/cmake_prefix_path.sh'
[16.142s] Level 1:colcon.colcon_core.environment:checking '/home/humble_ws/install/moveit_interface/lib'
[16.142s] Level 1:colcon.colcon_core.environment:checking '/home/humble_ws/install/moveit_interface/bin'
[16.142s] Level 1:colcon.colcon_core.environment:checking '/home/humble_ws/install/moveit_interface/lib/pkgconfig/moveit_interface.pc'
[16.142s] Level 1:colcon.colcon_core.environment:checking '/home/humble_ws/install/moveit_interface/lib/python3.10/site-packages'
[16.142s] Level 1:colcon.colcon_core.environment:checking '/home/humble_ws/install/moveit_interface/bin'
[16.142s] INFO:colcon.colcon_core.shell:Creating package script '/home/humble_ws/install/moveit_interface/share/moveit_interface/package.ps1'
[16.143s] INFO:colcon.colcon_core.shell:Creating package descriptor '/home/humble_ws/install/moveit_interface/share/moveit_interface/package.dsv'
[16.143s] INFO:colcon.colcon_core.shell:Creating package script '/home/humble_ws/install/moveit_interface/share/moveit_interface/package.sh'
[16.144s] INFO:colcon.colcon_core.shell:Creating package script '/home/humble_ws/install/moveit_interface/share/moveit_interface/package.bash'
[16.144s] INFO:colcon.colcon_core.shell:Creating package script '/home/humble_ws/install/moveit_interface/share/moveit_interface/package.zsh'
[16.144s] Level 1:colcon.colcon_core.environment:create_file_with_runtime_dependencies(/home/humble_ws/install/moveit_interface/share/colcon-core/packages/moveit_interface)
[16.144s] DEBUG:colcon.colcon_parallel_executor.executor.parallel:closing loop
[16.145s] DEBUG:colcon.colcon_parallel_executor.executor.parallel:loop closed
[16.145s] DEBUG:colcon.colcon_parallel_executor.executor.parallel:run_until_complete finished with '0'
[16.145s] DEBUG:colcon.colcon_core.event_reactor:joining thread
[16.150s] INFO:colcon.colcon_core.plugin_system:Skipping extension 'colcon_notification.desktop_notification.notify_send': Could not find 'notify-send'
[16.150s] INFO:colcon.colcon_core.plugin_system:Skipping extension 'colcon_notification.desktop_notification.terminal_notifier': Not used on non-Darwin systems
[16.150s] INFO:colcon.colcon_core.plugin_system:Skipping extension 'colcon_notification.desktop_notification.win32': Not used on non-Windows systems
[16.151s] INFO:colcon.colcon_notification.desktop_notification:Sending desktop notification using 'notify2'
[16.157s] DEBUG:colcon.colcon_notification.desktop_notification.notify2:Failed to initialize notify2: org.freedesktop.DBus.Error.ServiceUnknown: The name org.freedesktop.Notifications was not provided by any .service files
[16.157s] DEBUG:colcon.colcon_core.event_reactor:joined thread
[16.158s] INFO:colcon.colcon_core.shell:Creating prefix script '/home/humble_ws/install/local_setup.ps1'
[16.159s] INFO:colcon.colcon_core.shell:Creating prefix util module '/home/humble_ws/install/_local_setup_util_ps1.py'
[16.160s] INFO:colcon.colcon_core.shell:Creating prefix chain script '/home/humble_ws/install/setup.ps1'
[16.161s] INFO:colcon.colcon_core.shell:Creating prefix script '/home/humble_ws/install/local_setup.sh'
[16.161s] INFO:colcon.colcon_core.shell:Creating prefix util module '/home/humble_ws/install/_local_setup_util_sh.py'
[16.161s] INFO:colcon.colcon_core.shell:Creating prefix chain script '/home/humble_ws/install/setup.sh'
[16.163s] INFO:colcon.colcon_core.shell:Creating prefix script '/home/humble_ws/install/local_setup.bash'
[16.164s] INFO:colcon.colcon_core.shell:Creating prefix chain script '/home/humble_ws/install/setup.bash'
[16.165s] INFO:colcon.colcon_core.shell:Creating prefix script '/home/humble_ws/install/local_setup.zsh'
[16.165s] INFO:colcon.colcon_core.shell:Creating prefix chain script '/home/humble_ws/install/setup.zsh'
