[0.089s] DEBUG:colcon:Command line arguments: ['/usr/bin/colcon', 'build']
[0.089s] DEBUG:colcon:Parsed command line arguments: Namespace(log_base=None, log_level=None, verb_name='build', build_base='build', install_base='install', merge_install=False, symlink_install=False, test_result_base=None, continue_on_error=False, executor='parallel', parallel_workers=16, event_handlers=None, ignore_user_meta=False, metas=['./colcon.meta'], base_paths=['.'], packages_ignore=None, packages_ignore_regex=None, paths=None, packages_up_to=None, packages_up_to_regex=None, packages_above=None, packages_above_and_dependencies=None, packages_above_depth=None, packages_select_by_dep=None, packages_skip_by_dep=None, packages_skip_up_to=None, packages_select_build_failed=False, packages_skip_build_finished=False, packages_select_test_failures=False, packages_skip_test_passed=False, packages_select=None, packages_skip=None, packages_select_regex=None, packages_skip_regex=None, packages_start=None, packages_end=None, cmake_args=None, cmake_target=None, cmake_target_skip_unavailable=False, cmake_clean_cache=False, cmake_clean_first=False, cmake_force_configure=False, ament_cmake_args=None, catkin_cmake_args=None, catkin_skip_building_tests=False, mixin_files=None, mixin=None, verb_parser=<colcon_mixin.mixin.mixin_argument.MixinArgumentDecorator object at 0x75978a814e50>, verb_extension=<colcon_core.verb.build.BuildVerb object at 0x75978a9555a0>, main=<bound method BuildVerb.main of <colcon_core.verb.build.BuildVerb object at 0x75978a9555a0>>, mixin_verb=('build',))
[0.196s] Level 1:colcon.colcon_core.package_discovery:discover_packages(colcon_meta) check parameters
[0.197s] INFO:colcon.colcon_metadata.package_discovery.colcon_meta:Using configuration from '/root/.colcon/metadata/default/Gazebo.meta'
[0.197s] INFO:colcon.colcon_metadata.package_discovery.colcon_meta:Using configuration from '/root/.colcon/metadata/default/fastrtps.meta'
[0.197s] Level 1:colcon.colcon_core.package_discovery:discover_packages(recursive) check parameters
[0.197s] Level 1:colcon.colcon_core.package_discovery:discover_packages(ignore) check parameters
[0.197s] Level 1:colcon.colcon_core.package_discovery:discover_packages(path) check parameters
[0.197s] Level 1:colcon.colcon_core.package_discovery:discover_packages(colcon_meta) discover
[0.197s] Level 1:colcon.colcon_core.package_discovery:discover_packages(recursive) discover
[0.197s] INFO:colcon.colcon_core.package_discovery:Crawling recursively for packages in '/home/humble_kortex_interface_ws'
[0.197s] Level 1:colcon.colcon_core.package_identification:_identify(.) by extensions ['ignore', 'ignore_ament_install']
[0.197s] Level 1:colcon.colcon_core.package_identification:_identify(.) by extension 'ignore'
[0.197s] Level 1:colcon.colcon_core.package_identification:_identify(.) by extension 'ignore_ament_install'
[0.198s] Level 1:colcon.colcon_core.package_identification:_identify(.) by extensions ['colcon_pkg']
[0.198s] Level 1:colcon.colcon_core.package_identification:_identify(.) by extension 'colcon_pkg'
[0.198s] Level 1:colcon.colcon_core.package_identification:_identify(.) by extensions ['colcon_meta']
[0.198s] Level 1:colcon.colcon_core.package_identification:_identify(.) by extension 'colcon_meta'
[0.198s] Level 1:colcon.colcon_core.package_identification:_identify(.) by extensions ['ros']
[0.198s] Level 1:colcon.colcon_core.package_identification:_identify(.) by extension 'ros'
[0.205s] Level 1:colcon.colcon_core.package_identification:_identify(.) by extensions ['cmake', 'python']
[0.205s] Level 1:colcon.colcon_core.package_identification:_identify(.) by extension 'cmake'
[0.206s] Level 1:colcon.colcon_core.package_identification:_identify(.) by extension 'python'
[0.206s] Level 1:colcon.colcon_core.package_identification:_identify(.) by extensions ['python_setup_py']
[0.206s] Level 1:colcon.colcon_core.package_identification:_identify(.) by extension 'python_setup_py'
[0.206s] Level 1:colcon.colcon_core.package_identification:_identify(build) by extensions ['ignore', 'ignore_ament_install']
[0.206s] Level 1:colcon.colcon_core.package_identification:_identify(build) by extension 'ignore'
[0.206s] Level 1:colcon.colcon_core.package_identification:_identify(build) ignored
[0.206s] Level 1:colcon.colcon_core.package_identification:_identify(install) by extensions ['ignore', 'ignore_ament_install']
[0.206s] Level 1:colcon.colcon_core.package_identification:_identify(install) by extension 'ignore'
[0.206s] Level 1:colcon.colcon_core.package_identification:_identify(install) ignored
[0.206s] Level 1:colcon.colcon_core.package_identification:_identify(log) by extensions ['ignore', 'ignore_ament_install']
[0.206s] Level 1:colcon.colcon_core.package_identification:_identify(log) by extension 'ignore'
[0.206s] Level 1:colcon.colcon_core.package_identification:_identify(log) ignored
[0.206s] Level 1:colcon.colcon_core.package_identification:_identify(src) by extensions ['ignore', 'ignore_ament_install']
[0.206s] Level 1:colcon.colcon_core.package_identification:_identify(src) by extension 'ignore'
[0.206s] Level 1:colcon.colcon_core.package_identification:_identify(src) by extension 'ignore_ament_install'
[0.206s] Level 1:colcon.colcon_core.package_identification:_identify(src) by extensions ['colcon_pkg']
[0.206s] Level 1:colcon.colcon_core.package_identification:_identify(src) by extension 'colcon_pkg'
[0.206s] Level 1:colcon.colcon_core.package_identification:_identify(src) by extensions ['colcon_meta']
[0.207s] Level 1:colcon.colcon_core.package_identification:_identify(src) by extension 'colcon_meta'
[0.207s] Level 1:colcon.colcon_core.package_identification:_identify(src) by extensions ['ros']
[0.207s] Level 1:colcon.colcon_core.package_identification:_identify(src) by extension 'ros'
[0.207s] Level 1:colcon.colcon_core.package_identification:_identify(src) by extensions ['cmake', 'python']
[0.207s] Level 1:colcon.colcon_core.package_identification:_identify(src) by extension 'cmake'
[0.207s] Level 1:colcon.colcon_core.package_identification:_identify(src) by extension 'python'
[0.207s] Level 1:colcon.colcon_core.package_identification:_identify(src) by extensions ['python_setup_py']
[0.207s] Level 1:colcon.colcon_core.package_identification:_identify(src) by extension 'python_setup_py'
[0.207s] Level 1:colcon.colcon_core.package_identification:_identify(src/kortex_interface) by extensions ['ignore', 'ignore_ament_install']
[0.207s] Level 1:colcon.colcon_core.package_identification:_identify(src/kortex_interface) by extension 'ignore'
[0.207s] Level 1:colcon.colcon_core.package_identification:_identify(src/kortex_interface) by extension 'ignore_ament_install'
[0.207s] Level 1:colcon.colcon_core.package_identification:_identify(src/kortex_interface) by extensions ['colcon_pkg']
[0.207s] Level 1:colcon.colcon_core.package_identification:_identify(src/kortex_interface) by extension 'colcon_pkg'
[0.207s] Level 1:colcon.colcon_core.package_identification:_identify(src/kortex_interface) by extensions ['colcon_meta']
[0.207s] Level 1:colcon.colcon_core.package_identification:_identify(src/kortex_interface) by extension 'colcon_meta'
[0.207s] Level 1:colcon.colcon_core.package_identification:_identify(src/kortex_interface) by extensions ['ros']
[0.207s] Level 1:colcon.colcon_core.package_identification:_identify(src/kortex_interface) by extension 'ros'
[0.209s] DEBUG:colcon.colcon_core.package_identification:Package 'src/kortex_interface' with type 'ros.ament_python' and name 'kortex_interface'
[0.209s] Level 1:colcon.colcon_core.package_discovery:discover_packages(recursive) using defaults
[0.209s] Level 1:colcon.colcon_core.package_discovery:discover_packages(ignore) discover
[0.209s] Level 1:colcon.colcon_core.package_discovery:discover_packages(ignore) using defaults
[0.209s] Level 1:colcon.colcon_core.package_discovery:discover_packages(path) discover
[0.209s] Level 1:colcon.colcon_core.package_discovery:discover_packages(path) using defaults
[0.224s] Level 5:colcon.colcon_core.verb:set package 'kortex_interface' build argument 'cmake_args' from command line to 'None'
[0.224s] Level 5:colcon.colcon_core.verb:set package 'kortex_interface' build argument 'cmake_target' from command line to 'None'
[0.224s] Level 5:colcon.colcon_core.verb:set package 'kortex_interface' build argument 'cmake_target_skip_unavailable' from command line to 'False'
[0.224s] Level 5:colcon.colcon_core.verb:set package 'kortex_interface' build argument 'cmake_clean_cache' from command line to 'False'
[0.224s] Level 5:colcon.colcon_core.verb:set package 'kortex_interface' build argument 'cmake_clean_first' from command line to 'False'
[0.224s] Level 5:colcon.colcon_core.verb:set package 'kortex_interface' build argument 'cmake_force_configure' from command line to 'False'
[0.224s] Level 5:colcon.colcon_core.verb:set package 'kortex_interface' build argument 'ament_cmake_args' from command line to 'None'
[0.224s] Level 5:colcon.colcon_core.verb:set package 'kortex_interface' build argument 'catkin_cmake_args' from command line to 'None'
[0.224s] Level 5:colcon.colcon_core.verb:set package 'kortex_interface' build argument 'catkin_skip_building_tests' from command line to 'False'
[0.224s] DEBUG:colcon.colcon_core.verb:Building package 'kortex_interface' with the following arguments: {'ament_cmake_args': None, 'build_base': '/home/humble_kortex_interface_ws/build/kortex_interface', 'catkin_cmake_args': None, 'catkin_skip_building_tests': False, 'cmake_args': None, 'cmake_clean_cache': False, 'cmake_clean_first': False, 'cmake_force_configure': False, 'cmake_target': None, 'cmake_target_skip_unavailable': False, 'install_base': '/home/humble_kortex_interface_ws/install/kortex_interface', 'merge_install': False, 'path': '/home/humble_kortex_interface_ws/src/kortex_interface', 'symlink_install': False, 'test_result_base': None}
[0.224s] INFO:colcon.colcon_core.executor:Executing jobs using 'parallel' executor
[0.225s] DEBUG:colcon.colcon_parallel_executor.executor.parallel:run_until_complete
[0.225s] INFO:colcon.colcon_ros.task.ament_python.build:Building ROS package in '/home/humble_kortex_interface_ws/src/kortex_interface' with build type 'ament_python'
[0.225s] Level 1:colcon.colcon_core.shell:create_environment_hook('kortex_interface', 'ament_prefix_path')
[0.227s] INFO:colcon.colcon_core.plugin_system:Skipping extension 'colcon_core.shell.bat': Not used on non-Windows systems
[0.227s] INFO:colcon.colcon_core.shell:Creating environment hook '/home/humble_kortex_interface_ws/install/kortex_interface/share/kortex_interface/hook/ament_prefix_path.ps1'
[0.228s] INFO:colcon.colcon_core.shell:Creating environment descriptor '/home/humble_kortex_interface_ws/install/kortex_interface/share/kortex_interface/hook/ament_prefix_path.dsv'
[0.228s] INFO:colcon.colcon_core.shell:Creating environment hook '/home/humble_kortex_interface_ws/install/kortex_interface/share/kortex_interface/hook/ament_prefix_path.sh'
[0.228s] INFO:colcon.colcon_core.shell:Skip shell extension 'powershell' for command environment: Not usable outside of PowerShell
[0.228s] DEBUG:colcon.colcon_core.shell:Skip shell extension 'dsv' for command environment
[0.412s] INFO:colcon.colcon_core.task.python.build:Building Python package in '/home/humble_kortex_interface_ws/src/kortex_interface'
[0.412s] INFO:colcon.colcon_core.shell:Skip shell extension 'powershell' for command environment: Not usable outside of PowerShell
[0.412s] DEBUG:colcon.colcon_core.shell:Skip shell extension 'dsv' for command environment
[0.646s] DEBUG:colcon.colcon_core.event_handler.log_command:Invoking command in '/home/humble_kortex_interface_ws/src/kortex_interface': PYTHONPATH=/home/humble_kortex_interface_ws/build/kortex_interface/prefix_override:/home/humble_kortex_interface_ws/install/kortex_interface/lib/python3.10/site-packages:${PYTHONPATH} /usr/bin/python3 -W ignore:setup.py install is deprecated setup.py egg_info --egg-base ../../build/kortex_interface build --build-base /home/humble_kortex_interface_ws/build/kortex_interface/build install --record /home/humble_kortex_interface_ws/build/kortex_interface/install.log --single-version-externally-managed install_data
[0.848s] DEBUG:colcon.colcon_core.event_handler.log_command:Invoked command in '/home/humble_kortex_interface_ws/src/kortex_interface' returned '0': PYTHONPATH=/home/humble_kortex_interface_ws/build/kortex_interface/prefix_override:/home/humble_kortex_interface_ws/install/kortex_interface/lib/python3.10/site-packages:${PYTHONPATH} /usr/bin/python3 -W ignore:setup.py install is deprecated setup.py egg_info --egg-base ../../build/kortex_interface build --build-base /home/humble_kortex_interface_ws/build/kortex_interface/build install --record /home/humble_kortex_interface_ws/build/kortex_interface/install.log --single-version-externally-managed install_data
[0.850s] Level 1:colcon.colcon_core.environment:checking '/home/humble_kortex_interface_ws/install/kortex_interface' for CMake module files
[0.851s] Level 1:colcon.colcon_core.environment:checking '/home/humble_kortex_interface_ws/install/kortex_interface' for CMake config files
[0.851s] Level 1:colcon.colcon_core.environment:checking '/home/humble_kortex_interface_ws/install/kortex_interface/lib'
[0.851s] Level 1:colcon.colcon_core.environment:checking '/home/humble_kortex_interface_ws/install/kortex_interface/bin'
[0.851s] Level 1:colcon.colcon_core.environment:checking '/home/humble_kortex_interface_ws/install/kortex_interface/lib/pkgconfig/kortex_interface.pc'
[0.852s] Level 1:colcon.colcon_core.environment:checking '/home/humble_kortex_interface_ws/install/kortex_interface/lib/python3.10/site-packages'
[0.852s] Level 1:colcon.colcon_core.shell:create_environment_hook('kortex_interface', 'pythonpath')
[0.852s] INFO:colcon.colcon_core.shell:Creating environment hook '/home/humble_kortex_interface_ws/install/kortex_interface/share/kortex_interface/hook/pythonpath.ps1'
[0.852s] INFO:colcon.colcon_core.shell:Creating environment descriptor '/home/humble_kortex_interface_ws/install/kortex_interface/share/kortex_interface/hook/pythonpath.dsv'
[0.852s] INFO:colcon.colcon_core.shell:Creating environment hook '/home/humble_kortex_interface_ws/install/kortex_interface/share/kortex_interface/hook/pythonpath.sh'
[0.853s] Level 1:colcon.colcon_core.environment:checking '/home/humble_kortex_interface_ws/install/kortex_interface/bin'
[0.853s] Level 1:colcon.colcon_core.environment:create_environment_scripts_only(kortex_interface)
[0.853s] INFO:colcon.colcon_core.shell:Creating package script '/home/humble_kortex_interface_ws/install/kortex_interface/share/kortex_interface/package.ps1'
[0.854s] INFO:colcon.colcon_core.shell:Creating package descriptor '/home/humble_kortex_interface_ws/install/kortex_interface/share/kortex_interface/package.dsv'
[0.854s] INFO:colcon.colcon_core.shell:Creating package script '/home/humble_kortex_interface_ws/install/kortex_interface/share/kortex_interface/package.sh'
[0.855s] INFO:colcon.colcon_core.shell:Creating package script '/home/humble_kortex_interface_ws/install/kortex_interface/share/kortex_interface/package.bash'
[0.855s] INFO:colcon.colcon_core.shell:Creating package script '/home/humble_kortex_interface_ws/install/kortex_interface/share/kortex_interface/package.zsh'
[0.855s] Level 1:colcon.colcon_core.environment:create_file_with_runtime_dependencies(/home/humble_kortex_interface_ws/install/kortex_interface/share/colcon-core/packages/kortex_interface)
[0.856s] DEBUG:colcon.colcon_parallel_executor.executor.parallel:closing loop
[0.856s] DEBUG:colcon.colcon_parallel_executor.executor.parallel:loop closed
[0.856s] DEBUG:colcon.colcon_parallel_executor.executor.parallel:run_until_complete finished with '0'
[0.856s] DEBUG:colcon.colcon_core.event_reactor:joining thread
[0.861s] INFO:colcon.colcon_core.plugin_system:Skipping extension 'colcon_notification.desktop_notification.notify_send': Could not find 'notify-send'
[0.861s] INFO:colcon.colcon_core.plugin_system:Skipping extension 'colcon_notification.desktop_notification.terminal_notifier': Not used on non-Darwin systems
[0.861s] INFO:colcon.colcon_core.plugin_system:Skipping extension 'colcon_notification.desktop_notification.win32': Not used on non-Windows systems
[0.861s] INFO:colcon.colcon_notification.desktop_notification:Sending desktop notification using 'notify2'
[0.866s] DEBUG:colcon.colcon_notification.desktop_notification.notify2:Failed to initialize notify2: org.freedesktop.DBus.Error.Spawn.ExecFailed: /usr/bin/dbus-launch terminated abnormally with the following error: Authorization required, but no authorization protocol specified
Autolaunch error: X11 initialization failed.

[0.867s] DEBUG:colcon.colcon_core.event_reactor:joined thread
[0.867s] INFO:colcon.colcon_core.shell:Creating prefix script '/home/humble_kortex_interface_ws/install/local_setup.ps1'
[0.868s] INFO:colcon.colcon_core.shell:Creating prefix util module '/home/humble_kortex_interface_ws/install/_local_setup_util_ps1.py'
[0.869s] INFO:colcon.colcon_core.shell:Creating prefix chain script '/home/humble_kortex_interface_ws/install/setup.ps1'
[0.871s] INFO:colcon.colcon_core.shell:Creating prefix script '/home/humble_kortex_interface_ws/install/local_setup.sh'
[0.871s] INFO:colcon.colcon_core.shell:Creating prefix util module '/home/humble_kortex_interface_ws/install/_local_setup_util_sh.py'
[0.872s] INFO:colcon.colcon_core.shell:Creating prefix chain script '/home/humble_kortex_interface_ws/install/setup.sh'
[0.874s] INFO:colcon.colcon_core.shell:Creating prefix script '/home/humble_kortex_interface_ws/install/local_setup.bash'
[0.874s] INFO:colcon.colcon_core.shell:Creating prefix chain script '/home/humble_kortex_interface_ws/install/setup.bash'
[0.877s] INFO:colcon.colcon_core.shell:Creating prefix script '/home/humble_kortex_interface_ws/install/local_setup.zsh'
[0.877s] INFO:colcon.colcon_core.shell:Creating prefix chain script '/home/humble_kortex_interface_ws/install/setup.zsh'
