[0.836s] Invoking command in '/home/humble_ws/src/attempt_py_moveit': PYTHONPATH=/home/humble_ws/build/attempt_py_moveit/prefix_override:/home/humble_ws/install/attempt_py_moveit/lib/python3.10/site-packages:${PYTHONPATH} /usr/bin/python3 -W ignore:setup.py install is deprecated setup.py egg_info --egg-base ../../build/attempt_py_moveit build --build-base /home/humble_ws/build/attempt_py_moveit/build install --record /home/humble_ws/build/attempt_py_moveit/install.log --single-version-externally-managed install_data
[1.047s] running egg_info
[1.047s] writing ../../build/attempt_py_moveit/attempt_py_moveit.egg-info/PKG-INFO
[1.047s] writing dependency_links to ../../build/attempt_py_moveit/attempt_py_moveit.egg-info/dependency_links.txt
[1.047s] writing entry points to ../../build/attempt_py_moveit/attempt_py_moveit.egg-info/entry_points.txt
[1.047s] writing requirements to ../../build/attempt_py_moveit/attempt_py_moveit.egg-info/requires.txt
[1.048s] writing top-level names to ../../build/attempt_py_moveit/attempt_py_moveit.egg-info/top_level.txt
[1.049s] reading manifest file '../../build/attempt_py_moveit/attempt_py_moveit.egg-info/SOURCES.txt'
[1.050s] writing manifest file '../../build/attempt_py_moveit/attempt_py_moveit.egg-info/SOURCES.txt'
[1.050s] running build
[1.050s] running build_py
[1.050s] copying attempt_py_moveit/trajectory_server_sim.py -> /home/humble_ws/build/attempt_py_moveit/build/lib/attempt_py_moveit
[1.051s] running install
[1.051s] running install_lib
[1.052s] copying /home/humble_ws/build/attempt_py_moveit/build/lib/attempt_py_moveit/trajectory_server_sim.py -> /home/humble_ws/install/attempt_py_moveit/lib/python3.10/site-packages/attempt_py_moveit
[1.052s] byte-compiling /home/humble_ws/install/attempt_py_moveit/lib/python3.10/site-packages/attempt_py_moveit/trajectory_server_sim.py to trajectory_server_sim.cpython-310.pyc
[1.053s] running install_data
[1.053s] running install_egg_info
[1.055s] removing '/home/humble_ws/install/attempt_py_moveit/lib/python3.10/site-packages/attempt_py_moveit-0.0.0-py3.10.egg-info' (and everything under it)
[1.056s] Copying ../../build/attempt_py_moveit/attempt_py_moveit.egg-info to /home/humble_ws/install/attempt_py_moveit/lib/python3.10/site-packages/attempt_py_moveit-0.0.0-py3.10.egg-info
[1.057s] running install_scripts
[1.078s] Installing ee_point_server script to /home/humble_ws/install/attempt_py_moveit/lib/attempt_py_moveit
[1.078s] Installing trajectory_server script to /home/humble_ws/install/attempt_py_moveit/lib/attempt_py_moveit
[1.078s] Installing trajectory_server_sim script to /home/humble_ws/install/attempt_py_moveit/lib/attempt_py_moveit
[1.078s] writing list of installed files to '/home/humble_ws/build/attempt_py_moveit/install.log'
[1.103s] Invoked command in '/home/humble_ws/src/attempt_py_moveit' returned '0': PYTHONPATH=/home/humble_ws/build/attempt_py_moveit/prefix_override:/home/humble_ws/install/attempt_py_moveit/lib/python3.10/site-packages:${PYTHONPATH} /usr/bin/python3 -W ignore:setup.py install is deprecated setup.py egg_info --egg-base ../../build/attempt_py_moveit build --build-base /home/humble_ws/build/attempt_py_moveit/build install --record /home/humble_ws/build/attempt_py_moveit/install.log --single-version-externally-managed install_data
