-- Install configuration: ""
-- Up-to-date: /home/keenan/Downloads/isaacsim_ros2_greenhouse/humble_ws/install/kinova_moveit/share/ament_index/resource_index/package_run_dependencies/kinova_moveit
-- Up-to-date: /home/keenan/Downloads/isaacsim_ros2_greenhouse/humble_ws/install/kinova_moveit/share/ament_index/resource_index/parent_prefix_path/kinova_moveit
-- Up-to-date: /home/keenan/Downloads/isaacsim_ros2_greenhouse/humble_ws/install/kinova_moveit/share/kinova_moveit/environment/ament_prefix_path.sh
-- Up-to-date: /home/keenan/Downloads/isaacsim_ros2_greenhouse/humble_ws/install/kinova_moveit/share/kinova_moveit/environment/ament_prefix_path.dsv
-- Up-to-date: /home/keenan/Downloads/isaacsim_ros2_greenhouse/humble_ws/install/kinova_moveit/share/kinova_moveit/environment/path.sh
-- Up-to-date: /home/keenan/Downloads/isaacsim_ros2_greenhouse/humble_ws/install/kinova_moveit/share/kinova_moveit/environment/path.dsv
-- Up-to-date: /home/keenan/Downloads/isaacsim_ros2_greenhouse/humble_ws/install/kinova_moveit/share/kinova_moveit/local_setup.bash
-- Up-to-date: /home/keenan/Downloads/isaacsim_ros2_greenhouse/humble_ws/install/kinova_moveit/share/kinova_moveit/local_setup.sh
-- Up-to-date: /home/keenan/Downloads/isaacsim_ros2_greenhouse/humble_ws/install/kinova_moveit/share/kinova_moveit/local_setup.zsh
-- Up-to-date: /home/keenan/Downloads/isaacsim_ros2_greenhouse/humble_ws/install/kinova_moveit/share/kinova_moveit/local_setup.dsv
-- Up-to-date: /home/keenan/Downloads/isaacsim_ros2_greenhouse/humble_ws/install/kinova_moveit/share/kinova_moveit/package.dsv
-- Up-to-date: /home/keenan/Downloads/isaacsim_ros2_greenhouse/humble_ws/install/kinova_moveit/share/ament_index/resource_index/packages/kinova_moveit
-- Up-to-date: /home/keenan/Downloads/isaacsim_ros2_greenhouse/humble_ws/install/kinova_moveit/share/kinova_moveit/cmake/kinova_moveitConfig.cmake
-- Up-to-date: /home/keenan/Downloads/isaacsim_ros2_greenhouse/humble_ws/install/kinova_moveit/share/kinova_moveit/cmake/kinova_moveitConfig-version.cmake
-- Up-to-date: /home/keenan/Downloads/isaacsim_ros2_greenhouse/humble_ws/install/kinova_moveit/share/kinova_moveit/package.xml
-- Up-to-date: /home/keenan/Downloads/isaacsim_ros2_greenhouse/humble_ws/install/kinova_moveit/share/kinova_moveit/launch
-- Up-to-date: /home/keenan/Downloads/isaacsim_ros2_greenhouse/humble_ws/install/kinova_moveit/share/kinova_moveit/launch/setup_assistant.launch.py
-- Up-to-date: /home/keenan/Downloads/isaacsim_ros2_greenhouse/humble_ws/install/kinova_moveit/share/kinova_moveit/launch/static_virtual_joint_tfs.launch.py
-- Up-to-date: /home/keenan/Downloads/isaacsim_ros2_greenhouse/humble_ws/install/kinova_moveit/share/kinova_moveit/launch/demo.launch.py
-- Up-to-date: /home/keenan/Downloads/isaacsim_ros2_greenhouse/humble_ws/install/kinova_moveit/share/kinova_moveit/launch/rsp.launch.py
-- Up-to-date: /home/keenan/Downloads/isaacsim_ros2_greenhouse/humble_ws/install/kinova_moveit/share/kinova_moveit/launch/spawn_controllers.launch.py
-- Up-to-date: /home/keenan/Downloads/isaacsim_ros2_greenhouse/humble_ws/install/kinova_moveit/share/kinova_moveit/launch/move_group.launch.py
-- Up-to-date: /home/keenan/Downloads/isaacsim_ros2_greenhouse/humble_ws/install/kinova_moveit/share/kinova_moveit/launch/warehouse_db.launch.py
-- Up-to-date: /home/keenan/Downloads/isaacsim_ros2_greenhouse/humble_ws/install/kinova_moveit/share/kinova_moveit/launch/moveit_rviz.launch.py
-- Up-to-date: /home/keenan/Downloads/isaacsim_ros2_greenhouse/humble_ws/install/kinova_moveit/share/kinova_moveit/launch/__pycache__
-- Up-to-date: /home/keenan/Downloads/isaacsim_ros2_greenhouse/humble_ws/install/kinova_moveit/share/kinova_moveit/launch/__pycache__/setup_assistant.launch.cpython-310.pyc
-- Up-to-date: /home/keenan/Downloads/isaacsim_ros2_greenhouse/humble_ws/install/kinova_moveit/share/kinova_moveit/launch/__pycache__/demo.launch.cpython-310.pyc
-- Up-to-date: /home/keenan/Downloads/isaacsim_ros2_greenhouse/humble_ws/install/kinova_moveit/share/kinova_moveit/launch/__pycache__/keenan_test_moveit.launch.cpython-310.pyc
-- Up-to-date: /home/keenan/Downloads/isaacsim_ros2_greenhouse/humble_ws/install/kinova_moveit/share/kinova_moveit/launch/__pycache__/rsp.launch.cpython-310.pyc
-- Up-to-date: /home/keenan/Downloads/isaacsim_ros2_greenhouse/humble_ws/install/kinova_moveit/share/kinova_moveit/launch/__pycache__/move_group.launch.cpython-310.pyc
-- Up-to-date: /home/keenan/Downloads/isaacsim_ros2_greenhouse/humble_ws/install/kinova_moveit/share/kinova_moveit/launch/keenan_test_moveit.launch.py
-- Up-to-date: /home/keenan/Downloads/isaacsim_ros2_greenhouse/humble_ws/install/kinova_moveit/share/kinova_moveit/config
-- Up-to-date: /home/keenan/Downloads/isaacsim_ros2_greenhouse/humble_ws/install/kinova_moveit/share/kinova_moveit/config/sensors_3d.yaml
-- Up-to-date: /home/keenan/Downloads/isaacsim_ros2_greenhouse/humble_ws/install/kinova_moveit/share/kinova_moveit/config/joint_limits.yaml
-- Up-to-date: /home/keenan/Downloads/isaacsim_ros2_greenhouse/humble_ws/install/kinova_moveit/share/kinova_moveit/config/kinematics.yaml
-- Up-to-date: /home/keenan/Downloads/isaacsim_ros2_greenhouse/humble_ws/install/kinova_moveit/share/kinova_moveit/config/robot_state_publisher.yaml
-- Up-to-date: /home/keenan/Downloads/isaacsim_ros2_greenhouse/humble_ws/install/kinova_moveit/share/kinova_moveit/config/GEN3_6DOF_VISION_URDF_ARM_V01.ros2_control.xacro
-- Up-to-date: /home/keenan/Downloads/isaacsim_ros2_greenhouse/humble_ws/install/kinova_moveit/share/kinova_moveit/config/initial_positions.yaml
-- Up-to-date: /home/keenan/Downloads/isaacsim_ros2_greenhouse/humble_ws/install/kinova_moveit/share/kinova_moveit/config/moveit.rviz
-- Up-to-date: /home/keenan/Downloads/isaacsim_ros2_greenhouse/humble_ws/install/kinova_moveit/share/kinova_moveit/config/moveit_controllers.yaml
-- Up-to-date: /home/keenan/Downloads/isaacsim_ros2_greenhouse/humble_ws/install/kinova_moveit/share/kinova_moveit/config/pilz_cartesian_limits.yaml
-- Up-to-date: /home/keenan/Downloads/isaacsim_ros2_greenhouse/humble_ws/install/kinova_moveit/share/kinova_moveit/config/GEN3_6DOF_VISION_URDF_ARM_V01.srdf
-- Up-to-date: /home/keenan/Downloads/isaacsim_ros2_greenhouse/humble_ws/install/kinova_moveit/share/kinova_moveit/config/GEN3_6DOF_VISION_URDF_ARM_V01.urdf.xacro
-- Up-to-date: /home/keenan/Downloads/isaacsim_ros2_greenhouse/humble_ws/install/kinova_moveit/share/kinova_moveit/config/ros2_controllers.yaml
-- Up-to-date: /home/keenan/Downloads/isaacsim_ros2_greenhouse/humble_ws/install/kinova_moveit/share/kinova_moveit/.setup_assistant
