[1.205s] Invoking command in '/home/rolling_ws/src/antworker_description': PYTHONPATH=/home/rolling_ws/build/antworker_description/prefix_override:/home/rolling_ws/install/antworker_description/lib/python3.10/site-packages:${PYTHONPATH} /usr/bin/python3 setup.py egg_info --egg-base ../../build/antworker_description build --build-base /home/rolling_ws/build/antworker_description/build install --record /home/rolling_ws/build/antworker_description/install.log --single-version-externally-managed
[1.425s] running egg_info
[1.426s] writing ../../build/antworker_description/antworker_description.egg-info/PKG-INFO
[1.426s] writing dependency_links to ../../build/antworker_description/antworker_description.egg-info/dependency_links.txt
[1.427s] writing entry points to ../../build/antworker_description/antworker_description.egg-info/entry_points.txt
[1.427s] writing requirements to ../../build/antworker_description/antworker_description.egg-info/requires.txt
[1.427s] writing top-level names to ../../build/antworker_description/antworker_description.egg-info/top_level.txt
[1.428s] reading manifest file '../../build/antworker_description/antworker_description.egg-info/SOURCES.txt'
[1.434s] writing manifest file '../../build/antworker_description/antworker_description.egg-info/SOURCES.txt'
[1.434s] running build
[1.434s] running build_py
[1.434s] running install
[1.434s] running install_lib
[1.435s] running install_data
[1.436s] running install_egg_info
[1.438s] removing '/home/rolling_ws/install/antworker_description/lib/python3.10/site-packages/antworker_description-0.0.0-py3.10.egg-info' (and everything under it)
[1.438s] Copying ../../build/antworker_description/antworker_description.egg-info to /home/rolling_ws/install/antworker_description/lib/python3.10/site-packages/antworker_description-0.0.0-py3.10.egg-info
[1.439s] running install_scripts
[1.455s] writing list of installed files to '/home/rolling_ws/build/antworker_description/install.log'
[1.538s] Invoked command in '/home/rolling_ws/src/antworker_description' returned '0': PYTHONPATH=/home/rolling_ws/build/antworker_description/prefix_override:/home/rolling_ws/install/antworker_description/lib/python3.10/site-packages:${PYTHONPATH} /usr/bin/python3 setup.py egg_info --egg-base ../../build/antworker_description build --build-base /home/rolling_ws/build/antworker_description/build install --record /home/rolling_ws/build/antworker_description/install.log --single-version-externally-managed
