[0.010s] Invoking command in '/home/humble_ws/build/moveit_interface': CMAKE_PREFIX_PATH=${CMAKE_PREFIX_PATH}:/home/humble_ws/install/kinova_arm:/opt/ros/humble /usr/bin/cmake /home/humble_ws/src/moveit_interface -DCMAKE_INSTALL_PREFIX=/home/humble_ws/install/moveit_interface
[0.061s] -- The C compiler identification is GNU 11.4.0
[0.117s] -- The CXX compiler identification is GNU 11.4.0
[0.124s] -- Detecting C compiler ABI info
[0.195s] -- Detecting C compiler ABI info - done
[0.201s] -- Check for working C compiler: /usr/bin/cc - skipped
[0.201s] -- Detecting C compile features
[0.201s] -- Detecting C compile features - done
[0.204s] -- Detecting CXX compiler ABI info
[0.285s] -- Detecting CXX compiler ABI info - done
[0.291s] -- Check for working CXX compiler: /usr/bin/c++ - skipped
[0.291s] -- Detecting CXX compile features
[0.292s] -- Detecting CXX compile features - done
[0.295s] -- Found ament_cmake: 1.3.8 (/opt/ros/humble/share/ament_cmake/cmake)
[0.418s] -- Found Python3: /usr/bin/python3 (found version "3.10.12") found components: Interpreter 
[0.517s] -- Found moveit_ros_planning_interface: 2.5.5 (/opt/ros/humble/share/moveit_ros_planning_interface/cmake)
[0.714s] -- Found Boost: /usr/lib/x86_64-linux-gnu/cmake/Boost-1.74.0/BoostConfig.cmake (found version "1.74.0") found components: date_time filesystem program_options system thread 
[0.775s] -- Found rosidl_generator_c: 3.1.5 (/opt/ros/humble/share/rosidl_generator_c/cmake)
[0.782s] -- Found rosidl_adapter: 3.1.5 (/opt/ros/humble/share/rosidl_adapter/cmake)
[0.795s] -- Found rosidl_generator_cpp: 3.1.5 (/opt/ros/humble/share/rosidl_generator_cpp/cmake)
[0.813s] -- Using all available rosidl_typesupport_c: rosidl_typesupport_fastrtps_c;rosidl_typesupport_introspection_c
[0.837s] -- Using all available rosidl_typesupport_cpp: rosidl_typesupport_fastrtps_cpp;rosidl_typesupport_introspection_cpp
[1.754s] -- Found Boost: /usr/lib/x86_64-linux-gnu/cmake/Boost-1.74.0/BoostConfig.cmake (found version "1.74.0") found components: chrono date_time filesystem iostreams program_options regex serialization system thread 
[1.776s] -- Found parameter_traits: 0.3.8 (/opt/ros/humble/share/parameter_traits/cmake)
[1.862s] -- Found rmw_implementation_cmake: 6.1.1 (/opt/ros/humble/share/rmw_implementation_cmake/cmake)
[1.867s] -- Found rmw_fastrtps_cpp: 6.2.6 (/opt/ros/humble/share/rmw_fastrtps_cpp/cmake)
[1.998s] -- Found OpenSSL: /usr/lib/x86_64-linux-gnu/libcrypto.so (found version "3.0.2")  
[2.028s] -- Found FastRTPS: /opt/ros/humble/include  
[2.095s] -- Using RMW implementation 'rmw_fastrtps_cpp' as default
[2.110s] -- Found Threads: TRUE  
[2.269s] -- Found rclcpp_lifecycle: 16.0.8 (/opt/ros/humble/share/rclcpp_lifecycle/cmake)
[2.323s] -- Found Boost: /usr/lib/x86_64-linux-gnu/cmake/Boost-1.74.0/BoostConfig.cmake (found version "1.74.0") found components: filesystem 
[2.435s] -- library: /usr/lib/x86_64-linux-gnu/libcurl.so
[2.590s] -- Found Eigen3: TRUE (found version "3.4.0") 
[2.590s] -- Ensuring Eigen3 include directory is part of orocos-kdl CMake target
[3.118s] -- Found Boost: /usr/lib/x86_64-linux-gnu/cmake/Boost-1.74.0/BoostConfig.cmake (found version "1.74.0") found components: system filesystem date_time program_options thread chrono 
[3.621s] -- Found Boost: /usr/lib/x86_64-linux-gnu/cmake/Boost-1.74.0/BoostConfig.cmake (found version "1.74.0") found components: thread system filesystem regex date_time program_options 
[3.854s] -- Found Boost: /usr/lib/x86_64-linux-gnu/cmake/Boost-1.74.0/BoostConfig.cmake (found version "1.74.0") found components: system filesystem date_time program_options thread 
[4.237s] -- Found ament_lint_auto: 0.12.10 (/opt/ros/humble/share/ament_lint_auto/cmake)
[4.314s] -- Added test 'cppcheck' to perform static code analysis on C / C++ code
[4.314s] -- Configured cppcheck include dirs: $<BUILD_INTERFACE:/home/humble_ws/src/moveit_interface/include>
[4.314s] -- Configured cppcheck exclude dirs and/or files: 
[4.315s] -- Added test 'flake8' to check Python code syntax and style conventions
[4.315s] -- Added test 'lint_cmake' to check CMake code style
[4.316s] -- Added test 'pep257' to check Python code against some of the docstring style conventions in PEP 257
[4.317s] -- Added test 'uncrustify' to check C / C++ code style
[4.317s] -- Configured uncrustify additional arguments: 
[4.317s] -- Added test 'xmllint' to check XML markup files
[4.319s] -- Configuring done
[4.354s] -- Generating done
[4.356s] -- Build files have been written to: /home/humble_ws/build/moveit_interface
[4.369s] Invoked command in '/home/humble_ws/build/moveit_interface' returned '0': CMAKE_PREFIX_PATH=${CMAKE_PREFIX_PATH}:/home/humble_ws/install/kinova_arm:/opt/ros/humble /usr/bin/cmake /home/humble_ws/src/moveit_interface -DCMAKE_INSTALL_PREFIX=/home/humble_ws/install/moveit_interface
[4.370s] Invoking command in '/home/humble_ws/build/moveit_interface': CMAKE_PREFIX_PATH=${CMAKE_PREFIX_PATH}:/home/humble_ws/install/kinova_arm:/opt/ros/humble /usr/bin/cmake --build /home/humble_ws/build/moveit_interface -- -j16 -l16
[4.432s] [ 50%] [32mBuilding CXX object CMakeFiles/moveit_interface.dir/src/moveit_interface.cpp.o[0m
[11.755s] [100%] [32m[1mLinking CXX executable moveit_interface[0m
[12.097s] [100%] Built target moveit_interface
[12.108s] Invoked command in '/home/humble_ws/build/moveit_interface' returned '0': CMAKE_PREFIX_PATH=${CMAKE_PREFIX_PATH}:/home/humble_ws/install/kinova_arm:/opt/ros/humble /usr/bin/cmake --build /home/humble_ws/build/moveit_interface -- -j16 -l16
[12.136s] Invoking command in '/home/humble_ws/build/moveit_interface': CMAKE_PREFIX_PATH=${CMAKE_PREFIX_PATH}:/home/humble_ws/install/kinova_arm:/opt/ros/humble /usr/bin/cmake --install /home/humble_ws/build/moveit_interface
[12.144s] -- Install configuration: ""
[12.144s] -- Installing: /home/humble_ws/install/moveit_interface/lib/moveit_interface/moveit_interface
[12.145s] -- Set runtime path of "/home/humble_ws/install/moveit_interface/lib/moveit_interface/moveit_interface" to ""
[12.145s] -- Installing: /home/humble_ws/install/moveit_interface/share/ament_index/resource_index/package_run_dependencies/moveit_interface
[12.145s] -- Installing: /home/humble_ws/install/moveit_interface/share/ament_index/resource_index/parent_prefix_path/moveit_interface
[12.145s] -- Installing: /home/humble_ws/install/moveit_interface/share/moveit_interface/environment/ament_prefix_path.sh
[12.146s] -- Installing: /home/humble_ws/install/moveit_interface/share/moveit_interface/environment/ament_prefix_path.dsv
[12.146s] -- Installing: /home/humble_ws/install/moveit_interface/share/moveit_interface/environment/path.sh
[12.146s] -- Installing: /home/humble_ws/install/moveit_interface/share/moveit_interface/environment/path.dsv
[12.146s] -- Installing: /home/humble_ws/install/moveit_interface/share/moveit_interface/local_setup.bash
[12.146s] -- Installing: /home/humble_ws/install/moveit_interface/share/moveit_interface/local_setup.sh
[12.146s] -- Installing: /home/humble_ws/install/moveit_interface/share/moveit_interface/local_setup.zsh
[12.147s] -- Installing: /home/humble_ws/install/moveit_interface/share/moveit_interface/local_setup.dsv
[12.147s] -- Installing: /home/humble_ws/install/moveit_interface/share/moveit_interface/package.dsv
[12.147s] -- Installing: /home/humble_ws/install/moveit_interface/share/ament_index/resource_index/packages/moveit_interface
[12.147s] -- Installing: /home/humble_ws/install/moveit_interface/share/moveit_interface/cmake/moveit_interfaceConfig.cmake
[12.147s] -- Installing: /home/humble_ws/install/moveit_interface/share/moveit_interface/cmake/moveit_interfaceConfig-version.cmake
[12.148s] -- Installing: /home/humble_ws/install/moveit_interface/share/moveit_interface/package.xml
[12.150s] Invoked command in '/home/humble_ws/build/moveit_interface' returned '0': CMAKE_PREFIX_PATH=${CMAKE_PREFIX_PATH}:/home/humble_ws/install/kinova_arm:/opt/ros/humble /usr/bin/cmake --install /home/humble_ws/build/moveit_interface
