[1.450s] Invoking command in '/home/humble_ws/src/antworker_navigation': PYTHONPATH=/home/humble_ws/build/antworker_navigation/prefix_override:/home/humble_ws/install/antworker_navigation/lib/python3.10/site-packages:${PYTHONPATH} /usr/bin/python3 -W ignore:setup.py install is deprecated setup.py egg_info --egg-base ../../build/antworker_navigation build --build-base /home/humble_ws/build/antworker_navigation/build install --record /home/humble_ws/build/antworker_navigation/install.log --single-version-externally-managed install_data
[1.692s] running egg_info
[1.693s] writing ../../build/antworker_navigation/antworker_navigation.egg-info/PKG-INFO
[1.693s] writing dependency_links to ../../build/antworker_navigation/antworker_navigation.egg-info/dependency_links.txt
[1.693s] writing entry points to ../../build/antworker_navigation/antworker_navigation.egg-info/entry_points.txt
[1.693s] writing requirements to ../../build/antworker_navigation/antworker_navigation.egg-info/requires.txt
[1.693s] writing top-level names to ../../build/antworker_navigation/antworker_navigation.egg-info/top_level.txt
[1.696s] reading manifest file '../../build/antworker_navigation/antworker_navigation.egg-info/SOURCES.txt'
[1.697s] writing manifest file '../../build/antworker_navigation/antworker_navigation.egg-info/SOURCES.txt'
[1.697s] running build
[1.697s] running build_py
[1.697s] running install
[1.697s] running install_lib
[1.698s] running install_data
[1.699s] running install_egg_info
[1.701s] removing '/home/humble_ws/install/antworker_navigation/lib/python3.10/site-packages/antworker_navigation-0.0.0-py3.10.egg-info' (and everything under it)
[1.701s] Copying ../../build/antworker_navigation/antworker_navigation.egg-info to /home/humble_ws/install/antworker_navigation/lib/python3.10/site-packages/antworker_navigation-0.0.0-py3.10.egg-info
[1.702s] running install_scripts
[1.726s] writing list of installed files to '/home/humble_ws/build/antworker_navigation/install.log'
[1.764s] Invoked command in '/home/humble_ws/src/antworker_navigation' returned '0': PYTHONPATH=/home/humble_ws/build/antworker_navigation/prefix_override:/home/humble_ws/install/antworker_navigation/lib/python3.10/site-packages:${PYTHONPATH} /usr/bin/python3 -W ignore:setup.py install is deprecated setup.py egg_info --egg-base ../../build/antworker_navigation build --build-base /home/humble_ws/build/antworker_navigation/build install --record /home/humble_ws/build/antworker_navigation/install.log --single-version-externally-managed install_data
