[0.008s] Invoking command in '/home/humble_ws/build/kinova_base_moveit': AMENT_PREFIX_PATH=/home/humble_ws/install/antworker_description:/home/humble_ws/install/support_kinova_moveit:/home/humble_ws/install/moveit_interface:/home/humble_ws/install/kinova_base_moveit:/opt/ros/humble CMAKE_PREFIX_PATH=${CMAKE_PREFIX_PATH}:/home/humble_ws/install/support_kinova_moveit:/home/humble_ws/install/antworker_description:/opt/ros/humble PYTHONPATH=/home/humble_ws/install/antworker_description/lib/python3.10/site-packages:/home/humble_ws/install/support_kinova_moveit/lib/python3.10/site-packages:/opt/ros/humble/lib/python3.10/site-packages:/opt/ros/humble/local/lib/python3.10/dist-packages /usr/bin/cmake /home/humble_ws/src/kinova_base_moveit -DCMAKE_INSTALL_PREFIX=/home/humble_ws/install/kinova_base_moveit
[0.061s] -- The C compiler identification is GNU 11.4.0
[0.113s] -- The CXX compiler identification is GNU 11.4.0
[0.120s] -- Detecting C compiler ABI info
[0.191s] -- Detecting C compiler ABI info - done
[0.197s] -- Check for working C compiler: /usr/bin/cc - skipped
[0.197s] -- Detecting C compile features
[0.198s] -- Detecting C compile features - done
[0.201s] -- Detecting CXX compiler ABI info
[0.280s] -- Detecting CXX compiler ABI info - done
[0.287s] -- Check for working CXX compiler: /usr/bin/c++ - skipped
[0.287s] -- Detecting CXX compile features
[0.288s] -- Detecting CXX compile features - done
[0.291s] -- Found ament_cmake: 1.3.8 (/opt/ros/humble/share/ament_cmake/cmake)
[0.410s] -- Found Python3: /usr/bin/python3 (found version "3.10.12") found components: Interpreter 
[0.572s] -- Configuring done
[0.577s] -- Generating done
[0.579s] -- Build files have been written to: /home/humble_ws/build/kinova_base_moveit
[0.585s] Invoked command in '/home/humble_ws/build/kinova_base_moveit' returned '0': AMENT_PREFIX_PATH=/home/humble_ws/install/antworker_description:/home/humble_ws/install/support_kinova_moveit:/home/humble_ws/install/moveit_interface:/home/humble_ws/install/kinova_base_moveit:/opt/ros/humble CMAKE_PREFIX_PATH=${CMAKE_PREFIX_PATH}:/home/humble_ws/install/support_kinova_moveit:/home/humble_ws/install/antworker_description:/opt/ros/humble PYTHONPATH=/home/humble_ws/install/antworker_description/lib/python3.10/site-packages:/home/humble_ws/install/support_kinova_moveit/lib/python3.10/site-packages:/opt/ros/humble/lib/python3.10/site-packages:/opt/ros/humble/local/lib/python3.10/dist-packages /usr/bin/cmake /home/humble_ws/src/kinova_base_moveit -DCMAKE_INSTALL_PREFIX=/home/humble_ws/install/kinova_base_moveit
[0.587s] Invoking command in '/home/humble_ws/build/kinova_base_moveit': AMENT_PREFIX_PATH=/home/humble_ws/install/antworker_description:/home/humble_ws/install/support_kinova_moveit:/home/humble_ws/install/moveit_interface:/home/humble_ws/install/kinova_base_moveit:/opt/ros/humble CMAKE_PREFIX_PATH=${CMAKE_PREFIX_PATH}:/home/humble_ws/install/support_kinova_moveit:/home/humble_ws/install/antworker_description:/opt/ros/humble PYTHONPATH=/home/humble_ws/install/antworker_description/lib/python3.10/site-packages:/home/humble_ws/install/support_kinova_moveit/lib/python3.10/site-packages:/opt/ros/humble/lib/python3.10/site-packages:/opt/ros/humble/local/lib/python3.10/dist-packages /usr/bin/cmake --build /home/humble_ws/build/kinova_base_moveit -- -j16 -l16
[0.629s] Invoked command in '/home/humble_ws/build/kinova_base_moveit' returned '0': AMENT_PREFIX_PATH=/home/humble_ws/install/antworker_description:/home/humble_ws/install/support_kinova_moveit:/home/humble_ws/install/moveit_interface:/home/humble_ws/install/kinova_base_moveit:/opt/ros/humble CMAKE_PREFIX_PATH=${CMAKE_PREFIX_PATH}:/home/humble_ws/install/support_kinova_moveit:/home/humble_ws/install/antworker_description:/opt/ros/humble PYTHONPATH=/home/humble_ws/install/antworker_description/lib/python3.10/site-packages:/home/humble_ws/install/support_kinova_moveit/lib/python3.10/site-packages:/opt/ros/humble/lib/python3.10/site-packages:/opt/ros/humble/local/lib/python3.10/dist-packages /usr/bin/cmake --build /home/humble_ws/build/kinova_base_moveit -- -j16 -l16
[0.662s] Invoking command in '/home/humble_ws/build/kinova_base_moveit': AMENT_PREFIX_PATH=/home/humble_ws/install/antworker_description:/home/humble_ws/install/support_kinova_moveit:/home/humble_ws/install/moveit_interface:/home/humble_ws/install/kinova_base_moveit:/opt/ros/humble CMAKE_PREFIX_PATH=${CMAKE_PREFIX_PATH}:/home/humble_ws/install/support_kinova_moveit:/home/humble_ws/install/antworker_description:/opt/ros/humble PYTHONPATH=/home/humble_ws/install/antworker_description/lib/python3.10/site-packages:/home/humble_ws/install/support_kinova_moveit/lib/python3.10/site-packages:/opt/ros/humble/lib/python3.10/site-packages:/opt/ros/humble/local/lib/python3.10/dist-packages /usr/bin/cmake --install /home/humble_ws/build/kinova_base_moveit
[0.671s] -- Install configuration: ""
[0.671s] -- Installing: /home/humble_ws/install/kinova_base_moveit/share/ament_index/resource_index/package_run_dependencies/kinova_base_moveit
[0.671s] -- Installing: /home/humble_ws/install/kinova_base_moveit/share/ament_index/resource_index/parent_prefix_path/kinova_base_moveit
[0.671s] -- Installing: /home/humble_ws/install/kinova_base_moveit/share/kinova_base_moveit/environment/ament_prefix_path.sh
[0.672s] -- Installing: /home/humble_ws/install/kinova_base_moveit/share/kinova_base_moveit/environment/ament_prefix_path.dsv
[0.672s] -- Installing: /home/humble_ws/install/kinova_base_moveit/share/kinova_base_moveit/environment/path.sh
[0.672s] -- Installing: /home/humble_ws/install/kinova_base_moveit/share/kinova_base_moveit/environment/path.dsv
[0.672s] -- Installing: /home/humble_ws/install/kinova_base_moveit/share/kinova_base_moveit/local_setup.bash
[0.672s] -- Installing: /home/humble_ws/install/kinova_base_moveit/share/kinova_base_moveit/local_setup.sh
[0.672s] -- Installing: /home/humble_ws/install/kinova_base_moveit/share/kinova_base_moveit/local_setup.zsh
[0.672s] -- Installing: /home/humble_ws/install/kinova_base_moveit/share/kinova_base_moveit/local_setup.dsv
[0.673s] -- Installing: /home/humble_ws/install/kinova_base_moveit/share/kinova_base_moveit/package.dsv
[0.673s] -- Installing: /home/humble_ws/install/kinova_base_moveit/share/ament_index/resource_index/packages/kinova_base_moveit
[0.673s] -- Installing: /home/humble_ws/install/kinova_base_moveit/share/kinova_base_moveit/cmake/kinova_base_moveitConfig.cmake
[0.673s] -- Installing: /home/humble_ws/install/kinova_base_moveit/share/kinova_base_moveit/cmake/kinova_base_moveitConfig-version.cmake
[0.673s] -- Installing: /home/humble_ws/install/kinova_base_moveit/share/kinova_base_moveit/package.xml
[0.673s] -- Installing: /home/humble_ws/install/kinova_base_moveit/share/kinova_base_moveit/launch
[0.673s] -- Installing: /home/humble_ws/install/kinova_base_moveit/share/kinova_base_moveit/launch/demo.launch.py
[0.674s] -- Installing: /home/humble_ws/install/kinova_base_moveit/share/kinova_base_moveit/launch/setup_assistant.launch.py
[0.674s] -- Installing: /home/humble_ws/install/kinova_base_moveit/share/kinova_base_moveit/launch/move_group.launch.py
[0.674s] -- Installing: /home/humble_ws/install/kinova_base_moveit/share/kinova_base_moveit/launch/warehouse_db.launch.py
[0.674s] -- Installing: /home/humble_ws/install/kinova_base_moveit/share/kinova_base_moveit/launch/static_virtual_joint_tfs.launch.py
[0.674s] -- Installing: /home/humble_ws/install/kinova_base_moveit/share/kinova_base_moveit/launch/spawn_controllers.launch.py
[0.674s] -- Installing: /home/humble_ws/install/kinova_base_moveit/share/kinova_base_moveit/launch/rsp.launch.py
[0.674s] -- Installing: /home/humble_ws/install/kinova_base_moveit/share/kinova_base_moveit/launch/moveit_rviz.launch.py
[0.674s] -- Installing: /home/humble_ws/install/kinova_base_moveit/share/kinova_base_moveit/config
[0.675s] -- Installing: /home/humble_ws/install/kinova_base_moveit/share/kinova_base_moveit/config/antworker.srdf
[0.675s] -- Installing: /home/humble_ws/install/kinova_base_moveit/share/kinova_base_moveit/config/antworker.ros2_control.xacro
[0.675s] -- Installing: /home/humble_ws/install/kinova_base_moveit/share/kinova_base_moveit/config/joint_limits.yaml
[0.675s] -- Installing: /home/humble_ws/install/kinova_base_moveit/share/kinova_base_moveit/config/ros2_controllers.yaml
[0.675s] -- Installing: /home/humble_ws/install/kinova_base_moveit/share/kinova_base_moveit/config/pilz_cartesian_limits.yaml
[0.675s] -- Installing: /home/humble_ws/install/kinova_base_moveit/share/kinova_base_moveit/config/moveit.rviz
[0.675s] -- Installing: /home/humble_ws/install/kinova_base_moveit/share/kinova_base_moveit/config/kinematics.yaml
[0.675s] -- Installing: /home/humble_ws/install/kinova_base_moveit/share/kinova_base_moveit/config/sensors_3d.yaml
[0.676s] -- Installing: /home/humble_ws/install/kinova_base_moveit/share/kinova_base_moveit/config/initial_positions.yaml
[0.676s] -- Installing: /home/humble_ws/install/kinova_base_moveit/share/kinova_base_moveit/config/antworker.urdf.xacro
[0.676s] -- Installing: /home/humble_ws/install/kinova_base_moveit/share/kinova_base_moveit/config/moveit_controllers.yaml
[0.676s] -- Installing: /home/humble_ws/install/kinova_base_moveit/share/kinova_base_moveit/.setup_assistant
[0.679s] Invoked command in '/home/humble_ws/build/kinova_base_moveit' returned '0': AMENT_PREFIX_PATH=/home/humble_ws/install/antworker_description:/home/humble_ws/install/support_kinova_moveit:/home/humble_ws/install/moveit_interface:/home/humble_ws/install/kinova_base_moveit:/opt/ros/humble CMAKE_PREFIX_PATH=${CMAKE_PREFIX_PATH}:/home/humble_ws/install/support_kinova_moveit:/home/humble_ws/install/antworker_description:/opt/ros/humble PYTHONPATH=/home/humble_ws/install/antworker_description/lib/python3.10/site-packages:/home/humble_ws/install/support_kinova_moveit/lib/python3.10/site-packages:/opt/ros/humble/lib/python3.10/site-packages:/opt/ros/humble/local/lib/python3.10/dist-packages /usr/bin/cmake --install /home/humble_ws/build/kinova_base_moveit
