-- The C compiler identification is GNU 11.4.0
-- The CXX compiler identification is GNU 11.4.0
-- Detecting C compiler ABI info
-- Detecting C compiler ABI info - done
-- Check for working C compiler: /usr/bin/cc - skipped
-- Detecting C compile features
-- Detecting C compile features - done
-- Detecting CXX compiler ABI info
-- Detecting CXX compiler ABI info - done
-- Check for working CXX compiler: /usr/bin/c++ - skipped
-- Detecting CXX compile features
-- Detecting CXX compile features - done
-- Found ament_cmake: 1.3.8 (/opt/ros/humble/share/ament_cmake/cmake)
-- Found Python3: /usr/bin/python3 (found version "3.10.12") found components: Interpreter 
-- Configuring done
-- Generating done
-- Build files have been written to: /home/humble_ws/build/antworker_moveit_description
-- Install configuration: ""
-- Installing: /home/humble_ws/install/antworker_moveit_description/share/ament_index/resource_index/package_run_dependencies/antworker_moveit_description
-- Installing: /home/humble_ws/install/antworker_moveit_description/share/ament_index/resource_index/parent_prefix_path/antworker_moveit_description
-- Installing: /home/humble_ws/install/antworker_moveit_description/share/antworker_moveit_description/environment/ament_prefix_path.sh
-- Installing: /home/humble_ws/install/antworker_moveit_description/share/antworker_moveit_description/environment/ament_prefix_path.dsv
-- Installing: /home/humble_ws/install/antworker_moveit_description/share/antworker_moveit_description/environment/path.sh
-- Installing: /home/humble_ws/install/antworker_moveit_description/share/antworker_moveit_description/environment/path.dsv
-- Installing: /home/humble_ws/install/antworker_moveit_description/share/antworker_moveit_description/local_setup.bash
-- Installing: /home/humble_ws/install/antworker_moveit_description/share/antworker_moveit_description/local_setup.sh
-- Installing: /home/humble_ws/install/antworker_moveit_description/share/antworker_moveit_description/local_setup.zsh
-- Installing: /home/humble_ws/install/antworker_moveit_description/share/antworker_moveit_description/local_setup.dsv
-- Installing: /home/humble_ws/install/antworker_moveit_description/share/antworker_moveit_description/package.dsv
-- Installing: /home/humble_ws/install/antworker_moveit_description/share/ament_index/resource_index/packages/antworker_moveit_description
-- Installing: /home/humble_ws/install/antworker_moveit_description/share/antworker_moveit_description/cmake/antworker_moveit_descriptionConfig.cmake
-- Installing: /home/humble_ws/install/antworker_moveit_description/share/antworker_moveit_description/cmake/antworker_moveit_descriptionConfig-version.cmake
-- Installing: /home/humble_ws/install/antworker_moveit_description/share/antworker_moveit_description/package.xml
-- Installing: /home/humble_ws/install/antworker_moveit_description/share/antworker_moveit_description/launch
-- Installing: /home/humble_ws/install/antworker_moveit_description/share/antworker_moveit_description/launch/demo.launch.py
-- Installing: /home/humble_ws/install/antworker_moveit_description/share/antworker_moveit_description/launch/setup_assistant.launch.py
-- Installing: /home/humble_ws/install/antworker_moveit_description/share/antworker_moveit_description/launch/move_group.launch.py
-- Installing: /home/humble_ws/install/antworker_moveit_description/share/antworker_moveit_description/launch/__pycache__
-- Installing: /home/humble_ws/install/antworker_moveit_description/share/antworker_moveit_description/launch/__pycache__/demo.launch.cpython-310.pyc
-- Installing: /home/humble_ws/install/antworker_moveit_description/share/antworker_moveit_description/launch/__pycache__/move_group.launch.cpython-310.pyc
-- Installing: /home/humble_ws/install/antworker_moveit_description/share/antworker_moveit_description/launch/warehouse_db.launch.py
-- Installing: /home/humble_ws/install/antworker_moveit_description/share/antworker_moveit_description/launch/static_virtual_joint_tfs.launch.py
-- Installing: /home/humble_ws/install/antworker_moveit_description/share/antworker_moveit_description/launch/spawn_controllers.launch.py
-- Installing: /home/humble_ws/install/antworker_moveit_description/share/antworker_moveit_description/launch/rsp.launch.py
-- Installing: /home/humble_ws/install/antworker_moveit_description/share/antworker_moveit_description/launch/moveit_rviz.launch.py
-- Installing: /home/humble_ws/install/antworker_moveit_description/share/antworker_moveit_description/config
-- Installing: /home/humble_ws/install/antworker_moveit_description/share/antworker_moveit_description/config/antworker.srdf
-- Installing: /home/humble_ws/install/antworker_moveit_description/share/antworker_moveit_description/config/antworker.ros2_control.xacro
-- Installing: /home/humble_ws/install/antworker_moveit_description/share/antworker_moveit_description/config/joint_limits.yaml
-- Installing: /home/humble_ws/install/antworker_moveit_description/share/antworker_moveit_description/config/ros2_controllers.yaml
-- Installing: /home/humble_ws/install/antworker_moveit_description/share/antworker_moveit_description/config/pilz_cartesian_limits.yaml
-- Installing: /home/humble_ws/install/antworker_moveit_description/share/antworker_moveit_description/config/not_sensors_3d.yaml
-- Installing: /home/humble_ws/install/antworker_moveit_description/share/antworker_moveit_description/config/moveit.rviz
-- Installing: /home/humble_ws/install/antworker_moveit_description/share/antworker_moveit_description/config/kinematics.yaml
-- Installing: /home/humble_ws/install/antworker_moveit_description/share/antworker_moveit_description/config/initial_positions.yaml
-- Installing: /home/humble_ws/install/antworker_moveit_description/share/antworker_moveit_description/config/antworker.urdf.xacro
-- Installing: /home/humble_ws/install/antworker_moveit_description/share/antworker_moveit_description/config/moveit_controllers.yaml
-- Installing: /home/humble_ws/install/antworker_moveit_description/share/antworker_moveit_description/.setup_assistant
