[1.282s] Invoking command in '/home/rolling_ws/src/antworker_description': PYTHONPATH=/home/rolling_ws/build/antworker_description/prefix_override:/home/rolling_ws/install/antworker_description/lib/python3.10/site-packages:${PYTHONPATH} /usr/bin/python3 setup.py egg_info --egg-base ../../build/antworker_description build --build-base /home/rolling_ws/build/antworker_description/build install --record /home/rolling_ws/build/antworker_description/install.log --single-version-externally-managed
[1.539s] running egg_info
[1.539s] writing ../../build/antworker_description/antworker_description.egg-info/PKG-INFO
[1.540s] writing dependency_links to ../../build/antworker_description/antworker_description.egg-info/dependency_links.txt
[1.540s] writing entry points to ../../build/antworker_description/antworker_description.egg-info/entry_points.txt
[1.540s] writing requirements to ../../build/antworker_description/antworker_description.egg-info/requires.txt
[1.540s] writing top-level names to ../../build/antworker_description/antworker_description.egg-info/top_level.txt
[1.542s] reading manifest file '../../build/antworker_description/antworker_description.egg-info/SOURCES.txt'
[1.543s] writing manifest file '../../build/antworker_description/antworker_description.egg-info/SOURCES.txt'
[1.543s] running build
[1.543s] running build_py
[1.543s] running install
[1.543s] running install_lib
[1.544s] running install_data
[1.545s] running install_egg_info
[1.547s] removing '/home/rolling_ws/install/antworker_description/lib/python3.10/site-packages/antworker_description-0.0.0-py3.10.egg-info' (and everything under it)
[1.548s] Copying ../../build/antworker_description/antworker_description.egg-info to /home/rolling_ws/install/antworker_description/lib/python3.10/site-packages/antworker_description-0.0.0-py3.10.egg-info
[1.549s] running install_scripts
[1.568s] writing list of installed files to '/home/rolling_ws/build/antworker_description/install.log'
[1.592s] Invoked command in '/home/rolling_ws/src/antworker_description' returned '0': PYTHONPATH=/home/rolling_ws/build/antworker_description/prefix_override:/home/rolling_ws/install/antworker_description/lib/python3.10/site-packages:${PYTHONPATH} /usr/bin/python3 setup.py egg_info --egg-base ../../build/antworker_description build --build-base /home/rolling_ws/build/antworker_description/build install --record /home/rolling_ws/build/antworker_description/install.log --single-version-externally-managed
