[0.876s] DEBUG:colcon:Command line arguments: ['/usr/bin/colcon', 'build', '--packages-select', 'attempt_py_moveit', 'antworker_moveit_description', 'antworker_description']
[0.877s] DEBUG:colcon:Parsed command line arguments: Namespace(log_base=None, log_level=None, verb_name='build', build_base='build', install_base='install', merge_install=False, symlink_install=False, test_result_base=None, continue_on_error=False, executor='parallel', parallel_workers=16, event_handlers=None, ignore_user_meta=False, metas=['./colcon.meta'], base_paths=['.'], packages_ignore=None, packages_ignore_regex=None, paths=None, packages_up_to=None, packages_up_to_regex=None, packages_above=None, packages_above_and_dependencies=None, packages_above_depth=None, packages_select_by_dep=None, packages_skip_by_dep=None, packages_skip_up_to=None, packages_select_build_failed=False, packages_skip_build_finished=False, packages_select_test_failures=False, packages_skip_test_passed=False, packages_select=['attempt_py_moveit', 'antworker_moveit_description', 'antworker_description'], packages_skip=None, packages_select_regex=None, packages_skip_regex=None, packages_start=None, packages_end=None, cmake_args=None, cmake_target=None, cmake_target_skip_unavailable=False, cmake_clean_cache=False, cmake_clean_first=False, cmake_force_configure=False, ament_cmake_args=None, catkin_cmake_args=None, catkin_skip_building_tests=False, mixin_files=None, mixin=None, verb_parser=<colcon_mixin.mixin.mixin_argument.MixinArgumentDecorator object at 0x7552e21dd480>, verb_extension=<colcon_core.verb.build.BuildVerb object at 0x7552e21dec20>, main=<bound method BuildVerb.main of <colcon_core.verb.build.BuildVerb object at 0x7552e21dec20>>, mixin_verb=('build',))
[0.910s] Level 1:colcon.colcon_core.package_discovery:discover_packages(colcon_meta) check parameters
[0.911s] INFO:colcon.colcon_metadata.package_discovery.colcon_meta:Using configuration from '/root/.colcon/metadata/default/Gazebo.meta'
[0.911s] INFO:colcon.colcon_metadata.package_discovery.colcon_meta:Using configuration from '/root/.colcon/metadata/default/fastrtps.meta'
[0.911s] Level 1:colcon.colcon_core.package_discovery:discover_packages(recursive) check parameters
[0.911s] Level 1:colcon.colcon_core.package_discovery:discover_packages(ignore) check parameters
[0.911s] Level 1:colcon.colcon_core.package_discovery:discover_packages(path) check parameters
[0.911s] Level 1:colcon.colcon_core.package_discovery:discover_packages(colcon_meta) discover
[0.911s] Level 1:colcon.colcon_core.package_discovery:discover_packages(recursive) discover
[0.911s] INFO:colcon.colcon_core.package_discovery:Crawling recursively for packages in '/home/ros2_ws'
[0.911s] Level 1:colcon.colcon_core.package_identification:_identify(.) by extensions ['ignore', 'ignore_ament_install']
[0.912s] Level 1:colcon.colcon_core.package_identification:_identify(.) by extension 'ignore'
[0.912s] Level 1:colcon.colcon_core.package_identification:_identify(.) by extension 'ignore_ament_install'
[0.912s] Level 1:colcon.colcon_core.package_identification:_identify(.) by extensions ['colcon_pkg']
[0.912s] Level 1:colcon.colcon_core.package_identification:_identify(.) by extension 'colcon_pkg'
[0.912s] Level 1:colcon.colcon_core.package_identification:_identify(.) by extensions ['colcon_meta']
[0.912s] Level 1:colcon.colcon_core.package_identification:_identify(.) by extension 'colcon_meta'
[0.912s] Level 1:colcon.colcon_core.package_identification:_identify(.) by extensions ['ros']
[0.912s] Level 1:colcon.colcon_core.package_identification:_identify(.) by extension 'ros'
[0.920s] Level 1:colcon.colcon_core.package_identification:_identify(.) by extensions ['cmake', 'python']
[0.920s] Level 1:colcon.colcon_core.package_identification:_identify(.) by extension 'cmake'
[0.920s] Level 1:colcon.colcon_core.package_identification:_identify(.) by extension 'python'
[0.920s] Level 1:colcon.colcon_core.package_identification:_identify(.) by extensions ['python_setup_py']
[0.920s] Level 1:colcon.colcon_core.package_identification:_identify(.) by extension 'python_setup_py'
[0.920s] Level 1:colcon.colcon_core.package_identification:_identify(build) by extensions ['ignore', 'ignore_ament_install']
[0.920s] Level 1:colcon.colcon_core.package_identification:_identify(build) by extension 'ignore'
[0.920s] Level 1:colcon.colcon_core.package_identification:_identify(build) ignored
[0.920s] Level 1:colcon.colcon_core.package_identification:_identify(install) by extensions ['ignore', 'ignore_ament_install']
[0.920s] Level 1:colcon.colcon_core.package_identification:_identify(install) by extension 'ignore'
[0.920s] Level 1:colcon.colcon_core.package_identification:_identify(install) ignored
[0.920s] Level 1:colcon.colcon_core.package_identification:_identify(log) by extensions ['ignore', 'ignore_ament_install']
[0.920s] Level 1:colcon.colcon_core.package_identification:_identify(log) by extension 'ignore'
[0.920s] Level 1:colcon.colcon_core.package_identification:_identify(log) ignored
[0.920s] Level 1:colcon.colcon_core.package_identification:_identify(src) by extensions ['ignore', 'ignore_ament_install']
[0.920s] Level 1:colcon.colcon_core.package_identification:_identify(src) by extension 'ignore'
[0.920s] Level 1:colcon.colcon_core.package_identification:_identify(src) by extension 'ignore_ament_install'
[0.921s] Level 1:colcon.colcon_core.package_identification:_identify(src) by extensions ['colcon_pkg']
[0.921s] Level 1:colcon.colcon_core.package_identification:_identify(src) by extension 'colcon_pkg'
[0.921s] Level 1:colcon.colcon_core.package_identification:_identify(src) by extensions ['colcon_meta']
[0.921s] Level 1:colcon.colcon_core.package_identification:_identify(src) by extension 'colcon_meta'
[0.921s] Level 1:colcon.colcon_core.package_identification:_identify(src) by extensions ['ros']
[0.921s] Level 1:colcon.colcon_core.package_identification:_identify(src) by extension 'ros'
[0.921s] Level 1:colcon.colcon_core.package_identification:_identify(src) by extensions ['cmake', 'python']
[0.921s] Level 1:colcon.colcon_core.package_identification:_identify(src) by extension 'cmake'
[0.921s] Level 1:colcon.colcon_core.package_identification:_identify(src) by extension 'python'
[0.921s] Level 1:colcon.colcon_core.package_identification:_identify(src) by extensions ['python_setup_py']
[0.921s] Level 1:colcon.colcon_core.package_identification:_identify(src) by extension 'python_setup_py'
[0.921s] Level 1:colcon.colcon_core.package_identification:_identify(src/__pycache__) by extensions ['ignore', 'ignore_ament_install']
[0.921s] Level 1:colcon.colcon_core.package_identification:_identify(src/__pycache__) by extension 'ignore'
[0.921s] Level 1:colcon.colcon_core.package_identification:_identify(src/__pycache__) by extension 'ignore_ament_install'
[0.921s] Level 1:colcon.colcon_core.package_identification:_identify(src/__pycache__) by extensions ['colcon_pkg']
[0.921s] Level 1:colcon.colcon_core.package_identification:_identify(src/__pycache__) by extension 'colcon_pkg'
[0.921s] Level 1:colcon.colcon_core.package_identification:_identify(src/__pycache__) by extensions ['colcon_meta']
[0.921s] Level 1:colcon.colcon_core.package_identification:_identify(src/__pycache__) by extension 'colcon_meta'
[0.921s] Level 1:colcon.colcon_core.package_identification:_identify(src/__pycache__) by extensions ['ros']
[0.921s] Level 1:colcon.colcon_core.package_identification:_identify(src/__pycache__) by extension 'ros'
[0.921s] Level 1:colcon.colcon_core.package_identification:_identify(src/__pycache__) by extensions ['cmake', 'python']
[0.921s] Level 1:colcon.colcon_core.package_identification:_identify(src/__pycache__) by extension 'cmake'
[0.921s] Level 1:colcon.colcon_core.package_identification:_identify(src/__pycache__) by extension 'python'
[0.921s] Level 1:colcon.colcon_core.package_identification:_identify(src/__pycache__) by extensions ['python_setup_py']
[0.921s] Level 1:colcon.colcon_core.package_identification:_identify(src/__pycache__) by extension 'python_setup_py'
[0.922s] Level 1:colcon.colcon_core.package_identification:_identify(src/antworker_description) by extensions ['ignore', 'ignore_ament_install']
[0.922s] Level 1:colcon.colcon_core.package_identification:_identify(src/antworker_description) by extension 'ignore'
[0.922s] Level 1:colcon.colcon_core.package_identification:_identify(src/antworker_description) by extension 'ignore_ament_install'
[0.922s] Level 1:colcon.colcon_core.package_identification:_identify(src/antworker_description) by extensions ['colcon_pkg']
[0.922s] Level 1:colcon.colcon_core.package_identification:_identify(src/antworker_description) by extension 'colcon_pkg'
[0.922s] Level 1:colcon.colcon_core.package_identification:_identify(src/antworker_description) by extensions ['colcon_meta']
[0.922s] Level 1:colcon.colcon_core.package_identification:_identify(src/antworker_description) by extension 'colcon_meta'
[0.922s] Level 1:colcon.colcon_core.package_identification:_identify(src/antworker_description) by extensions ['ros']
[0.922s] Level 1:colcon.colcon_core.package_identification:_identify(src/antworker_description) by extension 'ros'
[0.924s] DEBUG:colcon.colcon_core.package_identification:Package 'src/antworker_description' with type 'ros.ament_python' and name 'antworker_description'
[0.924s] Level 1:colcon.colcon_core.package_identification:_identify(src/antworker_moveit_description) by extensions ['ignore', 'ignore_ament_install']
[0.924s] Level 1:colcon.colcon_core.package_identification:_identify(src/antworker_moveit_description) by extension 'ignore'
[0.924s] Level 1:colcon.colcon_core.package_identification:_identify(src/antworker_moveit_description) by extension 'ignore_ament_install'
[0.924s] Level 1:colcon.colcon_core.package_identification:_identify(src/antworker_moveit_description) by extensions ['colcon_pkg']
[0.924s] Level 1:colcon.colcon_core.package_identification:_identify(src/antworker_moveit_description) by extension 'colcon_pkg'
[0.924s] Level 1:colcon.colcon_core.package_identification:_identify(src/antworker_moveit_description) by extensions ['colcon_meta']
[0.924s] Level 1:colcon.colcon_core.package_identification:_identify(src/antworker_moveit_description) by extension 'colcon_meta'
[0.924s] Level 1:colcon.colcon_core.package_identification:_identify(src/antworker_moveit_description) by extensions ['ros']
[0.924s] Level 1:colcon.colcon_core.package_identification:_identify(src/antworker_moveit_description) by extension 'ros'
[0.924s] DEBUG:colcon.colcon_core.package_identification:Package 'src/antworker_moveit_description' with type 'ros.ament_cmake' and name 'antworker_moveit_description'
[0.925s] Level 1:colcon.colcon_core.package_identification:_identify(src/antworker_navigation) by extensions ['ignore', 'ignore_ament_install']
[0.925s] Level 1:colcon.colcon_core.package_identification:_identify(src/antworker_navigation) by extension 'ignore'
[0.925s] Level 1:colcon.colcon_core.package_identification:_identify(src/antworker_navigation) by extension 'ignore_ament_install'
[0.925s] Level 1:colcon.colcon_core.package_identification:_identify(src/antworker_navigation) by extensions ['colcon_pkg']
[0.925s] Level 1:colcon.colcon_core.package_identification:_identify(src/antworker_navigation) by extension 'colcon_pkg'
[0.925s] Level 1:colcon.colcon_core.package_identification:_identify(src/antworker_navigation) by extensions ['colcon_meta']
[0.925s] Level 1:colcon.colcon_core.package_identification:_identify(src/antworker_navigation) by extension 'colcon_meta'
[0.925s] Level 1:colcon.colcon_core.package_identification:_identify(src/antworker_navigation) by extensions ['ros']
[0.925s] Level 1:colcon.colcon_core.package_identification:_identify(src/antworker_navigation) by extension 'ros'
[0.925s] DEBUG:colcon.colcon_core.package_identification:Package 'src/antworker_navigation' with type 'ros.ament_python' and name 'antworker_navigation'
[0.925s] Level 1:colcon.colcon_core.package_identification:_identify(src/attempt_py_moveit) by extensions ['ignore', 'ignore_ament_install']
[0.925s] Level 1:colcon.colcon_core.package_identification:_identify(src/attempt_py_moveit) by extension 'ignore'
[0.925s] Level 1:colcon.colcon_core.package_identification:_identify(src/attempt_py_moveit) by extension 'ignore_ament_install'
[0.925s] Level 1:colcon.colcon_core.package_identification:_identify(src/attempt_py_moveit) by extensions ['colcon_pkg']
[0.925s] Level 1:colcon.colcon_core.package_identification:_identify(src/attempt_py_moveit) by extension 'colcon_pkg'
[0.926s] Level 1:colcon.colcon_core.package_identification:_identify(src/attempt_py_moveit) by extensions ['colcon_meta']
[0.926s] Level 1:colcon.colcon_core.package_identification:_identify(src/attempt_py_moveit) by extension 'colcon_meta'
[0.926s] Level 1:colcon.colcon_core.package_identification:_identify(src/attempt_py_moveit) by extensions ['ros']
[0.926s] Level 1:colcon.colcon_core.package_identification:_identify(src/attempt_py_moveit) by extension 'ros'
[0.926s] DEBUG:colcon.colcon_core.package_identification:Package 'src/attempt_py_moveit' with type 'ros.ament_python' and name 'attempt_py_moveit'
[0.926s] Level 1:colcon.colcon_core.package_identification:_identify(src/iron_moveit_ctrl) by extensions ['ignore', 'ignore_ament_install']
[0.926s] Level 1:colcon.colcon_core.package_identification:_identify(src/iron_moveit_ctrl) by extension 'ignore'
[0.926s] Level 1:colcon.colcon_core.package_identification:_identify(src/iron_moveit_ctrl) by extension 'ignore_ament_install'
[0.926s] Level 1:colcon.colcon_core.package_identification:_identify(src/iron_moveit_ctrl) by extensions ['colcon_pkg']
[0.926s] Level 1:colcon.colcon_core.package_identification:_identify(src/iron_moveit_ctrl) by extension 'colcon_pkg'
[0.926s] Level 1:colcon.colcon_core.package_identification:_identify(src/iron_moveit_ctrl) by extensions ['colcon_meta']
[0.926s] Level 1:colcon.colcon_core.package_identification:_identify(src/iron_moveit_ctrl) by extension 'colcon_meta'
[0.926s] Level 1:colcon.colcon_core.package_identification:_identify(src/iron_moveit_ctrl) by extensions ['ros']
[0.926s] Level 1:colcon.colcon_core.package_identification:_identify(src/iron_moveit_ctrl) by extension 'ros'
[0.927s] DEBUG:colcon.colcon_core.package_identification:Package 'src/iron_moveit_ctrl' with type 'ros.ament_python' and name 'iron_moveit_ctrl'
[0.927s] Level 1:colcon.colcon_core.package_discovery:discover_packages(recursive) using defaults
[0.927s] Level 1:colcon.colcon_core.package_discovery:discover_packages(ignore) discover
[0.927s] Level 1:colcon.colcon_core.package_discovery:discover_packages(ignore) using defaults
[0.927s] Level 1:colcon.colcon_core.package_discovery:discover_packages(path) discover
[0.927s] Level 1:colcon.colcon_core.package_discovery:discover_packages(path) using defaults
[0.972s] INFO:colcon.colcon_core.package_selection:Skipping not selected package 'antworker_navigation' in 'src/antworker_navigation'
[0.972s] INFO:colcon.colcon_core.package_selection:Skipping not selected package 'iron_moveit_ctrl' in 'src/iron_moveit_ctrl'
[0.982s] Level 5:colcon.colcon_core.verb:set package 'antworker_description' build argument 'cmake_args' from command line to 'None'
[0.982s] Level 5:colcon.colcon_core.verb:set package 'antworker_description' build argument 'cmake_target' from command line to 'None'
[0.982s] Level 5:colcon.colcon_core.verb:set package 'antworker_description' build argument 'cmake_target_skip_unavailable' from command line to 'False'
[0.982s] Level 5:colcon.colcon_core.verb:set package 'antworker_description' build argument 'cmake_clean_cache' from command line to 'False'
[0.982s] Level 5:colcon.colcon_core.verb:set package 'antworker_description' build argument 'cmake_clean_first' from command line to 'False'
[0.982s] Level 5:colcon.colcon_core.verb:set package 'antworker_description' build argument 'cmake_force_configure' from command line to 'False'
[0.983s] Level 5:colcon.colcon_core.verb:set package 'antworker_description' build argument 'ament_cmake_args' from command line to 'None'
[0.983s] Level 5:colcon.colcon_core.verb:set package 'antworker_description' build argument 'catkin_cmake_args' from command line to 'None'
[0.983s] Level 5:colcon.colcon_core.verb:set package 'antworker_description' build argument 'catkin_skip_building_tests' from command line to 'False'
[0.983s] DEBUG:colcon.colcon_core.verb:Building package 'antworker_description' with the following arguments: {'ament_cmake_args': None, 'build_base': '/home/ros2_ws/build/antworker_description', 'catkin_cmake_args': None, 'catkin_skip_building_tests': False, 'cmake_args': None, 'cmake_clean_cache': False, 'cmake_clean_first': False, 'cmake_force_configure': False, 'cmake_target': None, 'cmake_target_skip_unavailable': False, 'install_base': '/home/ros2_ws/install/antworker_description', 'merge_install': False, 'path': '/home/ros2_ws/src/antworker_description', 'symlink_install': False, 'test_result_base': None}
[0.993s] Level 5:colcon.colcon_core.verb:set package 'attempt_py_moveit' build argument 'cmake_args' from command line to 'None'
[0.993s] Level 5:colcon.colcon_core.verb:set package 'attempt_py_moveit' build argument 'cmake_target' from command line to 'None'
[0.993s] Level 5:colcon.colcon_core.verb:set package 'attempt_py_moveit' build argument 'cmake_target_skip_unavailable' from command line to 'False'
[0.993s] Level 5:colcon.colcon_core.verb:set package 'attempt_py_moveit' build argument 'cmake_clean_cache' from command line to 'False'
[0.993s] Level 5:colcon.colcon_core.verb:set package 'attempt_py_moveit' build argument 'cmake_clean_first' from command line to 'False'
[0.993s] Level 5:colcon.colcon_core.verb:set package 'attempt_py_moveit' build argument 'cmake_force_configure' from command line to 'False'
[0.993s] Level 5:colcon.colcon_core.verb:set package 'attempt_py_moveit' build argument 'ament_cmake_args' from command line to 'None'
[0.993s] Level 5:colcon.colcon_core.verb:set package 'attempt_py_moveit' build argument 'catkin_cmake_args' from command line to 'None'
[0.993s] Level 5:colcon.colcon_core.verb:set package 'attempt_py_moveit' build argument 'catkin_skip_building_tests' from command line to 'False'
[0.993s] DEBUG:colcon.colcon_core.verb:Building package 'attempt_py_moveit' with the following arguments: {'ament_cmake_args': None, 'build_base': '/home/ros2_ws/build/attempt_py_moveit', 'catkin_cmake_args': None, 'catkin_skip_building_tests': False, 'cmake_args': None, 'cmake_clean_cache': False, 'cmake_clean_first': False, 'cmake_force_configure': False, 'cmake_target': None, 'cmake_target_skip_unavailable': False, 'install_base': '/home/ros2_ws/install/attempt_py_moveit', 'merge_install': False, 'path': '/home/ros2_ws/src/attempt_py_moveit', 'symlink_install': False, 'test_result_base': None}
[1.003s] Level 5:colcon.colcon_core.verb:set package 'antworker_moveit_description' build argument 'cmake_args' from command line to 'None'
[1.003s] Level 5:colcon.colcon_core.verb:set package 'antworker_moveit_description' build argument 'cmake_target' from command line to 'None'
[1.003s] Level 5:colcon.colcon_core.verb:set package 'antworker_moveit_description' build argument 'cmake_target_skip_unavailable' from command line to 'False'
[1.003s] Level 5:colcon.colcon_core.verb:set package 'antworker_moveit_description' build argument 'cmake_clean_cache' from command line to 'False'
[1.003s] Level 5:colcon.colcon_core.verb:set package 'antworker_moveit_description' build argument 'cmake_clean_first' from command line to 'False'
[1.003s] Level 5:colcon.colcon_core.verb:set package 'antworker_moveit_description' build argument 'cmake_force_configure' from command line to 'False'
[1.003s] Level 5:colcon.colcon_core.verb:set package 'antworker_moveit_description' build argument 'ament_cmake_args' from command line to 'None'
[1.003s] Level 5:colcon.colcon_core.verb:set package 'antworker_moveit_description' build argument 'catkin_cmake_args' from command line to 'None'
[1.003s] Level 5:colcon.colcon_core.verb:set package 'antworker_moveit_description' build argument 'catkin_skip_building_tests' from command line to 'False'
[1.003s] DEBUG:colcon.colcon_core.verb:Building package 'antworker_moveit_description' with the following arguments: {'ament_cmake_args': None, 'build_base': '/home/ros2_ws/build/antworker_moveit_description', 'catkin_cmake_args': None, 'catkin_skip_building_tests': False, 'cmake_args': None, 'cmake_clean_cache': False, 'cmake_clean_first': False, 'cmake_force_configure': False, 'cmake_target': None, 'cmake_target_skip_unavailable': False, 'install_base': '/home/ros2_ws/install/antworker_moveit_description', 'merge_install': False, 'path': '/home/ros2_ws/src/antworker_moveit_description', 'symlink_install': False, 'test_result_base': None}
[1.013s] INFO:colcon.colcon_core.executor:Executing jobs using 'parallel' executor
[1.023s] DEBUG:colcon.colcon_parallel_executor.executor.parallel:run_until_complete
[1.023s] INFO:colcon.colcon_ros.task.ament_python.build:Building ROS package in '/home/ros2_ws/src/antworker_description' with build type 'ament_python'
[1.024s] Level 1:colcon.colcon_core.shell:create_environment_hook('antworker_description', 'ament_prefix_path')
[1.035s] INFO:colcon.colcon_core.plugin_system:Skipping extension 'colcon_core.shell.bat': Not used on non-Windows systems
[1.035s] INFO:colcon.colcon_core.shell:Creating environment hook '/home/ros2_ws/install/antworker_description/share/antworker_description/hook/ament_prefix_path.ps1'
[1.036s] INFO:colcon.colcon_core.shell:Creating environment descriptor '/home/ros2_ws/install/antworker_description/share/antworker_description/hook/ament_prefix_path.dsv'
[1.036s] INFO:colcon.colcon_core.shell:Creating environment hook '/home/ros2_ws/install/antworker_description/share/antworker_description/hook/ament_prefix_path.sh'
[1.046s] INFO:colcon.colcon_core.shell:Skip shell extension 'powershell' for command environment: Not usable outside of PowerShell
[1.046s] DEBUG:colcon.colcon_core.shell:Skip shell extension 'dsv' for command environment
[1.094s] INFO:colcon.colcon_ros.task.ament_python.build:Building ROS package in '/home/ros2_ws/src/attempt_py_moveit' with build type 'ament_python'
[1.094s] Level 1:colcon.colcon_core.shell:create_environment_hook('attempt_py_moveit', 'ament_prefix_path')
[1.105s] INFO:colcon.colcon_core.shell:Creating environment hook '/home/ros2_ws/install/attempt_py_moveit/share/attempt_py_moveit/hook/ament_prefix_path.ps1'
[1.105s] INFO:colcon.colcon_core.shell:Creating environment descriptor '/home/ros2_ws/install/attempt_py_moveit/share/attempt_py_moveit/hook/ament_prefix_path.dsv'
[1.105s] INFO:colcon.colcon_core.shell:Creating environment hook '/home/ros2_ws/install/attempt_py_moveit/share/attempt_py_moveit/hook/ament_prefix_path.sh'
[1.115s] INFO:colcon.colcon_core.shell:Skip shell extension 'powershell' for command environment: Not usable outside of PowerShell
[1.115s] DEBUG:colcon.colcon_core.shell:Skip shell extension 'dsv' for command environment
[1.357s] INFO:colcon.colcon_core.task.python.build:Building Python package in '/home/ros2_ws/src/antworker_description'
[1.367s] INFO:colcon.colcon_core.shell:Skip shell extension 'powershell' for command environment: Not usable outside of PowerShell
[1.367s] DEBUG:colcon.colcon_core.shell:Skip shell extension 'dsv' for command environment
[1.617s] INFO:colcon.colcon_core.task.python.build:Building Python package in '/home/ros2_ws/src/attempt_py_moveit'
[1.628s] INFO:colcon.colcon_core.shell:Skip shell extension 'powershell' for command environment: Not usable outside of PowerShell
[1.628s] DEBUG:colcon.colcon_core.shell:Skip shell extension 'dsv' for command environment
[1.953s] DEBUG:colcon.colcon_core.event_handler.log_command:Invoking command in '/home/ros2_ws/src/attempt_py_moveit': PYTHONPATH=/home/ros2_ws/build/attempt_py_moveit/prefix_override:/home/ros2_ws/install/attempt_py_moveit/lib/python3.10/site-packages:${PYTHONPATH} /usr/bin/python3 setup.py egg_info --egg-base ../../build/attempt_py_moveit build --build-base /home/ros2_ws/build/attempt_py_moveit/build install --record /home/ros2_ws/build/attempt_py_moveit/install.log --single-version-externally-managed
[1.959s] DEBUG:colcon.colcon_core.event_handler.log_command:Invoking command in '/home/ros2_ws/src/antworker_description': PYTHONPATH=/home/ros2_ws/build/antworker_description/prefix_override:/home/ros2_ws/install/antworker_description/lib/python3.10/site-packages:${PYTHONPATH} /usr/bin/python3 setup.py egg_info --egg-base ../../build/antworker_description build --build-base /home/ros2_ws/build/antworker_description/build install --record /home/ros2_ws/build/antworker_description/install.log --single-version-externally-managed
[2.177s] DEBUG:colcon.colcon_core.event_handler.log_command:Invoked command in '/home/ros2_ws/src/attempt_py_moveit' returned '0': PYTHONPATH=/home/ros2_ws/build/attempt_py_moveit/prefix_override:/home/ros2_ws/install/attempt_py_moveit/lib/python3.10/site-packages:${PYTHONPATH} /usr/bin/python3 setup.py egg_info --egg-base ../../build/attempt_py_moveit build --build-base /home/ros2_ws/build/attempt_py_moveit/build install --record /home/ros2_ws/build/attempt_py_moveit/install.log --single-version-externally-managed
[2.189s] Level 1:colcon.colcon_core.environment:checking '/home/ros2_ws/install/attempt_py_moveit' for CMake module files
[2.190s] Level 1:colcon.colcon_core.environment:checking '/home/ros2_ws/install/attempt_py_moveit' for CMake config files
[2.190s] Level 1:colcon.colcon_core.environment:checking '/home/ros2_ws/install/attempt_py_moveit/lib'
[2.190s] Level 1:colcon.colcon_core.environment:checking '/home/ros2_ws/install/attempt_py_moveit/bin'
[2.191s] Level 1:colcon.colcon_core.environment:checking '/home/ros2_ws/install/attempt_py_moveit/lib/pkgconfig/attempt_py_moveit.pc'
[2.191s] Level 1:colcon.colcon_core.environment:checking '/home/ros2_ws/install/attempt_py_moveit/lib/python3.10/site-packages'
[2.191s] Level 1:colcon.colcon_core.shell:create_environment_hook('attempt_py_moveit', 'pythonpath')
[2.201s] INFO:colcon.colcon_core.shell:Creating environment hook '/home/ros2_ws/install/attempt_py_moveit/share/attempt_py_moveit/hook/pythonpath.ps1'
[2.201s] INFO:colcon.colcon_core.shell:Creating environment descriptor '/home/ros2_ws/install/attempt_py_moveit/share/attempt_py_moveit/hook/pythonpath.dsv'
[2.202s] INFO:colcon.colcon_core.shell:Creating environment hook '/home/ros2_ws/install/attempt_py_moveit/share/attempt_py_moveit/hook/pythonpath.sh'
[2.202s] Level 1:colcon.colcon_core.environment:checking '/home/ros2_ws/install/attempt_py_moveit/bin'
[2.202s] Level 1:colcon.colcon_core.environment:create_environment_scripts_only(attempt_py_moveit)
[2.222s] INFO:colcon.colcon_core.shell:Creating package script '/home/ros2_ws/install/attempt_py_moveit/share/attempt_py_moveit/package.ps1'
[2.223s] INFO:colcon.colcon_core.shell:Creating package descriptor '/home/ros2_ws/install/attempt_py_moveit/share/attempt_py_moveit/package.dsv'
[2.223s] INFO:colcon.colcon_core.shell:Creating package script '/home/ros2_ws/install/attempt_py_moveit/share/attempt_py_moveit/package.sh'
[2.224s] INFO:colcon.colcon_core.shell:Creating package script '/home/ros2_ws/install/attempt_py_moveit/share/attempt_py_moveit/package.bash'
[2.224s] INFO:colcon.colcon_core.shell:Creating package script '/home/ros2_ws/install/attempt_py_moveit/share/attempt_py_moveit/package.zsh'
[2.225s] Level 1:colcon.colcon_core.environment:create_file_with_runtime_dependencies(/home/ros2_ws/install/attempt_py_moveit/share/colcon-core/packages/attempt_py_moveit)
[2.226s] DEBUG:colcon.colcon_core.event_handler.log_command:Invoked command in '/home/ros2_ws/src/antworker_description' returned '0': PYTHONPATH=/home/ros2_ws/build/antworker_description/prefix_override:/home/ros2_ws/install/antworker_description/lib/python3.10/site-packages:${PYTHONPATH} /usr/bin/python3 setup.py egg_info --egg-base ../../build/antworker_description build --build-base /home/ros2_ws/build/antworker_description/build install --record /home/ros2_ws/build/antworker_description/install.log --single-version-externally-managed
[2.237s] Level 1:colcon.colcon_core.environment:checking '/home/ros2_ws/install/antworker_description' for CMake module files
[2.238s] Level 1:colcon.colcon_core.environment:checking '/home/ros2_ws/install/antworker_description' for CMake config files
[2.238s] Level 1:colcon.colcon_core.environment:checking '/home/ros2_ws/install/antworker_description/lib'
[2.238s] Level 1:colcon.colcon_core.environment:checking '/home/ros2_ws/install/antworker_description/bin'
[2.238s] Level 1:colcon.colcon_core.environment:checking '/home/ros2_ws/install/antworker_description/lib/pkgconfig/antworker_description.pc'
[2.239s] Level 1:colcon.colcon_core.environment:checking '/home/ros2_ws/install/antworker_description/lib/python3.10/site-packages'
[2.239s] Level 1:colcon.colcon_core.shell:create_environment_hook('antworker_description', 'pythonpath')
[2.249s] INFO:colcon.colcon_core.shell:Creating environment hook '/home/ros2_ws/install/antworker_description/share/antworker_description/hook/pythonpath.ps1'
[2.249s] INFO:colcon.colcon_core.shell:Creating environment descriptor '/home/ros2_ws/install/antworker_description/share/antworker_description/hook/pythonpath.dsv'
[2.249s] INFO:colcon.colcon_core.shell:Creating environment hook '/home/ros2_ws/install/antworker_description/share/antworker_description/hook/pythonpath.sh'
[2.250s] Level 1:colcon.colcon_core.environment:checking '/home/ros2_ws/install/antworker_description/bin'
[2.250s] Level 1:colcon.colcon_core.environment:create_environment_scripts_only(antworker_description)
[2.260s] INFO:colcon.colcon_core.shell:Creating package script '/home/ros2_ws/install/antworker_description/share/antworker_description/package.ps1'
[2.261s] INFO:colcon.colcon_core.shell:Creating package descriptor '/home/ros2_ws/install/antworker_description/share/antworker_description/package.dsv'
[2.261s] INFO:colcon.colcon_core.shell:Creating package script '/home/ros2_ws/install/antworker_description/share/antworker_description/package.sh'
[2.261s] INFO:colcon.colcon_core.shell:Creating package script '/home/ros2_ws/install/antworker_description/share/antworker_description/package.bash'
[2.261s] INFO:colcon.colcon_core.shell:Creating package script '/home/ros2_ws/install/antworker_description/share/antworker_description/package.zsh'
[2.262s] Level 1:colcon.colcon_core.environment:create_file_with_runtime_dependencies(/home/ros2_ws/install/antworker_description/share/colcon-core/packages/antworker_description)
[2.262s] INFO:colcon.colcon_ros.task.ament_cmake.build:Building ROS package in '/home/ros2_ws/src/antworker_moveit_description' with build type 'ament_cmake'
[2.262s] INFO:colcon.colcon_cmake.task.cmake.build:Building CMake package in '/home/ros2_ws/src/antworker_moveit_description'
[2.274s] INFO:colcon.colcon_core.shell:Skip shell extension 'powershell' for command environment: Not usable outside of PowerShell
[2.274s] DEBUG:colcon.colcon_core.shell:Skip shell extension 'dsv' for command environment
[2.331s] DEBUG:colcon.colcon_core.event_handler.log_command:Invoking command in '/home/ros2_ws/build/antworker_moveit_description': AMENT_PREFIX_PATH=/home/ros2_ws/install/antworker_description:/home/ros2_ws/install/attempt_py_moveit:/home/ros2_ws/install/antworker_moveit_description:/root/ws_moveit/install/robotiq_hardware_tests:/root/ws_moveit/install/robotiq_driver:/root/ws_moveit/install/serial:/root/ws_moveit/install/moveit2_tutorials:/root/ws_moveit/install/hello_moveit:/root/ws_moveit/install/moveit_visual_tools:/root/ws_moveit/install/rviz_visual_tools:/root/ws_moveit/install/mtc_tutorial:/root/ws_moveit/install/moveit_task_constructor_visualization:/root/ws_moveit/install/moveit_task_constructor_demo:/root/ws_moveit/install/moveit_task_constructor_capabilities:/root/ws_moveit/install/moveit_task_constructor_core:/root/ws_moveit/install/rviz_marker_tools:/root/ws_moveit/install/rosparam_shortcuts:/root/ws_moveit/install/kortex_bringup:/root/ws_moveit/install/kinova_gen3_7dof_robotiq_2f_85_moveit_config:/root/ws_moveit/install/kinova_gen3_6dof_robotiq_2f_85_moveit_config:/root/ws_moveit/install/kortex_description:/root/ws_moveit/install/robotiq_description:/root/ws_moveit/install/robotiq_controllers:/root/ws_moveit/install/pilz_industrial_motion_planner_testutils:/root/ws_moveit/install/moveit_runtime:/root/ws_moveit/install/moveit:/root/ws_moveit/install/moveit_planners:/root/ws_moveit/install/pilz_industrial_motion_planner:/root/ws_moveit/install/moveit_task_constructor_msgs:/root/ws_moveit/install/moveit_ros_control_interface:/root/ws_moveit/install/moveit_plugins:/root/ws_moveit/install/moveit_simple_controller_manager:/root/ws_moveit/install/moveit_setup_assistant:/root/ws_moveit/install/moveit_setup_srdf_plugins:/root/ws_moveit/install/moveit_setup_core_plugins:/root/ws_moveit/install/moveit_setup_controllers:/root/ws_moveit/install/moveit_setup_app_plugins:/root/ws_moveit/install/moveit_setup_framework:/root/ws_moveit/install/moveit_servo:/root/ws_moveit/install/moveit_ros:/root/ws_moveit/install/moveit_ros_visualization:/root/ws_moveit/install/moveit_py:/root/ws_moveit/install/moveit_hybrid_planning:/root/ws_moveit/install/moveit_ros_planning_interface:/root/ws_moveit/install/moveit_ros_benchmarks:/root/ws_moveit/install/moveit_ros_warehouse:/root/ws_moveit/install/moveit_ros_robot_interaction:/root/ws_moveit/install/moveit_ros_perception:/root/ws_moveit/install/moveit_resources_prbt_pg70_support:/root/ws_moveit/install/moveit_resources_prbt_moveit_config:/root/ws_moveit/install/moveit_ros_move_group:/root/ws_moveit/install/moveit_planners_ompl:/root/ws_moveit/install/moveit_kinematics:/root/ws_moveit/install/moveit_ros_planning:/root/ws_moveit/install/moveit_ros_occupancy_map_monitor:/root/ws_moveit/install/moveit_resources_prbt_support:/root/ws_moveit/install/moveit_resources_prbt_ikfast_manipulator_plugin:/root/ws_moveit/install/moveit_resources:/root/ws_moveit/install/moveit_resources_pr2_description:/root/ws_moveit/install/moveit_resources_panda_moveit_config:/root/ws_moveit/install/dual_arm_panda_moveit_config:/root/ws_moveit/install/moveit_resources_panda_description:/root/ws_moveit/install/moveit_resources_fanuc_moveit_config:/root/ws_moveit/install/moveit_resources_fanuc_description:/root/ws_moveit/install/moveit_planners_stomp:/root/ws_moveit/install/moveit_planners_chomp:/root/ws_moveit/install/chomp_motion_planner:/root/ws_moveit/install/moveit_core:/root/ws_moveit/install/moveit_msgs:/root/ws_moveit/install/moveit_configs_utils:/root/ws_moveit/install/moveit_common:/root/ws_moveit/install/kortex_driver:/root/ws_moveit/install/kortex_api:/opt/ros/rolling CMAKE_PREFIX_PATH=${CMAKE_PREFIX_PATH}:/home/ros2_ws/install/attempt_py_moveit:/home/ros2_ws/install/antworker_description:/root/ws_moveit/install/moveit_configs_utils:/opt/ros/rolling PYTHONPATH=/home/ros2_ws/install/antworker_description/lib/python3.10/site-packages:/home/ros2_ws/install/attempt_py_moveit/lib/python3.10/site-packages:/root/ws_moveit/install/moveit_task_constructor_msgs/lib/python3.10/site-packages:/root/ws_moveit/install/moveit_py/lib/python3.10/site-packages:/root/ws_moveit/install/moveit_msgs/lib/python3.10/site-packages:/root/ws_moveit/install/moveit_configs_utils/lib/python3.10/site-packages:/opt/ros/rolling/lib/python3.10/site-packages /usr/bin/cmake --build /home/ros2_ws/build/antworker_moveit_description -- -j16 -l16
[2.394s] DEBUG:colcon.colcon_core.event_handler.log_command:Invoked command in '/home/ros2_ws/build/antworker_moveit_description' returned '0': AMENT_PREFIX_PATH=/home/ros2_ws/install/antworker_description:/home/ros2_ws/install/attempt_py_moveit:/home/ros2_ws/install/antworker_moveit_description:/root/ws_moveit/install/robotiq_hardware_tests:/root/ws_moveit/install/robotiq_driver:/root/ws_moveit/install/serial:/root/ws_moveit/install/moveit2_tutorials:/root/ws_moveit/install/hello_moveit:/root/ws_moveit/install/moveit_visual_tools:/root/ws_moveit/install/rviz_visual_tools:/root/ws_moveit/install/mtc_tutorial:/root/ws_moveit/install/moveit_task_constructor_visualization:/root/ws_moveit/install/moveit_task_constructor_demo:/root/ws_moveit/install/moveit_task_constructor_capabilities:/root/ws_moveit/install/moveit_task_constructor_core:/root/ws_moveit/install/rviz_marker_tools:/root/ws_moveit/install/rosparam_shortcuts:/root/ws_moveit/install/kortex_bringup:/root/ws_moveit/install/kinova_gen3_7dof_robotiq_2f_85_moveit_config:/root/ws_moveit/install/kinova_gen3_6dof_robotiq_2f_85_moveit_config:/root/ws_moveit/install/kortex_description:/root/ws_moveit/install/robotiq_description:/root/ws_moveit/install/robotiq_controllers:/root/ws_moveit/install/pilz_industrial_motion_planner_testutils:/root/ws_moveit/install/moveit_runtime:/root/ws_moveit/install/moveit:/root/ws_moveit/install/moveit_planners:/root/ws_moveit/install/pilz_industrial_motion_planner:/root/ws_moveit/install/moveit_task_constructor_msgs:/root/ws_moveit/install/moveit_ros_control_interface:/root/ws_moveit/install/moveit_plugins:/root/ws_moveit/install/moveit_simple_controller_manager:/root/ws_moveit/install/moveit_setup_assistant:/root/ws_moveit/install/moveit_setup_srdf_plugins:/root/ws_moveit/install/moveit_setup_core_plugins:/root/ws_moveit/install/moveit_setup_controllers:/root/ws_moveit/install/moveit_setup_app_plugins:/root/ws_moveit/install/moveit_setup_framework:/root/ws_moveit/install/moveit_servo:/root/ws_moveit/install/moveit_ros:/root/ws_moveit/install/moveit_ros_visualization:/root/ws_moveit/install/moveit_py:/root/ws_moveit/install/moveit_hybrid_planning:/root/ws_moveit/install/moveit_ros_planning_interface:/root/ws_moveit/install/moveit_ros_benchmarks:/root/ws_moveit/install/moveit_ros_warehouse:/root/ws_moveit/install/moveit_ros_robot_interaction:/root/ws_moveit/install/moveit_ros_perception:/root/ws_moveit/install/moveit_resources_prbt_pg70_support:/root/ws_moveit/install/moveit_resources_prbt_moveit_config:/root/ws_moveit/install/moveit_ros_move_group:/root/ws_moveit/install/moveit_planners_ompl:/root/ws_moveit/install/moveit_kinematics:/root/ws_moveit/install/moveit_ros_planning:/root/ws_moveit/install/moveit_ros_occupancy_map_monitor:/root/ws_moveit/install/moveit_resources_prbt_support:/root/ws_moveit/install/moveit_resources_prbt_ikfast_manipulator_plugin:/root/ws_moveit/install/moveit_resources:/root/ws_moveit/install/moveit_resources_pr2_description:/root/ws_moveit/install/moveit_resources_panda_moveit_config:/root/ws_moveit/install/dual_arm_panda_moveit_config:/root/ws_moveit/install/moveit_resources_panda_description:/root/ws_moveit/install/moveit_resources_fanuc_moveit_config:/root/ws_moveit/install/moveit_resources_fanuc_description:/root/ws_moveit/install/moveit_planners_stomp:/root/ws_moveit/install/moveit_planners_chomp:/root/ws_moveit/install/chomp_motion_planner:/root/ws_moveit/install/moveit_core:/root/ws_moveit/install/moveit_msgs:/root/ws_moveit/install/moveit_configs_utils:/root/ws_moveit/install/moveit_common:/root/ws_moveit/install/kortex_driver:/root/ws_moveit/install/kortex_api:/opt/ros/rolling CMAKE_PREFIX_PATH=${CMAKE_PREFIX_PATH}:/home/ros2_ws/install/attempt_py_moveit:/home/ros2_ws/install/antworker_description:/root/ws_moveit/install/moveit_configs_utils:/opt/ros/rolling PYTHONPATH=/home/ros2_ws/install/antworker_description/lib/python3.10/site-packages:/home/ros2_ws/install/attempt_py_moveit/lib/python3.10/site-packages:/root/ws_moveit/install/moveit_task_constructor_msgs/lib/python3.10/site-packages:/root/ws_moveit/install/moveit_py/lib/python3.10/site-packages:/root/ws_moveit/install/moveit_msgs/lib/python3.10/site-packages:/root/ws_moveit/install/moveit_configs_utils/lib/python3.10/site-packages:/opt/ros/rolling/lib/python3.10/site-packages /usr/bin/cmake --build /home/ros2_ws/build/antworker_moveit_description -- -j16 -l16
[2.457s] DEBUG:colcon.colcon_core.event_handler.log_command:Invoking command in '/home/ros2_ws/build/antworker_moveit_description': AMENT_PREFIX_PATH=/home/ros2_ws/install/antworker_description:/home/ros2_ws/install/attempt_py_moveit:/home/ros2_ws/install/antworker_moveit_description:/root/ws_moveit/install/robotiq_hardware_tests:/root/ws_moveit/install/robotiq_driver:/root/ws_moveit/install/serial:/root/ws_moveit/install/moveit2_tutorials:/root/ws_moveit/install/hello_moveit:/root/ws_moveit/install/moveit_visual_tools:/root/ws_moveit/install/rviz_visual_tools:/root/ws_moveit/install/mtc_tutorial:/root/ws_moveit/install/moveit_task_constructor_visualization:/root/ws_moveit/install/moveit_task_constructor_demo:/root/ws_moveit/install/moveit_task_constructor_capabilities:/root/ws_moveit/install/moveit_task_constructor_core:/root/ws_moveit/install/rviz_marker_tools:/root/ws_moveit/install/rosparam_shortcuts:/root/ws_moveit/install/kortex_bringup:/root/ws_moveit/install/kinova_gen3_7dof_robotiq_2f_85_moveit_config:/root/ws_moveit/install/kinova_gen3_6dof_robotiq_2f_85_moveit_config:/root/ws_moveit/install/kortex_description:/root/ws_moveit/install/robotiq_description:/root/ws_moveit/install/robotiq_controllers:/root/ws_moveit/install/pilz_industrial_motion_planner_testutils:/root/ws_moveit/install/moveit_runtime:/root/ws_moveit/install/moveit:/root/ws_moveit/install/moveit_planners:/root/ws_moveit/install/pilz_industrial_motion_planner:/root/ws_moveit/install/moveit_task_constructor_msgs:/root/ws_moveit/install/moveit_ros_control_interface:/root/ws_moveit/install/moveit_plugins:/root/ws_moveit/install/moveit_simple_controller_manager:/root/ws_moveit/install/moveit_setup_assistant:/root/ws_moveit/install/moveit_setup_srdf_plugins:/root/ws_moveit/install/moveit_setup_core_plugins:/root/ws_moveit/install/moveit_setup_controllers:/root/ws_moveit/install/moveit_setup_app_plugins:/root/ws_moveit/install/moveit_setup_framework:/root/ws_moveit/install/moveit_servo:/root/ws_moveit/install/moveit_ros:/root/ws_moveit/install/moveit_ros_visualization:/root/ws_moveit/install/moveit_py:/root/ws_moveit/install/moveit_hybrid_planning:/root/ws_moveit/install/moveit_ros_planning_interface:/root/ws_moveit/install/moveit_ros_benchmarks:/root/ws_moveit/install/moveit_ros_warehouse:/root/ws_moveit/install/moveit_ros_robot_interaction:/root/ws_moveit/install/moveit_ros_perception:/root/ws_moveit/install/moveit_resources_prbt_pg70_support:/root/ws_moveit/install/moveit_resources_prbt_moveit_config:/root/ws_moveit/install/moveit_ros_move_group:/root/ws_moveit/install/moveit_planners_ompl:/root/ws_moveit/install/moveit_kinematics:/root/ws_moveit/install/moveit_ros_planning:/root/ws_moveit/install/moveit_ros_occupancy_map_monitor:/root/ws_moveit/install/moveit_resources_prbt_support:/root/ws_moveit/install/moveit_resources_prbt_ikfast_manipulator_plugin:/root/ws_moveit/install/moveit_resources:/root/ws_moveit/install/moveit_resources_pr2_description:/root/ws_moveit/install/moveit_resources_panda_moveit_config:/root/ws_moveit/install/dual_arm_panda_moveit_config:/root/ws_moveit/install/moveit_resources_panda_description:/root/ws_moveit/install/moveit_resources_fanuc_moveit_config:/root/ws_moveit/install/moveit_resources_fanuc_description:/root/ws_moveit/install/moveit_planners_stomp:/root/ws_moveit/install/moveit_planners_chomp:/root/ws_moveit/install/chomp_motion_planner:/root/ws_moveit/install/moveit_core:/root/ws_moveit/install/moveit_msgs:/root/ws_moveit/install/moveit_configs_utils:/root/ws_moveit/install/moveit_common:/root/ws_moveit/install/kortex_driver:/root/ws_moveit/install/kortex_api:/opt/ros/rolling CMAKE_PREFIX_PATH=${CMAKE_PREFIX_PATH}:/home/ros2_ws/install/attempt_py_moveit:/home/ros2_ws/install/antworker_description:/root/ws_moveit/install/moveit_configs_utils:/opt/ros/rolling PYTHONPATH=/home/ros2_ws/install/antworker_description/lib/python3.10/site-packages:/home/ros2_ws/install/attempt_py_moveit/lib/python3.10/site-packages:/root/ws_moveit/install/moveit_task_constructor_msgs/lib/python3.10/site-packages:/root/ws_moveit/install/moveit_py/lib/python3.10/site-packages:/root/ws_moveit/install/moveit_msgs/lib/python3.10/site-packages:/root/ws_moveit/install/moveit_configs_utils/lib/python3.10/site-packages:/opt/ros/rolling/lib/python3.10/site-packages /usr/bin/cmake --install /home/ros2_ws/build/antworker_moveit_description
[2.473s] Level 1:colcon.colcon_core.environment:create_environment_scripts_only(antworker_moveit_description)
[2.474s] DEBUG:colcon.colcon_core.event_handler.log_command:Invoked command in '/home/ros2_ws/build/antworker_moveit_description' returned '0': AMENT_PREFIX_PATH=/home/ros2_ws/install/antworker_description:/home/ros2_ws/install/attempt_py_moveit:/home/ros2_ws/install/antworker_moveit_description:/root/ws_moveit/install/robotiq_hardware_tests:/root/ws_moveit/install/robotiq_driver:/root/ws_moveit/install/serial:/root/ws_moveit/install/moveit2_tutorials:/root/ws_moveit/install/hello_moveit:/root/ws_moveit/install/moveit_visual_tools:/root/ws_moveit/install/rviz_visual_tools:/root/ws_moveit/install/mtc_tutorial:/root/ws_moveit/install/moveit_task_constructor_visualization:/root/ws_moveit/install/moveit_task_constructor_demo:/root/ws_moveit/install/moveit_task_constructor_capabilities:/root/ws_moveit/install/moveit_task_constructor_core:/root/ws_moveit/install/rviz_marker_tools:/root/ws_moveit/install/rosparam_shortcuts:/root/ws_moveit/install/kortex_bringup:/root/ws_moveit/install/kinova_gen3_7dof_robotiq_2f_85_moveit_config:/root/ws_moveit/install/kinova_gen3_6dof_robotiq_2f_85_moveit_config:/root/ws_moveit/install/kortex_description:/root/ws_moveit/install/robotiq_description:/root/ws_moveit/install/robotiq_controllers:/root/ws_moveit/install/pilz_industrial_motion_planner_testutils:/root/ws_moveit/install/moveit_runtime:/root/ws_moveit/install/moveit:/root/ws_moveit/install/moveit_planners:/root/ws_moveit/install/pilz_industrial_motion_planner:/root/ws_moveit/install/moveit_task_constructor_msgs:/root/ws_moveit/install/moveit_ros_control_interface:/root/ws_moveit/install/moveit_plugins:/root/ws_moveit/install/moveit_simple_controller_manager:/root/ws_moveit/install/moveit_setup_assistant:/root/ws_moveit/install/moveit_setup_srdf_plugins:/root/ws_moveit/install/moveit_setup_core_plugins:/root/ws_moveit/install/moveit_setup_controllers:/root/ws_moveit/install/moveit_setup_app_plugins:/root/ws_moveit/install/moveit_setup_framework:/root/ws_moveit/install/moveit_servo:/root/ws_moveit/install/moveit_ros:/root/ws_moveit/install/moveit_ros_visualization:/root/ws_moveit/install/moveit_py:/root/ws_moveit/install/moveit_hybrid_planning:/root/ws_moveit/install/moveit_ros_planning_interface:/root/ws_moveit/install/moveit_ros_benchmarks:/root/ws_moveit/install/moveit_ros_warehouse:/root/ws_moveit/install/moveit_ros_robot_interaction:/root/ws_moveit/install/moveit_ros_perception:/root/ws_moveit/install/moveit_resources_prbt_pg70_support:/root/ws_moveit/install/moveit_resources_prbt_moveit_config:/root/ws_moveit/install/moveit_ros_move_group:/root/ws_moveit/install/moveit_planners_ompl:/root/ws_moveit/install/moveit_kinematics:/root/ws_moveit/install/moveit_ros_planning:/root/ws_moveit/install/moveit_ros_occupancy_map_monitor:/root/ws_moveit/install/moveit_resources_prbt_support:/root/ws_moveit/install/moveit_resources_prbt_ikfast_manipulator_plugin:/root/ws_moveit/install/moveit_resources:/root/ws_moveit/install/moveit_resources_pr2_description:/root/ws_moveit/install/moveit_resources_panda_moveit_config:/root/ws_moveit/install/dual_arm_panda_moveit_config:/root/ws_moveit/install/moveit_resources_panda_description:/root/ws_moveit/install/moveit_resources_fanuc_moveit_config:/root/ws_moveit/install/moveit_resources_fanuc_description:/root/ws_moveit/install/moveit_planners_stomp:/root/ws_moveit/install/moveit_planners_chomp:/root/ws_moveit/install/chomp_motion_planner:/root/ws_moveit/install/moveit_core:/root/ws_moveit/install/moveit_msgs:/root/ws_moveit/install/moveit_configs_utils:/root/ws_moveit/install/moveit_common:/root/ws_moveit/install/kortex_driver:/root/ws_moveit/install/kortex_api:/opt/ros/rolling CMAKE_PREFIX_PATH=${CMAKE_PREFIX_PATH}:/home/ros2_ws/install/attempt_py_moveit:/home/ros2_ws/install/antworker_description:/root/ws_moveit/install/moveit_configs_utils:/opt/ros/rolling PYTHONPATH=/home/ros2_ws/install/antworker_description/lib/python3.10/site-packages:/home/ros2_ws/install/attempt_py_moveit/lib/python3.10/site-packages:/root/ws_moveit/install/moveit_task_constructor_msgs/lib/python3.10/site-packages:/root/ws_moveit/install/moveit_py/lib/python3.10/site-packages:/root/ws_moveit/install/moveit_msgs/lib/python3.10/site-packages:/root/ws_moveit/install/moveit_configs_utils/lib/python3.10/site-packages:/opt/ros/rolling/lib/python3.10/site-packages /usr/bin/cmake --install /home/ros2_ws/build/antworker_moveit_description
[2.485s] Level 1:colcon.colcon_core.environment:checking '/home/ros2_ws/install/antworker_moveit_description' for CMake module files
[2.485s] Level 1:colcon.colcon_core.environment:checking '/home/ros2_ws/install/antworker_moveit_description' for CMake config files
[2.485s] Level 1:colcon.colcon_core.shell:create_environment_hook('antworker_moveit_description', 'cmake_prefix_path')
[2.495s] INFO:colcon.colcon_core.shell:Creating environment hook '/home/ros2_ws/install/antworker_moveit_description/share/antworker_moveit_description/hook/cmake_prefix_path.ps1'
[2.496s] INFO:colcon.colcon_core.shell:Creating environment descriptor '/home/ros2_ws/install/antworker_moveit_description/share/antworker_moveit_description/hook/cmake_prefix_path.dsv'
[2.496s] INFO:colcon.colcon_core.shell:Creating environment hook '/home/ros2_ws/install/antworker_moveit_description/share/antworker_moveit_description/hook/cmake_prefix_path.sh'
[2.496s] Level 1:colcon.colcon_core.environment:checking '/home/ros2_ws/install/antworker_moveit_description/bin'
[2.496s] Level 1:colcon.colcon_core.environment:checking '/home/ros2_ws/install/antworker_moveit_description/lib/pkgconfig/antworker_moveit_description.pc'
[2.496s] Level 1:colcon.colcon_core.environment:checking '/home/ros2_ws/install/antworker_moveit_description/lib/python3.10/site-packages'
[2.497s] Level 1:colcon.colcon_core.environment:checking '/home/ros2_ws/install/antworker_moveit_description/bin'
[2.507s] INFO:colcon.colcon_core.shell:Creating package script '/home/ros2_ws/install/antworker_moveit_description/share/antworker_moveit_description/package.ps1'
[2.507s] INFO:colcon.colcon_core.shell:Creating package descriptor '/home/ros2_ws/install/antworker_moveit_description/share/antworker_moveit_description/package.dsv'
[2.507s] INFO:colcon.colcon_core.shell:Creating package script '/home/ros2_ws/install/antworker_moveit_description/share/antworker_moveit_description/package.sh'
[2.508s] INFO:colcon.colcon_core.shell:Creating package script '/home/ros2_ws/install/antworker_moveit_description/share/antworker_moveit_description/package.bash'
[2.508s] INFO:colcon.colcon_core.shell:Creating package script '/home/ros2_ws/install/antworker_moveit_description/share/antworker_moveit_description/package.zsh'
[2.508s] Level 1:colcon.colcon_core.environment:create_file_with_runtime_dependencies(/home/ros2_ws/install/antworker_moveit_description/share/colcon-core/packages/antworker_moveit_description)
[2.569s] Level 1:colcon.colcon_core.environment:create_environment_scripts_only(antworker_moveit_description)
[2.579s] Level 1:colcon.colcon_core.environment:checking '/home/ros2_ws/install/antworker_moveit_description' for CMake module files
[2.579s] Level 1:colcon.colcon_core.environment:checking '/home/ros2_ws/install/antworker_moveit_description' for CMake config files
[2.580s] Level 1:colcon.colcon_core.shell:create_environment_hook('antworker_moveit_description', 'cmake_prefix_path')
[2.590s] INFO:colcon.colcon_core.shell:Creating environment hook '/home/ros2_ws/install/antworker_moveit_description/share/antworker_moveit_description/hook/cmake_prefix_path.ps1'
[2.590s] INFO:colcon.colcon_core.shell:Creating environment descriptor '/home/ros2_ws/install/antworker_moveit_description/share/antworker_moveit_description/hook/cmake_prefix_path.dsv'
[2.590s] INFO:colcon.colcon_core.shell:Creating environment hook '/home/ros2_ws/install/antworker_moveit_description/share/antworker_moveit_description/hook/cmake_prefix_path.sh'
[2.591s] Level 1:colcon.colcon_core.environment:checking '/home/ros2_ws/install/antworker_moveit_description/bin'
[2.591s] Level 1:colcon.colcon_core.environment:checking '/home/ros2_ws/install/antworker_moveit_description/lib/pkgconfig/antworker_moveit_description.pc'
[2.591s] Level 1:colcon.colcon_core.environment:checking '/home/ros2_ws/install/antworker_moveit_description/lib/python3.10/site-packages'
[2.591s] Level 1:colcon.colcon_core.environment:checking '/home/ros2_ws/install/antworker_moveit_description/bin'
[2.601s] INFO:colcon.colcon_core.shell:Creating package script '/home/ros2_ws/install/antworker_moveit_description/share/antworker_moveit_description/package.ps1'
[2.602s] INFO:colcon.colcon_core.shell:Creating package descriptor '/home/ros2_ws/install/antworker_moveit_description/share/antworker_moveit_description/package.dsv'
[2.602s] INFO:colcon.colcon_core.shell:Creating package script '/home/ros2_ws/install/antworker_moveit_description/share/antworker_moveit_description/package.sh'
[2.602s] INFO:colcon.colcon_core.shell:Creating package script '/home/ros2_ws/install/antworker_moveit_description/share/antworker_moveit_description/package.bash'
[2.603s] INFO:colcon.colcon_core.shell:Creating package script '/home/ros2_ws/install/antworker_moveit_description/share/antworker_moveit_description/package.zsh'
[2.603s] Level 1:colcon.colcon_core.environment:create_file_with_runtime_dependencies(/home/ros2_ws/install/antworker_moveit_description/share/colcon-core/packages/antworker_moveit_description)
[2.603s] DEBUG:colcon.colcon_parallel_executor.executor.parallel:closing loop
[2.604s] DEBUG:colcon.colcon_parallel_executor.executor.parallel:loop closed
[2.604s] DEBUG:colcon.colcon_parallel_executor.executor.parallel:run_until_complete finished with '0'
[2.604s] DEBUG:colcon.colcon_core.event_reactor:joining thread
[2.619s] INFO:colcon.colcon_core.plugin_system:Skipping extension 'colcon_notification.desktop_notification.notify_send': Could not find 'notify-send'
[2.619s] INFO:colcon.colcon_core.plugin_system:Skipping extension 'colcon_notification.desktop_notification.terminal_notifier': Not used on non-Darwin systems
[2.619s] INFO:colcon.colcon_core.plugin_system:Skipping extension 'colcon_notification.desktop_notification.win32': Not used on non-Windows systems
[2.619s] INFO:colcon.colcon_notification.desktop_notification:Sending desktop notification using 'notify2'
[2.628s] DEBUG:colcon.colcon_notification.desktop_notification.notify2:Failed to initialize notify2: org.freedesktop.DBus.Error.ServiceUnknown: The name org.freedesktop.Notifications was not provided by any .service files
[2.628s] DEBUG:colcon.colcon_core.event_reactor:joined thread
[2.639s] INFO:colcon.colcon_core.shell:Creating prefix script '/home/ros2_ws/install/local_setup.ps1'
[2.640s] INFO:colcon.colcon_core.shell:Creating prefix util module '/home/ros2_ws/install/_local_setup_util_ps1.py'
[2.641s] INFO:colcon.colcon_core.shell:Creating prefix chain script '/home/ros2_ws/install/setup.ps1'
[2.655s] INFO:colcon.colcon_core.shell:Creating prefix script '/home/ros2_ws/install/local_setup.sh'
[2.656s] INFO:colcon.colcon_core.shell:Creating prefix util module '/home/ros2_ws/install/_local_setup_util_sh.py'
[2.656s] INFO:colcon.colcon_core.shell:Creating prefix chain script '/home/ros2_ws/install/setup.sh'
[2.670s] INFO:colcon.colcon_core.shell:Creating prefix script '/home/ros2_ws/install/local_setup.bash'
[2.670s] INFO:colcon.colcon_core.shell:Creating prefix chain script '/home/ros2_ws/install/setup.bash'
[2.684s] INFO:colcon.colcon_core.shell:Creating prefix script '/home/ros2_ws/install/local_setup.zsh'
[2.684s] INFO:colcon.colcon_core.shell:Creating prefix chain script '/home/ros2_ws/install/setup.zsh'
