[1.426s] Invoking command in '/home/humble_ws/src/antworker_description': PYTHONPATH=/home/humble_ws/build/antworker_description/prefix_override:/home/humble_ws/install/antworker_description/lib/python3.10/site-packages:${PYTHONPATH} /usr/bin/python3 -W ignore:setup.py install is deprecated setup.py egg_info --egg-base ../../build/antworker_description build --build-base /home/humble_ws/build/antworker_description/build install --record /home/humble_ws/build/antworker_description/install.log --single-version-externally-managed install_data
[1.649s] running egg_info
[1.650s] writing ../../build/antworker_description/antworker_description.egg-info/PKG-INFO
[1.650s] writing dependency_links to ../../build/antworker_description/antworker_description.egg-info/dependency_links.txt
[1.651s] writing entry points to ../../build/antworker_description/antworker_description.egg-info/entry_points.txt
[1.651s] writing requirements to ../../build/antworker_description/antworker_description.egg-info/requires.txt
[1.651s] writing top-level names to ../../build/antworker_description/antworker_description.egg-info/top_level.txt
[1.652s] reading manifest file '../../build/antworker_description/antworker_description.egg-info/SOURCES.txt'
[1.654s] writing manifest file '../../build/antworker_description/antworker_description.egg-info/SOURCES.txt'
[1.654s] running build
[1.654s] running build_py
[1.655s] running install
[1.655s] running install_lib
[1.656s] running install_data
[1.657s] running install_egg_info
[1.661s] removing '/home/humble_ws/install/antworker_description/lib/python3.10/site-packages/antworker_description-0.0.0-py3.10.egg-info' (and everything under it)
[1.661s] Copying ../../build/antworker_description/antworker_description.egg-info to /home/humble_ws/install/antworker_description/lib/python3.10/site-packages/antworker_description-0.0.0-py3.10.egg-info
[1.663s] running install_scripts
[1.692s] writing list of installed files to '/home/humble_ws/build/antworker_description/install.log'
[1.738s] Invoked command in '/home/humble_ws/src/antworker_description' returned '0': PYTHONPATH=/home/humble_ws/build/antworker_description/prefix_override:/home/humble_ws/install/antworker_description/lib/python3.10/site-packages:${PYTHONPATH} /usr/bin/python3 -W ignore:setup.py install is deprecated setup.py egg_info --egg-base ../../build/antworker_description build --build-base /home/humble_ws/build/antworker_description/build install --record /home/humble_ws/build/antworker_description/install.log --single-version-externally-managed install_data
