[0.585s] Invoking command in '/home/kortex_ws/src/ros2_control/rqt_controller_manager': AMENT_PREFIX_PATH=/home/kortex_ws/install/controller_manager:/home/kortex_ws/install/controller_interface:/home/kortex_ws/install/hardware_interface:/home/kortex_ws/install/ros2_control_test_assets:/home/kortex_ws/install/controller_manager_msgs:/home/kortex_ws/install/control_msgs:${AMENT_PREFIX_PATH} CMAKE_PREFIX_PATH=/home/kortex_ws/install/controller_manager:/home/kortex_ws/install/controller_interface:/home/kortex_ws/install/hardware_interface:/home/kortex_ws/install/ros2_control_test_assets:/home/kortex_ws/install/controller_manager_msgs:/home/kortex_ws/install/control_msgs:${CMAKE_PREFIX_PATH} LD_LIBRARY_PATH=/home/kortex_ws/install/controller_manager/lib:/home/kortex_ws/install/controller_interface/lib:/home/kortex_ws/install/hardware_interface/lib:/home/kortex_ws/install/controller_manager_msgs/lib:/home/kortex_ws/install/control_msgs/lib:${LD_LIBRARY_PATH} PYTHONPATH=/home/kortex_ws/build/rqt_controller_manager/prefix_override:/home/kortex_ws/install/rqt_controller_manager/lib/python3.10/site-packages:/home/kortex_ws/install/controller_manager/local/lib/python3.10/dist-packages:/home/kortex_ws/install/controller_manager_msgs/local/lib/python3.10/dist-packages:/home/kortex_ws/install/control_msgs/local/lib/python3.10/dist-packages:${PYTHONPATH} /usr/bin/python3 -W ignore:setup.py install is deprecated setup.py egg_info --egg-base ../../../build/rqt_controller_manager build --build-base /home/kortex_ws/build/rqt_controller_manager/build install --record /home/kortex_ws/build/rqt_controller_manager/install.log --single-version-externally-managed install_data
[0.788s] running egg_info
[0.788s] creating ../../../build/rqt_controller_manager/rqt_controller_manager.egg-info
[0.788s] writing ../../../build/rqt_controller_manager/rqt_controller_manager.egg-info/PKG-INFO
[0.789s] writing dependency_links to ../../../build/rqt_controller_manager/rqt_controller_manager.egg-info/dependency_links.txt
[0.789s] writing entry points to ../../../build/rqt_controller_manager/rqt_controller_manager.egg-info/entry_points.txt
[0.789s] writing requirements to ../../../build/rqt_controller_manager/rqt_controller_manager.egg-info/requires.txt
[0.789s] writing top-level names to ../../../build/rqt_controller_manager/rqt_controller_manager.egg-info/top_level.txt
[0.789s] writing manifest file '../../../build/rqt_controller_manager/rqt_controller_manager.egg-info/SOURCES.txt'
[0.791s] reading manifest file '../../../build/rqt_controller_manager/rqt_controller_manager.egg-info/SOURCES.txt'
[0.791s] writing manifest file '../../../build/rqt_controller_manager/rqt_controller_manager.egg-info/SOURCES.txt'
[0.791s] running build
[0.791s] running build_py
[0.791s] creating /home/kortex_ws/build/rqt_controller_manager/build
[0.792s] creating /home/kortex_ws/build/rqt_controller_manager/build/lib
[0.792s] creating /home/kortex_ws/build/rqt_controller_manager/build/lib/rqt_controller_manager
[0.792s] copying rqt_controller_manager/controller_manager.py -> /home/kortex_ws/build/rqt_controller_manager/build/lib/rqt_controller_manager
[0.792s] copying rqt_controller_manager/main.py -> /home/kortex_ws/build/rqt_controller_manager/build/lib/rqt_controller_manager
[0.792s] copying rqt_controller_manager/update_combo.py -> /home/kortex_ws/build/rqt_controller_manager/build/lib/rqt_controller_manager
[0.792s] copying rqt_controller_manager/__init__.py -> /home/kortex_ws/build/rqt_controller_manager/build/lib/rqt_controller_manager
[0.792s] running install
[0.792s] running install_lib
[0.793s] creating /home/kortex_ws/install/rqt_controller_manager/lib/python3.10/site-packages/rqt_controller_manager
[0.793s] copying /home/kortex_ws/build/rqt_controller_manager/build/lib/rqt_controller_manager/controller_manager.py -> /home/kortex_ws/install/rqt_controller_manager/lib/python3.10/site-packages/rqt_controller_manager
[0.793s] copying /home/kortex_ws/build/rqt_controller_manager/build/lib/rqt_controller_manager/main.py -> /home/kortex_ws/install/rqt_controller_manager/lib/python3.10/site-packages/rqt_controller_manager
[0.793s] copying /home/kortex_ws/build/rqt_controller_manager/build/lib/rqt_controller_manager/update_combo.py -> /home/kortex_ws/install/rqt_controller_manager/lib/python3.10/site-packages/rqt_controller_manager
[0.793s] copying /home/kortex_ws/build/rqt_controller_manager/build/lib/rqt_controller_manager/__init__.py -> /home/kortex_ws/install/rqt_controller_manager/lib/python3.10/site-packages/rqt_controller_manager
[0.794s] byte-compiling /home/kortex_ws/install/rqt_controller_manager/lib/python3.10/site-packages/rqt_controller_manager/controller_manager.py to controller_manager.cpython-310.pyc
[0.796s] byte-compiling /home/kortex_ws/install/rqt_controller_manager/lib/python3.10/site-packages/rqt_controller_manager/main.py to main.cpython-310.pyc
[0.796s] byte-compiling /home/kortex_ws/install/rqt_controller_manager/lib/python3.10/site-packages/rqt_controller_manager/update_combo.py to update_combo.cpython-310.pyc
[0.797s] byte-compiling /home/kortex_ws/install/rqt_controller_manager/lib/python3.10/site-packages/rqt_controller_manager/__init__.py to __init__.cpython-310.pyc
[0.797s] running install_data
[0.797s] creating /home/kortex_ws/install/rqt_controller_manager/share/ament_index
[0.797s] creating /home/kortex_ws/install/rqt_controller_manager/share/ament_index/resource_index
[0.797s] creating /home/kortex_ws/install/rqt_controller_manager/share/ament_index/resource_index/packages
[0.797s] copying resource/rqt_controller_manager -> /home/kortex_ws/install/rqt_controller_manager/share/ament_index/resource_index/packages
[0.797s] copying package.xml -> /home/kortex_ws/install/rqt_controller_manager/share/rqt_controller_manager
[0.797s] creating /home/kortex_ws/install/rqt_controller_manager/share/rqt_controller_manager/resource
[0.797s] copying resource/controller_info.ui -> /home/kortex_ws/install/rqt_controller_manager/share/rqt_controller_manager/resource
[0.797s] copying resource/led_off.png -> /home/kortex_ws/install/rqt_controller_manager/share/rqt_controller_manager/resource
[0.798s] copying resource/led_green.png -> /home/kortex_ws/install/rqt_controller_manager/share/rqt_controller_manager/resource
[0.798s] copying resource/controller_manager.ui -> /home/kortex_ws/install/rqt_controller_manager/share/rqt_controller_manager/resource
[0.798s] copying resource/led_red.png -> /home/kortex_ws/install/rqt_controller_manager/share/rqt_controller_manager/resource
[0.798s] copying resource/cm_icon.png -> /home/kortex_ws/install/rqt_controller_manager/share/rqt_controller_manager/resource
[0.798s] copying plugin.xml -> /home/kortex_ws/install/rqt_controller_manager/share/rqt_controller_manager
[0.798s] running install_egg_info
[0.800s] Copying ../../../build/rqt_controller_manager/rqt_controller_manager.egg-info to /home/kortex_ws/install/rqt_controller_manager/lib/python3.10/site-packages/rqt_controller_manager-2.41.0-py3.10.egg-info
[0.800s] running install_scripts
[0.816s] Installing rqt_controller_manager script to /home/kortex_ws/install/rqt_controller_manager/lib/rqt_controller_manager
[0.817s] writing list of installed files to '/home/kortex_ws/build/rqt_controller_manager/install.log'
[0.842s] Invoked command in '/home/kortex_ws/src/ros2_control/rqt_controller_manager' returned '0': AMENT_PREFIX_PATH=/home/kortex_ws/install/controller_manager:/home/kortex_ws/install/controller_interface:/home/kortex_ws/install/hardware_interface:/home/kortex_ws/install/ros2_control_test_assets:/home/kortex_ws/install/controller_manager_msgs:/home/kortex_ws/install/control_msgs:${AMENT_PREFIX_PATH} CMAKE_PREFIX_PATH=/home/kortex_ws/install/controller_manager:/home/kortex_ws/install/controller_interface:/home/kortex_ws/install/hardware_interface:/home/kortex_ws/install/ros2_control_test_assets:/home/kortex_ws/install/controller_manager_msgs:/home/kortex_ws/install/control_msgs:${CMAKE_PREFIX_PATH} LD_LIBRARY_PATH=/home/kortex_ws/install/controller_manager/lib:/home/kortex_ws/install/controller_interface/lib:/home/kortex_ws/install/hardware_interface/lib:/home/kortex_ws/install/controller_manager_msgs/lib:/home/kortex_ws/install/control_msgs/lib:${LD_LIBRARY_PATH} PYTHONPATH=/home/kortex_ws/build/rqt_controller_manager/prefix_override:/home/kortex_ws/install/rqt_controller_manager/lib/python3.10/site-packages:/home/kortex_ws/install/controller_manager/local/lib/python3.10/dist-packages:/home/kortex_ws/install/controller_manager_msgs/local/lib/python3.10/dist-packages:/home/kortex_ws/install/control_msgs/local/lib/python3.10/dist-packages:${PYTHONPATH} /usr/bin/python3 -W ignore:setup.py install is deprecated setup.py egg_info --egg-base ../../../build/rqt_controller_manager build --build-base /home/kortex_ws/build/rqt_controller_manager/build install --record /home/kortex_ws/build/rqt_controller_manager/install.log --single-version-externally-managed install_data
