[0.482s] Invoking command in '/home/humble_ws/src/attempt_py_moveit': PYTHONPATH=/home/humble_ws/build/attempt_py_moveit/prefix_override:/home/humble_ws/install/attempt_py_moveit/lib/python3.10/site-packages:${PYTHONPATH} /usr/bin/python3 -W ignore:setup.py install is deprecated setup.py egg_info --egg-base ../../build/attempt_py_moveit build --build-base /home/humble_ws/build/attempt_py_moveit/build install --record /home/humble_ws/build/attempt_py_moveit/install.log --single-version-externally-managed install_data
[0.660s] running egg_info
[0.660s] writing ../../build/attempt_py_moveit/attempt_py_moveit.egg-info/PKG-INFO
[0.660s] writing dependency_links to ../../build/attempt_py_moveit/attempt_py_moveit.egg-info/dependency_links.txt
[0.661s] writing entry points to ../../build/attempt_py_moveit/attempt_py_moveit.egg-info/entry_points.txt
[0.661s] writing requirements to ../../build/attempt_py_moveit/attempt_py_moveit.egg-info/requires.txt
[0.661s] writing top-level names to ../../build/attempt_py_moveit/attempt_py_moveit.egg-info/top_level.txt
[0.662s] reading manifest file '../../build/attempt_py_moveit/attempt_py_moveit.egg-info/SOURCES.txt'
[0.663s] writing manifest file '../../build/attempt_py_moveit/attempt_py_moveit.egg-info/SOURCES.txt'
[0.663s] running build
[0.663s] running build_py
[0.663s] copying attempt_py_moveit/kinova_joint_action_server.py -> /home/humble_ws/build/attempt_py_moveit/build/lib/attempt_py_moveit
[0.663s] running install
[0.663s] running install_lib
[0.664s] copying /home/humble_ws/build/attempt_py_moveit/build/lib/attempt_py_moveit/kinova_joint_action_server.py -> /home/humble_ws/install/attempt_py_moveit/lib/python3.10/site-packages/attempt_py_moveit
[0.664s] byte-compiling /home/humble_ws/install/attempt_py_moveit/lib/python3.10/site-packages/attempt_py_moveit/kinova_joint_action_server.py to kinova_joint_action_server.cpython-310.pyc
[0.665s] running install_data
[0.665s] copying launch/tutorial.launch.py -> /home/humble_ws/install/attempt_py_moveit/share/attempt_py_moveit/launch
[0.665s] running install_egg_info
[0.666s] removing '/home/humble_ws/install/attempt_py_moveit/lib/python3.10/site-packages/attempt_py_moveit-0.0.0-py3.10.egg-info' (and everything under it)
[0.667s] Copying ../../build/attempt_py_moveit/attempt_py_moveit.egg-info to /home/humble_ws/install/attempt_py_moveit/lib/python3.10/site-packages/attempt_py_moveit-0.0.0-py3.10.egg-info
[0.668s] running install_scripts
[0.682s] Installing attempt_motion_planning = attempt_py_moveit.attempt_motion_planning:mainkinova_joint_action_server script to /home/humble_ws/install/attempt_py_moveit/lib/attempt_py_moveit
[0.683s] writing list of installed files to '/home/humble_ws/build/attempt_py_moveit/install.log'
[0.698s] Invoked command in '/home/humble_ws/src/attempt_py_moveit' returned '0': PYTHONPATH=/home/humble_ws/build/attempt_py_moveit/prefix_override:/home/humble_ws/install/attempt_py_moveit/lib/python3.10/site-packages:${PYTHONPATH} /usr/bin/python3 -W ignore:setup.py install is deprecated setup.py egg_info --egg-base ../../build/attempt_py_moveit build --build-base /home/humble_ws/build/attempt_py_moveit/build install --record /home/humble_ws/build/attempt_py_moveit/install.log --single-version-externally-managed install_data
