[0.804s] Invoking command in '/home/humble_ws/build/moveit_interface': CMAKE_PREFIX_PATH=${CMAKE_PREFIX_PATH}:/home/humble_ws/install/antworker_navigation:/home/humble_ws/install/antworker_moveit_bringup:/home/humble_ws/install/antworker_isaacsim_world:/home/humble_ws/install/antworker_description:/opt/ros/humble /usr/bin/cmake --build /home/humble_ws/build/moveit_interface -- -j16 -l16
[0.862s] [35m[1mConsolidate compiler generated dependencies of target hybrid_planning_demo_node[0m
[0.914s] [ 50%] [32mBuilding CXX object CMakeFiles/hybrid_planning_demo_node.dir/src/hybrid_planning_demo_node.cpp.o[0m
[17.300s] [100%] [32m[1mLinking CXX executable hybrid_planning_demo_node[0m
[18.102s] [100%] Built target hybrid_planning_demo_node
[18.115s] Invoked command in '/home/humble_ws/build/moveit_interface' returned '0': CMAKE_PREFIX_PATH=${CMAKE_PREFIX_PATH}:/home/humble_ws/install/antworker_navigation:/home/humble_ws/install/antworker_moveit_bringup:/home/humble_ws/install/antworker_isaacsim_world:/home/humble_ws/install/antworker_description:/opt/ros/humble /usr/bin/cmake --build /home/humble_ws/build/moveit_interface -- -j16 -l16
[18.145s] Invoking command in '/home/humble_ws/build/moveit_interface': CMAKE_PREFIX_PATH=${CMAKE_PREFIX_PATH}:/home/humble_ws/install/antworker_navigation:/home/humble_ws/install/antworker_moveit_bringup:/home/humble_ws/install/antworker_isaacsim_world:/home/humble_ws/install/antworker_description:/opt/ros/humble /usr/bin/cmake --install /home/humble_ws/build/moveit_interface
[18.153s] -- Install configuration: ""
[18.153s] -- Installing: /home/humble_ws/install/moveit_interface/lib/moveit_interface/hybrid_planning_demo_node
[18.162s] -- Set runtime path of "/home/humble_ws/install/moveit_interface/lib/moveit_interface/hybrid_planning_demo_node" to ""
[18.162s] -- Up-to-date: /home/humble_ws/install/moveit_interface/share/ament_index/resource_index/package_run_dependencies/moveit_interface
[18.162s] -- Up-to-date: /home/humble_ws/install/moveit_interface/share/ament_index/resource_index/parent_prefix_path/moveit_interface
[18.162s] -- Up-to-date: /home/humble_ws/install/moveit_interface/share/moveit_interface/environment/ament_prefix_path.sh
[18.162s] -- Up-to-date: /home/humble_ws/install/moveit_interface/share/moveit_interface/environment/ament_prefix_path.dsv
[18.163s] -- Up-to-date: /home/humble_ws/install/moveit_interface/share/moveit_interface/environment/path.sh
[18.163s] -- Up-to-date: /home/humble_ws/install/moveit_interface/share/moveit_interface/environment/path.dsv
[18.163s] -- Up-to-date: /home/humble_ws/install/moveit_interface/share/moveit_interface/local_setup.bash
[18.163s] -- Up-to-date: /home/humble_ws/install/moveit_interface/share/moveit_interface/local_setup.sh
[18.163s] -- Up-to-date: /home/humble_ws/install/moveit_interface/share/moveit_interface/local_setup.zsh
[18.163s] -- Up-to-date: /home/humble_ws/install/moveit_interface/share/moveit_interface/local_setup.dsv
[18.163s] -- Installing: /home/humble_ws/install/moveit_interface/share/moveit_interface/package.dsv
[18.163s] -- Up-to-date: /home/humble_ws/install/moveit_interface/share/ament_index/resource_index/packages/moveit_interface
[18.163s] -- Up-to-date: /home/humble_ws/install/moveit_interface/share/moveit_interface/cmake/moveit_interfaceConfig.cmake
[18.163s] -- Up-to-date: /home/humble_ws/install/moveit_interface/share/moveit_interface/cmake/moveit_interfaceConfig-version.cmake
[18.164s] -- Up-to-date: /home/humble_ws/install/moveit_interface/share/moveit_interface/package.xml
[18.165s] Invoked command in '/home/humble_ws/build/moveit_interface' returned '0': CMAKE_PREFIX_PATH=${CMAKE_PREFIX_PATH}:/home/humble_ws/install/antworker_navigation:/home/humble_ws/install/antworker_moveit_bringup:/home/humble_ws/install/antworker_isaacsim_world:/home/humble_ws/install/antworker_description:/opt/ros/humble /usr/bin/cmake --install /home/humble_ws/build/moveit_interface
