[0.047s] Invoking command in '/home/kortex_ws/build/control_msgs': CMAKE_PREFIX_PATH=${CMAKE_PREFIX_PATH}:/home/kortex_ws/install/rqt_joint_trajectory_controller:/home/kortex_ws/install/rqt_controller_manager:/home/kortex_ws/install/ros2controlcli:/home/kortex_ws/install/ros2_controllers_test_nodes:/opt/ros/humble /usr/bin/cmake --build /home/kortex_ws/build/control_msgs -- -j16 -l16
[0.140s] [  0%] Built target control_msgs__cpp
[0.158s] [ 13%] Built target control_msgs__rosidl_generator_c
[0.177s] [ 13%] Built target ament_cmake_python_copy_control_msgs
[0.218s] [ 26%] Built target control_msgs__rosidl_typesupport_introspection_cpp
[0.218s] [ 38%] Built target control_msgs__rosidl_typesupport_cpp
[0.222s] [ 50%] Built target control_msgs__rosidl_typesupport_c
[0.228s] [ 68%] Built target control_msgs__rosidl_typesupport_fastrtps_cpp
[0.229s] [ 74%] Built target control_msgs__rosidl_typesupport_introspection_c
[0.239s] [ 86%] Built target control_msgs__rosidl_typesupport_fastrtps_c
[0.274s] [ 86%] Built target control_msgs
[0.311s] [ 86%] Built target control_msgs__py
[0.364s] [ 97%] Built target control_msgs__rosidl_generator_py
[0.408s] [ 98%] Built target control_msgs__rosidl_typesupport_fastrtps_c__pyext
[0.409s] [ 99%] Built target control_msgs__rosidl_typesupport_introspection_c__pyext
[0.410s] [100%] Built target control_msgs__rosidl_typesupport_c__pyext
[0.439s] running egg_info
[0.440s] writing control_msgs.egg-info/PKG-INFO
[0.440s] writing dependency_links to control_msgs.egg-info/dependency_links.txt
[0.440s] writing top-level names to control_msgs.egg-info/top_level.txt
[0.442s] reading manifest file 'control_msgs.egg-info/SOURCES.txt'
[0.443s] writing manifest file 'control_msgs.egg-info/SOURCES.txt'
[0.483s] [100%] Built target ament_cmake_python_build_control_msgs_egg
[0.508s] Invoked command in '/home/kortex_ws/build/control_msgs' returned '0': CMAKE_PREFIX_PATH=${CMAKE_PREFIX_PATH}:/home/kortex_ws/install/rqt_joint_trajectory_controller:/home/kortex_ws/install/rqt_controller_manager:/home/kortex_ws/install/ros2controlcli:/home/kortex_ws/install/ros2_controllers_test_nodes:/opt/ros/humble /usr/bin/cmake --build /home/kortex_ws/build/control_msgs -- -j16 -l16
[1.629s] Invoking command in '/home/kortex_ws/build/control_msgs': CMAKE_PREFIX_PATH=${CMAKE_PREFIX_PATH}:/home/kortex_ws/install/rqt_joint_trajectory_controller:/home/kortex_ws/install/rqt_controller_manager:/home/kortex_ws/install/ros2controlcli:/home/kortex_ws/install/ros2_controllers_test_nodes:/opt/ros/humble /usr/bin/cmake --install /home/kortex_ws/build/control_msgs
[1.639s] -- Install configuration: "Release"
[1.639s] -- Up-to-date: /home/kortex_ws/install/control_msgs/share/ament_index/resource_index/rosidl_interfaces/control_msgs
[1.640s] -- Up-to-date: /home/kortex_ws/install/control_msgs/include/control_msgs/control_msgs
[1.640s] -- Up-to-date: /home/kortex_ws/install/control_msgs/include/control_msgs/control_msgs/msg
[1.640s] -- Up-to-date: /home/kortex_ws/install/control_msgs/include/control_msgs/control_msgs/msg/joint_tolerance.h
[1.640s] -- Up-to-date: /home/kortex_ws/install/control_msgs/include/control_msgs/control_msgs/msg/multi_dof_command.h
[1.640s] -- Up-to-date: /home/kortex_ws/install/control_msgs/include/control_msgs/control_msgs/msg/rosidl_generator_c__visibility_control.h
[1.640s] -- Up-to-date: /home/kortex_ws/install/control_msgs/include/control_msgs/control_msgs/msg/detail
[1.640s] -- Up-to-date: /home/kortex_ws/install/control_msgs/include/control_msgs/control_msgs/msg/detail/multi_dof_state_stamped__functions.c
[1.640s] -- Up-to-date: /home/kortex_ws/install/control_msgs/include/control_msgs/control_msgs/msg/detail/single_dof_state__type_support.h
[1.641s] -- Up-to-date: /home/kortex_ws/install/control_msgs/include/control_msgs/control_msgs/msg/detail/dynamic_joint_state__functions.h
[1.641s] -- Up-to-date: /home/kortex_ws/install/control_msgs/include/control_msgs/control_msgs/msg/detail/joint_jog__type_support.h
[1.641s] -- Up-to-date: /home/kortex_ws/install/control_msgs/include/control_msgs/control_msgs/msg/detail/joint_component_tolerance__functions.c
[1.641s] -- Up-to-date: /home/kortex_ws/install/control_msgs/include/control_msgs/control_msgs/msg/detail/steering_controller_status__functions.h
[1.641s] -- Up-to-date: /home/kortex_ws/install/control_msgs/include/control_msgs/control_msgs/msg/detail/steering_controller_status__functions.c
[1.641s] -- Up-to-date: /home/kortex_ws/install/control_msgs/include/control_msgs/control_msgs/msg/detail/single_dof_state__functions.h
[1.641s] -- Up-to-date: /home/kortex_ws/install/control_msgs/include/control_msgs/control_msgs/msg/detail/joint_tolerance__type_support.h
[1.641s] -- Up-to-date: /home/kortex_ws/install/control_msgs/include/control_msgs/control_msgs/msg/detail/pid_state__functions.h
[1.641s] -- Up-to-date: /home/kortex_ws/install/control_msgs/include/control_msgs/control_msgs/msg/detail/joint_trajectory_controller_state__type_support.h
[1.641s] -- Up-to-date: /home/kortex_ws/install/control_msgs/include/control_msgs/control_msgs/msg/detail/dynamic_joint_state__type_support.h
[1.641s] -- Up-to-date: /home/kortex_ws/install/control_msgs/include/control_msgs/control_msgs/msg/detail/pid_state__struct.h
[1.641s] -- Up-to-date: /home/kortex_ws/install/control_msgs/include/control_msgs/control_msgs/msg/detail/single_dof_state__struct.h
[1.641s] -- Up-to-date: /home/kortex_ws/install/control_msgs/include/control_msgs/control_msgs/msg/detail/mecanum_drive_controller_state__functions.c
[1.642s] -- Up-to-date: /home/kortex_ws/install/control_msgs/include/control_msgs/control_msgs/msg/detail/joint_component_tolerance__type_support.h
[1.642s] -- Up-to-date: /home/kortex_ws/install/control_msgs/include/control_msgs/control_msgs/msg/detail/gripper_command__struct.h
[1.642s] -- Up-to-date: /home/kortex_ws/install/control_msgs/include/control_msgs/control_msgs/msg/detail/joint_jog__struct.h
[1.642s] -- Up-to-date: /home/kortex_ws/install/control_msgs/include/control_msgs/control_msgs/msg/detail/mecanum_drive_controller_state__type_support.h
[1.642s] -- Up-to-date: /home/kortex_ws/install/control_msgs/include/control_msgs/control_msgs/msg/detail/mecanum_drive_controller_state__struct.h
[1.642s] -- Up-to-date: /home/kortex_ws/install/control_msgs/include/control_msgs/control_msgs/msg/detail/joint_trajectory_controller_state__functions.c
[1.642s] -- Up-to-date: /home/kortex_ws/install/control_msgs/include/control_msgs/control_msgs/msg/detail/multi_dof_command__functions.c
[1.642s] -- Up-to-date: /home/kortex_ws/install/control_msgs/include/control_msgs/control_msgs/msg/detail/multi_dof_state_stamped__type_support.h
[1.642s] -- Up-to-date: /home/kortex_ws/install/control_msgs/include/control_msgs/control_msgs/msg/detail/admittance_controller_state__type_support.h
[1.642s] -- Up-to-date: /home/kortex_ws/install/control_msgs/include/control_msgs/control_msgs/msg/detail/multi_dof_command__struct.h
[1.642s] -- Up-to-date: /home/kortex_ws/install/control_msgs/include/control_msgs/control_msgs/msg/detail/admittance_controller_state__functions.h
[1.642s] -- Up-to-date: /home/kortex_ws/install/control_msgs/include/control_msgs/control_msgs/msg/detail/admittance_controller_state__struct.h
[1.642s] -- Up-to-date: /home/kortex_ws/install/control_msgs/include/control_msgs/control_msgs/msg/detail/steering_controller_status__struct.h
[1.642s] -- Up-to-date: /home/kortex_ws/install/control_msgs/include/control_msgs/control_msgs/msg/detail/multi_dof_state_stamped__functions.h
[1.643s] -- Up-to-date: /home/kortex_ws/install/control_msgs/include/control_msgs/control_msgs/msg/detail/joint_controller_state__functions.c
[1.643s] -- Up-to-date: /home/kortex_ws/install/control_msgs/include/control_msgs/control_msgs/msg/detail/mecanum_drive_controller_state__functions.h
[1.643s] -- Up-to-date: /home/kortex_ws/install/control_msgs/include/control_msgs/control_msgs/msg/detail/single_dof_state__functions.c
[1.643s] -- Up-to-date: /home/kortex_ws/install/control_msgs/include/control_msgs/control_msgs/msg/detail/joint_trajectory_controller_state__struct.h
[1.643s] -- Up-to-date: /home/kortex_ws/install/control_msgs/include/control_msgs/control_msgs/msg/detail/pid_state__type_support.h
[1.643s] -- Up-to-date: /home/kortex_ws/install/control_msgs/include/control_msgs/control_msgs/msg/detail/joint_component_tolerance__struct.h
[1.643s] -- Up-to-date: /home/kortex_ws/install/control_msgs/include/control_msgs/control_msgs/msg/detail/interface_value__functions.h
[1.643s] -- Up-to-date: /home/kortex_ws/install/control_msgs/include/control_msgs/control_msgs/msg/detail/gripper_command__functions.c
[1.643s] -- Up-to-date: /home/kortex_ws/install/control_msgs/include/control_msgs/control_msgs/msg/detail/single_dof_state_stamped__type_support.h
[1.643s] -- Up-to-date: /home/kortex_ws/install/control_msgs/include/control_msgs/control_msgs/msg/detail/gripper_command__functions.h
[1.643s] -- Up-to-date: /home/kortex_ws/install/control_msgs/include/control_msgs/control_msgs/msg/detail/joint_controller_state__type_support.h
[1.643s] -- Up-to-date: /home/kortex_ws/install/control_msgs/include/control_msgs/control_msgs/msg/detail/multi_dof_command__type_support.h
[1.643s] -- Up-to-date: /home/kortex_ws/install/control_msgs/include/control_msgs/control_msgs/msg/detail/single_dof_state_stamped__struct.h
[1.644s] -- Up-to-date: /home/kortex_ws/install/control_msgs/include/control_msgs/control_msgs/msg/detail/single_dof_state_stamped__functions.c
[1.644s] -- Up-to-date: /home/kortex_ws/install/control_msgs/include/control_msgs/control_msgs/msg/detail/joint_tolerance__functions.h
[1.644s] -- Up-to-date: /home/kortex_ws/install/control_msgs/include/control_msgs/control_msgs/msg/detail/interface_value__struct.h
[1.644s] -- Up-to-date: /home/kortex_ws/install/control_msgs/include/control_msgs/control_msgs/msg/detail/joint_controller_state__functions.h
[1.644s] -- Up-to-date: /home/kortex_ws/install/control_msgs/include/control_msgs/control_msgs/msg/detail/gripper_command__type_support.h
[1.644s] -- Up-to-date: /home/kortex_ws/install/control_msgs/include/control_msgs/control_msgs/msg/detail/joint_jog__functions.c
[1.644s] -- Up-to-date: /home/kortex_ws/install/control_msgs/include/control_msgs/control_msgs/msg/detail/joint_tolerance__struct.h
[1.644s] -- Up-to-date: /home/kortex_ws/install/control_msgs/include/control_msgs/control_msgs/msg/detail/joint_trajectory_controller_state__functions.h
[1.644s] -- Up-to-date: /home/kortex_ws/install/control_msgs/include/control_msgs/control_msgs/msg/detail/multi_dof_command__functions.h
[1.644s] -- Up-to-date: /home/kortex_ws/install/control_msgs/include/control_msgs/control_msgs/msg/detail/joint_tolerance__functions.c
[1.644s] -- Up-to-date: /home/kortex_ws/install/control_msgs/include/control_msgs/control_msgs/msg/detail/joint_controller_state__struct.h
[1.644s] -- Up-to-date: /home/kortex_ws/install/control_msgs/include/control_msgs/control_msgs/msg/detail/interface_value__type_support.h
[1.644s] -- Up-to-date: /home/kortex_ws/install/control_msgs/include/control_msgs/control_msgs/msg/detail/admittance_controller_state__functions.c
[1.645s] -- Up-to-date: /home/kortex_ws/install/control_msgs/include/control_msgs/control_msgs/msg/detail/single_dof_state_stamped__functions.h
[1.645s] -- Up-to-date: /home/kortex_ws/install/control_msgs/include/control_msgs/control_msgs/msg/detail/multi_dof_state_stamped__struct.h
[1.645s] -- Up-to-date: /home/kortex_ws/install/control_msgs/include/control_msgs/control_msgs/msg/detail/dynamic_joint_state__struct.h
[1.645s] -- Up-to-date: /home/kortex_ws/install/control_msgs/include/control_msgs/control_msgs/msg/detail/dynamic_joint_state__functions.c
[1.645s] -- Up-to-date: /home/kortex_ws/install/control_msgs/include/control_msgs/control_msgs/msg/detail/interface_value__functions.c
[1.645s] -- Up-to-date: /home/kortex_ws/install/control_msgs/include/control_msgs/control_msgs/msg/detail/joint_jog__functions.h
[1.645s] -- Up-to-date: /home/kortex_ws/install/control_msgs/include/control_msgs/control_msgs/msg/detail/pid_state__functions.c
[1.645s] -- Up-to-date: /home/kortex_ws/install/control_msgs/include/control_msgs/control_msgs/msg/detail/joint_component_tolerance__functions.h
[1.645s] -- Up-to-date: /home/kortex_ws/install/control_msgs/include/control_msgs/control_msgs/msg/detail/steering_controller_status__type_support.h
[1.645s] -- Up-to-date: /home/kortex_ws/install/control_msgs/include/control_msgs/control_msgs/msg/multi_dof_state_stamped.h
[1.645s] -- Up-to-date: /home/kortex_ws/install/control_msgs/include/control_msgs/control_msgs/msg/steering_controller_status.h
[1.645s] -- Up-to-date: /home/kortex_ws/install/control_msgs/include/control_msgs/control_msgs/msg/gripper_command.h
[1.645s] -- Up-to-date: /home/kortex_ws/install/control_msgs/include/control_msgs/control_msgs/msg/admittance_controller_state.h
[1.645s] -- Up-to-date: /home/kortex_ws/install/control_msgs/include/control_msgs/control_msgs/msg/single_dof_state_stamped.h
[1.645s] -- Up-to-date: /home/kortex_ws/install/control_msgs/include/control_msgs/control_msgs/msg/joint_jog.h
[1.646s] -- Up-to-date: /home/kortex_ws/install/control_msgs/include/control_msgs/control_msgs/msg/mecanum_drive_controller_state.h
[1.646s] -- Up-to-date: /home/kortex_ws/install/control_msgs/include/control_msgs/control_msgs/msg/pid_state.h
[1.646s] -- Up-to-date: /home/kortex_ws/install/control_msgs/include/control_msgs/control_msgs/msg/joint_controller_state.h
[1.646s] -- Up-to-date: /home/kortex_ws/install/control_msgs/include/control_msgs/control_msgs/msg/single_dof_state.h
[1.646s] -- Up-to-date: /home/kortex_ws/install/control_msgs/include/control_msgs/control_msgs/msg/interface_value.h
[1.646s] -- Up-to-date: /home/kortex_ws/install/control_msgs/include/control_msgs/control_msgs/msg/joint_component_tolerance.h
[1.646s] -- Up-to-date: /home/kortex_ws/install/control_msgs/include/control_msgs/control_msgs/msg/joint_trajectory_controller_state.h
[1.646s] -- Up-to-date: /home/kortex_ws/install/control_msgs/include/control_msgs/control_msgs/msg/dynamic_joint_state.h
[1.646s] -- Up-to-date: /home/kortex_ws/install/control_msgs/include/control_msgs/control_msgs/srv
[1.646s] -- Up-to-date: /home/kortex_ws/install/control_msgs/include/control_msgs/control_msgs/srv/detail
[1.646s] -- Up-to-date: /home/kortex_ws/install/control_msgs/include/control_msgs/control_msgs/srv/detail/query_trajectory_state__type_support.h
[1.646s] -- Up-to-date: /home/kortex_ws/install/control_msgs/include/control_msgs/control_msgs/srv/detail/query_trajectory_state__functions.h
[1.647s] -- Up-to-date: /home/kortex_ws/install/control_msgs/include/control_msgs/control_msgs/srv/detail/query_trajectory_state__functions.c
[1.647s] -- Up-to-date: /home/kortex_ws/install/control_msgs/include/control_msgs/control_msgs/srv/detail/query_calibration_state__functions.c
[1.647s] -- Up-to-date: /home/kortex_ws/install/control_msgs/include/control_msgs/control_msgs/srv/detail/query_trajectory_state__struct.h
[1.647s] -- Up-to-date: /home/kortex_ws/install/control_msgs/include/control_msgs/control_msgs/srv/detail/query_calibration_state__functions.h
[1.647s] -- Up-to-date: /home/kortex_ws/install/control_msgs/include/control_msgs/control_msgs/srv/detail/query_calibration_state__struct.h
[1.647s] -- Up-to-date: /home/kortex_ws/install/control_msgs/include/control_msgs/control_msgs/srv/detail/query_calibration_state__type_support.h
[1.647s] -- Up-to-date: /home/kortex_ws/install/control_msgs/include/control_msgs/control_msgs/srv/query_trajectory_state.h
[1.647s] -- Up-to-date: /home/kortex_ws/install/control_msgs/include/control_msgs/control_msgs/srv/query_calibration_state.h
[1.647s] -- Up-to-date: /home/kortex_ws/install/control_msgs/include/control_msgs/control_msgs/action
[1.647s] -- Up-to-date: /home/kortex_ws/install/control_msgs/include/control_msgs/control_msgs/action/parallel_gripper_command.h
[1.647s] -- Up-to-date: /home/kortex_ws/install/control_msgs/include/control_msgs/control_msgs/action/detail
[1.647s] -- Up-to-date: /home/kortex_ws/install/control_msgs/include/control_msgs/control_msgs/action/detail/follow_joint_trajectory__struct.h
[1.647s] -- Up-to-date: /home/kortex_ws/install/control_msgs/include/control_msgs/control_msgs/action/detail/single_joint_position__type_support.h
[1.648s] -- Up-to-date: /home/kortex_ws/install/control_msgs/include/control_msgs/control_msgs/action/detail/follow_joint_trajectory__functions.h
[1.648s] -- Up-to-date: /home/kortex_ws/install/control_msgs/include/control_msgs/control_msgs/action/detail/parallel_gripper_command__functions.c
[1.648s] -- Up-to-date: /home/kortex_ws/install/control_msgs/include/control_msgs/control_msgs/action/detail/joint_trajectory__type_support.h
[1.648s] -- Up-to-date: /home/kortex_ws/install/control_msgs/include/control_msgs/control_msgs/action/detail/gripper_command__struct.h
[1.648s] -- Up-to-date: /home/kortex_ws/install/control_msgs/include/control_msgs/control_msgs/action/detail/single_joint_position__functions.c
[1.648s] -- Up-to-date: /home/kortex_ws/install/control_msgs/include/control_msgs/control_msgs/action/detail/follow_joint_trajectory__functions.c
[1.648s] -- Up-to-date: /home/kortex_ws/install/control_msgs/include/control_msgs/control_msgs/action/detail/single_joint_position__functions.h
[1.648s] -- Up-to-date: /home/kortex_ws/install/control_msgs/include/control_msgs/control_msgs/action/detail/follow_joint_trajectory__type_support.h
[1.648s] -- Up-to-date: /home/kortex_ws/install/control_msgs/include/control_msgs/control_msgs/action/detail/joint_trajectory__functions.c
[1.648s] -- Up-to-date: /home/kortex_ws/install/control_msgs/include/control_msgs/control_msgs/action/detail/gripper_command__functions.c
[1.648s] -- Up-to-date: /home/kortex_ws/install/control_msgs/include/control_msgs/control_msgs/action/detail/gripper_command__functions.h
[1.648s] -- Up-to-date: /home/kortex_ws/install/control_msgs/include/control_msgs/control_msgs/action/detail/joint_trajectory__struct.h
[1.648s] -- Up-to-date: /home/kortex_ws/install/control_msgs/include/control_msgs/control_msgs/action/detail/point_head__functions.c
[1.649s] -- Up-to-date: /home/kortex_ws/install/control_msgs/include/control_msgs/control_msgs/action/detail/joint_trajectory__functions.h
[1.649s] -- Up-to-date: /home/kortex_ws/install/control_msgs/include/control_msgs/control_msgs/action/detail/parallel_gripper_command__functions.h
[1.649s] -- Up-to-date: /home/kortex_ws/install/control_msgs/include/control_msgs/control_msgs/action/detail/parallel_gripper_command__struct.h
[1.649s] -- Up-to-date: /home/kortex_ws/install/control_msgs/include/control_msgs/control_msgs/action/detail/point_head__type_support.h
[1.649s] -- Up-to-date: /home/kortex_ws/install/control_msgs/include/control_msgs/control_msgs/action/detail/gripper_command__type_support.h
[1.649s] -- Up-to-date: /home/kortex_ws/install/control_msgs/include/control_msgs/control_msgs/action/detail/parallel_gripper_command__type_support.h
[1.649s] -- Up-to-date: /home/kortex_ws/install/control_msgs/include/control_msgs/control_msgs/action/detail/single_joint_position__struct.h
[1.649s] -- Up-to-date: /home/kortex_ws/install/control_msgs/include/control_msgs/control_msgs/action/detail/point_head__struct.h
[1.649s] -- Up-to-date: /home/kortex_ws/install/control_msgs/include/control_msgs/control_msgs/action/detail/point_head__functions.h
[1.649s] -- Up-to-date: /home/kortex_ws/install/control_msgs/include/control_msgs/control_msgs/action/gripper_command.h
[1.649s] -- Up-to-date: /home/kortex_ws/install/control_msgs/include/control_msgs/control_msgs/action/point_head.h
[1.649s] -- Up-to-date: /home/kortex_ws/install/control_msgs/include/control_msgs/control_msgs/action/single_joint_position.h
[1.649s] -- Up-to-date: /home/kortex_ws/install/control_msgs/include/control_msgs/control_msgs/action/follow_joint_trajectory.h
[1.649s] -- Up-to-date: /home/kortex_ws/install/control_msgs/include/control_msgs/control_msgs/action/joint_trajectory.h
[1.650s] -- Up-to-date: /home/kortex_ws/install/control_msgs/share/control_msgs/environment/library_path.sh
[1.650s] -- Up-to-date: /home/kortex_ws/install/control_msgs/share/control_msgs/environment/library_path.dsv
[1.650s] -- Up-to-date: /home/kortex_ws/install/control_msgs/lib/libcontrol_msgs__rosidl_generator_c.so
[1.650s] -- Up-to-date: /home/kortex_ws/install/control_msgs/include/control_msgs/control_msgs
[1.650s] -- Up-to-date: /home/kortex_ws/install/control_msgs/include/control_msgs/control_msgs/msg
[1.650s] -- Up-to-date: /home/kortex_ws/install/control_msgs/include/control_msgs/control_msgs/msg/detail
[1.650s] -- Up-to-date: /home/kortex_ws/install/control_msgs/include/control_msgs/control_msgs/msg/detail/joint_controller_state__rosidl_typesupport_fastrtps_c.h
[1.650s] -- Up-to-date: /home/kortex_ws/install/control_msgs/include/control_msgs/control_msgs/msg/detail/mecanum_drive_controller_state__rosidl_typesupport_fastrtps_c.h
[1.650s] -- Up-to-date: /home/kortex_ws/install/control_msgs/include/control_msgs/control_msgs/msg/detail/joint_trajectory_controller_state__rosidl_typesupport_fastrtps_c.h
[1.650s] -- Up-to-date: /home/kortex_ws/install/control_msgs/include/control_msgs/control_msgs/msg/detail/gripper_command__rosidl_typesupport_fastrtps_c.h
[1.650s] -- Up-to-date: /home/kortex_ws/install/control_msgs/include/control_msgs/control_msgs/msg/detail/joint_tolerance__rosidl_typesupport_fastrtps_c.h
[1.650s] -- Up-to-date: /home/kortex_ws/install/control_msgs/include/control_msgs/control_msgs/msg/detail/pid_state__rosidl_typesupport_fastrtps_c.h
[1.650s] -- Up-to-date: /home/kortex_ws/install/control_msgs/include/control_msgs/control_msgs/msg/detail/admittance_controller_state__rosidl_typesupport_fastrtps_c.h
[1.650s] -- Up-to-date: /home/kortex_ws/install/control_msgs/include/control_msgs/control_msgs/msg/detail/joint_jog__rosidl_typesupport_fastrtps_c.h
[1.651s] -- Up-to-date: /home/kortex_ws/install/control_msgs/include/control_msgs/control_msgs/msg/detail/single_dof_state__rosidl_typesupport_fastrtps_c.h
[1.651s] -- Up-to-date: /home/kortex_ws/install/control_msgs/include/control_msgs/control_msgs/msg/detail/multi_dof_command__rosidl_typesupport_fastrtps_c.h
[1.651s] -- Up-to-date: /home/kortex_ws/install/control_msgs/include/control_msgs/control_msgs/msg/detail/interface_value__rosidl_typesupport_fastrtps_c.h
[1.651s] -- Up-to-date: /home/kortex_ws/install/control_msgs/include/control_msgs/control_msgs/msg/detail/joint_component_tolerance__rosidl_typesupport_fastrtps_c.h
[1.651s] -- Up-to-date: /home/kortex_ws/install/control_msgs/include/control_msgs/control_msgs/msg/detail/multi_dof_state_stamped__rosidl_typesupport_fastrtps_c.h
[1.651s] -- Up-to-date: /home/kortex_ws/install/control_msgs/include/control_msgs/control_msgs/msg/detail/steering_controller_status__rosidl_typesupport_fastrtps_c.h
[1.651s] -- Up-to-date: /home/kortex_ws/install/control_msgs/include/control_msgs/control_msgs/msg/detail/dynamic_joint_state__rosidl_typesupport_fastrtps_c.h
[1.651s] -- Up-to-date: /home/kortex_ws/install/control_msgs/include/control_msgs/control_msgs/msg/detail/single_dof_state_stamped__rosidl_typesupport_fastrtps_c.h
[1.651s] -- Up-to-date: /home/kortex_ws/install/control_msgs/include/control_msgs/control_msgs/msg/rosidl_typesupport_fastrtps_c__visibility_control.h
[1.651s] -- Up-to-date: /home/kortex_ws/install/control_msgs/include/control_msgs/control_msgs/srv
[1.651s] -- Up-to-date: /home/kortex_ws/install/control_msgs/include/control_msgs/control_msgs/srv/detail
[1.651s] -- Up-to-date: /home/kortex_ws/install/control_msgs/include/control_msgs/control_msgs/srv/detail/query_trajectory_state__rosidl_typesupport_fastrtps_c.h
[1.651s] -- Up-to-date: /home/kortex_ws/install/control_msgs/include/control_msgs/control_msgs/srv/detail/query_calibration_state__rosidl_typesupport_fastrtps_c.h
[1.651s] -- Up-to-date: /home/kortex_ws/install/control_msgs/include/control_msgs/control_msgs/action
[1.651s] -- Up-to-date: /home/kortex_ws/install/control_msgs/include/control_msgs/control_msgs/action/detail
[1.651s] -- Up-to-date: /home/kortex_ws/install/control_msgs/include/control_msgs/control_msgs/action/detail/joint_trajectory__rosidl_typesupport_fastrtps_c.h
[1.652s] -- Up-to-date: /home/kortex_ws/install/control_msgs/include/control_msgs/control_msgs/action/detail/parallel_gripper_command__rosidl_typesupport_fastrtps_c.h
[1.652s] -- Up-to-date: /home/kortex_ws/install/control_msgs/include/control_msgs/control_msgs/action/detail/follow_joint_trajectory__rosidl_typesupport_fastrtps_c.h
[1.652s] -- Up-to-date: /home/kortex_ws/install/control_msgs/include/control_msgs/control_msgs/action/detail/gripper_command__rosidl_typesupport_fastrtps_c.h
[1.652s] -- Up-to-date: /home/kortex_ws/install/control_msgs/include/control_msgs/control_msgs/action/detail/single_joint_position__rosidl_typesupport_fastrtps_c.h
[1.652s] -- Up-to-date: /home/kortex_ws/install/control_msgs/include/control_msgs/control_msgs/action/detail/point_head__rosidl_typesupport_fastrtps_c.h
[1.652s] -- Up-to-date: /home/kortex_ws/install/control_msgs/lib/libcontrol_msgs__rosidl_typesupport_fastrtps_c.so
[1.652s] -- Up-to-date: /home/kortex_ws/install/control_msgs/include/control_msgs/control_msgs
[1.652s] -- Up-to-date: /home/kortex_ws/install/control_msgs/include/control_msgs/control_msgs/msg
[1.652s] -- Up-to-date: /home/kortex_ws/install/control_msgs/include/control_msgs/control_msgs/msg/dynamic_joint_state.hpp
[1.652s] -- Up-to-date: /home/kortex_ws/install/control_msgs/include/control_msgs/control_msgs/msg/joint_controller_state.hpp
[1.652s] -- Up-to-date: /home/kortex_ws/install/control_msgs/include/control_msgs/control_msgs/msg/joint_jog.hpp
[1.652s] -- Up-to-date: /home/kortex_ws/install/control_msgs/include/control_msgs/control_msgs/msg/joint_component_tolerance.hpp
[1.652s] -- Up-to-date: /home/kortex_ws/install/control_msgs/include/control_msgs/control_msgs/msg/detail
[1.653s] -- Up-to-date: /home/kortex_ws/install/control_msgs/include/control_msgs/control_msgs/msg/detail/joint_jog__struct.hpp
[1.653s] -- Up-to-date: /home/kortex_ws/install/control_msgs/include/control_msgs/control_msgs/msg/detail/joint_trajectory_controller_state__builder.hpp
[1.653s] -- Up-to-date: /home/kortex_ws/install/control_msgs/include/control_msgs/control_msgs/msg/detail/joint_jog__traits.hpp
[1.653s] -- Up-to-date: /home/kortex_ws/install/control_msgs/include/control_msgs/control_msgs/msg/detail/dynamic_joint_state__builder.hpp
[1.653s] -- Up-to-date: /home/kortex_ws/install/control_msgs/include/control_msgs/control_msgs/msg/detail/multi_dof_command__builder.hpp
[1.653s] -- Up-to-date: /home/kortex_ws/install/control_msgs/include/control_msgs/control_msgs/msg/detail/mecanum_drive_controller_state__builder.hpp
[1.653s] -- Up-to-date: /home/kortex_ws/install/control_msgs/include/control_msgs/control_msgs/msg/detail/admittance_controller_state__traits.hpp
[1.653s] -- Up-to-date: /home/kortex_ws/install/control_msgs/include/control_msgs/control_msgs/msg/detail/multi_dof_command__struct.hpp
[1.653s] -- Up-to-date: /home/kortex_ws/install/control_msgs/include/control_msgs/control_msgs/msg/detail/mecanum_drive_controller_state__traits.hpp
[1.654s] -- Up-to-date: /home/kortex_ws/install/control_msgs/include/control_msgs/control_msgs/msg/detail/gripper_command__struct.hpp
[1.654s] -- Up-to-date: /home/kortex_ws/install/control_msgs/include/control_msgs/control_msgs/msg/detail/steering_controller_status__traits.hpp
[1.654s] -- Up-to-date: /home/kortex_ws/install/control_msgs/include/control_msgs/control_msgs/msg/detail/pid_state__builder.hpp
[1.654s] -- Up-to-date: /home/kortex_ws/install/control_msgs/include/control_msgs/control_msgs/msg/detail/joint_trajectory_controller_state__traits.hpp
[1.654s] -- Up-to-date: /home/kortex_ws/install/control_msgs/include/control_msgs/control_msgs/msg/detail/mecanum_drive_controller_state__struct.hpp
[1.654s] -- Up-to-date: /home/kortex_ws/install/control_msgs/include/control_msgs/control_msgs/msg/detail/steering_controller_status__struct.hpp
[1.654s] -- Up-to-date: /home/kortex_ws/install/control_msgs/include/control_msgs/control_msgs/msg/detail/steering_controller_status__builder.hpp
[1.654s] -- Up-to-date: /home/kortex_ws/install/control_msgs/include/control_msgs/control_msgs/msg/detail/gripper_command__builder.hpp
[1.654s] -- Up-to-date: /home/kortex_ws/install/control_msgs/include/control_msgs/control_msgs/msg/detail/single_dof_state_stamped__traits.hpp
[1.654s] -- Up-to-date: /home/kortex_ws/install/control_msgs/include/control_msgs/control_msgs/msg/detail/admittance_controller_state__struct.hpp
[1.654s] -- Up-to-date: /home/kortex_ws/install/control_msgs/include/control_msgs/control_msgs/msg/detail/pid_state__struct.hpp
[1.654s] -- Up-to-date: /home/kortex_ws/install/control_msgs/include/control_msgs/control_msgs/msg/detail/joint_component_tolerance__builder.hpp
[1.654s] -- Up-to-date: /home/kortex_ws/install/control_msgs/include/control_msgs/control_msgs/msg/detail/multi_dof_state_stamped__traits.hpp
[1.654s] -- Up-to-date: /home/kortex_ws/install/control_msgs/include/control_msgs/control_msgs/msg/detail/admittance_controller_state__builder.hpp
[1.654s] -- Up-to-date: /home/kortex_ws/install/control_msgs/include/control_msgs/control_msgs/msg/detail/gripper_command__traits.hpp
[1.654s] -- Up-to-date: /home/kortex_ws/install/control_msgs/include/control_msgs/control_msgs/msg/detail/single_dof_state__builder.hpp
[1.654s] -- Up-to-date: /home/kortex_ws/install/control_msgs/include/control_msgs/control_msgs/msg/detail/single_dof_state__struct.hpp
[1.654s] -- Up-to-date: /home/kortex_ws/install/control_msgs/include/control_msgs/control_msgs/msg/detail/joint_controller_state__traits.hpp
[1.655s] -- Up-to-date: /home/kortex_ws/install/control_msgs/include/control_msgs/control_msgs/msg/detail/pid_state__traits.hpp
[1.655s] -- Up-to-date: /home/kortex_ws/install/control_msgs/include/control_msgs/control_msgs/msg/detail/joint_tolerance__traits.hpp
[1.655s] -- Up-to-date: /home/kortex_ws/install/control_msgs/include/control_msgs/control_msgs/msg/detail/dynamic_joint_state__traits.hpp
[1.655s] -- Up-to-date: /home/kortex_ws/install/control_msgs/include/control_msgs/control_msgs/msg/detail/multi_dof_state_stamped__builder.hpp
[1.655s] -- Up-to-date: /home/kortex_ws/install/control_msgs/include/control_msgs/control_msgs/msg/detail/interface_value__struct.hpp
[1.655s] -- Up-to-date: /home/kortex_ws/install/control_msgs/include/control_msgs/control_msgs/msg/detail/joint_tolerance__struct.hpp
[1.655s] -- Up-to-date: /home/kortex_ws/install/control_msgs/include/control_msgs/control_msgs/msg/detail/interface_value__builder.hpp
[1.655s] -- Up-to-date: /home/kortex_ws/install/control_msgs/include/control_msgs/control_msgs/msg/detail/joint_component_tolerance__struct.hpp
[1.655s] -- Up-to-date: /home/kortex_ws/install/control_msgs/include/control_msgs/control_msgs/msg/detail/joint_component_tolerance__traits.hpp
[1.655s] -- Up-to-date: /home/kortex_ws/install/control_msgs/include/control_msgs/control_msgs/msg/detail/joint_trajectory_controller_state__struct.hpp
[1.655s] -- Up-to-date: /home/kortex_ws/install/control_msgs/include/control_msgs/control_msgs/msg/detail/single_dof_state__traits.hpp
[1.655s] -- Up-to-date: /home/kortex_ws/install/control_msgs/include/control_msgs/control_msgs/msg/detail/joint_tolerance__builder.hpp
[1.655s] -- Up-to-date: /home/kortex_ws/install/control_msgs/include/control_msgs/control_msgs/msg/detail/single_dof_state_stamped__struct.hpp
[1.655s] -- Up-to-date: /home/kortex_ws/install/control_msgs/include/control_msgs/control_msgs/msg/detail/joint_jog__builder.hpp
[1.655s] -- Up-to-date: /home/kortex_ws/install/control_msgs/include/control_msgs/control_msgs/msg/detail/multi_dof_state_stamped__struct.hpp
[1.655s] -- Up-to-date: /home/kortex_ws/install/control_msgs/include/control_msgs/control_msgs/msg/detail/multi_dof_command__traits.hpp
[1.655s] -- Up-to-date: /home/kortex_ws/install/control_msgs/include/control_msgs/control_msgs/msg/detail/joint_controller_state__struct.hpp
[1.655s] -- Up-to-date: /home/kortex_ws/install/control_msgs/include/control_msgs/control_msgs/msg/detail/joint_controller_state__builder.hpp
[1.656s] -- Up-to-date: /home/kortex_ws/install/control_msgs/include/control_msgs/control_msgs/msg/detail/dynamic_joint_state__struct.hpp
[1.656s] -- Up-to-date: /home/kortex_ws/install/control_msgs/include/control_msgs/control_msgs/msg/detail/interface_value__traits.hpp
[1.656s] -- Up-to-date: /home/kortex_ws/install/control_msgs/include/control_msgs/control_msgs/msg/detail/single_dof_state_stamped__builder.hpp
[1.656s] -- Up-to-date: /home/kortex_ws/install/control_msgs/include/control_msgs/control_msgs/msg/interface_value.hpp
[1.656s] -- Up-to-date: /home/kortex_ws/install/control_msgs/include/control_msgs/control_msgs/msg/single_dof_state.hpp
[1.656s] -- Up-to-date: /home/kortex_ws/install/control_msgs/include/control_msgs/control_msgs/msg/single_dof_state_stamped.hpp
[1.656s] -- Up-to-date: /home/kortex_ws/install/control_msgs/include/control_msgs/control_msgs/msg/admittance_controller_state.hpp
[1.656s] -- Up-to-date: /home/kortex_ws/install/control_msgs/include/control_msgs/control_msgs/msg/joint_trajectory_controller_state.hpp
[1.656s] -- Up-to-date: /home/kortex_ws/install/control_msgs/include/control_msgs/control_msgs/msg/mecanum_drive_controller_state.hpp
[1.656s] -- Up-to-date: /home/kortex_ws/install/control_msgs/include/control_msgs/control_msgs/msg/multi_dof_state_stamped.hpp
[1.656s] -- Up-to-date: /home/kortex_ws/install/control_msgs/include/control_msgs/control_msgs/msg/gripper_command.hpp
[1.656s] -- Up-to-date: /home/kortex_ws/install/control_msgs/include/control_msgs/control_msgs/msg/pid_state.hpp
[1.656s] -- Up-to-date: /home/kortex_ws/install/control_msgs/include/control_msgs/control_msgs/msg/steering_controller_status.hpp
[1.656s] -- Up-to-date: /home/kortex_ws/install/control_msgs/include/control_msgs/control_msgs/msg/multi_dof_command.hpp
[1.656s] -- Up-to-date: /home/kortex_ws/install/control_msgs/include/control_msgs/control_msgs/msg/joint_tolerance.hpp
[1.656s] -- Up-to-date: /home/kortex_ws/install/control_msgs/include/control_msgs/control_msgs/srv
[1.656s] -- Up-to-date: /home/kortex_ws/install/control_msgs/include/control_msgs/control_msgs/srv/detail
[1.656s] -- Up-to-date: /home/kortex_ws/install/control_msgs/include/control_msgs/control_msgs/srv/detail/query_calibration_state__struct.hpp
[1.657s] -- Up-to-date: /home/kortex_ws/install/control_msgs/include/control_msgs/control_msgs/srv/detail/query_calibration_state__builder.hpp
[1.657s] -- Up-to-date: /home/kortex_ws/install/control_msgs/include/control_msgs/control_msgs/srv/detail/query_trajectory_state__struct.hpp
[1.657s] -- Up-to-date: /home/kortex_ws/install/control_msgs/include/control_msgs/control_msgs/srv/detail/query_calibration_state__traits.hpp
[1.657s] -- Up-to-date: /home/kortex_ws/install/control_msgs/include/control_msgs/control_msgs/srv/detail/query_trajectory_state__builder.hpp
[1.657s] -- Up-to-date: /home/kortex_ws/install/control_msgs/include/control_msgs/control_msgs/srv/detail/query_trajectory_state__traits.hpp
[1.657s] -- Up-to-date: /home/kortex_ws/install/control_msgs/include/control_msgs/control_msgs/srv/query_trajectory_state.hpp
[1.657s] -- Up-to-date: /home/kortex_ws/install/control_msgs/include/control_msgs/control_msgs/srv/query_calibration_state.hpp
[1.657s] -- Up-to-date: /home/kortex_ws/install/control_msgs/include/control_msgs/control_msgs/action
[1.657s] -- Up-to-date: /home/kortex_ws/install/control_msgs/include/control_msgs/control_msgs/action/joint_trajectory.hpp
[1.657s] -- Up-to-date: /home/kortex_ws/install/control_msgs/include/control_msgs/control_msgs/action/single_joint_position.hpp
[1.657s] -- Up-to-date: /home/kortex_ws/install/control_msgs/include/control_msgs/control_msgs/action/parallel_gripper_command.hpp
[1.657s] -- Up-to-date: /home/kortex_ws/install/control_msgs/include/control_msgs/control_msgs/action/detail
[1.657s] -- Up-to-date: /home/kortex_ws/install/control_msgs/include/control_msgs/control_msgs/action/detail/follow_joint_trajectory__traits.hpp
[1.657s] -- Up-to-date: /home/kortex_ws/install/control_msgs/include/control_msgs/control_msgs/action/detail/gripper_command__struct.hpp
[1.657s] -- Up-to-date: /home/kortex_ws/install/control_msgs/include/control_msgs/control_msgs/action/detail/point_head__builder.hpp
[1.657s] -- Up-to-date: /home/kortex_ws/install/control_msgs/include/control_msgs/control_msgs/action/detail/parallel_gripper_command__builder.hpp
[1.657s] -- Up-to-date: /home/kortex_ws/install/control_msgs/include/control_msgs/control_msgs/action/detail/point_head__traits.hpp
[1.657s] -- Up-to-date: /home/kortex_ws/install/control_msgs/include/control_msgs/control_msgs/action/detail/gripper_command__builder.hpp
[1.657s] -- Up-to-date: /home/kortex_ws/install/control_msgs/include/control_msgs/control_msgs/action/detail/parallel_gripper_command__traits.hpp
[1.657s] -- Up-to-date: /home/kortex_ws/install/control_msgs/include/control_msgs/control_msgs/action/detail/joint_trajectory__traits.hpp
[1.658s] -- Up-to-date: /home/kortex_ws/install/control_msgs/include/control_msgs/control_msgs/action/detail/gripper_command__traits.hpp
[1.658s] -- Up-to-date: /home/kortex_ws/install/control_msgs/include/control_msgs/control_msgs/action/detail/joint_trajectory__struct.hpp
[1.658s] -- Up-to-date: /home/kortex_ws/install/control_msgs/include/control_msgs/control_msgs/action/detail/single_joint_position__struct.hpp
[1.658s] -- Up-to-date: /home/kortex_ws/install/control_msgs/include/control_msgs/control_msgs/action/detail/point_head__struct.hpp
[1.658s] -- Up-to-date: /home/kortex_ws/install/control_msgs/include/control_msgs/control_msgs/action/detail/single_joint_position__builder.hpp
[1.658s] -- Up-to-date: /home/kortex_ws/install/control_msgs/include/control_msgs/control_msgs/action/detail/joint_trajectory__builder.hpp
[1.658s] -- Up-to-date: /home/kortex_ws/install/control_msgs/include/control_msgs/control_msgs/action/detail/follow_joint_trajectory__builder.hpp
[1.658s] -- Up-to-date: /home/kortex_ws/install/control_msgs/include/control_msgs/control_msgs/action/detail/single_joint_position__traits.hpp
[1.658s] -- Up-to-date: /home/kortex_ws/install/control_msgs/include/control_msgs/control_msgs/action/detail/parallel_gripper_command__struct.hpp
[1.658s] -- Up-to-date: /home/kortex_ws/install/control_msgs/include/control_msgs/control_msgs/action/detail/follow_joint_trajectory__struct.hpp
[1.658s] -- Up-to-date: /home/kortex_ws/install/control_msgs/include/control_msgs/control_msgs/action/point_head.hpp
[1.658s] -- Up-to-date: /home/kortex_ws/install/control_msgs/include/control_msgs/control_msgs/action/follow_joint_trajectory.hpp
[1.658s] -- Up-to-date: /home/kortex_ws/install/control_msgs/include/control_msgs/control_msgs/action/gripper_command.hpp
[1.658s] -- Up-to-date: /home/kortex_ws/install/control_msgs/include/control_msgs/control_msgs
[1.658s] -- Up-to-date: /home/kortex_ws/install/control_msgs/include/control_msgs/control_msgs/msg
[1.658s] -- Up-to-date: /home/kortex_ws/install/control_msgs/include/control_msgs/control_msgs/msg/detail
[1.658s] -- Up-to-date: /home/kortex_ws/install/control_msgs/include/control_msgs/control_msgs/msg/detail/mecanum_drive_controller_state__rosidl_typesupport_fastrtps_cpp.hpp
[1.658s] -- Up-to-date: /home/kortex_ws/install/control_msgs/include/control_msgs/control_msgs/msg/detail/dynamic_joint_state__rosidl_typesupport_fastrtps_cpp.hpp
[1.658s] -- Up-to-date: /home/kortex_ws/install/control_msgs/include/control_msgs/control_msgs/msg/detail/multi_dof_state_stamped__rosidl_typesupport_fastrtps_cpp.hpp
[1.659s] -- Up-to-date: /home/kortex_ws/install/control_msgs/include/control_msgs/control_msgs/msg/detail/multi_dof_command__rosidl_typesupport_fastrtps_cpp.hpp
[1.659s] -- Up-to-date: /home/kortex_ws/install/control_msgs/include/control_msgs/control_msgs/msg/detail/steering_controller_status__rosidl_typesupport_fastrtps_cpp.hpp
[1.659s] -- Up-to-date: /home/kortex_ws/install/control_msgs/include/control_msgs/control_msgs/msg/detail/single_dof_state__rosidl_typesupport_fastrtps_cpp.hpp
[1.659s] -- Up-to-date: /home/kortex_ws/install/control_msgs/include/control_msgs/control_msgs/msg/detail/joint_jog__rosidl_typesupport_fastrtps_cpp.hpp
[1.659s] -- Up-to-date: /home/kortex_ws/install/control_msgs/include/control_msgs/control_msgs/msg/detail/joint_controller_state__rosidl_typesupport_fastrtps_cpp.hpp
[1.659s] -- Up-to-date: /home/kortex_ws/install/control_msgs/include/control_msgs/control_msgs/msg/detail/joint_tolerance__rosidl_typesupport_fastrtps_cpp.hpp
[1.659s] -- Up-to-date: /home/kortex_ws/install/control_msgs/include/control_msgs/control_msgs/msg/detail/single_dof_state_stamped__rosidl_typesupport_fastrtps_cpp.hpp
[1.659s] -- Up-to-date: /home/kortex_ws/install/control_msgs/include/control_msgs/control_msgs/msg/detail/interface_value__rosidl_typesupport_fastrtps_cpp.hpp
[1.659s] -- Up-to-date: /home/kortex_ws/install/control_msgs/include/control_msgs/control_msgs/msg/detail/dds_fastrtps
[1.659s] -- Up-to-date: /home/kortex_ws/install/control_msgs/include/control_msgs/control_msgs/msg/detail/pid_state__rosidl_typesupport_fastrtps_cpp.hpp
[1.659s] -- Up-to-date: /home/kortex_ws/install/control_msgs/include/control_msgs/control_msgs/msg/detail/joint_trajectory_controller_state__rosidl_typesupport_fastrtps_cpp.hpp
[1.659s] -- Up-to-date: /home/kortex_ws/install/control_msgs/include/control_msgs/control_msgs/msg/detail/joint_component_tolerance__rosidl_typesupport_fastrtps_cpp.hpp
[1.659s] -- Up-to-date: /home/kortex_ws/install/control_msgs/include/control_msgs/control_msgs/msg/detail/admittance_controller_state__rosidl_typesupport_fastrtps_cpp.hpp
[1.659s] -- Up-to-date: /home/kortex_ws/install/control_msgs/include/control_msgs/control_msgs/msg/detail/gripper_command__rosidl_typesupport_fastrtps_cpp.hpp
[1.659s] -- Up-to-date: /home/kortex_ws/install/control_msgs/include/control_msgs/control_msgs/msg/rosidl_typesupport_fastrtps_cpp__visibility_control.h
[1.659s] -- Up-to-date: /home/kortex_ws/install/control_msgs/include/control_msgs/control_msgs/srv
[1.659s] -- Up-to-date: /home/kortex_ws/install/control_msgs/include/control_msgs/control_msgs/srv/detail
[1.659s] -- Up-to-date: /home/kortex_ws/install/control_msgs/include/control_msgs/control_msgs/srv/detail/query_calibration_state__rosidl_typesupport_fastrtps_cpp.hpp
[1.659s] -- Up-to-date: /home/kortex_ws/install/control_msgs/include/control_msgs/control_msgs/srv/detail/dds_fastrtps
[1.660s] -- Up-to-date: /home/kortex_ws/install/control_msgs/include/control_msgs/control_msgs/srv/detail/query_trajectory_state__rosidl_typesupport_fastrtps_cpp.hpp
[1.660s] -- Up-to-date: /home/kortex_ws/install/control_msgs/include/control_msgs/control_msgs/action
[1.660s] -- Up-to-date: /home/kortex_ws/install/control_msgs/include/control_msgs/control_msgs/action/detail
[1.660s] -- Up-to-date: /home/kortex_ws/install/control_msgs/include/control_msgs/control_msgs/action/detail/follow_joint_trajectory__rosidl_typesupport_fastrtps_cpp.hpp
[1.660s] -- Up-to-date: /home/kortex_ws/install/control_msgs/include/control_msgs/control_msgs/action/detail/point_head__rosidl_typesupport_fastrtps_cpp.hpp
[1.660s] -- Up-to-date: /home/kortex_ws/install/control_msgs/include/control_msgs/control_msgs/action/detail/single_joint_position__rosidl_typesupport_fastrtps_cpp.hpp
[1.660s] -- Up-to-date: /home/kortex_ws/install/control_msgs/include/control_msgs/control_msgs/action/detail/joint_trajectory__rosidl_typesupport_fastrtps_cpp.hpp
[1.660s] -- Up-to-date: /home/kortex_ws/install/control_msgs/include/control_msgs/control_msgs/action/detail/parallel_gripper_command__rosidl_typesupport_fastrtps_cpp.hpp
[1.660s] -- Up-to-date: /home/kortex_ws/install/control_msgs/include/control_msgs/control_msgs/action/detail/dds_fastrtps
[1.660s] -- Up-to-date: /home/kortex_ws/install/control_msgs/include/control_msgs/control_msgs/action/detail/gripper_command__rosidl_typesupport_fastrtps_cpp.hpp
[1.660s] -- Up-to-date: /home/kortex_ws/install/control_msgs/lib/libcontrol_msgs__rosidl_typesupport_fastrtps_cpp.so
[1.660s] -- Up-to-date: /home/kortex_ws/install/control_msgs/include/control_msgs/control_msgs
[1.660s] -- Up-to-date: /home/kortex_ws/install/control_msgs/include/control_msgs/control_msgs/msg
[1.660s] -- Up-to-date: /home/kortex_ws/install/control_msgs/include/control_msgs/control_msgs/msg/detail
[1.660s] -- Up-to-date: /home/kortex_ws/install/control_msgs/include/control_msgs/control_msgs/msg/detail/dynamic_joint_state__rosidl_typesupport_introspection_c.h
[1.660s] -- Up-to-date: /home/kortex_ws/install/control_msgs/include/control_msgs/control_msgs/msg/detail/pid_state__type_support.c
[1.660s] -- Up-to-date: /home/kortex_ws/install/control_msgs/include/control_msgs/control_msgs/msg/detail/steering_controller_status__type_support.c
[1.661s] -- Up-to-date: /home/kortex_ws/install/control_msgs/include/control_msgs/control_msgs/msg/detail/gripper_command__type_support.c
[1.661s] -- Up-to-date: /home/kortex_ws/install/control_msgs/include/control_msgs/control_msgs/msg/detail/gripper_command__rosidl_typesupport_introspection_c.h
[1.661s] -- Up-to-date: /home/kortex_ws/install/control_msgs/include/control_msgs/control_msgs/msg/detail/single_dof_state__type_support.c
[1.661s] -- Up-to-date: /home/kortex_ws/install/control_msgs/include/control_msgs/control_msgs/msg/detail/single_dof_state_stamped__rosidl_typesupport_introspection_c.h
[1.661s] -- Up-to-date: /home/kortex_ws/install/control_msgs/include/control_msgs/control_msgs/msg/detail/mecanum_drive_controller_state__rosidl_typesupport_introspection_c.h
[1.661s] -- Up-to-date: /home/kortex_ws/install/control_msgs/include/control_msgs/control_msgs/msg/detail/joint_tolerance__type_support.c
[1.661s] -- Up-to-date: /home/kortex_ws/install/control_msgs/include/control_msgs/control_msgs/msg/detail/multi_dof_state_stamped__rosidl_typesupport_introspection_c.h
[1.661s] -- Up-to-date: /home/kortex_ws/install/control_msgs/include/control_msgs/control_msgs/msg/detail/joint_component_tolerance__rosidl_typesupport_introspection_c.h
[1.661s] -- Up-to-date: /home/kortex_ws/install/control_msgs/include/control_msgs/control_msgs/msg/detail/single_dof_state_stamped__type_support.c
[1.661s] -- Up-to-date: /home/kortex_ws/install/control_msgs/include/control_msgs/control_msgs/msg/detail/joint_trajectory_controller_state__rosidl_typesupport_introspection_c.h
[1.661s] -- Up-to-date: /home/kortex_ws/install/control_msgs/include/control_msgs/control_msgs/msg/detail/interface_value__type_support.c
[1.661s] -- Up-to-date: /home/kortex_ws/install/control_msgs/include/control_msgs/control_msgs/msg/detail/joint_jog__type_support.c
[1.661s] -- Up-to-date: /home/kortex_ws/install/control_msgs/include/control_msgs/control_msgs/msg/detail/admittance_controller_state__type_support.c
[1.661s] -- Up-to-date: /home/kortex_ws/install/control_msgs/include/control_msgs/control_msgs/msg/detail/joint_trajectory_controller_state__type_support.c
[1.661s] -- Up-to-date: /home/kortex_ws/install/control_msgs/include/control_msgs/control_msgs/msg/detail/steering_controller_status__rosidl_typesupport_introspection_c.h
[1.661s] -- Up-to-date: /home/kortex_ws/install/control_msgs/include/control_msgs/control_msgs/msg/detail/interface_value__rosidl_typesupport_introspection_c.h
[1.661s] -- Up-to-date: /home/kortex_ws/install/control_msgs/include/control_msgs/control_msgs/msg/detail/multi_dof_command__rosidl_typesupport_introspection_c.h
[1.661s] -- Up-to-date: /home/kortex_ws/install/control_msgs/include/control_msgs/control_msgs/msg/detail/multi_dof_state_stamped__type_support.c
[1.661s] -- Up-to-date: /home/kortex_ws/install/control_msgs/include/control_msgs/control_msgs/msg/detail/mecanum_drive_controller_state__type_support.c
[1.661s] -- Up-to-date: /home/kortex_ws/install/control_msgs/include/control_msgs/control_msgs/msg/detail/joint_component_tolerance__type_support.c
[1.662s] -- Up-to-date: /home/kortex_ws/install/control_msgs/include/control_msgs/control_msgs/msg/detail/joint_controller_state__rosidl_typesupport_introspection_c.h
[1.662s] -- Up-to-date: /home/kortex_ws/install/control_msgs/include/control_msgs/control_msgs/msg/detail/joint_jog__rosidl_typesupport_introspection_c.h
[1.662s] -- Up-to-date: /home/kortex_ws/install/control_msgs/include/control_msgs/control_msgs/msg/detail/pid_state__rosidl_typesupport_introspection_c.h
[1.662s] -- Up-to-date: /home/kortex_ws/install/control_msgs/include/control_msgs/control_msgs/msg/detail/joint_controller_state__type_support.c
[1.662s] -- Up-to-date: /home/kortex_ws/install/control_msgs/include/control_msgs/control_msgs/msg/detail/admittance_controller_state__rosidl_typesupport_introspection_c.h
[1.662s] -- Up-to-date: /home/kortex_ws/install/control_msgs/include/control_msgs/control_msgs/msg/detail/joint_tolerance__rosidl_typesupport_introspection_c.h
[1.662s] -- Up-to-date: /home/kortex_ws/install/control_msgs/include/control_msgs/control_msgs/msg/detail/multi_dof_command__type_support.c
[1.662s] -- Up-to-date: /home/kortex_ws/install/control_msgs/include/control_msgs/control_msgs/msg/detail/dynamic_joint_state__type_support.c
[1.662s] -- Up-to-date: /home/kortex_ws/install/control_msgs/include/control_msgs/control_msgs/msg/detail/single_dof_state__rosidl_typesupport_introspection_c.h
[1.662s] -- Up-to-date: /home/kortex_ws/install/control_msgs/include/control_msgs/control_msgs/msg/rosidl_typesupport_introspection_c__visibility_control.h
[1.662s] -- Up-to-date: /home/kortex_ws/install/control_msgs/include/control_msgs/control_msgs/srv
[1.662s] -- Up-to-date: /home/kortex_ws/install/control_msgs/include/control_msgs/control_msgs/srv/detail
[1.662s] -- Up-to-date: /home/kortex_ws/install/control_msgs/include/control_msgs/control_msgs/srv/detail/query_trajectory_state__type_support.c
[1.662s] -- Up-to-date: /home/kortex_ws/install/control_msgs/include/control_msgs/control_msgs/srv/detail/query_calibration_state__rosidl_typesupport_introspection_c.h
[1.662s] -- Up-to-date: /home/kortex_ws/install/control_msgs/include/control_msgs/control_msgs/srv/detail/query_trajectory_state__rosidl_typesupport_introspection_c.h
[1.662s] -- Up-to-date: /home/kortex_ws/install/control_msgs/include/control_msgs/control_msgs/srv/detail/query_calibration_state__type_support.c
[1.662s] -- Up-to-date: /home/kortex_ws/install/control_msgs/include/control_msgs/control_msgs/action
[1.663s] -- Up-to-date: /home/kortex_ws/install/control_msgs/include/control_msgs/control_msgs/action/detail
[1.663s] -- Up-to-date: /home/kortex_ws/install/control_msgs/include/control_msgs/control_msgs/action/detail/gripper_command__type_support.c
[1.663s] -- Up-to-date: /home/kortex_ws/install/control_msgs/include/control_msgs/control_msgs/action/detail/gripper_command__rosidl_typesupport_introspection_c.h
[1.663s] -- Up-to-date: /home/kortex_ws/install/control_msgs/include/control_msgs/control_msgs/action/detail/joint_trajectory__rosidl_typesupport_introspection_c.h
[1.663s] -- Up-to-date: /home/kortex_ws/install/control_msgs/include/control_msgs/control_msgs/action/detail/single_joint_position__type_support.c
[1.663s] -- Up-to-date: /home/kortex_ws/install/control_msgs/include/control_msgs/control_msgs/action/detail/point_head__type_support.c
[1.663s] -- Up-to-date: /home/kortex_ws/install/control_msgs/include/control_msgs/control_msgs/action/detail/follow_joint_trajectory__rosidl_typesupport_introspection_c.h
[1.663s] -- Up-to-date: /home/kortex_ws/install/control_msgs/include/control_msgs/control_msgs/action/detail/parallel_gripper_command__rosidl_typesupport_introspection_c.h
[1.663s] -- Up-to-date: /home/kortex_ws/install/control_msgs/include/control_msgs/control_msgs/action/detail/single_joint_position__rosidl_typesupport_introspection_c.h
[1.663s] -- Up-to-date: /home/kortex_ws/install/control_msgs/include/control_msgs/control_msgs/action/detail/joint_trajectory__type_support.c
[1.663s] -- Up-to-date: /home/kortex_ws/install/control_msgs/include/control_msgs/control_msgs/action/detail/parallel_gripper_command__type_support.c
[1.663s] -- Up-to-date: /home/kortex_ws/install/control_msgs/include/control_msgs/control_msgs/action/detail/follow_joint_trajectory__type_support.c
[1.663s] -- Up-to-date: /home/kortex_ws/install/control_msgs/include/control_msgs/control_msgs/action/detail/point_head__rosidl_typesupport_introspection_c.h
[1.663s] -- Up-to-date: /home/kortex_ws/install/control_msgs/lib/libcontrol_msgs__rosidl_typesupport_introspection_c.so
[1.663s] -- Up-to-date: /home/kortex_ws/install/control_msgs/lib/libcontrol_msgs__rosidl_typesupport_c.so
[1.663s] -- Up-to-date: /home/kortex_ws/install/control_msgs/include/control_msgs/control_msgs
[1.663s] -- Up-to-date: /home/kortex_ws/install/control_msgs/include/control_msgs/control_msgs/msg
[1.663s] -- Up-to-date: /home/kortex_ws/install/control_msgs/include/control_msgs/control_msgs/msg/detail
[1.663s] -- Up-to-date: /home/kortex_ws/install/control_msgs/include/control_msgs/control_msgs/msg/detail/gripper_command__type_support.cpp
[1.664s] -- Up-to-date: /home/kortex_ws/install/control_msgs/include/control_msgs/control_msgs/msg/detail/single_dof_state_stamped__type_support.cpp
[1.664s] -- Up-to-date: /home/kortex_ws/install/control_msgs/include/control_msgs/control_msgs/msg/detail/multi_dof_state_stamped__type_support.cpp
[1.664s] -- Up-to-date: /home/kortex_ws/install/control_msgs/include/control_msgs/control_msgs/msg/detail/joint_tolerance__type_support.cpp
[1.664s] -- Up-to-date: /home/kortex_ws/install/control_msgs/include/control_msgs/control_msgs/msg/detail/single_dof_state__type_support.cpp
[1.664s] -- Up-to-date: /home/kortex_ws/install/control_msgs/include/control_msgs/control_msgs/msg/detail/dynamic_joint_state__type_support.cpp
[1.664s] -- Up-to-date: /home/kortex_ws/install/control_msgs/include/control_msgs/control_msgs/msg/detail/joint_trajectory_controller_state__rosidl_typesupport_introspection_cpp.hpp
[1.664s] -- Up-to-date: /home/kortex_ws/install/control_msgs/include/control_msgs/control_msgs/msg/detail/multi_dof_command__type_support.cpp
[1.664s] -- Up-to-date: /home/kortex_ws/install/control_msgs/include/control_msgs/control_msgs/msg/detail/gripper_command__rosidl_typesupport_introspection_cpp.hpp
[1.664s] -- Up-to-date: /home/kortex_ws/install/control_msgs/include/control_msgs/control_msgs/msg/detail/joint_component_tolerance__type_support.cpp
[1.664s] -- Up-to-date: /home/kortex_ws/install/control_msgs/include/control_msgs/control_msgs/msg/detail/pid_state__rosidl_typesupport_introspection_cpp.hpp
[1.664s] -- Up-to-date: /home/kortex_ws/install/control_msgs/include/control_msgs/control_msgs/msg/detail/multi_dof_state_stamped__rosidl_typesupport_introspection_cpp.hpp
[1.664s] -- Up-to-date: /home/kortex_ws/install/control_msgs/include/control_msgs/control_msgs/msg/detail/joint_component_tolerance__rosidl_typesupport_introspection_cpp.hpp
[1.664s] -- Up-to-date: /home/kortex_ws/install/control_msgs/include/control_msgs/control_msgs/msg/detail/mecanum_drive_controller_state__type_support.cpp
[1.664s] -- Up-to-date: /home/kortex_ws/install/control_msgs/include/control_msgs/control_msgs/msg/detail/steering_controller_status__rosidl_typesupport_introspection_cpp.hpp
[1.664s] -- Up-to-date: /home/kortex_ws/install/control_msgs/include/control_msgs/control_msgs/msg/detail/admittance_controller_state__type_support.cpp
[1.664s] -- Up-to-date: /home/kortex_ws/install/control_msgs/include/control_msgs/control_msgs/msg/detail/steering_controller_status__type_support.cpp
[1.664s] -- Up-to-date: /home/kortex_ws/install/control_msgs/include/control_msgs/control_msgs/msg/detail/joint_controller_state__rosidl_typesupport_introspection_cpp.hpp
[1.664s] -- Up-to-date: /home/kortex_ws/install/control_msgs/include/control_msgs/control_msgs/msg/detail/interface_value__type_support.cpp
[1.664s] -- Up-to-date: /home/kortex_ws/install/control_msgs/include/control_msgs/control_msgs/msg/detail/interface_value__rosidl_typesupport_introspection_cpp.hpp
[1.665s] -- Up-to-date: /home/kortex_ws/install/control_msgs/include/control_msgs/control_msgs/msg/detail/multi_dof_command__rosidl_typesupport_introspection_cpp.hpp
[1.665s] -- Up-to-date: /home/kortex_ws/install/control_msgs/include/control_msgs/control_msgs/msg/detail/joint_controller_state__type_support.cpp
[1.665s] -- Up-to-date: /home/kortex_ws/install/control_msgs/include/control_msgs/control_msgs/msg/detail/joint_tolerance__rosidl_typesupport_introspection_cpp.hpp
[1.665s] -- Up-to-date: /home/kortex_ws/install/control_msgs/include/control_msgs/control_msgs/msg/detail/joint_trajectory_controller_state__type_support.cpp
[1.665s] -- Up-to-date: /home/kortex_ws/install/control_msgs/include/control_msgs/control_msgs/msg/detail/single_dof_state__rosidl_typesupport_introspection_cpp.hpp
[1.665s] -- Up-to-date: /home/kortex_ws/install/control_msgs/include/control_msgs/control_msgs/msg/detail/single_dof_state_stamped__rosidl_typesupport_introspection_cpp.hpp
[1.665s] -- Up-to-date: /home/kortex_ws/install/control_msgs/include/control_msgs/control_msgs/msg/detail/joint_jog__type_support.cpp
[1.665s] -- Up-to-date: /home/kortex_ws/install/control_msgs/include/control_msgs/control_msgs/msg/detail/dynamic_joint_state__rosidl_typesupport_introspection_cpp.hpp
[1.665s] -- Up-to-date: /home/kortex_ws/install/control_msgs/include/control_msgs/control_msgs/msg/detail/mecanum_drive_controller_state__rosidl_typesupport_introspection_cpp.hpp
[1.665s] -- Up-to-date: /home/kortex_ws/install/control_msgs/include/control_msgs/control_msgs/msg/detail/admittance_controller_state__rosidl_typesupport_introspection_cpp.hpp
[1.665s] -- Up-to-date: /home/kortex_ws/install/control_msgs/include/control_msgs/control_msgs/msg/detail/joint_jog__rosidl_typesupport_introspection_cpp.hpp
[1.665s] -- Up-to-date: /home/kortex_ws/install/control_msgs/include/control_msgs/control_msgs/msg/detail/pid_state__type_support.cpp
[1.665s] -- Up-to-date: /home/kortex_ws/install/control_msgs/include/control_msgs/control_msgs/srv
[1.665s] -- Up-to-date: /home/kortex_ws/install/control_msgs/include/control_msgs/control_msgs/srv/detail
[1.665s] -- Up-to-date: /home/kortex_ws/install/control_msgs/include/control_msgs/control_msgs/srv/detail/query_calibration_state__rosidl_typesupport_introspection_cpp.hpp
[1.665s] -- Up-to-date: /home/kortex_ws/install/control_msgs/include/control_msgs/control_msgs/srv/detail/query_trajectory_state__type_support.cpp
[1.665s] -- Up-to-date: /home/kortex_ws/install/control_msgs/include/control_msgs/control_msgs/srv/detail/query_trajectory_state__rosidl_typesupport_introspection_cpp.hpp
[1.665s] -- Up-to-date: /home/kortex_ws/install/control_msgs/include/control_msgs/control_msgs/srv/detail/query_calibration_state__type_support.cpp
[1.665s] -- Up-to-date: /home/kortex_ws/install/control_msgs/include/control_msgs/control_msgs/action
[1.666s] -- Up-to-date: /home/kortex_ws/install/control_msgs/include/control_msgs/control_msgs/action/detail
[1.666s] -- Up-to-date: /home/kortex_ws/install/control_msgs/include/control_msgs/control_msgs/action/detail/gripper_command__type_support.cpp
[1.666s] -- Up-to-date: /home/kortex_ws/install/control_msgs/include/control_msgs/control_msgs/action/detail/parallel_gripper_command__rosidl_typesupport_introspection_cpp.hpp
[1.666s] -- Up-to-date: /home/kortex_ws/install/control_msgs/include/control_msgs/control_msgs/action/detail/follow_joint_trajectory__rosidl_typesupport_introspection_cpp.hpp
[1.666s] -- Up-to-date: /home/kortex_ws/install/control_msgs/include/control_msgs/control_msgs/action/detail/joint_trajectory__rosidl_typesupport_introspection_cpp.hpp
[1.666s] -- Up-to-date: /home/kortex_ws/install/control_msgs/include/control_msgs/control_msgs/action/detail/joint_trajectory__type_support.cpp
[1.666s] -- Up-to-date: /home/kortex_ws/install/control_msgs/include/control_msgs/control_msgs/action/detail/gripper_command__rosidl_typesupport_introspection_cpp.hpp
[1.666s] -- Up-to-date: /home/kortex_ws/install/control_msgs/include/control_msgs/control_msgs/action/detail/follow_joint_trajectory__type_support.cpp
[1.666s] -- Up-to-date: /home/kortex_ws/install/control_msgs/include/control_msgs/control_msgs/action/detail/parallel_gripper_command__type_support.cpp
[1.666s] -- Up-to-date: /home/kortex_ws/install/control_msgs/include/control_msgs/control_msgs/action/detail/single_joint_position__rosidl_typesupport_introspection_cpp.hpp
[1.666s] -- Up-to-date: /home/kortex_ws/install/control_msgs/include/control_msgs/control_msgs/action/detail/point_head__type_support.cpp
[1.666s] -- Up-to-date: /home/kortex_ws/install/control_msgs/include/control_msgs/control_msgs/action/detail/single_joint_position__type_support.cpp
[1.666s] -- Up-to-date: /home/kortex_ws/install/control_msgs/include/control_msgs/control_msgs/action/detail/point_head__rosidl_typesupport_introspection_cpp.hpp
[1.666s] -- Up-to-date: /home/kortex_ws/install/control_msgs/lib/libcontrol_msgs__rosidl_typesupport_introspection_cpp.so
[1.666s] -- Up-to-date: /home/kortex_ws/install/control_msgs/lib/libcontrol_msgs__rosidl_typesupport_cpp.so
[1.666s] -- Up-to-date: /home/kortex_ws/install/control_msgs/share/control_msgs/environment/pythonpath.sh
[1.666s] -- Up-to-date: /home/kortex_ws/install/control_msgs/share/control_msgs/environment/pythonpath.dsv
[1.667s] -- Up-to-date: /home/kortex_ws/install/control_msgs/local/lib/python3.10/dist-packages/control_msgs-4.6.0-py3.10.egg-info
[1.667s] -- Installing: /home/kortex_ws/install/control_msgs/local/lib/python3.10/dist-packages/control_msgs-4.6.0-py3.10.egg-info/SOURCES.txt
[1.667s] -- Installing: /home/kortex_ws/install/control_msgs/local/lib/python3.10/dist-packages/control_msgs-4.6.0-py3.10.egg-info/dependency_links.txt
[1.667s] -- Installing: /home/kortex_ws/install/control_msgs/local/lib/python3.10/dist-packages/control_msgs-4.6.0-py3.10.egg-info/top_level.txt
[1.667s] -- Installing: /home/kortex_ws/install/control_msgs/local/lib/python3.10/dist-packages/control_msgs-4.6.0-py3.10.egg-info/PKG-INFO
[1.667s] -- Up-to-date: /home/kortex_ws/install/control_msgs/local/lib/python3.10/dist-packages/control_msgs
[1.667s] -- Up-to-date: /home/kortex_ws/install/control_msgs/local/lib/python3.10/dist-packages/control_msgs/_control_msgs_s.ep.rosidl_typesupport_fastrtps_c.c
[1.667s] -- Up-to-date: /home/kortex_ws/install/control_msgs/local/lib/python3.10/dist-packages/control_msgs/libcontrol_msgs__rosidl_generator_py.so
[1.667s] -- Up-to-date: /home/kortex_ws/install/control_msgs/local/lib/python3.10/dist-packages/control_msgs/control_msgs_s__rosidl_typesupport_c.cpython-310-x86_64-linux-gnu.so
[1.667s] -- Up-to-date: /home/kortex_ws/install/control_msgs/local/lib/python3.10/dist-packages/control_msgs/_control_msgs_s.ep.rosidl_typesupport_c.c
[1.667s] -- Up-to-date: /home/kortex_ws/install/control_msgs/local/lib/python3.10/dist-packages/control_msgs/control_msgs_s__rosidl_typesupport_introspection_c.cpython-310-x86_64-linux-gnu.so
[1.667s] -- Up-to-date: /home/kortex_ws/install/control_msgs/local/lib/python3.10/dist-packages/control_msgs/msg
[1.667s] -- Up-to-date: /home/kortex_ws/install/control_msgs/local/lib/python3.10/dist-packages/control_msgs/msg/_joint_trajectory_controller_state_s.c
[1.667s] -- Up-to-date: /home/kortex_ws/install/control_msgs/local/lib/python3.10/dist-packages/control_msgs/msg/_dynamic_joint_state.py
[1.667s] -- Up-to-date: /home/kortex_ws/install/control_msgs/local/lib/python3.10/dist-packages/control_msgs/msg/_steering_controller_status_s.c
[1.667s] -- Up-to-date: /home/kortex_ws/install/control_msgs/local/lib/python3.10/dist-packages/control_msgs/msg/_joint_component_tolerance.py
[1.667s] -- Up-to-date: /home/kortex_ws/install/control_msgs/local/lib/python3.10/dist-packages/control_msgs/msg/_single_dof_state.py
[1.667s] -- Up-to-date: /home/kortex_ws/install/control_msgs/local/lib/python3.10/dist-packages/control_msgs/msg/_joint_controller_state_s.c
[1.667s] -- Up-to-date: /home/kortex_ws/install/control_msgs/local/lib/python3.10/dist-packages/control_msgs/msg/_interface_value.py
[1.668s] -- Up-to-date: /home/kortex_ws/install/control_msgs/local/lib/python3.10/dist-packages/control_msgs/msg/_single_dof_state_stamped_s.c
[1.668s] -- Up-to-date: /home/kortex_ws/install/control_msgs/local/lib/python3.10/dist-packages/control_msgs/msg/_joint_tolerance.py
[1.668s] -- Up-to-date: /home/kortex_ws/install/control_msgs/local/lib/python3.10/dist-packages/control_msgs/msg/_single_dof_state_s.c
[1.668s] -- Up-to-date: /home/kortex_ws/install/control_msgs/local/lib/python3.10/dist-packages/control_msgs/msg/_joint_tolerance_s.c
[1.668s] -- Up-to-date: /home/kortex_ws/install/control_msgs/local/lib/python3.10/dist-packages/control_msgs/msg/_mecanum_drive_controller_state.py
[1.668s] -- Up-to-date: /home/kortex_ws/install/control_msgs/local/lib/python3.10/dist-packages/control_msgs/msg/_single_dof_state_stamped.py
[1.668s] -- Up-to-date: /home/kortex_ws/install/control_msgs/local/lib/python3.10/dist-packages/control_msgs/msg/_joint_controller_state.py
[1.668s] -- Up-to-date: /home/kortex_ws/install/control_msgs/local/lib/python3.10/dist-packages/control_msgs/msg/_admittance_controller_state_s.c
[1.668s] -- Up-to-date: /home/kortex_ws/install/control_msgs/local/lib/python3.10/dist-packages/control_msgs/msg/_joint_trajectory_controller_state.py
[1.668s] -- Up-to-date: /home/kortex_ws/install/control_msgs/local/lib/python3.10/dist-packages/control_msgs/msg/_multi_dof_command_s.c
[1.668s] -- Up-to-date: /home/kortex_ws/install/control_msgs/local/lib/python3.10/dist-packages/control_msgs/msg/_interface_value_s.c
[1.668s] -- Up-to-date: /home/kortex_ws/install/control_msgs/local/lib/python3.10/dist-packages/control_msgs/msg/_gripper_command.py
[1.668s] -- Up-to-date: /home/kortex_ws/install/control_msgs/local/lib/python3.10/dist-packages/control_msgs/msg/_admittance_controller_state.py
[1.668s] -- Up-to-date: /home/kortex_ws/install/control_msgs/local/lib/python3.10/dist-packages/control_msgs/msg/_multi_dof_state_stamped.py
[1.668s] -- Up-to-date: /home/kortex_ws/install/control_msgs/local/lib/python3.10/dist-packages/control_msgs/msg/_multi_dof_command.py
[1.668s] -- Up-to-date: /home/kortex_ws/install/control_msgs/local/lib/python3.10/dist-packages/control_msgs/msg/_pid_state_s.c
[1.668s] -- Up-to-date: /home/kortex_ws/install/control_msgs/local/lib/python3.10/dist-packages/control_msgs/msg/_joint_jog_s.c
[1.668s] -- Up-to-date: /home/kortex_ws/install/control_msgs/local/lib/python3.10/dist-packages/control_msgs/msg/_joint_component_tolerance_s.c
[1.668s] -- Up-to-date: /home/kortex_ws/install/control_msgs/local/lib/python3.10/dist-packages/control_msgs/msg/_mecanum_drive_controller_state_s.c
[1.669s] -- Up-to-date: /home/kortex_ws/install/control_msgs/local/lib/python3.10/dist-packages/control_msgs/msg/_multi_dof_state_stamped_s.c
[1.669s] -- Up-to-date: /home/kortex_ws/install/control_msgs/local/lib/python3.10/dist-packages/control_msgs/msg/_joint_jog.py
[1.669s] -- Up-to-date: /home/kortex_ws/install/control_msgs/local/lib/python3.10/dist-packages/control_msgs/msg/_pid_state.py
[1.669s] -- Up-to-date: /home/kortex_ws/install/control_msgs/local/lib/python3.10/dist-packages/control_msgs/msg/_dynamic_joint_state_s.c
[1.669s] -- Up-to-date: /home/kortex_ws/install/control_msgs/local/lib/python3.10/dist-packages/control_msgs/msg/__init__.py
[1.669s] -- Up-to-date: /home/kortex_ws/install/control_msgs/local/lib/python3.10/dist-packages/control_msgs/msg/_steering_controller_status.py
[1.669s] -- Up-to-date: /home/kortex_ws/install/control_msgs/local/lib/python3.10/dist-packages/control_msgs/msg/_gripper_command_s.c
[1.669s] -- Up-to-date: /home/kortex_ws/install/control_msgs/local/lib/python3.10/dist-packages/control_msgs/srv
[1.669s] -- Up-to-date: /home/kortex_ws/install/control_msgs/local/lib/python3.10/dist-packages/control_msgs/srv/_query_trajectory_state.py
[1.669s] -- Up-to-date: /home/kortex_ws/install/control_msgs/local/lib/python3.10/dist-packages/control_msgs/srv/_query_calibration_state_s.c
[1.669s] -- Up-to-date: /home/kortex_ws/install/control_msgs/local/lib/python3.10/dist-packages/control_msgs/srv/_query_calibration_state.py
[1.669s] -- Up-to-date: /home/kortex_ws/install/control_msgs/local/lib/python3.10/dist-packages/control_msgs/srv/_query_trajectory_state_s.c
[1.669s] -- Up-to-date: /home/kortex_ws/install/control_msgs/local/lib/python3.10/dist-packages/control_msgs/srv/__init__.py
[1.669s] -- Up-to-date: /home/kortex_ws/install/control_msgs/local/lib/python3.10/dist-packages/control_msgs/action
[1.669s] -- Up-to-date: /home/kortex_ws/install/control_msgs/local/lib/python3.10/dist-packages/control_msgs/action/_single_joint_position.py
[1.669s] -- Up-to-date: /home/kortex_ws/install/control_msgs/local/lib/python3.10/dist-packages/control_msgs/action/_point_head.py
[1.669s] -- Up-to-date: /home/kortex_ws/install/control_msgs/local/lib/python3.10/dist-packages/control_msgs/action/_point_head_s.c
[1.669s] -- Up-to-date: /home/kortex_ws/install/control_msgs/local/lib/python3.10/dist-packages/control_msgs/action/_single_joint_position_s.c
[1.670s] -- Up-to-date: /home/kortex_ws/install/control_msgs/local/lib/python3.10/dist-packages/control_msgs/action/_parallel_gripper_command_s.c
[1.670s] -- Up-to-date: /home/kortex_ws/install/control_msgs/local/lib/python3.10/dist-packages/control_msgs/action/_gripper_command.py
[1.670s] -- Up-to-date: /home/kortex_ws/install/control_msgs/local/lib/python3.10/dist-packages/control_msgs/action/_joint_trajectory_s.c
[1.670s] -- Up-to-date: /home/kortex_ws/install/control_msgs/local/lib/python3.10/dist-packages/control_msgs/action/_parallel_gripper_command.py
[1.670s] -- Up-to-date: /home/kortex_ws/install/control_msgs/local/lib/python3.10/dist-packages/control_msgs/action/_follow_joint_trajectory_s.c
[1.670s] -- Up-to-date: /home/kortex_ws/install/control_msgs/local/lib/python3.10/dist-packages/control_msgs/action/_follow_joint_trajectory.py
[1.670s] -- Up-to-date: /home/kortex_ws/install/control_msgs/local/lib/python3.10/dist-packages/control_msgs/action/_joint_trajectory.py
[1.670s] -- Up-to-date: /home/kortex_ws/install/control_msgs/local/lib/python3.10/dist-packages/control_msgs/action/__init__.py
[1.670s] -- Up-to-date: /home/kortex_ws/install/control_msgs/local/lib/python3.10/dist-packages/control_msgs/action/_gripper_command_s.c
[1.670s] -- Up-to-date: /home/kortex_ws/install/control_msgs/local/lib/python3.10/dist-packages/control_msgs/_control_msgs_s.ep.rosidl_typesupport_introspection_c.c
[1.670s] -- Up-to-date: /home/kortex_ws/install/control_msgs/local/lib/python3.10/dist-packages/control_msgs/__init__.py
[1.670s] -- Up-to-date: /home/kortex_ws/install/control_msgs/local/lib/python3.10/dist-packages/control_msgs/control_msgs_s__rosidl_typesupport_fastrtps_c.cpython-310-x86_64-linux-gnu.so
[1.681s] Listing '/home/kortex_ws/install/control_msgs/local/lib/python3.10/dist-packages/control_msgs'...
[1.681s] Listing '/home/kortex_ws/install/control_msgs/local/lib/python3.10/dist-packages/control_msgs/action'...
[1.681s] Listing '/home/kortex_ws/install/control_msgs/local/lib/python3.10/dist-packages/control_msgs/msg'...
[1.681s] Listing '/home/kortex_ws/install/control_msgs/local/lib/python3.10/dist-packages/control_msgs/srv'...
[1.684s] -- Up-to-date: /home/kortex_ws/install/control_msgs/local/lib/python3.10/dist-packages/control_msgs/control_msgs_s__rosidl_typesupport_fastrtps_c.cpython-310-x86_64-linux-gnu.so
[1.685s] -- Up-to-date: /home/kortex_ws/install/control_msgs/local/lib/python3.10/dist-packages/control_msgs/control_msgs_s__rosidl_typesupport_introspection_c.cpython-310-x86_64-linux-gnu.so
[1.685s] -- Up-to-date: /home/kortex_ws/install/control_msgs/local/lib/python3.10/dist-packages/control_msgs/control_msgs_s__rosidl_typesupport_c.cpython-310-x86_64-linux-gnu.so
[1.685s] -- Up-to-date: /home/kortex_ws/install/control_msgs/lib/libcontrol_msgs__rosidl_generator_py.so
[1.686s] -- Up-to-date: /home/kortex_ws/install/control_msgs/share/control_msgs/action/ParallelGripperCommand.idl
[1.686s] -- Up-to-date: /home/kortex_ws/install/control_msgs/share/control_msgs/action/FollowJointTrajectory.idl
[1.686s] -- Up-to-date: /home/kortex_ws/install/control_msgs/share/control_msgs/action/GripperCommand.idl
[1.686s] -- Up-to-date: /home/kortex_ws/install/control_msgs/share/control_msgs/action/JointTrajectory.idl
[1.686s] -- Up-to-date: /home/kortex_ws/install/control_msgs/share/control_msgs/action/PointHead.idl
[1.686s] -- Up-to-date: /home/kortex_ws/install/control_msgs/share/control_msgs/action/SingleJointPosition.idl
[1.686s] -- Up-to-date: /home/kortex_ws/install/control_msgs/share/control_msgs/msg/AdmittanceControllerState.idl
[1.686s] -- Up-to-date: /home/kortex_ws/install/control_msgs/share/control_msgs/msg/DynamicJointState.idl
[1.686s] -- Up-to-date: /home/kortex_ws/install/control_msgs/share/control_msgs/msg/GripperCommand.idl
[1.686s] -- Up-to-date: /home/kortex_ws/install/control_msgs/share/control_msgs/msg/InterfaceValue.idl
[1.686s] -- Up-to-date: /home/kortex_ws/install/control_msgs/share/control_msgs/msg/JointComponentTolerance.idl
[1.687s] -- Up-to-date: /home/kortex_ws/install/control_msgs/share/control_msgs/msg/JointControllerState.idl
[1.687s] -- Up-to-date: /home/kortex_ws/install/control_msgs/share/control_msgs/msg/JointJog.idl
[1.687s] -- Up-to-date: /home/kortex_ws/install/control_msgs/share/control_msgs/msg/JointTolerance.idl
[1.687s] -- Up-to-date: /home/kortex_ws/install/control_msgs/share/control_msgs/msg/JointTrajectoryControllerState.idl
[1.687s] -- Up-to-date: /home/kortex_ws/install/control_msgs/share/control_msgs/msg/MecanumDriveControllerState.idl
[1.687s] -- Up-to-date: /home/kortex_ws/install/control_msgs/share/control_msgs/msg/MultiDOFCommand.idl
[1.687s] -- Up-to-date: /home/kortex_ws/install/control_msgs/share/control_msgs/msg/MultiDOFStateStamped.idl
[1.687s] -- Up-to-date: /home/kortex_ws/install/control_msgs/share/control_msgs/msg/PidState.idl
[1.687s] -- Up-to-date: /home/kortex_ws/install/control_msgs/share/control_msgs/msg/SingleDOFState.idl
[1.687s] -- Up-to-date: /home/kortex_ws/install/control_msgs/share/control_msgs/msg/SingleDOFStateStamped.idl
[1.687s] -- Up-to-date: /home/kortex_ws/install/control_msgs/share/control_msgs/msg/SteeringControllerStatus.idl
[1.687s] -- Up-to-date: /home/kortex_ws/install/control_msgs/share/control_msgs/srv/QueryCalibrationState.idl
[1.687s] -- Up-to-date: /home/kortex_ws/install/control_msgs/share/control_msgs/srv/QueryTrajectoryState.idl
[1.687s] -- Up-to-date: /home/kortex_ws/install/control_msgs/share/control_msgs/action/ParallelGripperCommand.action
[1.687s] -- Up-to-date: /home/kortex_ws/install/control_msgs/share/control_msgs/action/FollowJointTrajectory.action
[1.688s] -- Up-to-date: /home/kortex_ws/install/control_msgs/share/control_msgs/action/GripperCommand.action
[1.688s] -- Up-to-date: /home/kortex_ws/install/control_msgs/share/control_msgs/action/JointTrajectory.action
[1.688s] -- Up-to-date: /home/kortex_ws/install/control_msgs/share/control_msgs/action/PointHead.action
[1.688s] -- Up-to-date: /home/kortex_ws/install/control_msgs/share/control_msgs/action/SingleJointPosition.action
[1.688s] -- Up-to-date: /home/kortex_ws/install/control_msgs/share/control_msgs/msg/AdmittanceControllerState.msg
[1.688s] -- Up-to-date: /home/kortex_ws/install/control_msgs/share/control_msgs/msg/DynamicJointState.msg
[1.688s] -- Up-to-date: /home/kortex_ws/install/control_msgs/share/control_msgs/msg/GripperCommand.msg
[1.688s] -- Up-to-date: /home/kortex_ws/install/control_msgs/share/control_msgs/msg/InterfaceValue.msg
[1.688s] -- Up-to-date: /home/kortex_ws/install/control_msgs/share/control_msgs/msg/JointComponentTolerance.msg
[1.688s] -- Up-to-date: /home/kortex_ws/install/control_msgs/share/control_msgs/msg/JointControllerState.msg
[1.688s] -- Up-to-date: /home/kortex_ws/install/control_msgs/share/control_msgs/msg/JointJog.msg
[1.688s] -- Up-to-date: /home/kortex_ws/install/control_msgs/share/control_msgs/msg/JointTolerance.msg
[1.688s] -- Up-to-date: /home/kortex_ws/install/control_msgs/share/control_msgs/msg/JointTrajectoryControllerState.msg
[1.689s] -- Up-to-date: /home/kortex_ws/install/control_msgs/share/control_msgs/msg/MecanumDriveControllerState.msg
[1.689s] -- Up-to-date: /home/kortex_ws/install/control_msgs/share/control_msgs/msg/MultiDOFCommand.msg
[1.689s] -- Up-to-date: /home/kortex_ws/install/control_msgs/share/control_msgs/msg/MultiDOFStateStamped.msg
[1.689s] -- Up-to-date: /home/kortex_ws/install/control_msgs/share/control_msgs/msg/PidState.msg
[1.689s] -- Up-to-date: /home/kortex_ws/install/control_msgs/share/control_msgs/msg/SingleDOFState.msg
[1.689s] -- Up-to-date: /home/kortex_ws/install/control_msgs/share/control_msgs/msg/SingleDOFStateStamped.msg
[1.689s] -- Up-to-date: /home/kortex_ws/install/control_msgs/share/control_msgs/msg/SteeringControllerStatus.msg
[1.689s] -- Up-to-date: /home/kortex_ws/install/control_msgs/share/control_msgs/srv/QueryCalibrationState.srv
[1.689s] -- Up-to-date: /home/kortex_ws/install/control_msgs/share/control_msgs/srv/QueryCalibrationState_Request.msg
[1.689s] -- Up-to-date: /home/kortex_ws/install/control_msgs/share/control_msgs/srv/QueryCalibrationState_Response.msg
[1.689s] -- Up-to-date: /home/kortex_ws/install/control_msgs/share/control_msgs/srv/QueryTrajectoryState.srv
[1.689s] -- Up-to-date: /home/kortex_ws/install/control_msgs/share/control_msgs/srv/QueryTrajectoryState_Request.msg
[1.689s] -- Up-to-date: /home/kortex_ws/install/control_msgs/share/control_msgs/srv/QueryTrajectoryState_Response.msg
[1.689s] -- Up-to-date: /home/kortex_ws/install/control_msgs/share/ament_index/resource_index/package_run_dependencies/control_msgs
[1.689s] -- Up-to-date: /home/kortex_ws/install/control_msgs/share/ament_index/resource_index/parent_prefix_path/control_msgs
[1.690s] -- Up-to-date: /home/kortex_ws/install/control_msgs/share/control_msgs/environment/ament_prefix_path.sh
[1.690s] -- Up-to-date: /home/kortex_ws/install/control_msgs/share/control_msgs/environment/ament_prefix_path.dsv
[1.690s] -- Up-to-date: /home/kortex_ws/install/control_msgs/share/control_msgs/environment/path.sh
[1.690s] -- Up-to-date: /home/kortex_ws/install/control_msgs/share/control_msgs/environment/path.dsv
[1.690s] -- Up-to-date: /home/kortex_ws/install/control_msgs/share/control_msgs/local_setup.bash
[1.690s] -- Up-to-date: /home/kortex_ws/install/control_msgs/share/control_msgs/local_setup.sh
[1.690s] -- Up-to-date: /home/kortex_ws/install/control_msgs/share/control_msgs/local_setup.zsh
[1.690s] -- Up-to-date: /home/kortex_ws/install/control_msgs/share/control_msgs/local_setup.dsv
[1.690s] -- Installing: /home/kortex_ws/install/control_msgs/share/control_msgs/package.dsv
[1.690s] -- Up-to-date: /home/kortex_ws/install/control_msgs/share/ament_index/resource_index/packages/control_msgs
[1.690s] -- Up-to-date: /home/kortex_ws/install/control_msgs/share/control_msgs/cmake/export_control_msgs__rosidl_generator_cExport.cmake
[1.690s] -- Up-to-date: /home/kortex_ws/install/control_msgs/share/control_msgs/cmake/export_control_msgs__rosidl_generator_cExport-release.cmake
[1.690s] -- Up-to-date: /home/kortex_ws/install/control_msgs/share/control_msgs/cmake/export_control_msgs__rosidl_typesupport_fastrtps_cExport.cmake
[1.690s] -- Up-to-date: /home/kortex_ws/install/control_msgs/share/control_msgs/cmake/export_control_msgs__rosidl_typesupport_fastrtps_cExport-release.cmake
[1.690s] -- Up-to-date: /home/kortex_ws/install/control_msgs/share/control_msgs/cmake/export_control_msgs__rosidl_generator_cppExport.cmake
[1.690s] -- Up-to-date: /home/kortex_ws/install/control_msgs/share/control_msgs/cmake/export_control_msgs__rosidl_typesupport_fastrtps_cppExport.cmake
[1.690s] -- Up-to-date: /home/kortex_ws/install/control_msgs/share/control_msgs/cmake/export_control_msgs__rosidl_typesupport_fastrtps_cppExport-release.cmake
[1.691s] -- Up-to-date: /home/kortex_ws/install/control_msgs/share/control_msgs/cmake/control_msgs__rosidl_typesupport_introspection_cExport.cmake
[1.691s] -- Up-to-date: /home/kortex_ws/install/control_msgs/share/control_msgs/cmake/control_msgs__rosidl_typesupport_introspection_cExport-release.cmake
[1.691s] -- Up-to-date: /home/kortex_ws/install/control_msgs/share/control_msgs/cmake/control_msgs__rosidl_typesupport_cExport.cmake
[1.691s] -- Up-to-date: /home/kortex_ws/install/control_msgs/share/control_msgs/cmake/control_msgs__rosidl_typesupport_cExport-release.cmake
[1.691s] -- Up-to-date: /home/kortex_ws/install/control_msgs/share/control_msgs/cmake/control_msgs__rosidl_typesupport_introspection_cppExport.cmake
[1.691s] -- Up-to-date: /home/kortex_ws/install/control_msgs/share/control_msgs/cmake/control_msgs__rosidl_typesupport_introspection_cppExport-release.cmake
[1.691s] -- Up-to-date: /home/kortex_ws/install/control_msgs/share/control_msgs/cmake/control_msgs__rosidl_typesupport_cppExport.cmake
[1.691s] -- Up-to-date: /home/kortex_ws/install/control_msgs/share/control_msgs/cmake/control_msgs__rosidl_typesupport_cppExport-release.cmake
[1.691s] -- Up-to-date: /home/kortex_ws/install/control_msgs/share/control_msgs/cmake/export_control_msgs__rosidl_generator_pyExport.cmake
[1.691s] -- Up-to-date: /home/kortex_ws/install/control_msgs/share/control_msgs/cmake/export_control_msgs__rosidl_generator_pyExport-release.cmake
[1.691s] -- Up-to-date: /home/kortex_ws/install/control_msgs/share/control_msgs/cmake/rosidl_cmake-extras.cmake
[1.692s] -- Up-to-date: /home/kortex_ws/install/control_msgs/share/control_msgs/cmake/ament_cmake_export_dependencies-extras.cmake
[1.692s] -- Up-to-date: /home/kortex_ws/install/control_msgs/share/control_msgs/cmake/ament_cmake_export_include_directories-extras.cmake
[1.692s] -- Up-to-date: /home/kortex_ws/install/control_msgs/share/control_msgs/cmake/ament_cmake_export_libraries-extras.cmake
[1.692s] -- Up-to-date: /home/kortex_ws/install/control_msgs/share/control_msgs/cmake/ament_cmake_export_targets-extras.cmake
[1.692s] -- Up-to-date: /home/kortex_ws/install/control_msgs/share/control_msgs/cmake/rosidl_cmake_export_typesupport_targets-extras.cmake
[1.692s] -- Up-to-date: /home/kortex_ws/install/control_msgs/share/control_msgs/cmake/rosidl_cmake_export_typesupport_libraries-extras.cmake
[1.692s] -- Up-to-date: /home/kortex_ws/install/control_msgs/share/control_msgs/cmake/control_msgsConfig.cmake
[1.692s] -- Up-to-date: /home/kortex_ws/install/control_msgs/share/control_msgs/cmake/control_msgsConfig-version.cmake
[1.692s] -- Up-to-date: /home/kortex_ws/install/control_msgs/share/control_msgs/package.xml
[1.695s] Invoked command in '/home/kortex_ws/build/control_msgs' returned '0': CMAKE_PREFIX_PATH=${CMAKE_PREFIX_PATH}:/home/kortex_ws/install/rqt_joint_trajectory_controller:/home/kortex_ws/install/rqt_controller_manager:/home/kortex_ws/install/ros2controlcli:/home/kortex_ws/install/ros2_controllers_test_nodes:/opt/ros/humble /usr/bin/cmake --install /home/kortex_ws/build/control_msgs
