[0.012s] Invoking command in '/home/humble_ws/build/antworker_moveit_description': AMENT_PREFIX_PATH=/home/humble_ws/install/antworker_description:/home/humble_ws/install/realsense_bringup:/home/humble_ws/install/antworker_navigation:/home/humble_ws/install/antworker_moveit_description:/home/humble_ws/install/antworker_moveit_bringup:/home/humble_ws/install/antworker_isaacsim_world:/opt/ros/humble CMAKE_PREFIX_PATH=${CMAKE_PREFIX_PATH}:/home/humble_ws/install/realsense_bringup:/home/humble_ws/install/antworker_navigation:/home/humble_ws/install/antworker_moveit_bringup:/home/humble_ws/install/antworker_isaacsim_world:/home/humble_ws/install/antworker_description:/opt/ros/humble PYTHONPATH=/home/humble_ws/install/antworker_description/lib/python3.10/site-packages:/home/humble_ws/install/realsense_bringup/lib/python3.10/site-packages:/home/humble_ws/install/antworker_navigation/lib/python3.10/site-packages:/home/humble_ws/install/antworker_moveit_bringup/lib/python3.10/site-packages:/home/humble_ws/install/antworker_isaacsim_world/lib/python3.10/site-packages:/opt/ros/humble/lib/python3.10/site-packages:/opt/ros/humble/local/lib/python3.10/dist-packages /usr/bin/cmake /home/humble_ws/src/antworker_moveit_description -DCMAKE_INSTALL_PREFIX=/home/humble_ws/install/antworker_moveit_description
[0.118s] -- The C compiler identification is GNU 11.4.0
[0.204s] -- The CXX compiler identification is GNU 11.4.0
[0.214s] -- Detecting C compiler ABI info
[0.297s] -- Detecting C compiler ABI info - done
[0.303s] -- Check for working C compiler: /usr/bin/cc - skipped
[0.303s] -- Detecting C compile features
[0.304s] -- Detecting C compile features - done
[0.307s] -- Detecting CXX compiler ABI info
[0.390s] -- Detecting CXX compiler ABI info - done
[0.397s] -- Check for working CXX compiler: /usr/bin/c++ - skipped
[0.397s] -- Detecting CXX compile features
[0.398s] -- Detecting CXX compile features - done
[0.408s] -- Found ament_cmake: 1.3.8 (/opt/ros/humble/share/ament_cmake/cmake)
[0.538s] -- Found Python3: /usr/bin/python3 (found version "3.10.12") found components: Interpreter 
[0.710s] -- Configuring done
[0.713s] -- Generating done
[0.714s] -- Build files have been written to: /home/humble_ws/build/antworker_moveit_description
[0.719s] Invoked command in '/home/humble_ws/build/antworker_moveit_description' returned '0': AMENT_PREFIX_PATH=/home/humble_ws/install/antworker_description:/home/humble_ws/install/realsense_bringup:/home/humble_ws/install/antworker_navigation:/home/humble_ws/install/antworker_moveit_description:/home/humble_ws/install/antworker_moveit_bringup:/home/humble_ws/install/antworker_isaacsim_world:/opt/ros/humble CMAKE_PREFIX_PATH=${CMAKE_PREFIX_PATH}:/home/humble_ws/install/realsense_bringup:/home/humble_ws/install/antworker_navigation:/home/humble_ws/install/antworker_moveit_bringup:/home/humble_ws/install/antworker_isaacsim_world:/home/humble_ws/install/antworker_description:/opt/ros/humble PYTHONPATH=/home/humble_ws/install/antworker_description/lib/python3.10/site-packages:/home/humble_ws/install/realsense_bringup/lib/python3.10/site-packages:/home/humble_ws/install/antworker_navigation/lib/python3.10/site-packages:/home/humble_ws/install/antworker_moveit_bringup/lib/python3.10/site-packages:/home/humble_ws/install/antworker_isaacsim_world/lib/python3.10/site-packages:/opt/ros/humble/lib/python3.10/site-packages:/opt/ros/humble/local/lib/python3.10/dist-packages /usr/bin/cmake /home/humble_ws/src/antworker_moveit_description -DCMAKE_INSTALL_PREFIX=/home/humble_ws/install/antworker_moveit_description
[0.721s] Invoking command in '/home/humble_ws/build/antworker_moveit_description': AMENT_PREFIX_PATH=/home/humble_ws/install/antworker_description:/home/humble_ws/install/realsense_bringup:/home/humble_ws/install/antworker_navigation:/home/humble_ws/install/antworker_moveit_description:/home/humble_ws/install/antworker_moveit_bringup:/home/humble_ws/install/antworker_isaacsim_world:/opt/ros/humble CMAKE_PREFIX_PATH=${CMAKE_PREFIX_PATH}:/home/humble_ws/install/realsense_bringup:/home/humble_ws/install/antworker_navigation:/home/humble_ws/install/antworker_moveit_bringup:/home/humble_ws/install/antworker_isaacsim_world:/home/humble_ws/install/antworker_description:/opt/ros/humble PYTHONPATH=/home/humble_ws/install/antworker_description/lib/python3.10/site-packages:/home/humble_ws/install/realsense_bringup/lib/python3.10/site-packages:/home/humble_ws/install/antworker_navigation/lib/python3.10/site-packages:/home/humble_ws/install/antworker_moveit_bringup/lib/python3.10/site-packages:/home/humble_ws/install/antworker_isaacsim_world/lib/python3.10/site-packages:/opt/ros/humble/lib/python3.10/site-packages:/opt/ros/humble/local/lib/python3.10/dist-packages /usr/bin/cmake --build /home/humble_ws/build/antworker_moveit_description -- -j16 -l16
[0.762s] Invoked command in '/home/humble_ws/build/antworker_moveit_description' returned '0': AMENT_PREFIX_PATH=/home/humble_ws/install/antworker_description:/home/humble_ws/install/realsense_bringup:/home/humble_ws/install/antworker_navigation:/home/humble_ws/install/antworker_moveit_description:/home/humble_ws/install/antworker_moveit_bringup:/home/humble_ws/install/antworker_isaacsim_world:/opt/ros/humble CMAKE_PREFIX_PATH=${CMAKE_PREFIX_PATH}:/home/humble_ws/install/realsense_bringup:/home/humble_ws/install/antworker_navigation:/home/humble_ws/install/antworker_moveit_bringup:/home/humble_ws/install/antworker_isaacsim_world:/home/humble_ws/install/antworker_description:/opt/ros/humble PYTHONPATH=/home/humble_ws/install/antworker_description/lib/python3.10/site-packages:/home/humble_ws/install/realsense_bringup/lib/python3.10/site-packages:/home/humble_ws/install/antworker_navigation/lib/python3.10/site-packages:/home/humble_ws/install/antworker_moveit_bringup/lib/python3.10/site-packages:/home/humble_ws/install/antworker_isaacsim_world/lib/python3.10/site-packages:/opt/ros/humble/lib/python3.10/site-packages:/opt/ros/humble/local/lib/python3.10/dist-packages /usr/bin/cmake --build /home/humble_ws/build/antworker_moveit_description -- -j16 -l16
[0.797s] Invoking command in '/home/humble_ws/build/antworker_moveit_description': AMENT_PREFIX_PATH=/home/humble_ws/install/antworker_description:/home/humble_ws/install/realsense_bringup:/home/humble_ws/install/antworker_navigation:/home/humble_ws/install/antworker_moveit_description:/home/humble_ws/install/antworker_moveit_bringup:/home/humble_ws/install/antworker_isaacsim_world:/opt/ros/humble CMAKE_PREFIX_PATH=${CMAKE_PREFIX_PATH}:/home/humble_ws/install/realsense_bringup:/home/humble_ws/install/antworker_navigation:/home/humble_ws/install/antworker_moveit_bringup:/home/humble_ws/install/antworker_isaacsim_world:/home/humble_ws/install/antworker_description:/opt/ros/humble PYTHONPATH=/home/humble_ws/install/antworker_description/lib/python3.10/site-packages:/home/humble_ws/install/realsense_bringup/lib/python3.10/site-packages:/home/humble_ws/install/antworker_navigation/lib/python3.10/site-packages:/home/humble_ws/install/antworker_moveit_bringup/lib/python3.10/site-packages:/home/humble_ws/install/antworker_isaacsim_world/lib/python3.10/site-packages:/opt/ros/humble/lib/python3.10/site-packages:/opt/ros/humble/local/lib/python3.10/dist-packages /usr/bin/cmake --install /home/humble_ws/build/antworker_moveit_description
[0.804s] -- Install configuration: ""
[0.805s] -- Installing: /home/humble_ws/install/antworker_moveit_description/share/ament_index/resource_index/package_run_dependencies/antworker_moveit_description
[0.805s] -- Installing: /home/humble_ws/install/antworker_moveit_description/share/ament_index/resource_index/parent_prefix_path/antworker_moveit_description
[0.805s] -- Installing: /home/humble_ws/install/antworker_moveit_description/share/antworker_moveit_description/environment/ament_prefix_path.sh
[0.805s] -- Installing: /home/humble_ws/install/antworker_moveit_description/share/antworker_moveit_description/environment/ament_prefix_path.dsv
[0.805s] -- Installing: /home/humble_ws/install/antworker_moveit_description/share/antworker_moveit_description/environment/path.sh
[0.806s] -- Installing: /home/humble_ws/install/antworker_moveit_description/share/antworker_moveit_description/environment/path.dsv
[0.806s] -- Installing: /home/humble_ws/install/antworker_moveit_description/share/antworker_moveit_description/local_setup.bash
[0.806s] -- Installing: /home/humble_ws/install/antworker_moveit_description/share/antworker_moveit_description/local_setup.sh
[0.806s] -- Installing: /home/humble_ws/install/antworker_moveit_description/share/antworker_moveit_description/local_setup.zsh
[0.806s] -- Installing: /home/humble_ws/install/antworker_moveit_description/share/antworker_moveit_description/local_setup.dsv
[0.806s] -- Installing: /home/humble_ws/install/antworker_moveit_description/share/antworker_moveit_description/package.dsv
[0.807s] -- Installing: /home/humble_ws/install/antworker_moveit_description/share/ament_index/resource_index/packages/antworker_moveit_description
[0.807s] -- Installing: /home/humble_ws/install/antworker_moveit_description/share/antworker_moveit_description/cmake/antworker_moveit_descriptionConfig.cmake
[0.807s] -- Installing: /home/humble_ws/install/antworker_moveit_description/share/antworker_moveit_description/cmake/antworker_moveit_descriptionConfig-version.cmake
[0.807s] -- Installing: /home/humble_ws/install/antworker_moveit_description/share/antworker_moveit_description/package.xml
[0.807s] -- Installing: /home/humble_ws/install/antworker_moveit_description/share/antworker_moveit_description/launch
[0.807s] -- Installing: /home/humble_ws/install/antworker_moveit_description/share/antworker_moveit_description/launch/demo.launch.py
[0.808s] -- Installing: /home/humble_ws/install/antworker_moveit_description/share/antworker_moveit_description/launch/setup_assistant.launch.py
[0.808s] -- Installing: /home/humble_ws/install/antworker_moveit_description/share/antworker_moveit_description/launch/move_group.launch.py
[0.808s] -- Installing: /home/humble_ws/install/antworker_moveit_description/share/antworker_moveit_description/launch/__pycache__
[0.808s] -- Installing: /home/humble_ws/install/antworker_moveit_description/share/antworker_moveit_description/launch/__pycache__/demo.launch.cpython-310.pyc
[0.808s] -- Installing: /home/humble_ws/install/antworker_moveit_description/share/antworker_moveit_description/launch/__pycache__/move_group.launch.cpython-310.pyc
[0.808s] -- Installing: /home/humble_ws/install/antworker_moveit_description/share/antworker_moveit_description/launch/warehouse_db.launch.py
[0.808s] -- Installing: /home/humble_ws/install/antworker_moveit_description/share/antworker_moveit_description/launch/static_virtual_joint_tfs.launch.py
[0.808s] -- Installing: /home/humble_ws/install/antworker_moveit_description/share/antworker_moveit_description/launch/spawn_controllers.launch.py
[0.809s] -- Installing: /home/humble_ws/install/antworker_moveit_description/share/antworker_moveit_description/launch/rsp.launch.py
[0.809s] -- Installing: /home/humble_ws/install/antworker_moveit_description/share/antworker_moveit_description/launch/moveit_rviz.launch.py
[0.809s] -- Installing: /home/humble_ws/install/antworker_moveit_description/share/antworker_moveit_description/config
[0.809s] -- Installing: /home/humble_ws/install/antworker_moveit_description/share/antworker_moveit_description/config/antworker.srdf
[0.809s] -- Installing: /home/humble_ws/install/antworker_moveit_description/share/antworker_moveit_description/config/antworker.ros2_control.xacro
[0.809s] -- Installing: /home/humble_ws/install/antworker_moveit_description/share/antworker_moveit_description/config/joint_limits.yaml
[0.809s] -- Installing: /home/humble_ws/install/antworker_moveit_description/share/antworker_moveit_description/config/ros2_controllers.yaml
[0.809s] -- Installing: /home/humble_ws/install/antworker_moveit_description/share/antworker_moveit_description/config/pilz_cartesian_limits.yaml
[0.810s] -- Installing: /home/humble_ws/install/antworker_moveit_description/share/antworker_moveit_description/config/not_sensors_3d.yaml
[0.810s] -- Installing: /home/humble_ws/install/antworker_moveit_description/share/antworker_moveit_description/config/moveit.rviz
[0.810s] -- Installing: /home/humble_ws/install/antworker_moveit_description/share/antworker_moveit_description/config/kinematics.yaml
[0.810s] -- Installing: /home/humble_ws/install/antworker_moveit_description/share/antworker_moveit_description/config/initial_positions.yaml
[0.810s] -- Installing: /home/humble_ws/install/antworker_moveit_description/share/antworker_moveit_description/config/antworker.urdf.xacro
[0.810s] -- Installing: /home/humble_ws/install/antworker_moveit_description/share/antworker_moveit_description/config/moveit_controllers.yaml
[0.811s] -- Installing: /home/humble_ws/install/antworker_moveit_description/share/antworker_moveit_description/.setup_assistant
[0.813s] Invoked command in '/home/humble_ws/build/antworker_moveit_description' returned '0': AMENT_PREFIX_PATH=/home/humble_ws/install/antworker_description:/home/humble_ws/install/realsense_bringup:/home/humble_ws/install/antworker_navigation:/home/humble_ws/install/antworker_moveit_description:/home/humble_ws/install/antworker_moveit_bringup:/home/humble_ws/install/antworker_isaacsim_world:/opt/ros/humble CMAKE_PREFIX_PATH=${CMAKE_PREFIX_PATH}:/home/humble_ws/install/realsense_bringup:/home/humble_ws/install/antworker_navigation:/home/humble_ws/install/antworker_moveit_bringup:/home/humble_ws/install/antworker_isaacsim_world:/home/humble_ws/install/antworker_description:/opt/ros/humble PYTHONPATH=/home/humble_ws/install/antworker_description/lib/python3.10/site-packages:/home/humble_ws/install/realsense_bringup/lib/python3.10/site-packages:/home/humble_ws/install/antworker_navigation/lib/python3.10/site-packages:/home/humble_ws/install/antworker_moveit_bringup/lib/python3.10/site-packages:/home/humble_ws/install/antworker_isaacsim_world/lib/python3.10/site-packages:/opt/ros/humble/lib/python3.10/site-packages:/opt/ros/humble/local/lib/python3.10/dist-packages /usr/bin/cmake --install /home/humble_ws/build/antworker_moveit_description
