[0.012s] Invoking command in '/home/humble_ws/build/antworker_moveit_description': AMENT_PREFIX_PATH=/home/humble_ws/install/antworker_description:/home/humble_ws/install/realsense_bringup:/home/humble_ws/install/antworker_navigation:/home/humble_ws/install/antworker_moveit_description:/home/humble_ws/install/antworker_moveit_bringup:/home/humble_ws/install/antworker_isaacsim_world:/opt/ros/humble CMAKE_PREFIX_PATH=${CMAKE_PREFIX_PATH}:/home/humble_ws/install/realsense_bringup:/home/humble_ws/install/antworker_navigation:/home/humble_ws/install/antworker_moveit_bringup:/home/humble_ws/install/antworker_isaacsim_world:/home/humble_ws/install/antworker_description:/opt/ros/humble PYTHONPATH=/home/humble_ws/install/antworker_description/lib/python3.10/site-packages:/home/humble_ws/install/realsense_bringup/lib/python3.10/site-packages:/home/humble_ws/install/antworker_navigation/lib/python3.10/site-packages:/home/humble_ws/install/antworker_moveit_bringup/lib/python3.10/site-packages:/home/humble_ws/install/antworker_isaacsim_world/lib/python3.10/site-packages:/opt/ros/humble/lib/python3.10/site-packages:/opt/ros/humble/local/lib/python3.10/dist-packages /usr/bin/cmake --build /home/humble_ws/build/antworker_moveit_description -- -j16 -l16
[0.053s] Invoked command in '/home/humble_ws/build/antworker_moveit_description' returned '0': AMENT_PREFIX_PATH=/home/humble_ws/install/antworker_description:/home/humble_ws/install/realsense_bringup:/home/humble_ws/install/antworker_navigation:/home/humble_ws/install/antworker_moveit_description:/home/humble_ws/install/antworker_moveit_bringup:/home/humble_ws/install/antworker_isaacsim_world:/opt/ros/humble CMAKE_PREFIX_PATH=${CMAKE_PREFIX_PATH}:/home/humble_ws/install/realsense_bringup:/home/humble_ws/install/antworker_navigation:/home/humble_ws/install/antworker_moveit_bringup:/home/humble_ws/install/antworker_isaacsim_world:/home/humble_ws/install/antworker_description:/opt/ros/humble PYTHONPATH=/home/humble_ws/install/antworker_description/lib/python3.10/site-packages:/home/humble_ws/install/realsense_bringup/lib/python3.10/site-packages:/home/humble_ws/install/antworker_navigation/lib/python3.10/site-packages:/home/humble_ws/install/antworker_moveit_bringup/lib/python3.10/site-packages:/home/humble_ws/install/antworker_isaacsim_world/lib/python3.10/site-packages:/opt/ros/humble/lib/python3.10/site-packages:/opt/ros/humble/local/lib/python3.10/dist-packages /usr/bin/cmake --build /home/humble_ws/build/antworker_moveit_description -- -j16 -l16
[0.086s] Invoking command in '/home/humble_ws/build/antworker_moveit_description': AMENT_PREFIX_PATH=/home/humble_ws/install/antworker_description:/home/humble_ws/install/realsense_bringup:/home/humble_ws/install/antworker_navigation:/home/humble_ws/install/antworker_moveit_description:/home/humble_ws/install/antworker_moveit_bringup:/home/humble_ws/install/antworker_isaacsim_world:/opt/ros/humble CMAKE_PREFIX_PATH=${CMAKE_PREFIX_PATH}:/home/humble_ws/install/realsense_bringup:/home/humble_ws/install/antworker_navigation:/home/humble_ws/install/antworker_moveit_bringup:/home/humble_ws/install/antworker_isaacsim_world:/home/humble_ws/install/antworker_description:/opt/ros/humble PYTHONPATH=/home/humble_ws/install/antworker_description/lib/python3.10/site-packages:/home/humble_ws/install/realsense_bringup/lib/python3.10/site-packages:/home/humble_ws/install/antworker_navigation/lib/python3.10/site-packages:/home/humble_ws/install/antworker_moveit_bringup/lib/python3.10/site-packages:/home/humble_ws/install/antworker_isaacsim_world/lib/python3.10/site-packages:/opt/ros/humble/lib/python3.10/site-packages:/opt/ros/humble/local/lib/python3.10/dist-packages /usr/bin/cmake --install /home/humble_ws/build/antworker_moveit_description
[0.094s] -- Install configuration: ""
[0.094s] -- Up-to-date: /home/humble_ws/install/antworker_moveit_description/share/ament_index/resource_index/package_run_dependencies/antworker_moveit_description
[0.094s] -- Up-to-date: /home/humble_ws/install/antworker_moveit_description/share/ament_index/resource_index/parent_prefix_path/antworker_moveit_description
[0.094s] -- Up-to-date: /home/humble_ws/install/antworker_moveit_description/share/antworker_moveit_description/environment/ament_prefix_path.sh
[0.094s] -- Up-to-date: /home/humble_ws/install/antworker_moveit_description/share/antworker_moveit_description/environment/ament_prefix_path.dsv
[0.094s] -- Up-to-date: /home/humble_ws/install/antworker_moveit_description/share/antworker_moveit_description/environment/path.sh
[0.094s] -- Up-to-date: /home/humble_ws/install/antworker_moveit_description/share/antworker_moveit_description/environment/path.dsv
[0.094s] -- Up-to-date: /home/humble_ws/install/antworker_moveit_description/share/antworker_moveit_description/local_setup.bash
[0.094s] -- Up-to-date: /home/humble_ws/install/antworker_moveit_description/share/antworker_moveit_description/local_setup.sh
[0.095s] -- Up-to-date: /home/humble_ws/install/antworker_moveit_description/share/antworker_moveit_description/local_setup.zsh
[0.095s] -- Up-to-date: /home/humble_ws/install/antworker_moveit_description/share/antworker_moveit_description/local_setup.dsv
[0.095s] -- Installing: /home/humble_ws/install/antworker_moveit_description/share/antworker_moveit_description/package.dsv
[0.095s] -- Up-to-date: /home/humble_ws/install/antworker_moveit_description/share/ament_index/resource_index/packages/antworker_moveit_description
[0.095s] -- Up-to-date: /home/humble_ws/install/antworker_moveit_description/share/antworker_moveit_description/cmake/antworker_moveit_descriptionConfig.cmake
[0.095s] -- Up-to-date: /home/humble_ws/install/antworker_moveit_description/share/antworker_moveit_description/cmake/antworker_moveit_descriptionConfig-version.cmake
[0.095s] -- Up-to-date: /home/humble_ws/install/antworker_moveit_description/share/antworker_moveit_description/package.xml
[0.095s] -- Up-to-date: /home/humble_ws/install/antworker_moveit_description/share/antworker_moveit_description/launch
[0.095s] -- Up-to-date: /home/humble_ws/install/antworker_moveit_description/share/antworker_moveit_description/launch/demo.launch.py
[0.095s] -- Up-to-date: /home/humble_ws/install/antworker_moveit_description/share/antworker_moveit_description/launch/setup_assistant.launch.py
[0.095s] -- Up-to-date: /home/humble_ws/install/antworker_moveit_description/share/antworker_moveit_description/launch/move_group.launch.py
[0.095s] -- Up-to-date: /home/humble_ws/install/antworker_moveit_description/share/antworker_moveit_description/launch/__pycache__
[0.095s] -- Up-to-date: /home/humble_ws/install/antworker_moveit_description/share/antworker_moveit_description/launch/__pycache__/demo.launch.cpython-310.pyc
[0.095s] -- Up-to-date: /home/humble_ws/install/antworker_moveit_description/share/antworker_moveit_description/launch/__pycache__/move_group.launch.cpython-310.pyc
[0.096s] -- Up-to-date: /home/humble_ws/install/antworker_moveit_description/share/antworker_moveit_description/launch/warehouse_db.launch.py
[0.096s] -- Up-to-date: /home/humble_ws/install/antworker_moveit_description/share/antworker_moveit_description/launch/static_virtual_joint_tfs.launch.py
[0.096s] -- Up-to-date: /home/humble_ws/install/antworker_moveit_description/share/antworker_moveit_description/launch/spawn_controllers.launch.py
[0.096s] -- Up-to-date: /home/humble_ws/install/antworker_moveit_description/share/antworker_moveit_description/launch/rsp.launch.py
[0.096s] -- Up-to-date: /home/humble_ws/install/antworker_moveit_description/share/antworker_moveit_description/launch/moveit_rviz.launch.py
[0.096s] -- Up-to-date: /home/humble_ws/install/antworker_moveit_description/share/antworker_moveit_description/config
[0.096s] -- Up-to-date: /home/humble_ws/install/antworker_moveit_description/share/antworker_moveit_description/config/antworker.srdf
[0.096s] -- Up-to-date: /home/humble_ws/install/antworker_moveit_description/share/antworker_moveit_description/config/antworker.ros2_control.xacro
[0.096s] -- Up-to-date: /home/humble_ws/install/antworker_moveit_description/share/antworker_moveit_description/config/joint_limits.yaml
[0.096s] -- Installing: /home/humble_ws/install/antworker_moveit_description/share/antworker_moveit_description/config/ros2_controllers.yaml
[0.096s] -- Up-to-date: /home/humble_ws/install/antworker_moveit_description/share/antworker_moveit_description/config/pilz_cartesian_limits.yaml
[0.096s] -- Up-to-date: /home/humble_ws/install/antworker_moveit_description/share/antworker_moveit_description/config/not_sensors_3d.yaml
[0.096s] -- Up-to-date: /home/humble_ws/install/antworker_moveit_description/share/antworker_moveit_description/config/moveit.rviz
[0.096s] -- Up-to-date: /home/humble_ws/install/antworker_moveit_description/share/antworker_moveit_description/config/kinematics.yaml
[0.096s] -- Up-to-date: /home/humble_ws/install/antworker_moveit_description/share/antworker_moveit_description/config/initial_positions.yaml
[0.096s] -- Up-to-date: /home/humble_ws/install/antworker_moveit_description/share/antworker_moveit_description/config/antworker.urdf.xacro
[0.096s] -- Up-to-date: /home/humble_ws/install/antworker_moveit_description/share/antworker_moveit_description/config/moveit_controllers.yaml
[0.097s] -- Up-to-date: /home/humble_ws/install/antworker_moveit_description/share/antworker_moveit_description/.setup_assistant
[0.097s] Invoked command in '/home/humble_ws/build/antworker_moveit_description' returned '0': AMENT_PREFIX_PATH=/home/humble_ws/install/antworker_description:/home/humble_ws/install/realsense_bringup:/home/humble_ws/install/antworker_navigation:/home/humble_ws/install/antworker_moveit_description:/home/humble_ws/install/antworker_moveit_bringup:/home/humble_ws/install/antworker_isaacsim_world:/opt/ros/humble CMAKE_PREFIX_PATH=${CMAKE_PREFIX_PATH}:/home/humble_ws/install/realsense_bringup:/home/humble_ws/install/antworker_navigation:/home/humble_ws/install/antworker_moveit_bringup:/home/humble_ws/install/antworker_isaacsim_world:/home/humble_ws/install/antworker_description:/opt/ros/humble PYTHONPATH=/home/humble_ws/install/antworker_description/lib/python3.10/site-packages:/home/humble_ws/install/realsense_bringup/lib/python3.10/site-packages:/home/humble_ws/install/antworker_navigation/lib/python3.10/site-packages:/home/humble_ws/install/antworker_moveit_bringup/lib/python3.10/site-packages:/home/humble_ws/install/antworker_isaacsim_world/lib/python3.10/site-packages:/opt/ros/humble/lib/python3.10/site-packages:/opt/ros/humble/local/lib/python3.10/dist-packages /usr/bin/cmake --install /home/humble_ws/build/antworker_moveit_description
