[0.802s] Invoking command in '/home/humble_ws/src/attempt_py_moveit': PYTHONPATH=/home/humble_ws/build/attempt_py_moveit/prefix_override:/home/humble_ws/install/attempt_py_moveit/lib/python3.10/site-packages:${PYTHONPATH} /usr/bin/python3 -W ignore:setup.py install is deprecated setup.py egg_info --egg-base ../../build/attempt_py_moveit build --build-base /home/humble_ws/build/attempt_py_moveit/build install --record /home/humble_ws/build/attempt_py_moveit/install.log --single-version-externally-managed install_data
[1.023s] running egg_info
[1.023s] creating ../../build/attempt_py_moveit/attempt_py_moveit.egg-info
[1.024s] writing ../../build/attempt_py_moveit/attempt_py_moveit.egg-info/PKG-INFO
[1.024s] writing dependency_links to ../../build/attempt_py_moveit/attempt_py_moveit.egg-info/dependency_links.txt
[1.024s] writing entry points to ../../build/attempt_py_moveit/attempt_py_moveit.egg-info/entry_points.txt
[1.024s] writing requirements to ../../build/attempt_py_moveit/attempt_py_moveit.egg-info/requires.txt
[1.024s] writing top-level names to ../../build/attempt_py_moveit/attempt_py_moveit.egg-info/top_level.txt
[1.024s] writing manifest file '../../build/attempt_py_moveit/attempt_py_moveit.egg-info/SOURCES.txt'
[1.026s] reading manifest file '../../build/attempt_py_moveit/attempt_py_moveit.egg-info/SOURCES.txt'
[1.027s] writing manifest file '../../build/attempt_py_moveit/attempt_py_moveit.egg-info/SOURCES.txt'
[1.027s] running build
[1.027s] running build_py
[1.027s] creating /home/humble_ws/build/attempt_py_moveit/build
[1.027s] creating /home/humble_ws/build/attempt_py_moveit/build/lib
[1.027s] creating /home/humble_ws/build/attempt_py_moveit/build/lib/attempt_py_moveit
[1.028s] copying attempt_py_moveit/ee_point_server.py -> /home/humble_ws/build/attempt_py_moveit/build/lib/attempt_py_moveit
[1.028s] copying attempt_py_moveit/trajectory_server.py -> /home/humble_ws/build/attempt_py_moveit/build/lib/attempt_py_moveit
[1.028s] copying attempt_py_moveit/__init__.py -> /home/humble_ws/build/attempt_py_moveit/build/lib/attempt_py_moveit
[1.028s] running install
[1.028s] running install_lib
[1.029s] creating /home/humble_ws/install/attempt_py_moveit/lib/python3.10/site-packages/attempt_py_moveit
[1.029s] copying /home/humble_ws/build/attempt_py_moveit/build/lib/attempt_py_moveit/ee_point_server.py -> /home/humble_ws/install/attempt_py_moveit/lib/python3.10/site-packages/attempt_py_moveit
[1.029s] copying /home/humble_ws/build/attempt_py_moveit/build/lib/attempt_py_moveit/trajectory_server.py -> /home/humble_ws/install/attempt_py_moveit/lib/python3.10/site-packages/attempt_py_moveit
[1.029s] copying /home/humble_ws/build/attempt_py_moveit/build/lib/attempt_py_moveit/__init__.py -> /home/humble_ws/install/attempt_py_moveit/lib/python3.10/site-packages/attempt_py_moveit
[1.030s] byte-compiling /home/humble_ws/install/attempt_py_moveit/lib/python3.10/site-packages/attempt_py_moveit/ee_point_server.py to ee_point_server.cpython-310.pyc
[1.030s] byte-compiling /home/humble_ws/install/attempt_py_moveit/lib/python3.10/site-packages/attempt_py_moveit/trajectory_server.py to trajectory_server.cpython-310.pyc
[1.031s] byte-compiling /home/humble_ws/install/attempt_py_moveit/lib/python3.10/site-packages/attempt_py_moveit/__init__.py to __init__.cpython-310.pyc
[1.031s] running install_data
[1.031s] creating /home/humble_ws/install/attempt_py_moveit/share/ament_index
[1.031s] creating /home/humble_ws/install/attempt_py_moveit/share/ament_index/resource_index
[1.031s] creating /home/humble_ws/install/attempt_py_moveit/share/ament_index/resource_index/packages
[1.031s] copying resource/attempt_py_moveit -> /home/humble_ws/install/attempt_py_moveit/share/ament_index/resource_index/packages
[1.032s] copying package.xml -> /home/humble_ws/install/attempt_py_moveit/share/attempt_py_moveit
[1.032s] creating /home/humble_ws/install/attempt_py_moveit/share/attempt_py_moveit/launch
[1.032s] copying launch/tutorial.launch.py -> /home/humble_ws/install/attempt_py_moveit/share/attempt_py_moveit/launch
[1.032s] creating /home/humble_ws/install/attempt_py_moveit/share/attempt_py_moveit/config
[1.032s] copying config/moveit_py_params.yaml -> /home/humble_ws/install/attempt_py_moveit/share/attempt_py_moveit/config
[1.032s] copying config/rviz_config.rviz -> /home/humble_ws/install/attempt_py_moveit/share/attempt_py_moveit/config
[1.032s] running install_egg_info
[1.034s] Copying ../../build/attempt_py_moveit/attempt_py_moveit.egg-info to /home/humble_ws/install/attempt_py_moveit/lib/python3.10/site-packages/attempt_py_moveit-0.0.0-py3.10.egg-info
[1.035s] running install_scripts
[1.055s] Installing ee_point_server script to /home/humble_ws/install/attempt_py_moveit/lib/attempt_py_moveit
[1.056s] Installing trajectory_server script to /home/humble_ws/install/attempt_py_moveit/lib/attempt_py_moveit
[1.056s] writing list of installed files to '/home/humble_ws/build/attempt_py_moveit/install.log'
[1.081s] Invoked command in '/home/humble_ws/src/attempt_py_moveit' returned '0': PYTHONPATH=/home/humble_ws/build/attempt_py_moveit/prefix_override:/home/humble_ws/install/attempt_py_moveit/lib/python3.10/site-packages:${PYTHONPATH} /usr/bin/python3 -W ignore:setup.py install is deprecated setup.py egg_info --egg-base ../../build/attempt_py_moveit build --build-base /home/humble_ws/build/attempt_py_moveit/build install --record /home/humble_ws/build/attempt_py_moveit/install.log --single-version-externally-managed install_data
