[0.000000] (-) TimerEvent: {}
[0.000072] (gui) JobQueued: {'identifier': 'gui', 'dependencies': OrderedDict()}
[0.000098] (simulator) JobQueued: {'identifier': 'simulator', 'dependencies': OrderedDict()}
[0.000119] (gui) JobStarted: {'identifier': 'gui'}
[0.006700] (simulator) JobStarted: {'identifier': 'simulator'}
[0.099426] (-) TimerEvent: {}
[0.199616] (-) TimerEvent: {}
[0.299790] (-) TimerEvent: {}
[0.399955] (-) TimerEvent: {}
[0.500146] (-) TimerEvent: {}
[0.596371] (simulator) Command: {'cmd': ['/usr/bin/python3', '-W', 'ignore:setup.py install is deprecated', 'setup.py', 'develop', '--editable', '--build-directory', '/ros2_ws/build/simulator/build', '--no-deps', 'symlink_data'], 'cwd': '/ros2_ws/build/simulator', 'env': {'HOSTNAME': 'keenan-Legion-5-15ACH6', 'SHLVL': '1', 'LD_LIBRARY_PATH': '/opt/ros/humble/lib/x86_64-linux-gnu:/opt/ros/humble/lib', 'HOME': '/root', 'ROS_PYTHON_VERSION': '3', 'ROS_DISTRO': 'humble', '_': '/usr/bin/colcon', 'ROS_VERSION': '2', 'ROS_LOCALHOST_ONLY': '0', 'PATH': '/opt/ros/humble/bin:/usr/local/sbin:/usr/local/bin:/usr/sbin:/usr/bin:/sbin:/bin', 'LANG': 'C.UTF-8', 'ROS_DOMAIN_ID': '1', 'AMENT_PREFIX_PATH': '/opt/ros/humble', 'PWD': '/ros2_ws/build/simulator', 'LC_ALL': 'C.UTF-8', 'PYTHONPATH': '/ros2_ws/build/simulator/prefix_override:/usr/lib/python3/dist-packages/colcon_core/task/python/colcon_distutils_commands:/ros2_ws/install/simulator/lib/python3.10/site-packages:/opt/ros/humble/lib/python3.10/site-packages:/opt/ros/humble/local/lib/python3.10/dist-packages', 'COLCON': '1'}, 'shell': False}
[0.600241] (-) TimerEvent: {}
[0.601704] (gui) Command: {'cmd': ['/usr/bin/python3', '-W', 'ignore:setup.py install is deprecated', 'setup.py', 'develop', '--editable', '--build-directory', '/ros2_ws/build/gui/build', '--no-deps', 'symlink_data'], 'cwd': '/ros2_ws/build/gui', 'env': {'HOSTNAME': 'keenan-Legion-5-15ACH6', 'SHLVL': '1', 'LD_LIBRARY_PATH': '/opt/ros/humble/lib/x86_64-linux-gnu:/opt/ros/humble/lib', 'HOME': '/root', 'ROS_PYTHON_VERSION': '3', 'ROS_DISTRO': 'humble', '_': '/usr/bin/colcon', 'ROS_VERSION': '2', 'ROS_LOCALHOST_ONLY': '0', 'PATH': '/opt/ros/humble/bin:/usr/local/sbin:/usr/local/bin:/usr/sbin:/usr/bin:/sbin:/bin', 'LANG': 'C.UTF-8', 'ROS_DOMAIN_ID': '1', 'AMENT_PREFIX_PATH': '/opt/ros/humble', 'PWD': '/ros2_ws/build/gui', 'LC_ALL': 'C.UTF-8', 'PYTHONPATH': '/ros2_ws/build/gui/prefix_override:/usr/lib/python3/dist-packages/colcon_core/task/python/colcon_distutils_commands:/ros2_ws/install/gui/lib/python3.10/site-packages:/opt/ros/humble/lib/python3.10/site-packages:/opt/ros/humble/local/lib/python3.10/dist-packages', 'COLCON': '1'}, 'shell': False}
[0.700359] (-) TimerEvent: {}
[0.773842] (simulator) StdoutLine: {'line': b'running develop\n'}
[0.774113] (gui) StdoutLine: {'line': b'running develop\n'}
[0.800453] (-) TimerEvent: {}
[0.856241] (gui) StdoutLine: {'line': b'running egg_info\n'}
[0.856434] (gui) StdoutLine: {'line': b'writing gui.egg-info/PKG-INFO\n'}
[0.856651] (gui) StdoutLine: {'line': b'writing dependency_links to gui.egg-info/dependency_links.txt\n'}
[0.856741] (gui) StdoutLine: {'line': b'writing entry points to gui.egg-info/entry_points.txt\n'}
[0.856813] (gui) StdoutLine: {'line': b'writing requirements to gui.egg-info/requires.txt\n'}
[0.856962] (gui) StdoutLine: {'line': b'writing top-level names to gui.egg-info/top_level.txt\n'}
[0.857204] (simulator) StdoutLine: {'line': b'running egg_info\n'}
[0.857369] (simulator) StdoutLine: {'line': b'writing simulator.egg-info/PKG-INFO\n'}
[0.857504] (simulator) StdoutLine: {'line': b'writing dependency_links to simulator.egg-info/dependency_links.txt\n'}
[0.857646] (simulator) StdoutLine: {'line': b'writing entry points to simulator.egg-info/entry_points.txt\n'}
[0.857784] (simulator) StdoutLine: {'line': b'writing requirements to simulator.egg-info/requires.txt\n'}
[0.857931] (simulator) StdoutLine: {'line': b'writing top-level names to simulator.egg-info/top_level.txt\n'}
[0.858050] (gui) StdoutLine: {'line': b"reading manifest file 'gui.egg-info/SOURCES.txt'\n"}
[0.858571] (gui) StdoutLine: {'line': b"writing manifest file 'gui.egg-info/SOURCES.txt'\n"}
[0.859203] (simulator) StdoutLine: {'line': b"reading manifest file 'simulator.egg-info/SOURCES.txt'\n"}
[0.859506] (gui) StdoutLine: {'line': b'running build_ext\n'}
[0.859657] (gui) StdoutLine: {'line': b'Creating /ros2_ws/install/gui/lib/python3.10/site-packages/gui.egg-link (link to .)\n'}
[0.859792] (simulator) StdoutLine: {'line': b"writing manifest file 'simulator.egg-info/SOURCES.txt'\n"}
[0.860224] (gui) StdoutLine: {'line': b'Installing nicegui_node script to /ros2_ws/install/gui/lib/gui\n'}
[0.860484] (gui) StdoutLine: {'line': b'\n'}
[0.860543] (gui) StdoutLine: {'line': b'Installed /ros2_ws/build/gui\n'}
[0.860593] (gui) StdoutLine: {'line': b'running symlink_data\n'}
[0.860687] (simulator) StdoutLine: {'line': b'running build_ext\n'}
[0.860817] (simulator) StdoutLine: {'line': b'Creating /ros2_ws/install/simulator/lib/python3.10/site-packages/simulator.egg-link (link to .)\n'}
[0.861378] (simulator) StdoutLine: {'line': b'Installing simulator_node script to /ros2_ws/install/simulator/lib/simulator\n'}
[0.861581] (simulator) StdoutLine: {'line': b'\n'}
[0.861655] (simulator) StdoutLine: {'line': b'Installed /ros2_ws/build/simulator\n'}
[0.861747] (simulator) StdoutLine: {'line': b'running symlink_data\n'}
[0.888864] (simulator) CommandEnded: {'returncode': 0}
[0.898145] (simulator) JobEnded: {'identifier': 'simulator', 'rc': 0}
[0.898561] (gui) CommandEnded: {'returncode': 0}
[0.900715] (-) TimerEvent: {}
[0.903748] (gui) JobEnded: {'identifier': 'gui', 'rc': 0}
[0.904005] (-) EventReactorShutdown: {}
