[0.740s] Invoking command in '/home/humble_ws/build/moveit_interface': CMAKE_PREFIX_PATH=${CMAKE_PREFIX_PATH}:/home/humble_ws/install/antworker_navigation:/home/humble_ws/install/antworker_moveit_bringup:/home/humble_ws/install/antworker_isaacsim_world:/home/humble_ws/install/antworker_description:/opt/ros/humble /usr/bin/cmake --build /home/humble_ws/build/moveit_interface -- -j16 -l16
[0.823s] [100%] Built target hybrid_planning_demo_node
[0.838s] Invoked command in '/home/humble_ws/build/moveit_interface' returned '0': CMAKE_PREFIX_PATH=${CMAKE_PREFIX_PATH}:/home/humble_ws/install/antworker_navigation:/home/humble_ws/install/antworker_moveit_bringup:/home/humble_ws/install/antworker_isaacsim_world:/home/humble_ws/install/antworker_description:/opt/ros/humble /usr/bin/cmake --build /home/humble_ws/build/moveit_interface -- -j16 -l16
[0.895s] Invoking command in '/home/humble_ws/build/moveit_interface': CMAKE_PREFIX_PATH=${CMAKE_PREFIX_PATH}:/home/humble_ws/install/antworker_navigation:/home/humble_ws/install/antworker_moveit_bringup:/home/humble_ws/install/antworker_isaacsim_world:/home/humble_ws/install/antworker_description:/opt/ros/humble /usr/bin/cmake --install /home/humble_ws/build/moveit_interface
[0.907s] -- Install configuration: ""
[0.907s] -- Up-to-date: /home/humble_ws/install/moveit_interface/lib/moveit_interface/hybrid_planning_demo_node
[0.907s] -- Up-to-date: /home/humble_ws/install/moveit_interface/share/ament_index/resource_index/package_run_dependencies/moveit_interface
[0.908s] -- Up-to-date: /home/humble_ws/install/moveit_interface/share/ament_index/resource_index/parent_prefix_path/moveit_interface
[0.908s] -- Up-to-date: /home/humble_ws/install/moveit_interface/share/moveit_interface/environment/ament_prefix_path.sh
[0.908s] -- Up-to-date: /home/humble_ws/install/moveit_interface/share/moveit_interface/environment/ament_prefix_path.dsv
[0.908s] -- Up-to-date: /home/humble_ws/install/moveit_interface/share/moveit_interface/environment/path.sh
[0.908s] -- Up-to-date: /home/humble_ws/install/moveit_interface/share/moveit_interface/environment/path.dsv
[0.908s] -- Up-to-date: /home/humble_ws/install/moveit_interface/share/moveit_interface/local_setup.bash
[0.909s] -- Up-to-date: /home/humble_ws/install/moveit_interface/share/moveit_interface/local_setup.sh
[0.909s] -- Up-to-date: /home/humble_ws/install/moveit_interface/share/moveit_interface/local_setup.zsh
[0.909s] -- Up-to-date: /home/humble_ws/install/moveit_interface/share/moveit_interface/local_setup.dsv
[0.909s] -- Installing: /home/humble_ws/install/moveit_interface/share/moveit_interface/package.dsv
[0.909s] -- Up-to-date: /home/humble_ws/install/moveit_interface/share/ament_index/resource_index/packages/moveit_interface
[0.909s] -- Up-to-date: /home/humble_ws/install/moveit_interface/share/moveit_interface/cmake/moveit_interfaceConfig.cmake
[0.909s] -- Up-to-date: /home/humble_ws/install/moveit_interface/share/moveit_interface/cmake/moveit_interfaceConfig-version.cmake
[0.909s] -- Up-to-date: /home/humble_ws/install/moveit_interface/share/moveit_interface/package.xml
[0.912s] Invoked command in '/home/humble_ws/build/moveit_interface' returned '0': CMAKE_PREFIX_PATH=${CMAKE_PREFIX_PATH}:/home/humble_ws/install/antworker_navigation:/home/humble_ws/install/antworker_moveit_bringup:/home/humble_ws/install/antworker_isaacsim_world:/home/humble_ws/install/antworker_description:/opt/ros/humble /usr/bin/cmake --install /home/humble_ws/build/moveit_interface
