[0.012s] Invoking command in '/home/kortex_ws/build/controller_interface': AMENT_PREFIX_PATH=/home/kortex_ws/install/hardware_interface:/home/kortex_ws/install/control_msgs:${AMENT_PREFIX_PATH} CMAKE_PREFIX_PATH=/home/kortex_ws/install/hardware_interface:/home/kortex_ws/install/control_msgs:/home/kortex_ws/install/serial:/home/kortex_ws/install/kortex_bringup:/home/kortex_ws/install/kinova_gen3_7dof_robotiq_2f_85_moveit_config:/home/kortex_ws/install/kinova_gen3_6dof_robotiq_2f_85_moveit_config:/home/kortex_ws/install/kortex_description:/home/kortex_ws/install/picknik_twist_controller:/home/kortex_ws/install/picknik_reset_fault_controller:/home/kortex_ws/install/kortex_driver:/home/kortex_ws/install/kortex_api:/opt/ros/humble LD_LIBRARY_PATH=/home/kortex_ws/install/hardware_interface/lib:/home/kortex_ws/install/control_msgs/lib:${LD_LIBRARY_PATH} PYTHONPATH=/home/kortex_ws/install/control_msgs/local/lib/python3.10/dist-packages:${PYTHONPATH} /usr/bin/cmake /home/kortex_ws/src/ros2_control/controller_interface -DCMAKE_BUILD_TYPE=Release -DCMAKE_INSTALL_PREFIX=/home/kortex_ws/install/controller_interface
[0.059s] -- The C compiler identification is GNU 11.4.0
[0.106s] -- The CXX compiler identification is GNU 11.4.0
[0.112s] -- Detecting C compiler ABI info
[0.176s] -- Detecting C compiler ABI info - done
[0.182s] -- Check for working C compiler: /usr/bin/cc - skipped
[0.182s] -- Detecting C compile features
[0.182s] -- Detecting C compile features - done
[0.184s] -- Detecting CXX compiler ABI info
[0.256s] -- Detecting CXX compiler ABI info - done
[0.265s] -- Check for working CXX compiler: /usr/bin/c++ - skipped
[0.265s] -- Detecting CXX compile features
[0.266s] -- Detecting CXX compile features - done
[0.271s] -- Found ament_cmake: 1.3.8 (/opt/ros/humble/share/ament_cmake/cmake)
[0.400s] -- Found Python3: /usr/bin/python3 (found version "3.10.12") found components: Interpreter 
[0.492s] -- Found hardware_interface: 2.41.0 (/home/kortex_ws/install/hardware_interface/share/hardware_interface/cmake)
[0.543s] -- Found rosidl_generator_c: 3.1.5 (/opt/ros/humble/share/rosidl_generator_c/cmake)
[0.550s] -- Found rosidl_adapter: 3.1.5 (/opt/ros/humble/share/rosidl_adapter/cmake)
[0.560s] -- Found rosidl_generator_cpp: 3.1.5 (/opt/ros/humble/share/rosidl_generator_cpp/cmake)
[0.575s] -- Using all available rosidl_typesupport_c: rosidl_typesupport_fastrtps_c;rosidl_typesupport_introspection_c
[0.597s] -- Using all available rosidl_typesupport_cpp: rosidl_typesupport_fastrtps_cpp;rosidl_typesupport_introspection_cpp
[1.161s] -- Found rmw_implementation_cmake: 6.1.1 (/opt/ros/humble/share/rmw_implementation_cmake/cmake)
[1.165s] -- Found rmw_cyclonedds_cpp: 1.3.4 (/opt/ros/humble/share/rmw_cyclonedds_cpp/cmake)
[1.196s] -- Using RMW implementation 'rmw_cyclonedds_cpp' as default
[1.209s] -- Looking for pthread.h
[1.275s] -- Looking for pthread.h - found
[1.275s] -- Performing Test CMAKE_HAVE_LIBC_PTHREAD
[1.342s] -- Performing Test CMAKE_HAVE_LIBC_PTHREAD - Success
[1.342s] -- Found Threads: TRUE  
[1.520s] -- Found ament_cmake_gmock: 1.3.8 (/opt/ros/humble/share/ament_cmake_gmock/cmake)
[1.523s] -- Found gmock sources under '/opt/ros/humble/src/gmock_vendor': C++ tests using 'Google Mock' will be built
[1.531s] -- Found ament_cmake_gtest: 1.3.8 (/opt/ros/humble/share/ament_cmake_gtest/cmake)
[1.531s] -- Found gtest sources under '/opt/ros/humble/src/gtest_vendor': C++ tests using 'Google Test' will be built
[1.765s] -- Configuring done
[1.931s] -- Generating done
[1.933s] -- Build files have been written to: /home/kortex_ws/build/controller_interface
[1.946s] Invoked command in '/home/kortex_ws/build/controller_interface' returned '0': AMENT_PREFIX_PATH=/home/kortex_ws/install/hardware_interface:/home/kortex_ws/install/control_msgs:${AMENT_PREFIX_PATH} CMAKE_PREFIX_PATH=/home/kortex_ws/install/hardware_interface:/home/kortex_ws/install/control_msgs:/home/kortex_ws/install/serial:/home/kortex_ws/install/kortex_bringup:/home/kortex_ws/install/kinova_gen3_7dof_robotiq_2f_85_moveit_config:/home/kortex_ws/install/kinova_gen3_6dof_robotiq_2f_85_moveit_config:/home/kortex_ws/install/kortex_description:/home/kortex_ws/install/picknik_twist_controller:/home/kortex_ws/install/picknik_reset_fault_controller:/home/kortex_ws/install/kortex_driver:/home/kortex_ws/install/kortex_api:/opt/ros/humble LD_LIBRARY_PATH=/home/kortex_ws/install/hardware_interface/lib:/home/kortex_ws/install/control_msgs/lib:${LD_LIBRARY_PATH} PYTHONPATH=/home/kortex_ws/install/control_msgs/local/lib/python3.10/dist-packages:${PYTHONPATH} /usr/bin/cmake /home/kortex_ws/src/ros2_control/controller_interface -DCMAKE_BUILD_TYPE=Release -DCMAKE_INSTALL_PREFIX=/home/kortex_ws/install/controller_interface
[1.947s] Invoking command in '/home/kortex_ws/build/controller_interface': AMENT_PREFIX_PATH=/home/kortex_ws/install/hardware_interface:/home/kortex_ws/install/control_msgs:${AMENT_PREFIX_PATH} CMAKE_PREFIX_PATH=/home/kortex_ws/install/hardware_interface:/home/kortex_ws/install/control_msgs:/home/kortex_ws/install/serial:/home/kortex_ws/install/kortex_bringup:/home/kortex_ws/install/kinova_gen3_7dof_robotiq_2f_85_moveit_config:/home/kortex_ws/install/kinova_gen3_6dof_robotiq_2f_85_moveit_config:/home/kortex_ws/install/kortex_description:/home/kortex_ws/install/picknik_twist_controller:/home/kortex_ws/install/picknik_reset_fault_controller:/home/kortex_ws/install/kortex_driver:/home/kortex_ws/install/kortex_api:/opt/ros/humble LD_LIBRARY_PATH=/home/kortex_ws/install/hardware_interface/lib:/home/kortex_ws/install/control_msgs/lib:${LD_LIBRARY_PATH} PYTHONPATH=/home/kortex_ws/install/control_msgs/local/lib/python3.10/dist-packages:${PYTHONPATH} /usr/bin/cmake --build /home/kortex_ws/build/controller_interface -- -j16 -l16
[2.010s] [  9%] [32mBuilding CXX object CMakeFiles/controller_interface.dir/src/chainable_controller_interface.cpp.o[0m
[2.011s] [  9%] [32mBuilding CXX object CMakeFiles/controller_interface.dir/src/controller_interface.cpp.o[0m
[2.012s] [ 14%] [32mBuilding CXX object CMakeFiles/controller_interface.dir/src/controller_interface_base.cpp.o[0m
[2.012s] [ 19%] [32mBuilding CXX object gmock/CMakeFiles/gmock_main.dir/src/gmock_main.cc.o[0m
[2.019s] [ 28%] [32mBuilding CXX object gmock/CMakeFiles/gmock.dir/src/gmock-all.cc.o[0m
[2.019s] [ 28%] [32mBuilding CXX object gmock/CMakeFiles/gmock.dir/opt/ros/humble/src/gtest_vendor/src/gtest-all.cc.o[0m
[4.155s] [ 33%] [32m[1mLinking CXX static library libgmock_main.a[0m
[4.397s] [ 33%] Built target gmock_main
[7.401s] [ 38%] [32m[1mLinking CXX shared library libcontroller_interface.so[0m
[7.564s] [ 38%] Built target controller_interface
[10.847s] [ 42%] [32m[1mLinking CXX static library libgmock.a[0m
[10.935s] [ 42%] Built target gmock
[10.968s] [ 47%] [32mBuilding CXX object CMakeFiles/test_controller_interface.dir/test/test_controller_interface.cpp.o[0m
[10.969s] [ 52%] [32mBuilding CXX object CMakeFiles/test_chainable_controller_interface.dir/test/test_chainable_controller_interface.cpp.o[0m
[10.969s] [ 61%] [32mBuilding CXX object CMakeFiles/test_imu_sensor.dir/test/test_imu_sensor.cpp.o[0m
[10.969s] [ 61%] [32mBuilding CXX object CMakeFiles/test_force_torque_sensor.dir/test/test_force_torque_sensor.cpp.o[0m
[10.970s] [ 66%] [32mBuilding CXX object CMakeFiles/test_controller_with_options.dir/test/test_controller_with_options.cpp.o[0m
[10.970s] [ 71%] [32mBuilding CXX object CMakeFiles/test_semantic_component_interface.dir/test/test_semantic_component_interface.cpp.o[0m
[15.067s] [ 76%] [32m[1mLinking CXX executable test_semantic_component_interface[0m
[15.446s] [ 76%] Built target test_semantic_component_interface
[15.872s] [ 80%] [32m[1mLinking CXX executable test_force_torque_sensor[0m
[15.907s] [ 85%] [32m[1mLinking CXX executable test_imu_sensor[0m
[16.349s] [ 85%] Built target test_force_torque_sensor
[16.350s] [ 85%] Built target test_imu_sensor
[17.743s] [ 90%] [32m[1mLinking CXX executable test_controller_with_options[0m
[17.949s] [ 90%] Built target test_controller_with_options
[18.487s] [ 95%] [32m[1mLinking CXX executable test_controller_interface[0m
[18.672s] [ 95%] Built target test_controller_interface
[18.931s] [100%] [32m[1mLinking CXX executable test_chainable_controller_interface[0m
[19.107s] [100%] Built target test_chainable_controller_interface
[19.122s] Invoked command in '/home/kortex_ws/build/controller_interface' returned '0': AMENT_PREFIX_PATH=/home/kortex_ws/install/hardware_interface:/home/kortex_ws/install/control_msgs:${AMENT_PREFIX_PATH} CMAKE_PREFIX_PATH=/home/kortex_ws/install/hardware_interface:/home/kortex_ws/install/control_msgs:/home/kortex_ws/install/serial:/home/kortex_ws/install/kortex_bringup:/home/kortex_ws/install/kinova_gen3_7dof_robotiq_2f_85_moveit_config:/home/kortex_ws/install/kinova_gen3_6dof_robotiq_2f_85_moveit_config:/home/kortex_ws/install/kortex_description:/home/kortex_ws/install/picknik_twist_controller:/home/kortex_ws/install/picknik_reset_fault_controller:/home/kortex_ws/install/kortex_driver:/home/kortex_ws/install/kortex_api:/opt/ros/humble LD_LIBRARY_PATH=/home/kortex_ws/install/hardware_interface/lib:/home/kortex_ws/install/control_msgs/lib:${LD_LIBRARY_PATH} PYTHONPATH=/home/kortex_ws/install/control_msgs/local/lib/python3.10/dist-packages:${PYTHONPATH} /usr/bin/cmake --build /home/kortex_ws/build/controller_interface -- -j16 -l16
[19.188s] Invoking command in '/home/kortex_ws/build/controller_interface': AMENT_PREFIX_PATH=/home/kortex_ws/install/hardware_interface:/home/kortex_ws/install/control_msgs:${AMENT_PREFIX_PATH} CMAKE_PREFIX_PATH=/home/kortex_ws/install/hardware_interface:/home/kortex_ws/install/control_msgs:/home/kortex_ws/install/serial:/home/kortex_ws/install/kortex_bringup:/home/kortex_ws/install/kinova_gen3_7dof_robotiq_2f_85_moveit_config:/home/kortex_ws/install/kinova_gen3_6dof_robotiq_2f_85_moveit_config:/home/kortex_ws/install/kortex_description:/home/kortex_ws/install/picknik_twist_controller:/home/kortex_ws/install/picknik_reset_fault_controller:/home/kortex_ws/install/kortex_driver:/home/kortex_ws/install/kortex_api:/opt/ros/humble LD_LIBRARY_PATH=/home/kortex_ws/install/hardware_interface/lib:/home/kortex_ws/install/control_msgs/lib:${LD_LIBRARY_PATH} PYTHONPATH=/home/kortex_ws/install/control_msgs/local/lib/python3.10/dist-packages:${PYTHONPATH} /usr/bin/cmake --install /home/kortex_ws/build/controller_interface
[19.197s] -- Install configuration: "Release"
[19.197s] -- Installing: /home/kortex_ws/install/controller_interface/include
[19.197s] -- Installing: /home/kortex_ws/install/controller_interface/include/semantic_components
[19.197s] -- Installing: /home/kortex_ws/install/controller_interface/include/semantic_components/semantic_component_interface.hpp
[19.197s] -- Installing: /home/kortex_ws/install/controller_interface/include/semantic_components/range_sensor.hpp
[19.197s] -- Installing: /home/kortex_ws/install/controller_interface/include/semantic_components/force_torque_sensor.hpp
[19.198s] -- Installing: /home/kortex_ws/install/controller_interface/include/semantic_components/imu_sensor.hpp
[19.198s] -- Installing: /home/kortex_ws/install/controller_interface/include/controller_interface
[19.198s] -- Installing: /home/kortex_ws/install/controller_interface/include/controller_interface/controller_interface_base.hpp
[19.198s] -- Installing: /home/kortex_ws/install/controller_interface/include/controller_interface/controller_interface.hpp
[19.198s] -- Installing: /home/kortex_ws/install/controller_interface/include/controller_interface/visibility_control.h
[19.198s] -- Installing: /home/kortex_ws/install/controller_interface/include/controller_interface/chainable_controller_interface.hpp
[19.198s] -- Installing: /home/kortex_ws/install/controller_interface/include/controller_interface/helpers.hpp
[19.198s] -- Installing: /home/kortex_ws/install/controller_interface/lib/libcontroller_interface.so
[19.199s] -- Set runtime path of "/home/kortex_ws/install/controller_interface/lib/libcontroller_interface.so" to ""
[19.199s] -- Installing: /home/kortex_ws/install/controller_interface/share/controller_interface/environment/library_path.sh
[19.199s] -- Installing: /home/kortex_ws/install/controller_interface/share/controller_interface/environment/library_path.dsv
[19.200s] -- Installing: /home/kortex_ws/install/controller_interface/share/ament_index/resource_index/package_run_dependencies/controller_interface
[19.200s] -- Installing: /home/kortex_ws/install/controller_interface/share/ament_index/resource_index/parent_prefix_path/controller_interface
[19.200s] -- Installing: /home/kortex_ws/install/controller_interface/share/controller_interface/environment/ament_prefix_path.sh
[19.200s] -- Installing: /home/kortex_ws/install/controller_interface/share/controller_interface/environment/ament_prefix_path.dsv
[19.200s] -- Installing: /home/kortex_ws/install/controller_interface/share/controller_interface/environment/path.sh
[19.200s] -- Installing: /home/kortex_ws/install/controller_interface/share/controller_interface/environment/path.dsv
[19.201s] -- Installing: /home/kortex_ws/install/controller_interface/share/controller_interface/local_setup.bash
[19.201s] -- Installing: /home/kortex_ws/install/controller_interface/share/controller_interface/local_setup.sh
[19.201s] -- Installing: /home/kortex_ws/install/controller_interface/share/controller_interface/local_setup.zsh
[19.201s] -- Installing: /home/kortex_ws/install/controller_interface/share/controller_interface/local_setup.dsv
[19.201s] -- Installing: /home/kortex_ws/install/controller_interface/share/controller_interface/package.dsv
[19.201s] -- Installing: /home/kortex_ws/install/controller_interface/share/ament_index/resource_index/packages/controller_interface
[19.202s] -- Installing: /home/kortex_ws/install/controller_interface/share/controller_interface/cmake/ament_cmake_export_dependencies-extras.cmake
[19.202s] -- Installing: /home/kortex_ws/install/controller_interface/share/controller_interface/cmake/ament_cmake_export_include_directories-extras.cmake
[19.202s] -- Installing: /home/kortex_ws/install/controller_interface/share/controller_interface/cmake/ament_cmake_export_libraries-extras.cmake
[19.202s] -- Installing: /home/kortex_ws/install/controller_interface/share/controller_interface/cmake/controller_interfaceConfig.cmake
[19.202s] -- Installing: /home/kortex_ws/install/controller_interface/share/controller_interface/cmake/controller_interfaceConfig-version.cmake
[19.202s] -- Installing: /home/kortex_ws/install/controller_interface/share/controller_interface/package.xml
[19.205s] Invoked command in '/home/kortex_ws/build/controller_interface' returned '0': AMENT_PREFIX_PATH=/home/kortex_ws/install/hardware_interface:/home/kortex_ws/install/control_msgs:${AMENT_PREFIX_PATH} CMAKE_PREFIX_PATH=/home/kortex_ws/install/hardware_interface:/home/kortex_ws/install/control_msgs:/home/kortex_ws/install/serial:/home/kortex_ws/install/kortex_bringup:/home/kortex_ws/install/kinova_gen3_7dof_robotiq_2f_85_moveit_config:/home/kortex_ws/install/kinova_gen3_6dof_robotiq_2f_85_moveit_config:/home/kortex_ws/install/kortex_description:/home/kortex_ws/install/picknik_twist_controller:/home/kortex_ws/install/picknik_reset_fault_controller:/home/kortex_ws/install/kortex_driver:/home/kortex_ws/install/kortex_api:/opt/ros/humble LD_LIBRARY_PATH=/home/kortex_ws/install/hardware_interface/lib:/home/kortex_ws/install/control_msgs/lib:${LD_LIBRARY_PATH} PYTHONPATH=/home/kortex_ws/install/control_msgs/local/lib/python3.10/dist-packages:${PYTHONPATH} /usr/bin/cmake --install /home/kortex_ws/build/controller_interface
