[0.008s] Invoking command in '/home/kortex_ws/build/joint_limits': CMAKE_PREFIX_PATH=${CMAKE_PREFIX_PATH}:/home/kortex_ws/install/rqt_joint_trajectory_controller:/home/kortex_ws/install/rqt_controller_manager:/home/kortex_ws/install/ros2controlcli:/home/kortex_ws/install/ros2_controllers_test_nodes:/opt/ros/humble /usr/bin/cmake /home/kortex_ws/src/ros2_control/joint_limits -DCMAKE_BUILD_TYPE=Release -DCMAKE_INSTALL_PREFIX=/home/kortex_ws/install/joint_limits
[0.064s] -- The C compiler identification is GNU 11.4.0
[0.113s] -- The CXX compiler identification is GNU 11.4.0
[0.120s] -- Detecting C compiler ABI info
[0.190s] -- Detecting C compiler ABI info - done
[0.195s] -- Check for working C compiler: /usr/bin/cc - skipped
[0.195s] -- Detecting C compile features
[0.196s] -- Detecting C compile features - done
[0.198s] -- Detecting CXX compiler ABI info
[0.275s] -- Detecting CXX compiler ABI info - done
[0.280s] -- Check for working CXX compiler: /usr/bin/c++ - skipped
[0.281s] -- Detecting CXX compile features
[0.281s] -- Detecting CXX compile features - done
[0.285s] -- Found ament_cmake: 1.3.8 (/opt/ros/humble/share/ament_cmake/cmake)
[0.408s] -- Found Python3: /usr/bin/python3 (found version "3.10.12") found components: Interpreter 
[0.505s] -- Found rclcpp: 16.0.8 (/opt/ros/humble/share/rclcpp/cmake)
[0.559s] -- Found rosidl_generator_c: 3.1.5 (/opt/ros/humble/share/rosidl_generator_c/cmake)
[0.566s] -- Found rosidl_adapter: 3.1.5 (/opt/ros/humble/share/rosidl_adapter/cmake)
[0.575s] -- Found rosidl_generator_cpp: 3.1.5 (/opt/ros/humble/share/rosidl_generator_cpp/cmake)
[0.590s] -- Using all available rosidl_typesupport_c: rosidl_typesupport_fastrtps_c;rosidl_typesupport_introspection_c
[0.610s] -- Using all available rosidl_typesupport_cpp: rosidl_typesupport_fastrtps_cpp;rosidl_typesupport_introspection_cpp
[0.691s] -- Found rmw_implementation_cmake: 6.1.1 (/opt/ros/humble/share/rmw_implementation_cmake/cmake)
[0.697s] -- Found rmw_cyclonedds_cpp: 1.3.4 (/opt/ros/humble/share/rmw_cyclonedds_cpp/cmake)
[0.734s] -- Using RMW implementation 'rmw_cyclonedds_cpp' as default
[0.749s] -- Looking for pthread.h
[0.824s] -- Looking for pthread.h - found
[0.824s] -- Performing Test CMAKE_HAVE_LIBC_PTHREAD
[0.899s] -- Performing Test CMAKE_HAVE_LIBC_PTHREAD - Success
[0.899s] -- Found Threads: TRUE  
[1.027s] -- Found rclcpp_lifecycle: 16.0.8 (/opt/ros/humble/share/rclcpp_lifecycle/cmake)
[1.065s] -- Found ament_cmake_gtest: 1.3.8 (/opt/ros/humble/share/ament_cmake_gtest/cmake)
[1.068s] -- Found launch_testing_ament_cmake: 1.0.5 (/opt/ros/humble/share/launch_testing_ament_cmake/cmake)
[1.071s] -- Found python_cmake_module: 0.10.0 (/opt/ros/humble/share/python_cmake_module/cmake)
[1.089s] -- Found PythonInterp: /usr/bin/python3 (found suitable version "3.10.12", minimum required is "3.6") 
[1.095s] -- Found PythonLibs: /usr/lib/x86_64-linux-gnu/libpython3.10.so (found suitable version "3.10.12", minimum required is "3.5") 
[1.095s] -- Using PYTHON_EXECUTABLE: /usr/bin/python3
[1.095s] -- Using PYTHON_INCLUDE_DIRS: /usr/include/python3.10
[1.095s] -- Using PYTHON_LIBRARIES: /usr/lib/x86_64-linux-gnu/libpython3.10.so
[1.112s] -- Found PythonExtra: .so  
[1.116s] -- Found gtest sources under '/opt/ros/humble/src/gtest_vendor': C++ tests using 'Google Test' will be built
[1.171s] -- Configuring done
[1.181s] -- Generating done
[1.183s] -- Build files have been written to: /home/kortex_ws/build/joint_limits
[1.189s] Invoked command in '/home/kortex_ws/build/joint_limits' returned '0': CMAKE_PREFIX_PATH=${CMAKE_PREFIX_PATH}:/home/kortex_ws/install/rqt_joint_trajectory_controller:/home/kortex_ws/install/rqt_controller_manager:/home/kortex_ws/install/ros2controlcli:/home/kortex_ws/install/ros2_controllers_test_nodes:/opt/ros/humble /usr/bin/cmake /home/kortex_ws/src/ros2_control/joint_limits -DCMAKE_BUILD_TYPE=Release -DCMAKE_INSTALL_PREFIX=/home/kortex_ws/install/joint_limits
[1.191s] Invoking command in '/home/kortex_ws/build/joint_limits': CMAKE_PREFIX_PATH=${CMAKE_PREFIX_PATH}:/home/kortex_ws/install/rqt_joint_trajectory_controller:/home/kortex_ws/install/rqt_controller_manager:/home/kortex_ws/install/ros2controlcli:/home/kortex_ws/install/ros2_controllers_test_nodes:/opt/ros/humble /usr/bin/cmake --build /home/kortex_ws/build/joint_limits -- -j16 -l16
[1.245s] [ 33%] [32mBuilding CXX object gtest/CMakeFiles/gtest.dir/src/gtest-all.cc.o[0m
[1.245s] [ 33%] [32mBuilding CXX object gtest/CMakeFiles/gtest_main.dir/src/gtest_main.cc.o[0m
[1.703s] [ 50%] [32m[1mLinking CXX static library libgtest_main.a[0m
[1.829s] [ 50%] Built target gtest_main
[6.303s] [ 66%] [32m[1mLinking CXX static library libgtest.a[0m
[6.379s] [ 66%] Built target gtest
[6.402s] [ 83%] [32mBuilding CXX object CMakeFiles/joint_limits_rosparam_test.dir/test/joint_limits_rosparam_test.cpp.o[0m
[11.789s] [100%] [32m[1mLinking CXX executable joint_limits_rosparam_test[0m
[11.914s] [100%] Built target joint_limits_rosparam_test
[11.926s] Invoked command in '/home/kortex_ws/build/joint_limits' returned '0': CMAKE_PREFIX_PATH=${CMAKE_PREFIX_PATH}:/home/kortex_ws/install/rqt_joint_trajectory_controller:/home/kortex_ws/install/rqt_controller_manager:/home/kortex_ws/install/ros2controlcli:/home/kortex_ws/install/ros2_controllers_test_nodes:/opt/ros/humble /usr/bin/cmake --build /home/kortex_ws/build/joint_limits -- -j16 -l16
[11.975s] Invoking command in '/home/kortex_ws/build/joint_limits': CMAKE_PREFIX_PATH=${CMAKE_PREFIX_PATH}:/home/kortex_ws/install/rqt_joint_trajectory_controller:/home/kortex_ws/install/rqt_controller_manager:/home/kortex_ws/install/ros2controlcli:/home/kortex_ws/install/ros2_controllers_test_nodes:/opt/ros/humble /usr/bin/cmake --install /home/kortex_ws/build/joint_limits
[11.983s] -- Install configuration: "Release"
[11.983s] -- Installing: /home/kortex_ws/install/joint_limits/include
[11.984s] -- Installing: /home/kortex_ws/install/joint_limits/include/joint_limits
[11.984s] -- Installing: /home/kortex_ws/install/joint_limits/include/joint_limits/joint_limits_rosparam.hpp
[11.984s] -- Installing: /home/kortex_ws/install/joint_limits/include/joint_limits/joint_limits.hpp
[11.984s] -- Installing: /home/kortex_ws/install/joint_limits/lib/joint_limits/joint_limits_rosparam_test
[11.985s] -- Set runtime path of "/home/kortex_ws/install/joint_limits/lib/joint_limits/joint_limits_rosparam_test" to ""
[11.985s] -- Installing: /home/kortex_ws/install/joint_limits/share/joint_limits/test/joint_limits_rosparam.yaml
[11.985s] -- Installing: /home/kortex_ws/install/joint_limits/share/ament_index/resource_index/package_run_dependencies/joint_limits
[11.986s] -- Installing: /home/kortex_ws/install/joint_limits/share/ament_index/resource_index/parent_prefix_path/joint_limits
[11.986s] -- Installing: /home/kortex_ws/install/joint_limits/share/joint_limits/environment/ament_prefix_path.sh
[11.986s] -- Installing: /home/kortex_ws/install/joint_limits/share/joint_limits/environment/ament_prefix_path.dsv
[11.986s] -- Installing: /home/kortex_ws/install/joint_limits/share/joint_limits/environment/path.sh
[11.986s] -- Installing: /home/kortex_ws/install/joint_limits/share/joint_limits/environment/path.dsv
[11.986s] -- Installing: /home/kortex_ws/install/joint_limits/share/joint_limits/local_setup.bash
[11.986s] -- Installing: /home/kortex_ws/install/joint_limits/share/joint_limits/local_setup.sh
[11.987s] -- Installing: /home/kortex_ws/install/joint_limits/share/joint_limits/local_setup.zsh
[11.987s] -- Installing: /home/kortex_ws/install/joint_limits/share/joint_limits/local_setup.dsv
[11.987s] -- Installing: /home/kortex_ws/install/joint_limits/share/joint_limits/package.dsv
[11.987s] -- Installing: /home/kortex_ws/install/joint_limits/share/ament_index/resource_index/packages/joint_limits
[11.987s] -- Installing: /home/kortex_ws/install/joint_limits/share/joint_limits/cmake/ament_cmake_export_dependencies-extras.cmake
[11.987s] -- Installing: /home/kortex_ws/install/joint_limits/share/joint_limits/cmake/ament_cmake_export_include_directories-extras.cmake
[11.987s] -- Installing: /home/kortex_ws/install/joint_limits/share/joint_limits/cmake/joint_limitsConfig.cmake
[11.988s] -- Installing: /home/kortex_ws/install/joint_limits/share/joint_limits/cmake/joint_limitsConfig-version.cmake
[11.988s] -- Installing: /home/kortex_ws/install/joint_limits/share/joint_limits/package.xml
[11.990s] Invoked command in '/home/kortex_ws/build/joint_limits' returned '0': CMAKE_PREFIX_PATH=${CMAKE_PREFIX_PATH}:/home/kortex_ws/install/rqt_joint_trajectory_controller:/home/kortex_ws/install/rqt_controller_manager:/home/kortex_ws/install/ros2controlcli:/home/kortex_ws/install/ros2_controllers_test_nodes:/opt/ros/humble /usr/bin/cmake --install /home/kortex_ws/build/joint_limits
